<?xml version="1.0" encoding="UTF-8"?>
<testsuites name="jest tests" tests="1815" failures="843" errors="0" time="14.66">
  <testsuite name="scss/components/inline-loading" errors="0" failures="1" skipped="0" timestamp="2025-04-09T19:39:51" time="1.109" tests="1">
    <testcase classname="scss/components/inline-loading Public API" name="scss/components/inline-loading Public API" time="0.107">
      <failure>Error: Can&apos;t find stylesheet to import.
  ╷
8 │ @forward &apos;generated/themes&apos;;
  │ ^^^^^^^^^^^^^^^^^^^^^^^^^^^
  ╵
  node_modules/@carbon/themes/scss/compat/_themes.scss 8:1                 @use
  packages/styles/scss/compat/_themes.scss 9:1                             @use
  packages/styles/scss/theme/_theme.scss 12:1                              @use
  packages/styles/scss/layer/_layer-sets.scss 9:1                          @forward
  packages/styles/scss/_layer.scss 8:1                                     @use
  packages/styles/scss/components/loading/_loading.scss 12:1               @forward
  packages/styles/scss/components/loading/_index.scss 8:1                  @use
  packages/styles/scss/components/inline-loading/_inline-loading.scss 9:1  @forward
  packages/styles/scss/components/inline-loading/_index.scss 8:1           @use
  stdin 4:7                                                                root stylesheet
    at Object.wrapException (/Users/chrisvelgersdyk/Desktop/carbon-coverall/carbon-coverall-poc/node_modules/sass/sass.dart.js:2161:43)
    at _EvaluateVisitor1._evaluate0$_loadStylesheet$4$baseUrl$forImport (/Users/chrisvelgersdyk/Desktop/carbon-coverall/carbon-coverall-poc/node_modules/sass/sass.dart.js:95086:19)
    at _EvaluateVisitor1._evaluate0$_loadStylesheet$3$baseUrl (/Users/chrisvelgersdyk/Desktop/carbon-coverall/carbon-coverall-poc/node_modules/sass/sass.dart.js:95112:19)
    at _EvaluateVisitor__loadModule_closure4.call$0 (/Users/chrisvelgersdyk/Desktop/carbon-coverall/carbon-coverall-poc/node_modules/sass/sass.dart.js:97026:19)
    at _EvaluateVisitor1._evaluate0$_withStackFrame$1$3 (/Users/chrisvelgersdyk/Desktop/carbon-coverall/carbon-coverall-poc/node_modules/sass/sass.dart.js:96565:25)
    at _EvaluateVisitor1._evaluate0$_withStackFrame$3 (/Users/chrisvelgersdyk/Desktop/carbon-coverall/carbon-coverall-poc/node_modules/sass/sass.dart.js:96571:19)
    at _EvaluateVisitor1._evaluate0$_loadModule$7$baseUrl$configuration$namesInErrors (/Users/chrisvelgersdyk/Desktop/carbon-coverall/carbon-coverall-poc/node_modules/sass/sass.dart.js:94481:13)
    at _EvaluateVisitor1._evaluate0$_loadModule$4 (/Users/chrisvelgersdyk/Desktop/carbon-coverall/carbon-coverall-poc/node_modules/sass/sass.dart.js:94487:19)
    at _EvaluateVisitor1.visitForwardRule$1 (/Users/chrisvelgersdyk/Desktop/carbon-coverall/carbon-coverall-poc/node_modules/sass/sass.dart.js:94899:15)
    at ForwardRule0.accept$1$1 (/Users/chrisvelgersdyk/Desktop/carbon-coverall/carbon-coverall-poc/node_modules/sass/sass.dart.js:99949:22)</failure>
    </testcase>
  </testsuite>
  <testsuite name="scss/layout.scss" errors="0" failures="31" skipped="0" timestamp="2025-04-09T19:39:52" time="0.553" tests="31">
    <testcase classname="scss/layout.scss should export spacing step `0`" name="scss/layout.scss should export spacing step `0`" time="0.025">
      <failure>Error: Can&apos;t find stylesheet to import.
  ╷
8 │ @forward &apos;./generated/fluid-spacing&apos;;
  │ ^^^^^^^^^^^^^^^^^^^^^^^^^^^^^^^^^^^^
  ╵
  packages/layout/scss/_spacing.scss 8:1  @forward
  packages/layout/index.scss 9:1          @use
  stdin 5:9                               root stylesheet
    at Object.wrapException (/Users/chrisvelgersdyk/Desktop/carbon-coverall/carbon-coverall-poc/node_modules/sass/sass.dart.js:2161:43)
    at _EvaluateVisitor1._evaluate0$_loadStylesheet$4$baseUrl$forImport (/Users/chrisvelgersdyk/Desktop/carbon-coverall/carbon-coverall-poc/node_modules/sass/sass.dart.js:95086:19)
    at _EvaluateVisitor1._evaluate0$_loadStylesheet$3$baseUrl (/Users/chrisvelgersdyk/Desktop/carbon-coverall/carbon-coverall-poc/node_modules/sass/sass.dart.js:95112:19)
    at _EvaluateVisitor__loadModule_closure4.call$0 (/Users/chrisvelgersdyk/Desktop/carbon-coverall/carbon-coverall-poc/node_modules/sass/sass.dart.js:97026:19)
    at _EvaluateVisitor1._evaluate0$_withStackFrame$1$3 (/Users/chrisvelgersdyk/Desktop/carbon-coverall/carbon-coverall-poc/node_modules/sass/sass.dart.js:96565:25)
    at _EvaluateVisitor1._evaluate0$_withStackFrame$3 (/Users/chrisvelgersdyk/Desktop/carbon-coverall/carbon-coverall-poc/node_modules/sass/sass.dart.js:96571:19)
    at _EvaluateVisitor1._evaluate0$_loadModule$7$baseUrl$configuration$namesInErrors (/Users/chrisvelgersdyk/Desktop/carbon-coverall/carbon-coverall-poc/node_modules/sass/sass.dart.js:94481:13)
    at _EvaluateVisitor1._evaluate0$_loadModule$4 (/Users/chrisvelgersdyk/Desktop/carbon-coverall/carbon-coverall-poc/node_modules/sass/sass.dart.js:94487:19)
    at _EvaluateVisitor1.visitForwardRule$1 (/Users/chrisvelgersdyk/Desktop/carbon-coverall/carbon-coverall-poc/node_modules/sass/sass.dart.js:94899:15)
    at ForwardRule0.accept$1$1 (/Users/chrisvelgersdyk/Desktop/carbon-coverall/carbon-coverall-poc/node_modules/sass/sass.dart.js:99949:22)</failure>
    </testcase>
    <testcase classname="scss/layout.scss should export spacing step `1`" name="scss/layout.scss should export spacing step `1`" time="0.009">
      <failure>Error: Can&apos;t find stylesheet to import.
  ╷
8 │ @forward &apos;./generated/fluid-spacing&apos;;
  │ ^^^^^^^^^^^^^^^^^^^^^^^^^^^^^^^^^^^^
  ╵
  packages/layout/scss/_spacing.scss 8:1  @forward
  packages/layout/index.scss 9:1          @use
  stdin 5:9                               root stylesheet
    at Object.wrapException (/Users/chrisvelgersdyk/Desktop/carbon-coverall/carbon-coverall-poc/node_modules/sass/sass.dart.js:2161:43)
    at _EvaluateVisitor1._evaluate0$_loadStylesheet$4$baseUrl$forImport (/Users/chrisvelgersdyk/Desktop/carbon-coverall/carbon-coverall-poc/node_modules/sass/sass.dart.js:95086:19)
    at _EvaluateVisitor1._evaluate0$_loadStylesheet$3$baseUrl (/Users/chrisvelgersdyk/Desktop/carbon-coverall/carbon-coverall-poc/node_modules/sass/sass.dart.js:95112:19)
    at _EvaluateVisitor__loadModule_closure4.call$0 (/Users/chrisvelgersdyk/Desktop/carbon-coverall/carbon-coverall-poc/node_modules/sass/sass.dart.js:97026:19)
    at _EvaluateVisitor1._evaluate0$_withStackFrame$1$3 (/Users/chrisvelgersdyk/Desktop/carbon-coverall/carbon-coverall-poc/node_modules/sass/sass.dart.js:96565:25)
    at _EvaluateVisitor1._evaluate0$_withStackFrame$3 (/Users/chrisvelgersdyk/Desktop/carbon-coverall/carbon-coverall-poc/node_modules/sass/sass.dart.js:96571:19)
    at _EvaluateVisitor1._evaluate0$_loadModule$7$baseUrl$configuration$namesInErrors (/Users/chrisvelgersdyk/Desktop/carbon-coverall/carbon-coverall-poc/node_modules/sass/sass.dart.js:94481:13)
    at _EvaluateVisitor1._evaluate0$_loadModule$4 (/Users/chrisvelgersdyk/Desktop/carbon-coverall/carbon-coverall-poc/node_modules/sass/sass.dart.js:94487:19)
    at _EvaluateVisitor1.visitForwardRule$1 (/Users/chrisvelgersdyk/Desktop/carbon-coverall/carbon-coverall-poc/node_modules/sass/sass.dart.js:94899:15)
    at ForwardRule0.accept$1$1 (/Users/chrisvelgersdyk/Desktop/carbon-coverall/carbon-coverall-poc/node_modules/sass/sass.dart.js:99949:22)</failure>
    </testcase>
    <testcase classname="scss/layout.scss should export spacing step `2`" name="scss/layout.scss should export spacing step `2`" time="0.009">
      <failure>Error: Can&apos;t find stylesheet to import.
  ╷
8 │ @forward &apos;./generated/fluid-spacing&apos;;
  │ ^^^^^^^^^^^^^^^^^^^^^^^^^^^^^^^^^^^^
  ╵
  packages/layout/scss/_spacing.scss 8:1  @forward
  packages/layout/index.scss 9:1          @use
  stdin 5:9                               root stylesheet
    at Object.wrapException (/Users/chrisvelgersdyk/Desktop/carbon-coverall/carbon-coverall-poc/node_modules/sass/sass.dart.js:2161:43)
    at _EvaluateVisitor1._evaluate0$_loadStylesheet$4$baseUrl$forImport (/Users/chrisvelgersdyk/Desktop/carbon-coverall/carbon-coverall-poc/node_modules/sass/sass.dart.js:95086:19)
    at _EvaluateVisitor1._evaluate0$_loadStylesheet$3$baseUrl (/Users/chrisvelgersdyk/Desktop/carbon-coverall/carbon-coverall-poc/node_modules/sass/sass.dart.js:95112:19)
    at _EvaluateVisitor__loadModule_closure4.call$0 (/Users/chrisvelgersdyk/Desktop/carbon-coverall/carbon-coverall-poc/node_modules/sass/sass.dart.js:97026:19)
    at _EvaluateVisitor1._evaluate0$_withStackFrame$1$3 (/Users/chrisvelgersdyk/Desktop/carbon-coverall/carbon-coverall-poc/node_modules/sass/sass.dart.js:96565:25)
    at _EvaluateVisitor1._evaluate0$_withStackFrame$3 (/Users/chrisvelgersdyk/Desktop/carbon-coverall/carbon-coverall-poc/node_modules/sass/sass.dart.js:96571:19)
    at _EvaluateVisitor1._evaluate0$_loadModule$7$baseUrl$configuration$namesInErrors (/Users/chrisvelgersdyk/Desktop/carbon-coverall/carbon-coverall-poc/node_modules/sass/sass.dart.js:94481:13)
    at _EvaluateVisitor1._evaluate0$_loadModule$4 (/Users/chrisvelgersdyk/Desktop/carbon-coverall/carbon-coverall-poc/node_modules/sass/sass.dart.js:94487:19)
    at _EvaluateVisitor1.visitForwardRule$1 (/Users/chrisvelgersdyk/Desktop/carbon-coverall/carbon-coverall-poc/node_modules/sass/sass.dart.js:94899:15)
    at ForwardRule0.accept$1$1 (/Users/chrisvelgersdyk/Desktop/carbon-coverall/carbon-coverall-poc/node_modules/sass/sass.dart.js:99949:22)</failure>
    </testcase>
    <testcase classname="scss/layout.scss should export spacing step `3`" name="scss/layout.scss should export spacing step `3`" time="0.012">
      <failure>Error: Can&apos;t find stylesheet to import.
  ╷
8 │ @forward &apos;./generated/fluid-spacing&apos;;
  │ ^^^^^^^^^^^^^^^^^^^^^^^^^^^^^^^^^^^^
  ╵
  packages/layout/scss/_spacing.scss 8:1  @forward
  packages/layout/index.scss 9:1          @use
  stdin 5:9                               root stylesheet
    at Object.wrapException (/Users/chrisvelgersdyk/Desktop/carbon-coverall/carbon-coverall-poc/node_modules/sass/sass.dart.js:2161:43)
    at _EvaluateVisitor1._evaluate0$_loadStylesheet$4$baseUrl$forImport (/Users/chrisvelgersdyk/Desktop/carbon-coverall/carbon-coverall-poc/node_modules/sass/sass.dart.js:95086:19)
    at _EvaluateVisitor1._evaluate0$_loadStylesheet$3$baseUrl (/Users/chrisvelgersdyk/Desktop/carbon-coverall/carbon-coverall-poc/node_modules/sass/sass.dart.js:95112:19)
    at _EvaluateVisitor__loadModule_closure4.call$0 (/Users/chrisvelgersdyk/Desktop/carbon-coverall/carbon-coverall-poc/node_modules/sass/sass.dart.js:97026:19)
    at _EvaluateVisitor1._evaluate0$_withStackFrame$1$3 (/Users/chrisvelgersdyk/Desktop/carbon-coverall/carbon-coverall-poc/node_modules/sass/sass.dart.js:96565:25)
    at _EvaluateVisitor1._evaluate0$_withStackFrame$3 (/Users/chrisvelgersdyk/Desktop/carbon-coverall/carbon-coverall-poc/node_modules/sass/sass.dart.js:96571:19)
    at _EvaluateVisitor1._evaluate0$_loadModule$7$baseUrl$configuration$namesInErrors (/Users/chrisvelgersdyk/Desktop/carbon-coverall/carbon-coverall-poc/node_modules/sass/sass.dart.js:94481:13)
    at _EvaluateVisitor1._evaluate0$_loadModule$4 (/Users/chrisvelgersdyk/Desktop/carbon-coverall/carbon-coverall-poc/node_modules/sass/sass.dart.js:94487:19)
    at _EvaluateVisitor1.visitForwardRule$1 (/Users/chrisvelgersdyk/Desktop/carbon-coverall/carbon-coverall-poc/node_modules/sass/sass.dart.js:94899:15)
    at ForwardRule0.accept$1$1 (/Users/chrisvelgersdyk/Desktop/carbon-coverall/carbon-coverall-poc/node_modules/sass/sass.dart.js:99949:22)</failure>
    </testcase>
    <testcase classname="scss/layout.scss should export spacing step `4`" name="scss/layout.scss should export spacing step `4`" time="0.014">
      <failure>Error: Can&apos;t find stylesheet to import.
  ╷
8 │ @forward &apos;./generated/fluid-spacing&apos;;
  │ ^^^^^^^^^^^^^^^^^^^^^^^^^^^^^^^^^^^^
  ╵
  packages/layout/scss/_spacing.scss 8:1  @forward
  packages/layout/index.scss 9:1          @use
  stdin 5:9                               root stylesheet
    at Object.wrapException (/Users/chrisvelgersdyk/Desktop/carbon-coverall/carbon-coverall-poc/node_modules/sass/sass.dart.js:2161:43)
    at _EvaluateVisitor1._evaluate0$_loadStylesheet$4$baseUrl$forImport (/Users/chrisvelgersdyk/Desktop/carbon-coverall/carbon-coverall-poc/node_modules/sass/sass.dart.js:95086:19)
    at _EvaluateVisitor1._evaluate0$_loadStylesheet$3$baseUrl (/Users/chrisvelgersdyk/Desktop/carbon-coverall/carbon-coverall-poc/node_modules/sass/sass.dart.js:95112:19)
    at _EvaluateVisitor__loadModule_closure4.call$0 (/Users/chrisvelgersdyk/Desktop/carbon-coverall/carbon-coverall-poc/node_modules/sass/sass.dart.js:97026:19)
    at _EvaluateVisitor1._evaluate0$_withStackFrame$1$3 (/Users/chrisvelgersdyk/Desktop/carbon-coverall/carbon-coverall-poc/node_modules/sass/sass.dart.js:96565:25)
    at _EvaluateVisitor1._evaluate0$_withStackFrame$3 (/Users/chrisvelgersdyk/Desktop/carbon-coverall/carbon-coverall-poc/node_modules/sass/sass.dart.js:96571:19)
    at _EvaluateVisitor1._evaluate0$_loadModule$7$baseUrl$configuration$namesInErrors (/Users/chrisvelgersdyk/Desktop/carbon-coverall/carbon-coverall-poc/node_modules/sass/sass.dart.js:94481:13)
    at _EvaluateVisitor1._evaluate0$_loadModule$4 (/Users/chrisvelgersdyk/Desktop/carbon-coverall/carbon-coverall-poc/node_modules/sass/sass.dart.js:94487:19)
    at _EvaluateVisitor1.visitForwardRule$1 (/Users/chrisvelgersdyk/Desktop/carbon-coverall/carbon-coverall-poc/node_modules/sass/sass.dart.js:94899:15)
    at ForwardRule0.accept$1$1 (/Users/chrisvelgersdyk/Desktop/carbon-coverall/carbon-coverall-poc/node_modules/sass/sass.dart.js:99949:22)</failure>
    </testcase>
    <testcase classname="scss/layout.scss should export spacing step `5`" name="scss/layout.scss should export spacing step `5`" time="0.012">
      <failure>Error: Can&apos;t find stylesheet to import.
  ╷
8 │ @forward &apos;./generated/fluid-spacing&apos;;
  │ ^^^^^^^^^^^^^^^^^^^^^^^^^^^^^^^^^^^^
  ╵
  packages/layout/scss/_spacing.scss 8:1  @forward
  packages/layout/index.scss 9:1          @use
  stdin 5:9                               root stylesheet
    at Object.wrapException (/Users/chrisvelgersdyk/Desktop/carbon-coverall/carbon-coverall-poc/node_modules/sass/sass.dart.js:2161:43)
    at _EvaluateVisitor1._evaluate0$_loadStylesheet$4$baseUrl$forImport (/Users/chrisvelgersdyk/Desktop/carbon-coverall/carbon-coverall-poc/node_modules/sass/sass.dart.js:95086:19)
    at _EvaluateVisitor1._evaluate0$_loadStylesheet$3$baseUrl (/Users/chrisvelgersdyk/Desktop/carbon-coverall/carbon-coverall-poc/node_modules/sass/sass.dart.js:95112:19)
    at _EvaluateVisitor__loadModule_closure4.call$0 (/Users/chrisvelgersdyk/Desktop/carbon-coverall/carbon-coverall-poc/node_modules/sass/sass.dart.js:97026:19)
    at _EvaluateVisitor1._evaluate0$_withStackFrame$1$3 (/Users/chrisvelgersdyk/Desktop/carbon-coverall/carbon-coverall-poc/node_modules/sass/sass.dart.js:96565:25)
    at _EvaluateVisitor1._evaluate0$_withStackFrame$3 (/Users/chrisvelgersdyk/Desktop/carbon-coverall/carbon-coverall-poc/node_modules/sass/sass.dart.js:96571:19)
    at _EvaluateVisitor1._evaluate0$_loadModule$7$baseUrl$configuration$namesInErrors (/Users/chrisvelgersdyk/Desktop/carbon-coverall/carbon-coverall-poc/node_modules/sass/sass.dart.js:94481:13)
    at _EvaluateVisitor1._evaluate0$_loadModule$4 (/Users/chrisvelgersdyk/Desktop/carbon-coverall/carbon-coverall-poc/node_modules/sass/sass.dart.js:94487:19)
    at _EvaluateVisitor1.visitForwardRule$1 (/Users/chrisvelgersdyk/Desktop/carbon-coverall/carbon-coverall-poc/node_modules/sass/sass.dart.js:94899:15)
    at ForwardRule0.accept$1$1 (/Users/chrisvelgersdyk/Desktop/carbon-coverall/carbon-coverall-poc/node_modules/sass/sass.dart.js:99949:22)</failure>
    </testcase>
    <testcase classname="scss/layout.scss should export spacing step `6`" name="scss/layout.scss should export spacing step `6`" time="0.006">
      <failure>Error: Can&apos;t find stylesheet to import.
  ╷
8 │ @forward &apos;./generated/fluid-spacing&apos;;
  │ ^^^^^^^^^^^^^^^^^^^^^^^^^^^^^^^^^^^^
  ╵
  packages/layout/scss/_spacing.scss 8:1  @forward
  packages/layout/index.scss 9:1          @use
  stdin 5:9                               root stylesheet
    at Object.wrapException (/Users/chrisvelgersdyk/Desktop/carbon-coverall/carbon-coverall-poc/node_modules/sass/sass.dart.js:2161:43)
    at _EvaluateVisitor1._evaluate0$_loadStylesheet$4$baseUrl$forImport (/Users/chrisvelgersdyk/Desktop/carbon-coverall/carbon-coverall-poc/node_modules/sass/sass.dart.js:95086:19)
    at _EvaluateVisitor1._evaluate0$_loadStylesheet$3$baseUrl (/Users/chrisvelgersdyk/Desktop/carbon-coverall/carbon-coverall-poc/node_modules/sass/sass.dart.js:95112:19)
    at _EvaluateVisitor__loadModule_closure4.call$0 (/Users/chrisvelgersdyk/Desktop/carbon-coverall/carbon-coverall-poc/node_modules/sass/sass.dart.js:97026:19)
    at _EvaluateVisitor1._evaluate0$_withStackFrame$1$3 (/Users/chrisvelgersdyk/Desktop/carbon-coverall/carbon-coverall-poc/node_modules/sass/sass.dart.js:96565:25)
    at _EvaluateVisitor1._evaluate0$_withStackFrame$3 (/Users/chrisvelgersdyk/Desktop/carbon-coverall/carbon-coverall-poc/node_modules/sass/sass.dart.js:96571:19)
    at _EvaluateVisitor1._evaluate0$_loadModule$7$baseUrl$configuration$namesInErrors (/Users/chrisvelgersdyk/Desktop/carbon-coverall/carbon-coverall-poc/node_modules/sass/sass.dart.js:94481:13)
    at _EvaluateVisitor1._evaluate0$_loadModule$4 (/Users/chrisvelgersdyk/Desktop/carbon-coverall/carbon-coverall-poc/node_modules/sass/sass.dart.js:94487:19)
    at _EvaluateVisitor1.visitForwardRule$1 (/Users/chrisvelgersdyk/Desktop/carbon-coverall/carbon-coverall-poc/node_modules/sass/sass.dart.js:94899:15)
    at ForwardRule0.accept$1$1 (/Users/chrisvelgersdyk/Desktop/carbon-coverall/carbon-coverall-poc/node_modules/sass/sass.dart.js:99949:22)</failure>
    </testcase>
    <testcase classname="scss/layout.scss should export spacing step `7`" name="scss/layout.scss should export spacing step `7`" time="0.003">
      <failure>Error: Can&apos;t find stylesheet to import.
  ╷
8 │ @forward &apos;./generated/fluid-spacing&apos;;
  │ ^^^^^^^^^^^^^^^^^^^^^^^^^^^^^^^^^^^^
  ╵
  packages/layout/scss/_spacing.scss 8:1  @forward
  packages/layout/index.scss 9:1          @use
  stdin 5:9                               root stylesheet
    at Object.wrapException (/Users/chrisvelgersdyk/Desktop/carbon-coverall/carbon-coverall-poc/node_modules/sass/sass.dart.js:2161:43)
    at _EvaluateVisitor1._evaluate0$_loadStylesheet$4$baseUrl$forImport (/Users/chrisvelgersdyk/Desktop/carbon-coverall/carbon-coverall-poc/node_modules/sass/sass.dart.js:95086:19)
    at _EvaluateVisitor1._evaluate0$_loadStylesheet$3$baseUrl (/Users/chrisvelgersdyk/Desktop/carbon-coverall/carbon-coverall-poc/node_modules/sass/sass.dart.js:95112:19)
    at _EvaluateVisitor__loadModule_closure4.call$0 (/Users/chrisvelgersdyk/Desktop/carbon-coverall/carbon-coverall-poc/node_modules/sass/sass.dart.js:97026:19)
    at _EvaluateVisitor1._evaluate0$_withStackFrame$1$3 (/Users/chrisvelgersdyk/Desktop/carbon-coverall/carbon-coverall-poc/node_modules/sass/sass.dart.js:96565:25)
    at _EvaluateVisitor1._evaluate0$_withStackFrame$3 (/Users/chrisvelgersdyk/Desktop/carbon-coverall/carbon-coverall-poc/node_modules/sass/sass.dart.js:96571:19)
    at _EvaluateVisitor1._evaluate0$_loadModule$7$baseUrl$configuration$namesInErrors (/Users/chrisvelgersdyk/Desktop/carbon-coverall/carbon-coverall-poc/node_modules/sass/sass.dart.js:94481:13)
    at _EvaluateVisitor1._evaluate0$_loadModule$4 (/Users/chrisvelgersdyk/Desktop/carbon-coverall/carbon-coverall-poc/node_modules/sass/sass.dart.js:94487:19)
    at _EvaluateVisitor1.visitForwardRule$1 (/Users/chrisvelgersdyk/Desktop/carbon-coverall/carbon-coverall-poc/node_modules/sass/sass.dart.js:94899:15)
    at ForwardRule0.accept$1$1 (/Users/chrisvelgersdyk/Desktop/carbon-coverall/carbon-coverall-poc/node_modules/sass/sass.dart.js:99949:22)</failure>
    </testcase>
    <testcase classname="scss/layout.scss should export spacing step `8`" name="scss/layout.scss should export spacing step `8`" time="0.003">
      <failure>Error: Can&apos;t find stylesheet to import.
  ╷
8 │ @forward &apos;./generated/fluid-spacing&apos;;
  │ ^^^^^^^^^^^^^^^^^^^^^^^^^^^^^^^^^^^^
  ╵
  packages/layout/scss/_spacing.scss 8:1  @forward
  packages/layout/index.scss 9:1          @use
  stdin 5:9                               root stylesheet
    at Object.wrapException (/Users/chrisvelgersdyk/Desktop/carbon-coverall/carbon-coverall-poc/node_modules/sass/sass.dart.js:2161:43)
    at _EvaluateVisitor1._evaluate0$_loadStylesheet$4$baseUrl$forImport (/Users/chrisvelgersdyk/Desktop/carbon-coverall/carbon-coverall-poc/node_modules/sass/sass.dart.js:95086:19)
    at _EvaluateVisitor1._evaluate0$_loadStylesheet$3$baseUrl (/Users/chrisvelgersdyk/Desktop/carbon-coverall/carbon-coverall-poc/node_modules/sass/sass.dart.js:95112:19)
    at _EvaluateVisitor__loadModule_closure4.call$0 (/Users/chrisvelgersdyk/Desktop/carbon-coverall/carbon-coverall-poc/node_modules/sass/sass.dart.js:97026:19)
    at _EvaluateVisitor1._evaluate0$_withStackFrame$1$3 (/Users/chrisvelgersdyk/Desktop/carbon-coverall/carbon-coverall-poc/node_modules/sass/sass.dart.js:96565:25)
    at _EvaluateVisitor1._evaluate0$_withStackFrame$3 (/Users/chrisvelgersdyk/Desktop/carbon-coverall/carbon-coverall-poc/node_modules/sass/sass.dart.js:96571:19)
    at _EvaluateVisitor1._evaluate0$_loadModule$7$baseUrl$configuration$namesInErrors (/Users/chrisvelgersdyk/Desktop/carbon-coverall/carbon-coverall-poc/node_modules/sass/sass.dart.js:94481:13)
    at _EvaluateVisitor1._evaluate0$_loadModule$4 (/Users/chrisvelgersdyk/Desktop/carbon-coverall/carbon-coverall-poc/node_modules/sass/sass.dart.js:94487:19)
    at _EvaluateVisitor1.visitForwardRule$1 (/Users/chrisvelgersdyk/Desktop/carbon-coverall/carbon-coverall-poc/node_modules/sass/sass.dart.js:94899:15)
    at ForwardRule0.accept$1$1 (/Users/chrisvelgersdyk/Desktop/carbon-coverall/carbon-coverall-poc/node_modules/sass/sass.dart.js:99949:22)</failure>
    </testcase>
    <testcase classname="scss/layout.scss should export spacing step `9`" name="scss/layout.scss should export spacing step `9`" time="0.026">
      <failure>Error: Can&apos;t find stylesheet to import.
  ╷
8 │ @forward &apos;./generated/fluid-spacing&apos;;
  │ ^^^^^^^^^^^^^^^^^^^^^^^^^^^^^^^^^^^^
  ╵
  packages/layout/scss/_spacing.scss 8:1  @forward
  packages/layout/index.scss 9:1          @use
  stdin 5:9                               root stylesheet
    at Object.wrapException (/Users/chrisvelgersdyk/Desktop/carbon-coverall/carbon-coverall-poc/node_modules/sass/sass.dart.js:2161:43)
    at _EvaluateVisitor1._evaluate0$_loadStylesheet$4$baseUrl$forImport (/Users/chrisvelgersdyk/Desktop/carbon-coverall/carbon-coverall-poc/node_modules/sass/sass.dart.js:95086:19)
    at _EvaluateVisitor1._evaluate0$_loadStylesheet$3$baseUrl (/Users/chrisvelgersdyk/Desktop/carbon-coverall/carbon-coverall-poc/node_modules/sass/sass.dart.js:95112:19)
    at _EvaluateVisitor__loadModule_closure4.call$0 (/Users/chrisvelgersdyk/Desktop/carbon-coverall/carbon-coverall-poc/node_modules/sass/sass.dart.js:97026:19)
    at _EvaluateVisitor1._evaluate0$_withStackFrame$1$3 (/Users/chrisvelgersdyk/Desktop/carbon-coverall/carbon-coverall-poc/node_modules/sass/sass.dart.js:96565:25)
    at _EvaluateVisitor1._evaluate0$_withStackFrame$3 (/Users/chrisvelgersdyk/Desktop/carbon-coverall/carbon-coverall-poc/node_modules/sass/sass.dart.js:96571:19)
    at _EvaluateVisitor1._evaluate0$_loadModule$7$baseUrl$configuration$namesInErrors (/Users/chrisvelgersdyk/Desktop/carbon-coverall/carbon-coverall-poc/node_modules/sass/sass.dart.js:94481:13)
    at _EvaluateVisitor1._evaluate0$_loadModule$4 (/Users/chrisvelgersdyk/Desktop/carbon-coverall/carbon-coverall-poc/node_modules/sass/sass.dart.js:94487:19)
    at _EvaluateVisitor1.visitForwardRule$1 (/Users/chrisvelgersdyk/Desktop/carbon-coverall/carbon-coverall-poc/node_modules/sass/sass.dart.js:94899:15)
    at ForwardRule0.accept$1$1 (/Users/chrisvelgersdyk/Desktop/carbon-coverall/carbon-coverall-poc/node_modules/sass/sass.dart.js:99949:22)</failure>
    </testcase>
    <testcase classname="scss/layout.scss should export spacing step `10`" name="scss/layout.scss should export spacing step `10`" time="0.006">
      <failure>Error: Can&apos;t find stylesheet to import.
  ╷
8 │ @forward &apos;./generated/fluid-spacing&apos;;
  │ ^^^^^^^^^^^^^^^^^^^^^^^^^^^^^^^^^^^^
  ╵
  packages/layout/scss/_spacing.scss 8:1  @forward
  packages/layout/index.scss 9:1          @use
  stdin 5:9                               root stylesheet
    at Object.wrapException (/Users/chrisvelgersdyk/Desktop/carbon-coverall/carbon-coverall-poc/node_modules/sass/sass.dart.js:2161:43)
    at _EvaluateVisitor1._evaluate0$_loadStylesheet$4$baseUrl$forImport (/Users/chrisvelgersdyk/Desktop/carbon-coverall/carbon-coverall-poc/node_modules/sass/sass.dart.js:95086:19)
    at _EvaluateVisitor1._evaluate0$_loadStylesheet$3$baseUrl (/Users/chrisvelgersdyk/Desktop/carbon-coverall/carbon-coverall-poc/node_modules/sass/sass.dart.js:95112:19)
    at _EvaluateVisitor__loadModule_closure4.call$0 (/Users/chrisvelgersdyk/Desktop/carbon-coverall/carbon-coverall-poc/node_modules/sass/sass.dart.js:97026:19)
    at _EvaluateVisitor1._evaluate0$_withStackFrame$1$3 (/Users/chrisvelgersdyk/Desktop/carbon-coverall/carbon-coverall-poc/node_modules/sass/sass.dart.js:96565:25)
    at _EvaluateVisitor1._evaluate0$_withStackFrame$3 (/Users/chrisvelgersdyk/Desktop/carbon-coverall/carbon-coverall-poc/node_modules/sass/sass.dart.js:96571:19)
    at _EvaluateVisitor1._evaluate0$_loadModule$7$baseUrl$configuration$namesInErrors (/Users/chrisvelgersdyk/Desktop/carbon-coverall/carbon-coverall-poc/node_modules/sass/sass.dart.js:94481:13)
    at _EvaluateVisitor1._evaluate0$_loadModule$4 (/Users/chrisvelgersdyk/Desktop/carbon-coverall/carbon-coverall-poc/node_modules/sass/sass.dart.js:94487:19)
    at _EvaluateVisitor1.visitForwardRule$1 (/Users/chrisvelgersdyk/Desktop/carbon-coverall/carbon-coverall-poc/node_modules/sass/sass.dart.js:94899:15)
    at ForwardRule0.accept$1$1 (/Users/chrisvelgersdyk/Desktop/carbon-coverall/carbon-coverall-poc/node_modules/sass/sass.dart.js:99949:22)</failure>
    </testcase>
    <testcase classname="scss/layout.scss should export spacing step `11`" name="scss/layout.scss should export spacing step `11`" time="0.007">
      <failure>Error: Can&apos;t find stylesheet to import.
  ╷
8 │ @forward &apos;./generated/fluid-spacing&apos;;
  │ ^^^^^^^^^^^^^^^^^^^^^^^^^^^^^^^^^^^^
  ╵
  packages/layout/scss/_spacing.scss 8:1  @forward
  packages/layout/index.scss 9:1          @use
  stdin 5:9                               root stylesheet
    at Object.wrapException (/Users/chrisvelgersdyk/Desktop/carbon-coverall/carbon-coverall-poc/node_modules/sass/sass.dart.js:2161:43)
    at _EvaluateVisitor1._evaluate0$_loadStylesheet$4$baseUrl$forImport (/Users/chrisvelgersdyk/Desktop/carbon-coverall/carbon-coverall-poc/node_modules/sass/sass.dart.js:95086:19)
    at _EvaluateVisitor1._evaluate0$_loadStylesheet$3$baseUrl (/Users/chrisvelgersdyk/Desktop/carbon-coverall/carbon-coverall-poc/node_modules/sass/sass.dart.js:95112:19)
    at _EvaluateVisitor__loadModule_closure4.call$0 (/Users/chrisvelgersdyk/Desktop/carbon-coverall/carbon-coverall-poc/node_modules/sass/sass.dart.js:97026:19)
    at _EvaluateVisitor1._evaluate0$_withStackFrame$1$3 (/Users/chrisvelgersdyk/Desktop/carbon-coverall/carbon-coverall-poc/node_modules/sass/sass.dart.js:96565:25)
    at _EvaluateVisitor1._evaluate0$_withStackFrame$3 (/Users/chrisvelgersdyk/Desktop/carbon-coverall/carbon-coverall-poc/node_modules/sass/sass.dart.js:96571:19)
    at _EvaluateVisitor1._evaluate0$_loadModule$7$baseUrl$configuration$namesInErrors (/Users/chrisvelgersdyk/Desktop/carbon-coverall/carbon-coverall-poc/node_modules/sass/sass.dart.js:94481:13)
    at _EvaluateVisitor1._evaluate0$_loadModule$4 (/Users/chrisvelgersdyk/Desktop/carbon-coverall/carbon-coverall-poc/node_modules/sass/sass.dart.js:94487:19)
    at _EvaluateVisitor1.visitForwardRule$1 (/Users/chrisvelgersdyk/Desktop/carbon-coverall/carbon-coverall-poc/node_modules/sass/sass.dart.js:94899:15)
    at ForwardRule0.accept$1$1 (/Users/chrisvelgersdyk/Desktop/carbon-coverall/carbon-coverall-poc/node_modules/sass/sass.dart.js:99949:22)</failure>
    </testcase>
    <testcase classname="scss/layout.scss should export spacing step `12`" name="scss/layout.scss should export spacing step `12`" time="0.016">
      <failure>Error: Can&apos;t find stylesheet to import.
  ╷
8 │ @forward &apos;./generated/fluid-spacing&apos;;
  │ ^^^^^^^^^^^^^^^^^^^^^^^^^^^^^^^^^^^^
  ╵
  packages/layout/scss/_spacing.scss 8:1  @forward
  packages/layout/index.scss 9:1          @use
  stdin 5:9                               root stylesheet
    at Object.wrapException (/Users/chrisvelgersdyk/Desktop/carbon-coverall/carbon-coverall-poc/node_modules/sass/sass.dart.js:2161:43)
    at _EvaluateVisitor1._evaluate0$_loadStylesheet$4$baseUrl$forImport (/Users/chrisvelgersdyk/Desktop/carbon-coverall/carbon-coverall-poc/node_modules/sass/sass.dart.js:95086:19)
    at _EvaluateVisitor1._evaluate0$_loadStylesheet$3$baseUrl (/Users/chrisvelgersdyk/Desktop/carbon-coverall/carbon-coverall-poc/node_modules/sass/sass.dart.js:95112:19)
    at _EvaluateVisitor__loadModule_closure4.call$0 (/Users/chrisvelgersdyk/Desktop/carbon-coverall/carbon-coverall-poc/node_modules/sass/sass.dart.js:97026:19)
    at _EvaluateVisitor1._evaluate0$_withStackFrame$1$3 (/Users/chrisvelgersdyk/Desktop/carbon-coverall/carbon-coverall-poc/node_modules/sass/sass.dart.js:96565:25)
    at _EvaluateVisitor1._evaluate0$_withStackFrame$3 (/Users/chrisvelgersdyk/Desktop/carbon-coverall/carbon-coverall-poc/node_modules/sass/sass.dart.js:96571:19)
    at _EvaluateVisitor1._evaluate0$_loadModule$7$baseUrl$configuration$namesInErrors (/Users/chrisvelgersdyk/Desktop/carbon-coverall/carbon-coverall-poc/node_modules/sass/sass.dart.js:94481:13)
    at _EvaluateVisitor1._evaluate0$_loadModule$4 (/Users/chrisvelgersdyk/Desktop/carbon-coverall/carbon-coverall-poc/node_modules/sass/sass.dart.js:94487:19)
    at _EvaluateVisitor1.visitForwardRule$1 (/Users/chrisvelgersdyk/Desktop/carbon-coverall/carbon-coverall-poc/node_modules/sass/sass.dart.js:94899:15)
    at ForwardRule0.accept$1$1 (/Users/chrisvelgersdyk/Desktop/carbon-coverall/carbon-coverall-poc/node_modules/sass/sass.dart.js:99949:22)</failure>
    </testcase>
    <testcase classname="scss/layout.scss should export fluid spacing step `0`" name="scss/layout.scss should export fluid spacing step `0`" time="0.022">
      <failure>Error: Can&apos;t find stylesheet to import.
  ╷
8 │ @forward &apos;./generated/fluid-spacing&apos;;
  │ ^^^^^^^^^^^^^^^^^^^^^^^^^^^^^^^^^^^^
  ╵
  packages/layout/scss/_spacing.scss 8:1  @forward
  packages/layout/index.scss 9:1          @use
  stdin 5:9                               root stylesheet
    at Object.wrapException (/Users/chrisvelgersdyk/Desktop/carbon-coverall/carbon-coverall-poc/node_modules/sass/sass.dart.js:2161:43)
    at _EvaluateVisitor1._evaluate0$_loadStylesheet$4$baseUrl$forImport (/Users/chrisvelgersdyk/Desktop/carbon-coverall/carbon-coverall-poc/node_modules/sass/sass.dart.js:95086:19)
    at _EvaluateVisitor1._evaluate0$_loadStylesheet$3$baseUrl (/Users/chrisvelgersdyk/Desktop/carbon-coverall/carbon-coverall-poc/node_modules/sass/sass.dart.js:95112:19)
    at _EvaluateVisitor__loadModule_closure4.call$0 (/Users/chrisvelgersdyk/Desktop/carbon-coverall/carbon-coverall-poc/node_modules/sass/sass.dart.js:97026:19)
    at _EvaluateVisitor1._evaluate0$_withStackFrame$1$3 (/Users/chrisvelgersdyk/Desktop/carbon-coverall/carbon-coverall-poc/node_modules/sass/sass.dart.js:96565:25)
    at _EvaluateVisitor1._evaluate0$_withStackFrame$3 (/Users/chrisvelgersdyk/Desktop/carbon-coverall/carbon-coverall-poc/node_modules/sass/sass.dart.js:96571:19)
    at _EvaluateVisitor1._evaluate0$_loadModule$7$baseUrl$configuration$namesInErrors (/Users/chrisvelgersdyk/Desktop/carbon-coverall/carbon-coverall-poc/node_modules/sass/sass.dart.js:94481:13)
    at _EvaluateVisitor1._evaluate0$_loadModule$4 (/Users/chrisvelgersdyk/Desktop/carbon-coverall/carbon-coverall-poc/node_modules/sass/sass.dart.js:94487:19)
    at _EvaluateVisitor1.visitForwardRule$1 (/Users/chrisvelgersdyk/Desktop/carbon-coverall/carbon-coverall-poc/node_modules/sass/sass.dart.js:94899:15)
    at ForwardRule0.accept$1$1 (/Users/chrisvelgersdyk/Desktop/carbon-coverall/carbon-coverall-poc/node_modules/sass/sass.dart.js:99949:22)</failure>
    </testcase>
    <testcase classname="scss/layout.scss should export fluid spacing step `1`" name="scss/layout.scss should export fluid spacing step `1`" time="0.01">
      <failure>Error: Can&apos;t find stylesheet to import.
  ╷
8 │ @forward &apos;./generated/fluid-spacing&apos;;
  │ ^^^^^^^^^^^^^^^^^^^^^^^^^^^^^^^^^^^^
  ╵
  packages/layout/scss/_spacing.scss 8:1  @forward
  packages/layout/index.scss 9:1          @use
  stdin 5:9                               root stylesheet
    at Object.wrapException (/Users/chrisvelgersdyk/Desktop/carbon-coverall/carbon-coverall-poc/node_modules/sass/sass.dart.js:2161:43)
    at _EvaluateVisitor1._evaluate0$_loadStylesheet$4$baseUrl$forImport (/Users/chrisvelgersdyk/Desktop/carbon-coverall/carbon-coverall-poc/node_modules/sass/sass.dart.js:95086:19)
    at _EvaluateVisitor1._evaluate0$_loadStylesheet$3$baseUrl (/Users/chrisvelgersdyk/Desktop/carbon-coverall/carbon-coverall-poc/node_modules/sass/sass.dart.js:95112:19)
    at _EvaluateVisitor__loadModule_closure4.call$0 (/Users/chrisvelgersdyk/Desktop/carbon-coverall/carbon-coverall-poc/node_modules/sass/sass.dart.js:97026:19)
    at _EvaluateVisitor1._evaluate0$_withStackFrame$1$3 (/Users/chrisvelgersdyk/Desktop/carbon-coverall/carbon-coverall-poc/node_modules/sass/sass.dart.js:96565:25)
    at _EvaluateVisitor1._evaluate0$_withStackFrame$3 (/Users/chrisvelgersdyk/Desktop/carbon-coverall/carbon-coverall-poc/node_modules/sass/sass.dart.js:96571:19)
    at _EvaluateVisitor1._evaluate0$_loadModule$7$baseUrl$configuration$namesInErrors (/Users/chrisvelgersdyk/Desktop/carbon-coverall/carbon-coverall-poc/node_modules/sass/sass.dart.js:94481:13)
    at _EvaluateVisitor1._evaluate0$_loadModule$4 (/Users/chrisvelgersdyk/Desktop/carbon-coverall/carbon-coverall-poc/node_modules/sass/sass.dart.js:94487:19)
    at _EvaluateVisitor1.visitForwardRule$1 (/Users/chrisvelgersdyk/Desktop/carbon-coverall/carbon-coverall-poc/node_modules/sass/sass.dart.js:94899:15)
    at ForwardRule0.accept$1$1 (/Users/chrisvelgersdyk/Desktop/carbon-coverall/carbon-coverall-poc/node_modules/sass/sass.dart.js:99949:22)</failure>
    </testcase>
    <testcase classname="scss/layout.scss should export fluid spacing step `2`" name="scss/layout.scss should export fluid spacing step `2`" time="0.009">
      <failure>Error: Can&apos;t find stylesheet to import.
  ╷
8 │ @forward &apos;./generated/fluid-spacing&apos;;
  │ ^^^^^^^^^^^^^^^^^^^^^^^^^^^^^^^^^^^^
  ╵
  packages/layout/scss/_spacing.scss 8:1  @forward
  packages/layout/index.scss 9:1          @use
  stdin 5:9                               root stylesheet
    at Object.wrapException (/Users/chrisvelgersdyk/Desktop/carbon-coverall/carbon-coverall-poc/node_modules/sass/sass.dart.js:2161:43)
    at _EvaluateVisitor1._evaluate0$_loadStylesheet$4$baseUrl$forImport (/Users/chrisvelgersdyk/Desktop/carbon-coverall/carbon-coverall-poc/node_modules/sass/sass.dart.js:95086:19)
    at _EvaluateVisitor1._evaluate0$_loadStylesheet$3$baseUrl (/Users/chrisvelgersdyk/Desktop/carbon-coverall/carbon-coverall-poc/node_modules/sass/sass.dart.js:95112:19)
    at _EvaluateVisitor__loadModule_closure4.call$0 (/Users/chrisvelgersdyk/Desktop/carbon-coverall/carbon-coverall-poc/node_modules/sass/sass.dart.js:97026:19)
    at _EvaluateVisitor1._evaluate0$_withStackFrame$1$3 (/Users/chrisvelgersdyk/Desktop/carbon-coverall/carbon-coverall-poc/node_modules/sass/sass.dart.js:96565:25)
    at _EvaluateVisitor1._evaluate0$_withStackFrame$3 (/Users/chrisvelgersdyk/Desktop/carbon-coverall/carbon-coverall-poc/node_modules/sass/sass.dart.js:96571:19)
    at _EvaluateVisitor1._evaluate0$_loadModule$7$baseUrl$configuration$namesInErrors (/Users/chrisvelgersdyk/Desktop/carbon-coverall/carbon-coverall-poc/node_modules/sass/sass.dart.js:94481:13)
    at _EvaluateVisitor1._evaluate0$_loadModule$4 (/Users/chrisvelgersdyk/Desktop/carbon-coverall/carbon-coverall-poc/node_modules/sass/sass.dart.js:94487:19)
    at _EvaluateVisitor1.visitForwardRule$1 (/Users/chrisvelgersdyk/Desktop/carbon-coverall/carbon-coverall-poc/node_modules/sass/sass.dart.js:94899:15)
    at ForwardRule0.accept$1$1 (/Users/chrisvelgersdyk/Desktop/carbon-coverall/carbon-coverall-poc/node_modules/sass/sass.dart.js:99949:22)</failure>
    </testcase>
    <testcase classname="scss/layout.scss should export fluid spacing step `3`" name="scss/layout.scss should export fluid spacing step `3`" time="0.008">
      <failure>Error: Can&apos;t find stylesheet to import.
  ╷
8 │ @forward &apos;./generated/fluid-spacing&apos;;
  │ ^^^^^^^^^^^^^^^^^^^^^^^^^^^^^^^^^^^^
  ╵
  packages/layout/scss/_spacing.scss 8:1  @forward
  packages/layout/index.scss 9:1          @use
  stdin 5:9                               root stylesheet
    at Object.wrapException (/Users/chrisvelgersdyk/Desktop/carbon-coverall/carbon-coverall-poc/node_modules/sass/sass.dart.js:2161:43)
    at _EvaluateVisitor1._evaluate0$_loadStylesheet$4$baseUrl$forImport (/Users/chrisvelgersdyk/Desktop/carbon-coverall/carbon-coverall-poc/node_modules/sass/sass.dart.js:95086:19)
    at _EvaluateVisitor1._evaluate0$_loadStylesheet$3$baseUrl (/Users/chrisvelgersdyk/Desktop/carbon-coverall/carbon-coverall-poc/node_modules/sass/sass.dart.js:95112:19)
    at _EvaluateVisitor__loadModule_closure4.call$0 (/Users/chrisvelgersdyk/Desktop/carbon-coverall/carbon-coverall-poc/node_modules/sass/sass.dart.js:97026:19)
    at _EvaluateVisitor1._evaluate0$_withStackFrame$1$3 (/Users/chrisvelgersdyk/Desktop/carbon-coverall/carbon-coverall-poc/node_modules/sass/sass.dart.js:96565:25)
    at _EvaluateVisitor1._evaluate0$_withStackFrame$3 (/Users/chrisvelgersdyk/Desktop/carbon-coverall/carbon-coverall-poc/node_modules/sass/sass.dart.js:96571:19)
    at _EvaluateVisitor1._evaluate0$_loadModule$7$baseUrl$configuration$namesInErrors (/Users/chrisvelgersdyk/Desktop/carbon-coverall/carbon-coverall-poc/node_modules/sass/sass.dart.js:94481:13)
    at _EvaluateVisitor1._evaluate0$_loadModule$4 (/Users/chrisvelgersdyk/Desktop/carbon-coverall/carbon-coverall-poc/node_modules/sass/sass.dart.js:94487:19)
    at _EvaluateVisitor1.visitForwardRule$1 (/Users/chrisvelgersdyk/Desktop/carbon-coverall/carbon-coverall-poc/node_modules/sass/sass.dart.js:94899:15)
    at ForwardRule0.accept$1$1 (/Users/chrisvelgersdyk/Desktop/carbon-coverall/carbon-coverall-poc/node_modules/sass/sass.dart.js:99949:22)</failure>
    </testcase>
    <testcase classname="scss/layout.scss should export container step `0`" name="scss/layout.scss should export container step `0`" time="0.002">
      <failure>Error: Can&apos;t find stylesheet to import.
  ╷
8 │ @forward &apos;./generated/fluid-spacing&apos;;
  │ ^^^^^^^^^^^^^^^^^^^^^^^^^^^^^^^^^^^^
  ╵
  packages/layout/scss/_spacing.scss 8:1  @forward
  packages/layout/index.scss 9:1          @use
  stdin 5:9                               root stylesheet
    at Object.wrapException (/Users/chrisvelgersdyk/Desktop/carbon-coverall/carbon-coverall-poc/node_modules/sass/sass.dart.js:2161:43)
    at _EvaluateVisitor1._evaluate0$_loadStylesheet$4$baseUrl$forImport (/Users/chrisvelgersdyk/Desktop/carbon-coverall/carbon-coverall-poc/node_modules/sass/sass.dart.js:95086:19)
    at _EvaluateVisitor1._evaluate0$_loadStylesheet$3$baseUrl (/Users/chrisvelgersdyk/Desktop/carbon-coverall/carbon-coverall-poc/node_modules/sass/sass.dart.js:95112:19)
    at _EvaluateVisitor__loadModule_closure4.call$0 (/Users/chrisvelgersdyk/Desktop/carbon-coverall/carbon-coverall-poc/node_modules/sass/sass.dart.js:97026:19)
    at _EvaluateVisitor1._evaluate0$_withStackFrame$1$3 (/Users/chrisvelgersdyk/Desktop/carbon-coverall/carbon-coverall-poc/node_modules/sass/sass.dart.js:96565:25)
    at _EvaluateVisitor1._evaluate0$_withStackFrame$3 (/Users/chrisvelgersdyk/Desktop/carbon-coverall/carbon-coverall-poc/node_modules/sass/sass.dart.js:96571:19)
    at _EvaluateVisitor1._evaluate0$_loadModule$7$baseUrl$configuration$namesInErrors (/Users/chrisvelgersdyk/Desktop/carbon-coverall/carbon-coverall-poc/node_modules/sass/sass.dart.js:94481:13)
    at _EvaluateVisitor1._evaluate0$_loadModule$4 (/Users/chrisvelgersdyk/Desktop/carbon-coverall/carbon-coverall-poc/node_modules/sass/sass.dart.js:94487:19)
    at _EvaluateVisitor1.visitForwardRule$1 (/Users/chrisvelgersdyk/Desktop/carbon-coverall/carbon-coverall-poc/node_modules/sass/sass.dart.js:94899:15)
    at ForwardRule0.accept$1$1 (/Users/chrisvelgersdyk/Desktop/carbon-coverall/carbon-coverall-poc/node_modules/sass/sass.dart.js:99949:22)</failure>
    </testcase>
    <testcase classname="scss/layout.scss should export container step `1`" name="scss/layout.scss should export container step `1`" time="0.004">
      <failure>Error: Can&apos;t find stylesheet to import.
  ╷
8 │ @forward &apos;./generated/fluid-spacing&apos;;
  │ ^^^^^^^^^^^^^^^^^^^^^^^^^^^^^^^^^^^^
  ╵
  packages/layout/scss/_spacing.scss 8:1  @forward
  packages/layout/index.scss 9:1          @use
  stdin 5:9                               root stylesheet
    at Object.wrapException (/Users/chrisvelgersdyk/Desktop/carbon-coverall/carbon-coverall-poc/node_modules/sass/sass.dart.js:2161:43)
    at _EvaluateVisitor1._evaluate0$_loadStylesheet$4$baseUrl$forImport (/Users/chrisvelgersdyk/Desktop/carbon-coverall/carbon-coverall-poc/node_modules/sass/sass.dart.js:95086:19)
    at _EvaluateVisitor1._evaluate0$_loadStylesheet$3$baseUrl (/Users/chrisvelgersdyk/Desktop/carbon-coverall/carbon-coverall-poc/node_modules/sass/sass.dart.js:95112:19)
    at _EvaluateVisitor__loadModule_closure4.call$0 (/Users/chrisvelgersdyk/Desktop/carbon-coverall/carbon-coverall-poc/node_modules/sass/sass.dart.js:97026:19)
    at _EvaluateVisitor1._evaluate0$_withStackFrame$1$3 (/Users/chrisvelgersdyk/Desktop/carbon-coverall/carbon-coverall-poc/node_modules/sass/sass.dart.js:96565:25)
    at _EvaluateVisitor1._evaluate0$_withStackFrame$3 (/Users/chrisvelgersdyk/Desktop/carbon-coverall/carbon-coverall-poc/node_modules/sass/sass.dart.js:96571:19)
    at _EvaluateVisitor1._evaluate0$_loadModule$7$baseUrl$configuration$namesInErrors (/Users/chrisvelgersdyk/Desktop/carbon-coverall/carbon-coverall-poc/node_modules/sass/sass.dart.js:94481:13)
    at _EvaluateVisitor1._evaluate0$_loadModule$4 (/Users/chrisvelgersdyk/Desktop/carbon-coverall/carbon-coverall-poc/node_modules/sass/sass.dart.js:94487:19)
    at _EvaluateVisitor1.visitForwardRule$1 (/Users/chrisvelgersdyk/Desktop/carbon-coverall/carbon-coverall-poc/node_modules/sass/sass.dart.js:94899:15)
    at ForwardRule0.accept$1$1 (/Users/chrisvelgersdyk/Desktop/carbon-coverall/carbon-coverall-poc/node_modules/sass/sass.dart.js:99949:22)</failure>
    </testcase>
    <testcase classname="scss/layout.scss should export container step `2`" name="scss/layout.scss should export container step `2`" time="0.012">
      <failure>Error: Can&apos;t find stylesheet to import.
  ╷
8 │ @forward &apos;./generated/fluid-spacing&apos;;
  │ ^^^^^^^^^^^^^^^^^^^^^^^^^^^^^^^^^^^^
  ╵
  packages/layout/scss/_spacing.scss 8:1  @forward
  packages/layout/index.scss 9:1          @use
  stdin 5:9                               root stylesheet
    at Object.wrapException (/Users/chrisvelgersdyk/Desktop/carbon-coverall/carbon-coverall-poc/node_modules/sass/sass.dart.js:2161:43)
    at _EvaluateVisitor1._evaluate0$_loadStylesheet$4$baseUrl$forImport (/Users/chrisvelgersdyk/Desktop/carbon-coverall/carbon-coverall-poc/node_modules/sass/sass.dart.js:95086:19)
    at _EvaluateVisitor1._evaluate0$_loadStylesheet$3$baseUrl (/Users/chrisvelgersdyk/Desktop/carbon-coverall/carbon-coverall-poc/node_modules/sass/sass.dart.js:95112:19)
    at _EvaluateVisitor__loadModule_closure4.call$0 (/Users/chrisvelgersdyk/Desktop/carbon-coverall/carbon-coverall-poc/node_modules/sass/sass.dart.js:97026:19)
    at _EvaluateVisitor1._evaluate0$_withStackFrame$1$3 (/Users/chrisvelgersdyk/Desktop/carbon-coverall/carbon-coverall-poc/node_modules/sass/sass.dart.js:96565:25)
    at _EvaluateVisitor1._evaluate0$_withStackFrame$3 (/Users/chrisvelgersdyk/Desktop/carbon-coverall/carbon-coverall-poc/node_modules/sass/sass.dart.js:96571:19)
    at _EvaluateVisitor1._evaluate0$_loadModule$7$baseUrl$configuration$namesInErrors (/Users/chrisvelgersdyk/Desktop/carbon-coverall/carbon-coverall-poc/node_modules/sass/sass.dart.js:94481:13)
    at _EvaluateVisitor1._evaluate0$_loadModule$4 (/Users/chrisvelgersdyk/Desktop/carbon-coverall/carbon-coverall-poc/node_modules/sass/sass.dart.js:94487:19)
    at _EvaluateVisitor1.visitForwardRule$1 (/Users/chrisvelgersdyk/Desktop/carbon-coverall/carbon-coverall-poc/node_modules/sass/sass.dart.js:94899:15)
    at ForwardRule0.accept$1$1 (/Users/chrisvelgersdyk/Desktop/carbon-coverall/carbon-coverall-poc/node_modules/sass/sass.dart.js:99949:22)</failure>
    </testcase>
    <testcase classname="scss/layout.scss should export container step `3`" name="scss/layout.scss should export container step `3`" time="0.006">
      <failure>Error: Can&apos;t find stylesheet to import.
  ╷
8 │ @forward &apos;./generated/fluid-spacing&apos;;
  │ ^^^^^^^^^^^^^^^^^^^^^^^^^^^^^^^^^^^^
  ╵
  packages/layout/scss/_spacing.scss 8:1  @forward
  packages/layout/index.scss 9:1          @use
  stdin 5:9                               root stylesheet
    at Object.wrapException (/Users/chrisvelgersdyk/Desktop/carbon-coverall/carbon-coverall-poc/node_modules/sass/sass.dart.js:2161:43)
    at _EvaluateVisitor1._evaluate0$_loadStylesheet$4$baseUrl$forImport (/Users/chrisvelgersdyk/Desktop/carbon-coverall/carbon-coverall-poc/node_modules/sass/sass.dart.js:95086:19)
    at _EvaluateVisitor1._evaluate0$_loadStylesheet$3$baseUrl (/Users/chrisvelgersdyk/Desktop/carbon-coverall/carbon-coverall-poc/node_modules/sass/sass.dart.js:95112:19)
    at _EvaluateVisitor__loadModule_closure4.call$0 (/Users/chrisvelgersdyk/Desktop/carbon-coverall/carbon-coverall-poc/node_modules/sass/sass.dart.js:97026:19)
    at _EvaluateVisitor1._evaluate0$_withStackFrame$1$3 (/Users/chrisvelgersdyk/Desktop/carbon-coverall/carbon-coverall-poc/node_modules/sass/sass.dart.js:96565:25)
    at _EvaluateVisitor1._evaluate0$_withStackFrame$3 (/Users/chrisvelgersdyk/Desktop/carbon-coverall/carbon-coverall-poc/node_modules/sass/sass.dart.js:96571:19)
    at _EvaluateVisitor1._evaluate0$_loadModule$7$baseUrl$configuration$namesInErrors (/Users/chrisvelgersdyk/Desktop/carbon-coverall/carbon-coverall-poc/node_modules/sass/sass.dart.js:94481:13)
    at _EvaluateVisitor1._evaluate0$_loadModule$4 (/Users/chrisvelgersdyk/Desktop/carbon-coverall/carbon-coverall-poc/node_modules/sass/sass.dart.js:94487:19)
    at _EvaluateVisitor1.visitForwardRule$1 (/Users/chrisvelgersdyk/Desktop/carbon-coverall/carbon-coverall-poc/node_modules/sass/sass.dart.js:94899:15)
    at ForwardRule0.accept$1$1 (/Users/chrisvelgersdyk/Desktop/carbon-coverall/carbon-coverall-poc/node_modules/sass/sass.dart.js:99949:22)</failure>
    </testcase>
    <testcase classname="scss/layout.scss should export container step `4`" name="scss/layout.scss should export container step `4`" time="0.004">
      <failure>Error: Can&apos;t find stylesheet to import.
  ╷
8 │ @forward &apos;./generated/fluid-spacing&apos;;
  │ ^^^^^^^^^^^^^^^^^^^^^^^^^^^^^^^^^^^^
  ╵
  packages/layout/scss/_spacing.scss 8:1  @forward
  packages/layout/index.scss 9:1          @use
  stdin 5:9                               root stylesheet
    at Object.wrapException (/Users/chrisvelgersdyk/Desktop/carbon-coverall/carbon-coverall-poc/node_modules/sass/sass.dart.js:2161:43)
    at _EvaluateVisitor1._evaluate0$_loadStylesheet$4$baseUrl$forImport (/Users/chrisvelgersdyk/Desktop/carbon-coverall/carbon-coverall-poc/node_modules/sass/sass.dart.js:95086:19)
    at _EvaluateVisitor1._evaluate0$_loadStylesheet$3$baseUrl (/Users/chrisvelgersdyk/Desktop/carbon-coverall/carbon-coverall-poc/node_modules/sass/sass.dart.js:95112:19)
    at _EvaluateVisitor__loadModule_closure4.call$0 (/Users/chrisvelgersdyk/Desktop/carbon-coverall/carbon-coverall-poc/node_modules/sass/sass.dart.js:97026:19)
    at _EvaluateVisitor1._evaluate0$_withStackFrame$1$3 (/Users/chrisvelgersdyk/Desktop/carbon-coverall/carbon-coverall-poc/node_modules/sass/sass.dart.js:96565:25)
    at _EvaluateVisitor1._evaluate0$_withStackFrame$3 (/Users/chrisvelgersdyk/Desktop/carbon-coverall/carbon-coverall-poc/node_modules/sass/sass.dart.js:96571:19)
    at _EvaluateVisitor1._evaluate0$_loadModule$7$baseUrl$configuration$namesInErrors (/Users/chrisvelgersdyk/Desktop/carbon-coverall/carbon-coverall-poc/node_modules/sass/sass.dart.js:94481:13)
    at _EvaluateVisitor1._evaluate0$_loadModule$4 (/Users/chrisvelgersdyk/Desktop/carbon-coverall/carbon-coverall-poc/node_modules/sass/sass.dart.js:94487:19)
    at _EvaluateVisitor1.visitForwardRule$1 (/Users/chrisvelgersdyk/Desktop/carbon-coverall/carbon-coverall-poc/node_modules/sass/sass.dart.js:94899:15)
    at ForwardRule0.accept$1$1 (/Users/chrisvelgersdyk/Desktop/carbon-coverall/carbon-coverall-poc/node_modules/sass/sass.dart.js:99949:22)</failure>
    </testcase>
    <testcase classname="scss/layout.scss should export icon-size step `0`" name="scss/layout.scss should export icon-size step `0`" time="0.003">
      <failure>Error: Can&apos;t find stylesheet to import.
  ╷
8 │ @forward &apos;./generated/fluid-spacing&apos;;
  │ ^^^^^^^^^^^^^^^^^^^^^^^^^^^^^^^^^^^^
  ╵
  packages/layout/scss/_spacing.scss 8:1  @forward
  packages/layout/index.scss 9:1          @use
  stdin 5:9                               root stylesheet
    at Object.wrapException (/Users/chrisvelgersdyk/Desktop/carbon-coverall/carbon-coverall-poc/node_modules/sass/sass.dart.js:2161:43)
    at _EvaluateVisitor1._evaluate0$_loadStylesheet$4$baseUrl$forImport (/Users/chrisvelgersdyk/Desktop/carbon-coverall/carbon-coverall-poc/node_modules/sass/sass.dart.js:95086:19)
    at _EvaluateVisitor1._evaluate0$_loadStylesheet$3$baseUrl (/Users/chrisvelgersdyk/Desktop/carbon-coverall/carbon-coverall-poc/node_modules/sass/sass.dart.js:95112:19)
    at _EvaluateVisitor__loadModule_closure4.call$0 (/Users/chrisvelgersdyk/Desktop/carbon-coverall/carbon-coverall-poc/node_modules/sass/sass.dart.js:97026:19)
    at _EvaluateVisitor1._evaluate0$_withStackFrame$1$3 (/Users/chrisvelgersdyk/Desktop/carbon-coverall/carbon-coverall-poc/node_modules/sass/sass.dart.js:96565:25)
    at _EvaluateVisitor1._evaluate0$_withStackFrame$3 (/Users/chrisvelgersdyk/Desktop/carbon-coverall/carbon-coverall-poc/node_modules/sass/sass.dart.js:96571:19)
    at _EvaluateVisitor1._evaluate0$_loadModule$7$baseUrl$configuration$namesInErrors (/Users/chrisvelgersdyk/Desktop/carbon-coverall/carbon-coverall-poc/node_modules/sass/sass.dart.js:94481:13)
    at _EvaluateVisitor1._evaluate0$_loadModule$4 (/Users/chrisvelgersdyk/Desktop/carbon-coverall/carbon-coverall-poc/node_modules/sass/sass.dart.js:94487:19)
    at _EvaluateVisitor1.visitForwardRule$1 (/Users/chrisvelgersdyk/Desktop/carbon-coverall/carbon-coverall-poc/node_modules/sass/sass.dart.js:94899:15)
    at ForwardRule0.accept$1$1 (/Users/chrisvelgersdyk/Desktop/carbon-coverall/carbon-coverall-poc/node_modules/sass/sass.dart.js:99949:22)</failure>
    </testcase>
    <testcase classname="scss/layout.scss should export icon-size step `1`" name="scss/layout.scss should export icon-size step `1`" time="0.003">
      <failure>Error: Can&apos;t find stylesheet to import.
  ╷
8 │ @forward &apos;./generated/fluid-spacing&apos;;
  │ ^^^^^^^^^^^^^^^^^^^^^^^^^^^^^^^^^^^^
  ╵
  packages/layout/scss/_spacing.scss 8:1  @forward
  packages/layout/index.scss 9:1          @use
  stdin 5:9                               root stylesheet
    at Object.wrapException (/Users/chrisvelgersdyk/Desktop/carbon-coverall/carbon-coverall-poc/node_modules/sass/sass.dart.js:2161:43)
    at _EvaluateVisitor1._evaluate0$_loadStylesheet$4$baseUrl$forImport (/Users/chrisvelgersdyk/Desktop/carbon-coverall/carbon-coverall-poc/node_modules/sass/sass.dart.js:95086:19)
    at _EvaluateVisitor1._evaluate0$_loadStylesheet$3$baseUrl (/Users/chrisvelgersdyk/Desktop/carbon-coverall/carbon-coverall-poc/node_modules/sass/sass.dart.js:95112:19)
    at _EvaluateVisitor__loadModule_closure4.call$0 (/Users/chrisvelgersdyk/Desktop/carbon-coverall/carbon-coverall-poc/node_modules/sass/sass.dart.js:97026:19)
    at _EvaluateVisitor1._evaluate0$_withStackFrame$1$3 (/Users/chrisvelgersdyk/Desktop/carbon-coverall/carbon-coverall-poc/node_modules/sass/sass.dart.js:96565:25)
    at _EvaluateVisitor1._evaluate0$_withStackFrame$3 (/Users/chrisvelgersdyk/Desktop/carbon-coverall/carbon-coverall-poc/node_modules/sass/sass.dart.js:96571:19)
    at _EvaluateVisitor1._evaluate0$_loadModule$7$baseUrl$configuration$namesInErrors (/Users/chrisvelgersdyk/Desktop/carbon-coverall/carbon-coverall-poc/node_modules/sass/sass.dart.js:94481:13)
    at _EvaluateVisitor1._evaluate0$_loadModule$4 (/Users/chrisvelgersdyk/Desktop/carbon-coverall/carbon-coverall-poc/node_modules/sass/sass.dart.js:94487:19)
    at _EvaluateVisitor1.visitForwardRule$1 (/Users/chrisvelgersdyk/Desktop/carbon-coverall/carbon-coverall-poc/node_modules/sass/sass.dart.js:94899:15)
    at ForwardRule0.accept$1$1 (/Users/chrisvelgersdyk/Desktop/carbon-coverall/carbon-coverall-poc/node_modules/sass/sass.dart.js:99949:22)</failure>
    </testcase>
    <testcase classname="scss/layout.scss should export layout step `0`" name="scss/layout.scss should export layout step `0`" time="0.004">
      <failure>Error: Can&apos;t find stylesheet to import.
  ╷
8 │ @forward &apos;./generated/fluid-spacing&apos;;
  │ ^^^^^^^^^^^^^^^^^^^^^^^^^^^^^^^^^^^^
  ╵
  packages/layout/scss/_spacing.scss 8:1  @forward
  packages/layout/index.scss 9:1          @use
  stdin 5:9                               root stylesheet
    at Object.wrapException (/Users/chrisvelgersdyk/Desktop/carbon-coverall/carbon-coverall-poc/node_modules/sass/sass.dart.js:2161:43)
    at _EvaluateVisitor1._evaluate0$_loadStylesheet$4$baseUrl$forImport (/Users/chrisvelgersdyk/Desktop/carbon-coverall/carbon-coverall-poc/node_modules/sass/sass.dart.js:95086:19)
    at _EvaluateVisitor1._evaluate0$_loadStylesheet$3$baseUrl (/Users/chrisvelgersdyk/Desktop/carbon-coverall/carbon-coverall-poc/node_modules/sass/sass.dart.js:95112:19)
    at _EvaluateVisitor__loadModule_closure4.call$0 (/Users/chrisvelgersdyk/Desktop/carbon-coverall/carbon-coverall-poc/node_modules/sass/sass.dart.js:97026:19)
    at _EvaluateVisitor1._evaluate0$_withStackFrame$1$3 (/Users/chrisvelgersdyk/Desktop/carbon-coverall/carbon-coverall-poc/node_modules/sass/sass.dart.js:96565:25)
    at _EvaluateVisitor1._evaluate0$_withStackFrame$3 (/Users/chrisvelgersdyk/Desktop/carbon-coverall/carbon-coverall-poc/node_modules/sass/sass.dart.js:96571:19)
    at _EvaluateVisitor1._evaluate0$_loadModule$7$baseUrl$configuration$namesInErrors (/Users/chrisvelgersdyk/Desktop/carbon-coverall/carbon-coverall-poc/node_modules/sass/sass.dart.js:94481:13)
    at _EvaluateVisitor1._evaluate0$_loadModule$4 (/Users/chrisvelgersdyk/Desktop/carbon-coverall/carbon-coverall-poc/node_modules/sass/sass.dart.js:94487:19)
    at _EvaluateVisitor1.visitForwardRule$1 (/Users/chrisvelgersdyk/Desktop/carbon-coverall/carbon-coverall-poc/node_modules/sass/sass.dart.js:94899:15)
    at ForwardRule0.accept$1$1 (/Users/chrisvelgersdyk/Desktop/carbon-coverall/carbon-coverall-poc/node_modules/sass/sass.dart.js:99949:22)</failure>
    </testcase>
    <testcase classname="scss/layout.scss should export layout step `1`" name="scss/layout.scss should export layout step `1`" time="0.005">
      <failure>Error: Can&apos;t find stylesheet to import.
  ╷
8 │ @forward &apos;./generated/fluid-spacing&apos;;
  │ ^^^^^^^^^^^^^^^^^^^^^^^^^^^^^^^^^^^^
  ╵
  packages/layout/scss/_spacing.scss 8:1  @forward
  packages/layout/index.scss 9:1          @use
  stdin 5:9                               root stylesheet
    at Object.wrapException (/Users/chrisvelgersdyk/Desktop/carbon-coverall/carbon-coverall-poc/node_modules/sass/sass.dart.js:2161:43)
    at _EvaluateVisitor1._evaluate0$_loadStylesheet$4$baseUrl$forImport (/Users/chrisvelgersdyk/Desktop/carbon-coverall/carbon-coverall-poc/node_modules/sass/sass.dart.js:95086:19)
    at _EvaluateVisitor1._evaluate0$_loadStylesheet$3$baseUrl (/Users/chrisvelgersdyk/Desktop/carbon-coverall/carbon-coverall-poc/node_modules/sass/sass.dart.js:95112:19)
    at _EvaluateVisitor__loadModule_closure4.call$0 (/Users/chrisvelgersdyk/Desktop/carbon-coverall/carbon-coverall-poc/node_modules/sass/sass.dart.js:97026:19)
    at _EvaluateVisitor1._evaluate0$_withStackFrame$1$3 (/Users/chrisvelgersdyk/Desktop/carbon-coverall/carbon-coverall-poc/node_modules/sass/sass.dart.js:96565:25)
    at _EvaluateVisitor1._evaluate0$_withStackFrame$3 (/Users/chrisvelgersdyk/Desktop/carbon-coverall/carbon-coverall-poc/node_modules/sass/sass.dart.js:96571:19)
    at _EvaluateVisitor1._evaluate0$_loadModule$7$baseUrl$configuration$namesInErrors (/Users/chrisvelgersdyk/Desktop/carbon-coverall/carbon-coverall-poc/node_modules/sass/sass.dart.js:94481:13)
    at _EvaluateVisitor1._evaluate0$_loadModule$4 (/Users/chrisvelgersdyk/Desktop/carbon-coverall/carbon-coverall-poc/node_modules/sass/sass.dart.js:94487:19)
    at _EvaluateVisitor1.visitForwardRule$1 (/Users/chrisvelgersdyk/Desktop/carbon-coverall/carbon-coverall-poc/node_modules/sass/sass.dart.js:94899:15)
    at ForwardRule0.accept$1$1 (/Users/chrisvelgersdyk/Desktop/carbon-coverall/carbon-coverall-poc/node_modules/sass/sass.dart.js:99949:22)</failure>
    </testcase>
    <testcase classname="scss/layout.scss should export layout step `2`" name="scss/layout.scss should export layout step `2`" time="0.004">
      <failure>Error: Can&apos;t find stylesheet to import.
  ╷
8 │ @forward &apos;./generated/fluid-spacing&apos;;
  │ ^^^^^^^^^^^^^^^^^^^^^^^^^^^^^^^^^^^^
  ╵
  packages/layout/scss/_spacing.scss 8:1  @forward
  packages/layout/index.scss 9:1          @use
  stdin 5:9                               root stylesheet
    at Object.wrapException (/Users/chrisvelgersdyk/Desktop/carbon-coverall/carbon-coverall-poc/node_modules/sass/sass.dart.js:2161:43)
    at _EvaluateVisitor1._evaluate0$_loadStylesheet$4$baseUrl$forImport (/Users/chrisvelgersdyk/Desktop/carbon-coverall/carbon-coverall-poc/node_modules/sass/sass.dart.js:95086:19)
    at _EvaluateVisitor1._evaluate0$_loadStylesheet$3$baseUrl (/Users/chrisvelgersdyk/Desktop/carbon-coverall/carbon-coverall-poc/node_modules/sass/sass.dart.js:95112:19)
    at _EvaluateVisitor__loadModule_closure4.call$0 (/Users/chrisvelgersdyk/Desktop/carbon-coverall/carbon-coverall-poc/node_modules/sass/sass.dart.js:97026:19)
    at _EvaluateVisitor1._evaluate0$_withStackFrame$1$3 (/Users/chrisvelgersdyk/Desktop/carbon-coverall/carbon-coverall-poc/node_modules/sass/sass.dart.js:96565:25)
    at _EvaluateVisitor1._evaluate0$_withStackFrame$3 (/Users/chrisvelgersdyk/Desktop/carbon-coverall/carbon-coverall-poc/node_modules/sass/sass.dart.js:96571:19)
    at _EvaluateVisitor1._evaluate0$_loadModule$7$baseUrl$configuration$namesInErrors (/Users/chrisvelgersdyk/Desktop/carbon-coverall/carbon-coverall-poc/node_modules/sass/sass.dart.js:94481:13)
    at _EvaluateVisitor1._evaluate0$_loadModule$4 (/Users/chrisvelgersdyk/Desktop/carbon-coverall/carbon-coverall-poc/node_modules/sass/sass.dart.js:94487:19)
    at _EvaluateVisitor1.visitForwardRule$1 (/Users/chrisvelgersdyk/Desktop/carbon-coverall/carbon-coverall-poc/node_modules/sass/sass.dart.js:94899:15)
    at ForwardRule0.accept$1$1 (/Users/chrisvelgersdyk/Desktop/carbon-coverall/carbon-coverall-poc/node_modules/sass/sass.dart.js:99949:22)</failure>
    </testcase>
    <testcase classname="scss/layout.scss should export layout step `3`" name="scss/layout.scss should export layout step `3`" time="0.002">
      <failure>Error: Can&apos;t find stylesheet to import.
  ╷
8 │ @forward &apos;./generated/fluid-spacing&apos;;
  │ ^^^^^^^^^^^^^^^^^^^^^^^^^^^^^^^^^^^^
  ╵
  packages/layout/scss/_spacing.scss 8:1  @forward
  packages/layout/index.scss 9:1          @use
  stdin 5:9                               root stylesheet
    at Object.wrapException (/Users/chrisvelgersdyk/Desktop/carbon-coverall/carbon-coverall-poc/node_modules/sass/sass.dart.js:2161:43)
    at _EvaluateVisitor1._evaluate0$_loadStylesheet$4$baseUrl$forImport (/Users/chrisvelgersdyk/Desktop/carbon-coverall/carbon-coverall-poc/node_modules/sass/sass.dart.js:95086:19)
    at _EvaluateVisitor1._evaluate0$_loadStylesheet$3$baseUrl (/Users/chrisvelgersdyk/Desktop/carbon-coverall/carbon-coverall-poc/node_modules/sass/sass.dart.js:95112:19)
    at _EvaluateVisitor__loadModule_closure4.call$0 (/Users/chrisvelgersdyk/Desktop/carbon-coverall/carbon-coverall-poc/node_modules/sass/sass.dart.js:97026:19)
    at _EvaluateVisitor1._evaluate0$_withStackFrame$1$3 (/Users/chrisvelgersdyk/Desktop/carbon-coverall/carbon-coverall-poc/node_modules/sass/sass.dart.js:96565:25)
    at _EvaluateVisitor1._evaluate0$_withStackFrame$3 (/Users/chrisvelgersdyk/Desktop/carbon-coverall/carbon-coverall-poc/node_modules/sass/sass.dart.js:96571:19)
    at _EvaluateVisitor1._evaluate0$_loadModule$7$baseUrl$configuration$namesInErrors (/Users/chrisvelgersdyk/Desktop/carbon-coverall/carbon-coverall-poc/node_modules/sass/sass.dart.js:94481:13)
    at _EvaluateVisitor1._evaluate0$_loadModule$4 (/Users/chrisvelgersdyk/Desktop/carbon-coverall/carbon-coverall-poc/node_modules/sass/sass.dart.js:94487:19)
    at _EvaluateVisitor1.visitForwardRule$1 (/Users/chrisvelgersdyk/Desktop/carbon-coverall/carbon-coverall-poc/node_modules/sass/sass.dart.js:94899:15)
    at ForwardRule0.accept$1$1 (/Users/chrisvelgersdyk/Desktop/carbon-coverall/carbon-coverall-poc/node_modules/sass/sass.dart.js:99949:22)</failure>
    </testcase>
    <testcase classname="scss/layout.scss should export layout step `4`" name="scss/layout.scss should export layout step `4`" time="0.007">
      <failure>Error: Can&apos;t find stylesheet to import.
  ╷
8 │ @forward &apos;./generated/fluid-spacing&apos;;
  │ ^^^^^^^^^^^^^^^^^^^^^^^^^^^^^^^^^^^^
  ╵
  packages/layout/scss/_spacing.scss 8:1  @forward
  packages/layout/index.scss 9:1          @use
  stdin 5:9                               root stylesheet
    at Object.wrapException (/Users/chrisvelgersdyk/Desktop/carbon-coverall/carbon-coverall-poc/node_modules/sass/sass.dart.js:2161:43)
    at _EvaluateVisitor1._evaluate0$_loadStylesheet$4$baseUrl$forImport (/Users/chrisvelgersdyk/Desktop/carbon-coverall/carbon-coverall-poc/node_modules/sass/sass.dart.js:95086:19)
    at _EvaluateVisitor1._evaluate0$_loadStylesheet$3$baseUrl (/Users/chrisvelgersdyk/Desktop/carbon-coverall/carbon-coverall-poc/node_modules/sass/sass.dart.js:95112:19)
    at _EvaluateVisitor__loadModule_closure4.call$0 (/Users/chrisvelgersdyk/Desktop/carbon-coverall/carbon-coverall-poc/node_modules/sass/sass.dart.js:97026:19)
    at _EvaluateVisitor1._evaluate0$_withStackFrame$1$3 (/Users/chrisvelgersdyk/Desktop/carbon-coverall/carbon-coverall-poc/node_modules/sass/sass.dart.js:96565:25)
    at _EvaluateVisitor1._evaluate0$_withStackFrame$3 (/Users/chrisvelgersdyk/Desktop/carbon-coverall/carbon-coverall-poc/node_modules/sass/sass.dart.js:96571:19)
    at _EvaluateVisitor1._evaluate0$_loadModule$7$baseUrl$configuration$namesInErrors (/Users/chrisvelgersdyk/Desktop/carbon-coverall/carbon-coverall-poc/node_modules/sass/sass.dart.js:94481:13)
    at _EvaluateVisitor1._evaluate0$_loadModule$4 (/Users/chrisvelgersdyk/Desktop/carbon-coverall/carbon-coverall-poc/node_modules/sass/sass.dart.js:94487:19)
    at _EvaluateVisitor1.visitForwardRule$1 (/Users/chrisvelgersdyk/Desktop/carbon-coverall/carbon-coverall-poc/node_modules/sass/sass.dart.js:94899:15)
    at ForwardRule0.accept$1$1 (/Users/chrisvelgersdyk/Desktop/carbon-coverall/carbon-coverall-poc/node_modules/sass/sass.dart.js:99949:22)</failure>
    </testcase>
    <testcase classname="scss/layout.scss should export layout step `5`" name="scss/layout.scss should export layout step `5`" time="0.002">
      <failure>Error: Can&apos;t find stylesheet to import.
  ╷
8 │ @forward &apos;./generated/fluid-spacing&apos;;
  │ ^^^^^^^^^^^^^^^^^^^^^^^^^^^^^^^^^^^^
  ╵
  packages/layout/scss/_spacing.scss 8:1  @forward
  packages/layout/index.scss 9:1          @use
  stdin 5:9                               root stylesheet
    at Object.wrapException (/Users/chrisvelgersdyk/Desktop/carbon-coverall/carbon-coverall-poc/node_modules/sass/sass.dart.js:2161:43)
    at _EvaluateVisitor1._evaluate0$_loadStylesheet$4$baseUrl$forImport (/Users/chrisvelgersdyk/Desktop/carbon-coverall/carbon-coverall-poc/node_modules/sass/sass.dart.js:95086:19)
    at _EvaluateVisitor1._evaluate0$_loadStylesheet$3$baseUrl (/Users/chrisvelgersdyk/Desktop/carbon-coverall/carbon-coverall-poc/node_modules/sass/sass.dart.js:95112:19)
    at _EvaluateVisitor__loadModule_closure4.call$0 (/Users/chrisvelgersdyk/Desktop/carbon-coverall/carbon-coverall-poc/node_modules/sass/sass.dart.js:97026:19)
    at _EvaluateVisitor1._evaluate0$_withStackFrame$1$3 (/Users/chrisvelgersdyk/Desktop/carbon-coverall/carbon-coverall-poc/node_modules/sass/sass.dart.js:96565:25)
    at _EvaluateVisitor1._evaluate0$_withStackFrame$3 (/Users/chrisvelgersdyk/Desktop/carbon-coverall/carbon-coverall-poc/node_modules/sass/sass.dart.js:96571:19)
    at _EvaluateVisitor1._evaluate0$_loadModule$7$baseUrl$configuration$namesInErrors (/Users/chrisvelgersdyk/Desktop/carbon-coverall/carbon-coverall-poc/node_modules/sass/sass.dart.js:94481:13)
    at _EvaluateVisitor1._evaluate0$_loadModule$4 (/Users/chrisvelgersdyk/Desktop/carbon-coverall/carbon-coverall-poc/node_modules/sass/sass.dart.js:94487:19)
    at _EvaluateVisitor1.visitForwardRule$1 (/Users/chrisvelgersdyk/Desktop/carbon-coverall/carbon-coverall-poc/node_modules/sass/sass.dart.js:94899:15)
    at ForwardRule0.accept$1$1 (/Users/chrisvelgersdyk/Desktop/carbon-coverall/carbon-coverall-poc/node_modules/sass/sass.dart.js:99949:22)</failure>
    </testcase>
    <testcase classname="scss/layout.scss should export layout step `6`" name="scss/layout.scss should export layout step `6`" time="0.006">
      <failure>Error: Can&apos;t find stylesheet to import.
  ╷
8 │ @forward &apos;./generated/fluid-spacing&apos;;
  │ ^^^^^^^^^^^^^^^^^^^^^^^^^^^^^^^^^^^^
  ╵
  packages/layout/scss/_spacing.scss 8:1  @forward
  packages/layout/index.scss 9:1          @use
  stdin 5:9                               root stylesheet
    at Object.wrapException (/Users/chrisvelgersdyk/Desktop/carbon-coverall/carbon-coverall-poc/node_modules/sass/sass.dart.js:2161:43)
    at _EvaluateVisitor1._evaluate0$_loadStylesheet$4$baseUrl$forImport (/Users/chrisvelgersdyk/Desktop/carbon-coverall/carbon-coverall-poc/node_modules/sass/sass.dart.js:95086:19)
    at _EvaluateVisitor1._evaluate0$_loadStylesheet$3$baseUrl (/Users/chrisvelgersdyk/Desktop/carbon-coverall/carbon-coverall-poc/node_modules/sass/sass.dart.js:95112:19)
    at _EvaluateVisitor__loadModule_closure4.call$0 (/Users/chrisvelgersdyk/Desktop/carbon-coverall/carbon-coverall-poc/node_modules/sass/sass.dart.js:97026:19)
    at _EvaluateVisitor1._evaluate0$_withStackFrame$1$3 (/Users/chrisvelgersdyk/Desktop/carbon-coverall/carbon-coverall-poc/node_modules/sass/sass.dart.js:96565:25)
    at _EvaluateVisitor1._evaluate0$_withStackFrame$3 (/Users/chrisvelgersdyk/Desktop/carbon-coverall/carbon-coverall-poc/node_modules/sass/sass.dart.js:96571:19)
    at _EvaluateVisitor1._evaluate0$_loadModule$7$baseUrl$configuration$namesInErrors (/Users/chrisvelgersdyk/Desktop/carbon-coverall/carbon-coverall-poc/node_modules/sass/sass.dart.js:94481:13)
    at _EvaluateVisitor1._evaluate0$_loadModule$4 (/Users/chrisvelgersdyk/Desktop/carbon-coverall/carbon-coverall-poc/node_modules/sass/sass.dart.js:94487:19)
    at _EvaluateVisitor1.visitForwardRule$1 (/Users/chrisvelgersdyk/Desktop/carbon-coverall/carbon-coverall-poc/node_modules/sass/sass.dart.js:94899:15)
    at ForwardRule0.accept$1$1 (/Users/chrisvelgersdyk/Desktop/carbon-coverall/carbon-coverall-poc/node_modules/sass/sass.dart.js:99949:22)</failure>
    </testcase>
  </testsuite>
  <testsuite name="scss/components/text-area" errors="0" failures="1" skipped="0" timestamp="2025-04-09T19:39:53" time="0.245" tests="1">
    <testcase classname="scss/components/text-area Public API" name="scss/components/text-area Public API" time="0.08">
      <failure>Error: Can&apos;t find stylesheet to import.
  ╷
8 │ @forward &apos;./generated/fluid-spacing&apos;;
  │ ^^^^^^^^^^^^^^^^^^^^^^^^^^^^^^^^^^^^
  ╵
  node_modules/@carbon/layout/scss/_spacing.scss 8:1             @forward
  packages/styles/scss/_spacing.scss 8:1                         @use
  packages/styles/scss/components/form/_form.scss 9:1            @forward
  packages/styles/scss/components/form/_index.scss 8:1           @use
  packages/styles/scss/components/text-area/_text-area.scss 8:1  @forward
  packages/styles/scss/components/text-area/_index.scss 8:1      @use
  stdin 4:8                                                      root stylesheet
    at Object.wrapException (/Users/chrisvelgersdyk/Desktop/carbon-coverall/carbon-coverall-poc/node_modules/sass/sass.dart.js:2161:43)
    at _EvaluateVisitor1._evaluate0$_loadStylesheet$4$baseUrl$forImport (/Users/chrisvelgersdyk/Desktop/carbon-coverall/carbon-coverall-poc/node_modules/sass/sass.dart.js:95086:19)
    at _EvaluateVisitor1._evaluate0$_loadStylesheet$3$baseUrl (/Users/chrisvelgersdyk/Desktop/carbon-coverall/carbon-coverall-poc/node_modules/sass/sass.dart.js:95112:19)
    at _EvaluateVisitor__loadModule_closure4.call$0 (/Users/chrisvelgersdyk/Desktop/carbon-coverall/carbon-coverall-poc/node_modules/sass/sass.dart.js:97026:19)
    at _EvaluateVisitor1._evaluate0$_withStackFrame$1$3 (/Users/chrisvelgersdyk/Desktop/carbon-coverall/carbon-coverall-poc/node_modules/sass/sass.dart.js:96565:25)
    at _EvaluateVisitor1._evaluate0$_withStackFrame$3 (/Users/chrisvelgersdyk/Desktop/carbon-coverall/carbon-coverall-poc/node_modules/sass/sass.dart.js:96571:19)
    at _EvaluateVisitor1._evaluate0$_loadModule$7$baseUrl$configuration$namesInErrors (/Users/chrisvelgersdyk/Desktop/carbon-coverall/carbon-coverall-poc/node_modules/sass/sass.dart.js:94481:13)
    at _EvaluateVisitor1._evaluate0$_loadModule$4 (/Users/chrisvelgersdyk/Desktop/carbon-coverall/carbon-coverall-poc/node_modules/sass/sass.dart.js:94487:19)
    at _EvaluateVisitor1.visitForwardRule$1 (/Users/chrisvelgersdyk/Desktop/carbon-coverall/carbon-coverall-poc/node_modules/sass/sass.dart.js:94899:15)
    at ForwardRule0.accept$1$1 (/Users/chrisvelgersdyk/Desktop/carbon-coverall/carbon-coverall-poc/node_modules/sass/sass.dart.js:99949:22)</failure>
    </testcase>
  </testsuite>
  <testsuite name="scss/components/form" errors="0" failures="2" skipped="0" timestamp="2025-04-09T19:39:53" time="0.312" tests="2">
    <testcase classname="scss/components/form Public API" name="scss/components/form Public API" time="0.08">
      <failure>Error: Can&apos;t find stylesheet to import.
  ╷
8 │ @forward &apos;./generated/fluid-spacing&apos;;
  │ ^^^^^^^^^^^^^^^^^^^^^^^^^^^^^^^^^^^^
  ╵
  node_modules/@carbon/layout/scss/_spacing.scss 8:1    @forward
  packages/styles/scss/_spacing.scss 8:1                @use
  packages/styles/scss/components/form/_form.scss 9:1   @forward
  packages/styles/scss/components/form/_index.scss 8:1  @use
  stdin 5:7                                             root stylesheet
    at Object.wrapException (/Users/chrisvelgersdyk/Desktop/carbon-coverall/carbon-coverall-poc/node_modules/sass/sass.dart.js:2161:43)
    at _EvaluateVisitor1._evaluate0$_loadStylesheet$4$baseUrl$forImport (/Users/chrisvelgersdyk/Desktop/carbon-coverall/carbon-coverall-poc/node_modules/sass/sass.dart.js:95086:19)
    at _EvaluateVisitor1._evaluate0$_loadStylesheet$3$baseUrl (/Users/chrisvelgersdyk/Desktop/carbon-coverall/carbon-coverall-poc/node_modules/sass/sass.dart.js:95112:19)
    at _EvaluateVisitor__loadModule_closure4.call$0 (/Users/chrisvelgersdyk/Desktop/carbon-coverall/carbon-coverall-poc/node_modules/sass/sass.dart.js:97026:19)
    at _EvaluateVisitor1._evaluate0$_withStackFrame$1$3 (/Users/chrisvelgersdyk/Desktop/carbon-coverall/carbon-coverall-poc/node_modules/sass/sass.dart.js:96565:25)
    at _EvaluateVisitor1._evaluate0$_withStackFrame$3 (/Users/chrisvelgersdyk/Desktop/carbon-coverall/carbon-coverall-poc/node_modules/sass/sass.dart.js:96571:19)
    at _EvaluateVisitor1._evaluate0$_loadModule$7$baseUrl$configuration$namesInErrors (/Users/chrisvelgersdyk/Desktop/carbon-coverall/carbon-coverall-poc/node_modules/sass/sass.dart.js:94481:13)
    at _EvaluateVisitor1._evaluate0$_loadModule$4 (/Users/chrisvelgersdyk/Desktop/carbon-coverall/carbon-coverall-poc/node_modules/sass/sass.dart.js:94487:19)
    at _EvaluateVisitor1.visitForwardRule$1 (/Users/chrisvelgersdyk/Desktop/carbon-coverall/carbon-coverall-poc/node_modules/sass/sass.dart.js:94899:15)
    at ForwardRule0.accept$1$1 (/Users/chrisvelgersdyk/Desktop/carbon-coverall/carbon-coverall-poc/node_modules/sass/sass.dart.js:99949:22)</failure>
    </testcase>
    <testcase classname="scss/components/form configuration" name="scss/components/form configuration" time="0.027">
      <failure>Error: Can&apos;t find stylesheet to import.
  ╷
8 │ @forward &apos;./generated/fluid-spacing&apos;;
  │ ^^^^^^^^^^^^^^^^^^^^^^^^^^^^^^^^^^^^
  ╵
  node_modules/@carbon/layout/scss/_spacing.scss 8:1    @forward
  packages/styles/scss/_spacing.scss 8:1                @use
  packages/styles/scss/components/form/_form.scss 9:1   @forward
  packages/styles/scss/components/form/_index.scss 8:1  @use
  stdin 3:7                                             root stylesheet
    at Object.wrapException (/Users/chrisvelgersdyk/Desktop/carbon-coverall/carbon-coverall-poc/node_modules/sass/sass.dart.js:2161:43)
    at _EvaluateVisitor1._evaluate0$_loadStylesheet$4$baseUrl$forImport (/Users/chrisvelgersdyk/Desktop/carbon-coverall/carbon-coverall-poc/node_modules/sass/sass.dart.js:95086:19)
    at _EvaluateVisitor1._evaluate0$_loadStylesheet$3$baseUrl (/Users/chrisvelgersdyk/Desktop/carbon-coverall/carbon-coverall-poc/node_modules/sass/sass.dart.js:95112:19)
    at _EvaluateVisitor__loadModule_closure4.call$0 (/Users/chrisvelgersdyk/Desktop/carbon-coverall/carbon-coverall-poc/node_modules/sass/sass.dart.js:97026:19)
    at _EvaluateVisitor1._evaluate0$_withStackFrame$1$3 (/Users/chrisvelgersdyk/Desktop/carbon-coverall/carbon-coverall-poc/node_modules/sass/sass.dart.js:96565:25)
    at _EvaluateVisitor1._evaluate0$_withStackFrame$3 (/Users/chrisvelgersdyk/Desktop/carbon-coverall/carbon-coverall-poc/node_modules/sass/sass.dart.js:96571:19)
    at _EvaluateVisitor1._evaluate0$_loadModule$7$baseUrl$configuration$namesInErrors (/Users/chrisvelgersdyk/Desktop/carbon-coverall/carbon-coverall-poc/node_modules/sass/sass.dart.js:94481:13)
    at _EvaluateVisitor1._evaluate0$_loadModule$4 (/Users/chrisvelgersdyk/Desktop/carbon-coverall/carbon-coverall-poc/node_modules/sass/sass.dart.js:94487:19)
    at _EvaluateVisitor1.visitForwardRule$1 (/Users/chrisvelgersdyk/Desktop/carbon-coverall/carbon-coverall-poc/node_modules/sass/sass.dart.js:94899:15)
    at ForwardRule0.accept$1$1 (/Users/chrisvelgersdyk/Desktop/carbon-coverall/carbon-coverall-poc/node_modules/sass/sass.dart.js:99949:22)</failure>
    </testcase>
  </testsuite>
  <testsuite name="scss/components/accordion" errors="0" failures="2" skipped="0" timestamp="2025-04-09T19:39:53" time="0.392" tests="2">
    <testcase classname="scss/components/accordion Public API" name="scss/components/accordion Public API" time="0.086">
      <failure>Error: Can&apos;t find stylesheet to import.
  ╷
8 │ @forward &apos;generated/themes&apos;;
  │ ^^^^^^^^^^^^^^^^^^^^^^^^^^^
  ╵
  node_modules/@carbon/themes/scss/compat/_themes.scss 8:1        @use
  packages/styles/scss/compat/_themes.scss 9:1                    @use
  packages/styles/scss/theme/_theme.scss 12:1                     @forward
  packages/styles/scss/_theme.scss 8:1                            @use
  packages/styles/scss/components/accordion/_accordion.scss 11:1  @forward
  packages/styles/scss/components/accordion/_index.scss 8:1       @use
  stdin 5:7                                                       root stylesheet
    at Object.wrapException (/Users/chrisvelgersdyk/Desktop/carbon-coverall/carbon-coverall-poc/node_modules/sass/sass.dart.js:2161:43)
    at _EvaluateVisitor1._evaluate0$_loadStylesheet$4$baseUrl$forImport (/Users/chrisvelgersdyk/Desktop/carbon-coverall/carbon-coverall-poc/node_modules/sass/sass.dart.js:95086:19)
    at _EvaluateVisitor1._evaluate0$_loadStylesheet$3$baseUrl (/Users/chrisvelgersdyk/Desktop/carbon-coverall/carbon-coverall-poc/node_modules/sass/sass.dart.js:95112:19)
    at _EvaluateVisitor__loadModule_closure4.call$0 (/Users/chrisvelgersdyk/Desktop/carbon-coverall/carbon-coverall-poc/node_modules/sass/sass.dart.js:97026:19)
    at _EvaluateVisitor1._evaluate0$_withStackFrame$1$3 (/Users/chrisvelgersdyk/Desktop/carbon-coverall/carbon-coverall-poc/node_modules/sass/sass.dart.js:96565:25)
    at _EvaluateVisitor1._evaluate0$_withStackFrame$3 (/Users/chrisvelgersdyk/Desktop/carbon-coverall/carbon-coverall-poc/node_modules/sass/sass.dart.js:96571:19)
    at _EvaluateVisitor1._evaluate0$_loadModule$7$baseUrl$configuration$namesInErrors (/Users/chrisvelgersdyk/Desktop/carbon-coverall/carbon-coverall-poc/node_modules/sass/sass.dart.js:94481:13)
    at _EvaluateVisitor1._evaluate0$_loadModule$4 (/Users/chrisvelgersdyk/Desktop/carbon-coverall/carbon-coverall-poc/node_modules/sass/sass.dart.js:94487:19)
    at _EvaluateVisitor1.visitForwardRule$1 (/Users/chrisvelgersdyk/Desktop/carbon-coverall/carbon-coverall-poc/node_modules/sass/sass.dart.js:94899:15)
    at ForwardRule0.accept$1$1 (/Users/chrisvelgersdyk/Desktop/carbon-coverall/carbon-coverall-poc/node_modules/sass/sass.dart.js:99949:22)</failure>
    </testcase>
    <testcase classname="scss/components/accordion configuration" name="scss/components/accordion configuration" time="0.087">
      <failure>Error: Can&apos;t find stylesheet to import.
  ╷
8 │ @forward &apos;generated/themes&apos;;
  │ ^^^^^^^^^^^^^^^^^^^^^^^^^^^
  ╵
  node_modules/@carbon/themes/scss/compat/_themes.scss 8:1        @use
  packages/styles/scss/compat/_themes.scss 9:1                    @use
  packages/styles/scss/theme/_theme.scss 12:1                     @forward
  packages/styles/scss/_theme.scss 8:1                            @use
  packages/styles/scss/components/accordion/_accordion.scss 11:1  @forward
  packages/styles/scss/components/accordion/_index.scss 8:1       @use
  stdin 3:7                                                       root stylesheet
    at Object.wrapException (/Users/chrisvelgersdyk/Desktop/carbon-coverall/carbon-coverall-poc/node_modules/sass/sass.dart.js:2161:43)
    at _EvaluateVisitor1._evaluate0$_loadStylesheet$4$baseUrl$forImport (/Users/chrisvelgersdyk/Desktop/carbon-coverall/carbon-coverall-poc/node_modules/sass/sass.dart.js:95086:19)
    at _EvaluateVisitor1._evaluate0$_loadStylesheet$3$baseUrl (/Users/chrisvelgersdyk/Desktop/carbon-coverall/carbon-coverall-poc/node_modules/sass/sass.dart.js:95112:19)
    at _EvaluateVisitor__loadModule_closure4.call$0 (/Users/chrisvelgersdyk/Desktop/carbon-coverall/carbon-coverall-poc/node_modules/sass/sass.dart.js:97026:19)
    at _EvaluateVisitor1._evaluate0$_withStackFrame$1$3 (/Users/chrisvelgersdyk/Desktop/carbon-coverall/carbon-coverall-poc/node_modules/sass/sass.dart.js:96565:25)
    at _EvaluateVisitor1._evaluate0$_withStackFrame$3 (/Users/chrisvelgersdyk/Desktop/carbon-coverall/carbon-coverall-poc/node_modules/sass/sass.dart.js:96571:19)
    at _EvaluateVisitor1._evaluate0$_loadModule$7$baseUrl$configuration$namesInErrors (/Users/chrisvelgersdyk/Desktop/carbon-coverall/carbon-coverall-poc/node_modules/sass/sass.dart.js:94481:13)
    at _EvaluateVisitor1._evaluate0$_loadModule$4 (/Users/chrisvelgersdyk/Desktop/carbon-coverall/carbon-coverall-poc/node_modules/sass/sass.dart.js:94487:19)
    at _EvaluateVisitor1.visitForwardRule$1 (/Users/chrisvelgersdyk/Desktop/carbon-coverall/carbon-coverall-poc/node_modules/sass/sass.dart.js:94899:15)
    at ForwardRule0.accept$1$1 (/Users/chrisvelgersdyk/Desktop/carbon-coverall/carbon-coverall-poc/node_modules/sass/sass.dart.js:99949:22)</failure>
    </testcase>
  </testsuite>
  <testsuite name="scss/components/code-snippet" errors="0" failures="2" skipped="0" timestamp="2025-04-09T19:39:54" time="0.305" tests="2">
    <testcase classname="scss/components/code-snippet Public API" name="scss/components/code-snippet Public API" time="0.077">
      <failure>Error: Can&apos;t find stylesheet to import.
  ╷
8 │ @forward &apos;generated/themes&apos;;
  │ ^^^^^^^^^^^^^^^^^^^^^^^^^^^
  ╵
  node_modules/@carbon/themes/scss/compat/_themes.scss 8:1             @use
  packages/styles/scss/compat/_themes.scss 9:1                         @use
  packages/styles/scss/theme/_theme.scss 12:1                          @forward
  packages/styles/scss/_theme.scss 8:1                                 @use
  packages/styles/scss/components/code-snippet/_mixins.scss 8:1        @use
  packages/styles/scss/components/code-snippet/_code-snippet.scss 8:1  @forward
  packages/styles/scss/components/code-snippet/_index.scss 8:1         @use
  stdin 5:7                                                            root stylesheet
    at Object.wrapException (/Users/chrisvelgersdyk/Desktop/carbon-coverall/carbon-coverall-poc/node_modules/sass/sass.dart.js:2161:43)
    at _EvaluateVisitor1._evaluate0$_loadStylesheet$4$baseUrl$forImport (/Users/chrisvelgersdyk/Desktop/carbon-coverall/carbon-coverall-poc/node_modules/sass/sass.dart.js:95086:19)
    at _EvaluateVisitor1._evaluate0$_loadStylesheet$3$baseUrl (/Users/chrisvelgersdyk/Desktop/carbon-coverall/carbon-coverall-poc/node_modules/sass/sass.dart.js:95112:19)
    at _EvaluateVisitor__loadModule_closure4.call$0 (/Users/chrisvelgersdyk/Desktop/carbon-coverall/carbon-coverall-poc/node_modules/sass/sass.dart.js:97026:19)
    at _EvaluateVisitor1._evaluate0$_withStackFrame$1$3 (/Users/chrisvelgersdyk/Desktop/carbon-coverall/carbon-coverall-poc/node_modules/sass/sass.dart.js:96565:25)
    at _EvaluateVisitor1._evaluate0$_withStackFrame$3 (/Users/chrisvelgersdyk/Desktop/carbon-coverall/carbon-coverall-poc/node_modules/sass/sass.dart.js:96571:19)
    at _EvaluateVisitor1._evaluate0$_loadModule$7$baseUrl$configuration$namesInErrors (/Users/chrisvelgersdyk/Desktop/carbon-coverall/carbon-coverall-poc/node_modules/sass/sass.dart.js:94481:13)
    at _EvaluateVisitor1._evaluate0$_loadModule$4 (/Users/chrisvelgersdyk/Desktop/carbon-coverall/carbon-coverall-poc/node_modules/sass/sass.dart.js:94487:19)
    at _EvaluateVisitor1.visitForwardRule$1 (/Users/chrisvelgersdyk/Desktop/carbon-coverall/carbon-coverall-poc/node_modules/sass/sass.dart.js:94899:15)
    at ForwardRule0.accept$1$1 (/Users/chrisvelgersdyk/Desktop/carbon-coverall/carbon-coverall-poc/node_modules/sass/sass.dart.js:99949:22)</failure>
    </testcase>
    <testcase classname="scss/components/code-snippet configuration" name="scss/components/code-snippet configuration" time="0.034">
      <failure>Error: Can&apos;t find stylesheet to import.
  ╷
8 │ @forward &apos;generated/themes&apos;;
  │ ^^^^^^^^^^^^^^^^^^^^^^^^^^^
  ╵
  node_modules/@carbon/themes/scss/compat/_themes.scss 8:1             @use
  packages/styles/scss/compat/_themes.scss 9:1                         @use
  packages/styles/scss/theme/_theme.scss 12:1                          @forward
  packages/styles/scss/_theme.scss 8:1                                 @use
  packages/styles/scss/components/code-snippet/_mixins.scss 8:1        @use
  packages/styles/scss/components/code-snippet/_code-snippet.scss 8:1  @forward
  packages/styles/scss/components/code-snippet/_index.scss 8:1         @use
  stdin 3:7                                                            root stylesheet
    at Object.wrapException (/Users/chrisvelgersdyk/Desktop/carbon-coverall/carbon-coverall-poc/node_modules/sass/sass.dart.js:2161:43)
    at _EvaluateVisitor1._evaluate0$_loadStylesheet$4$baseUrl$forImport (/Users/chrisvelgersdyk/Desktop/carbon-coverall/carbon-coverall-poc/node_modules/sass/sass.dart.js:95086:19)
    at _EvaluateVisitor1._evaluate0$_loadStylesheet$3$baseUrl (/Users/chrisvelgersdyk/Desktop/carbon-coverall/carbon-coverall-poc/node_modules/sass/sass.dart.js:95112:19)
    at _EvaluateVisitor__loadModule_closure4.call$0 (/Users/chrisvelgersdyk/Desktop/carbon-coverall/carbon-coverall-poc/node_modules/sass/sass.dart.js:97026:19)
    at _EvaluateVisitor1._evaluate0$_withStackFrame$1$3 (/Users/chrisvelgersdyk/Desktop/carbon-coverall/carbon-coverall-poc/node_modules/sass/sass.dart.js:96565:25)
    at _EvaluateVisitor1._evaluate0$_withStackFrame$3 (/Users/chrisvelgersdyk/Desktop/carbon-coverall/carbon-coverall-poc/node_modules/sass/sass.dart.js:96571:19)
    at _EvaluateVisitor1._evaluate0$_loadModule$7$baseUrl$configuration$namesInErrors (/Users/chrisvelgersdyk/Desktop/carbon-coverall/carbon-coverall-poc/node_modules/sass/sass.dart.js:94481:13)
    at _EvaluateVisitor1._evaluate0$_loadModule$4 (/Users/chrisvelgersdyk/Desktop/carbon-coverall/carbon-coverall-poc/node_modules/sass/sass.dart.js:94487:19)
    at _EvaluateVisitor1.visitForwardRule$1 (/Users/chrisvelgersdyk/Desktop/carbon-coverall/carbon-coverall-poc/node_modules/sass/sass.dart.js:94899:15)
    at ForwardRule0.accept$1$1 (/Users/chrisvelgersdyk/Desktop/carbon-coverall/carbon-coverall-poc/node_modules/sass/sass.dart.js:99949:22)</failure>
    </testcase>
  </testsuite>
  <testsuite name="scss/components/radio-button" errors="0" failures="1" skipped="0" timestamp="2025-04-09T19:39:54" time="0.229" tests="1">
    <testcase classname="scss/components/radio-button Public API" name="scss/components/radio-button Public API" time="0.061">
      <failure>Error: Can&apos;t find stylesheet to import.
  ╷
8 │ @forward &apos;./generated/fluid-spacing&apos;;
  │ ^^^^^^^^^^^^^^^^^^^^^^^^^^^^^^^^^^^^
  ╵
  node_modules/@carbon/layout/scss/_spacing.scss 8:1                    @forward
  packages/styles/scss/_spacing.scss 8:1                                @use
  packages/styles/scss/components/form/_form.scss 9:1                   @forward
  packages/styles/scss/components/form/_index.scss 8:1                  @use
  packages/styles/scss/components/radio-button/_radio-button.scss 12:1  @use
  stdin 4:7                                                             root stylesheet
    at Object.wrapException (/Users/chrisvelgersdyk/Desktop/carbon-coverall/carbon-coverall-poc/node_modules/sass/sass.dart.js:2161:43)
    at _EvaluateVisitor1._evaluate0$_loadStylesheet$4$baseUrl$forImport (/Users/chrisvelgersdyk/Desktop/carbon-coverall/carbon-coverall-poc/node_modules/sass/sass.dart.js:95086:19)
    at _EvaluateVisitor1._evaluate0$_loadStylesheet$3$baseUrl (/Users/chrisvelgersdyk/Desktop/carbon-coverall/carbon-coverall-poc/node_modules/sass/sass.dart.js:95112:19)
    at _EvaluateVisitor__loadModule_closure4.call$0 (/Users/chrisvelgersdyk/Desktop/carbon-coverall/carbon-coverall-poc/node_modules/sass/sass.dart.js:97026:19)
    at _EvaluateVisitor1._evaluate0$_withStackFrame$1$3 (/Users/chrisvelgersdyk/Desktop/carbon-coverall/carbon-coverall-poc/node_modules/sass/sass.dart.js:96565:25)
    at _EvaluateVisitor1._evaluate0$_withStackFrame$3 (/Users/chrisvelgersdyk/Desktop/carbon-coverall/carbon-coverall-poc/node_modules/sass/sass.dart.js:96571:19)
    at _EvaluateVisitor1._evaluate0$_loadModule$7$baseUrl$configuration$namesInErrors (/Users/chrisvelgersdyk/Desktop/carbon-coverall/carbon-coverall-poc/node_modules/sass/sass.dart.js:94481:13)
    at _EvaluateVisitor1._evaluate0$_loadModule$4 (/Users/chrisvelgersdyk/Desktop/carbon-coverall/carbon-coverall-poc/node_modules/sass/sass.dart.js:94487:19)
    at _EvaluateVisitor1.visitForwardRule$1 (/Users/chrisvelgersdyk/Desktop/carbon-coverall/carbon-coverall-poc/node_modules/sass/sass.dart.js:94899:15)
    at ForwardRule0.accept$1$1 (/Users/chrisvelgersdyk/Desktop/carbon-coverall/carbon-coverall-poc/node_modules/sass/sass.dart.js:99949:22)</failure>
    </testcase>
  </testsuite>
  <testsuite name="@carbon/styles/scss/compat" errors="0" failures="5" skipped="0" timestamp="2025-04-09T19:39:54" time="0.266" tests="6">
    <testcase classname="@carbon/styles/scss/compat should export white, g10, g90, and g100 themes" name="@carbon/styles/scss/compat should export white, g10, g90, and g100 themes" time="0.029">
      <failure>Error: Can&apos;t find stylesheet to import.
  ╷
8 │ @forward &apos;generated/themes&apos;;
  │ ^^^^^^^^^^^^^^^^^^^^^^^^^^^
  ╵
  node_modules/@carbon/themes/scss/compat/_themes.scss 8:1  @use
  packages/styles/scss/compat/_themes.scss 9:1              @use
  stdin 5:7                                                 root stylesheet
    at Object.wrapException (/Users/chrisvelgersdyk/Desktop/carbon-coverall/carbon-coverall-poc/node_modules/sass/sass.dart.js:2161:43)
    at _EvaluateVisitor1._evaluate0$_loadStylesheet$4$baseUrl$forImport (/Users/chrisvelgersdyk/Desktop/carbon-coverall/carbon-coverall-poc/node_modules/sass/sass.dart.js:95086:19)
    at _EvaluateVisitor1._evaluate0$_loadStylesheet$3$baseUrl (/Users/chrisvelgersdyk/Desktop/carbon-coverall/carbon-coverall-poc/node_modules/sass/sass.dart.js:95112:19)
    at _EvaluateVisitor__loadModule_closure4.call$0 (/Users/chrisvelgersdyk/Desktop/carbon-coverall/carbon-coverall-poc/node_modules/sass/sass.dart.js:97026:19)
    at _EvaluateVisitor1._evaluate0$_withStackFrame$1$3 (/Users/chrisvelgersdyk/Desktop/carbon-coverall/carbon-coverall-poc/node_modules/sass/sass.dart.js:96565:25)
    at _EvaluateVisitor1._evaluate0$_withStackFrame$3 (/Users/chrisvelgersdyk/Desktop/carbon-coverall/carbon-coverall-poc/node_modules/sass/sass.dart.js:96571:19)
    at _EvaluateVisitor1._evaluate0$_loadModule$7$baseUrl$configuration$namesInErrors (/Users/chrisvelgersdyk/Desktop/carbon-coverall/carbon-coverall-poc/node_modules/sass/sass.dart.js:94481:13)
    at _EvaluateVisitor1._evaluate0$_loadModule$4 (/Users/chrisvelgersdyk/Desktop/carbon-coverall/carbon-coverall-poc/node_modules/sass/sass.dart.js:94487:19)
    at _EvaluateVisitor1.visitForwardRule$1 (/Users/chrisvelgersdyk/Desktop/carbon-coverall/carbon-coverall-poc/node_modules/sass/sass.dart.js:94899:15)
    at ForwardRule0.accept$1$1 (/Users/chrisvelgersdyk/Desktop/carbon-coverall/carbon-coverall-poc/node_modules/sass/sass.dart.js:99949:22)</failure>
    </testcase>
    <testcase classname="@carbon/styles/scss/compat should export v10 tokens as Sass Variables" name="@carbon/styles/scss/compat should export v10 tokens as Sass Variables" time="0.022">
      <failure>Error: Can&apos;t find stylesheet to import.
  ╷
8 │ @forward &apos;generated/themes&apos;;
  │ ^^^^^^^^^^^^^^^^^^^^^^^^^^^
  ╵
  node_modules/@carbon/themes/scss/compat/_themes.scss 8:1  @use
  packages/styles/scss/compat/_themes.scss 9:1              @use
  stdin 4:7                                                 root stylesheet
    at Object.wrapException (/Users/chrisvelgersdyk/Desktop/carbon-coverall/carbon-coverall-poc/node_modules/sass/sass.dart.js:2161:43)
    at _EvaluateVisitor1._evaluate0$_loadStylesheet$4$baseUrl$forImport (/Users/chrisvelgersdyk/Desktop/carbon-coverall/carbon-coverall-poc/node_modules/sass/sass.dart.js:95086:19)
    at _EvaluateVisitor1._evaluate0$_loadStylesheet$3$baseUrl (/Users/chrisvelgersdyk/Desktop/carbon-coverall/carbon-coverall-poc/node_modules/sass/sass.dart.js:95112:19)
    at _EvaluateVisitor__loadModule_closure4.call$0 (/Users/chrisvelgersdyk/Desktop/carbon-coverall/carbon-coverall-poc/node_modules/sass/sass.dart.js:97026:19)
    at _EvaluateVisitor1._evaluate0$_withStackFrame$1$3 (/Users/chrisvelgersdyk/Desktop/carbon-coverall/carbon-coverall-poc/node_modules/sass/sass.dart.js:96565:25)
    at _EvaluateVisitor1._evaluate0$_withStackFrame$3 (/Users/chrisvelgersdyk/Desktop/carbon-coverall/carbon-coverall-poc/node_modules/sass/sass.dart.js:96571:19)
    at _EvaluateVisitor1._evaluate0$_loadModule$7$baseUrl$configuration$namesInErrors (/Users/chrisvelgersdyk/Desktop/carbon-coverall/carbon-coverall-poc/node_modules/sass/sass.dart.js:94481:13)
    at _EvaluateVisitor1._evaluate0$_loadModule$4 (/Users/chrisvelgersdyk/Desktop/carbon-coverall/carbon-coverall-poc/node_modules/sass/sass.dart.js:94487:19)
    at _EvaluateVisitor1.visitForwardRule$1 (/Users/chrisvelgersdyk/Desktop/carbon-coverall/carbon-coverall-poc/node_modules/sass/sass.dart.js:94899:15)
    at ForwardRule0.accept$1$1 (/Users/chrisvelgersdyk/Desktop/carbon-coverall/carbon-coverall-poc/node_modules/sass/sass.dart.js:99949:22)</failure>
    </testcase>
    <testcase classname="@carbon/styles/scss/compat should export v11 tokens that match the fallback theme" name="@carbon/styles/scss/compat should export v11 tokens that match the fallback theme" time="0.013">
      <failure>Error: Can&apos;t find stylesheet to import.
  ╷
8 │ @forward &apos;generated/themes&apos;;
  │ ^^^^^^^^^^^^^^^^^^^^^^^^^^^
  ╵
  node_modules/@carbon/themes/scss/_themes.scss 8:1  @forward
  packages/styles/scss/_themes.scss 9:1              @use
  stdin 4:7                                          root stylesheet
    at Object.wrapException (/Users/chrisvelgersdyk/Desktop/carbon-coverall/carbon-coverall-poc/node_modules/sass/sass.dart.js:2161:43)
    at _EvaluateVisitor1._evaluate0$_loadStylesheet$4$baseUrl$forImport (/Users/chrisvelgersdyk/Desktop/carbon-coverall/carbon-coverall-poc/node_modules/sass/sass.dart.js:95086:19)
    at _EvaluateVisitor1._evaluate0$_loadStylesheet$3$baseUrl (/Users/chrisvelgersdyk/Desktop/carbon-coverall/carbon-coverall-poc/node_modules/sass/sass.dart.js:95112:19)
    at _EvaluateVisitor__loadModule_closure4.call$0 (/Users/chrisvelgersdyk/Desktop/carbon-coverall/carbon-coverall-poc/node_modules/sass/sass.dart.js:97026:19)
    at _EvaluateVisitor1._evaluate0$_withStackFrame$1$3 (/Users/chrisvelgersdyk/Desktop/carbon-coverall/carbon-coverall-poc/node_modules/sass/sass.dart.js:96565:25)
    at _EvaluateVisitor1._evaluate0$_withStackFrame$3 (/Users/chrisvelgersdyk/Desktop/carbon-coverall/carbon-coverall-poc/node_modules/sass/sass.dart.js:96571:19)
    at _EvaluateVisitor1._evaluate0$_loadModule$7$baseUrl$configuration$namesInErrors (/Users/chrisvelgersdyk/Desktop/carbon-coverall/carbon-coverall-poc/node_modules/sass/sass.dart.js:94481:13)
    at _EvaluateVisitor1._evaluate0$_loadModule$4 (/Users/chrisvelgersdyk/Desktop/carbon-coverall/carbon-coverall-poc/node_modules/sass/sass.dart.js:94487:19)
    at _EvaluateVisitor1.visitForwardRule$1 (/Users/chrisvelgersdyk/Desktop/carbon-coverall/carbon-coverall-poc/node_modules/sass/sass.dart.js:94899:15)
    at ForwardRule0.accept$1$1 (/Users/chrisvelgersdyk/Desktop/carbon-coverall/carbon-coverall-poc/node_modules/sass/sass.dart.js:99949:22)</failure>
    </testcase>
    <testcase classname="@carbon/styles/scss/compat should export v10 type tokens" name="@carbon/styles/scss/compat should export v10 type tokens" time="0.008">
      <failure>Error: expect(received).resolves.not.toThrow()

Received promise rejected instead of resolved
Rejected to value: [Error: Can&apos;t find stylesheet to import.
  ╷
8 │ @forward &apos;./generated/fluid-spacing&apos;;
  │ ^^^^^^^^^^^^^^^^^^^^^^^^^^^^^^^^^^^^
  ╵
  node_modules/@carbon/layout/scss/_spacing.scss 8:1  @forward
  node_modules/@carbon/layout/index.scss 9:1          @use
  packages/type/scss/_scale.scss 8:1                  @forward
  packages/type/index.scss 10:1                       @use
  stdin 3:11                                          root stylesheet]
    at expect (/Users/chrisvelgersdyk/Desktop/carbon-coverall/carbon-coverall-poc/node_modules/expect/build/index.js:128:15)
    at Object.expect (/Users/chrisvelgersdyk/Desktop/carbon-coverall/carbon-coverall-poc/packages/styles/__tests__/compat-test.js:68:11)
    at Promise.then.completed (/Users/chrisvelgersdyk/Desktop/carbon-coverall/carbon-coverall-poc/node_modules/jest-circus/build/utils.js:333:28)
    at new Promise (&lt;anonymous&gt;)
    at callAsyncCircusFn (/Users/chrisvelgersdyk/Desktop/carbon-coverall/carbon-coverall-poc/node_modules/jest-circus/build/utils.js:259:10)
    at _callCircusTest (/Users/chrisvelgersdyk/Desktop/carbon-coverall/carbon-coverall-poc/node_modules/jest-circus/build/run.js:276:40)
    at processTicksAndRejections (node:internal/process/task_queues:95:5)
    at _runTest (/Users/chrisvelgersdyk/Desktop/carbon-coverall/carbon-coverall-poc/node_modules/jest-circus/build/run.js:208:3)
    at _runTestsForDescribeBlock (/Users/chrisvelgersdyk/Desktop/carbon-coverall/carbon-coverall-poc/node_modules/jest-circus/build/run.js:96:9)
    at _runTestsForDescribeBlock (/Users/chrisvelgersdyk/Desktop/carbon-coverall/carbon-coverall-poc/node_modules/jest-circus/build/run.js:90:9)</failure>
    </testcase>
    <testcase classname="@carbon/styles/scss/compat should export v10 layout tokens" name="@carbon/styles/scss/compat should export v10 layout tokens" time="0.007">
      <failure>Error: expect(received).resolves.not.toThrow()

Received promise rejected instead of resolved
Rejected to value: [Error: Can&apos;t find stylesheet to import.
  ╷
8 │ @forward &apos;./generated/fluid-spacing&apos;;
  │ ^^^^^^^^^^^^^^^^^^^^^^^^^^^^^^^^^^^^
  ╵
  packages/layout/scss/_spacing.scss 8:1  @forward
  packages/layout/index.scss 9:1          @use
  stdin 3:11                              root stylesheet]
    at expect (/Users/chrisvelgersdyk/Desktop/carbon-coverall/carbon-coverall-poc/node_modules/expect/build/index.js:128:15)
    at Object.expect (/Users/chrisvelgersdyk/Desktop/carbon-coverall/carbon-coverall-poc/packages/styles/__tests__/compat-test.js:88:11)
    at Promise.then.completed (/Users/chrisvelgersdyk/Desktop/carbon-coverall/carbon-coverall-poc/node_modules/jest-circus/build/utils.js:333:28)
    at new Promise (&lt;anonymous&gt;)
    at callAsyncCircusFn (/Users/chrisvelgersdyk/Desktop/carbon-coverall/carbon-coverall-poc/node_modules/jest-circus/build/utils.js:259:10)
    at _callCircusTest (/Users/chrisvelgersdyk/Desktop/carbon-coverall/carbon-coverall-poc/node_modules/jest-circus/build/run.js:276:40)
    at processTicksAndRejections (node:internal/process/task_queues:95:5)
    at _runTest (/Users/chrisvelgersdyk/Desktop/carbon-coverall/carbon-coverall-poc/node_modules/jest-circus/build/run.js:208:3)
    at _runTestsForDescribeBlock (/Users/chrisvelgersdyk/Desktop/carbon-coverall/carbon-coverall-poc/node_modules/jest-circus/build/run.js:96:9)
    at _runTestsForDescribeBlock (/Users/chrisvelgersdyk/Desktop/carbon-coverall/carbon-coverall-poc/node_modules/jest-circus/build/run.js:90:9)</failure>
    </testcase>
    <testcase classname="@carbon/styles/scss/compat should export v10 motion tokens" name="@carbon/styles/scss/compat should export v10 motion tokens" time="0.021">
    </testcase>
  </testsuite>
  <testsuite name="@carbon/pictograms" errors="0" failures="2" skipped="0" timestamp="2025-04-09T19:39:51" time="3.68" tests="2">
    <testcase classname="@carbon/pictograms should export each SVG asset" name="@carbon/pictograms should export each SVG asset" time="0.011">
      <failure>Error: Cannot find module &apos;@carbon/pictograms&apos; from &apos;e2e/pictograms/components-test.js&apos;
    at Resolver._throwModNotFoundError (/Users/chrisvelgersdyk/Desktop/carbon-coverall/carbon-coverall-poc/node_modules/jest-resolve/build/resolver.js:491:11)
    at Resolver.resolveModule (/Users/chrisvelgersdyk/Desktop/carbon-coverall/carbon-coverall-poc/node_modules/jest-resolve/build/resolver.js:413:10)
    at Resolver._getVirtualMockPath (/Users/chrisvelgersdyk/Desktop/carbon-coverall/carbon-coverall-poc/node_modules/jest-resolve/build/resolver.js:733:14)
    at Resolver._getAbsolutePath (/Users/chrisvelgersdyk/Desktop/carbon-coverall/carbon-coverall-poc/node_modules/jest-resolve/build/resolver.js:690:14)
    at Resolver.getModuleID (/Users/chrisvelgersdyk/Desktop/carbon-coverall/carbon-coverall-poc/node_modules/jest-resolve/build/resolver.js:617:31)
    at Runtime._shouldMockCjs (/Users/chrisvelgersdyk/Desktop/carbon-coverall/carbon-coverall-poc/node_modules/jest-runtime/build/index.js:1962:37)
    at Runtime.requireModuleOrMock (/Users/chrisvelgersdyk/Desktop/carbon-coverall/carbon-coverall-poc/node_modules/jest-runtime/build/index.js:1241:14)
    at Object.require (/Users/chrisvelgersdyk/Desktop/carbon-coverall/carbon-coverall-poc/e2e/pictograms/components-test.js:49:38)
    at Promise.then.completed (/Users/chrisvelgersdyk/Desktop/carbon-coverall/carbon-coverall-poc/node_modules/jest-circus/build/utils.js:333:28)
    at new Promise (&lt;anonymous&gt;)
    at callAsyncCircusFn (/Users/chrisvelgersdyk/Desktop/carbon-coverall/carbon-coverall-poc/node_modules/jest-circus/build/utils.js:259:10)
    at _callCircusTest (/Users/chrisvelgersdyk/Desktop/carbon-coverall/carbon-coverall-poc/node_modules/jest-circus/build/run.js:276:40)
    at _runTest (/Users/chrisvelgersdyk/Desktop/carbon-coverall/carbon-coverall-poc/node_modules/jest-circus/build/run.js:208:3)
    at _runTestsForDescribeBlock (/Users/chrisvelgersdyk/Desktop/carbon-coverall/carbon-coverall-poc/node_modules/jest-circus/build/run.js:96:9)
    at _runTestsForDescribeBlock (/Users/chrisvelgersdyk/Desktop/carbon-coverall/carbon-coverall-poc/node_modules/jest-circus/build/run.js:90:9)
    at run (/Users/chrisvelgersdyk/Desktop/carbon-coverall/carbon-coverall-poc/node_modules/jest-circus/build/run.js:31:3)
    at runAndTransformResultsToJestFormat (/Users/chrisvelgersdyk/Desktop/carbon-coverall/carbon-coverall-poc/node_modules/jest-circus/build/legacy-code-todo-rewrite/jestAdapterInit.js:135:21)
    at jestAdapter (/Users/chrisvelgersdyk/Desktop/carbon-coverall/carbon-coverall-poc/node_modules/jest-circus/build/legacy-code-todo-rewrite/jestAdapter.js:92:19)
    at runTestInternal (/Users/chrisvelgersdyk/Desktop/carbon-coverall/carbon-coverall-poc/node_modules/jest-runner/build/runTest.js:411:16)
    at runTest (/Users/chrisvelgersdyk/Desktop/carbon-coverall/carbon-coverall-poc/node_modules/jest-runner/build/runTest.js:499:34)
    at Object.worker (/Users/chrisvelgersdyk/Desktop/carbon-coverall/carbon-coverall-poc/node_modules/jest-runner/build/testWorker.js:133:12)</failure>
    </testcase>
    <testcase classname="@carbon/pictograms should export each SVG asset as a direct path" name="@carbon/pictograms should export each SVG asset as a direct path" time="0.022">
      <failure>Error: expect(received).not.toThrow()

Error name:    &quot;Error&quot;
Error message: &quot;Cannot find module &apos;/Users/chrisvelgersdyk/Desktop/carbon-coverall/carbon-coverall-poc/packages/pictograms/lib/accelerated-computing/index.js&apos; from &apos;e2e/pictograms/components-test.js&apos;&quot;

      70 |
      71 |         expect(() =&gt; {
    &gt; 72 |           require(commonjs);
         |           ^
      73 |         }).not.toThrow();
      74 |         await expect(import(esm)).resolves.toBeDefined();
      75 |       }

      at Resolver._throwModNotFoundError (node_modules/jest-resolve/build/resolver.js:491:11)
      at require (e2e/pictograms/components-test.js:72:11)
      at Object.&lt;anonymous&gt; (node_modules/expect/build/toThrowMatchers.js:83:11)
      at Object.throwingMatcher [as toThrow] (node_modules/expect/build/index.js:342:21)
      at Object.toThrow (e2e/pictograms/components-test.js:73:16)
    at Object.toThrow (/Users/chrisvelgersdyk/Desktop/carbon-coverall/carbon-coverall-poc/e2e/pictograms/components-test.js:73:16)
    at Promise.then.completed (/Users/chrisvelgersdyk/Desktop/carbon-coverall/carbon-coverall-poc/node_modules/jest-circus/build/utils.js:333:28)
    at new Promise (&lt;anonymous&gt;)
    at callAsyncCircusFn (/Users/chrisvelgersdyk/Desktop/carbon-coverall/carbon-coverall-poc/node_modules/jest-circus/build/utils.js:259:10)
    at _callCircusTest (/Users/chrisvelgersdyk/Desktop/carbon-coverall/carbon-coverall-poc/node_modules/jest-circus/build/run.js:276:40)
    at _runTest (/Users/chrisvelgersdyk/Desktop/carbon-coverall/carbon-coverall-poc/node_modules/jest-circus/build/run.js:208:3)
    at _runTestsForDescribeBlock (/Users/chrisvelgersdyk/Desktop/carbon-coverall/carbon-coverall-poc/node_modules/jest-circus/build/run.js:96:9)
    at _runTestsForDescribeBlock (/Users/chrisvelgersdyk/Desktop/carbon-coverall/carbon-coverall-poc/node_modules/jest-circus/build/run.js:90:9)
    at run (/Users/chrisvelgersdyk/Desktop/carbon-coverall/carbon-coverall-poc/node_modules/jest-circus/build/run.js:31:3)
    at runAndTransformResultsToJestFormat (/Users/chrisvelgersdyk/Desktop/carbon-coverall/carbon-coverall-poc/node_modules/jest-circus/build/legacy-code-todo-rewrite/jestAdapterInit.js:135:21)</failure>
    </testcase>
  </testsuite>
  <testsuite name="scss/components/data-table" errors="0" failures="5" skipped="0" timestamp="2025-04-09T19:39:55" time="0.293" tests="5">
    <testcase classname="scss/components/data-table Public API" name="scss/components/data-table Public API" time="0.064">
      <failure>Error: Can&apos;t find stylesheet to import.
  ╷
8 │ @forward &apos;generated/themes&apos;;
  │ ^^^^^^^^^^^^^^^^^^^^^^^^^^^
  ╵
  node_modules/@carbon/themes/scss/compat/_themes.scss 8:1    @use
  packages/styles/scss/compat/_themes.scss 9:1                @use
  packages/styles/scss/theme/_theme.scss 12:1                 @forward
  packages/styles/scss/_theme.scss 8:1                        @use
  packages/styles/scss/components/data-table/_vars.scss 8:1   @forward
  packages/styles/scss/components/data-table/_index.scss 8:1  @use
  stdin 5:8                                                   root stylesheet
    at Object.wrapException (/Users/chrisvelgersdyk/Desktop/carbon-coverall/carbon-coverall-poc/node_modules/sass/sass.dart.js:2161:43)
    at _EvaluateVisitor1._evaluate0$_loadStylesheet$4$baseUrl$forImport (/Users/chrisvelgersdyk/Desktop/carbon-coverall/carbon-coverall-poc/node_modules/sass/sass.dart.js:95086:19)
    at _EvaluateVisitor1._evaluate0$_loadStylesheet$3$baseUrl (/Users/chrisvelgersdyk/Desktop/carbon-coverall/carbon-coverall-poc/node_modules/sass/sass.dart.js:95112:19)
    at _EvaluateVisitor__loadModule_closure4.call$0 (/Users/chrisvelgersdyk/Desktop/carbon-coverall/carbon-coverall-poc/node_modules/sass/sass.dart.js:97026:19)
    at _EvaluateVisitor1._evaluate0$_withStackFrame$1$3 (/Users/chrisvelgersdyk/Desktop/carbon-coverall/carbon-coverall-poc/node_modules/sass/sass.dart.js:96565:25)
    at _EvaluateVisitor1._evaluate0$_withStackFrame$3 (/Users/chrisvelgersdyk/Desktop/carbon-coverall/carbon-coverall-poc/node_modules/sass/sass.dart.js:96571:19)
    at _EvaluateVisitor1._evaluate0$_loadModule$7$baseUrl$configuration$namesInErrors (/Users/chrisvelgersdyk/Desktop/carbon-coverall/carbon-coverall-poc/node_modules/sass/sass.dart.js:94481:13)
    at _EvaluateVisitor1._evaluate0$_loadModule$4 (/Users/chrisvelgersdyk/Desktop/carbon-coverall/carbon-coverall-poc/node_modules/sass/sass.dart.js:94487:19)
    at _EvaluateVisitor1.visitForwardRule$1 (/Users/chrisvelgersdyk/Desktop/carbon-coverall/carbon-coverall-poc/node_modules/sass/sass.dart.js:94899:15)
    at ForwardRule0.accept$1$1 (/Users/chrisvelgersdyk/Desktop/carbon-coverall/carbon-coverall-poc/node_modules/sass/sass.dart.js:99949:22)</failure>
    </testcase>
    <testcase classname="scss/components/data-table/action Public API" name="scss/components/data-table/action Public API" time="0.024">
      <failure>Error: Can&apos;t find stylesheet to import.
  ╷
8 │ @forward &apos;./generated/fluid-spacing&apos;;
  │ ^^^^^^^^^^^^^^^^^^^^^^^^^^^^^^^^^^^^
  ╵
  node_modules/@carbon/layout/scss/_spacing.scss 8:1                             @forward
  packages/styles/scss/_spacing.scss 8:1                                         @use
  packages/styles/scss/components/button/_vars.scss 8:1                          @forward
  packages/styles/scss/components/button/_index.scss 8:1                         @use
  packages/styles/scss/components/data-table/action/_data-table-action.scss 8:1  @forward
  packages/styles/scss/components/data-table/action/_index.scss 8:1              @use
  stdin 5:10                                                                     root stylesheet
    at Object.wrapException (/Users/chrisvelgersdyk/Desktop/carbon-coverall/carbon-coverall-poc/node_modules/sass/sass.dart.js:2161:43)
    at _EvaluateVisitor1._evaluate0$_loadStylesheet$4$baseUrl$forImport (/Users/chrisvelgersdyk/Desktop/carbon-coverall/carbon-coverall-poc/node_modules/sass/sass.dart.js:95086:19)
    at _EvaluateVisitor1._evaluate0$_loadStylesheet$3$baseUrl (/Users/chrisvelgersdyk/Desktop/carbon-coverall/carbon-coverall-poc/node_modules/sass/sass.dart.js:95112:19)
    at _EvaluateVisitor__loadModule_closure4.call$0 (/Users/chrisvelgersdyk/Desktop/carbon-coverall/carbon-coverall-poc/node_modules/sass/sass.dart.js:97026:19)
    at _EvaluateVisitor1._evaluate0$_withStackFrame$1$3 (/Users/chrisvelgersdyk/Desktop/carbon-coverall/carbon-coverall-poc/node_modules/sass/sass.dart.js:96565:25)
    at _EvaluateVisitor1._evaluate0$_withStackFrame$3 (/Users/chrisvelgersdyk/Desktop/carbon-coverall/carbon-coverall-poc/node_modules/sass/sass.dart.js:96571:19)
    at _EvaluateVisitor1._evaluate0$_loadModule$7$baseUrl$configuration$namesInErrors (/Users/chrisvelgersdyk/Desktop/carbon-coverall/carbon-coverall-poc/node_modules/sass/sass.dart.js:94481:13)
    at _EvaluateVisitor1._evaluate0$_loadModule$4 (/Users/chrisvelgersdyk/Desktop/carbon-coverall/carbon-coverall-poc/node_modules/sass/sass.dart.js:94487:19)
    at _EvaluateVisitor1.visitForwardRule$1 (/Users/chrisvelgersdyk/Desktop/carbon-coverall/carbon-coverall-poc/node_modules/sass/sass.dart.js:94899:15)
    at ForwardRule0.accept$1$1 (/Users/chrisvelgersdyk/Desktop/carbon-coverall/carbon-coverall-poc/node_modules/sass/sass.dart.js:99949:22)</failure>
    </testcase>
    <testcase classname="scss/components/data-table/expandable Public API" name="scss/components/data-table/expandable Public API" time="0.023">
      <failure>Error: Can&apos;t find stylesheet to import.
  ╷
8 │ @forward &apos;./generated/fluid-spacing&apos;;
  │ ^^^^^^^^^^^^^^^^^^^^^^^^^^^^^^^^^^^^
  ╵
  node_modules/@carbon/layout/scss/_spacing.scss 8:1                                     @forward
  packages/styles/scss/_spacing.scss 8:1                                                 @use
  packages/styles/scss/components/button/_vars.scss 8:1                                  @forward
  packages/styles/scss/components/button/_index.scss 8:1                                 @use
  packages/styles/scss/components/data-table/action/_data-table-action.scss 8:1          @forward
  packages/styles/scss/components/data-table/action/_index.scss 8:1                      @use
  packages/styles/scss/components/data-table/expandable/_data-table-expandable.scss 8:1  @forward
  packages/styles/scss/components/data-table/expandable/_index.scss 8:1                  @use
  stdin 5:10                                                                             root stylesheet
    at Object.wrapException (/Users/chrisvelgersdyk/Desktop/carbon-coverall/carbon-coverall-poc/node_modules/sass/sass.dart.js:2161:43)
    at _EvaluateVisitor1._evaluate0$_loadStylesheet$4$baseUrl$forImport (/Users/chrisvelgersdyk/Desktop/carbon-coverall/carbon-coverall-poc/node_modules/sass/sass.dart.js:95086:19)
    at _EvaluateVisitor1._evaluate0$_loadStylesheet$3$baseUrl (/Users/chrisvelgersdyk/Desktop/carbon-coverall/carbon-coverall-poc/node_modules/sass/sass.dart.js:95112:19)
    at _EvaluateVisitor__loadModule_closure4.call$0 (/Users/chrisvelgersdyk/Desktop/carbon-coverall/carbon-coverall-poc/node_modules/sass/sass.dart.js:97026:19)
    at _EvaluateVisitor1._evaluate0$_withStackFrame$1$3 (/Users/chrisvelgersdyk/Desktop/carbon-coverall/carbon-coverall-poc/node_modules/sass/sass.dart.js:96565:25)
    at _EvaluateVisitor1._evaluate0$_withStackFrame$3 (/Users/chrisvelgersdyk/Desktop/carbon-coverall/carbon-coverall-poc/node_modules/sass/sass.dart.js:96571:19)
    at _EvaluateVisitor1._evaluate0$_loadModule$7$baseUrl$configuration$namesInErrors (/Users/chrisvelgersdyk/Desktop/carbon-coverall/carbon-coverall-poc/node_modules/sass/sass.dart.js:94481:13)
    at _EvaluateVisitor1._evaluate0$_loadModule$4 (/Users/chrisvelgersdyk/Desktop/carbon-coverall/carbon-coverall-poc/node_modules/sass/sass.dart.js:94487:19)
    at _EvaluateVisitor1.visitForwardRule$1 (/Users/chrisvelgersdyk/Desktop/carbon-coverall/carbon-coverall-poc/node_modules/sass/sass.dart.js:94899:15)
    at ForwardRule0.accept$1$1 (/Users/chrisvelgersdyk/Desktop/carbon-coverall/carbon-coverall-poc/node_modules/sass/sass.dart.js:99949:22)</failure>
    </testcase>
    <testcase classname="scss/components/data-table/skeleton Public API" name="scss/components/data-table/skeleton Public API" time="0.007">
      <failure>Error: Can&apos;t find stylesheet to import.
  ╷
8 │ @forward &apos;./generated/fluid-spacing&apos;;
  │ ^^^^^^^^^^^^^^^^^^^^^^^^^^^^^^^^^^^^
  ╵
  node_modules/@carbon/layout/scss/_spacing.scss 8:1                                 @forward
  packages/styles/scss/_spacing.scss 8:1                                             @use
  packages/styles/scss/components/data-table/skeleton/_data-table-skeleton.scss 9:1  @forward
  packages/styles/scss/components/data-table/skeleton/_index.scss 8:1                @use
  stdin 5:10                                                                         root stylesheet
    at Object.wrapException (/Users/chrisvelgersdyk/Desktop/carbon-coverall/carbon-coverall-poc/node_modules/sass/sass.dart.js:2161:43)
    at _EvaluateVisitor1._evaluate0$_loadStylesheet$4$baseUrl$forImport (/Users/chrisvelgersdyk/Desktop/carbon-coverall/carbon-coverall-poc/node_modules/sass/sass.dart.js:95086:19)
    at _EvaluateVisitor1._evaluate0$_loadStylesheet$3$baseUrl (/Users/chrisvelgersdyk/Desktop/carbon-coverall/carbon-coverall-poc/node_modules/sass/sass.dart.js:95112:19)
    at _EvaluateVisitor__loadModule_closure4.call$0 (/Users/chrisvelgersdyk/Desktop/carbon-coverall/carbon-coverall-poc/node_modules/sass/sass.dart.js:97026:19)
    at _EvaluateVisitor1._evaluate0$_withStackFrame$1$3 (/Users/chrisvelgersdyk/Desktop/carbon-coverall/carbon-coverall-poc/node_modules/sass/sass.dart.js:96565:25)
    at _EvaluateVisitor1._evaluate0$_withStackFrame$3 (/Users/chrisvelgersdyk/Desktop/carbon-coverall/carbon-coverall-poc/node_modules/sass/sass.dart.js:96571:19)
    at _EvaluateVisitor1._evaluate0$_loadModule$7$baseUrl$configuration$namesInErrors (/Users/chrisvelgersdyk/Desktop/carbon-coverall/carbon-coverall-poc/node_modules/sass/sass.dart.js:94481:13)
    at _EvaluateVisitor1._evaluate0$_loadModule$4 (/Users/chrisvelgersdyk/Desktop/carbon-coverall/carbon-coverall-poc/node_modules/sass/sass.dart.js:94487:19)
    at _EvaluateVisitor1.visitForwardRule$1 (/Users/chrisvelgersdyk/Desktop/carbon-coverall/carbon-coverall-poc/node_modules/sass/sass.dart.js:94899:15)
    at ForwardRule0.accept$1$1 (/Users/chrisvelgersdyk/Desktop/carbon-coverall/carbon-coverall-poc/node_modules/sass/sass.dart.js:99949:22)</failure>
    </testcase>
    <testcase classname="scss/components/data-table/sort Public API" name="scss/components/data-table/sort Public API" time="0.035">
      <failure>Error: Can&apos;t find stylesheet to import.
  ╷
8 │ @forward &apos;generated/themes&apos;;
  │ ^^^^^^^^^^^^^^^^^^^^^^^^^^^
  ╵
  node_modules/@carbon/themes/scss/compat/_themes.scss 8:1                   @use
  packages/styles/scss/compat/_themes.scss 9:1                               @use
  packages/styles/scss/theme/_theme.scss 12:1                                @forward
  packages/styles/scss/_theme.scss 8:1                                       @use
  packages/styles/scss/components/data-table/_vars.scss 8:1                  @use
  packages/styles/scss/components/data-table/sort/_data-table-sort.scss 7:1  @forward
  packages/styles/scss/components/data-table/sort/_index.scss 8:1            @use
  stdin 5:10                                                                 root stylesheet
    at Object.wrapException (/Users/chrisvelgersdyk/Desktop/carbon-coverall/carbon-coverall-poc/node_modules/sass/sass.dart.js:2161:43)
    at _EvaluateVisitor1._evaluate0$_loadStylesheet$4$baseUrl$forImport (/Users/chrisvelgersdyk/Desktop/carbon-coverall/carbon-coverall-poc/node_modules/sass/sass.dart.js:95086:19)
    at _EvaluateVisitor1._evaluate0$_loadStylesheet$3$baseUrl (/Users/chrisvelgersdyk/Desktop/carbon-coverall/carbon-coverall-poc/node_modules/sass/sass.dart.js:95112:19)
    at _EvaluateVisitor__loadModule_closure4.call$0 (/Users/chrisvelgersdyk/Desktop/carbon-coverall/carbon-coverall-poc/node_modules/sass/sass.dart.js:97026:19)
    at _EvaluateVisitor1._evaluate0$_withStackFrame$1$3 (/Users/chrisvelgersdyk/Desktop/carbon-coverall/carbon-coverall-poc/node_modules/sass/sass.dart.js:96565:25)
    at _EvaluateVisitor1._evaluate0$_withStackFrame$3 (/Users/chrisvelgersdyk/Desktop/carbon-coverall/carbon-coverall-poc/node_modules/sass/sass.dart.js:96571:19)
    at _EvaluateVisitor1._evaluate0$_loadModule$7$baseUrl$configuration$namesInErrors (/Users/chrisvelgersdyk/Desktop/carbon-coverall/carbon-coverall-poc/node_modules/sass/sass.dart.js:94481:13)
    at _EvaluateVisitor1._evaluate0$_loadModule$4 (/Users/chrisvelgersdyk/Desktop/carbon-coverall/carbon-coverall-poc/node_modules/sass/sass.dart.js:94487:19)
    at _EvaluateVisitor1.visitForwardRule$1 (/Users/chrisvelgersdyk/Desktop/carbon-coverall/carbon-coverall-poc/node_modules/sass/sass.dart.js:94899:15)
    at ForwardRule0.accept$1$1 (/Users/chrisvelgersdyk/Desktop/carbon-coverall/carbon-coverall-poc/node_modules/sass/sass.dart.js:99949:22)</failure>
    </testcase>
  </testsuite>
  <testsuite name="@carbon/pictograms-react" errors="0" failures="2" skipped="0" timestamp="2025-04-09T19:39:51" time="3.797" tests="2">
    <testcase classname="@carbon/pictograms-react should export each SVG asset" name="@carbon/pictograms-react should export each SVG asset" time="0.005">
      <failure>Error: Cannot find module &apos;@carbon/pictograms-react&apos; from &apos;e2e/pictograms-react/components-test.js&apos;
    at Resolver._throwModNotFoundError (/Users/chrisvelgersdyk/Desktop/carbon-coverall/carbon-coverall-poc/node_modules/jest-resolve/build/resolver.js:491:11)
    at Resolver.resolveModule (/Users/chrisvelgersdyk/Desktop/carbon-coverall/carbon-coverall-poc/node_modules/jest-resolve/build/resolver.js:413:10)
    at Resolver._getVirtualMockPath (/Users/chrisvelgersdyk/Desktop/carbon-coverall/carbon-coverall-poc/node_modules/jest-resolve/build/resolver.js:733:14)
    at Resolver._getAbsolutePath (/Users/chrisvelgersdyk/Desktop/carbon-coverall/carbon-coverall-poc/node_modules/jest-resolve/build/resolver.js:690:14)
    at Resolver.getModuleID (/Users/chrisvelgersdyk/Desktop/carbon-coverall/carbon-coverall-poc/node_modules/jest-resolve/build/resolver.js:617:31)
    at Runtime._shouldMockCjs (/Users/chrisvelgersdyk/Desktop/carbon-coverall/carbon-coverall-poc/node_modules/jest-runtime/build/index.js:1962:37)
    at Runtime.requireModuleOrMock (/Users/chrisvelgersdyk/Desktop/carbon-coverall/carbon-coverall-poc/node_modules/jest-runtime/build/index.js:1241:14)
    at Object.require (/Users/chrisvelgersdyk/Desktop/carbon-coverall/carbon-coverall-poc/e2e/pictograms-react/components-test.js:50:43)
    at Promise.then.completed (/Users/chrisvelgersdyk/Desktop/carbon-coverall/carbon-coverall-poc/node_modules/jest-circus/build/utils.js:333:28)
    at new Promise (&lt;anonymous&gt;)
    at callAsyncCircusFn (/Users/chrisvelgersdyk/Desktop/carbon-coverall/carbon-coverall-poc/node_modules/jest-circus/build/utils.js:259:10)
    at _callCircusTest (/Users/chrisvelgersdyk/Desktop/carbon-coverall/carbon-coverall-poc/node_modules/jest-circus/build/run.js:276:40)
    at _runTest (/Users/chrisvelgersdyk/Desktop/carbon-coverall/carbon-coverall-poc/node_modules/jest-circus/build/run.js:208:3)
    at _runTestsForDescribeBlock (/Users/chrisvelgersdyk/Desktop/carbon-coverall/carbon-coverall-poc/node_modules/jest-circus/build/run.js:96:9)
    at _runTestsForDescribeBlock (/Users/chrisvelgersdyk/Desktop/carbon-coverall/carbon-coverall-poc/node_modules/jest-circus/build/run.js:90:9)
    at run (/Users/chrisvelgersdyk/Desktop/carbon-coverall/carbon-coverall-poc/node_modules/jest-circus/build/run.js:31:3)
    at runAndTransformResultsToJestFormat (/Users/chrisvelgersdyk/Desktop/carbon-coverall/carbon-coverall-poc/node_modules/jest-circus/build/legacy-code-todo-rewrite/jestAdapterInit.js:135:21)
    at jestAdapter (/Users/chrisvelgersdyk/Desktop/carbon-coverall/carbon-coverall-poc/node_modules/jest-circus/build/legacy-code-todo-rewrite/jestAdapter.js:92:19)
    at runTestInternal (/Users/chrisvelgersdyk/Desktop/carbon-coverall/carbon-coverall-poc/node_modules/jest-runner/build/runTest.js:411:16)
    at runTest (/Users/chrisvelgersdyk/Desktop/carbon-coverall/carbon-coverall-poc/node_modules/jest-runner/build/runTest.js:499:34)
    at Object.worker (/Users/chrisvelgersdyk/Desktop/carbon-coverall/carbon-coverall-poc/node_modules/jest-runner/build/testWorker.js:133:12)</failure>
    </testcase>
    <testcase classname="@carbon/pictograms-react should export each SVG asset as a direct path" name="@carbon/pictograms-react should export each SVG asset as a direct path" time="0.02">
      <failure>Error: expect(received).not.toThrow()

Error name:    &quot;Error&quot;
Error message: &quot;Cannot find module &apos;/Users/chrisvelgersdyk/Desktop/carbon-coverall/carbon-coverall-poc/packages/pictograms-react/lib/accelerated-computing/index.js&apos; from &apos;e2e/pictograms-react/components-test.js&apos;&quot;

      67 |
      68 |         expect(() =&gt; {
    &gt; 69 |           require(commonjs);
         |           ^
      70 |         }).not.toThrow();
      71 |         await expect(import(esm)).resolves.toBeDefined();
      72 |       }

      at Resolver._throwModNotFoundError (node_modules/jest-resolve/build/resolver.js:491:11)
      at require (e2e/pictograms-react/components-test.js:69:11)
      at Object.&lt;anonymous&gt; (node_modules/expect/build/toThrowMatchers.js:83:11)
      at Object.throwingMatcher [as toThrow] (node_modules/expect/build/index.js:342:21)
      at Object.toThrow (e2e/pictograms-react/components-test.js:70:16)
    at Object.toThrow (/Users/chrisvelgersdyk/Desktop/carbon-coverall/carbon-coverall-poc/e2e/pictograms-react/components-test.js:70:16)
    at Promise.then.completed (/Users/chrisvelgersdyk/Desktop/carbon-coverall/carbon-coverall-poc/node_modules/jest-circus/build/utils.js:333:28)
    at new Promise (&lt;anonymous&gt;)
    at callAsyncCircusFn (/Users/chrisvelgersdyk/Desktop/carbon-coverall/carbon-coverall-poc/node_modules/jest-circus/build/utils.js:259:10)
    at _callCircusTest (/Users/chrisvelgersdyk/Desktop/carbon-coverall/carbon-coverall-poc/node_modules/jest-circus/build/run.js:276:40)
    at _runTest (/Users/chrisvelgersdyk/Desktop/carbon-coverall/carbon-coverall-poc/node_modules/jest-circus/build/run.js:208:3)
    at _runTestsForDescribeBlock (/Users/chrisvelgersdyk/Desktop/carbon-coverall/carbon-coverall-poc/node_modules/jest-circus/build/run.js:96:9)
    at _runTestsForDescribeBlock (/Users/chrisvelgersdyk/Desktop/carbon-coverall/carbon-coverall-poc/node_modules/jest-circus/build/run.js:90:9)
    at run (/Users/chrisvelgersdyk/Desktop/carbon-coverall/carbon-coverall-poc/node_modules/jest-circus/build/run.js:31:3)
    at runAndTransformResultsToJestFormat (/Users/chrisvelgersdyk/Desktop/carbon-coverall/carbon-coverall-poc/node_modules/jest-circus/build/legacy-code-todo-rewrite/jestAdapterInit.js:135:21)</failure>
    </testcase>
  </testsuite>
  <testsuite name="scss/components/button" errors="0" failures="2" skipped="0" timestamp="2025-04-09T19:39:55" time="0.367" tests="2">
    <testcase classname="scss/components/button Public API" name="scss/components/button Public API" time="0.059">
      <failure>Error: Can&apos;t find stylesheet to import.
  ╷
8 │ @forward &apos;./generated/fluid-spacing&apos;;
  │ ^^^^^^^^^^^^^^^^^^^^^^^^^^^^^^^^^^^^
  ╵
  node_modules/@carbon/layout/scss/_spacing.scss 8:1      @forward
  packages/styles/scss/_spacing.scss 8:1                  @use
  packages/styles/scss/components/button/_vars.scss 8:1   @forward
  packages/styles/scss/components/button/_index.scss 8:1  @use
  stdin 5:7                                               root stylesheet
    at Object.wrapException (/Users/chrisvelgersdyk/Desktop/carbon-coverall/carbon-coverall-poc/node_modules/sass/sass.dart.js:2161:43)
    at _EvaluateVisitor1._evaluate0$_loadStylesheet$4$baseUrl$forImport (/Users/chrisvelgersdyk/Desktop/carbon-coverall/carbon-coverall-poc/node_modules/sass/sass.dart.js:95086:19)
    at _EvaluateVisitor1._evaluate0$_loadStylesheet$3$baseUrl (/Users/chrisvelgersdyk/Desktop/carbon-coverall/carbon-coverall-poc/node_modules/sass/sass.dart.js:95112:19)
    at _EvaluateVisitor__loadModule_closure4.call$0 (/Users/chrisvelgersdyk/Desktop/carbon-coverall/carbon-coverall-poc/node_modules/sass/sass.dart.js:97026:19)
    at _EvaluateVisitor1._evaluate0$_withStackFrame$1$3 (/Users/chrisvelgersdyk/Desktop/carbon-coverall/carbon-coverall-poc/node_modules/sass/sass.dart.js:96565:25)
    at _EvaluateVisitor1._evaluate0$_withStackFrame$3 (/Users/chrisvelgersdyk/Desktop/carbon-coverall/carbon-coverall-poc/node_modules/sass/sass.dart.js:96571:19)
    at _EvaluateVisitor1._evaluate0$_loadModule$7$baseUrl$configuration$namesInErrors (/Users/chrisvelgersdyk/Desktop/carbon-coverall/carbon-coverall-poc/node_modules/sass/sass.dart.js:94481:13)
    at _EvaluateVisitor1._evaluate0$_loadModule$4 (/Users/chrisvelgersdyk/Desktop/carbon-coverall/carbon-coverall-poc/node_modules/sass/sass.dart.js:94487:19)
    at _EvaluateVisitor1.visitForwardRule$1 (/Users/chrisvelgersdyk/Desktop/carbon-coverall/carbon-coverall-poc/node_modules/sass/sass.dart.js:94899:15)
    at ForwardRule0.accept$1$1 (/Users/chrisvelgersdyk/Desktop/carbon-coverall/carbon-coverall-poc/node_modules/sass/sass.dart.js:99949:22)</failure>
    </testcase>
    <testcase classname="scss/components/button configuration" name="scss/components/button configuration" time="0.02">
      <failure>Error: Can&apos;t find stylesheet to import.
  ╷
8 │ @forward &apos;./generated/fluid-spacing&apos;;
  │ ^^^^^^^^^^^^^^^^^^^^^^^^^^^^^^^^^^^^
  ╵
  node_modules/@carbon/layout/scss/_spacing.scss 8:1      @forward
  packages/styles/scss/_spacing.scss 8:1                  @use
  packages/styles/scss/components/button/_vars.scss 8:1   @forward
  packages/styles/scss/components/button/_index.scss 8:1  @use
  stdin 3:7                                               root stylesheet
    at Object.wrapException (/Users/chrisvelgersdyk/Desktop/carbon-coverall/carbon-coverall-poc/node_modules/sass/sass.dart.js:2161:43)
    at _EvaluateVisitor1._evaluate0$_loadStylesheet$4$baseUrl$forImport (/Users/chrisvelgersdyk/Desktop/carbon-coverall/carbon-coverall-poc/node_modules/sass/sass.dart.js:95086:19)
    at _EvaluateVisitor1._evaluate0$_loadStylesheet$3$baseUrl (/Users/chrisvelgersdyk/Desktop/carbon-coverall/carbon-coverall-poc/node_modules/sass/sass.dart.js:95112:19)
    at _EvaluateVisitor__loadModule_closure4.call$0 (/Users/chrisvelgersdyk/Desktop/carbon-coverall/carbon-coverall-poc/node_modules/sass/sass.dart.js:97026:19)
    at _EvaluateVisitor1._evaluate0$_withStackFrame$1$3 (/Users/chrisvelgersdyk/Desktop/carbon-coverall/carbon-coverall-poc/node_modules/sass/sass.dart.js:96565:25)
    at _EvaluateVisitor1._evaluate0$_withStackFrame$3 (/Users/chrisvelgersdyk/Desktop/carbon-coverall/carbon-coverall-poc/node_modules/sass/sass.dart.js:96571:19)
    at _EvaluateVisitor1._evaluate0$_loadModule$7$baseUrl$configuration$namesInErrors (/Users/chrisvelgersdyk/Desktop/carbon-coverall/carbon-coverall-poc/node_modules/sass/sass.dart.js:94481:13)
    at _EvaluateVisitor1._evaluate0$_loadModule$4 (/Users/chrisvelgersdyk/Desktop/carbon-coverall/carbon-coverall-poc/node_modules/sass/sass.dart.js:94487:19)
    at _EvaluateVisitor1.visitForwardRule$1 (/Users/chrisvelgersdyk/Desktop/carbon-coverall/carbon-coverall-poc/node_modules/sass/sass.dart.js:94899:15)
    at ForwardRule0.accept$1$1 (/Users/chrisvelgersdyk/Desktop/carbon-coverall/carbon-coverall-poc/node_modules/sass/sass.dart.js:99949:22)</failure>
    </testcase>
  </testsuite>
  <testsuite name="scss/components/combo-box" errors="0" failures="1" skipped="0" timestamp="2025-04-09T19:39:55" time="0.301" tests="1">
    <testcase classname="scss/components/combo-box Public API" name="scss/components/combo-box Public API" time="0.081">
      <failure>Error: Can&apos;t find stylesheet to import.
  ╷
8 │ @forward &apos;generated/themes&apos;;
  │ ^^^^^^^^^^^^^^^^^^^^^^^^^^^
  ╵
  node_modules/@carbon/themes/scss/_themes.scss 8:1              @forward
  packages/styles/scss/_themes.scss 9:1                          @use
  packages/styles/scss/components/button/_tokens.scss 10:1       @use
  packages/styles/scss/components/list-box/_list-box.scss 8:1    @forward
  packages/styles/scss/components/list-box/_index.scss 8:1       @use
  packages/styles/scss/components/combo-box/_combo-box.scss 8:1  @forward
  packages/styles/scss/components/combo-box/_index.scss 8:1      @use
  stdin 5:7                                                      root stylesheet
    at Object.wrapException (/Users/chrisvelgersdyk/Desktop/carbon-coverall/carbon-coverall-poc/node_modules/sass/sass.dart.js:2161:43)
    at _EvaluateVisitor1._evaluate0$_loadStylesheet$4$baseUrl$forImport (/Users/chrisvelgersdyk/Desktop/carbon-coverall/carbon-coverall-poc/node_modules/sass/sass.dart.js:95086:19)
    at _EvaluateVisitor1._evaluate0$_loadStylesheet$3$baseUrl (/Users/chrisvelgersdyk/Desktop/carbon-coverall/carbon-coverall-poc/node_modules/sass/sass.dart.js:95112:19)
    at _EvaluateVisitor__loadModule_closure4.call$0 (/Users/chrisvelgersdyk/Desktop/carbon-coverall/carbon-coverall-poc/node_modules/sass/sass.dart.js:97026:19)
    at _EvaluateVisitor1._evaluate0$_withStackFrame$1$3 (/Users/chrisvelgersdyk/Desktop/carbon-coverall/carbon-coverall-poc/node_modules/sass/sass.dart.js:96565:25)
    at _EvaluateVisitor1._evaluate0$_withStackFrame$3 (/Users/chrisvelgersdyk/Desktop/carbon-coverall/carbon-coverall-poc/node_modules/sass/sass.dart.js:96571:19)
    at _EvaluateVisitor1._evaluate0$_loadModule$7$baseUrl$configuration$namesInErrors (/Users/chrisvelgersdyk/Desktop/carbon-coverall/carbon-coverall-poc/node_modules/sass/sass.dart.js:94481:13)
    at _EvaluateVisitor1._evaluate0$_loadModule$4 (/Users/chrisvelgersdyk/Desktop/carbon-coverall/carbon-coverall-poc/node_modules/sass/sass.dart.js:94487:19)
    at _EvaluateVisitor1.visitForwardRule$1 (/Users/chrisvelgersdyk/Desktop/carbon-coverall/carbon-coverall-poc/node_modules/sass/sass.dart.js:94899:15)
    at ForwardRule0.accept$1$1 (/Users/chrisvelgersdyk/Desktop/carbon-coverall/carbon-coverall-poc/node_modules/sass/sass.dart.js:99949:22)</failure>
    </testcase>
  </testsuite>
  <testsuite name="scss/components/notification" errors="0" failures="1" skipped="0" timestamp="2025-04-09T19:39:55" time="0.366" tests="1">
    <testcase classname="scss/components/notification Public API" name="scss/components/notification Public API" time="0.125">
      <failure>Error: Can&apos;t find stylesheet to import.
  ╷
8 │ @forward &apos;@carbon/colors&apos;;
  │ ^^^^^^^^^^^^^^^^^^^^^^^^^
  ╵
  packages/styles/scss/_colors.scss 8:1                           @use
  packages/styles/scss/components/notification/_tokens.scss 12:1  @forward
  packages/styles/scss/components/notification/_index.scss 8:1    @use
  stdin 5:7                                                       root stylesheet
    at Object.wrapException (/Users/chrisvelgersdyk/Desktop/carbon-coverall/carbon-coverall-poc/node_modules/sass/sass.dart.js:2161:43)
    at _EvaluateVisitor1._evaluate0$_loadStylesheet$4$baseUrl$forImport (/Users/chrisvelgersdyk/Desktop/carbon-coverall/carbon-coverall-poc/node_modules/sass/sass.dart.js:95086:19)
    at _EvaluateVisitor1._evaluate0$_loadStylesheet$3$baseUrl (/Users/chrisvelgersdyk/Desktop/carbon-coverall/carbon-coverall-poc/node_modules/sass/sass.dart.js:95112:19)
    at _EvaluateVisitor__loadModule_closure4.call$0 (/Users/chrisvelgersdyk/Desktop/carbon-coverall/carbon-coverall-poc/node_modules/sass/sass.dart.js:97026:19)
    at _EvaluateVisitor1._evaluate0$_withStackFrame$1$3 (/Users/chrisvelgersdyk/Desktop/carbon-coverall/carbon-coverall-poc/node_modules/sass/sass.dart.js:96565:25)
    at _EvaluateVisitor1._evaluate0$_withStackFrame$3 (/Users/chrisvelgersdyk/Desktop/carbon-coverall/carbon-coverall-poc/node_modules/sass/sass.dart.js:96571:19)
    at _EvaluateVisitor1._evaluate0$_loadModule$7$baseUrl$configuration$namesInErrors (/Users/chrisvelgersdyk/Desktop/carbon-coverall/carbon-coverall-poc/node_modules/sass/sass.dart.js:94481:13)
    at _EvaluateVisitor1._evaluate0$_loadModule$4 (/Users/chrisvelgersdyk/Desktop/carbon-coverall/carbon-coverall-poc/node_modules/sass/sass.dart.js:94487:19)
    at _EvaluateVisitor1.visitForwardRule$1 (/Users/chrisvelgersdyk/Desktop/carbon-coverall/carbon-coverall-poc/node_modules/sass/sass.dart.js:94899:15)
    at ForwardRule0.accept$1$1 (/Users/chrisvelgersdyk/Desktop/carbon-coverall/carbon-coverall-poc/node_modules/sass/sass.dart.js:99949:22)</failure>
    </testcase>
  </testsuite>
  <testsuite name="scss/components/fluid-combo-box" errors="0" failures="1" skipped="0" timestamp="2025-04-09T19:39:55" time="0.229" tests="1">
    <testcase classname="scss/components/fluid-combo-box Public API" name="scss/components/fluid-combo-box Public API" time="0.06">
      <failure>Error: Can&apos;t find stylesheet to import.
  ╷
8 │ @forward &apos;./generated/fluid-spacing&apos;;
  │ ^^^^^^^^^^^^^^^^^^^^^^^^^^^^^^^^^^^^
  ╵
  node_modules/@carbon/layout/scss/_spacing.scss 8:1                          @forward
  packages/styles/scss/_spacing.scss 8:1                                      @use
  packages/styles/scss/components/fluid-combo-box/_fluid-combo-box.scss 13:1  @forward
  packages/styles/scss/components/fluid-combo-box/_index.scss 8:1             @use
  stdin 5:7                                                                   root stylesheet
    at Object.wrapException (/Users/chrisvelgersdyk/Desktop/carbon-coverall/carbon-coverall-poc/node_modules/sass/sass.dart.js:2161:43)
    at _EvaluateVisitor1._evaluate0$_loadStylesheet$4$baseUrl$forImport (/Users/chrisvelgersdyk/Desktop/carbon-coverall/carbon-coverall-poc/node_modules/sass/sass.dart.js:95086:19)
    at _EvaluateVisitor1._evaluate0$_loadStylesheet$3$baseUrl (/Users/chrisvelgersdyk/Desktop/carbon-coverall/carbon-coverall-poc/node_modules/sass/sass.dart.js:95112:19)
    at _EvaluateVisitor__loadModule_closure4.call$0 (/Users/chrisvelgersdyk/Desktop/carbon-coverall/carbon-coverall-poc/node_modules/sass/sass.dart.js:97026:19)
    at _EvaluateVisitor1._evaluate0$_withStackFrame$1$3 (/Users/chrisvelgersdyk/Desktop/carbon-coverall/carbon-coverall-poc/node_modules/sass/sass.dart.js:96565:25)
    at _EvaluateVisitor1._evaluate0$_withStackFrame$3 (/Users/chrisvelgersdyk/Desktop/carbon-coverall/carbon-coverall-poc/node_modules/sass/sass.dart.js:96571:19)
    at _EvaluateVisitor1._evaluate0$_loadModule$7$baseUrl$configuration$namesInErrors (/Users/chrisvelgersdyk/Desktop/carbon-coverall/carbon-coverall-poc/node_modules/sass/sass.dart.js:94481:13)
    at _EvaluateVisitor1._evaluate0$_loadModule$4 (/Users/chrisvelgersdyk/Desktop/carbon-coverall/carbon-coverall-poc/node_modules/sass/sass.dart.js:94487:19)
    at _EvaluateVisitor1.visitForwardRule$1 (/Users/chrisvelgersdyk/Desktop/carbon-coverall/carbon-coverall-poc/node_modules/sass/sass.dart.js:94899:15)
    at ForwardRule0.accept$1$1 (/Users/chrisvelgersdyk/Desktop/carbon-coverall/carbon-coverall-poc/node_modules/sass/sass.dart.js:99949:22)</failure>
    </testcase>
  </testsuite>
  <testsuite name="scss/components/dropdown" errors="0" failures="1" skipped="0" timestamp="2025-04-09T19:39:55" time="0.31" tests="1">
    <testcase classname="scss/components/dropdown Public API" name="scss/components/dropdown Public API" time="0.164">
      <failure>Error: Can&apos;t find stylesheet to import.
  ╷
8 │ @forward &apos;generated/themes&apos;;
  │ ^^^^^^^^^^^^^^^^^^^^^^^^^^^
  ╵
  node_modules/@carbon/themes/scss/_themes.scss 8:1            @forward
  packages/styles/scss/_themes.scss 9:1                        @use
  packages/styles/scss/components/button/_tokens.scss 10:1     @use
  packages/styles/scss/components/list-box/_list-box.scss 8:1  @forward
  packages/styles/scss/components/list-box/_index.scss 8:1     @use
  packages/styles/scss/components/dropdown/_dropdown.scss 8:1  @forward
  packages/styles/scss/components/dropdown/_index.scss 8:1     @use
  stdin 5:7                                                    root stylesheet
    at Object.wrapException (/Users/chrisvelgersdyk/Desktop/carbon-coverall/carbon-coverall-poc/node_modules/sass/sass.dart.js:2161:43)
    at _EvaluateVisitor1._evaluate0$_loadStylesheet$4$baseUrl$forImport (/Users/chrisvelgersdyk/Desktop/carbon-coverall/carbon-coverall-poc/node_modules/sass/sass.dart.js:95086:19)
    at _EvaluateVisitor1._evaluate0$_loadStylesheet$3$baseUrl (/Users/chrisvelgersdyk/Desktop/carbon-coverall/carbon-coverall-poc/node_modules/sass/sass.dart.js:95112:19)
    at _EvaluateVisitor__loadModule_closure4.call$0 (/Users/chrisvelgersdyk/Desktop/carbon-coverall/carbon-coverall-poc/node_modules/sass/sass.dart.js:97026:19)
    at _EvaluateVisitor1._evaluate0$_withStackFrame$1$3 (/Users/chrisvelgersdyk/Desktop/carbon-coverall/carbon-coverall-poc/node_modules/sass/sass.dart.js:96565:25)
    at _EvaluateVisitor1._evaluate0$_withStackFrame$3 (/Users/chrisvelgersdyk/Desktop/carbon-coverall/carbon-coverall-poc/node_modules/sass/sass.dart.js:96571:19)
    at _EvaluateVisitor1._evaluate0$_loadModule$7$baseUrl$configuration$namesInErrors (/Users/chrisvelgersdyk/Desktop/carbon-coverall/carbon-coverall-poc/node_modules/sass/sass.dart.js:94481:13)
    at _EvaluateVisitor1._evaluate0$_loadModule$4 (/Users/chrisvelgersdyk/Desktop/carbon-coverall/carbon-coverall-poc/node_modules/sass/sass.dart.js:94487:19)
    at _EvaluateVisitor1.visitForwardRule$1 (/Users/chrisvelgersdyk/Desktop/carbon-coverall/carbon-coverall-poc/node_modules/sass/sass.dart.js:94899:15)
    at ForwardRule0.accept$1$1 (/Users/chrisvelgersdyk/Desktop/carbon-coverall/carbon-coverall-poc/node_modules/sass/sass.dart.js:99949:22)</failure>
    </testcase>
  </testsuite>
  <testsuite name="scss/components/text-input" errors="0" failures="1" skipped="0" timestamp="2025-04-09T19:39:55" time="0.245" tests="1">
    <testcase classname="scss/components/text-input Public API" name="scss/components/text-input Public API" time="0.107">
      <failure>Error: Can&apos;t find stylesheet to import.
  ╷
8 │ @forward &apos;./generated/fluid-spacing&apos;;
  │ ^^^^^^^^^^^^^^^^^^^^^^^^^^^^^^^^^^^^
  ╵
  node_modules/@carbon/layout/scss/_spacing.scss 8:1                @forward
  packages/styles/scss/_spacing.scss 8:1                            @use
  packages/styles/scss/components/form/_form.scss 9:1               @forward
  packages/styles/scss/components/form/_index.scss 8:1              @use
  packages/styles/scss/components/text-input/_text-input.scss 11:1  @forward
  packages/styles/scss/components/text-input/_index.scss 8:1        @use
  stdin 4:8                                                         root stylesheet
    at Object.wrapException (/Users/chrisvelgersdyk/Desktop/carbon-coverall/carbon-coverall-poc/node_modules/sass/sass.dart.js:2161:43)
    at _EvaluateVisitor1._evaluate0$_loadStylesheet$4$baseUrl$forImport (/Users/chrisvelgersdyk/Desktop/carbon-coverall/carbon-coverall-poc/node_modules/sass/sass.dart.js:95086:19)
    at _EvaluateVisitor1._evaluate0$_loadStylesheet$3$baseUrl (/Users/chrisvelgersdyk/Desktop/carbon-coverall/carbon-coverall-poc/node_modules/sass/sass.dart.js:95112:19)
    at _EvaluateVisitor__loadModule_closure4.call$0 (/Users/chrisvelgersdyk/Desktop/carbon-coverall/carbon-coverall-poc/node_modules/sass/sass.dart.js:97026:19)
    at _EvaluateVisitor1._evaluate0$_withStackFrame$1$3 (/Users/chrisvelgersdyk/Desktop/carbon-coverall/carbon-coverall-poc/node_modules/sass/sass.dart.js:96565:25)
    at _EvaluateVisitor1._evaluate0$_withStackFrame$3 (/Users/chrisvelgersdyk/Desktop/carbon-coverall/carbon-coverall-poc/node_modules/sass/sass.dart.js:96571:19)
    at _EvaluateVisitor1._evaluate0$_loadModule$7$baseUrl$configuration$namesInErrors (/Users/chrisvelgersdyk/Desktop/carbon-coverall/carbon-coverall-poc/node_modules/sass/sass.dart.js:94481:13)
    at _EvaluateVisitor1._evaluate0$_loadModule$4 (/Users/chrisvelgersdyk/Desktop/carbon-coverall/carbon-coverall-poc/node_modules/sass/sass.dart.js:94487:19)
    at _EvaluateVisitor1.visitForwardRule$1 (/Users/chrisvelgersdyk/Desktop/carbon-coverall/carbon-coverall-poc/node_modules/sass/sass.dart.js:94899:15)
    at ForwardRule0.accept$1$1 (/Users/chrisvelgersdyk/Desktop/carbon-coverall/carbon-coverall-poc/node_modules/sass/sass.dart.js:99949:22)</failure>
    </testcase>
  </testsuite>
  <testsuite name="@carbon/react/scss" errors="0" failures="176" skipped="0" timestamp="2025-04-09T19:39:51" time="4.506" tests="207">
    <testcase classname="@carbon/react/scss  should be importable" name="@carbon/react/scss  should be importable" time="0.128">
      <failure>Error: expect(received).resolves.toBeDefined()

Received promise rejected instead of resolved
Rejected to value: [Error: Can&apos;t find stylesheet to import.
  ╷
8 │ @forward &apos;./generated/fluid-spacing&apos;;
  │ ^^^^^^^^^^^^^^^^^^^^^^^^^^^^^^^^^^^^
  ╵
  node_modules/@carbon/layout/scss/_spacing.scss 8:1  @forward
  node_modules/@carbon/styles/scss/_spacing.scss 8:1  @forward
  node_modules/@carbon/styles/index.scss 9:1          @forward
  packages/react/index.scss 9:1                       @use
  stdin 2:1                                           root stylesheet]
    at expect (/Users/chrisvelgersdyk/Desktop/carbon-coverall/carbon-coverall-poc/node_modules/expect/build/index.js:128:15)
    at Object.expect (/Users/chrisvelgersdyk/Desktop/carbon-coverall/carbon-coverall-poc/packages/react/__tests__/scss-test.js:24:13)
    at Promise.then.completed (/Users/chrisvelgersdyk/Desktop/carbon-coverall/carbon-coverall-poc/node_modules/jest-circus/build/utils.js:333:28)
    at new Promise (&lt;anonymous&gt;)
    at callAsyncCircusFn (/Users/chrisvelgersdyk/Desktop/carbon-coverall/carbon-coverall-poc/node_modules/jest-circus/build/utils.js:259:10)
    at _callCircusTest (/Users/chrisvelgersdyk/Desktop/carbon-coverall/carbon-coverall-poc/node_modules/jest-circus/build/run.js:276:40)
    at processTicksAndRejections (node:internal/process/task_queues:95:5)
    at _runTest (/Users/chrisvelgersdyk/Desktop/carbon-coverall/carbon-coverall-poc/node_modules/jest-circus/build/run.js:208:3)
    at _runTestsForDescribeBlock (/Users/chrisvelgersdyk/Desktop/carbon-coverall/carbon-coverall-poc/node_modules/jest-circus/build/run.js:96:9)
    at _runTestsForDescribeBlock (/Users/chrisvelgersdyk/Desktop/carbon-coverall/carbon-coverall-poc/node_modules/jest-circus/build/run.js:90:9)</failure>
    </testcase>
    <testcase classname="@carbon/react/scss scss/breakpoint should be importable" name="@carbon/react/scss scss/breakpoint should be importable" time="0.042">
    </testcase>
    <testcase classname="@carbon/react/scss scss/colors should be importable" name="@carbon/react/scss scss/colors should be importable" time="0.004">
      <failure>Error: expect(received).resolves.toBeDefined()

Received promise rejected instead of resolved
Rejected to value: [Error: Can&apos;t find stylesheet to import.
  ╷
8 │ @forward &apos;@carbon/colors&apos;;
  │ ^^^^^^^^^^^^^^^^^^^^^^^^^
  ╵
  node_modules/@carbon/styles/scss/_colors.scss 8:1  @forward
  packages/react/scss/_colors.scss 9:1               @use
  stdin 2:1                                          root stylesheet]
    at expect (/Users/chrisvelgersdyk/Desktop/carbon-coverall/carbon-coverall-poc/node_modules/expect/build/index.js:128:15)
    at Object.expect (/Users/chrisvelgersdyk/Desktop/carbon-coverall/carbon-coverall-poc/packages/react/__tests__/scss-test.js:24:13)
    at Promise.then.completed (/Users/chrisvelgersdyk/Desktop/carbon-coverall/carbon-coverall-poc/node_modules/jest-circus/build/utils.js:333:28)
    at new Promise (&lt;anonymous&gt;)
    at callAsyncCircusFn (/Users/chrisvelgersdyk/Desktop/carbon-coverall/carbon-coverall-poc/node_modules/jest-circus/build/utils.js:259:10)
    at _callCircusTest (/Users/chrisvelgersdyk/Desktop/carbon-coverall/carbon-coverall-poc/node_modules/jest-circus/build/run.js:276:40)
    at processTicksAndRejections (node:internal/process/task_queues:95:5)
    at _runTest (/Users/chrisvelgersdyk/Desktop/carbon-coverall/carbon-coverall-poc/node_modules/jest-circus/build/run.js:208:3)
    at _runTestsForDescribeBlock (/Users/chrisvelgersdyk/Desktop/carbon-coverall/carbon-coverall-poc/node_modules/jest-circus/build/run.js:96:9)
    at _runTestsForDescribeBlock (/Users/chrisvelgersdyk/Desktop/carbon-coverall/carbon-coverall-poc/node_modules/jest-circus/build/run.js:90:9)</failure>
    </testcase>
    <testcase classname="@carbon/react/scss scss/config should be importable" name="@carbon/react/scss scss/config should be importable" time="0.01">
    </testcase>
    <testcase classname="@carbon/react/scss scss/feature-flags should be importable" name="@carbon/react/scss scss/feature-flags should be importable" time="0.008">
      <failure>Error: expect(received).resolves.toBeDefined()

Received promise rejected instead of resolved
Rejected to value: [Error: Can&apos;t find stylesheet to import.
  ╷
9 │ @use &apos;scss/generated/feature-flags&apos;;
  │ ^^^^^^^^^^^^^^^^^^^^^^^^^^^^^^^^^^^
  ╵
  node_modules/@carbon/feature-flags/index.scss 9:1         @forward
  node_modules/@carbon/styles/scss/_feature-flags.scss 8:1  @forward
  packages/react/scss/_feature-flags.scss 9:1               @use
  stdin 2:1                                                 root stylesheet]
    at expect (/Users/chrisvelgersdyk/Desktop/carbon-coverall/carbon-coverall-poc/node_modules/expect/build/index.js:128:15)
    at Object.expect (/Users/chrisvelgersdyk/Desktop/carbon-coverall/carbon-coverall-poc/packages/react/__tests__/scss-test.js:24:13)
    at Promise.then.completed (/Users/chrisvelgersdyk/Desktop/carbon-coverall/carbon-coverall-poc/node_modules/jest-circus/build/utils.js:333:28)
    at new Promise (&lt;anonymous&gt;)
    at callAsyncCircusFn (/Users/chrisvelgersdyk/Desktop/carbon-coverall/carbon-coverall-poc/node_modules/jest-circus/build/utils.js:259:10)
    at _callCircusTest (/Users/chrisvelgersdyk/Desktop/carbon-coverall/carbon-coverall-poc/node_modules/jest-circus/build/run.js:276:40)
    at processTicksAndRejections (node:internal/process/task_queues:95:5)
    at _runTest (/Users/chrisvelgersdyk/Desktop/carbon-coverall/carbon-coverall-poc/node_modules/jest-circus/build/run.js:208:3)
    at _runTestsForDescribeBlock (/Users/chrisvelgersdyk/Desktop/carbon-coverall/carbon-coverall-poc/node_modules/jest-circus/build/run.js:96:9)
    at _runTestsForDescribeBlock (/Users/chrisvelgersdyk/Desktop/carbon-coverall/carbon-coverall-poc/node_modules/jest-circus/build/run.js:90:9)</failure>
    </testcase>
    <testcase classname="@carbon/react/scss scss/layer should be importable" name="@carbon/react/scss scss/layer should be importable" time="0.015">
      <failure>Error: expect(received).resolves.toBeDefined()

Received promise rejected instead of resolved
Rejected to value: [Error: Can&apos;t find stylesheet to import.
  ╷
8 │ @forward &apos;generated/themes&apos;;
  │ ^^^^^^^^^^^^^^^^^^^^^^^^^^^
  ╵
  node_modules/@carbon/themes/scss/compat/_themes.scss 8:1     @use
  node_modules/@carbon/styles/scss/compat/_themes.scss 9:1     @use
  node_modules/@carbon/styles/scss/theme/_theme.scss 12:1      @use
  node_modules/@carbon/styles/scss/layer/_layer-sets.scss 9:1  @forward
  node_modules/@carbon/styles/scss/_layer.scss 8:1             @forward
  packages/react/scss/_layer.scss 9:1                          @use
  stdin 2:1                                                    root stylesheet]
    at expect (/Users/chrisvelgersdyk/Desktop/carbon-coverall/carbon-coverall-poc/node_modules/expect/build/index.js:128:15)
    at Object.expect (/Users/chrisvelgersdyk/Desktop/carbon-coverall/carbon-coverall-poc/packages/react/__tests__/scss-test.js:24:13)
    at Promise.then.completed (/Users/chrisvelgersdyk/Desktop/carbon-coverall/carbon-coverall-poc/node_modules/jest-circus/build/utils.js:333:28)
    at new Promise (&lt;anonymous&gt;)
    at callAsyncCircusFn (/Users/chrisvelgersdyk/Desktop/carbon-coverall/carbon-coverall-poc/node_modules/jest-circus/build/utils.js:259:10)
    at _callCircusTest (/Users/chrisvelgersdyk/Desktop/carbon-coverall/carbon-coverall-poc/node_modules/jest-circus/build/run.js:276:40)
    at processTicksAndRejections (node:internal/process/task_queues:95:5)
    at _runTest (/Users/chrisvelgersdyk/Desktop/carbon-coverall/carbon-coverall-poc/node_modules/jest-circus/build/run.js:208:3)
    at _runTestsForDescribeBlock (/Users/chrisvelgersdyk/Desktop/carbon-coverall/carbon-coverall-poc/node_modules/jest-circus/build/run.js:96:9)
    at _runTestsForDescribeBlock (/Users/chrisvelgersdyk/Desktop/carbon-coverall/carbon-coverall-poc/node_modules/jest-circus/build/run.js:90:9)</failure>
    </testcase>
    <testcase classname="@carbon/react/scss scss/layout should be importable" name="@carbon/react/scss scss/layout should be importable" time="0.019">
      <failure>Error: expect(received).resolves.toBeDefined()

Received promise rejected instead of resolved
Rejected to value: [Error: Can&apos;t find stylesheet to import.
  ╷
8 │ @forward &apos;./generated/fluid-spacing&apos;;
  │ ^^^^^^^^^^^^^^^^^^^^^^^^^^^^^^^^^^^^
  ╵
  node_modules/@carbon/layout/scss/_spacing.scss 8:1  @forward
  node_modules/@carbon/styles/scss/_spacing.scss 8:1  @use
  node_modules/@carbon/styles/scss/_layout.scss 14:1  @forward
  packages/react/scss/_layout.scss 9:1                @use
  stdin 2:1                                           root stylesheet]
    at expect (/Users/chrisvelgersdyk/Desktop/carbon-coverall/carbon-coverall-poc/node_modules/expect/build/index.js:128:15)
    at Object.expect (/Users/chrisvelgersdyk/Desktop/carbon-coverall/carbon-coverall-poc/packages/react/__tests__/scss-test.js:24:13)
    at Promise.then.completed (/Users/chrisvelgersdyk/Desktop/carbon-coverall/carbon-coverall-poc/node_modules/jest-circus/build/utils.js:333:28)
    at new Promise (&lt;anonymous&gt;)
    at callAsyncCircusFn (/Users/chrisvelgersdyk/Desktop/carbon-coverall/carbon-coverall-poc/node_modules/jest-circus/build/utils.js:259:10)
    at _callCircusTest (/Users/chrisvelgersdyk/Desktop/carbon-coverall/carbon-coverall-poc/node_modules/jest-circus/build/run.js:276:40)
    at processTicksAndRejections (node:internal/process/task_queues:95:5)
    at _runTest (/Users/chrisvelgersdyk/Desktop/carbon-coverall/carbon-coverall-poc/node_modules/jest-circus/build/run.js:208:3)
    at _runTestsForDescribeBlock (/Users/chrisvelgersdyk/Desktop/carbon-coverall/carbon-coverall-poc/node_modules/jest-circus/build/run.js:96:9)
    at _runTestsForDescribeBlock (/Users/chrisvelgersdyk/Desktop/carbon-coverall/carbon-coverall-poc/node_modules/jest-circus/build/run.js:90:9)</failure>
    </testcase>
    <testcase classname="@carbon/react/scss scss/motion should be importable" name="@carbon/react/scss scss/motion should be importable" time="0.003">
    </testcase>
    <testcase classname="@carbon/react/scss scss/reset should be importable" name="@carbon/react/scss scss/reset should be importable" time="0.009">
      <failure>Error: expect(received).resolves.toBeDefined()

Received promise rejected instead of resolved
Rejected to value: [Error: Can&apos;t find stylesheet to import.
  ╷
9 │ @use &apos;scss/generated/feature-flags&apos;;
  │ ^^^^^^^^^^^^^^^^^^^^^^^^^^^^^^^^^^^
  ╵
  node_modules/@carbon/feature-flags/index.scss 9:1         @forward
  node_modules/@carbon/styles/scss/_feature-flags.scss 8:1  @use
  node_modules/@carbon/styles/scss/type/_index.scss 8:1     @use
  node_modules/@carbon/styles/scss/_reset.scss 9:1          @forward
  packages/react/scss/_reset.scss 9:1                       @use
  stdin 2:1                                                 root stylesheet]
    at expect (/Users/chrisvelgersdyk/Desktop/carbon-coverall/carbon-coverall-poc/node_modules/expect/build/index.js:128:15)
    at Object.expect (/Users/chrisvelgersdyk/Desktop/carbon-coverall/carbon-coverall-poc/packages/react/__tests__/scss-test.js:24:13)
    at Promise.then.completed (/Users/chrisvelgersdyk/Desktop/carbon-coverall/carbon-coverall-poc/node_modules/jest-circus/build/utils.js:333:28)
    at new Promise (&lt;anonymous&gt;)
    at callAsyncCircusFn (/Users/chrisvelgersdyk/Desktop/carbon-coverall/carbon-coverall-poc/node_modules/jest-circus/build/utils.js:259:10)
    at _callCircusTest (/Users/chrisvelgersdyk/Desktop/carbon-coverall/carbon-coverall-poc/node_modules/jest-circus/build/run.js:276:40)
    at processTicksAndRejections (node:internal/process/task_queues:95:5)
    at _runTest (/Users/chrisvelgersdyk/Desktop/carbon-coverall/carbon-coverall-poc/node_modules/jest-circus/build/run.js:208:3)
    at _runTestsForDescribeBlock (/Users/chrisvelgersdyk/Desktop/carbon-coverall/carbon-coverall-poc/node_modules/jest-circus/build/run.js:96:9)
    at _runTestsForDescribeBlock (/Users/chrisvelgersdyk/Desktop/carbon-coverall/carbon-coverall-poc/node_modules/jest-circus/build/run.js:90:9)</failure>
    </testcase>
    <testcase classname="@carbon/react/scss scss/spacing should be importable" name="@carbon/react/scss scss/spacing should be importable" time="0.003">
      <failure>Error: expect(received).resolves.toBeDefined()

Received promise rejected instead of resolved
Rejected to value: [Error: Can&apos;t find stylesheet to import.
  ╷
8 │ @forward &apos;./generated/fluid-spacing&apos;;
  │ ^^^^^^^^^^^^^^^^^^^^^^^^^^^^^^^^^^^^
  ╵
  node_modules/@carbon/layout/scss/_spacing.scss 8:1  @forward
  node_modules/@carbon/styles/scss/_spacing.scss 8:1  @forward
  packages/react/scss/_spacing.scss 9:1               @use
  stdin 2:1                                           root stylesheet]
    at expect (/Users/chrisvelgersdyk/Desktop/carbon-coverall/carbon-coverall-poc/node_modules/expect/build/index.js:128:15)
    at Object.expect (/Users/chrisvelgersdyk/Desktop/carbon-coverall/carbon-coverall-poc/packages/react/__tests__/scss-test.js:24:13)
    at Promise.then.completed (/Users/chrisvelgersdyk/Desktop/carbon-coverall/carbon-coverall-poc/node_modules/jest-circus/build/utils.js:333:28)
    at new Promise (&lt;anonymous&gt;)
    at callAsyncCircusFn (/Users/chrisvelgersdyk/Desktop/carbon-coverall/carbon-coverall-poc/node_modules/jest-circus/build/utils.js:259:10)
    at _callCircusTest (/Users/chrisvelgersdyk/Desktop/carbon-coverall/carbon-coverall-poc/node_modules/jest-circus/build/run.js:276:40)
    at processTicksAndRejections (node:internal/process/task_queues:95:5)
    at _runTest (/Users/chrisvelgersdyk/Desktop/carbon-coverall/carbon-coverall-poc/node_modules/jest-circus/build/run.js:208:3)
    at _runTestsForDescribeBlock (/Users/chrisvelgersdyk/Desktop/carbon-coverall/carbon-coverall-poc/node_modules/jest-circus/build/run.js:96:9)
    at _runTestsForDescribeBlock (/Users/chrisvelgersdyk/Desktop/carbon-coverall/carbon-coverall-poc/node_modules/jest-circus/build/run.js:90:9)</failure>
    </testcase>
    <testcase classname="@carbon/react/scss scss/theme should be importable" name="@carbon/react/scss scss/theme should be importable" time="0.014">
      <failure>Error: expect(received).resolves.toBeDefined()

Received promise rejected instead of resolved
Rejected to value: [Error: Can&apos;t find stylesheet to import.
  ╷
8 │ @forward &apos;generated/themes&apos;;
  │ ^^^^^^^^^^^^^^^^^^^^^^^^^^^
  ╵
  node_modules/@carbon/themes/scss/compat/_themes.scss 8:1  @use
  node_modules/@carbon/styles/scss/compat/_themes.scss 9:1  @use
  node_modules/@carbon/styles/scss/theme/_theme.scss 12:1   @forward
  node_modules/@carbon/styles/scss/_theme.scss 8:1          @forward
  packages/react/scss/_theme.scss 9:1                       @use
  stdin 2:1                                                 root stylesheet]
    at expect (/Users/chrisvelgersdyk/Desktop/carbon-coverall/carbon-coverall-poc/node_modules/expect/build/index.js:128:15)
    at Object.expect (/Users/chrisvelgersdyk/Desktop/carbon-coverall/carbon-coverall-poc/packages/react/__tests__/scss-test.js:24:13)
    at Promise.then.completed (/Users/chrisvelgersdyk/Desktop/carbon-coverall/carbon-coverall-poc/node_modules/jest-circus/build/utils.js:333:28)
    at new Promise (&lt;anonymous&gt;)
    at callAsyncCircusFn (/Users/chrisvelgersdyk/Desktop/carbon-coverall/carbon-coverall-poc/node_modules/jest-circus/build/utils.js:259:10)
    at _callCircusTest (/Users/chrisvelgersdyk/Desktop/carbon-coverall/carbon-coverall-poc/node_modules/jest-circus/build/run.js:276:40)
    at processTicksAndRejections (node:internal/process/task_queues:95:5)
    at _runTest (/Users/chrisvelgersdyk/Desktop/carbon-coverall/carbon-coverall-poc/node_modules/jest-circus/build/run.js:208:3)
    at _runTestsForDescribeBlock (/Users/chrisvelgersdyk/Desktop/carbon-coverall/carbon-coverall-poc/node_modules/jest-circus/build/run.js:96:9)
    at _runTestsForDescribeBlock (/Users/chrisvelgersdyk/Desktop/carbon-coverall/carbon-coverall-poc/node_modules/jest-circus/build/run.js:90:9)</failure>
    </testcase>
    <testcase classname="@carbon/react/scss scss/themes should be importable" name="@carbon/react/scss scss/themes should be importable" time="0.005">
      <failure>Error: expect(received).resolves.toBeDefined()

Received promise rejected instead of resolved
Rejected to value: [Error: Can&apos;t find stylesheet to import.
  ╷
8 │ @forward &apos;generated/themes&apos;;
  │ ^^^^^^^^^^^^^^^^^^^^^^^^^^^
  ╵
  node_modules/@carbon/themes/scss/_themes.scss 8:1  @forward
  node_modules/@carbon/styles/scss/_themes.scss 9:1  @forward
  packages/react/scss/_themes.scss 9:1               @use
  stdin 2:1                                          root stylesheet]
    at expect (/Users/chrisvelgersdyk/Desktop/carbon-coverall/carbon-coverall-poc/node_modules/expect/build/index.js:128:15)
    at Object.expect (/Users/chrisvelgersdyk/Desktop/carbon-coverall/carbon-coverall-poc/packages/react/__tests__/scss-test.js:24:13)
    at Promise.then.completed (/Users/chrisvelgersdyk/Desktop/carbon-coverall/carbon-coverall-poc/node_modules/jest-circus/build/utils.js:333:28)
    at new Promise (&lt;anonymous&gt;)
    at callAsyncCircusFn (/Users/chrisvelgersdyk/Desktop/carbon-coverall/carbon-coverall-poc/node_modules/jest-circus/build/utils.js:259:10)
    at _callCircusTest (/Users/chrisvelgersdyk/Desktop/carbon-coverall/carbon-coverall-poc/node_modules/jest-circus/build/run.js:276:40)
    at processTicksAndRejections (node:internal/process/task_queues:95:5)
    at _runTest (/Users/chrisvelgersdyk/Desktop/carbon-coverall/carbon-coverall-poc/node_modules/jest-circus/build/run.js:208:3)
    at _runTestsForDescribeBlock (/Users/chrisvelgersdyk/Desktop/carbon-coverall/carbon-coverall-poc/node_modules/jest-circus/build/run.js:96:9)
    at _runTestsForDescribeBlock (/Users/chrisvelgersdyk/Desktop/carbon-coverall/carbon-coverall-poc/node_modules/jest-circus/build/run.js:90:9)</failure>
    </testcase>
    <testcase classname="@carbon/react/scss scss/zone should be importable" name="@carbon/react/scss scss/zone should be importable" time="0.023">
      <failure>Error: expect(received).resolves.toBeDefined()

Received promise rejected instead of resolved
Rejected to value: [Error: Can&apos;t find stylesheet to import.
  ╷
8 │ @forward &apos;generated/themes&apos;;
  │ ^^^^^^^^^^^^^^^^^^^^^^^^^^^
  ╵
  node_modules/@carbon/themes/scss/_themes.scss 8:1  @forward
  node_modules/@carbon/styles/scss/_themes.scss 9:1  @use
  node_modules/@carbon/styles/scss/_zone.scss 11:1   @forward
  packages/react/scss/_zone.scss 9:1                 @use
  stdin 2:1                                          root stylesheet]
    at expect (/Users/chrisvelgersdyk/Desktop/carbon-coverall/carbon-coverall-poc/node_modules/expect/build/index.js:128:15)
    at Object.expect (/Users/chrisvelgersdyk/Desktop/carbon-coverall/carbon-coverall-poc/packages/react/__tests__/scss-test.js:24:13)
    at Promise.then.completed (/Users/chrisvelgersdyk/Desktop/carbon-coverall/carbon-coverall-poc/node_modules/jest-circus/build/utils.js:333:28)
    at new Promise (&lt;anonymous&gt;)
    at callAsyncCircusFn (/Users/chrisvelgersdyk/Desktop/carbon-coverall/carbon-coverall-poc/node_modules/jest-circus/build/utils.js:259:10)
    at _callCircusTest (/Users/chrisvelgersdyk/Desktop/carbon-coverall/carbon-coverall-poc/node_modules/jest-circus/build/run.js:276:40)
    at processTicksAndRejections (node:internal/process/task_queues:95:5)
    at _runTest (/Users/chrisvelgersdyk/Desktop/carbon-coverall/carbon-coverall-poc/node_modules/jest-circus/build/run.js:208:3)
    at _runTestsForDescribeBlock (/Users/chrisvelgersdyk/Desktop/carbon-coverall/carbon-coverall-poc/node_modules/jest-circus/build/run.js:96:9)
    at _runTestsForDescribeBlock (/Users/chrisvelgersdyk/Desktop/carbon-coverall/carbon-coverall-poc/node_modules/jest-circus/build/run.js:90:9)</failure>
    </testcase>
    <testcase classname="@carbon/react/scss scss/compat/theme should be importable" name="@carbon/react/scss scss/compat/theme should be importable" time="0.014">
      <failure>Error: expect(received).resolves.toBeDefined()

Received promise rejected instead of resolved
Rejected to value: [Error: Can&apos;t find stylesheet to import.
  ╷
8 │ @forward &apos;generated/themes&apos;;
  │ ^^^^^^^^^^^^^^^^^^^^^^^^^^^
  ╵
  node_modules/@carbon/themes/scss/compat/_themes.scss 8:1  @use
  node_modules/@carbon/styles/scss/compat/_themes.scss 9:1  @use
  node_modules/@carbon/styles/scss/theme/_theme.scss 12:1   @forward
  node_modules/@carbon/styles/scss/_theme.scss 8:1          @forward
  node_modules/@carbon/styles/scss/compat/_theme.scss 8:1   @forward
  packages/react/scss/compat/_theme.scss 9:1                @use
  stdin 2:1                                                 root stylesheet]
    at expect (/Users/chrisvelgersdyk/Desktop/carbon-coverall/carbon-coverall-poc/node_modules/expect/build/index.js:128:15)
    at Object.expect (/Users/chrisvelgersdyk/Desktop/carbon-coverall/carbon-coverall-poc/packages/react/__tests__/scss-test.js:24:13)
    at Promise.then.completed (/Users/chrisvelgersdyk/Desktop/carbon-coverall/carbon-coverall-poc/node_modules/jest-circus/build/utils.js:333:28)
    at new Promise (&lt;anonymous&gt;)
    at callAsyncCircusFn (/Users/chrisvelgersdyk/Desktop/carbon-coverall/carbon-coverall-poc/node_modules/jest-circus/build/utils.js:259:10)
    at _callCircusTest (/Users/chrisvelgersdyk/Desktop/carbon-coverall/carbon-coverall-poc/node_modules/jest-circus/build/run.js:276:40)
    at processTicksAndRejections (node:internal/process/task_queues:95:5)
    at _runTest (/Users/chrisvelgersdyk/Desktop/carbon-coverall/carbon-coverall-poc/node_modules/jest-circus/build/run.js:208:3)
    at _runTestsForDescribeBlock (/Users/chrisvelgersdyk/Desktop/carbon-coverall/carbon-coverall-poc/node_modules/jest-circus/build/run.js:96:9)
    at _runTestsForDescribeBlock (/Users/chrisvelgersdyk/Desktop/carbon-coverall/carbon-coverall-poc/node_modules/jest-circus/build/run.js:90:9)</failure>
    </testcase>
    <testcase classname="@carbon/react/scss scss/compat/themes should be importable" name="@carbon/react/scss scss/compat/themes should be importable" time="0.017">
      <failure>Error: expect(received).resolves.toBeDefined()

Received promise rejected instead of resolved
Rejected to value: [Error: Can&apos;t find stylesheet to import.
  ╷
8 │ @forward &apos;generated/themes&apos;;
  │ ^^^^^^^^^^^^^^^^^^^^^^^^^^^
  ╵
  node_modules/@carbon/themes/scss/compat/_themes.scss 8:1  @use
  node_modules/@carbon/styles/scss/compat/_themes.scss 9:1  @forward
  packages/react/scss/compat/_themes.scss 9:1               @use
  stdin 2:1                                                 root stylesheet]
    at expect (/Users/chrisvelgersdyk/Desktop/carbon-coverall/carbon-coverall-poc/node_modules/expect/build/index.js:128:15)
    at Object.expect (/Users/chrisvelgersdyk/Desktop/carbon-coverall/carbon-coverall-poc/packages/react/__tests__/scss-test.js:24:13)
    at Promise.then.completed (/Users/chrisvelgersdyk/Desktop/carbon-coverall/carbon-coverall-poc/node_modules/jest-circus/build/utils.js:333:28)
    at new Promise (&lt;anonymous&gt;)
    at callAsyncCircusFn (/Users/chrisvelgersdyk/Desktop/carbon-coverall/carbon-coverall-poc/node_modules/jest-circus/build/utils.js:259:10)
    at _callCircusTest (/Users/chrisvelgersdyk/Desktop/carbon-coverall/carbon-coverall-poc/node_modules/jest-circus/build/run.js:276:40)
    at processTicksAndRejections (node:internal/process/task_queues:95:5)
    at _runTest (/Users/chrisvelgersdyk/Desktop/carbon-coverall/carbon-coverall-poc/node_modules/jest-circus/build/run.js:208:3)
    at _runTestsForDescribeBlock (/Users/chrisvelgersdyk/Desktop/carbon-coverall/carbon-coverall-poc/node_modules/jest-circus/build/run.js:96:9)
    at _runTestsForDescribeBlock (/Users/chrisvelgersdyk/Desktop/carbon-coverall/carbon-coverall-poc/node_modules/jest-circus/build/run.js:90:9)</failure>
    </testcase>
    <testcase classname="@carbon/react/scss scss/components should be importable" name="@carbon/react/scss scss/components should be importable" time="0.045">
      <failure>Error: expect(received).resolves.toBeDefined()

Received promise rejected instead of resolved
Rejected to value: [Error: Can&apos;t find stylesheet to import.
  ╷
8 │ @forward &apos;generated/themes&apos;;
  │ ^^^^^^^^^^^^^^^^^^^^^^^^^^^
  ╵
  node_modules/@carbon/themes/scss/compat/_themes.scss 8:1                    @use
  node_modules/@carbon/styles/scss/compat/_themes.scss 9:1                    @use
  node_modules/@carbon/styles/scss/theme/_theme.scss 12:1                     @forward
  node_modules/@carbon/styles/scss/_theme.scss 8:1                            @use
  node_modules/@carbon/styles/scss/components/accordion/_accordion.scss 11:1  @forward
  node_modules/@carbon/styles/scss/components/accordion/_index.scss 8:1       @use
  node_modules/@carbon/styles/scss/components/_index.scss 8:1                 @forward
  packages/react/scss/components/_index.scss 9:1                              @use
  stdin 2:1                                                                   root stylesheet]
    at expect (/Users/chrisvelgersdyk/Desktop/carbon-coverall/carbon-coverall-poc/node_modules/expect/build/index.js:128:15)
    at Object.expect (/Users/chrisvelgersdyk/Desktop/carbon-coverall/carbon-coverall-poc/packages/react/__tests__/scss-test.js:24:13)
    at Promise.then.completed (/Users/chrisvelgersdyk/Desktop/carbon-coverall/carbon-coverall-poc/node_modules/jest-circus/build/utils.js:333:28)
    at new Promise (&lt;anonymous&gt;)
    at callAsyncCircusFn (/Users/chrisvelgersdyk/Desktop/carbon-coverall/carbon-coverall-poc/node_modules/jest-circus/build/utils.js:259:10)
    at _callCircusTest (/Users/chrisvelgersdyk/Desktop/carbon-coverall/carbon-coverall-poc/node_modules/jest-circus/build/run.js:276:40)
    at processTicksAndRejections (node:internal/process/task_queues:95:5)
    at _runTest (/Users/chrisvelgersdyk/Desktop/carbon-coverall/carbon-coverall-poc/node_modules/jest-circus/build/run.js:208:3)
    at _runTestsForDescribeBlock (/Users/chrisvelgersdyk/Desktop/carbon-coverall/carbon-coverall-poc/node_modules/jest-circus/build/run.js:96:9)
    at _runTestsForDescribeBlock (/Users/chrisvelgersdyk/Desktop/carbon-coverall/carbon-coverall-poc/node_modules/jest-circus/build/run.js:90:9)</failure>
    </testcase>
    <testcase classname="@carbon/react/scss scss/components/accordion/accordion should be importable" name="@carbon/react/scss scss/components/accordion/accordion should be importable" time="0.024">
      <failure>Error: expect(received).resolves.toBeDefined()

Received promise rejected instead of resolved
Rejected to value: [Error: Can&apos;t find stylesheet to import.
  ╷
8 │ @forward &apos;generated/themes&apos;;
  │ ^^^^^^^^^^^^^^^^^^^^^^^^^^^
  ╵
  node_modules/@carbon/themes/scss/compat/_themes.scss 8:1                    @use
  node_modules/@carbon/styles/scss/compat/_themes.scss 9:1                    @use
  node_modules/@carbon/styles/scss/theme/_theme.scss 12:1                     @forward
  node_modules/@carbon/styles/scss/_theme.scss 8:1                            @use
  node_modules/@carbon/styles/scss/components/accordion/_accordion.scss 11:1  @forward
  packages/react/scss/components/accordion/_accordion.scss 9:1                @use
  stdin 2:1                                                                   root stylesheet]
    at expect (/Users/chrisvelgersdyk/Desktop/carbon-coverall/carbon-coverall-poc/node_modules/expect/build/index.js:128:15)
    at Object.expect (/Users/chrisvelgersdyk/Desktop/carbon-coverall/carbon-coverall-poc/packages/react/__tests__/scss-test.js:24:13)
    at Promise.then.completed (/Users/chrisvelgersdyk/Desktop/carbon-coverall/carbon-coverall-poc/node_modules/jest-circus/build/utils.js:333:28)
    at new Promise (&lt;anonymous&gt;)
    at callAsyncCircusFn (/Users/chrisvelgersdyk/Desktop/carbon-coverall/carbon-coverall-poc/node_modules/jest-circus/build/utils.js:259:10)
    at _callCircusTest (/Users/chrisvelgersdyk/Desktop/carbon-coverall/carbon-coverall-poc/node_modules/jest-circus/build/run.js:276:40)
    at processTicksAndRejections (node:internal/process/task_queues:95:5)
    at _runTest (/Users/chrisvelgersdyk/Desktop/carbon-coverall/carbon-coverall-poc/node_modules/jest-circus/build/run.js:208:3)
    at _runTestsForDescribeBlock (/Users/chrisvelgersdyk/Desktop/carbon-coverall/carbon-coverall-poc/node_modules/jest-circus/build/run.js:96:9)
    at _runTestsForDescribeBlock (/Users/chrisvelgersdyk/Desktop/carbon-coverall/carbon-coverall-poc/node_modules/jest-circus/build/run.js:90:9)</failure>
    </testcase>
    <testcase classname="@carbon/react/scss scss/components/accordion should be importable" name="@carbon/react/scss scss/components/accordion should be importable" time="0.037">
      <failure>Error: expect(received).resolves.toBeDefined()

Received promise rejected instead of resolved
Rejected to value: [Error: Can&apos;t find stylesheet to import.
  ╷
8 │ @forward &apos;generated/themes&apos;;
  │ ^^^^^^^^^^^^^^^^^^^^^^^^^^^
  ╵
  node_modules/@carbon/themes/scss/compat/_themes.scss 8:1                    @use
  node_modules/@carbon/styles/scss/compat/_themes.scss 9:1                    @use
  node_modules/@carbon/styles/scss/theme/_theme.scss 12:1                     @forward
  node_modules/@carbon/styles/scss/_theme.scss 8:1                            @use
  node_modules/@carbon/styles/scss/components/accordion/_accordion.scss 11:1  @forward
  node_modules/@carbon/styles/scss/components/accordion/_index.scss 8:1       @forward
  packages/react/scss/components/accordion/_index.scss 9:1                    @use
  stdin 2:1                                                                   root stylesheet]
    at expect (/Users/chrisvelgersdyk/Desktop/carbon-coverall/carbon-coverall-poc/node_modules/expect/build/index.js:128:15)
    at Object.expect (/Users/chrisvelgersdyk/Desktop/carbon-coverall/carbon-coverall-poc/packages/react/__tests__/scss-test.js:24:13)
    at Promise.then.completed (/Users/chrisvelgersdyk/Desktop/carbon-coverall/carbon-coverall-poc/node_modules/jest-circus/build/utils.js:333:28)
    at new Promise (&lt;anonymous&gt;)
    at callAsyncCircusFn (/Users/chrisvelgersdyk/Desktop/carbon-coverall/carbon-coverall-poc/node_modules/jest-circus/build/utils.js:259:10)
    at _callCircusTest (/Users/chrisvelgersdyk/Desktop/carbon-coverall/carbon-coverall-poc/node_modules/jest-circus/build/run.js:276:40)
    at processTicksAndRejections (node:internal/process/task_queues:95:5)
    at _runTest (/Users/chrisvelgersdyk/Desktop/carbon-coverall/carbon-coverall-poc/node_modules/jest-circus/build/run.js:208:3)
    at _runTestsForDescribeBlock (/Users/chrisvelgersdyk/Desktop/carbon-coverall/carbon-coverall-poc/node_modules/jest-circus/build/run.js:96:9)
    at _runTestsForDescribeBlock (/Users/chrisvelgersdyk/Desktop/carbon-coverall/carbon-coverall-poc/node_modules/jest-circus/build/run.js:90:9)</failure>
    </testcase>
    <testcase classname="@carbon/react/scss scss/components/ai-label/ai-label should be importable" name="@carbon/react/scss scss/components/ai-label/ai-label should be importable" time="0.031">
      <failure>Error: expect(received).resolves.toBeDefined()

Received promise rejected instead of resolved
Rejected to value: [Error: Can&apos;t find stylesheet to import.
  ╷
8 │ @forward &apos;@carbon/colors&apos;;
  │ ^^^^^^^^^^^^^^^^^^^^^^^^^
  ╵
  node_modules/@carbon/styles/scss/_colors.scss 8:1                         @use
  node_modules/@carbon/styles/scss/components/slug/_slug.scss 9:1           @forward
  node_modules/@carbon/styles/scss/components/slug/_index.scss 8:1          @use
  node_modules/@carbon/styles/scss/components/ai-label/_ai-label.scss 11:1  @forward
  packages/react/scss/components/ai-label/_ai-label.scss 9:1                @use
  stdin 2:1                                                                 root stylesheet]
    at expect (/Users/chrisvelgersdyk/Desktop/carbon-coverall/carbon-coverall-poc/node_modules/expect/build/index.js:128:15)
    at Object.expect (/Users/chrisvelgersdyk/Desktop/carbon-coverall/carbon-coverall-poc/packages/react/__tests__/scss-test.js:24:13)
    at Promise.then.completed (/Users/chrisvelgersdyk/Desktop/carbon-coverall/carbon-coverall-poc/node_modules/jest-circus/build/utils.js:333:28)
    at new Promise (&lt;anonymous&gt;)
    at callAsyncCircusFn (/Users/chrisvelgersdyk/Desktop/carbon-coverall/carbon-coverall-poc/node_modules/jest-circus/build/utils.js:259:10)
    at _callCircusTest (/Users/chrisvelgersdyk/Desktop/carbon-coverall/carbon-coverall-poc/node_modules/jest-circus/build/run.js:276:40)
    at processTicksAndRejections (node:internal/process/task_queues:95:5)
    at _runTest (/Users/chrisvelgersdyk/Desktop/carbon-coverall/carbon-coverall-poc/node_modules/jest-circus/build/run.js:208:3)
    at _runTestsForDescribeBlock (/Users/chrisvelgersdyk/Desktop/carbon-coverall/carbon-coverall-poc/node_modules/jest-circus/build/run.js:96:9)
    at _runTestsForDescribeBlock (/Users/chrisvelgersdyk/Desktop/carbon-coverall/carbon-coverall-poc/node_modules/jest-circus/build/run.js:90:9)</failure>
    </testcase>
    <testcase classname="@carbon/react/scss scss/components/ai-label should be importable" name="@carbon/react/scss scss/components/ai-label should be importable" time="0.052">
      <failure>Error: expect(received).resolves.toBeDefined()

Received promise rejected instead of resolved
Rejected to value: [Error: Can&apos;t find stylesheet to import.
  ╷
8 │ @forward &apos;@carbon/colors&apos;;
  │ ^^^^^^^^^^^^^^^^^^^^^^^^^
  ╵
  node_modules/@carbon/styles/scss/_colors.scss 8:1                         @use
  node_modules/@carbon/styles/scss/components/slug/_slug.scss 9:1           @forward
  node_modules/@carbon/styles/scss/components/slug/_index.scss 8:1          @use
  node_modules/@carbon/styles/scss/components/ai-label/_ai-label.scss 11:1  @forward
  node_modules/@carbon/styles/scss/components/ai-label/_index.scss 8:1      @forward
  packages/react/scss/components/ai-label/_index.scss 9:1                   @use
  stdin 2:1                                                                 root stylesheet]
    at expect (/Users/chrisvelgersdyk/Desktop/carbon-coverall/carbon-coverall-poc/node_modules/expect/build/index.js:128:15)
    at Object.expect (/Users/chrisvelgersdyk/Desktop/carbon-coverall/carbon-coverall-poc/packages/react/__tests__/scss-test.js:24:13)
    at Promise.then.completed (/Users/chrisvelgersdyk/Desktop/carbon-coverall/carbon-coverall-poc/node_modules/jest-circus/build/utils.js:333:28)
    at new Promise (&lt;anonymous&gt;)
    at callAsyncCircusFn (/Users/chrisvelgersdyk/Desktop/carbon-coverall/carbon-coverall-poc/node_modules/jest-circus/build/utils.js:259:10)
    at _callCircusTest (/Users/chrisvelgersdyk/Desktop/carbon-coverall/carbon-coverall-poc/node_modules/jest-circus/build/run.js:276:40)
    at processTicksAndRejections (node:internal/process/task_queues:95:5)
    at _runTest (/Users/chrisvelgersdyk/Desktop/carbon-coverall/carbon-coverall-poc/node_modules/jest-circus/build/run.js:208:3)
    at _runTestsForDescribeBlock (/Users/chrisvelgersdyk/Desktop/carbon-coverall/carbon-coverall-poc/node_modules/jest-circus/build/run.js:96:9)
    at _runTestsForDescribeBlock (/Users/chrisvelgersdyk/Desktop/carbon-coverall/carbon-coverall-poc/node_modules/jest-circus/build/run.js:90:9)</failure>
    </testcase>
    <testcase classname="@carbon/react/scss scss/components/aspect-ratio/aspect-ratio should be importable" name="@carbon/react/scss scss/components/aspect-ratio/aspect-ratio should be importable" time="0.022">
    </testcase>
    <testcase classname="@carbon/react/scss scss/components/aspect-ratio should be importable" name="@carbon/react/scss scss/components/aspect-ratio should be importable" time="0.029">
    </testcase>
    <testcase classname="@carbon/react/scss scss/components/badge-indicator/badge-indicator should be importable" name="@carbon/react/scss scss/components/badge-indicator/badge-indicator should be importable" time="0.048">
      <failure>Error: expect(received).resolves.toBeDefined()

Received promise rejected instead of resolved
Rejected to value: [Error: Can&apos;t find stylesheet to import.
  ╷
8 │ @forward &apos;./generated/fluid-spacing&apos;;
  │ ^^^^^^^^^^^^^^^^^^^^^^^^^^^^^^^^^^^^
  ╵
  node_modules/@carbon/layout/scss/_spacing.scss 8:1                                      @forward
  node_modules/@carbon/styles/scss/_spacing.scss 8:1                                      @use
  node_modules/@carbon/styles/scss/components/badge-indicator/_badge-indicator.scss 13:1  @forward
  packages/react/scss/components/badge-indicator/_badge-indicator.scss 9:1                @use
  stdin 2:1                                                                               root stylesheet]
    at expect (/Users/chrisvelgersdyk/Desktop/carbon-coverall/carbon-coverall-poc/node_modules/expect/build/index.js:128:15)
    at Object.expect (/Users/chrisvelgersdyk/Desktop/carbon-coverall/carbon-coverall-poc/packages/react/__tests__/scss-test.js:24:13)
    at Promise.then.completed (/Users/chrisvelgersdyk/Desktop/carbon-coverall/carbon-coverall-poc/node_modules/jest-circus/build/utils.js:333:28)
    at new Promise (&lt;anonymous&gt;)
    at callAsyncCircusFn (/Users/chrisvelgersdyk/Desktop/carbon-coverall/carbon-coverall-poc/node_modules/jest-circus/build/utils.js:259:10)
    at _callCircusTest (/Users/chrisvelgersdyk/Desktop/carbon-coverall/carbon-coverall-poc/node_modules/jest-circus/build/run.js:276:40)
    at processTicksAndRejections (node:internal/process/task_queues:95:5)
    at _runTest (/Users/chrisvelgersdyk/Desktop/carbon-coverall/carbon-coverall-poc/node_modules/jest-circus/build/run.js:208:3)
    at _runTestsForDescribeBlock (/Users/chrisvelgersdyk/Desktop/carbon-coverall/carbon-coverall-poc/node_modules/jest-circus/build/run.js:96:9)
    at _runTestsForDescribeBlock (/Users/chrisvelgersdyk/Desktop/carbon-coverall/carbon-coverall-poc/node_modules/jest-circus/build/run.js:90:9)</failure>
    </testcase>
    <testcase classname="@carbon/react/scss scss/components/badge-indicator should be importable" name="@carbon/react/scss scss/components/badge-indicator should be importable" time="0.007">
      <failure>Error: expect(received).resolves.toBeDefined()

Received promise rejected instead of resolved
Rejected to value: [Error: Can&apos;t find stylesheet to import.
  ╷
8 │ @forward &apos;./generated/fluid-spacing&apos;;
  │ ^^^^^^^^^^^^^^^^^^^^^^^^^^^^^^^^^^^^
  ╵
  node_modules/@carbon/layout/scss/_spacing.scss 8:1                                      @forward
  node_modules/@carbon/styles/scss/_spacing.scss 8:1                                      @use
  node_modules/@carbon/styles/scss/components/badge-indicator/_badge-indicator.scss 13:1  @forward
  node_modules/@carbon/styles/scss/components/badge-indicator/_index.scss 8:1             @forward
  packages/react/scss/components/badge-indicator/_index.scss 9:1                          @use
  stdin 2:1                                                                               root stylesheet]
    at expect (/Users/chrisvelgersdyk/Desktop/carbon-coverall/carbon-coverall-poc/node_modules/expect/build/index.js:128:15)
    at Object.expect (/Users/chrisvelgersdyk/Desktop/carbon-coverall/carbon-coverall-poc/packages/react/__tests__/scss-test.js:24:13)
    at Promise.then.completed (/Users/chrisvelgersdyk/Desktop/carbon-coverall/carbon-coverall-poc/node_modules/jest-circus/build/utils.js:333:28)
    at new Promise (&lt;anonymous&gt;)
    at callAsyncCircusFn (/Users/chrisvelgersdyk/Desktop/carbon-coverall/carbon-coverall-poc/node_modules/jest-circus/build/utils.js:259:10)
    at _callCircusTest (/Users/chrisvelgersdyk/Desktop/carbon-coverall/carbon-coverall-poc/node_modules/jest-circus/build/run.js:276:40)
    at processTicksAndRejections (node:internal/process/task_queues:95:5)
    at _runTest (/Users/chrisvelgersdyk/Desktop/carbon-coverall/carbon-coverall-poc/node_modules/jest-circus/build/run.js:208:3)
    at _runTestsForDescribeBlock (/Users/chrisvelgersdyk/Desktop/carbon-coverall/carbon-coverall-poc/node_modules/jest-circus/build/run.js:96:9)
    at _runTestsForDescribeBlock (/Users/chrisvelgersdyk/Desktop/carbon-coverall/carbon-coverall-poc/node_modules/jest-circus/build/run.js:90:9)</failure>
    </testcase>
    <testcase classname="@carbon/react/scss scss/components/breadcrumb/breadcrumb should be importable" name="@carbon/react/scss scss/components/breadcrumb/breadcrumb should be importable" time="0.008">
      <failure>Error: expect(received).resolves.toBeDefined()

Received promise rejected instead of resolved
Rejected to value: [Error: Can&apos;t find stylesheet to import.
  ╷
8 │ @forward &apos;./generated/fluid-spacing&apos;;
  │ ^^^^^^^^^^^^^^^^^^^^^^^^^^^^^^^^^^^^
  ╵
  node_modules/@carbon/layout/scss/_spacing.scss 8:1                                 @forward
  node_modules/@carbon/styles/scss/_spacing.scss 8:1                                 @use
  node_modules/@carbon/styles/scss/components/button/_vars.scss 8:1                  @forward
  node_modules/@carbon/styles/scss/components/button/_index.scss 8:1                 @use
  node_modules/@carbon/styles/scss/components/overflow-menu/_overflow-menu.scss 8:1  @forward
  node_modules/@carbon/styles/scss/components/overflow-menu/_index.scss 8:1          @use
  node_modules/@carbon/styles/scss/components/breadcrumb/_breadcrumb.scss 8:1        @forward
  packages/react/scss/components/breadcrumb/_breadcrumb.scss 9:1                     @use
  stdin 2:1                                                                          root stylesheet]
    at expect (/Users/chrisvelgersdyk/Desktop/carbon-coverall/carbon-coverall-poc/node_modules/expect/build/index.js:128:15)
    at Object.expect (/Users/chrisvelgersdyk/Desktop/carbon-coverall/carbon-coverall-poc/packages/react/__tests__/scss-test.js:24:13)
    at Promise.then.completed (/Users/chrisvelgersdyk/Desktop/carbon-coverall/carbon-coverall-poc/node_modules/jest-circus/build/utils.js:333:28)
    at new Promise (&lt;anonymous&gt;)
    at callAsyncCircusFn (/Users/chrisvelgersdyk/Desktop/carbon-coverall/carbon-coverall-poc/node_modules/jest-circus/build/utils.js:259:10)
    at _callCircusTest (/Users/chrisvelgersdyk/Desktop/carbon-coverall/carbon-coverall-poc/node_modules/jest-circus/build/run.js:276:40)
    at processTicksAndRejections (node:internal/process/task_queues:95:5)
    at _runTest (/Users/chrisvelgersdyk/Desktop/carbon-coverall/carbon-coverall-poc/node_modules/jest-circus/build/run.js:208:3)
    at _runTestsForDescribeBlock (/Users/chrisvelgersdyk/Desktop/carbon-coverall/carbon-coverall-poc/node_modules/jest-circus/build/run.js:96:9)
    at _runTestsForDescribeBlock (/Users/chrisvelgersdyk/Desktop/carbon-coverall/carbon-coverall-poc/node_modules/jest-circus/build/run.js:90:9)</failure>
    </testcase>
    <testcase classname="@carbon/react/scss scss/components/breadcrumb should be importable" name="@carbon/react/scss scss/components/breadcrumb should be importable" time="0.013">
      <failure>Error: expect(received).resolves.toBeDefined()

Received promise rejected instead of resolved
Rejected to value: [Error: Can&apos;t find stylesheet to import.
  ╷
8 │ @forward &apos;./generated/fluid-spacing&apos;;
  │ ^^^^^^^^^^^^^^^^^^^^^^^^^^^^^^^^^^^^
  ╵
  node_modules/@carbon/layout/scss/_spacing.scss 8:1                                 @forward
  node_modules/@carbon/styles/scss/_spacing.scss 8:1                                 @use
  node_modules/@carbon/styles/scss/components/button/_vars.scss 8:1                  @forward
  node_modules/@carbon/styles/scss/components/button/_index.scss 8:1                 @use
  node_modules/@carbon/styles/scss/components/overflow-menu/_overflow-menu.scss 8:1  @forward
  node_modules/@carbon/styles/scss/components/overflow-menu/_index.scss 8:1          @use
  node_modules/@carbon/styles/scss/components/breadcrumb/_breadcrumb.scss 8:1        @forward
  node_modules/@carbon/styles/scss/components/breadcrumb/_index.scss 8:1             @forward
  packages/react/scss/components/breadcrumb/_index.scss 9:1                          @use
  stdin 2:1                                                                          root stylesheet]
    at expect (/Users/chrisvelgersdyk/Desktop/carbon-coverall/carbon-coverall-poc/node_modules/expect/build/index.js:128:15)
    at Object.expect (/Users/chrisvelgersdyk/Desktop/carbon-coverall/carbon-coverall-poc/packages/react/__tests__/scss-test.js:24:13)
    at Promise.then.completed (/Users/chrisvelgersdyk/Desktop/carbon-coverall/carbon-coverall-poc/node_modules/jest-circus/build/utils.js:333:28)
    at new Promise (&lt;anonymous&gt;)
    at callAsyncCircusFn (/Users/chrisvelgersdyk/Desktop/carbon-coverall/carbon-coverall-poc/node_modules/jest-circus/build/utils.js:259:10)
    at _callCircusTest (/Users/chrisvelgersdyk/Desktop/carbon-coverall/carbon-coverall-poc/node_modules/jest-circus/build/run.js:276:40)
    at processTicksAndRejections (node:internal/process/task_queues:95:5)
    at _runTest (/Users/chrisvelgersdyk/Desktop/carbon-coverall/carbon-coverall-poc/node_modules/jest-circus/build/run.js:208:3)
    at _runTestsForDescribeBlock (/Users/chrisvelgersdyk/Desktop/carbon-coverall/carbon-coverall-poc/node_modules/jest-circus/build/run.js:96:9)
    at _runTestsForDescribeBlock (/Users/chrisvelgersdyk/Desktop/carbon-coverall/carbon-coverall-poc/node_modules/jest-circus/build/run.js:90:9)</failure>
    </testcase>
    <testcase classname="@carbon/react/scss scss/components/button/button should be importable" name="@carbon/react/scss scss/components/button/button should be importable" time="0.013">
      <failure>Error: expect(received).resolves.toBeDefined()

Received promise rejected instead of resolved
Rejected to value: [Error: Can&apos;t find stylesheet to import.
  ╷
8 │ @forward &apos;generated/themes&apos;;
  │ ^^^^^^^^^^^^^^^^^^^^^^^^^^^
  ╵
  node_modules/@carbon/themes/scss/_themes.scss 8:1                     @forward
  node_modules/@carbon/styles/scss/_themes.scss 9:1                     @use
  node_modules/@carbon/styles/scss/components/button/_tokens.scss 10:1  @use
  node_modules/@carbon/styles/scss/components/button/_button.scss 8:1   @forward
  packages/react/scss/components/button/_button.scss 9:1                @use
  stdin 2:1                                                             root stylesheet]
    at expect (/Users/chrisvelgersdyk/Desktop/carbon-coverall/carbon-coverall-poc/node_modules/expect/build/index.js:128:15)
    at Object.expect (/Users/chrisvelgersdyk/Desktop/carbon-coverall/carbon-coverall-poc/packages/react/__tests__/scss-test.js:24:13)
    at Promise.then.completed (/Users/chrisvelgersdyk/Desktop/carbon-coverall/carbon-coverall-poc/node_modules/jest-circus/build/utils.js:333:28)
    at new Promise (&lt;anonymous&gt;)
    at callAsyncCircusFn (/Users/chrisvelgersdyk/Desktop/carbon-coverall/carbon-coverall-poc/node_modules/jest-circus/build/utils.js:259:10)
    at _callCircusTest (/Users/chrisvelgersdyk/Desktop/carbon-coverall/carbon-coverall-poc/node_modules/jest-circus/build/run.js:276:40)
    at processTicksAndRejections (node:internal/process/task_queues:95:5)
    at _runTest (/Users/chrisvelgersdyk/Desktop/carbon-coverall/carbon-coverall-poc/node_modules/jest-circus/build/run.js:208:3)
    at _runTestsForDescribeBlock (/Users/chrisvelgersdyk/Desktop/carbon-coverall/carbon-coverall-poc/node_modules/jest-circus/build/run.js:96:9)
    at _runTestsForDescribeBlock (/Users/chrisvelgersdyk/Desktop/carbon-coverall/carbon-coverall-poc/node_modules/jest-circus/build/run.js:90:9)</failure>
    </testcase>
    <testcase classname="@carbon/react/scss scss/components/button should be importable" name="@carbon/react/scss scss/components/button should be importable" time="0.003">
      <failure>Error: expect(received).resolves.toBeDefined()

Received promise rejected instead of resolved
Rejected to value: [Error: Can&apos;t find stylesheet to import.
  ╷
8 │ @forward &apos;./generated/fluid-spacing&apos;;
  │ ^^^^^^^^^^^^^^^^^^^^^^^^^^^^^^^^^^^^
  ╵
  node_modules/@carbon/layout/scss/_spacing.scss 8:1                  @forward
  node_modules/@carbon/styles/scss/_spacing.scss 8:1                  @use
  node_modules/@carbon/styles/scss/components/button/_vars.scss 8:1   @forward
  node_modules/@carbon/styles/scss/components/button/_index.scss 8:1  @forward
  packages/react/scss/components/button/_index.scss 9:1               @use
  stdin 2:1                                                           root stylesheet]
    at expect (/Users/chrisvelgersdyk/Desktop/carbon-coverall/carbon-coverall-poc/node_modules/expect/build/index.js:128:15)
    at Object.expect (/Users/chrisvelgersdyk/Desktop/carbon-coverall/carbon-coverall-poc/packages/react/__tests__/scss-test.js:24:13)
    at Promise.then.completed (/Users/chrisvelgersdyk/Desktop/carbon-coverall/carbon-coverall-poc/node_modules/jest-circus/build/utils.js:333:28)
    at new Promise (&lt;anonymous&gt;)
    at callAsyncCircusFn (/Users/chrisvelgersdyk/Desktop/carbon-coverall/carbon-coverall-poc/node_modules/jest-circus/build/utils.js:259:10)
    at _callCircusTest (/Users/chrisvelgersdyk/Desktop/carbon-coverall/carbon-coverall-poc/node_modules/jest-circus/build/run.js:276:40)
    at processTicksAndRejections (node:internal/process/task_queues:95:5)
    at _runTest (/Users/chrisvelgersdyk/Desktop/carbon-coverall/carbon-coverall-poc/node_modules/jest-circus/build/run.js:208:3)
    at _runTestsForDescribeBlock (/Users/chrisvelgersdyk/Desktop/carbon-coverall/carbon-coverall-poc/node_modules/jest-circus/build/run.js:96:9)
    at _runTestsForDescribeBlock (/Users/chrisvelgersdyk/Desktop/carbon-coverall/carbon-coverall-poc/node_modules/jest-circus/build/run.js:90:9)</failure>
    </testcase>
    <testcase classname="@carbon/react/scss scss/components/button/tokens should be importable" name="@carbon/react/scss scss/components/button/tokens should be importable" time="0.007">
      <failure>Error: expect(received).resolves.toBeDefined()

Received promise rejected instead of resolved
Rejected to value: [Error: Can&apos;t find stylesheet to import.
  ╷
8 │ @forward &apos;generated/themes&apos;;
  │ ^^^^^^^^^^^^^^^^^^^^^^^^^^^
  ╵
  node_modules/@carbon/themes/scss/_themes.scss 8:1                     @forward
  node_modules/@carbon/styles/scss/_themes.scss 9:1                     @use
  node_modules/@carbon/styles/scss/components/button/_tokens.scss 10:1  @forward
  packages/react/scss/components/button/_tokens.scss 9:1                @use
  stdin 2:1                                                             root stylesheet]
    at expect (/Users/chrisvelgersdyk/Desktop/carbon-coverall/carbon-coverall-poc/node_modules/expect/build/index.js:128:15)
    at Object.expect (/Users/chrisvelgersdyk/Desktop/carbon-coverall/carbon-coverall-poc/packages/react/__tests__/scss-test.js:24:13)
    at Promise.then.completed (/Users/chrisvelgersdyk/Desktop/carbon-coverall/carbon-coverall-poc/node_modules/jest-circus/build/utils.js:333:28)
    at new Promise (&lt;anonymous&gt;)
    at callAsyncCircusFn (/Users/chrisvelgersdyk/Desktop/carbon-coverall/carbon-coverall-poc/node_modules/jest-circus/build/utils.js:259:10)
    at _callCircusTest (/Users/chrisvelgersdyk/Desktop/carbon-coverall/carbon-coverall-poc/node_modules/jest-circus/build/run.js:276:40)
    at processTicksAndRejections (node:internal/process/task_queues:95:5)
    at _runTest (/Users/chrisvelgersdyk/Desktop/carbon-coverall/carbon-coverall-poc/node_modules/jest-circus/build/run.js:208:3)
    at _runTestsForDescribeBlock (/Users/chrisvelgersdyk/Desktop/carbon-coverall/carbon-coverall-poc/node_modules/jest-circus/build/run.js:96:9)
    at _runTestsForDescribeBlock (/Users/chrisvelgersdyk/Desktop/carbon-coverall/carbon-coverall-poc/node_modules/jest-circus/build/run.js:90:9)</failure>
    </testcase>
    <testcase classname="@carbon/react/scss scss/components/chat-button/chat-button should be importable" name="@carbon/react/scss scss/components/chat-button/chat-button should be importable" time="0.004">
      <failure>Error: expect(received).resolves.toBeDefined()

Received promise rejected instead of resolved
Rejected to value: [Error: Can&apos;t find stylesheet to import.
  ╷
8 │ @forward &apos;./generated/fluid-spacing&apos;;
  │ ^^^^^^^^^^^^^^^^^^^^^^^^^^^^^^^^^^^^
  ╵
  node_modules/@carbon/layout/scss/_spacing.scss 8:1                             @forward
  node_modules/@carbon/styles/scss/_spacing.scss 8:1                             @use
  node_modules/@carbon/styles/scss/components/button/_vars.scss 8:1              @forward
  node_modules/@carbon/styles/scss/components/button/_index.scss 8:1             @use
  node_modules/@carbon/styles/scss/components/chat-button/_chat-button.scss 8:1  @forward
  packages/react/scss/components/chat-button/_chat-button.scss 9:1               @use
  stdin 2:1                                                                      root stylesheet]
    at expect (/Users/chrisvelgersdyk/Desktop/carbon-coverall/carbon-coverall-poc/node_modules/expect/build/index.js:128:15)
    at Object.expect (/Users/chrisvelgersdyk/Desktop/carbon-coverall/carbon-coverall-poc/packages/react/__tests__/scss-test.js:24:13)
    at Promise.then.completed (/Users/chrisvelgersdyk/Desktop/carbon-coverall/carbon-coverall-poc/node_modules/jest-circus/build/utils.js:333:28)
    at new Promise (&lt;anonymous&gt;)
    at callAsyncCircusFn (/Users/chrisvelgersdyk/Desktop/carbon-coverall/carbon-coverall-poc/node_modules/jest-circus/build/utils.js:259:10)
    at _callCircusTest (/Users/chrisvelgersdyk/Desktop/carbon-coverall/carbon-coverall-poc/node_modules/jest-circus/build/run.js:276:40)
    at processTicksAndRejections (node:internal/process/task_queues:95:5)
    at _runTest (/Users/chrisvelgersdyk/Desktop/carbon-coverall/carbon-coverall-poc/node_modules/jest-circus/build/run.js:208:3)
    at _runTestsForDescribeBlock (/Users/chrisvelgersdyk/Desktop/carbon-coverall/carbon-coverall-poc/node_modules/jest-circus/build/run.js:96:9)
    at _runTestsForDescribeBlock (/Users/chrisvelgersdyk/Desktop/carbon-coverall/carbon-coverall-poc/node_modules/jest-circus/build/run.js:90:9)</failure>
    </testcase>
    <testcase classname="@carbon/react/scss scss/components/chat-button should be importable" name="@carbon/react/scss scss/components/chat-button should be importable" time="0.004">
      <failure>Error: expect(received).resolves.toBeDefined()

Received promise rejected instead of resolved
Rejected to value: [Error: Can&apos;t find stylesheet to import.
  ╷
8 │ @forward &apos;./generated/fluid-spacing&apos;;
  │ ^^^^^^^^^^^^^^^^^^^^^^^^^^^^^^^^^^^^
  ╵
  node_modules/@carbon/layout/scss/_spacing.scss 8:1                             @forward
  node_modules/@carbon/styles/scss/_spacing.scss 8:1                             @use
  node_modules/@carbon/styles/scss/components/button/_vars.scss 8:1              @forward
  node_modules/@carbon/styles/scss/components/button/_index.scss 8:1             @use
  node_modules/@carbon/styles/scss/components/chat-button/_chat-button.scss 8:1  @forward
  node_modules/@carbon/styles/scss/components/chat-button/_index.scss 8:1        @forward
  packages/react/scss/components/chat-button/_index.scss 9:1                     @use
  stdin 2:1                                                                      root stylesheet]
    at expect (/Users/chrisvelgersdyk/Desktop/carbon-coverall/carbon-coverall-poc/node_modules/expect/build/index.js:128:15)
    at Object.expect (/Users/chrisvelgersdyk/Desktop/carbon-coverall/carbon-coverall-poc/packages/react/__tests__/scss-test.js:24:13)
    at Promise.then.completed (/Users/chrisvelgersdyk/Desktop/carbon-coverall/carbon-coverall-poc/node_modules/jest-circus/build/utils.js:333:28)
    at new Promise (&lt;anonymous&gt;)
    at callAsyncCircusFn (/Users/chrisvelgersdyk/Desktop/carbon-coverall/carbon-coverall-poc/node_modules/jest-circus/build/utils.js:259:10)
    at _callCircusTest (/Users/chrisvelgersdyk/Desktop/carbon-coverall/carbon-coverall-poc/node_modules/jest-circus/build/run.js:276:40)
    at processTicksAndRejections (node:internal/process/task_queues:95:5)
    at _runTest (/Users/chrisvelgersdyk/Desktop/carbon-coverall/carbon-coverall-poc/node_modules/jest-circus/build/run.js:208:3)
    at _runTestsForDescribeBlock (/Users/chrisvelgersdyk/Desktop/carbon-coverall/carbon-coverall-poc/node_modules/jest-circus/build/run.js:96:9)
    at _runTestsForDescribeBlock (/Users/chrisvelgersdyk/Desktop/carbon-coverall/carbon-coverall-poc/node_modules/jest-circus/build/run.js:90:9)</failure>
    </testcase>
    <testcase classname="@carbon/react/scss scss/components/checkbox/checkbox should be importable" name="@carbon/react/scss scss/components/checkbox/checkbox should be importable" time="0.012">
      <failure>Error: expect(received).resolves.toBeDefined()

Received promise rejected instead of resolved
Rejected to value: [Error: Can&apos;t find stylesheet to import.
  ╷
8 │ @forward &apos;./generated/fluid-spacing&apos;;
  │ ^^^^^^^^^^^^^^^^^^^^^^^^^^^^^^^^^^^^
  ╵
  node_modules/@carbon/layout/scss/_spacing.scss 8:1                       @forward
  node_modules/@carbon/styles/scss/_spacing.scss 8:1                       @use
  node_modules/@carbon/styles/scss/components/form/_form.scss 9:1          @forward
  node_modules/@carbon/styles/scss/components/form/_index.scss 8:1         @use
  node_modules/@carbon/styles/scss/components/checkbox/_checkbox.scss 8:1  @forward
  packages/react/scss/components/checkbox/_checkbox.scss 9:1               @use
  stdin 2:1                                                                root stylesheet]
    at expect (/Users/chrisvelgersdyk/Desktop/carbon-coverall/carbon-coverall-poc/node_modules/expect/build/index.js:128:15)
    at Object.expect (/Users/chrisvelgersdyk/Desktop/carbon-coverall/carbon-coverall-poc/packages/react/__tests__/scss-test.js:24:13)
    at Promise.then.completed (/Users/chrisvelgersdyk/Desktop/carbon-coverall/carbon-coverall-poc/node_modules/jest-circus/build/utils.js:333:28)
    at new Promise (&lt;anonymous&gt;)
    at callAsyncCircusFn (/Users/chrisvelgersdyk/Desktop/carbon-coverall/carbon-coverall-poc/node_modules/jest-circus/build/utils.js:259:10)
    at _callCircusTest (/Users/chrisvelgersdyk/Desktop/carbon-coverall/carbon-coverall-poc/node_modules/jest-circus/build/run.js:276:40)
    at processTicksAndRejections (node:internal/process/task_queues:95:5)
    at _runTest (/Users/chrisvelgersdyk/Desktop/carbon-coverall/carbon-coverall-poc/node_modules/jest-circus/build/run.js:208:3)
    at _runTestsForDescribeBlock (/Users/chrisvelgersdyk/Desktop/carbon-coverall/carbon-coverall-poc/node_modules/jest-circus/build/run.js:96:9)
    at _runTestsForDescribeBlock (/Users/chrisvelgersdyk/Desktop/carbon-coverall/carbon-coverall-poc/node_modules/jest-circus/build/run.js:90:9)</failure>
    </testcase>
    <testcase classname="@carbon/react/scss scss/components/checkbox should be importable" name="@carbon/react/scss scss/components/checkbox should be importable" time="0.01">
      <failure>Error: expect(received).resolves.toBeDefined()

Received promise rejected instead of resolved
Rejected to value: [Error: Can&apos;t find stylesheet to import.
  ╷
8 │ @forward &apos;./generated/fluid-spacing&apos;;
  │ ^^^^^^^^^^^^^^^^^^^^^^^^^^^^^^^^^^^^
  ╵
  node_modules/@carbon/layout/scss/_spacing.scss 8:1                       @forward
  node_modules/@carbon/styles/scss/_spacing.scss 8:1                       @use
  node_modules/@carbon/styles/scss/components/form/_form.scss 9:1          @forward
  node_modules/@carbon/styles/scss/components/form/_index.scss 8:1         @use
  node_modules/@carbon/styles/scss/components/checkbox/_checkbox.scss 8:1  @forward
  node_modules/@carbon/styles/scss/components/checkbox/_index.scss 8:1     @forward
  packages/react/scss/components/checkbox/_index.scss 9:1                  @use
  stdin 2:1                                                                root stylesheet]
    at expect (/Users/chrisvelgersdyk/Desktop/carbon-coverall/carbon-coverall-poc/node_modules/expect/build/index.js:128:15)
    at Object.expect (/Users/chrisvelgersdyk/Desktop/carbon-coverall/carbon-coverall-poc/packages/react/__tests__/scss-test.js:24:13)
    at Promise.then.completed (/Users/chrisvelgersdyk/Desktop/carbon-coverall/carbon-coverall-poc/node_modules/jest-circus/build/utils.js:333:28)
    at new Promise (&lt;anonymous&gt;)
    at callAsyncCircusFn (/Users/chrisvelgersdyk/Desktop/carbon-coverall/carbon-coverall-poc/node_modules/jest-circus/build/utils.js:259:10)
    at _callCircusTest (/Users/chrisvelgersdyk/Desktop/carbon-coverall/carbon-coverall-poc/node_modules/jest-circus/build/run.js:276:40)
    at processTicksAndRejections (node:internal/process/task_queues:95:5)
    at _runTest (/Users/chrisvelgersdyk/Desktop/carbon-coverall/carbon-coverall-poc/node_modules/jest-circus/build/run.js:208:3)
    at _runTestsForDescribeBlock (/Users/chrisvelgersdyk/Desktop/carbon-coverall/carbon-coverall-poc/node_modules/jest-circus/build/run.js:96:9)
    at _runTestsForDescribeBlock (/Users/chrisvelgersdyk/Desktop/carbon-coverall/carbon-coverall-poc/node_modules/jest-circus/build/run.js:90:9)</failure>
    </testcase>
    <testcase classname="@carbon/react/scss scss/components/code-snippet/code-snippet should be importable" name="@carbon/react/scss scss/components/code-snippet/code-snippet should be importable" time="0.011">
      <failure>Error: expect(received).resolves.toBeDefined()

Received promise rejected instead of resolved
Rejected to value: [Error: Can&apos;t find stylesheet to import.
  ╷
8 │ @forward &apos;generated/themes&apos;;
  │ ^^^^^^^^^^^^^^^^^^^^^^^^^^^
  ╵
  node_modules/@carbon/themes/scss/compat/_themes.scss 8:1                         @use
  node_modules/@carbon/styles/scss/compat/_themes.scss 9:1                         @use
  node_modules/@carbon/styles/scss/theme/_theme.scss 12:1                          @forward
  node_modules/@carbon/styles/scss/_theme.scss 8:1                                 @use
  node_modules/@carbon/styles/scss/components/code-snippet/_mixins.scss 8:1        @use
  node_modules/@carbon/styles/scss/components/code-snippet/_code-snippet.scss 8:1  @forward
  packages/react/scss/components/code-snippet/_code-snippet.scss 9:1               @use
  stdin 2:1                                                                        root stylesheet]
    at expect (/Users/chrisvelgersdyk/Desktop/carbon-coverall/carbon-coverall-poc/node_modules/expect/build/index.js:128:15)
    at Object.expect (/Users/chrisvelgersdyk/Desktop/carbon-coverall/carbon-coverall-poc/packages/react/__tests__/scss-test.js:24:13)
    at Promise.then.completed (/Users/chrisvelgersdyk/Desktop/carbon-coverall/carbon-coverall-poc/node_modules/jest-circus/build/utils.js:333:28)
    at new Promise (&lt;anonymous&gt;)
    at callAsyncCircusFn (/Users/chrisvelgersdyk/Desktop/carbon-coverall/carbon-coverall-poc/node_modules/jest-circus/build/utils.js:259:10)
    at _callCircusTest (/Users/chrisvelgersdyk/Desktop/carbon-coverall/carbon-coverall-poc/node_modules/jest-circus/build/run.js:276:40)
    at processTicksAndRejections (node:internal/process/task_queues:95:5)
    at _runTest (/Users/chrisvelgersdyk/Desktop/carbon-coverall/carbon-coverall-poc/node_modules/jest-circus/build/run.js:208:3)
    at _runTestsForDescribeBlock (/Users/chrisvelgersdyk/Desktop/carbon-coverall/carbon-coverall-poc/node_modules/jest-circus/build/run.js:96:9)
    at _runTestsForDescribeBlock (/Users/chrisvelgersdyk/Desktop/carbon-coverall/carbon-coverall-poc/node_modules/jest-circus/build/run.js:90:9)</failure>
    </testcase>
    <testcase classname="@carbon/react/scss scss/components/code-snippet should be importable" name="@carbon/react/scss scss/components/code-snippet should be importable" time="0.015">
      <failure>Error: expect(received).resolves.toBeDefined()

Received promise rejected instead of resolved
Rejected to value: [Error: Can&apos;t find stylesheet to import.
  ╷
8 │ @forward &apos;generated/themes&apos;;
  │ ^^^^^^^^^^^^^^^^^^^^^^^^^^^
  ╵
  node_modules/@carbon/themes/scss/compat/_themes.scss 8:1                         @use
  node_modules/@carbon/styles/scss/compat/_themes.scss 9:1                         @use
  node_modules/@carbon/styles/scss/theme/_theme.scss 12:1                          @forward
  node_modules/@carbon/styles/scss/_theme.scss 8:1                                 @use
  node_modules/@carbon/styles/scss/components/code-snippet/_mixins.scss 8:1        @use
  node_modules/@carbon/styles/scss/components/code-snippet/_code-snippet.scss 8:1  @forward
  node_modules/@carbon/styles/scss/components/code-snippet/_index.scss 8:1         @forward
  packages/react/scss/components/code-snippet/_index.scss 9:1                      @use
  stdin 2:1                                                                        root stylesheet]
    at expect (/Users/chrisvelgersdyk/Desktop/carbon-coverall/carbon-coverall-poc/node_modules/expect/build/index.js:128:15)
    at Object.expect (/Users/chrisvelgersdyk/Desktop/carbon-coverall/carbon-coverall-poc/packages/react/__tests__/scss-test.js:24:13)
    at Promise.then.completed (/Users/chrisvelgersdyk/Desktop/carbon-coverall/carbon-coverall-poc/node_modules/jest-circus/build/utils.js:333:28)
    at new Promise (&lt;anonymous&gt;)
    at callAsyncCircusFn (/Users/chrisvelgersdyk/Desktop/carbon-coverall/carbon-coverall-poc/node_modules/jest-circus/build/utils.js:259:10)
    at _callCircusTest (/Users/chrisvelgersdyk/Desktop/carbon-coverall/carbon-coverall-poc/node_modules/jest-circus/build/run.js:276:40)
    at processTicksAndRejections (node:internal/process/task_queues:95:5)
    at _runTest (/Users/chrisvelgersdyk/Desktop/carbon-coverall/carbon-coverall-poc/node_modules/jest-circus/build/run.js:208:3)
    at _runTestsForDescribeBlock (/Users/chrisvelgersdyk/Desktop/carbon-coverall/carbon-coverall-poc/node_modules/jest-circus/build/run.js:96:9)
    at _runTestsForDescribeBlock (/Users/chrisvelgersdyk/Desktop/carbon-coverall/carbon-coverall-poc/node_modules/jest-circus/build/run.js:90:9)</failure>
    </testcase>
    <testcase classname="@carbon/react/scss scss/components/combo-box/combo-box should be importable" name="@carbon/react/scss scss/components/combo-box/combo-box should be importable" time="0.045">
      <failure>Error: expect(received).resolves.toBeDefined()

Received promise rejected instead of resolved
Rejected to value: [Error: Can&apos;t find stylesheet to import.
  ╷
8 │ @forward &apos;generated/themes&apos;;
  │ ^^^^^^^^^^^^^^^^^^^^^^^^^^^
  ╵
  node_modules/@carbon/themes/scss/_themes.scss 8:1                          @forward
  node_modules/@carbon/styles/scss/_themes.scss 9:1                          @use
  node_modules/@carbon/styles/scss/components/button/_tokens.scss 10:1       @use
  node_modules/@carbon/styles/scss/components/list-box/_list-box.scss 8:1    @forward
  node_modules/@carbon/styles/scss/components/list-box/_index.scss 8:1       @use
  node_modules/@carbon/styles/scss/components/combo-box/_combo-box.scss 8:1  @forward
  packages/react/scss/components/combo-box/_combo-box.scss 9:1               @use
  stdin 2:1                                                                  root stylesheet]
    at expect (/Users/chrisvelgersdyk/Desktop/carbon-coverall/carbon-coverall-poc/node_modules/expect/build/index.js:128:15)
    at Object.expect (/Users/chrisvelgersdyk/Desktop/carbon-coverall/carbon-coverall-poc/packages/react/__tests__/scss-test.js:24:13)
    at Promise.then.completed (/Users/chrisvelgersdyk/Desktop/carbon-coverall/carbon-coverall-poc/node_modules/jest-circus/build/utils.js:333:28)
    at new Promise (&lt;anonymous&gt;)
    at callAsyncCircusFn (/Users/chrisvelgersdyk/Desktop/carbon-coverall/carbon-coverall-poc/node_modules/jest-circus/build/utils.js:259:10)
    at _callCircusTest (/Users/chrisvelgersdyk/Desktop/carbon-coverall/carbon-coverall-poc/node_modules/jest-circus/build/run.js:276:40)
    at processTicksAndRejections (node:internal/process/task_queues:95:5)
    at _runTest (/Users/chrisvelgersdyk/Desktop/carbon-coverall/carbon-coverall-poc/node_modules/jest-circus/build/run.js:208:3)
    at _runTestsForDescribeBlock (/Users/chrisvelgersdyk/Desktop/carbon-coverall/carbon-coverall-poc/node_modules/jest-circus/build/run.js:96:9)
    at _runTestsForDescribeBlock (/Users/chrisvelgersdyk/Desktop/carbon-coverall/carbon-coverall-poc/node_modules/jest-circus/build/run.js:90:9)</failure>
    </testcase>
    <testcase classname="@carbon/react/scss scss/components/combo-box should be importable" name="@carbon/react/scss scss/components/combo-box should be importable" time="0.018">
      <failure>Error: expect(received).resolves.toBeDefined()

Received promise rejected instead of resolved
Rejected to value: [Error: Can&apos;t find stylesheet to import.
  ╷
8 │ @forward &apos;generated/themes&apos;;
  │ ^^^^^^^^^^^^^^^^^^^^^^^^^^^
  ╵
  node_modules/@carbon/themes/scss/_themes.scss 8:1                          @forward
  node_modules/@carbon/styles/scss/_themes.scss 9:1                          @use
  node_modules/@carbon/styles/scss/components/button/_tokens.scss 10:1       @use
  node_modules/@carbon/styles/scss/components/list-box/_list-box.scss 8:1    @forward
  node_modules/@carbon/styles/scss/components/list-box/_index.scss 8:1       @use
  node_modules/@carbon/styles/scss/components/combo-box/_combo-box.scss 8:1  @forward
  node_modules/@carbon/styles/scss/components/combo-box/_index.scss 8:1      @forward
  packages/react/scss/components/combo-box/_index.scss 9:1                   @use
  stdin 2:1                                                                  root stylesheet]
    at expect (/Users/chrisvelgersdyk/Desktop/carbon-coverall/carbon-coverall-poc/node_modules/expect/build/index.js:128:15)
    at Object.expect (/Users/chrisvelgersdyk/Desktop/carbon-coverall/carbon-coverall-poc/packages/react/__tests__/scss-test.js:24:13)
    at Promise.then.completed (/Users/chrisvelgersdyk/Desktop/carbon-coverall/carbon-coverall-poc/node_modules/jest-circus/build/utils.js:333:28)
    at new Promise (&lt;anonymous&gt;)
    at callAsyncCircusFn (/Users/chrisvelgersdyk/Desktop/carbon-coverall/carbon-coverall-poc/node_modules/jest-circus/build/utils.js:259:10)
    at _callCircusTest (/Users/chrisvelgersdyk/Desktop/carbon-coverall/carbon-coverall-poc/node_modules/jest-circus/build/run.js:276:40)
    at processTicksAndRejections (node:internal/process/task_queues:95:5)
    at _runTest (/Users/chrisvelgersdyk/Desktop/carbon-coverall/carbon-coverall-poc/node_modules/jest-circus/build/run.js:208:3)
    at _runTestsForDescribeBlock (/Users/chrisvelgersdyk/Desktop/carbon-coverall/carbon-coverall-poc/node_modules/jest-circus/build/run.js:96:9)
    at _runTestsForDescribeBlock (/Users/chrisvelgersdyk/Desktop/carbon-coverall/carbon-coverall-poc/node_modules/jest-circus/build/run.js:90:9)</failure>
    </testcase>
    <testcase classname="@carbon/react/scss scss/components/contained-list/contained-list should be importable" name="@carbon/react/scss scss/components/contained-list/contained-list should be importable" time="0.006">
      <failure>Error: expect(received).resolves.toBeDefined()

Received promise rejected instead of resolved
Rejected to value: [Error: Can&apos;t find stylesheet to import.
  ╷
8 │ @forward &apos;./generated/fluid-spacing&apos;;
  │ ^^^^^^^^^^^^^^^^^^^^^^^^^^^^^^^^^^^^
  ╵
  node_modules/@carbon/layout/scss/_spacing.scss 8:1                                    @forward
  node_modules/@carbon/styles/scss/_spacing.scss 8:1                                    @use
  node_modules/@carbon/styles/scss/components/button/_vars.scss 8:1                     @forward
  node_modules/@carbon/styles/scss/components/button/_index.scss 8:1                    @use
  node_modules/@carbon/styles/scss/components/contained-list/_contained-list.scss 10:1  @forward
  packages/react/scss/components/contained-list/_contained-list.scss 9:1                @use
  stdin 2:1                                                                             root stylesheet]
    at expect (/Users/chrisvelgersdyk/Desktop/carbon-coverall/carbon-coverall-poc/node_modules/expect/build/index.js:128:15)
    at Object.expect (/Users/chrisvelgersdyk/Desktop/carbon-coverall/carbon-coverall-poc/packages/react/__tests__/scss-test.js:24:13)
    at Promise.then.completed (/Users/chrisvelgersdyk/Desktop/carbon-coverall/carbon-coverall-poc/node_modules/jest-circus/build/utils.js:333:28)
    at new Promise (&lt;anonymous&gt;)
    at callAsyncCircusFn (/Users/chrisvelgersdyk/Desktop/carbon-coverall/carbon-coverall-poc/node_modules/jest-circus/build/utils.js:259:10)
    at _callCircusTest (/Users/chrisvelgersdyk/Desktop/carbon-coverall/carbon-coverall-poc/node_modules/jest-circus/build/run.js:276:40)
    at processTicksAndRejections (node:internal/process/task_queues:95:5)
    at _runTest (/Users/chrisvelgersdyk/Desktop/carbon-coverall/carbon-coverall-poc/node_modules/jest-circus/build/run.js:208:3)
    at _runTestsForDescribeBlock (/Users/chrisvelgersdyk/Desktop/carbon-coverall/carbon-coverall-poc/node_modules/jest-circus/build/run.js:96:9)
    at _runTestsForDescribeBlock (/Users/chrisvelgersdyk/Desktop/carbon-coverall/carbon-coverall-poc/node_modules/jest-circus/build/run.js:90:9)</failure>
    </testcase>
    <testcase classname="@carbon/react/scss scss/components/contained-list should be importable" name="@carbon/react/scss scss/components/contained-list should be importable" time="0.007">
      <failure>Error: expect(received).resolves.toBeDefined()

Received promise rejected instead of resolved
Rejected to value: [Error: Can&apos;t find stylesheet to import.
  ╷
8 │ @forward &apos;./generated/fluid-spacing&apos;;
  │ ^^^^^^^^^^^^^^^^^^^^^^^^^^^^^^^^^^^^
  ╵
  node_modules/@carbon/layout/scss/_spacing.scss 8:1                                    @forward
  node_modules/@carbon/styles/scss/_spacing.scss 8:1                                    @use
  node_modules/@carbon/styles/scss/components/button/_vars.scss 8:1                     @forward
  node_modules/@carbon/styles/scss/components/button/_index.scss 8:1                    @use
  node_modules/@carbon/styles/scss/components/contained-list/_contained-list.scss 10:1  @forward
  node_modules/@carbon/styles/scss/components/contained-list/_index.scss 8:1            @forward
  packages/react/scss/components/contained-list/_index.scss 9:1                         @use
  stdin 2:1                                                                             root stylesheet]
    at expect (/Users/chrisvelgersdyk/Desktop/carbon-coverall/carbon-coverall-poc/node_modules/expect/build/index.js:128:15)
    at Object.expect (/Users/chrisvelgersdyk/Desktop/carbon-coverall/carbon-coverall-poc/packages/react/__tests__/scss-test.js:24:13)
    at Promise.then.completed (/Users/chrisvelgersdyk/Desktop/carbon-coverall/carbon-coverall-poc/node_modules/jest-circus/build/utils.js:333:28)
    at new Promise (&lt;anonymous&gt;)
    at callAsyncCircusFn (/Users/chrisvelgersdyk/Desktop/carbon-coverall/carbon-coverall-poc/node_modules/jest-circus/build/utils.js:259:10)
    at _callCircusTest (/Users/chrisvelgersdyk/Desktop/carbon-coverall/carbon-coverall-poc/node_modules/jest-circus/build/run.js:276:40)
    at processTicksAndRejections (node:internal/process/task_queues:95:5)
    at _runTest (/Users/chrisvelgersdyk/Desktop/carbon-coverall/carbon-coverall-poc/node_modules/jest-circus/build/run.js:208:3)
    at _runTestsForDescribeBlock (/Users/chrisvelgersdyk/Desktop/carbon-coverall/carbon-coverall-poc/node_modules/jest-circus/build/run.js:96:9)
    at _runTestsForDescribeBlock (/Users/chrisvelgersdyk/Desktop/carbon-coverall/carbon-coverall-poc/node_modules/jest-circus/build/run.js:90:9)</failure>
    </testcase>
    <testcase classname="@carbon/react/scss scss/components/content-switcher/content-switcher should be importable" name="@carbon/react/scss scss/components/content-switcher/content-switcher should be importable" time="0.006">
      <failure>Error: expect(received).resolves.toBeDefined()

Received promise rejected instead of resolved
Rejected to value: [Error: Can&apos;t find stylesheet to import.
  ╷
8 │ @forward &apos;./generated/fluid-spacing&apos;;
  │ ^^^^^^^^^^^^^^^^^^^^^^^^^^^^^^^^^^^^
  ╵
  node_modules/@carbon/layout/scss/_spacing.scss 8:1                                       @forward
  node_modules/@carbon/styles/scss/_spacing.scss 8:1                                       @use
  node_modules/@carbon/styles/scss/components/button/_vars.scss 8:1                        @forward
  node_modules/@carbon/styles/scss/components/button/_index.scss 8:1                       @use
  node_modules/@carbon/styles/scss/components/content-switcher/_content-switcher.scss 8:1  @forward
  packages/react/scss/components/content-switcher/_content-switcher.scss 9:1               @use
  stdin 2:1                                                                                root stylesheet]
    at expect (/Users/chrisvelgersdyk/Desktop/carbon-coverall/carbon-coverall-poc/node_modules/expect/build/index.js:128:15)
    at Object.expect (/Users/chrisvelgersdyk/Desktop/carbon-coverall/carbon-coverall-poc/packages/react/__tests__/scss-test.js:24:13)
    at Promise.then.completed (/Users/chrisvelgersdyk/Desktop/carbon-coverall/carbon-coverall-poc/node_modules/jest-circus/build/utils.js:333:28)
    at new Promise (&lt;anonymous&gt;)
    at callAsyncCircusFn (/Users/chrisvelgersdyk/Desktop/carbon-coverall/carbon-coverall-poc/node_modules/jest-circus/build/utils.js:259:10)
    at _callCircusTest (/Users/chrisvelgersdyk/Desktop/carbon-coverall/carbon-coverall-poc/node_modules/jest-circus/build/run.js:276:40)
    at processTicksAndRejections (node:internal/process/task_queues:95:5)
    at _runTest (/Users/chrisvelgersdyk/Desktop/carbon-coverall/carbon-coverall-poc/node_modules/jest-circus/build/run.js:208:3)
    at _runTestsForDescribeBlock (/Users/chrisvelgersdyk/Desktop/carbon-coverall/carbon-coverall-poc/node_modules/jest-circus/build/run.js:96:9)
    at _runTestsForDescribeBlock (/Users/chrisvelgersdyk/Desktop/carbon-coverall/carbon-coverall-poc/node_modules/jest-circus/build/run.js:90:9)</failure>
    </testcase>
    <testcase classname="@carbon/react/scss scss/components/content-switcher should be importable" name="@carbon/react/scss scss/components/content-switcher should be importable" time="0.027">
      <failure>Error: expect(received).resolves.toBeDefined()

Received promise rejected instead of resolved
Rejected to value: [Error: Can&apos;t find stylesheet to import.
  ╷
8 │ @forward &apos;./generated/fluid-spacing&apos;;
  │ ^^^^^^^^^^^^^^^^^^^^^^^^^^^^^^^^^^^^
  ╵
  node_modules/@carbon/layout/scss/_spacing.scss 8:1                                       @forward
  node_modules/@carbon/styles/scss/_spacing.scss 8:1                                       @use
  node_modules/@carbon/styles/scss/components/button/_vars.scss 8:1                        @forward
  node_modules/@carbon/styles/scss/components/button/_index.scss 8:1                       @use
  node_modules/@carbon/styles/scss/components/content-switcher/_content-switcher.scss 8:1  @forward
  node_modules/@carbon/styles/scss/components/content-switcher/_index.scss 8:1             @forward
  packages/react/scss/components/content-switcher/_index.scss 9:1                          @use
  stdin 2:1                                                                                root stylesheet]
    at expect (/Users/chrisvelgersdyk/Desktop/carbon-coverall/carbon-coverall-poc/node_modules/expect/build/index.js:128:15)
    at Object.expect (/Users/chrisvelgersdyk/Desktop/carbon-coverall/carbon-coverall-poc/packages/react/__tests__/scss-test.js:24:13)
    at Promise.then.completed (/Users/chrisvelgersdyk/Desktop/carbon-coverall/carbon-coverall-poc/node_modules/jest-circus/build/utils.js:333:28)
    at new Promise (&lt;anonymous&gt;)
    at callAsyncCircusFn (/Users/chrisvelgersdyk/Desktop/carbon-coverall/carbon-coverall-poc/node_modules/jest-circus/build/utils.js:259:10)
    at _callCircusTest (/Users/chrisvelgersdyk/Desktop/carbon-coverall/carbon-coverall-poc/node_modules/jest-circus/build/run.js:276:40)
    at processTicksAndRejections (node:internal/process/task_queues:95:5)
    at _runTest (/Users/chrisvelgersdyk/Desktop/carbon-coverall/carbon-coverall-poc/node_modules/jest-circus/build/run.js:208:3)
    at _runTestsForDescribeBlock (/Users/chrisvelgersdyk/Desktop/carbon-coverall/carbon-coverall-poc/node_modules/jest-circus/build/run.js:96:9)
    at _runTestsForDescribeBlock (/Users/chrisvelgersdyk/Desktop/carbon-coverall/carbon-coverall-poc/node_modules/jest-circus/build/run.js:90:9)</failure>
    </testcase>
    <testcase classname="@carbon/react/scss scss/components/copy-button/copy-button should be importable" name="@carbon/react/scss scss/components/copy-button/copy-button should be importable" time="0.004">
      <failure>Error: expect(received).resolves.toBeDefined()

Received promise rejected instead of resolved
Rejected to value: [Error: Can&apos;t find stylesheet to import.
  ╷
8 │ @forward &apos;./generated/fluid-spacing&apos;;
  │ ^^^^^^^^^^^^^^^^^^^^^^^^^^^^^^^^^^^^
  ╵
  node_modules/@carbon/layout/scss/_spacing.scss 8:1                             @forward
  node_modules/@carbon/styles/scss/_spacing.scss 8:1                             @use
  node_modules/@carbon/styles/scss/components/button/_vars.scss 8:1              @forward
  node_modules/@carbon/styles/scss/components/button/_index.scss 8:1             @use
  node_modules/@carbon/styles/scss/components/copy-button/_copy-button.scss 8:1  @forward
  packages/react/scss/components/copy-button/_copy-button.scss 9:1               @use
  stdin 2:1                                                                      root stylesheet]
    at expect (/Users/chrisvelgersdyk/Desktop/carbon-coverall/carbon-coverall-poc/node_modules/expect/build/index.js:128:15)
    at Object.expect (/Users/chrisvelgersdyk/Desktop/carbon-coverall/carbon-coverall-poc/packages/react/__tests__/scss-test.js:24:13)
    at Promise.then.completed (/Users/chrisvelgersdyk/Desktop/carbon-coverall/carbon-coverall-poc/node_modules/jest-circus/build/utils.js:333:28)
    at new Promise (&lt;anonymous&gt;)
    at callAsyncCircusFn (/Users/chrisvelgersdyk/Desktop/carbon-coverall/carbon-coverall-poc/node_modules/jest-circus/build/utils.js:259:10)
    at _callCircusTest (/Users/chrisvelgersdyk/Desktop/carbon-coverall/carbon-coverall-poc/node_modules/jest-circus/build/run.js:276:40)
    at processTicksAndRejections (node:internal/process/task_queues:95:5)
    at _runTest (/Users/chrisvelgersdyk/Desktop/carbon-coverall/carbon-coverall-poc/node_modules/jest-circus/build/run.js:208:3)
    at _runTestsForDescribeBlock (/Users/chrisvelgersdyk/Desktop/carbon-coverall/carbon-coverall-poc/node_modules/jest-circus/build/run.js:96:9)
    at _runTestsForDescribeBlock (/Users/chrisvelgersdyk/Desktop/carbon-coverall/carbon-coverall-poc/node_modules/jest-circus/build/run.js:90:9)</failure>
    </testcase>
    <testcase classname="@carbon/react/scss scss/components/copy-button should be importable" name="@carbon/react/scss scss/components/copy-button should be importable" time="0.004">
      <failure>Error: expect(received).resolves.toBeDefined()

Received promise rejected instead of resolved
Rejected to value: [Error: Can&apos;t find stylesheet to import.
  ╷
8 │ @forward &apos;./generated/fluid-spacing&apos;;
  │ ^^^^^^^^^^^^^^^^^^^^^^^^^^^^^^^^^^^^
  ╵
  node_modules/@carbon/layout/scss/_spacing.scss 8:1                             @forward
  node_modules/@carbon/styles/scss/_spacing.scss 8:1                             @use
  node_modules/@carbon/styles/scss/components/button/_vars.scss 8:1              @forward
  node_modules/@carbon/styles/scss/components/button/_index.scss 8:1             @use
  node_modules/@carbon/styles/scss/components/copy-button/_copy-button.scss 8:1  @forward
  node_modules/@carbon/styles/scss/components/copy-button/_index.scss 8:1        @forward
  packages/react/scss/components/copy-button/_index.scss 9:1                     @use
  stdin 2:1                                                                      root stylesheet]
    at expect (/Users/chrisvelgersdyk/Desktop/carbon-coverall/carbon-coverall-poc/node_modules/expect/build/index.js:128:15)
    at Object.expect (/Users/chrisvelgersdyk/Desktop/carbon-coverall/carbon-coverall-poc/packages/react/__tests__/scss-test.js:24:13)
    at Promise.then.completed (/Users/chrisvelgersdyk/Desktop/carbon-coverall/carbon-coverall-poc/node_modules/jest-circus/build/utils.js:333:28)
    at new Promise (&lt;anonymous&gt;)
    at callAsyncCircusFn (/Users/chrisvelgersdyk/Desktop/carbon-coverall/carbon-coverall-poc/node_modules/jest-circus/build/utils.js:259:10)
    at _callCircusTest (/Users/chrisvelgersdyk/Desktop/carbon-coverall/carbon-coverall-poc/node_modules/jest-circus/build/run.js:276:40)
    at processTicksAndRejections (node:internal/process/task_queues:95:5)
    at _runTest (/Users/chrisvelgersdyk/Desktop/carbon-coverall/carbon-coverall-poc/node_modules/jest-circus/build/run.js:208:3)
    at _runTestsForDescribeBlock (/Users/chrisvelgersdyk/Desktop/carbon-coverall/carbon-coverall-poc/node_modules/jest-circus/build/run.js:96:9)
    at _runTestsForDescribeBlock (/Users/chrisvelgersdyk/Desktop/carbon-coverall/carbon-coverall-poc/node_modules/jest-circus/build/run.js:90:9)</failure>
    </testcase>
    <testcase classname="@carbon/react/scss scss/components/data-table/data-table should be importable" name="@carbon/react/scss scss/components/data-table/data-table should be importable" time="0.015">
      <failure>Error: expect(received).resolves.toBeDefined()

Received promise rejected instead of resolved
Rejected to value: [Error: Can&apos;t find stylesheet to import.
  ╷
8 │ @forward &apos;generated/themes&apos;;
  │ ^^^^^^^^^^^^^^^^^^^^^^^^^^^
  ╵
  node_modules/@carbon/themes/scss/compat/_themes.scss 8:1                     @use
  node_modules/@carbon/styles/scss/compat/_themes.scss 9:1                     @use
  node_modules/@carbon/styles/scss/theme/_theme.scss 12:1                      @forward
  node_modules/@carbon/styles/scss/_theme.scss 8:1                             @use
  node_modules/@carbon/styles/scss/components/data-table/_vars.scss 8:1        @use
  node_modules/@carbon/styles/scss/components/data-table/_data-table.scss 9:1  @forward
  packages/react/scss/components/data-table/_data-table.scss 9:1               @use
  stdin 2:1                                                                    root stylesheet]
    at expect (/Users/chrisvelgersdyk/Desktop/carbon-coverall/carbon-coverall-poc/node_modules/expect/build/index.js:128:15)
    at Object.expect (/Users/chrisvelgersdyk/Desktop/carbon-coverall/carbon-coverall-poc/packages/react/__tests__/scss-test.js:24:13)
    at Promise.then.completed (/Users/chrisvelgersdyk/Desktop/carbon-coverall/carbon-coverall-poc/node_modules/jest-circus/build/utils.js:333:28)
    at new Promise (&lt;anonymous&gt;)
    at callAsyncCircusFn (/Users/chrisvelgersdyk/Desktop/carbon-coverall/carbon-coverall-poc/node_modules/jest-circus/build/utils.js:259:10)
    at _callCircusTest (/Users/chrisvelgersdyk/Desktop/carbon-coverall/carbon-coverall-poc/node_modules/jest-circus/build/run.js:276:40)
    at processTicksAndRejections (node:internal/process/task_queues:95:5)
    at _runTest (/Users/chrisvelgersdyk/Desktop/carbon-coverall/carbon-coverall-poc/node_modules/jest-circus/build/run.js:208:3)
    at _runTestsForDescribeBlock (/Users/chrisvelgersdyk/Desktop/carbon-coverall/carbon-coverall-poc/node_modules/jest-circus/build/run.js:96:9)
    at _runTestsForDescribeBlock (/Users/chrisvelgersdyk/Desktop/carbon-coverall/carbon-coverall-poc/node_modules/jest-circus/build/run.js:90:9)</failure>
    </testcase>
    <testcase classname="@carbon/react/scss scss/components/data-table should be importable" name="@carbon/react/scss scss/components/data-table should be importable" time="0.009">
      <failure>Error: expect(received).resolves.toBeDefined()

Received promise rejected instead of resolved
Rejected to value: [Error: Can&apos;t find stylesheet to import.
  ╷
8 │ @forward &apos;generated/themes&apos;;
  │ ^^^^^^^^^^^^^^^^^^^^^^^^^^^
  ╵
  node_modules/@carbon/themes/scss/compat/_themes.scss 8:1                @use
  node_modules/@carbon/styles/scss/compat/_themes.scss 9:1                @use
  node_modules/@carbon/styles/scss/theme/_theme.scss 12:1                 @forward
  node_modules/@carbon/styles/scss/_theme.scss 8:1                        @use
  node_modules/@carbon/styles/scss/components/data-table/_vars.scss 8:1   @forward
  node_modules/@carbon/styles/scss/components/data-table/_index.scss 8:1  @forward
  packages/react/scss/components/data-table/_index.scss 9:1               @use
  stdin 2:1                                                               root stylesheet]
    at expect (/Users/chrisvelgersdyk/Desktop/carbon-coverall/carbon-coverall-poc/node_modules/expect/build/index.js:128:15)
    at Object.expect (/Users/chrisvelgersdyk/Desktop/carbon-coverall/carbon-coverall-poc/packages/react/__tests__/scss-test.js:24:13)
    at Promise.then.completed (/Users/chrisvelgersdyk/Desktop/carbon-coverall/carbon-coverall-poc/node_modules/jest-circus/build/utils.js:333:28)
    at new Promise (&lt;anonymous&gt;)
    at callAsyncCircusFn (/Users/chrisvelgersdyk/Desktop/carbon-coverall/carbon-coverall-poc/node_modules/jest-circus/build/utils.js:259:10)
    at _callCircusTest (/Users/chrisvelgersdyk/Desktop/carbon-coverall/carbon-coverall-poc/node_modules/jest-circus/build/run.js:276:40)
    at processTicksAndRejections (node:internal/process/task_queues:95:5)
    at _runTest (/Users/chrisvelgersdyk/Desktop/carbon-coverall/carbon-coverall-poc/node_modules/jest-circus/build/run.js:208:3)
    at _runTestsForDescribeBlock (/Users/chrisvelgersdyk/Desktop/carbon-coverall/carbon-coverall-poc/node_modules/jest-circus/build/run.js:96:9)
    at _runTestsForDescribeBlock (/Users/chrisvelgersdyk/Desktop/carbon-coverall/carbon-coverall-poc/node_modules/jest-circus/build/run.js:90:9)</failure>
    </testcase>
    <testcase classname="@carbon/react/scss scss/components/data-table/action/data-table-action should be importable" name="@carbon/react/scss scss/components/data-table/action/data-table-action should be importable" time="0.008">
      <failure>Error: expect(received).resolves.toBeDefined()

Received promise rejected instead of resolved
Rejected to value: [Error: Can&apos;t find stylesheet to import.
  ╷
8 │ @forward &apos;./generated/fluid-spacing&apos;;
  │ ^^^^^^^^^^^^^^^^^^^^^^^^^^^^^^^^^^^^
  ╵
  node_modules/@carbon/layout/scss/_spacing.scss 8:1                                         @forward
  node_modules/@carbon/styles/scss/_spacing.scss 8:1                                         @use
  node_modules/@carbon/styles/scss/components/button/_vars.scss 8:1                          @forward
  node_modules/@carbon/styles/scss/components/button/_index.scss 8:1                         @use
  node_modules/@carbon/styles/scss/components/data-table/action/_data-table-action.scss 8:1  @forward
  packages/react/scss/components/data-table/action/_data-table-action.scss 9:1               @use
  stdin 2:1                                                                                  root stylesheet]
    at expect (/Users/chrisvelgersdyk/Desktop/carbon-coverall/carbon-coverall-poc/node_modules/expect/build/index.js:128:15)
    at Object.expect (/Users/chrisvelgersdyk/Desktop/carbon-coverall/carbon-coverall-poc/packages/react/__tests__/scss-test.js:24:13)
    at Promise.then.completed (/Users/chrisvelgersdyk/Desktop/carbon-coverall/carbon-coverall-poc/node_modules/jest-circus/build/utils.js:333:28)
    at new Promise (&lt;anonymous&gt;)
    at callAsyncCircusFn (/Users/chrisvelgersdyk/Desktop/carbon-coverall/carbon-coverall-poc/node_modules/jest-circus/build/utils.js:259:10)
    at _callCircusTest (/Users/chrisvelgersdyk/Desktop/carbon-coverall/carbon-coverall-poc/node_modules/jest-circus/build/run.js:276:40)
    at processTicksAndRejections (node:internal/process/task_queues:95:5)
    at _runTest (/Users/chrisvelgersdyk/Desktop/carbon-coverall/carbon-coverall-poc/node_modules/jest-circus/build/run.js:208:3)
    at _runTestsForDescribeBlock (/Users/chrisvelgersdyk/Desktop/carbon-coverall/carbon-coverall-poc/node_modules/jest-circus/build/run.js:96:9)
    at _runTestsForDescribeBlock (/Users/chrisvelgersdyk/Desktop/carbon-coverall/carbon-coverall-poc/node_modules/jest-circus/build/run.js:90:9)</failure>
    </testcase>
    <testcase classname="@carbon/react/scss scss/components/data-table/action should be importable" name="@carbon/react/scss scss/components/data-table/action should be importable" time="0.05">
      <failure>Error: expect(received).resolves.toBeDefined()

Received promise rejected instead of resolved
Rejected to value: [Error: Can&apos;t find stylesheet to import.
  ╷
8 │ @forward &apos;./generated/fluid-spacing&apos;;
  │ ^^^^^^^^^^^^^^^^^^^^^^^^^^^^^^^^^^^^
  ╵
  node_modules/@carbon/layout/scss/_spacing.scss 8:1                                         @forward
  node_modules/@carbon/styles/scss/_spacing.scss 8:1                                         @use
  node_modules/@carbon/styles/scss/components/button/_vars.scss 8:1                          @forward
  node_modules/@carbon/styles/scss/components/button/_index.scss 8:1                         @use
  node_modules/@carbon/styles/scss/components/data-table/action/_data-table-action.scss 8:1  @forward
  node_modules/@carbon/styles/scss/components/data-table/action/_index.scss 8:1              @forward
  packages/react/scss/components/data-table/action/_index.scss 9:1                           @use
  stdin 2:1                                                                                  root stylesheet]
    at expect (/Users/chrisvelgersdyk/Desktop/carbon-coverall/carbon-coverall-poc/node_modules/expect/build/index.js:128:15)
    at Object.expect (/Users/chrisvelgersdyk/Desktop/carbon-coverall/carbon-coverall-poc/packages/react/__tests__/scss-test.js:24:13)
    at Promise.then.completed (/Users/chrisvelgersdyk/Desktop/carbon-coverall/carbon-coverall-poc/node_modules/jest-circus/build/utils.js:333:28)
    at new Promise (&lt;anonymous&gt;)
    at callAsyncCircusFn (/Users/chrisvelgersdyk/Desktop/carbon-coverall/carbon-coverall-poc/node_modules/jest-circus/build/utils.js:259:10)
    at _callCircusTest (/Users/chrisvelgersdyk/Desktop/carbon-coverall/carbon-coverall-poc/node_modules/jest-circus/build/run.js:276:40)
    at processTicksAndRejections (node:internal/process/task_queues:95:5)
    at _runTest (/Users/chrisvelgersdyk/Desktop/carbon-coverall/carbon-coverall-poc/node_modules/jest-circus/build/run.js:208:3)
    at _runTestsForDescribeBlock (/Users/chrisvelgersdyk/Desktop/carbon-coverall/carbon-coverall-poc/node_modules/jest-circus/build/run.js:96:9)
    at _runTestsForDescribeBlock (/Users/chrisvelgersdyk/Desktop/carbon-coverall/carbon-coverall-poc/node_modules/jest-circus/build/run.js:90:9)</failure>
    </testcase>
    <testcase classname="@carbon/react/scss scss/components/data-table/expandable/data-table-expandable should be importable" name="@carbon/react/scss scss/components/data-table/expandable/data-table-expandable should be importable" time="0.046">
      <failure>Error: expect(received).resolves.toBeDefined()

Received promise rejected instead of resolved
Rejected to value: [Error: Can&apos;t find stylesheet to import.
  ╷
8 │ @forward &apos;./generated/fluid-spacing&apos;;
  │ ^^^^^^^^^^^^^^^^^^^^^^^^^^^^^^^^^^^^
  ╵
  node_modules/@carbon/layout/scss/_spacing.scss 8:1                                                 @forward
  node_modules/@carbon/styles/scss/_spacing.scss 8:1                                                 @use
  node_modules/@carbon/styles/scss/components/button/_vars.scss 8:1                                  @forward
  node_modules/@carbon/styles/scss/components/button/_index.scss 8:1                                 @use
  node_modules/@carbon/styles/scss/components/data-table/action/_data-table-action.scss 8:1          @forward
  node_modules/@carbon/styles/scss/components/data-table/action/_index.scss 8:1                      @use
  node_modules/@carbon/styles/scss/components/data-table/expandable/_data-table-expandable.scss 8:1  @forward
  packages/react/scss/components/data-table/expandable/_data-table-expandable.scss 9:1               @use
  stdin 2:1                                                                                          root stylesheet]
    at expect (/Users/chrisvelgersdyk/Desktop/carbon-coverall/carbon-coverall-poc/node_modules/expect/build/index.js:128:15)
    at Object.expect (/Users/chrisvelgersdyk/Desktop/carbon-coverall/carbon-coverall-poc/packages/react/__tests__/scss-test.js:24:13)
    at Promise.then.completed (/Users/chrisvelgersdyk/Desktop/carbon-coverall/carbon-coverall-poc/node_modules/jest-circus/build/utils.js:333:28)
    at new Promise (&lt;anonymous&gt;)
    at callAsyncCircusFn (/Users/chrisvelgersdyk/Desktop/carbon-coverall/carbon-coverall-poc/node_modules/jest-circus/build/utils.js:259:10)
    at _callCircusTest (/Users/chrisvelgersdyk/Desktop/carbon-coverall/carbon-coverall-poc/node_modules/jest-circus/build/run.js:276:40)
    at processTicksAndRejections (node:internal/process/task_queues:95:5)
    at _runTest (/Users/chrisvelgersdyk/Desktop/carbon-coverall/carbon-coverall-poc/node_modules/jest-circus/build/run.js:208:3)
    at _runTestsForDescribeBlock (/Users/chrisvelgersdyk/Desktop/carbon-coverall/carbon-coverall-poc/node_modules/jest-circus/build/run.js:96:9)
    at _runTestsForDescribeBlock (/Users/chrisvelgersdyk/Desktop/carbon-coverall/carbon-coverall-poc/node_modules/jest-circus/build/run.js:90:9)</failure>
    </testcase>
    <testcase classname="@carbon/react/scss scss/components/data-table/expandable should be importable" name="@carbon/react/scss scss/components/data-table/expandable should be importable" time="0.016">
      <failure>Error: expect(received).resolves.toBeDefined()

Received promise rejected instead of resolved
Rejected to value: [Error: Can&apos;t find stylesheet to import.
  ╷
8 │ @forward &apos;./generated/fluid-spacing&apos;;
  │ ^^^^^^^^^^^^^^^^^^^^^^^^^^^^^^^^^^^^
  ╵
  node_modules/@carbon/layout/scss/_spacing.scss 8:1                                                 @forward
  node_modules/@carbon/styles/scss/_spacing.scss 8:1                                                 @use
  node_modules/@carbon/styles/scss/components/button/_vars.scss 8:1                                  @forward
  node_modules/@carbon/styles/scss/components/button/_index.scss 8:1                                 @use
  node_modules/@carbon/styles/scss/components/data-table/action/_data-table-action.scss 8:1          @forward
  node_modules/@carbon/styles/scss/components/data-table/action/_index.scss 8:1                      @use
  node_modules/@carbon/styles/scss/components/data-table/expandable/_data-table-expandable.scss 8:1  @forward
  node_modules/@carbon/styles/scss/components/data-table/expandable/_index.scss 8:1                  @forward
  packages/react/scss/components/data-table/expandable/_index.scss 9:1                               @use
  stdin 2:1                                                                                          root stylesheet]
    at expect (/Users/chrisvelgersdyk/Desktop/carbon-coverall/carbon-coverall-poc/node_modules/expect/build/index.js:128:15)
    at Object.expect (/Users/chrisvelgersdyk/Desktop/carbon-coverall/carbon-coverall-poc/packages/react/__tests__/scss-test.js:24:13)
    at Promise.then.completed (/Users/chrisvelgersdyk/Desktop/carbon-coverall/carbon-coverall-poc/node_modules/jest-circus/build/utils.js:333:28)
    at new Promise (&lt;anonymous&gt;)
    at callAsyncCircusFn (/Users/chrisvelgersdyk/Desktop/carbon-coverall/carbon-coverall-poc/node_modules/jest-circus/build/utils.js:259:10)
    at _callCircusTest (/Users/chrisvelgersdyk/Desktop/carbon-coverall/carbon-coverall-poc/node_modules/jest-circus/build/run.js:276:40)
    at processTicksAndRejections (node:internal/process/task_queues:95:5)
    at _runTest (/Users/chrisvelgersdyk/Desktop/carbon-coverall/carbon-coverall-poc/node_modules/jest-circus/build/run.js:208:3)
    at _runTestsForDescribeBlock (/Users/chrisvelgersdyk/Desktop/carbon-coverall/carbon-coverall-poc/node_modules/jest-circus/build/run.js:96:9)
    at _runTestsForDescribeBlock (/Users/chrisvelgersdyk/Desktop/carbon-coverall/carbon-coverall-poc/node_modules/jest-circus/build/run.js:90:9)</failure>
    </testcase>
    <testcase classname="@carbon/react/scss scss/components/data-table/skeleton/data-table-skeleton should be importable" name="@carbon/react/scss scss/components/data-table/skeleton/data-table-skeleton should be importable" time="0.005">
      <failure>Error: expect(received).resolves.toBeDefined()

Received promise rejected instead of resolved
Rejected to value: [Error: Can&apos;t find stylesheet to import.
  ╷
8 │ @forward &apos;./generated/fluid-spacing&apos;;
  │ ^^^^^^^^^^^^^^^^^^^^^^^^^^^^^^^^^^^^
  ╵
  node_modules/@carbon/layout/scss/_spacing.scss 8:1                                             @forward
  node_modules/@carbon/styles/scss/_spacing.scss 8:1                                             @use
  node_modules/@carbon/styles/scss/components/data-table/skeleton/_data-table-skeleton.scss 9:1  @forward
  packages/react/scss/components/data-table/skeleton/_data-table-skeleton.scss 9:1               @use
  stdin 2:1                                                                                      root stylesheet]
    at expect (/Users/chrisvelgersdyk/Desktop/carbon-coverall/carbon-coverall-poc/node_modules/expect/build/index.js:128:15)
    at Object.expect (/Users/chrisvelgersdyk/Desktop/carbon-coverall/carbon-coverall-poc/packages/react/__tests__/scss-test.js:24:13)
    at Promise.then.completed (/Users/chrisvelgersdyk/Desktop/carbon-coverall/carbon-coverall-poc/node_modules/jest-circus/build/utils.js:333:28)
    at new Promise (&lt;anonymous&gt;)
    at callAsyncCircusFn (/Users/chrisvelgersdyk/Desktop/carbon-coverall/carbon-coverall-poc/node_modules/jest-circus/build/utils.js:259:10)
    at _callCircusTest (/Users/chrisvelgersdyk/Desktop/carbon-coverall/carbon-coverall-poc/node_modules/jest-circus/build/run.js:276:40)
    at processTicksAndRejections (node:internal/process/task_queues:95:5)
    at _runTest (/Users/chrisvelgersdyk/Desktop/carbon-coverall/carbon-coverall-poc/node_modules/jest-circus/build/run.js:208:3)
    at _runTestsForDescribeBlock (/Users/chrisvelgersdyk/Desktop/carbon-coverall/carbon-coverall-poc/node_modules/jest-circus/build/run.js:96:9)
    at _runTestsForDescribeBlock (/Users/chrisvelgersdyk/Desktop/carbon-coverall/carbon-coverall-poc/node_modules/jest-circus/build/run.js:90:9)</failure>
    </testcase>
    <testcase classname="@carbon/react/scss scss/components/data-table/skeleton should be importable" name="@carbon/react/scss scss/components/data-table/skeleton should be importable" time="0.005">
      <failure>Error: expect(received).resolves.toBeDefined()

Received promise rejected instead of resolved
Rejected to value: [Error: Can&apos;t find stylesheet to import.
  ╷
8 │ @forward &apos;./generated/fluid-spacing&apos;;
  │ ^^^^^^^^^^^^^^^^^^^^^^^^^^^^^^^^^^^^
  ╵
  node_modules/@carbon/layout/scss/_spacing.scss 8:1                                             @forward
  node_modules/@carbon/styles/scss/_spacing.scss 8:1                                             @use
  node_modules/@carbon/styles/scss/components/data-table/skeleton/_data-table-skeleton.scss 9:1  @forward
  node_modules/@carbon/styles/scss/components/data-table/skeleton/_index.scss 8:1                @forward
  packages/react/scss/components/data-table/skeleton/_index.scss 9:1                             @use
  stdin 2:1                                                                                      root stylesheet]
    at expect (/Users/chrisvelgersdyk/Desktop/carbon-coverall/carbon-coverall-poc/node_modules/expect/build/index.js:128:15)
    at Object.expect (/Users/chrisvelgersdyk/Desktop/carbon-coverall/carbon-coverall-poc/packages/react/__tests__/scss-test.js:24:13)
    at Promise.then.completed (/Users/chrisvelgersdyk/Desktop/carbon-coverall/carbon-coverall-poc/node_modules/jest-circus/build/utils.js:333:28)
    at new Promise (&lt;anonymous&gt;)
    at callAsyncCircusFn (/Users/chrisvelgersdyk/Desktop/carbon-coverall/carbon-coverall-poc/node_modules/jest-circus/build/utils.js:259:10)
    at _callCircusTest (/Users/chrisvelgersdyk/Desktop/carbon-coverall/carbon-coverall-poc/node_modules/jest-circus/build/run.js:276:40)
    at processTicksAndRejections (node:internal/process/task_queues:95:5)
    at _runTest (/Users/chrisvelgersdyk/Desktop/carbon-coverall/carbon-coverall-poc/node_modules/jest-circus/build/run.js:208:3)
    at _runTestsForDescribeBlock (/Users/chrisvelgersdyk/Desktop/carbon-coverall/carbon-coverall-poc/node_modules/jest-circus/build/run.js:96:9)
    at _runTestsForDescribeBlock (/Users/chrisvelgersdyk/Desktop/carbon-coverall/carbon-coverall-poc/node_modules/jest-circus/build/run.js:90:9)</failure>
    </testcase>
    <testcase classname="@carbon/react/scss scss/components/data-table/sort/data-table-sort should be importable" name="@carbon/react/scss scss/components/data-table/sort/data-table-sort should be importable" time="0.027">
      <failure>Error: expect(received).resolves.toBeDefined()

Received promise rejected instead of resolved
Rejected to value: [Error: Can&apos;t find stylesheet to import.
  ╷
8 │ @forward &apos;generated/themes&apos;;
  │ ^^^^^^^^^^^^^^^^^^^^^^^^^^^
  ╵
  node_modules/@carbon/themes/scss/compat/_themes.scss 8:1                               @use
  node_modules/@carbon/styles/scss/compat/_themes.scss 9:1                               @use
  node_modules/@carbon/styles/scss/theme/_theme.scss 12:1                                @forward
  node_modules/@carbon/styles/scss/_theme.scss 8:1                                       @use
  node_modules/@carbon/styles/scss/components/data-table/_vars.scss 8:1                  @use
  node_modules/@carbon/styles/scss/components/data-table/sort/_data-table-sort.scss 7:1  @forward
  packages/react/scss/components/data-table/sort/_data-table-sort.scss 9:1               @use
  stdin 2:1                                                                              root stylesheet]
    at expect (/Users/chrisvelgersdyk/Desktop/carbon-coverall/carbon-coverall-poc/node_modules/expect/build/index.js:128:15)
    at Object.expect (/Users/chrisvelgersdyk/Desktop/carbon-coverall/carbon-coverall-poc/packages/react/__tests__/scss-test.js:24:13)
    at Promise.then.completed (/Users/chrisvelgersdyk/Desktop/carbon-coverall/carbon-coverall-poc/node_modules/jest-circus/build/utils.js:333:28)
    at new Promise (&lt;anonymous&gt;)
    at callAsyncCircusFn (/Users/chrisvelgersdyk/Desktop/carbon-coverall/carbon-coverall-poc/node_modules/jest-circus/build/utils.js:259:10)
    at _callCircusTest (/Users/chrisvelgersdyk/Desktop/carbon-coverall/carbon-coverall-poc/node_modules/jest-circus/build/run.js:276:40)
    at processTicksAndRejections (node:internal/process/task_queues:95:5)
    at _runTest (/Users/chrisvelgersdyk/Desktop/carbon-coverall/carbon-coverall-poc/node_modules/jest-circus/build/run.js:208:3)
    at _runTestsForDescribeBlock (/Users/chrisvelgersdyk/Desktop/carbon-coverall/carbon-coverall-poc/node_modules/jest-circus/build/run.js:96:9)
    at _runTestsForDescribeBlock (/Users/chrisvelgersdyk/Desktop/carbon-coverall/carbon-coverall-poc/node_modules/jest-circus/build/run.js:90:9)</failure>
    </testcase>
    <testcase classname="@carbon/react/scss scss/components/data-table/sort should be importable" name="@carbon/react/scss scss/components/data-table/sort should be importable" time="0.007">
      <failure>Error: expect(received).resolves.toBeDefined()

Received promise rejected instead of resolved
Rejected to value: [Error: Can&apos;t find stylesheet to import.
  ╷
8 │ @forward &apos;generated/themes&apos;;
  │ ^^^^^^^^^^^^^^^^^^^^^^^^^^^
  ╵
  node_modules/@carbon/themes/scss/compat/_themes.scss 8:1                               @use
  node_modules/@carbon/styles/scss/compat/_themes.scss 9:1                               @use
  node_modules/@carbon/styles/scss/theme/_theme.scss 12:1                                @forward
  node_modules/@carbon/styles/scss/_theme.scss 8:1                                       @use
  node_modules/@carbon/styles/scss/components/data-table/_vars.scss 8:1                  @use
  node_modules/@carbon/styles/scss/components/data-table/sort/_data-table-sort.scss 7:1  @forward
  node_modules/@carbon/styles/scss/components/data-table/sort/_index.scss 8:1            @forward
  packages/react/scss/components/data-table/sort/_index.scss 9:1                         @use
  stdin 2:1                                                                              root stylesheet]
    at expect (/Users/chrisvelgersdyk/Desktop/carbon-coverall/carbon-coverall-poc/node_modules/expect/build/index.js:128:15)
    at Object.expect (/Users/chrisvelgersdyk/Desktop/carbon-coverall/carbon-coverall-poc/packages/react/__tests__/scss-test.js:24:13)
    at Promise.then.completed (/Users/chrisvelgersdyk/Desktop/carbon-coverall/carbon-coverall-poc/node_modules/jest-circus/build/utils.js:333:28)
    at new Promise (&lt;anonymous&gt;)
    at callAsyncCircusFn (/Users/chrisvelgersdyk/Desktop/carbon-coverall/carbon-coverall-poc/node_modules/jest-circus/build/utils.js:259:10)
    at _callCircusTest (/Users/chrisvelgersdyk/Desktop/carbon-coverall/carbon-coverall-poc/node_modules/jest-circus/build/run.js:276:40)
    at processTicksAndRejections (node:internal/process/task_queues:95:5)
    at _runTest (/Users/chrisvelgersdyk/Desktop/carbon-coverall/carbon-coverall-poc/node_modules/jest-circus/build/run.js:208:3)
    at _runTestsForDescribeBlock (/Users/chrisvelgersdyk/Desktop/carbon-coverall/carbon-coverall-poc/node_modules/jest-circus/build/run.js:96:9)
    at _runTestsForDescribeBlock (/Users/chrisvelgersdyk/Desktop/carbon-coverall/carbon-coverall-poc/node_modules/jest-circus/build/run.js:90:9)</failure>
    </testcase>
    <testcase classname="@carbon/react/scss scss/components/date-picker/date-picker should be importable" name="@carbon/react/scss scss/components/date-picker/date-picker should be importable" time="0.014">
      <failure>Error: expect(received).resolves.toBeDefined()

Received promise rejected instead of resolved
Rejected to value: [Error: Can&apos;t find stylesheet to import.
  ╷
8 │ @forward &apos;generated/themes&apos;;
  │ ^^^^^^^^^^^^^^^^^^^^^^^^^^^
  ╵
  node_modules/@carbon/themes/scss/compat/_themes.scss 8:1                       @use
  node_modules/@carbon/styles/scss/compat/_themes.scss 9:1                       @use
  node_modules/@carbon/styles/scss/theme/_theme.scss 12:1                        @forward
  node_modules/@carbon/styles/scss/_theme.scss 8:1                               @use
  node_modules/@carbon/styles/scss/components/date-picker/_flatpickr.scss 9:1    @use
  node_modules/@carbon/styles/scss/components/date-picker/_date-picker.scss 8:1  @forward
  packages/react/scss/components/date-picker/_date-picker.scss 9:1               @use
  stdin 2:1                                                                      root stylesheet]
    at expect (/Users/chrisvelgersdyk/Desktop/carbon-coverall/carbon-coverall-poc/node_modules/expect/build/index.js:128:15)
    at Object.expect (/Users/chrisvelgersdyk/Desktop/carbon-coverall/carbon-coverall-poc/packages/react/__tests__/scss-test.js:24:13)
    at Promise.then.completed (/Users/chrisvelgersdyk/Desktop/carbon-coverall/carbon-coverall-poc/node_modules/jest-circus/build/utils.js:333:28)
    at new Promise (&lt;anonymous&gt;)
    at callAsyncCircusFn (/Users/chrisvelgersdyk/Desktop/carbon-coverall/carbon-coverall-poc/node_modules/jest-circus/build/utils.js:259:10)
    at _callCircusTest (/Users/chrisvelgersdyk/Desktop/carbon-coverall/carbon-coverall-poc/node_modules/jest-circus/build/run.js:276:40)
    at processTicksAndRejections (node:internal/process/task_queues:95:5)
    at _runTest (/Users/chrisvelgersdyk/Desktop/carbon-coverall/carbon-coverall-poc/node_modules/jest-circus/build/run.js:208:3)
    at _runTestsForDescribeBlock (/Users/chrisvelgersdyk/Desktop/carbon-coverall/carbon-coverall-poc/node_modules/jest-circus/build/run.js:96:9)
    at _runTestsForDescribeBlock (/Users/chrisvelgersdyk/Desktop/carbon-coverall/carbon-coverall-poc/node_modules/jest-circus/build/run.js:90:9)</failure>
    </testcase>
    <testcase classname="@carbon/react/scss scss/components/date-picker should be importable" name="@carbon/react/scss scss/components/date-picker should be importable" time="0.011">
      <failure>Error: expect(received).resolves.toBeDefined()

Received promise rejected instead of resolved
Rejected to value: [Error: Can&apos;t find stylesheet to import.
  ╷
8 │ @forward &apos;generated/themes&apos;;
  │ ^^^^^^^^^^^^^^^^^^^^^^^^^^^
  ╵
  node_modules/@carbon/themes/scss/compat/_themes.scss 8:1                       @use
  node_modules/@carbon/styles/scss/compat/_themes.scss 9:1                       @use
  node_modules/@carbon/styles/scss/theme/_theme.scss 12:1                        @forward
  node_modules/@carbon/styles/scss/_theme.scss 8:1                               @use
  node_modules/@carbon/styles/scss/components/date-picker/_flatpickr.scss 9:1    @use
  node_modules/@carbon/styles/scss/components/date-picker/_date-picker.scss 8:1  @forward
  node_modules/@carbon/styles/scss/components/date-picker/_index.scss 8:1        @forward
  packages/react/scss/components/date-picker/_index.scss 9:1                     @use
  stdin 2:1                                                                      root stylesheet]
    at expect (/Users/chrisvelgersdyk/Desktop/carbon-coverall/carbon-coverall-poc/node_modules/expect/build/index.js:128:15)
    at Object.expect (/Users/chrisvelgersdyk/Desktop/carbon-coverall/carbon-coverall-poc/packages/react/__tests__/scss-test.js:24:13)
    at Promise.then.completed (/Users/chrisvelgersdyk/Desktop/carbon-coverall/carbon-coverall-poc/node_modules/jest-circus/build/utils.js:333:28)
    at new Promise (&lt;anonymous&gt;)
    at callAsyncCircusFn (/Users/chrisvelgersdyk/Desktop/carbon-coverall/carbon-coverall-poc/node_modules/jest-circus/build/utils.js:259:10)
    at _callCircusTest (/Users/chrisvelgersdyk/Desktop/carbon-coverall/carbon-coverall-poc/node_modules/jest-circus/build/run.js:276:40)
    at processTicksAndRejections (node:internal/process/task_queues:95:5)
    at _runTest (/Users/chrisvelgersdyk/Desktop/carbon-coverall/carbon-coverall-poc/node_modules/jest-circus/build/run.js:208:3)
    at _runTestsForDescribeBlock (/Users/chrisvelgersdyk/Desktop/carbon-coverall/carbon-coverall-poc/node_modules/jest-circus/build/run.js:96:9)
    at _runTestsForDescribeBlock (/Users/chrisvelgersdyk/Desktop/carbon-coverall/carbon-coverall-poc/node_modules/jest-circus/build/run.js:90:9)</failure>
    </testcase>
    <testcase classname="@carbon/react/scss scss/components/dropdown/dropdown should be importable" name="@carbon/react/scss scss/components/dropdown/dropdown should be importable" time="0.06">
      <failure>Error: expect(received).resolves.toBeDefined()

Received promise rejected instead of resolved
Rejected to value: [Error: Can&apos;t find stylesheet to import.
  ╷
8 │ @forward &apos;generated/themes&apos;;
  │ ^^^^^^^^^^^^^^^^^^^^^^^^^^^
  ╵
  node_modules/@carbon/themes/scss/_themes.scss 8:1                        @forward
  node_modules/@carbon/styles/scss/_themes.scss 9:1                        @use
  node_modules/@carbon/styles/scss/components/button/_tokens.scss 10:1     @use
  node_modules/@carbon/styles/scss/components/list-box/_list-box.scss 8:1  @forward
  node_modules/@carbon/styles/scss/components/list-box/_index.scss 8:1     @use
  node_modules/@carbon/styles/scss/components/dropdown/_dropdown.scss 8:1  @forward
  packages/react/scss/components/dropdown/_dropdown.scss 9:1               @use
  stdin 2:1                                                                root stylesheet]
    at expect (/Users/chrisvelgersdyk/Desktop/carbon-coverall/carbon-coverall-poc/node_modules/expect/build/index.js:128:15)
    at Object.expect (/Users/chrisvelgersdyk/Desktop/carbon-coverall/carbon-coverall-poc/packages/react/__tests__/scss-test.js:24:13)
    at Promise.then.completed (/Users/chrisvelgersdyk/Desktop/carbon-coverall/carbon-coverall-poc/node_modules/jest-circus/build/utils.js:333:28)
    at new Promise (&lt;anonymous&gt;)
    at callAsyncCircusFn (/Users/chrisvelgersdyk/Desktop/carbon-coverall/carbon-coverall-poc/node_modules/jest-circus/build/utils.js:259:10)
    at _callCircusTest (/Users/chrisvelgersdyk/Desktop/carbon-coverall/carbon-coverall-poc/node_modules/jest-circus/build/run.js:276:40)
    at processTicksAndRejections (node:internal/process/task_queues:95:5)
    at _runTest (/Users/chrisvelgersdyk/Desktop/carbon-coverall/carbon-coverall-poc/node_modules/jest-circus/build/run.js:208:3)
    at _runTestsForDescribeBlock (/Users/chrisvelgersdyk/Desktop/carbon-coverall/carbon-coverall-poc/node_modules/jest-circus/build/run.js:96:9)
    at _runTestsForDescribeBlock (/Users/chrisvelgersdyk/Desktop/carbon-coverall/carbon-coverall-poc/node_modules/jest-circus/build/run.js:90:9)</failure>
    </testcase>
    <testcase classname="@carbon/react/scss scss/components/dropdown should be importable" name="@carbon/react/scss scss/components/dropdown should be importable" time="0.026">
      <failure>Error: expect(received).resolves.toBeDefined()

Received promise rejected instead of resolved
Rejected to value: [Error: Can&apos;t find stylesheet to import.
  ╷
8 │ @forward &apos;generated/themes&apos;;
  │ ^^^^^^^^^^^^^^^^^^^^^^^^^^^
  ╵
  node_modules/@carbon/themes/scss/_themes.scss 8:1                        @forward
  node_modules/@carbon/styles/scss/_themes.scss 9:1                        @use
  node_modules/@carbon/styles/scss/components/button/_tokens.scss 10:1     @use
  node_modules/@carbon/styles/scss/components/list-box/_list-box.scss 8:1  @forward
  node_modules/@carbon/styles/scss/components/list-box/_index.scss 8:1     @use
  node_modules/@carbon/styles/scss/components/dropdown/_dropdown.scss 8:1  @forward
  node_modules/@carbon/styles/scss/components/dropdown/_index.scss 8:1     @forward
  packages/react/scss/components/dropdown/_index.scss 9:1                  @use
  stdin 2:1                                                                root stylesheet]
    at expect (/Users/chrisvelgersdyk/Desktop/carbon-coverall/carbon-coverall-poc/node_modules/expect/build/index.js:128:15)
    at Object.expect (/Users/chrisvelgersdyk/Desktop/carbon-coverall/carbon-coverall-poc/packages/react/__tests__/scss-test.js:24:13)
    at Promise.then.completed (/Users/chrisvelgersdyk/Desktop/carbon-coverall/carbon-coverall-poc/node_modules/jest-circus/build/utils.js:333:28)
    at new Promise (&lt;anonymous&gt;)
    at callAsyncCircusFn (/Users/chrisvelgersdyk/Desktop/carbon-coverall/carbon-coverall-poc/node_modules/jest-circus/build/utils.js:259:10)
    at _callCircusTest (/Users/chrisvelgersdyk/Desktop/carbon-coverall/carbon-coverall-poc/node_modules/jest-circus/build/run.js:276:40)
    at processTicksAndRejections (node:internal/process/task_queues:95:5)
    at _runTest (/Users/chrisvelgersdyk/Desktop/carbon-coverall/carbon-coverall-poc/node_modules/jest-circus/build/run.js:208:3)
    at _runTestsForDescribeBlock (/Users/chrisvelgersdyk/Desktop/carbon-coverall/carbon-coverall-poc/node_modules/jest-circus/build/run.js:96:9)
    at _runTestsForDescribeBlock (/Users/chrisvelgersdyk/Desktop/carbon-coverall/carbon-coverall-poc/node_modules/jest-circus/build/run.js:90:9)</failure>
    </testcase>
    <testcase classname="@carbon/react/scss scss/components/file-uploader/file-uploader should be importable" name="@carbon/react/scss scss/components/file-uploader/file-uploader should be importable" time="0.011">
      <failure>Error: expect(received).resolves.toBeDefined()

Received promise rejected instead of resolved
Rejected to value: [Error: Can&apos;t find stylesheet to import.
  ╷
8 │ @forward &apos;./generated/fluid-spacing&apos;;
  │ ^^^^^^^^^^^^^^^^^^^^^^^^^^^^^^^^^^^^
  ╵
  node_modules/@carbon/layout/scss/_spacing.scss 8:1                                  @forward
  node_modules/@carbon/styles/scss/_spacing.scss 8:1                                  @use
  node_modules/@carbon/styles/scss/components/file-uploader/_file-uploader.scss 11:1  @forward
  packages/react/scss/components/file-uploader/_file-uploader.scss 9:1                @use
  stdin 2:1                                                                           root stylesheet]
    at expect (/Users/chrisvelgersdyk/Desktop/carbon-coverall/carbon-coverall-poc/node_modules/expect/build/index.js:128:15)
    at Object.expect (/Users/chrisvelgersdyk/Desktop/carbon-coverall/carbon-coverall-poc/packages/react/__tests__/scss-test.js:24:13)
    at Promise.then.completed (/Users/chrisvelgersdyk/Desktop/carbon-coverall/carbon-coverall-poc/node_modules/jest-circus/build/utils.js:333:28)
    at new Promise (&lt;anonymous&gt;)
    at callAsyncCircusFn (/Users/chrisvelgersdyk/Desktop/carbon-coverall/carbon-coverall-poc/node_modules/jest-circus/build/utils.js:259:10)
    at _callCircusTest (/Users/chrisvelgersdyk/Desktop/carbon-coverall/carbon-coverall-poc/node_modules/jest-circus/build/run.js:276:40)
    at processTicksAndRejections (node:internal/process/task_queues:95:5)
    at _runTest (/Users/chrisvelgersdyk/Desktop/carbon-coverall/carbon-coverall-poc/node_modules/jest-circus/build/run.js:208:3)
    at _runTestsForDescribeBlock (/Users/chrisvelgersdyk/Desktop/carbon-coverall/carbon-coverall-poc/node_modules/jest-circus/build/run.js:96:9)
    at _runTestsForDescribeBlock (/Users/chrisvelgersdyk/Desktop/carbon-coverall/carbon-coverall-poc/node_modules/jest-circus/build/run.js:90:9)</failure>
    </testcase>
    <testcase classname="@carbon/react/scss scss/components/file-uploader should be importable" name="@carbon/react/scss scss/components/file-uploader should be importable" time="0.012">
      <failure>Error: expect(received).resolves.toBeDefined()

Received promise rejected instead of resolved
Rejected to value: [Error: Can&apos;t find stylesheet to import.
  ╷
8 │ @forward &apos;./generated/fluid-spacing&apos;;
  │ ^^^^^^^^^^^^^^^^^^^^^^^^^^^^^^^^^^^^
  ╵
  node_modules/@carbon/layout/scss/_spacing.scss 8:1                                  @forward
  node_modules/@carbon/styles/scss/_spacing.scss 8:1                                  @use
  node_modules/@carbon/styles/scss/components/file-uploader/_file-uploader.scss 11:1  @forward
  node_modules/@carbon/styles/scss/components/file-uploader/_index.scss 8:1           @forward
  packages/react/scss/components/file-uploader/_index.scss 9:1                        @use
  stdin 2:1                                                                           root stylesheet]
    at expect (/Users/chrisvelgersdyk/Desktop/carbon-coverall/carbon-coverall-poc/node_modules/expect/build/index.js:128:15)
    at Object.expect (/Users/chrisvelgersdyk/Desktop/carbon-coverall/carbon-coverall-poc/packages/react/__tests__/scss-test.js:24:13)
    at Promise.then.completed (/Users/chrisvelgersdyk/Desktop/carbon-coverall/carbon-coverall-poc/node_modules/jest-circus/build/utils.js:333:28)
    at new Promise (&lt;anonymous&gt;)
    at callAsyncCircusFn (/Users/chrisvelgersdyk/Desktop/carbon-coverall/carbon-coverall-poc/node_modules/jest-circus/build/utils.js:259:10)
    at _callCircusTest (/Users/chrisvelgersdyk/Desktop/carbon-coverall/carbon-coverall-poc/node_modules/jest-circus/build/run.js:276:40)
    at processTicksAndRejections (node:internal/process/task_queues:95:5)
    at _runTest (/Users/chrisvelgersdyk/Desktop/carbon-coverall/carbon-coverall-poc/node_modules/jest-circus/build/run.js:208:3)
    at _runTestsForDescribeBlock (/Users/chrisvelgersdyk/Desktop/carbon-coverall/carbon-coverall-poc/node_modules/jest-circus/build/run.js:96:9)
    at _runTestsForDescribeBlock (/Users/chrisvelgersdyk/Desktop/carbon-coverall/carbon-coverall-poc/node_modules/jest-circus/build/run.js:90:9)</failure>
    </testcase>
    <testcase classname="@carbon/react/scss scss/components/form/form should be importable" name="@carbon/react/scss scss/components/form/form should be importable" time="0.009">
      <failure>Error: expect(received).resolves.toBeDefined()

Received promise rejected instead of resolved
Rejected to value: [Error: Can&apos;t find stylesheet to import.
  ╷
8 │ @forward &apos;./generated/fluid-spacing&apos;;
  │ ^^^^^^^^^^^^^^^^^^^^^^^^^^^^^^^^^^^^
  ╵
  node_modules/@carbon/layout/scss/_spacing.scss 8:1               @forward
  node_modules/@carbon/styles/scss/_spacing.scss 8:1               @use
  node_modules/@carbon/styles/scss/components/form/_form.scss 9:1  @forward
  packages/react/scss/components/form/_form.scss 9:1               @use
  stdin 2:1                                                        root stylesheet]
    at expect (/Users/chrisvelgersdyk/Desktop/carbon-coverall/carbon-coverall-poc/node_modules/expect/build/index.js:128:15)
    at Object.expect (/Users/chrisvelgersdyk/Desktop/carbon-coverall/carbon-coverall-poc/packages/react/__tests__/scss-test.js:24:13)
    at Promise.then.completed (/Users/chrisvelgersdyk/Desktop/carbon-coverall/carbon-coverall-poc/node_modules/jest-circus/build/utils.js:333:28)
    at new Promise (&lt;anonymous&gt;)
    at callAsyncCircusFn (/Users/chrisvelgersdyk/Desktop/carbon-coverall/carbon-coverall-poc/node_modules/jest-circus/build/utils.js:259:10)
    at _callCircusTest (/Users/chrisvelgersdyk/Desktop/carbon-coverall/carbon-coverall-poc/node_modules/jest-circus/build/run.js:276:40)
    at processTicksAndRejections (node:internal/process/task_queues:95:5)
    at _runTest (/Users/chrisvelgersdyk/Desktop/carbon-coverall/carbon-coverall-poc/node_modules/jest-circus/build/run.js:208:3)
    at _runTestsForDescribeBlock (/Users/chrisvelgersdyk/Desktop/carbon-coverall/carbon-coverall-poc/node_modules/jest-circus/build/run.js:96:9)
    at _runTestsForDescribeBlock (/Users/chrisvelgersdyk/Desktop/carbon-coverall/carbon-coverall-poc/node_modules/jest-circus/build/run.js:90:9)</failure>
    </testcase>
    <testcase classname="@carbon/react/scss scss/components/form should be importable" name="@carbon/react/scss scss/components/form should be importable" time="0.006">
      <failure>Error: expect(received).resolves.toBeDefined()

Received promise rejected instead of resolved
Rejected to value: [Error: Can&apos;t find stylesheet to import.
  ╷
8 │ @forward &apos;./generated/fluid-spacing&apos;;
  │ ^^^^^^^^^^^^^^^^^^^^^^^^^^^^^^^^^^^^
  ╵
  node_modules/@carbon/layout/scss/_spacing.scss 8:1                @forward
  node_modules/@carbon/styles/scss/_spacing.scss 8:1                @use
  node_modules/@carbon/styles/scss/components/form/_form.scss 9:1   @forward
  node_modules/@carbon/styles/scss/components/form/_index.scss 8:1  @forward
  packages/react/scss/components/form/_index.scss 9:1               @use
  stdin 2:1                                                         root stylesheet]
    at expect (/Users/chrisvelgersdyk/Desktop/carbon-coverall/carbon-coverall-poc/node_modules/expect/build/index.js:128:15)
    at Object.expect (/Users/chrisvelgersdyk/Desktop/carbon-coverall/carbon-coverall-poc/packages/react/__tests__/scss-test.js:24:13)
    at Promise.then.completed (/Users/chrisvelgersdyk/Desktop/carbon-coverall/carbon-coverall-poc/node_modules/jest-circus/build/utils.js:333:28)
    at new Promise (&lt;anonymous&gt;)
    at callAsyncCircusFn (/Users/chrisvelgersdyk/Desktop/carbon-coverall/carbon-coverall-poc/node_modules/jest-circus/build/utils.js:259:10)
    at _callCircusTest (/Users/chrisvelgersdyk/Desktop/carbon-coverall/carbon-coverall-poc/node_modules/jest-circus/build/run.js:276:40)
    at processTicksAndRejections (node:internal/process/task_queues:95:5)
    at _runTest (/Users/chrisvelgersdyk/Desktop/carbon-coverall/carbon-coverall-poc/node_modules/jest-circus/build/run.js:208:3)
    at _runTestsForDescribeBlock (/Users/chrisvelgersdyk/Desktop/carbon-coverall/carbon-coverall-poc/node_modules/jest-circus/build/run.js:96:9)
    at _runTestsForDescribeBlock (/Users/chrisvelgersdyk/Desktop/carbon-coverall/carbon-coverall-poc/node_modules/jest-circus/build/run.js:90:9)</failure>
    </testcase>
    <testcase classname="@carbon/react/scss scss/components/fluid-combo-box/fluid-combo-box should be importable" name="@carbon/react/scss scss/components/fluid-combo-box/fluid-combo-box should be importable" time="0.006">
      <failure>Error: expect(received).resolves.toBeDefined()

Received promise rejected instead of resolved
Rejected to value: [Error: Can&apos;t find stylesheet to import.
  ╷
8 │ @forward &apos;./generated/fluid-spacing&apos;;
  │ ^^^^^^^^^^^^^^^^^^^^^^^^^^^^^^^^^^^^
  ╵
  node_modules/@carbon/layout/scss/_spacing.scss 8:1                                      @forward
  node_modules/@carbon/styles/scss/_spacing.scss 8:1                                      @use
  node_modules/@carbon/styles/scss/components/fluid-combo-box/_fluid-combo-box.scss 13:1  @forward
  packages/react/scss/components/fluid-combo-box/_fluid-combo-box.scss 9:1                @use
  stdin 2:1                                                                               root stylesheet]
    at expect (/Users/chrisvelgersdyk/Desktop/carbon-coverall/carbon-coverall-poc/node_modules/expect/build/index.js:128:15)
    at Object.expect (/Users/chrisvelgersdyk/Desktop/carbon-coverall/carbon-coverall-poc/packages/react/__tests__/scss-test.js:24:13)
    at Promise.then.completed (/Users/chrisvelgersdyk/Desktop/carbon-coverall/carbon-coverall-poc/node_modules/jest-circus/build/utils.js:333:28)
    at new Promise (&lt;anonymous&gt;)
    at callAsyncCircusFn (/Users/chrisvelgersdyk/Desktop/carbon-coverall/carbon-coverall-poc/node_modules/jest-circus/build/utils.js:259:10)
    at _callCircusTest (/Users/chrisvelgersdyk/Desktop/carbon-coverall/carbon-coverall-poc/node_modules/jest-circus/build/run.js:276:40)
    at processTicksAndRejections (node:internal/process/task_queues:95:5)
    at _runTest (/Users/chrisvelgersdyk/Desktop/carbon-coverall/carbon-coverall-poc/node_modules/jest-circus/build/run.js:208:3)
    at _runTestsForDescribeBlock (/Users/chrisvelgersdyk/Desktop/carbon-coverall/carbon-coverall-poc/node_modules/jest-circus/build/run.js:96:9)
    at _runTestsForDescribeBlock (/Users/chrisvelgersdyk/Desktop/carbon-coverall/carbon-coverall-poc/node_modules/jest-circus/build/run.js:90:9)</failure>
    </testcase>
    <testcase classname="@carbon/react/scss scss/components/fluid-combo-box should be importable" name="@carbon/react/scss scss/components/fluid-combo-box should be importable" time="0.009">
      <failure>Error: expect(received).resolves.toBeDefined()

Received promise rejected instead of resolved
Rejected to value: [Error: Can&apos;t find stylesheet to import.
  ╷
8 │ @forward &apos;./generated/fluid-spacing&apos;;
  │ ^^^^^^^^^^^^^^^^^^^^^^^^^^^^^^^^^^^^
  ╵
  node_modules/@carbon/layout/scss/_spacing.scss 8:1                                      @forward
  node_modules/@carbon/styles/scss/_spacing.scss 8:1                                      @use
  node_modules/@carbon/styles/scss/components/fluid-combo-box/_fluid-combo-box.scss 13:1  @forward
  node_modules/@carbon/styles/scss/components/fluid-combo-box/_index.scss 8:1             @forward
  packages/react/scss/components/fluid-combo-box/_index.scss 9:1                          @use
  stdin 2:1                                                                               root stylesheet]
    at expect (/Users/chrisvelgersdyk/Desktop/carbon-coverall/carbon-coverall-poc/node_modules/expect/build/index.js:128:15)
    at Object.expect (/Users/chrisvelgersdyk/Desktop/carbon-coverall/carbon-coverall-poc/packages/react/__tests__/scss-test.js:24:13)
    at Promise.then.completed (/Users/chrisvelgersdyk/Desktop/carbon-coverall/carbon-coverall-poc/node_modules/jest-circus/build/utils.js:333:28)
    at new Promise (&lt;anonymous&gt;)
    at callAsyncCircusFn (/Users/chrisvelgersdyk/Desktop/carbon-coverall/carbon-coverall-poc/node_modules/jest-circus/build/utils.js:259:10)
    at _callCircusTest (/Users/chrisvelgersdyk/Desktop/carbon-coverall/carbon-coverall-poc/node_modules/jest-circus/build/run.js:276:40)
    at processTicksAndRejections (node:internal/process/task_queues:95:5)
    at _runTest (/Users/chrisvelgersdyk/Desktop/carbon-coverall/carbon-coverall-poc/node_modules/jest-circus/build/run.js:208:3)
    at _runTestsForDescribeBlock (/Users/chrisvelgersdyk/Desktop/carbon-coverall/carbon-coverall-poc/node_modules/jest-circus/build/run.js:96:9)
    at _runTestsForDescribeBlock (/Users/chrisvelgersdyk/Desktop/carbon-coverall/carbon-coverall-poc/node_modules/jest-circus/build/run.js:90:9)</failure>
    </testcase>
    <testcase classname="@carbon/react/scss scss/components/fluid-date-picker/fluid-date-picker should be importable" name="@carbon/react/scss scss/components/fluid-date-picker/fluid-date-picker should be importable" time="0.019">
      <failure>Error: expect(received).resolves.toBeDefined()

Received promise rejected instead of resolved
Rejected to value: [Error: Can&apos;t find stylesheet to import.
  ╷
8 │ @forward &apos;./generated/fluid-spacing&apos;;
  │ ^^^^^^^^^^^^^^^^^^^^^^^^^^^^^^^^^^^^
  ╵
  node_modules/@carbon/layout/scss/_spacing.scss 8:1                                          @forward
  node_modules/@carbon/styles/scss/_spacing.scss 8:1                                          @use
  node_modules/@carbon/styles/scss/components/fluid-date-picker/_fluid-date-picker.scss 13:1  @forward
  packages/react/scss/components/fluid-date-picker/_fluid-date-picker.scss 9:1                @use
  stdin 2:1                                                                                   root stylesheet]
    at expect (/Users/chrisvelgersdyk/Desktop/carbon-coverall/carbon-coverall-poc/node_modules/expect/build/index.js:128:15)
    at Object.expect (/Users/chrisvelgersdyk/Desktop/carbon-coverall/carbon-coverall-poc/packages/react/__tests__/scss-test.js:24:13)
    at Promise.then.completed (/Users/chrisvelgersdyk/Desktop/carbon-coverall/carbon-coverall-poc/node_modules/jest-circus/build/utils.js:333:28)
    at new Promise (&lt;anonymous&gt;)
    at callAsyncCircusFn (/Users/chrisvelgersdyk/Desktop/carbon-coverall/carbon-coverall-poc/node_modules/jest-circus/build/utils.js:259:10)
    at _callCircusTest (/Users/chrisvelgersdyk/Desktop/carbon-coverall/carbon-coverall-poc/node_modules/jest-circus/build/run.js:276:40)
    at processTicksAndRejections (node:internal/process/task_queues:95:5)
    at _runTest (/Users/chrisvelgersdyk/Desktop/carbon-coverall/carbon-coverall-poc/node_modules/jest-circus/build/run.js:208:3)
    at _runTestsForDescribeBlock (/Users/chrisvelgersdyk/Desktop/carbon-coverall/carbon-coverall-poc/node_modules/jest-circus/build/run.js:96:9)
    at _runTestsForDescribeBlock (/Users/chrisvelgersdyk/Desktop/carbon-coverall/carbon-coverall-poc/node_modules/jest-circus/build/run.js:90:9)</failure>
    </testcase>
    <testcase classname="@carbon/react/scss scss/components/fluid-date-picker should be importable" name="@carbon/react/scss scss/components/fluid-date-picker should be importable" time="0.014">
      <failure>Error: expect(received).resolves.toBeDefined()

Received promise rejected instead of resolved
Rejected to value: [Error: Can&apos;t find stylesheet to import.
  ╷
8 │ @forward &apos;./generated/fluid-spacing&apos;;
  │ ^^^^^^^^^^^^^^^^^^^^^^^^^^^^^^^^^^^^
  ╵
  node_modules/@carbon/layout/scss/_spacing.scss 8:1                                          @forward
  node_modules/@carbon/styles/scss/_spacing.scss 8:1                                          @use
  node_modules/@carbon/styles/scss/components/fluid-date-picker/_fluid-date-picker.scss 13:1  @forward
  node_modules/@carbon/styles/scss/components/fluid-date-picker/_index.scss 8:1               @forward
  packages/react/scss/components/fluid-date-picker/_index.scss 9:1                            @use
  stdin 2:1                                                                                   root stylesheet]
    at expect (/Users/chrisvelgersdyk/Desktop/carbon-coverall/carbon-coverall-poc/node_modules/expect/build/index.js:128:15)
    at Object.expect (/Users/chrisvelgersdyk/Desktop/carbon-coverall/carbon-coverall-poc/packages/react/__tests__/scss-test.js:24:13)
    at Promise.then.completed (/Users/chrisvelgersdyk/Desktop/carbon-coverall/carbon-coverall-poc/node_modules/jest-circus/build/utils.js:333:28)
    at new Promise (&lt;anonymous&gt;)
    at callAsyncCircusFn (/Users/chrisvelgersdyk/Desktop/carbon-coverall/carbon-coverall-poc/node_modules/jest-circus/build/utils.js:259:10)
    at _callCircusTest (/Users/chrisvelgersdyk/Desktop/carbon-coverall/carbon-coverall-poc/node_modules/jest-circus/build/run.js:276:40)
    at processTicksAndRejections (node:internal/process/task_queues:95:5)
    at _runTest (/Users/chrisvelgersdyk/Desktop/carbon-coverall/carbon-coverall-poc/node_modules/jest-circus/build/run.js:208:3)
    at _runTestsForDescribeBlock (/Users/chrisvelgersdyk/Desktop/carbon-coverall/carbon-coverall-poc/node_modules/jest-circus/build/run.js:96:9)
    at _runTestsForDescribeBlock (/Users/chrisvelgersdyk/Desktop/carbon-coverall/carbon-coverall-poc/node_modules/jest-circus/build/run.js:90:9)</failure>
    </testcase>
    <testcase classname="@carbon/react/scss scss/components/fluid-dropdown/fluid-dropdown should be importable" name="@carbon/react/scss scss/components/fluid-dropdown/fluid-dropdown should be importable" time="0.017">
      <failure>Error: expect(received).resolves.toBeDefined()

Received promise rejected instead of resolved
Rejected to value: [Error: Can&apos;t find stylesheet to import.
  ╷
8 │ @forward &apos;./generated/fluid-spacing&apos;;
  │ ^^^^^^^^^^^^^^^^^^^^^^^^^^^^^^^^^^^^
  ╵
  node_modules/@carbon/layout/scss/_spacing.scss 8:1                                    @forward
  node_modules/@carbon/styles/scss/_spacing.scss 8:1                                    @use
  node_modules/@carbon/styles/scss/components/fluid-dropdown/_fluid-dropdown.scss 13:1  @forward
  packages/react/scss/components/fluid-dropdown/_fluid-dropdown.scss 9:1                @use
  stdin 2:1                                                                             root stylesheet]
    at expect (/Users/chrisvelgersdyk/Desktop/carbon-coverall/carbon-coverall-poc/node_modules/expect/build/index.js:128:15)
    at Object.expect (/Users/chrisvelgersdyk/Desktop/carbon-coverall/carbon-coverall-poc/packages/react/__tests__/scss-test.js:24:13)
    at Promise.then.completed (/Users/chrisvelgersdyk/Desktop/carbon-coverall/carbon-coverall-poc/node_modules/jest-circus/build/utils.js:333:28)
    at new Promise (&lt;anonymous&gt;)
    at callAsyncCircusFn (/Users/chrisvelgersdyk/Desktop/carbon-coverall/carbon-coverall-poc/node_modules/jest-circus/build/utils.js:259:10)
    at _callCircusTest (/Users/chrisvelgersdyk/Desktop/carbon-coverall/carbon-coverall-poc/node_modules/jest-circus/build/run.js:276:40)
    at processTicksAndRejections (node:internal/process/task_queues:95:5)
    at _runTest (/Users/chrisvelgersdyk/Desktop/carbon-coverall/carbon-coverall-poc/node_modules/jest-circus/build/run.js:208:3)
    at _runTestsForDescribeBlock (/Users/chrisvelgersdyk/Desktop/carbon-coverall/carbon-coverall-poc/node_modules/jest-circus/build/run.js:96:9)
    at _runTestsForDescribeBlock (/Users/chrisvelgersdyk/Desktop/carbon-coverall/carbon-coverall-poc/node_modules/jest-circus/build/run.js:90:9)</failure>
    </testcase>
    <testcase classname="@carbon/react/scss scss/components/fluid-dropdown should be importable" name="@carbon/react/scss scss/components/fluid-dropdown should be importable" time="0.006">
      <failure>Error: expect(received).resolves.toBeDefined()

Received promise rejected instead of resolved
Rejected to value: [Error: Can&apos;t find stylesheet to import.
  ╷
8 │ @forward &apos;./generated/fluid-spacing&apos;;
  │ ^^^^^^^^^^^^^^^^^^^^^^^^^^^^^^^^^^^^
  ╵
  node_modules/@carbon/layout/scss/_spacing.scss 8:1                                    @forward
  node_modules/@carbon/styles/scss/_spacing.scss 8:1                                    @use
  node_modules/@carbon/styles/scss/components/fluid-dropdown/_fluid-dropdown.scss 13:1  @forward
  node_modules/@carbon/styles/scss/components/fluid-dropdown/_index.scss 8:1            @forward
  packages/react/scss/components/fluid-dropdown/_index.scss 9:1                         @use
  stdin 2:1                                                                             root stylesheet]
    at expect (/Users/chrisvelgersdyk/Desktop/carbon-coverall/carbon-coverall-poc/node_modules/expect/build/index.js:128:15)
    at Object.expect (/Users/chrisvelgersdyk/Desktop/carbon-coverall/carbon-coverall-poc/packages/react/__tests__/scss-test.js:24:13)
    at Promise.then.completed (/Users/chrisvelgersdyk/Desktop/carbon-coverall/carbon-coverall-poc/node_modules/jest-circus/build/utils.js:333:28)
    at new Promise (&lt;anonymous&gt;)
    at callAsyncCircusFn (/Users/chrisvelgersdyk/Desktop/carbon-coverall/carbon-coverall-poc/node_modules/jest-circus/build/utils.js:259:10)
    at _callCircusTest (/Users/chrisvelgersdyk/Desktop/carbon-coverall/carbon-coverall-poc/node_modules/jest-circus/build/run.js:276:40)
    at processTicksAndRejections (node:internal/process/task_queues:95:5)
    at _runTest (/Users/chrisvelgersdyk/Desktop/carbon-coverall/carbon-coverall-poc/node_modules/jest-circus/build/run.js:208:3)
    at _runTestsForDescribeBlock (/Users/chrisvelgersdyk/Desktop/carbon-coverall/carbon-coverall-poc/node_modules/jest-circus/build/run.js:96:9)
    at _runTestsForDescribeBlock (/Users/chrisvelgersdyk/Desktop/carbon-coverall/carbon-coverall-poc/node_modules/jest-circus/build/run.js:90:9)</failure>
    </testcase>
    <testcase classname="@carbon/react/scss scss/components/fluid-list-box/fluid-list-box should be importable" name="@carbon/react/scss scss/components/fluid-list-box/fluid-list-box should be importable" time="0.008">
      <failure>Error: expect(received).resolves.toBeDefined()

Received promise rejected instead of resolved
Rejected to value: [Error: Can&apos;t find stylesheet to import.
  ╷
8 │ @forward &apos;./generated/fluid-spacing&apos;;
  │ ^^^^^^^^^^^^^^^^^^^^^^^^^^^^^^^^^^^^
  ╵
  node_modules/@carbon/layout/scss/_spacing.scss 8:1                                    @forward
  node_modules/@carbon/styles/scss/_spacing.scss 8:1                                    @use
  node_modules/@carbon/styles/scss/components/fluid-list-box/_fluid-list-box.scss 13:1  @forward
  packages/react/scss/components/fluid-list-box/_fluid-list-box.scss 9:1                @use
  stdin 2:1                                                                             root stylesheet]
    at expect (/Users/chrisvelgersdyk/Desktop/carbon-coverall/carbon-coverall-poc/node_modules/expect/build/index.js:128:15)
    at Object.expect (/Users/chrisvelgersdyk/Desktop/carbon-coverall/carbon-coverall-poc/packages/react/__tests__/scss-test.js:24:13)
    at Promise.then.completed (/Users/chrisvelgersdyk/Desktop/carbon-coverall/carbon-coverall-poc/node_modules/jest-circus/build/utils.js:333:28)
    at new Promise (&lt;anonymous&gt;)
    at callAsyncCircusFn (/Users/chrisvelgersdyk/Desktop/carbon-coverall/carbon-coverall-poc/node_modules/jest-circus/build/utils.js:259:10)
    at _callCircusTest (/Users/chrisvelgersdyk/Desktop/carbon-coverall/carbon-coverall-poc/node_modules/jest-circus/build/run.js:276:40)
    at processTicksAndRejections (node:internal/process/task_queues:95:5)
    at _runTest (/Users/chrisvelgersdyk/Desktop/carbon-coverall/carbon-coverall-poc/node_modules/jest-circus/build/run.js:208:3)
    at _runTestsForDescribeBlock (/Users/chrisvelgersdyk/Desktop/carbon-coverall/carbon-coverall-poc/node_modules/jest-circus/build/run.js:96:9)
    at _runTestsForDescribeBlock (/Users/chrisvelgersdyk/Desktop/carbon-coverall/carbon-coverall-poc/node_modules/jest-circus/build/run.js:90:9)</failure>
    </testcase>
    <testcase classname="@carbon/react/scss scss/components/fluid-list-box should be importable" name="@carbon/react/scss scss/components/fluid-list-box should be importable" time="0.021">
      <failure>Error: expect(received).resolves.toBeDefined()

Received promise rejected instead of resolved
Rejected to value: [Error: Can&apos;t find stylesheet to import.
  ╷
8 │ @forward &apos;./generated/fluid-spacing&apos;;
  │ ^^^^^^^^^^^^^^^^^^^^^^^^^^^^^^^^^^^^
  ╵
  node_modules/@carbon/layout/scss/_spacing.scss 8:1                                    @forward
  node_modules/@carbon/styles/scss/_spacing.scss 8:1                                    @use
  node_modules/@carbon/styles/scss/components/fluid-list-box/_fluid-list-box.scss 13:1  @forward
  node_modules/@carbon/styles/scss/components/fluid-list-box/_index.scss 8:1            @forward
  packages/react/scss/components/fluid-list-box/_index.scss 9:1                         @use
  stdin 2:1                                                                             root stylesheet]
    at expect (/Users/chrisvelgersdyk/Desktop/carbon-coverall/carbon-coverall-poc/node_modules/expect/build/index.js:128:15)
    at Object.expect (/Users/chrisvelgersdyk/Desktop/carbon-coverall/carbon-coverall-poc/packages/react/__tests__/scss-test.js:24:13)
    at Promise.then.completed (/Users/chrisvelgersdyk/Desktop/carbon-coverall/carbon-coverall-poc/node_modules/jest-circus/build/utils.js:333:28)
    at new Promise (&lt;anonymous&gt;)
    at callAsyncCircusFn (/Users/chrisvelgersdyk/Desktop/carbon-coverall/carbon-coverall-poc/node_modules/jest-circus/build/utils.js:259:10)
    at _callCircusTest (/Users/chrisvelgersdyk/Desktop/carbon-coverall/carbon-coverall-poc/node_modules/jest-circus/build/run.js:276:40)
    at processTicksAndRejections (node:internal/process/task_queues:95:5)
    at _runTest (/Users/chrisvelgersdyk/Desktop/carbon-coverall/carbon-coverall-poc/node_modules/jest-circus/build/run.js:208:3)
    at _runTestsForDescribeBlock (/Users/chrisvelgersdyk/Desktop/carbon-coverall/carbon-coverall-poc/node_modules/jest-circus/build/run.js:96:9)
    at _runTestsForDescribeBlock (/Users/chrisvelgersdyk/Desktop/carbon-coverall/carbon-coverall-poc/node_modules/jest-circus/build/run.js:90:9)</failure>
    </testcase>
    <testcase classname="@carbon/react/scss scss/components/fluid-multiselect/fluid-multiselect should be importable" name="@carbon/react/scss scss/components/fluid-multiselect/fluid-multiselect should be importable" time="0.005">
      <failure>Error: expect(received).resolves.toBeDefined()

Received promise rejected instead of resolved
Rejected to value: [Error: Can&apos;t find stylesheet to import.
  ╷
8 │ @forward &apos;./generated/fluid-spacing&apos;;
  │ ^^^^^^^^^^^^^^^^^^^^^^^^^^^^^^^^^^^^
  ╵
  node_modules/@carbon/layout/scss/_spacing.scss 8:1                                          @forward
  node_modules/@carbon/styles/scss/_spacing.scss 8:1                                          @use
  node_modules/@carbon/styles/scss/components/fluid-multiselect/_fluid-multiselect.scss 13:1  @forward
  packages/react/scss/components/fluid-multiselect/_fluid-multiselect.scss 9:1                @use
  stdin 2:1                                                                                   root stylesheet]
    at expect (/Users/chrisvelgersdyk/Desktop/carbon-coverall/carbon-coverall-poc/node_modules/expect/build/index.js:128:15)
    at Object.expect (/Users/chrisvelgersdyk/Desktop/carbon-coverall/carbon-coverall-poc/packages/react/__tests__/scss-test.js:24:13)
    at Promise.then.completed (/Users/chrisvelgersdyk/Desktop/carbon-coverall/carbon-coverall-poc/node_modules/jest-circus/build/utils.js:333:28)
    at new Promise (&lt;anonymous&gt;)
    at callAsyncCircusFn (/Users/chrisvelgersdyk/Desktop/carbon-coverall/carbon-coverall-poc/node_modules/jest-circus/build/utils.js:259:10)
    at _callCircusTest (/Users/chrisvelgersdyk/Desktop/carbon-coverall/carbon-coverall-poc/node_modules/jest-circus/build/run.js:276:40)
    at processTicksAndRejections (node:internal/process/task_queues:95:5)
    at _runTest (/Users/chrisvelgersdyk/Desktop/carbon-coverall/carbon-coverall-poc/node_modules/jest-circus/build/run.js:208:3)
    at _runTestsForDescribeBlock (/Users/chrisvelgersdyk/Desktop/carbon-coverall/carbon-coverall-poc/node_modules/jest-circus/build/run.js:96:9)
    at _runTestsForDescribeBlock (/Users/chrisvelgersdyk/Desktop/carbon-coverall/carbon-coverall-poc/node_modules/jest-circus/build/run.js:90:9)</failure>
    </testcase>
    <testcase classname="@carbon/react/scss scss/components/fluid-multiselect should be importable" name="@carbon/react/scss scss/components/fluid-multiselect should be importable" time="0.013">
      <failure>Error: expect(received).resolves.toBeDefined()

Received promise rejected instead of resolved
Rejected to value: [Error: Can&apos;t find stylesheet to import.
  ╷
8 │ @forward &apos;./generated/fluid-spacing&apos;;
  │ ^^^^^^^^^^^^^^^^^^^^^^^^^^^^^^^^^^^^
  ╵
  node_modules/@carbon/layout/scss/_spacing.scss 8:1                                          @forward
  node_modules/@carbon/styles/scss/_spacing.scss 8:1                                          @use
  node_modules/@carbon/styles/scss/components/fluid-multiselect/_fluid-multiselect.scss 13:1  @forward
  node_modules/@carbon/styles/scss/components/fluid-multiselect/_index.scss 8:1               @forward
  packages/react/scss/components/fluid-multiselect/_index.scss 9:1                            @use
  stdin 2:1                                                                                   root stylesheet]
    at expect (/Users/chrisvelgersdyk/Desktop/carbon-coverall/carbon-coverall-poc/node_modules/expect/build/index.js:128:15)
    at Object.expect (/Users/chrisvelgersdyk/Desktop/carbon-coverall/carbon-coverall-poc/packages/react/__tests__/scss-test.js:24:13)
    at Promise.then.completed (/Users/chrisvelgersdyk/Desktop/carbon-coverall/carbon-coverall-poc/node_modules/jest-circus/build/utils.js:333:28)
    at new Promise (&lt;anonymous&gt;)
    at callAsyncCircusFn (/Users/chrisvelgersdyk/Desktop/carbon-coverall/carbon-coverall-poc/node_modules/jest-circus/build/utils.js:259:10)
    at _callCircusTest (/Users/chrisvelgersdyk/Desktop/carbon-coverall/carbon-coverall-poc/node_modules/jest-circus/build/run.js:276:40)
    at processTicksAndRejections (node:internal/process/task_queues:95:5)
    at _runTest (/Users/chrisvelgersdyk/Desktop/carbon-coverall/carbon-coverall-poc/node_modules/jest-circus/build/run.js:208:3)
    at _runTestsForDescribeBlock (/Users/chrisvelgersdyk/Desktop/carbon-coverall/carbon-coverall-poc/node_modules/jest-circus/build/run.js:96:9)
    at _runTestsForDescribeBlock (/Users/chrisvelgersdyk/Desktop/carbon-coverall/carbon-coverall-poc/node_modules/jest-circus/build/run.js:90:9)</failure>
    </testcase>
    <testcase classname="@carbon/react/scss scss/components/fluid-number-input/fluid-number-input should be importable" name="@carbon/react/scss scss/components/fluid-number-input/fluid-number-input should be importable" time="0.019">
      <failure>Error: expect(received).resolves.toBeDefined()

Received promise rejected instead of resolved
Rejected to value: [Error: Can&apos;t find stylesheet to import.
  ╷
8 │ @forward &apos;./generated/fluid-spacing&apos;;
  │ ^^^^^^^^^^^^^^^^^^^^^^^^^^^^^^^^^^^^
  ╵
  node_modules/@carbon/layout/scss/_spacing.scss 8:1                                            @forward
  node_modules/@carbon/styles/scss/_spacing.scss 8:1                                            @use
  node_modules/@carbon/styles/scss/components/fluid-number-input/_fluid-number-input.scss 13:1  @forward
  packages/react/scss/components/fluid-number-input/_fluid-number-input.scss 9:1                @use
  stdin 2:1                                                                                     root stylesheet]
    at expect (/Users/chrisvelgersdyk/Desktop/carbon-coverall/carbon-coverall-poc/node_modules/expect/build/index.js:128:15)
    at Object.expect (/Users/chrisvelgersdyk/Desktop/carbon-coverall/carbon-coverall-poc/packages/react/__tests__/scss-test.js:24:13)
    at Promise.then.completed (/Users/chrisvelgersdyk/Desktop/carbon-coverall/carbon-coverall-poc/node_modules/jest-circus/build/utils.js:333:28)
    at new Promise (&lt;anonymous&gt;)
    at callAsyncCircusFn (/Users/chrisvelgersdyk/Desktop/carbon-coverall/carbon-coverall-poc/node_modules/jest-circus/build/utils.js:259:10)
    at _callCircusTest (/Users/chrisvelgersdyk/Desktop/carbon-coverall/carbon-coverall-poc/node_modules/jest-circus/build/run.js:276:40)
    at processTicksAndRejections (node:internal/process/task_queues:95:5)
    at _runTest (/Users/chrisvelgersdyk/Desktop/carbon-coverall/carbon-coverall-poc/node_modules/jest-circus/build/run.js:208:3)
    at _runTestsForDescribeBlock (/Users/chrisvelgersdyk/Desktop/carbon-coverall/carbon-coverall-poc/node_modules/jest-circus/build/run.js:96:9)
    at _runTestsForDescribeBlock (/Users/chrisvelgersdyk/Desktop/carbon-coverall/carbon-coverall-poc/node_modules/jest-circus/build/run.js:90:9)</failure>
    </testcase>
    <testcase classname="@carbon/react/scss scss/components/fluid-number-input should be importable" name="@carbon/react/scss scss/components/fluid-number-input should be importable" time="0.02">
      <failure>Error: expect(received).resolves.toBeDefined()

Received promise rejected instead of resolved
Rejected to value: [Error: Can&apos;t find stylesheet to import.
  ╷
8 │ @forward &apos;./generated/fluid-spacing&apos;;
  │ ^^^^^^^^^^^^^^^^^^^^^^^^^^^^^^^^^^^^
  ╵
  node_modules/@carbon/layout/scss/_spacing.scss 8:1                                            @forward
  node_modules/@carbon/styles/scss/_spacing.scss 8:1                                            @use
  node_modules/@carbon/styles/scss/components/fluid-number-input/_fluid-number-input.scss 13:1  @forward
  node_modules/@carbon/styles/scss/components/fluid-number-input/_index.scss 8:1                @forward
  packages/react/scss/components/fluid-number-input/_index.scss 9:1                             @use
  stdin 2:1                                                                                     root stylesheet]
    at expect (/Users/chrisvelgersdyk/Desktop/carbon-coverall/carbon-coverall-poc/node_modules/expect/build/index.js:128:15)
    at Object.expect (/Users/chrisvelgersdyk/Desktop/carbon-coverall/carbon-coverall-poc/packages/react/__tests__/scss-test.js:24:13)
    at Promise.then.completed (/Users/chrisvelgersdyk/Desktop/carbon-coverall/carbon-coverall-poc/node_modules/jest-circus/build/utils.js:333:28)
    at new Promise (&lt;anonymous&gt;)
    at callAsyncCircusFn (/Users/chrisvelgersdyk/Desktop/carbon-coverall/carbon-coverall-poc/node_modules/jest-circus/build/utils.js:259:10)
    at _callCircusTest (/Users/chrisvelgersdyk/Desktop/carbon-coverall/carbon-coverall-poc/node_modules/jest-circus/build/run.js:276:40)
    at processTicksAndRejections (node:internal/process/task_queues:95:5)
    at _runTest (/Users/chrisvelgersdyk/Desktop/carbon-coverall/carbon-coverall-poc/node_modules/jest-circus/build/run.js:208:3)
    at _runTestsForDescribeBlock (/Users/chrisvelgersdyk/Desktop/carbon-coverall/carbon-coverall-poc/node_modules/jest-circus/build/run.js:96:9)
    at _runTestsForDescribeBlock (/Users/chrisvelgersdyk/Desktop/carbon-coverall/carbon-coverall-poc/node_modules/jest-circus/build/run.js:90:9)</failure>
    </testcase>
    <testcase classname="@carbon/react/scss scss/components/fluid-search/fluid-search should be importable" name="@carbon/react/scss scss/components/fluid-search/fluid-search should be importable" time="0.023">
      <failure>Error: expect(received).resolves.toBeDefined()

Received promise rejected instead of resolved
Rejected to value: [Error: Can&apos;t find stylesheet to import.
  ╷
8 │ @forward &apos;./generated/fluid-spacing&apos;;
  │ ^^^^^^^^^^^^^^^^^^^^^^^^^^^^^^^^^^^^
  ╵
  node_modules/@carbon/layout/scss/_spacing.scss 8:1                                @forward
  node_modules/@carbon/styles/scss/_spacing.scss 8:1                                @use
  node_modules/@carbon/styles/scss/components/fluid-search/_fluid-search.scss 13:1  @forward
  packages/react/scss/components/fluid-search/_fluid-search.scss 9:1                @use
  stdin 2:1                                                                         root stylesheet]
    at expect (/Users/chrisvelgersdyk/Desktop/carbon-coverall/carbon-coverall-poc/node_modules/expect/build/index.js:128:15)
    at Object.expect (/Users/chrisvelgersdyk/Desktop/carbon-coverall/carbon-coverall-poc/packages/react/__tests__/scss-test.js:24:13)
    at Promise.then.completed (/Users/chrisvelgersdyk/Desktop/carbon-coverall/carbon-coverall-poc/node_modules/jest-circus/build/utils.js:333:28)
    at new Promise (&lt;anonymous&gt;)
    at callAsyncCircusFn (/Users/chrisvelgersdyk/Desktop/carbon-coverall/carbon-coverall-poc/node_modules/jest-circus/build/utils.js:259:10)
    at _callCircusTest (/Users/chrisvelgersdyk/Desktop/carbon-coverall/carbon-coverall-poc/node_modules/jest-circus/build/run.js:276:40)
    at processTicksAndRejections (node:internal/process/task_queues:95:5)
    at _runTest (/Users/chrisvelgersdyk/Desktop/carbon-coverall/carbon-coverall-poc/node_modules/jest-circus/build/run.js:208:3)
    at _runTestsForDescribeBlock (/Users/chrisvelgersdyk/Desktop/carbon-coverall/carbon-coverall-poc/node_modules/jest-circus/build/run.js:96:9)
    at _runTestsForDescribeBlock (/Users/chrisvelgersdyk/Desktop/carbon-coverall/carbon-coverall-poc/node_modules/jest-circus/build/run.js:90:9)</failure>
    </testcase>
    <testcase classname="@carbon/react/scss scss/components/fluid-search should be importable" name="@carbon/react/scss scss/components/fluid-search should be importable" time="0.013">
      <failure>Error: expect(received).resolves.toBeDefined()

Received promise rejected instead of resolved
Rejected to value: [Error: Can&apos;t find stylesheet to import.
  ╷
8 │ @forward &apos;./generated/fluid-spacing&apos;;
  │ ^^^^^^^^^^^^^^^^^^^^^^^^^^^^^^^^^^^^
  ╵
  node_modules/@carbon/layout/scss/_spacing.scss 8:1                                @forward
  node_modules/@carbon/styles/scss/_spacing.scss 8:1                                @use
  node_modules/@carbon/styles/scss/components/fluid-search/_fluid-search.scss 13:1  @forward
  node_modules/@carbon/styles/scss/components/fluid-search/_index.scss 8:1          @forward
  packages/react/scss/components/fluid-search/_index.scss 9:1                       @use
  stdin 2:1                                                                         root stylesheet]
    at expect (/Users/chrisvelgersdyk/Desktop/carbon-coverall/carbon-coverall-poc/node_modules/expect/build/index.js:128:15)
    at Object.expect (/Users/chrisvelgersdyk/Desktop/carbon-coverall/carbon-coverall-poc/packages/react/__tests__/scss-test.js:24:13)
    at Promise.then.completed (/Users/chrisvelgersdyk/Desktop/carbon-coverall/carbon-coverall-poc/node_modules/jest-circus/build/utils.js:333:28)
    at new Promise (&lt;anonymous&gt;)
    at callAsyncCircusFn (/Users/chrisvelgersdyk/Desktop/carbon-coverall/carbon-coverall-poc/node_modules/jest-circus/build/utils.js:259:10)
    at _callCircusTest (/Users/chrisvelgersdyk/Desktop/carbon-coverall/carbon-coverall-poc/node_modules/jest-circus/build/run.js:276:40)
    at processTicksAndRejections (node:internal/process/task_queues:95:5)
    at _runTest (/Users/chrisvelgersdyk/Desktop/carbon-coverall/carbon-coverall-poc/node_modules/jest-circus/build/run.js:208:3)
    at _runTestsForDescribeBlock (/Users/chrisvelgersdyk/Desktop/carbon-coverall/carbon-coverall-poc/node_modules/jest-circus/build/run.js:96:9)
    at _runTestsForDescribeBlock (/Users/chrisvelgersdyk/Desktop/carbon-coverall/carbon-coverall-poc/node_modules/jest-circus/build/run.js:90:9)</failure>
    </testcase>
    <testcase classname="@carbon/react/scss scss/components/fluid-select/fluid-select should be importable" name="@carbon/react/scss scss/components/fluid-select/fluid-select should be importable" time="0.013">
      <failure>Error: expect(received).resolves.toBeDefined()

Received promise rejected instead of resolved
Rejected to value: [Error: Can&apos;t find stylesheet to import.
  ╷
8 │ @forward &apos;./generated/fluid-spacing&apos;;
  │ ^^^^^^^^^^^^^^^^^^^^^^^^^^^^^^^^^^^^
  ╵
  node_modules/@carbon/layout/scss/_spacing.scss 8:1                                @forward
  node_modules/@carbon/styles/scss/_spacing.scss 8:1                                @use
  node_modules/@carbon/styles/scss/components/fluid-select/_fluid-select.scss 13:1  @forward
  packages/react/scss/components/fluid-select/_fluid-select.scss 9:1                @use
  stdin 2:1                                                                         root stylesheet]
    at expect (/Users/chrisvelgersdyk/Desktop/carbon-coverall/carbon-coverall-poc/node_modules/expect/build/index.js:128:15)
    at Object.expect (/Users/chrisvelgersdyk/Desktop/carbon-coverall/carbon-coverall-poc/packages/react/__tests__/scss-test.js:24:13)
    at Promise.then.completed (/Users/chrisvelgersdyk/Desktop/carbon-coverall/carbon-coverall-poc/node_modules/jest-circus/build/utils.js:333:28)
    at new Promise (&lt;anonymous&gt;)
    at callAsyncCircusFn (/Users/chrisvelgersdyk/Desktop/carbon-coverall/carbon-coverall-poc/node_modules/jest-circus/build/utils.js:259:10)
    at _callCircusTest (/Users/chrisvelgersdyk/Desktop/carbon-coverall/carbon-coverall-poc/node_modules/jest-circus/build/run.js:276:40)
    at processTicksAndRejections (node:internal/process/task_queues:95:5)
    at _runTest (/Users/chrisvelgersdyk/Desktop/carbon-coverall/carbon-coverall-poc/node_modules/jest-circus/build/run.js:208:3)
    at _runTestsForDescribeBlock (/Users/chrisvelgersdyk/Desktop/carbon-coverall/carbon-coverall-poc/node_modules/jest-circus/build/run.js:96:9)
    at _runTestsForDescribeBlock (/Users/chrisvelgersdyk/Desktop/carbon-coverall/carbon-coverall-poc/node_modules/jest-circus/build/run.js:90:9)</failure>
    </testcase>
    <testcase classname="@carbon/react/scss scss/components/fluid-select should be importable" name="@carbon/react/scss scss/components/fluid-select should be importable" time="0.017">
      <failure>Error: expect(received).resolves.toBeDefined()

Received promise rejected instead of resolved
Rejected to value: [Error: Can&apos;t find stylesheet to import.
  ╷
8 │ @forward &apos;./generated/fluid-spacing&apos;;
  │ ^^^^^^^^^^^^^^^^^^^^^^^^^^^^^^^^^^^^
  ╵
  node_modules/@carbon/layout/scss/_spacing.scss 8:1                                @forward
  node_modules/@carbon/styles/scss/_spacing.scss 8:1                                @use
  node_modules/@carbon/styles/scss/components/fluid-select/_fluid-select.scss 13:1  @forward
  node_modules/@carbon/styles/scss/components/fluid-select/_index.scss 8:1          @forward
  packages/react/scss/components/fluid-select/_index.scss 9:1                       @use
  stdin 2:1                                                                         root stylesheet]
    at expect (/Users/chrisvelgersdyk/Desktop/carbon-coverall/carbon-coverall-poc/node_modules/expect/build/index.js:128:15)
    at Object.expect (/Users/chrisvelgersdyk/Desktop/carbon-coverall/carbon-coverall-poc/packages/react/__tests__/scss-test.js:24:13)
    at Promise.then.completed (/Users/chrisvelgersdyk/Desktop/carbon-coverall/carbon-coverall-poc/node_modules/jest-circus/build/utils.js:333:28)
    at new Promise (&lt;anonymous&gt;)
    at callAsyncCircusFn (/Users/chrisvelgersdyk/Desktop/carbon-coverall/carbon-coverall-poc/node_modules/jest-circus/build/utils.js:259:10)
    at _callCircusTest (/Users/chrisvelgersdyk/Desktop/carbon-coverall/carbon-coverall-poc/node_modules/jest-circus/build/run.js:276:40)
    at processTicksAndRejections (node:internal/process/task_queues:95:5)
    at _runTest (/Users/chrisvelgersdyk/Desktop/carbon-coverall/carbon-coverall-poc/node_modules/jest-circus/build/run.js:208:3)
    at _runTestsForDescribeBlock (/Users/chrisvelgersdyk/Desktop/carbon-coverall/carbon-coverall-poc/node_modules/jest-circus/build/run.js:96:9)
    at _runTestsForDescribeBlock (/Users/chrisvelgersdyk/Desktop/carbon-coverall/carbon-coverall-poc/node_modules/jest-circus/build/run.js:90:9)</failure>
    </testcase>
    <testcase classname="@carbon/react/scss scss/components/fluid-text-area/fluid-text-area should be importable" name="@carbon/react/scss scss/components/fluid-text-area/fluid-text-area should be importable" time="0.014">
      <failure>Error: expect(received).resolves.toBeDefined()

Received promise rejected instead of resolved
Rejected to value: [Error: Can&apos;t find stylesheet to import.
  ╷
8 │ @forward &apos;./generated/fluid-spacing&apos;;
  │ ^^^^^^^^^^^^^^^^^^^^^^^^^^^^^^^^^^^^
  ╵
  node_modules/@carbon/layout/scss/_spacing.scss 8:1                                      @forward
  node_modules/@carbon/styles/scss/_spacing.scss 8:1                                      @use
  node_modules/@carbon/styles/scss/components/form/_form.scss 9:1                         @forward
  node_modules/@carbon/styles/scss/components/form/_index.scss 8:1                        @use
  node_modules/@carbon/styles/scss/components/text-area/_text-area.scss 8:1               @forward
  node_modules/@carbon/styles/scss/components/text-area/_index.scss 8:1                   @use
  node_modules/@carbon/styles/scss/components/fluid-text-area/_fluid-text-area.scss 11:1  @forward
  packages/react/scss/components/fluid-text-area/_fluid-text-area.scss 9:1                @use
  stdin 2:1                                                                               root stylesheet]
    at expect (/Users/chrisvelgersdyk/Desktop/carbon-coverall/carbon-coverall-poc/node_modules/expect/build/index.js:128:15)
    at Object.expect (/Users/chrisvelgersdyk/Desktop/carbon-coverall/carbon-coverall-poc/packages/react/__tests__/scss-test.js:24:13)
    at Promise.then.completed (/Users/chrisvelgersdyk/Desktop/carbon-coverall/carbon-coverall-poc/node_modules/jest-circus/build/utils.js:333:28)
    at new Promise (&lt;anonymous&gt;)
    at callAsyncCircusFn (/Users/chrisvelgersdyk/Desktop/carbon-coverall/carbon-coverall-poc/node_modules/jest-circus/build/utils.js:259:10)
    at _callCircusTest (/Users/chrisvelgersdyk/Desktop/carbon-coverall/carbon-coverall-poc/node_modules/jest-circus/build/run.js:276:40)
    at processTicksAndRejections (node:internal/process/task_queues:95:5)
    at _runTest (/Users/chrisvelgersdyk/Desktop/carbon-coverall/carbon-coverall-poc/node_modules/jest-circus/build/run.js:208:3)
    at _runTestsForDescribeBlock (/Users/chrisvelgersdyk/Desktop/carbon-coverall/carbon-coverall-poc/node_modules/jest-circus/build/run.js:96:9)
    at _runTestsForDescribeBlock (/Users/chrisvelgersdyk/Desktop/carbon-coverall/carbon-coverall-poc/node_modules/jest-circus/build/run.js:90:9)</failure>
    </testcase>
    <testcase classname="@carbon/react/scss scss/components/fluid-text-area should be importable" name="@carbon/react/scss scss/components/fluid-text-area should be importable" time="0.018">
      <failure>Error: expect(received).resolves.toBeDefined()

Received promise rejected instead of resolved
Rejected to value: [Error: Can&apos;t find stylesheet to import.
  ╷
8 │ @forward &apos;./generated/fluid-spacing&apos;;
  │ ^^^^^^^^^^^^^^^^^^^^^^^^^^^^^^^^^^^^
  ╵
  node_modules/@carbon/layout/scss/_spacing.scss 8:1                                      @forward
  node_modules/@carbon/styles/scss/_spacing.scss 8:1                                      @use
  node_modules/@carbon/styles/scss/components/form/_form.scss 9:1                         @forward
  node_modules/@carbon/styles/scss/components/form/_index.scss 8:1                        @use
  node_modules/@carbon/styles/scss/components/text-area/_text-area.scss 8:1               @forward
  node_modules/@carbon/styles/scss/components/text-area/_index.scss 8:1                   @use
  node_modules/@carbon/styles/scss/components/fluid-text-area/_fluid-text-area.scss 11:1  @forward
  node_modules/@carbon/styles/scss/components/fluid-text-area/_index.scss 8:1             @forward
  packages/react/scss/components/fluid-text-area/_index.scss 9:1                          @use
  stdin 2:1                                                                               root stylesheet]
    at expect (/Users/chrisvelgersdyk/Desktop/carbon-coverall/carbon-coverall-poc/node_modules/expect/build/index.js:128:15)
    at Object.expect (/Users/chrisvelgersdyk/Desktop/carbon-coverall/carbon-coverall-poc/packages/react/__tests__/scss-test.js:24:13)
    at Promise.then.completed (/Users/chrisvelgersdyk/Desktop/carbon-coverall/carbon-coverall-poc/node_modules/jest-circus/build/utils.js:333:28)
    at new Promise (&lt;anonymous&gt;)
    at callAsyncCircusFn (/Users/chrisvelgersdyk/Desktop/carbon-coverall/carbon-coverall-poc/node_modules/jest-circus/build/utils.js:259:10)
    at _callCircusTest (/Users/chrisvelgersdyk/Desktop/carbon-coverall/carbon-coverall-poc/node_modules/jest-circus/build/run.js:276:40)
    at processTicksAndRejections (node:internal/process/task_queues:95:5)
    at _runTest (/Users/chrisvelgersdyk/Desktop/carbon-coverall/carbon-coverall-poc/node_modules/jest-circus/build/run.js:208:3)
    at _runTestsForDescribeBlock (/Users/chrisvelgersdyk/Desktop/carbon-coverall/carbon-coverall-poc/node_modules/jest-circus/build/run.js:96:9)
    at _runTestsForDescribeBlock (/Users/chrisvelgersdyk/Desktop/carbon-coverall/carbon-coverall-poc/node_modules/jest-circus/build/run.js:90:9)</failure>
    </testcase>
    <testcase classname="@carbon/react/scss scss/components/fluid-text-input/fluid-text-input should be importable" name="@carbon/react/scss scss/components/fluid-text-input/fluid-text-input should be importable" time="0.007">
      <failure>Error: expect(received).resolves.toBeDefined()

Received promise rejected instead of resolved
Rejected to value: [Error: Can&apos;t find stylesheet to import.
  ╷
8 │ @forward &apos;./generated/fluid-spacing&apos;;
  │ ^^^^^^^^^^^^^^^^^^^^^^^^^^^^^^^^^^^^
  ╵
  node_modules/@carbon/layout/scss/_spacing.scss 8:1                                        @forward
  node_modules/@carbon/styles/scss/_spacing.scss 8:1                                        @use
  node_modules/@carbon/styles/scss/components/fluid-text-input/_fluid-text-input.scss 13:1  @forward
  packages/react/scss/components/fluid-text-input/_fluid-text-input.scss 9:1                @use
  stdin 2:1                                                                                 root stylesheet]
    at expect (/Users/chrisvelgersdyk/Desktop/carbon-coverall/carbon-coverall-poc/node_modules/expect/build/index.js:128:15)
    at Object.expect (/Users/chrisvelgersdyk/Desktop/carbon-coverall/carbon-coverall-poc/packages/react/__tests__/scss-test.js:24:13)
    at Promise.then.completed (/Users/chrisvelgersdyk/Desktop/carbon-coverall/carbon-coverall-poc/node_modules/jest-circus/build/utils.js:333:28)
    at new Promise (&lt;anonymous&gt;)
    at callAsyncCircusFn (/Users/chrisvelgersdyk/Desktop/carbon-coverall/carbon-coverall-poc/node_modules/jest-circus/build/utils.js:259:10)
    at _callCircusTest (/Users/chrisvelgersdyk/Desktop/carbon-coverall/carbon-coverall-poc/node_modules/jest-circus/build/run.js:276:40)
    at processTicksAndRejections (node:internal/process/task_queues:95:5)
    at _runTest (/Users/chrisvelgersdyk/Desktop/carbon-coverall/carbon-coverall-poc/node_modules/jest-circus/build/run.js:208:3)
    at _runTestsForDescribeBlock (/Users/chrisvelgersdyk/Desktop/carbon-coverall/carbon-coverall-poc/node_modules/jest-circus/build/run.js:96:9)
    at _runTestsForDescribeBlock (/Users/chrisvelgersdyk/Desktop/carbon-coverall/carbon-coverall-poc/node_modules/jest-circus/build/run.js:90:9)</failure>
    </testcase>
    <testcase classname="@carbon/react/scss scss/components/fluid-text-input should be importable" name="@carbon/react/scss scss/components/fluid-text-input should be importable" time="0.007">
      <failure>Error: expect(received).resolves.toBeDefined()

Received promise rejected instead of resolved
Rejected to value: [Error: Can&apos;t find stylesheet to import.
  ╷
8 │ @forward &apos;./generated/fluid-spacing&apos;;
  │ ^^^^^^^^^^^^^^^^^^^^^^^^^^^^^^^^^^^^
  ╵
  node_modules/@carbon/layout/scss/_spacing.scss 8:1                                        @forward
  node_modules/@carbon/styles/scss/_spacing.scss 8:1                                        @use
  node_modules/@carbon/styles/scss/components/fluid-text-input/_fluid-text-input.scss 13:1  @forward
  node_modules/@carbon/styles/scss/components/fluid-text-input/_index.scss 8:1              @forward
  packages/react/scss/components/fluid-text-input/_index.scss 9:1                           @use
  stdin 2:1                                                                                 root stylesheet]
    at expect (/Users/chrisvelgersdyk/Desktop/carbon-coverall/carbon-coverall-poc/node_modules/expect/build/index.js:128:15)
    at Object.expect (/Users/chrisvelgersdyk/Desktop/carbon-coverall/carbon-coverall-poc/packages/react/__tests__/scss-test.js:24:13)
    at Promise.then.completed (/Users/chrisvelgersdyk/Desktop/carbon-coverall/carbon-coverall-poc/node_modules/jest-circus/build/utils.js:333:28)
    at new Promise (&lt;anonymous&gt;)
    at callAsyncCircusFn (/Users/chrisvelgersdyk/Desktop/carbon-coverall/carbon-coverall-poc/node_modules/jest-circus/build/utils.js:259:10)
    at _callCircusTest (/Users/chrisvelgersdyk/Desktop/carbon-coverall/carbon-coverall-poc/node_modules/jest-circus/build/run.js:276:40)
    at processTicksAndRejections (node:internal/process/task_queues:95:5)
    at _runTest (/Users/chrisvelgersdyk/Desktop/carbon-coverall/carbon-coverall-poc/node_modules/jest-circus/build/run.js:208:3)
    at _runTestsForDescribeBlock (/Users/chrisvelgersdyk/Desktop/carbon-coverall/carbon-coverall-poc/node_modules/jest-circus/build/run.js:96:9)
    at _runTestsForDescribeBlock (/Users/chrisvelgersdyk/Desktop/carbon-coverall/carbon-coverall-poc/node_modules/jest-circus/build/run.js:90:9)</failure>
    </testcase>
    <testcase classname="@carbon/react/scss scss/components/fluid-time-picker/fluid-time-picker should be importable" name="@carbon/react/scss scss/components/fluid-time-picker/fluid-time-picker should be importable" time="0.006">
      <failure>Error: expect(received).resolves.toBeDefined()

Received promise rejected instead of resolved
Rejected to value: [Error: Can&apos;t find stylesheet to import.
  ╷
8 │ @forward &apos;./generated/fluid-spacing&apos;;
  │ ^^^^^^^^^^^^^^^^^^^^^^^^^^^^^^^^^^^^
  ╵
  node_modules/@carbon/layout/scss/_spacing.scss 8:1                                          @forward
  node_modules/@carbon/styles/scss/_spacing.scss 8:1                                          @use
  node_modules/@carbon/styles/scss/components/fluid-time-picker/_fluid-time-picker.scss 13:1  @forward
  packages/react/scss/components/fluid-time-picker/_fluid-time-picker.scss 9:1                @use
  stdin 2:1                                                                                   root stylesheet]
    at expect (/Users/chrisvelgersdyk/Desktop/carbon-coverall/carbon-coverall-poc/node_modules/expect/build/index.js:128:15)
    at Object.expect (/Users/chrisvelgersdyk/Desktop/carbon-coverall/carbon-coverall-poc/packages/react/__tests__/scss-test.js:24:13)
    at Promise.then.completed (/Users/chrisvelgersdyk/Desktop/carbon-coverall/carbon-coverall-poc/node_modules/jest-circus/build/utils.js:333:28)
    at new Promise (&lt;anonymous&gt;)
    at callAsyncCircusFn (/Users/chrisvelgersdyk/Desktop/carbon-coverall/carbon-coverall-poc/node_modules/jest-circus/build/utils.js:259:10)
    at _callCircusTest (/Users/chrisvelgersdyk/Desktop/carbon-coverall/carbon-coverall-poc/node_modules/jest-circus/build/run.js:276:40)
    at processTicksAndRejections (node:internal/process/task_queues:95:5)
    at _runTest (/Users/chrisvelgersdyk/Desktop/carbon-coverall/carbon-coverall-poc/node_modules/jest-circus/build/run.js:208:3)
    at _runTestsForDescribeBlock (/Users/chrisvelgersdyk/Desktop/carbon-coverall/carbon-coverall-poc/node_modules/jest-circus/build/run.js:96:9)
    at _runTestsForDescribeBlock (/Users/chrisvelgersdyk/Desktop/carbon-coverall/carbon-coverall-poc/node_modules/jest-circus/build/run.js:90:9)</failure>
    </testcase>
    <testcase classname="@carbon/react/scss scss/components/fluid-time-picker should be importable" name="@carbon/react/scss scss/components/fluid-time-picker should be importable" time="0.092">
      <failure>Error: expect(received).resolves.toBeDefined()

Received promise rejected instead of resolved
Rejected to value: [Error: Can&apos;t find stylesheet to import.
  ╷
8 │ @forward &apos;./generated/fluid-spacing&apos;;
  │ ^^^^^^^^^^^^^^^^^^^^^^^^^^^^^^^^^^^^
  ╵
  node_modules/@carbon/layout/scss/_spacing.scss 8:1                                          @forward
  node_modules/@carbon/styles/scss/_spacing.scss 8:1                                          @use
  node_modules/@carbon/styles/scss/components/fluid-time-picker/_fluid-time-picker.scss 13:1  @forward
  node_modules/@carbon/styles/scss/components/fluid-time-picker/_index.scss 8:1               @forward
  packages/react/scss/components/fluid-time-picker/_index.scss 9:1                            @use
  stdin 2:1                                                                                   root stylesheet]
    at expect (/Users/chrisvelgersdyk/Desktop/carbon-coverall/carbon-coverall-poc/node_modules/expect/build/index.js:128:15)
    at Object.expect (/Users/chrisvelgersdyk/Desktop/carbon-coverall/carbon-coverall-poc/packages/react/__tests__/scss-test.js:24:13)
    at Promise.then.completed (/Users/chrisvelgersdyk/Desktop/carbon-coverall/carbon-coverall-poc/node_modules/jest-circus/build/utils.js:333:28)
    at new Promise (&lt;anonymous&gt;)
    at callAsyncCircusFn (/Users/chrisvelgersdyk/Desktop/carbon-coverall/carbon-coverall-poc/node_modules/jest-circus/build/utils.js:259:10)
    at _callCircusTest (/Users/chrisvelgersdyk/Desktop/carbon-coverall/carbon-coverall-poc/node_modules/jest-circus/build/run.js:276:40)
    at processTicksAndRejections (node:internal/process/task_queues:95:5)
    at _runTest (/Users/chrisvelgersdyk/Desktop/carbon-coverall/carbon-coverall-poc/node_modules/jest-circus/build/run.js:208:3)
    at _runTestsForDescribeBlock (/Users/chrisvelgersdyk/Desktop/carbon-coverall/carbon-coverall-poc/node_modules/jest-circus/build/run.js:96:9)
    at _runTestsForDescribeBlock (/Users/chrisvelgersdyk/Desktop/carbon-coverall/carbon-coverall-poc/node_modules/jest-circus/build/run.js:90:9)</failure>
    </testcase>
    <testcase classname="@carbon/react/scss scss/components/icon-indicator/icon-indicator should be importable" name="@carbon/react/scss scss/components/icon-indicator/icon-indicator should be importable" time="0.005">
      <failure>Error: expect(received).resolves.toBeDefined()

Received promise rejected instead of resolved
Rejected to value: [Error: Can&apos;t find stylesheet to import.
  ╷
8 │ @forward &apos;generated/themes&apos;;
  │ ^^^^^^^^^^^^^^^^^^^^^^^^^^^
  ╵
  node_modules/@carbon/themes/scss/compat/_themes.scss 8:1                             @use
  node_modules/@carbon/styles/scss/compat/_themes.scss 9:1                             @use
  node_modules/@carbon/styles/scss/theme/_theme.scss 12:1                              @forward
  node_modules/@carbon/styles/scss/_theme.scss 8:1                                     @use
  node_modules/@carbon/styles/scss/components/icon-indicator/_icon-indicator.scss 8:1  @forward
  packages/react/scss/components/icon-indicator/_icon-indicator.scss 9:1               @use
  stdin 2:1                                                                            root stylesheet]
    at expect (/Users/chrisvelgersdyk/Desktop/carbon-coverall/carbon-coverall-poc/node_modules/expect/build/index.js:128:15)
    at Object.expect (/Users/chrisvelgersdyk/Desktop/carbon-coverall/carbon-coverall-poc/packages/react/__tests__/scss-test.js:24:13)
    at Promise.then.completed (/Users/chrisvelgersdyk/Desktop/carbon-coverall/carbon-coverall-poc/node_modules/jest-circus/build/utils.js:333:28)
    at new Promise (&lt;anonymous&gt;)
    at callAsyncCircusFn (/Users/chrisvelgersdyk/Desktop/carbon-coverall/carbon-coverall-poc/node_modules/jest-circus/build/utils.js:259:10)
    at _callCircusTest (/Users/chrisvelgersdyk/Desktop/carbon-coverall/carbon-coverall-poc/node_modules/jest-circus/build/run.js:276:40)
    at processTicksAndRejections (node:internal/process/task_queues:95:5)
    at _runTest (/Users/chrisvelgersdyk/Desktop/carbon-coverall/carbon-coverall-poc/node_modules/jest-circus/build/run.js:208:3)
    at _runTestsForDescribeBlock (/Users/chrisvelgersdyk/Desktop/carbon-coverall/carbon-coverall-poc/node_modules/jest-circus/build/run.js:96:9)
    at _runTestsForDescribeBlock (/Users/chrisvelgersdyk/Desktop/carbon-coverall/carbon-coverall-poc/node_modules/jest-circus/build/run.js:90:9)</failure>
    </testcase>
    <testcase classname="@carbon/react/scss scss/components/icon-indicator should be importable" name="@carbon/react/scss scss/components/icon-indicator should be importable" time="0.005">
      <failure>Error: expect(received).resolves.toBeDefined()

Received promise rejected instead of resolved
Rejected to value: [Error: Can&apos;t find stylesheet to import.
  ╷
8 │ @forward &apos;generated/themes&apos;;
  │ ^^^^^^^^^^^^^^^^^^^^^^^^^^^
  ╵
  node_modules/@carbon/themes/scss/compat/_themes.scss 8:1                             @use
  node_modules/@carbon/styles/scss/compat/_themes.scss 9:1                             @use
  node_modules/@carbon/styles/scss/theme/_theme.scss 12:1                              @forward
  node_modules/@carbon/styles/scss/_theme.scss 8:1                                     @use
  node_modules/@carbon/styles/scss/components/icon-indicator/_icon-indicator.scss 8:1  @forward
  node_modules/@carbon/styles/scss/components/icon-indicator/_index.scss 8:1           @forward
  packages/react/scss/components/icon-indicator/_index.scss 9:1                        @use
  stdin 2:1                                                                            root stylesheet]
    at expect (/Users/chrisvelgersdyk/Desktop/carbon-coverall/carbon-coverall-poc/node_modules/expect/build/index.js:128:15)
    at Object.expect (/Users/chrisvelgersdyk/Desktop/carbon-coverall/carbon-coverall-poc/packages/react/__tests__/scss-test.js:24:13)
    at Promise.then.completed (/Users/chrisvelgersdyk/Desktop/carbon-coverall/carbon-coverall-poc/node_modules/jest-circus/build/utils.js:333:28)
    at new Promise (&lt;anonymous&gt;)
    at callAsyncCircusFn (/Users/chrisvelgersdyk/Desktop/carbon-coverall/carbon-coverall-poc/node_modules/jest-circus/build/utils.js:259:10)
    at _callCircusTest (/Users/chrisvelgersdyk/Desktop/carbon-coverall/carbon-coverall-poc/node_modules/jest-circus/build/run.js:276:40)
    at processTicksAndRejections (node:internal/process/task_queues:95:5)
    at _runTest (/Users/chrisvelgersdyk/Desktop/carbon-coverall/carbon-coverall-poc/node_modules/jest-circus/build/run.js:208:3)
    at _runTestsForDescribeBlock (/Users/chrisvelgersdyk/Desktop/carbon-coverall/carbon-coverall-poc/node_modules/jest-circus/build/run.js:96:9)
    at _runTestsForDescribeBlock (/Users/chrisvelgersdyk/Desktop/carbon-coverall/carbon-coverall-poc/node_modules/jest-circus/build/run.js:90:9)</failure>
    </testcase>
    <testcase classname="@carbon/react/scss scss/components/inline-loading should be importable" name="@carbon/react/scss scss/components/inline-loading should be importable" time="0.01">
      <failure>Error: expect(received).resolves.toBeDefined()

Received promise rejected instead of resolved
Rejected to value: [Error: Can&apos;t find stylesheet to import.
  ╷
8 │ @forward &apos;generated/themes&apos;;
  │ ^^^^^^^^^^^^^^^^^^^^^^^^^^^
  ╵
  node_modules/@carbon/themes/scss/compat/_themes.scss 8:1                             @use
  node_modules/@carbon/styles/scss/compat/_themes.scss 9:1                             @use
  node_modules/@carbon/styles/scss/theme/_theme.scss 12:1                              @use
  node_modules/@carbon/styles/scss/layer/_layer-sets.scss 9:1                          @forward
  node_modules/@carbon/styles/scss/_layer.scss 8:1                                     @use
  node_modules/@carbon/styles/scss/components/loading/_loading.scss 12:1               @forward
  node_modules/@carbon/styles/scss/components/loading/_index.scss 8:1                  @use
  node_modules/@carbon/styles/scss/components/inline-loading/_inline-loading.scss 9:1  @forward
  node_modules/@carbon/styles/scss/components/inline-loading/_index.scss 8:1           @forward
  packages/react/scss/components/inline-loading/_index.scss 9:1                        @use
  stdin 2:1                                                                            root stylesheet]
    at expect (/Users/chrisvelgersdyk/Desktop/carbon-coverall/carbon-coverall-poc/node_modules/expect/build/index.js:128:15)
    at Object.expect (/Users/chrisvelgersdyk/Desktop/carbon-coverall/carbon-coverall-poc/packages/react/__tests__/scss-test.js:24:13)
    at Promise.then.completed (/Users/chrisvelgersdyk/Desktop/carbon-coverall/carbon-coverall-poc/node_modules/jest-circus/build/utils.js:333:28)
    at new Promise (&lt;anonymous&gt;)
    at callAsyncCircusFn (/Users/chrisvelgersdyk/Desktop/carbon-coverall/carbon-coverall-poc/node_modules/jest-circus/build/utils.js:259:10)
    at _callCircusTest (/Users/chrisvelgersdyk/Desktop/carbon-coverall/carbon-coverall-poc/node_modules/jest-circus/build/run.js:276:40)
    at processTicksAndRejections (node:internal/process/task_queues:95:5)
    at _runTest (/Users/chrisvelgersdyk/Desktop/carbon-coverall/carbon-coverall-poc/node_modules/jest-circus/build/run.js:208:3)
    at _runTestsForDescribeBlock (/Users/chrisvelgersdyk/Desktop/carbon-coverall/carbon-coverall-poc/node_modules/jest-circus/build/run.js:96:9)
    at _runTestsForDescribeBlock (/Users/chrisvelgersdyk/Desktop/carbon-coverall/carbon-coverall-poc/node_modules/jest-circus/build/run.js:90:9)</failure>
    </testcase>
    <testcase classname="@carbon/react/scss scss/components/inline-loading/inline-loading should be importable" name="@carbon/react/scss scss/components/inline-loading/inline-loading should be importable" time="0.015">
      <failure>Error: expect(received).resolves.toBeDefined()

Received promise rejected instead of resolved
Rejected to value: [Error: Can&apos;t find stylesheet to import.
  ╷
8 │ @forward &apos;generated/themes&apos;;
  │ ^^^^^^^^^^^^^^^^^^^^^^^^^^^
  ╵
  node_modules/@carbon/themes/scss/compat/_themes.scss 8:1                             @use
  node_modules/@carbon/styles/scss/compat/_themes.scss 9:1                             @use
  node_modules/@carbon/styles/scss/theme/_theme.scss 12:1                              @use
  node_modules/@carbon/styles/scss/layer/_layer-sets.scss 9:1                          @forward
  node_modules/@carbon/styles/scss/_layer.scss 8:1                                     @use
  node_modules/@carbon/styles/scss/components/loading/_loading.scss 12:1               @forward
  node_modules/@carbon/styles/scss/components/loading/_index.scss 8:1                  @use
  node_modules/@carbon/styles/scss/components/inline-loading/_inline-loading.scss 9:1  @forward
  packages/react/scss/components/inline-loading/_inline-loading.scss 9:1               @use
  stdin 2:1                                                                            root stylesheet]
    at expect (/Users/chrisvelgersdyk/Desktop/carbon-coverall/carbon-coverall-poc/node_modules/expect/build/index.js:128:15)
    at Object.expect (/Users/chrisvelgersdyk/Desktop/carbon-coverall/carbon-coverall-poc/packages/react/__tests__/scss-test.js:24:13)
    at Promise.then.completed (/Users/chrisvelgersdyk/Desktop/carbon-coverall/carbon-coverall-poc/node_modules/jest-circus/build/utils.js:333:28)
    at new Promise (&lt;anonymous&gt;)
    at callAsyncCircusFn (/Users/chrisvelgersdyk/Desktop/carbon-coverall/carbon-coverall-poc/node_modules/jest-circus/build/utils.js:259:10)
    at _callCircusTest (/Users/chrisvelgersdyk/Desktop/carbon-coverall/carbon-coverall-poc/node_modules/jest-circus/build/run.js:276:40)
    at processTicksAndRejections (node:internal/process/task_queues:95:5)
    at _runTest (/Users/chrisvelgersdyk/Desktop/carbon-coverall/carbon-coverall-poc/node_modules/jest-circus/build/run.js:208:3)
    at _runTestsForDescribeBlock (/Users/chrisvelgersdyk/Desktop/carbon-coverall/carbon-coverall-poc/node_modules/jest-circus/build/run.js:96:9)
    at _runTestsForDescribeBlock (/Users/chrisvelgersdyk/Desktop/carbon-coverall/carbon-coverall-poc/node_modules/jest-circus/build/run.js:90:9)</failure>
    </testcase>
    <testcase classname="@carbon/react/scss scss/components/link should be importable" name="@carbon/react/scss scss/components/link should be importable" time="0.006">
      <failure>Error: expect(received).resolves.toBeDefined()

Received promise rejected instead of resolved
Rejected to value: [Error: Can&apos;t find stylesheet to import.
  ╷
8 │ @forward &apos;./generated/fluid-spacing&apos;;
  │ ^^^^^^^^^^^^^^^^^^^^^^^^^^^^^^^^^^^^
  ╵
  node_modules/@carbon/layout/scss/_spacing.scss 8:1                @forward
  node_modules/@carbon/styles/scss/_spacing.scss 8:1                @use
  node_modules/@carbon/styles/scss/components/link/_link.scss 10:1  @forward
  node_modules/@carbon/styles/scss/components/link/_index.scss 8:1  @forward
  packages/react/scss/components/link/_index.scss 9:1               @use
  stdin 2:1                                                         root stylesheet]
    at expect (/Users/chrisvelgersdyk/Desktop/carbon-coverall/carbon-coverall-poc/node_modules/expect/build/index.js:128:15)
    at Object.expect (/Users/chrisvelgersdyk/Desktop/carbon-coverall/carbon-coverall-poc/packages/react/__tests__/scss-test.js:24:13)
    at Promise.then.completed (/Users/chrisvelgersdyk/Desktop/carbon-coverall/carbon-coverall-poc/node_modules/jest-circus/build/utils.js:333:28)
    at new Promise (&lt;anonymous&gt;)
    at callAsyncCircusFn (/Users/chrisvelgersdyk/Desktop/carbon-coverall/carbon-coverall-poc/node_modules/jest-circus/build/utils.js:259:10)
    at _callCircusTest (/Users/chrisvelgersdyk/Desktop/carbon-coverall/carbon-coverall-poc/node_modules/jest-circus/build/run.js:276:40)
    at processTicksAndRejections (node:internal/process/task_queues:95:5)
    at _runTest (/Users/chrisvelgersdyk/Desktop/carbon-coverall/carbon-coverall-poc/node_modules/jest-circus/build/run.js:208:3)
    at _runTestsForDescribeBlock (/Users/chrisvelgersdyk/Desktop/carbon-coverall/carbon-coverall-poc/node_modules/jest-circus/build/run.js:96:9)
    at _runTestsForDescribeBlock (/Users/chrisvelgersdyk/Desktop/carbon-coverall/carbon-coverall-poc/node_modules/jest-circus/build/run.js:90:9)</failure>
    </testcase>
    <testcase classname="@carbon/react/scss scss/components/link/link should be importable" name="@carbon/react/scss scss/components/link/link should be importable" time="0.005">
      <failure>Error: expect(received).resolves.toBeDefined()

Received promise rejected instead of resolved
Rejected to value: [Error: Can&apos;t find stylesheet to import.
  ╷
8 │ @forward &apos;./generated/fluid-spacing&apos;;
  │ ^^^^^^^^^^^^^^^^^^^^^^^^^^^^^^^^^^^^
  ╵
  node_modules/@carbon/layout/scss/_spacing.scss 8:1                @forward
  node_modules/@carbon/styles/scss/_spacing.scss 8:1                @use
  node_modules/@carbon/styles/scss/components/link/_link.scss 10:1  @forward
  packages/react/scss/components/link/_link.scss 9:1                @use
  stdin 2:1                                                         root stylesheet]
    at expect (/Users/chrisvelgersdyk/Desktop/carbon-coverall/carbon-coverall-poc/node_modules/expect/build/index.js:128:15)
    at Object.expect (/Users/chrisvelgersdyk/Desktop/carbon-coverall/carbon-coverall-poc/packages/react/__tests__/scss-test.js:24:13)
    at Promise.then.completed (/Users/chrisvelgersdyk/Desktop/carbon-coverall/carbon-coverall-poc/node_modules/jest-circus/build/utils.js:333:28)
    at new Promise (&lt;anonymous&gt;)
    at callAsyncCircusFn (/Users/chrisvelgersdyk/Desktop/carbon-coverall/carbon-coverall-poc/node_modules/jest-circus/build/utils.js:259:10)
    at _callCircusTest (/Users/chrisvelgersdyk/Desktop/carbon-coverall/carbon-coverall-poc/node_modules/jest-circus/build/run.js:276:40)
    at processTicksAndRejections (node:internal/process/task_queues:95:5)
    at _runTest (/Users/chrisvelgersdyk/Desktop/carbon-coverall/carbon-coverall-poc/node_modules/jest-circus/build/run.js:208:3)
    at _runTestsForDescribeBlock (/Users/chrisvelgersdyk/Desktop/carbon-coverall/carbon-coverall-poc/node_modules/jest-circus/build/run.js:96:9)
    at _runTestsForDescribeBlock (/Users/chrisvelgersdyk/Desktop/carbon-coverall/carbon-coverall-poc/node_modules/jest-circus/build/run.js:90:9)</failure>
    </testcase>
    <testcase classname="@carbon/react/scss scss/components/list should be importable" name="@carbon/react/scss scss/components/list should be importable" time="0.005">
      <failure>Error: expect(received).resolves.toBeDefined()

Received promise rejected instead of resolved
Rejected to value: [Error: Can&apos;t find stylesheet to import.
  ╷
8 │ @forward &apos;./generated/fluid-spacing&apos;;
  │ ^^^^^^^^^^^^^^^^^^^^^^^^^^^^^^^^^^^^
  ╵
  node_modules/@carbon/layout/scss/_spacing.scss 8:1                @forward
  node_modules/@carbon/styles/scss/_spacing.scss 8:1                @use
  node_modules/@carbon/styles/scss/components/list/_list.scss 13:1  @forward
  node_modules/@carbon/styles/scss/components/list/_index.scss 8:1  @forward
  packages/react/scss/components/list/_index.scss 9:1               @use
  stdin 2:1                                                         root stylesheet]
    at expect (/Users/chrisvelgersdyk/Desktop/carbon-coverall/carbon-coverall-poc/node_modules/expect/build/index.js:128:15)
    at Object.expect (/Users/chrisvelgersdyk/Desktop/carbon-coverall/carbon-coverall-poc/packages/react/__tests__/scss-test.js:24:13)
    at Promise.then.completed (/Users/chrisvelgersdyk/Desktop/carbon-coverall/carbon-coverall-poc/node_modules/jest-circus/build/utils.js:333:28)
    at new Promise (&lt;anonymous&gt;)
    at callAsyncCircusFn (/Users/chrisvelgersdyk/Desktop/carbon-coverall/carbon-coverall-poc/node_modules/jest-circus/build/utils.js:259:10)
    at _callCircusTest (/Users/chrisvelgersdyk/Desktop/carbon-coverall/carbon-coverall-poc/node_modules/jest-circus/build/run.js:276:40)
    at processTicksAndRejections (node:internal/process/task_queues:95:5)
    at _runTest (/Users/chrisvelgersdyk/Desktop/carbon-coverall/carbon-coverall-poc/node_modules/jest-circus/build/run.js:208:3)
    at _runTestsForDescribeBlock (/Users/chrisvelgersdyk/Desktop/carbon-coverall/carbon-coverall-poc/node_modules/jest-circus/build/run.js:96:9)
    at _runTestsForDescribeBlock (/Users/chrisvelgersdyk/Desktop/carbon-coverall/carbon-coverall-poc/node_modules/jest-circus/build/run.js:90:9)</failure>
    </testcase>
    <testcase classname="@carbon/react/scss scss/components/list/list should be importable" name="@carbon/react/scss scss/components/list/list should be importable" time="0.005">
      <failure>Error: expect(received).resolves.toBeDefined()

Received promise rejected instead of resolved
Rejected to value: [Error: Can&apos;t find stylesheet to import.
  ╷
8 │ @forward &apos;./generated/fluid-spacing&apos;;
  │ ^^^^^^^^^^^^^^^^^^^^^^^^^^^^^^^^^^^^
  ╵
  node_modules/@carbon/layout/scss/_spacing.scss 8:1                @forward
  node_modules/@carbon/styles/scss/_spacing.scss 8:1                @use
  node_modules/@carbon/styles/scss/components/list/_list.scss 13:1  @forward
  packages/react/scss/components/list/_list.scss 9:1                @use
  stdin 2:1                                                         root stylesheet]
    at expect (/Users/chrisvelgersdyk/Desktop/carbon-coverall/carbon-coverall-poc/node_modules/expect/build/index.js:128:15)
    at Object.expect (/Users/chrisvelgersdyk/Desktop/carbon-coverall/carbon-coverall-poc/packages/react/__tests__/scss-test.js:24:13)
    at Promise.then.completed (/Users/chrisvelgersdyk/Desktop/carbon-coverall/carbon-coverall-poc/node_modules/jest-circus/build/utils.js:333:28)
    at new Promise (&lt;anonymous&gt;)
    at callAsyncCircusFn (/Users/chrisvelgersdyk/Desktop/carbon-coverall/carbon-coverall-poc/node_modules/jest-circus/build/utils.js:259:10)
    at _callCircusTest (/Users/chrisvelgersdyk/Desktop/carbon-coverall/carbon-coverall-poc/node_modules/jest-circus/build/run.js:276:40)
    at processTicksAndRejections (node:internal/process/task_queues:95:5)
    at _runTest (/Users/chrisvelgersdyk/Desktop/carbon-coverall/carbon-coverall-poc/node_modules/jest-circus/build/run.js:208:3)
    at _runTestsForDescribeBlock (/Users/chrisvelgersdyk/Desktop/carbon-coverall/carbon-coverall-poc/node_modules/jest-circus/build/run.js:96:9)
    at _runTestsForDescribeBlock (/Users/chrisvelgersdyk/Desktop/carbon-coverall/carbon-coverall-poc/node_modules/jest-circus/build/run.js:90:9)</failure>
    </testcase>
    <testcase classname="@carbon/react/scss scss/components/list-box should be importable" name="@carbon/react/scss scss/components/list-box should be importable" time="0.036">
      <failure>Error: expect(received).resolves.toBeDefined()

Received promise rejected instead of resolved
Rejected to value: [Error: Can&apos;t find stylesheet to import.
  ╷
8 │ @forward &apos;generated/themes&apos;;
  │ ^^^^^^^^^^^^^^^^^^^^^^^^^^^
  ╵
  node_modules/@carbon/themes/scss/_themes.scss 8:1                        @forward
  node_modules/@carbon/styles/scss/_themes.scss 9:1                        @use
  node_modules/@carbon/styles/scss/components/button/_tokens.scss 10:1     @use
  node_modules/@carbon/styles/scss/components/list-box/_list-box.scss 8:1  @forward
  node_modules/@carbon/styles/scss/components/list-box/_index.scss 8:1     @forward
  packages/react/scss/components/list-box/_index.scss 9:1                  @use
  stdin 2:1                                                                root stylesheet]
    at expect (/Users/chrisvelgersdyk/Desktop/carbon-coverall/carbon-coverall-poc/node_modules/expect/build/index.js:128:15)
    at Object.expect (/Users/chrisvelgersdyk/Desktop/carbon-coverall/carbon-coverall-poc/packages/react/__tests__/scss-test.js:24:13)
    at Promise.then.completed (/Users/chrisvelgersdyk/Desktop/carbon-coverall/carbon-coverall-poc/node_modules/jest-circus/build/utils.js:333:28)
    at new Promise (&lt;anonymous&gt;)
    at callAsyncCircusFn (/Users/chrisvelgersdyk/Desktop/carbon-coverall/carbon-coverall-poc/node_modules/jest-circus/build/utils.js:259:10)
    at _callCircusTest (/Users/chrisvelgersdyk/Desktop/carbon-coverall/carbon-coverall-poc/node_modules/jest-circus/build/run.js:276:40)
    at processTicksAndRejections (node:internal/process/task_queues:95:5)
    at _runTest (/Users/chrisvelgersdyk/Desktop/carbon-coverall/carbon-coverall-poc/node_modules/jest-circus/build/run.js:208:3)
    at _runTestsForDescribeBlock (/Users/chrisvelgersdyk/Desktop/carbon-coverall/carbon-coverall-poc/node_modules/jest-circus/build/run.js:96:9)
    at _runTestsForDescribeBlock (/Users/chrisvelgersdyk/Desktop/carbon-coverall/carbon-coverall-poc/node_modules/jest-circus/build/run.js:90:9)</failure>
    </testcase>
    <testcase classname="@carbon/react/scss scss/components/list-box/list-box should be importable" name="@carbon/react/scss scss/components/list-box/list-box should be importable" time="0.043">
      <failure>Error: expect(received).resolves.toBeDefined()

Received promise rejected instead of resolved
Rejected to value: [Error: Can&apos;t find stylesheet to import.
  ╷
8 │ @forward &apos;generated/themes&apos;;
  │ ^^^^^^^^^^^^^^^^^^^^^^^^^^^
  ╵
  node_modules/@carbon/themes/scss/_themes.scss 8:1                        @forward
  node_modules/@carbon/styles/scss/_themes.scss 9:1                        @use
  node_modules/@carbon/styles/scss/components/button/_tokens.scss 10:1     @use
  node_modules/@carbon/styles/scss/components/list-box/_list-box.scss 8:1  @forward
  packages/react/scss/components/list-box/_list-box.scss 9:1               @use
  stdin 2:1                                                                root stylesheet]
    at expect (/Users/chrisvelgersdyk/Desktop/carbon-coverall/carbon-coverall-poc/node_modules/expect/build/index.js:128:15)
    at Object.expect (/Users/chrisvelgersdyk/Desktop/carbon-coverall/carbon-coverall-poc/packages/react/__tests__/scss-test.js:24:13)
    at Promise.then.completed (/Users/chrisvelgersdyk/Desktop/carbon-coverall/carbon-coverall-poc/node_modules/jest-circus/build/utils.js:333:28)
    at new Promise (&lt;anonymous&gt;)
    at callAsyncCircusFn (/Users/chrisvelgersdyk/Desktop/carbon-coverall/carbon-coverall-poc/node_modules/jest-circus/build/utils.js:259:10)
    at _callCircusTest (/Users/chrisvelgersdyk/Desktop/carbon-coverall/carbon-coverall-poc/node_modules/jest-circus/build/run.js:276:40)
    at processTicksAndRejections (node:internal/process/task_queues:95:5)
    at _runTest (/Users/chrisvelgersdyk/Desktop/carbon-coverall/carbon-coverall-poc/node_modules/jest-circus/build/run.js:208:3)
    at _runTestsForDescribeBlock (/Users/chrisvelgersdyk/Desktop/carbon-coverall/carbon-coverall-poc/node_modules/jest-circus/build/run.js:96:9)
    at _runTestsForDescribeBlock (/Users/chrisvelgersdyk/Desktop/carbon-coverall/carbon-coverall-poc/node_modules/jest-circus/build/run.js:90:9)</failure>
    </testcase>
    <testcase classname="@carbon/react/scss scss/components/loading should be importable" name="@carbon/react/scss scss/components/loading should be importable" time="0.008">
      <failure>Error: expect(received).resolves.toBeDefined()

Received promise rejected instead of resolved
Rejected to value: [Error: Can&apos;t find stylesheet to import.
  ╷
8 │ @forward &apos;generated/themes&apos;;
  │ ^^^^^^^^^^^^^^^^^^^^^^^^^^^
  ╵
  node_modules/@carbon/themes/scss/compat/_themes.scss 8:1                @use
  node_modules/@carbon/styles/scss/compat/_themes.scss 9:1                @use
  node_modules/@carbon/styles/scss/theme/_theme.scss 12:1                 @use
  node_modules/@carbon/styles/scss/layer/_layer-sets.scss 9:1             @forward
  node_modules/@carbon/styles/scss/_layer.scss 8:1                        @use
  node_modules/@carbon/styles/scss/components/loading/_loading.scss 12:1  @forward
  node_modules/@carbon/styles/scss/components/loading/_index.scss 8:1     @forward
  packages/react/scss/components/loading/_index.scss 9:1                  @use
  stdin 2:1                                                               root stylesheet]
    at expect (/Users/chrisvelgersdyk/Desktop/carbon-coverall/carbon-coverall-poc/node_modules/expect/build/index.js:128:15)
    at Object.expect (/Users/chrisvelgersdyk/Desktop/carbon-coverall/carbon-coverall-poc/packages/react/__tests__/scss-test.js:24:13)
    at Promise.then.completed (/Users/chrisvelgersdyk/Desktop/carbon-coverall/carbon-coverall-poc/node_modules/jest-circus/build/utils.js:333:28)
    at new Promise (&lt;anonymous&gt;)
    at callAsyncCircusFn (/Users/chrisvelgersdyk/Desktop/carbon-coverall/carbon-coverall-poc/node_modules/jest-circus/build/utils.js:259:10)
    at _callCircusTest (/Users/chrisvelgersdyk/Desktop/carbon-coverall/carbon-coverall-poc/node_modules/jest-circus/build/run.js:276:40)
    at processTicksAndRejections (node:internal/process/task_queues:95:5)
    at _runTest (/Users/chrisvelgersdyk/Desktop/carbon-coverall/carbon-coverall-poc/node_modules/jest-circus/build/run.js:208:3)
    at _runTestsForDescribeBlock (/Users/chrisvelgersdyk/Desktop/carbon-coverall/carbon-coverall-poc/node_modules/jest-circus/build/run.js:96:9)
    at _runTestsForDescribeBlock (/Users/chrisvelgersdyk/Desktop/carbon-coverall/carbon-coverall-poc/node_modules/jest-circus/build/run.js:90:9)</failure>
    </testcase>
    <testcase classname="@carbon/react/scss scss/components/loading/loading should be importable" name="@carbon/react/scss scss/components/loading/loading should be importable" time="0.025">
      <failure>Error: expect(received).resolves.toBeDefined()

Received promise rejected instead of resolved
Rejected to value: [Error: Can&apos;t find stylesheet to import.
  ╷
8 │ @forward &apos;generated/themes&apos;;
  │ ^^^^^^^^^^^^^^^^^^^^^^^^^^^
  ╵
  node_modules/@carbon/themes/scss/compat/_themes.scss 8:1                @use
  node_modules/@carbon/styles/scss/compat/_themes.scss 9:1                @use
  node_modules/@carbon/styles/scss/theme/_theme.scss 12:1                 @use
  node_modules/@carbon/styles/scss/layer/_layer-sets.scss 9:1             @forward
  node_modules/@carbon/styles/scss/_layer.scss 8:1                        @use
  node_modules/@carbon/styles/scss/components/loading/_loading.scss 12:1  @forward
  packages/react/scss/components/loading/_loading.scss 9:1                @use
  stdin 2:1                                                               root stylesheet]
    at expect (/Users/chrisvelgersdyk/Desktop/carbon-coverall/carbon-coverall-poc/node_modules/expect/build/index.js:128:15)
    at Object.expect (/Users/chrisvelgersdyk/Desktop/carbon-coverall/carbon-coverall-poc/packages/react/__tests__/scss-test.js:24:13)
    at Promise.then.completed (/Users/chrisvelgersdyk/Desktop/carbon-coverall/carbon-coverall-poc/node_modules/jest-circus/build/utils.js:333:28)
    at new Promise (&lt;anonymous&gt;)
    at callAsyncCircusFn (/Users/chrisvelgersdyk/Desktop/carbon-coverall/carbon-coverall-poc/node_modules/jest-circus/build/utils.js:259:10)
    at _callCircusTest (/Users/chrisvelgersdyk/Desktop/carbon-coverall/carbon-coverall-poc/node_modules/jest-circus/build/run.js:276:40)
    at processTicksAndRejections (node:internal/process/task_queues:95:5)
    at _runTest (/Users/chrisvelgersdyk/Desktop/carbon-coverall/carbon-coverall-poc/node_modules/jest-circus/build/run.js:208:3)
    at _runTestsForDescribeBlock (/Users/chrisvelgersdyk/Desktop/carbon-coverall/carbon-coverall-poc/node_modules/jest-circus/build/run.js:96:9)
    at _runTestsForDescribeBlock (/Users/chrisvelgersdyk/Desktop/carbon-coverall/carbon-coverall-poc/node_modules/jest-circus/build/run.js:90:9)</failure>
    </testcase>
    <testcase classname="@carbon/react/scss scss/components/menu should be importable" name="@carbon/react/scss scss/components/menu should be importable" time="0.008">
      <failure>Error: expect(received).resolves.toBeDefined()

Received promise rejected instead of resolved
Rejected to value: [Error: Can&apos;t find stylesheet to import.
  ╷
8 │ @forward &apos;generated/themes&apos;;
  │ ^^^^^^^^^^^^^^^^^^^^^^^^^^^
  ╵
  node_modules/@carbon/themes/scss/_themes.scss 8:1                     @forward
  node_modules/@carbon/styles/scss/_themes.scss 9:1                     @use
  node_modules/@carbon/styles/scss/components/button/_tokens.scss 10:1  @use
  node_modules/@carbon/styles/scss/components/menu/_menu.scss 8:1       @forward
  node_modules/@carbon/styles/scss/components/menu/_index.scss 8:1      @forward
  packages/react/scss/components/menu/_index.scss 9:1                   @use
  stdin 2:1                                                             root stylesheet]
    at expect (/Users/chrisvelgersdyk/Desktop/carbon-coverall/carbon-coverall-poc/node_modules/expect/build/index.js:128:15)
    at Object.expect (/Users/chrisvelgersdyk/Desktop/carbon-coverall/carbon-coverall-poc/packages/react/__tests__/scss-test.js:24:13)
    at Promise.then.completed (/Users/chrisvelgersdyk/Desktop/carbon-coverall/carbon-coverall-poc/node_modules/jest-circus/build/utils.js:333:28)
    at new Promise (&lt;anonymous&gt;)
    at callAsyncCircusFn (/Users/chrisvelgersdyk/Desktop/carbon-coverall/carbon-coverall-poc/node_modules/jest-circus/build/utils.js:259:10)
    at _callCircusTest (/Users/chrisvelgersdyk/Desktop/carbon-coverall/carbon-coverall-poc/node_modules/jest-circus/build/run.js:276:40)
    at processTicksAndRejections (node:internal/process/task_queues:95:5)
    at _runTest (/Users/chrisvelgersdyk/Desktop/carbon-coverall/carbon-coverall-poc/node_modules/jest-circus/build/run.js:208:3)
    at _runTestsForDescribeBlock (/Users/chrisvelgersdyk/Desktop/carbon-coverall/carbon-coverall-poc/node_modules/jest-circus/build/run.js:96:9)
    at _runTestsForDescribeBlock (/Users/chrisvelgersdyk/Desktop/carbon-coverall/carbon-coverall-poc/node_modules/jest-circus/build/run.js:90:9)</failure>
    </testcase>
    <testcase classname="@carbon/react/scss scss/components/menu/menu should be importable" name="@carbon/react/scss scss/components/menu/menu should be importable" time="0.006">
      <failure>Error: expect(received).resolves.toBeDefined()

Received promise rejected instead of resolved
Rejected to value: [Error: Can&apos;t find stylesheet to import.
  ╷
8 │ @forward &apos;generated/themes&apos;;
  │ ^^^^^^^^^^^^^^^^^^^^^^^^^^^
  ╵
  node_modules/@carbon/themes/scss/_themes.scss 8:1                     @forward
  node_modules/@carbon/styles/scss/_themes.scss 9:1                     @use
  node_modules/@carbon/styles/scss/components/button/_tokens.scss 10:1  @use
  node_modules/@carbon/styles/scss/components/menu/_menu.scss 8:1       @forward
  packages/react/scss/components/menu/_menu.scss 9:1                    @use
  stdin 2:1                                                             root stylesheet]
    at expect (/Users/chrisvelgersdyk/Desktop/carbon-coverall/carbon-coverall-poc/node_modules/expect/build/index.js:128:15)
    at Object.expect (/Users/chrisvelgersdyk/Desktop/carbon-coverall/carbon-coverall-poc/packages/react/__tests__/scss-test.js:24:13)
    at Promise.then.completed (/Users/chrisvelgersdyk/Desktop/carbon-coverall/carbon-coverall-poc/node_modules/jest-circus/build/utils.js:333:28)
    at new Promise (&lt;anonymous&gt;)
    at callAsyncCircusFn (/Users/chrisvelgersdyk/Desktop/carbon-coverall/carbon-coverall-poc/node_modules/jest-circus/build/utils.js:259:10)
    at _callCircusTest (/Users/chrisvelgersdyk/Desktop/carbon-coverall/carbon-coverall-poc/node_modules/jest-circus/build/run.js:276:40)
    at processTicksAndRejections (node:internal/process/task_queues:95:5)
    at _runTest (/Users/chrisvelgersdyk/Desktop/carbon-coverall/carbon-coverall-poc/node_modules/jest-circus/build/run.js:208:3)
    at _runTestsForDescribeBlock (/Users/chrisvelgersdyk/Desktop/carbon-coverall/carbon-coverall-poc/node_modules/jest-circus/build/run.js:96:9)
    at _runTestsForDescribeBlock (/Users/chrisvelgersdyk/Desktop/carbon-coverall/carbon-coverall-poc/node_modules/jest-circus/build/run.js:90:9)</failure>
    </testcase>
    <testcase classname="@carbon/react/scss scss/components/modal should be importable" name="@carbon/react/scss scss/components/modal should be importable" time="0.008">
      <failure>Error: expect(received).resolves.toBeDefined()

Received promise rejected instead of resolved
Rejected to value: [Error: Can&apos;t find stylesheet to import.
  ╷
8 │ @forward &apos;./generated/fluid-spacing&apos;;
  │ ^^^^^^^^^^^^^^^^^^^^^^^^^^^^^^^^^^^^
  ╵
  node_modules/@carbon/layout/scss/_spacing.scss 8:1                  @forward
  node_modules/@carbon/styles/scss/_spacing.scss 8:1                  @use
  node_modules/@carbon/styles/scss/components/button/_vars.scss 8:1   @forward
  node_modules/@carbon/styles/scss/components/button/_index.scss 8:1  @use
  node_modules/@carbon/styles/scss/components/modal/_modal.scss 8:1   @forward
  node_modules/@carbon/styles/scss/components/modal/_index.scss 8:1   @forward
  packages/react/scss/components/modal/_index.scss 9:1                @use
  stdin 2:1                                                           root stylesheet]
    at expect (/Users/chrisvelgersdyk/Desktop/carbon-coverall/carbon-coverall-poc/node_modules/expect/build/index.js:128:15)
    at Object.expect (/Users/chrisvelgersdyk/Desktop/carbon-coverall/carbon-coverall-poc/packages/react/__tests__/scss-test.js:24:13)
    at Promise.then.completed (/Users/chrisvelgersdyk/Desktop/carbon-coverall/carbon-coverall-poc/node_modules/jest-circus/build/utils.js:333:28)
    at new Promise (&lt;anonymous&gt;)
    at callAsyncCircusFn (/Users/chrisvelgersdyk/Desktop/carbon-coverall/carbon-coverall-poc/node_modules/jest-circus/build/utils.js:259:10)
    at _callCircusTest (/Users/chrisvelgersdyk/Desktop/carbon-coverall/carbon-coverall-poc/node_modules/jest-circus/build/run.js:276:40)
    at processTicksAndRejections (node:internal/process/task_queues:95:5)
    at _runTest (/Users/chrisvelgersdyk/Desktop/carbon-coverall/carbon-coverall-poc/node_modules/jest-circus/build/run.js:208:3)
    at _runTestsForDescribeBlock (/Users/chrisvelgersdyk/Desktop/carbon-coverall/carbon-coverall-poc/node_modules/jest-circus/build/run.js:96:9)
    at _runTestsForDescribeBlock (/Users/chrisvelgersdyk/Desktop/carbon-coverall/carbon-coverall-poc/node_modules/jest-circus/build/run.js:90:9)</failure>
    </testcase>
    <testcase classname="@carbon/react/scss scss/components/modal/modal should be importable" name="@carbon/react/scss scss/components/modal/modal should be importable" time="0.006">
      <failure>Error: expect(received).resolves.toBeDefined()

Received promise rejected instead of resolved
Rejected to value: [Error: Can&apos;t find stylesheet to import.
  ╷
8 │ @forward &apos;./generated/fluid-spacing&apos;;
  │ ^^^^^^^^^^^^^^^^^^^^^^^^^^^^^^^^^^^^
  ╵
  node_modules/@carbon/layout/scss/_spacing.scss 8:1                  @forward
  node_modules/@carbon/styles/scss/_spacing.scss 8:1                  @use
  node_modules/@carbon/styles/scss/components/button/_vars.scss 8:1   @forward
  node_modules/@carbon/styles/scss/components/button/_index.scss 8:1  @use
  node_modules/@carbon/styles/scss/components/modal/_modal.scss 8:1   @forward
  packages/react/scss/components/modal/_modal.scss 9:1                @use
  stdin 2:1                                                           root stylesheet]
    at expect (/Users/chrisvelgersdyk/Desktop/carbon-coverall/carbon-coverall-poc/node_modules/expect/build/index.js:128:15)
    at Object.expect (/Users/chrisvelgersdyk/Desktop/carbon-coverall/carbon-coverall-poc/packages/react/__tests__/scss-test.js:24:13)
    at Promise.then.completed (/Users/chrisvelgersdyk/Desktop/carbon-coverall/carbon-coverall-poc/node_modules/jest-circus/build/utils.js:333:28)
    at new Promise (&lt;anonymous&gt;)
    at callAsyncCircusFn (/Users/chrisvelgersdyk/Desktop/carbon-coverall/carbon-coverall-poc/node_modules/jest-circus/build/utils.js:259:10)
    at _callCircusTest (/Users/chrisvelgersdyk/Desktop/carbon-coverall/carbon-coverall-poc/node_modules/jest-circus/build/run.js:276:40)
    at processTicksAndRejections (node:internal/process/task_queues:95:5)
    at _runTest (/Users/chrisvelgersdyk/Desktop/carbon-coverall/carbon-coverall-poc/node_modules/jest-circus/build/run.js:208:3)
    at _runTestsForDescribeBlock (/Users/chrisvelgersdyk/Desktop/carbon-coverall/carbon-coverall-poc/node_modules/jest-circus/build/run.js:96:9)
    at _runTestsForDescribeBlock (/Users/chrisvelgersdyk/Desktop/carbon-coverall/carbon-coverall-poc/node_modules/jest-circus/build/run.js:90:9)</failure>
    </testcase>
    <testcase classname="@carbon/react/scss scss/components/multiselect should be importable" name="@carbon/react/scss scss/components/multiselect should be importable" time="0.014">
      <failure>Error: expect(received).resolves.toBeDefined()

Received promise rejected instead of resolved
Rejected to value: [Error: Can&apos;t find stylesheet to import.
  ╷
8 │ @forward &apos;./generated/fluid-spacing&apos;;
  │ ^^^^^^^^^^^^^^^^^^^^^^^^^^^^^^^^^^^^
  ╵
  node_modules/@carbon/layout/scss/_spacing.scss 8:1                             @forward
  node_modules/@carbon/styles/scss/_spacing.scss 8:1                             @use
  node_modules/@carbon/styles/scss/components/form/_form.scss 9:1                @forward
  node_modules/@carbon/styles/scss/components/form/_index.scss 8:1               @use
  node_modules/@carbon/styles/scss/components/checkbox/_checkbox.scss 8:1        @forward
  node_modules/@carbon/styles/scss/components/checkbox/_index.scss 8:1           @use
  node_modules/@carbon/styles/scss/components/multiselect/_multiselect.scss 8:1  @forward
  node_modules/@carbon/styles/scss/components/multiselect/_index.scss 8:1        @forward
  packages/react/scss/components/multiselect/_index.scss 9:1                     @use
  stdin 2:1                                                                      root stylesheet]
    at expect (/Users/chrisvelgersdyk/Desktop/carbon-coverall/carbon-coverall-poc/node_modules/expect/build/index.js:128:15)
    at Object.expect (/Users/chrisvelgersdyk/Desktop/carbon-coverall/carbon-coverall-poc/packages/react/__tests__/scss-test.js:24:13)
    at Promise.then.completed (/Users/chrisvelgersdyk/Desktop/carbon-coverall/carbon-coverall-poc/node_modules/jest-circus/build/utils.js:333:28)
    at new Promise (&lt;anonymous&gt;)
    at callAsyncCircusFn (/Users/chrisvelgersdyk/Desktop/carbon-coverall/carbon-coverall-poc/node_modules/jest-circus/build/utils.js:259:10)
    at _callCircusTest (/Users/chrisvelgersdyk/Desktop/carbon-coverall/carbon-coverall-poc/node_modules/jest-circus/build/run.js:276:40)
    at processTicksAndRejections (node:internal/process/task_queues:95:5)
    at _runTest (/Users/chrisvelgersdyk/Desktop/carbon-coverall/carbon-coverall-poc/node_modules/jest-circus/build/run.js:208:3)
    at _runTestsForDescribeBlock (/Users/chrisvelgersdyk/Desktop/carbon-coverall/carbon-coverall-poc/node_modules/jest-circus/build/run.js:96:9)
    at _runTestsForDescribeBlock (/Users/chrisvelgersdyk/Desktop/carbon-coverall/carbon-coverall-poc/node_modules/jest-circus/build/run.js:90:9)</failure>
    </testcase>
    <testcase classname="@carbon/react/scss scss/components/multiselect/multiselect should be importable" name="@carbon/react/scss scss/components/multiselect/multiselect should be importable" time="0.011">
      <failure>Error: expect(received).resolves.toBeDefined()

Received promise rejected instead of resolved
Rejected to value: [Error: Can&apos;t find stylesheet to import.
  ╷
8 │ @forward &apos;./generated/fluid-spacing&apos;;
  │ ^^^^^^^^^^^^^^^^^^^^^^^^^^^^^^^^^^^^
  ╵
  node_modules/@carbon/layout/scss/_spacing.scss 8:1                             @forward
  node_modules/@carbon/styles/scss/_spacing.scss 8:1                             @use
  node_modules/@carbon/styles/scss/components/form/_form.scss 9:1                @forward
  node_modules/@carbon/styles/scss/components/form/_index.scss 8:1               @use
  node_modules/@carbon/styles/scss/components/checkbox/_checkbox.scss 8:1        @forward
  node_modules/@carbon/styles/scss/components/checkbox/_index.scss 8:1           @use
  node_modules/@carbon/styles/scss/components/multiselect/_multiselect.scss 8:1  @forward
  packages/react/scss/components/multiselect/_multiselect.scss 9:1               @use
  stdin 2:1                                                                      root stylesheet]
    at expect (/Users/chrisvelgersdyk/Desktop/carbon-coverall/carbon-coverall-poc/node_modules/expect/build/index.js:128:15)
    at Object.expect (/Users/chrisvelgersdyk/Desktop/carbon-coverall/carbon-coverall-poc/packages/react/__tests__/scss-test.js:24:13)
    at Promise.then.completed (/Users/chrisvelgersdyk/Desktop/carbon-coverall/carbon-coverall-poc/node_modules/jest-circus/build/utils.js:333:28)
    at new Promise (&lt;anonymous&gt;)
    at callAsyncCircusFn (/Users/chrisvelgersdyk/Desktop/carbon-coverall/carbon-coverall-poc/node_modules/jest-circus/build/utils.js:259:10)
    at _callCircusTest (/Users/chrisvelgersdyk/Desktop/carbon-coverall/carbon-coverall-poc/node_modules/jest-circus/build/run.js:276:40)
    at processTicksAndRejections (node:internal/process/task_queues:95:5)
    at _runTest (/Users/chrisvelgersdyk/Desktop/carbon-coverall/carbon-coverall-poc/node_modules/jest-circus/build/run.js:208:3)
    at _runTestsForDescribeBlock (/Users/chrisvelgersdyk/Desktop/carbon-coverall/carbon-coverall-poc/node_modules/jest-circus/build/run.js:96:9)
    at _runTestsForDescribeBlock (/Users/chrisvelgersdyk/Desktop/carbon-coverall/carbon-coverall-poc/node_modules/jest-circus/build/run.js:90:9)</failure>
    </testcase>
    <testcase classname="@carbon/react/scss scss/components/notification/actionable-notification should be importable" name="@carbon/react/scss scss/components/notification/actionable-notification should be importable" time="0.009">
      <failure>Error: expect(received).resolves.toBeDefined()

Received promise rejected instead of resolved
Rejected to value: [Error: Can&apos;t find stylesheet to import.
  ╷
8 │ @forward &apos;./generated/fluid-spacing&apos;;
  │ ^^^^^^^^^^^^^^^^^^^^^^^^^^^^^^^^^^^^
  ╵
  node_modules/@carbon/layout/scss/_spacing.scss 8:1                                          @forward
  node_modules/@carbon/styles/scss/_spacing.scss 8:1                                          @use
  node_modules/@carbon/styles/scss/components/button/_vars.scss 8:1                           @forward
  node_modules/@carbon/styles/scss/components/button/_index.scss 8:1                          @use
  node_modules/@carbon/styles/scss/components/notification/_actionable-notification.scss 8:1  @forward
  packages/react/scss/components/notification/_actionable-notification.scss 9:1               @use
  stdin 2:1                                                                                   root stylesheet]
    at expect (/Users/chrisvelgersdyk/Desktop/carbon-coverall/carbon-coverall-poc/node_modules/expect/build/index.js:128:15)
    at Object.expect (/Users/chrisvelgersdyk/Desktop/carbon-coverall/carbon-coverall-poc/packages/react/__tests__/scss-test.js:24:13)
    at Promise.then.completed (/Users/chrisvelgersdyk/Desktop/carbon-coverall/carbon-coverall-poc/node_modules/jest-circus/build/utils.js:333:28)
    at new Promise (&lt;anonymous&gt;)
    at callAsyncCircusFn (/Users/chrisvelgersdyk/Desktop/carbon-coverall/carbon-coverall-poc/node_modules/jest-circus/build/utils.js:259:10)
    at _callCircusTest (/Users/chrisvelgersdyk/Desktop/carbon-coverall/carbon-coverall-poc/node_modules/jest-circus/build/run.js:276:40)
    at processTicksAndRejections (node:internal/process/task_queues:95:5)
    at _runTest (/Users/chrisvelgersdyk/Desktop/carbon-coverall/carbon-coverall-poc/node_modules/jest-circus/build/run.js:208:3)
    at _runTestsForDescribeBlock (/Users/chrisvelgersdyk/Desktop/carbon-coverall/carbon-coverall-poc/node_modules/jest-circus/build/run.js:96:9)
    at _runTestsForDescribeBlock (/Users/chrisvelgersdyk/Desktop/carbon-coverall/carbon-coverall-poc/node_modules/jest-circus/build/run.js:90:9)</failure>
    </testcase>
    <testcase classname="@carbon/react/scss scss/components/notification should be importable" name="@carbon/react/scss scss/components/notification should be importable" time="0.006">
      <failure>Error: expect(received).resolves.toBeDefined()

Received promise rejected instead of resolved
Rejected to value: [Error: Can&apos;t find stylesheet to import.
  ╷
8 │ @forward &apos;@carbon/colors&apos;;
  │ ^^^^^^^^^^^^^^^^^^^^^^^^^
  ╵
  node_modules/@carbon/styles/scss/_colors.scss 8:1                           @use
  node_modules/@carbon/styles/scss/components/notification/_tokens.scss 12:1  @forward
  node_modules/@carbon/styles/scss/components/notification/_index.scss 8:1    @forward
  packages/react/scss/components/notification/_index.scss 9:1                 @use
  stdin 2:1                                                                   root stylesheet]
    at expect (/Users/chrisvelgersdyk/Desktop/carbon-coverall/carbon-coverall-poc/node_modules/expect/build/index.js:128:15)
    at Object.expect (/Users/chrisvelgersdyk/Desktop/carbon-coverall/carbon-coverall-poc/packages/react/__tests__/scss-test.js:24:13)
    at Promise.then.completed (/Users/chrisvelgersdyk/Desktop/carbon-coverall/carbon-coverall-poc/node_modules/jest-circus/build/utils.js:333:28)
    at new Promise (&lt;anonymous&gt;)
    at callAsyncCircusFn (/Users/chrisvelgersdyk/Desktop/carbon-coverall/carbon-coverall-poc/node_modules/jest-circus/build/utils.js:259:10)
    at _callCircusTest (/Users/chrisvelgersdyk/Desktop/carbon-coverall/carbon-coverall-poc/node_modules/jest-circus/build/run.js:276:40)
    at processTicksAndRejections (node:internal/process/task_queues:95:5)
    at _runTest (/Users/chrisvelgersdyk/Desktop/carbon-coverall/carbon-coverall-poc/node_modules/jest-circus/build/run.js:208:3)
    at _runTestsForDescribeBlock (/Users/chrisvelgersdyk/Desktop/carbon-coverall/carbon-coverall-poc/node_modules/jest-circus/build/run.js:96:9)
    at _runTestsForDescribeBlock (/Users/chrisvelgersdyk/Desktop/carbon-coverall/carbon-coverall-poc/node_modules/jest-circus/build/run.js:90:9)</failure>
    </testcase>
    <testcase classname="@carbon/react/scss scss/components/notification/inline-notification should be importable" name="@carbon/react/scss scss/components/notification/inline-notification should be importable" time="0.011">
      <failure>Error: expect(received).resolves.toBeDefined()

Received promise rejected instead of resolved
Rejected to value: [Error: Can&apos;t find stylesheet to import.
  ╷
8 │ @forward &apos;@carbon/colors&apos;;
  │ ^^^^^^^^^^^^^^^^^^^^^^^^^
  ╵
  node_modules/@carbon/styles/scss/_colors.scss 8:1                                       @use
  node_modules/@carbon/styles/scss/components/notification/_inline-notification.scss 9:1  @forward
  packages/react/scss/components/notification/_inline-notification.scss 9:1               @use
  stdin 2:1                                                                               root stylesheet]
    at expect (/Users/chrisvelgersdyk/Desktop/carbon-coverall/carbon-coverall-poc/node_modules/expect/build/index.js:128:15)
    at Object.expect (/Users/chrisvelgersdyk/Desktop/carbon-coverall/carbon-coverall-poc/packages/react/__tests__/scss-test.js:24:13)
    at Promise.then.completed (/Users/chrisvelgersdyk/Desktop/carbon-coverall/carbon-coverall-poc/node_modules/jest-circus/build/utils.js:333:28)
    at new Promise (&lt;anonymous&gt;)
    at callAsyncCircusFn (/Users/chrisvelgersdyk/Desktop/carbon-coverall/carbon-coverall-poc/node_modules/jest-circus/build/utils.js:259:10)
    at _callCircusTest (/Users/chrisvelgersdyk/Desktop/carbon-coverall/carbon-coverall-poc/node_modules/jest-circus/build/run.js:276:40)
    at processTicksAndRejections (node:internal/process/task_queues:95:5)
    at _runTest (/Users/chrisvelgersdyk/Desktop/carbon-coverall/carbon-coverall-poc/node_modules/jest-circus/build/run.js:208:3)
    at _runTestsForDescribeBlock (/Users/chrisvelgersdyk/Desktop/carbon-coverall/carbon-coverall-poc/node_modules/jest-circus/build/run.js:96:9)
    at _runTestsForDescribeBlock (/Users/chrisvelgersdyk/Desktop/carbon-coverall/carbon-coverall-poc/node_modules/jest-circus/build/run.js:90:9)</failure>
    </testcase>
    <testcase classname="@carbon/react/scss scss/components/notification/toast-notification should be importable" name="@carbon/react/scss scss/components/notification/toast-notification should be importable" time="0.007">
      <failure>Error: expect(received).resolves.toBeDefined()

Received promise rejected instead of resolved
Rejected to value: [Error: Can&apos;t find stylesheet to import.
  ╷
8 │ @forward &apos;@carbon/colors&apos;;
  │ ^^^^^^^^^^^^^^^^^^^^^^^^^
  ╵
  node_modules/@carbon/styles/scss/_colors.scss 8:1                                      @use
  node_modules/@carbon/styles/scss/components/notification/_tokens.scss 12:1             @use
  node_modules/@carbon/styles/scss/components/notification/_toast-notification.scss 9:1  @forward
  packages/react/scss/components/notification/_toast-notification.scss 9:1               @use
  stdin 2:1                                                                              root stylesheet]
    at expect (/Users/chrisvelgersdyk/Desktop/carbon-coverall/carbon-coverall-poc/node_modules/expect/build/index.js:128:15)
    at Object.expect (/Users/chrisvelgersdyk/Desktop/carbon-coverall/carbon-coverall-poc/packages/react/__tests__/scss-test.js:24:13)
    at Promise.then.completed (/Users/chrisvelgersdyk/Desktop/carbon-coverall/carbon-coverall-poc/node_modules/jest-circus/build/utils.js:333:28)
    at new Promise (&lt;anonymous&gt;)
    at callAsyncCircusFn (/Users/chrisvelgersdyk/Desktop/carbon-coverall/carbon-coverall-poc/node_modules/jest-circus/build/utils.js:259:10)
    at _callCircusTest (/Users/chrisvelgersdyk/Desktop/carbon-coverall/carbon-coverall-poc/node_modules/jest-circus/build/run.js:276:40)
    at processTicksAndRejections (node:internal/process/task_queues:95:5)
    at _runTest (/Users/chrisvelgersdyk/Desktop/carbon-coverall/carbon-coverall-poc/node_modules/jest-circus/build/run.js:208:3)
    at _runTestsForDescribeBlock (/Users/chrisvelgersdyk/Desktop/carbon-coverall/carbon-coverall-poc/node_modules/jest-circus/build/run.js:96:9)
    at _runTestsForDescribeBlock (/Users/chrisvelgersdyk/Desktop/carbon-coverall/carbon-coverall-poc/node_modules/jest-circus/build/run.js:90:9)</failure>
    </testcase>
    <testcase classname="@carbon/react/scss scss/components/notification/tokens should be importable" name="@carbon/react/scss scss/components/notification/tokens should be importable" time="0.005">
      <failure>Error: expect(received).resolves.toBeDefined()

Received promise rejected instead of resolved
Rejected to value: [Error: Can&apos;t find stylesheet to import.
  ╷
8 │ @forward &apos;@carbon/colors&apos;;
  │ ^^^^^^^^^^^^^^^^^^^^^^^^^
  ╵
  node_modules/@carbon/styles/scss/_colors.scss 8:1                           @use
  node_modules/@carbon/styles/scss/components/notification/_tokens.scss 12:1  @forward
  packages/react/scss/components/notification/_tokens.scss 9:1                @use
  stdin 2:1                                                                   root stylesheet]
    at expect (/Users/chrisvelgersdyk/Desktop/carbon-coverall/carbon-coverall-poc/node_modules/expect/build/index.js:128:15)
    at Object.expect (/Users/chrisvelgersdyk/Desktop/carbon-coverall/carbon-coverall-poc/packages/react/__tests__/scss-test.js:24:13)
    at Promise.then.completed (/Users/chrisvelgersdyk/Desktop/carbon-coverall/carbon-coverall-poc/node_modules/jest-circus/build/utils.js:333:28)
    at new Promise (&lt;anonymous&gt;)
    at callAsyncCircusFn (/Users/chrisvelgersdyk/Desktop/carbon-coverall/carbon-coverall-poc/node_modules/jest-circus/build/utils.js:259:10)
    at _callCircusTest (/Users/chrisvelgersdyk/Desktop/carbon-coverall/carbon-coverall-poc/node_modules/jest-circus/build/run.js:276:40)
    at processTicksAndRejections (node:internal/process/task_queues:95:5)
    at _runTest (/Users/chrisvelgersdyk/Desktop/carbon-coverall/carbon-coverall-poc/node_modules/jest-circus/build/run.js:208:3)
    at _runTestsForDescribeBlock (/Users/chrisvelgersdyk/Desktop/carbon-coverall/carbon-coverall-poc/node_modules/jest-circus/build/run.js:96:9)
    at _runTestsForDescribeBlock (/Users/chrisvelgersdyk/Desktop/carbon-coverall/carbon-coverall-poc/node_modules/jest-circus/build/run.js:90:9)</failure>
    </testcase>
    <testcase classname="@carbon/react/scss scss/components/number-input should be importable" name="@carbon/react/scss scss/components/number-input should be importable" time="0.011">
      <failure>Error: expect(received).resolves.toBeDefined()

Received promise rejected instead of resolved
Rejected to value: [Error: Can&apos;t find stylesheet to import.
  ╷
8 │ @forward &apos;./generated/fluid-spacing&apos;;
  │ ^^^^^^^^^^^^^^^^^^^^^^^^^^^^^^^^^^^^
  ╵
  node_modules/@carbon/layout/scss/_spacing.scss 8:1                               @forward
  node_modules/@carbon/styles/scss/_spacing.scss 8:1                               @use
  node_modules/@carbon/styles/scss/components/form/_form.scss 9:1                  @forward
  node_modules/@carbon/styles/scss/components/form/_index.scss 8:1                 @use
  node_modules/@carbon/styles/scss/components/number-input/_number-input.scss 8:1  @forward
  node_modules/@carbon/styles/scss/components/number-input/_index.scss 8:1         @forward
  packages/react/scss/components/number-input/_index.scss 9:1                      @use
  stdin 2:1                                                                        root stylesheet]
    at expect (/Users/chrisvelgersdyk/Desktop/carbon-coverall/carbon-coverall-poc/node_modules/expect/build/index.js:128:15)
    at Object.expect (/Users/chrisvelgersdyk/Desktop/carbon-coverall/carbon-coverall-poc/packages/react/__tests__/scss-test.js:24:13)
    at Promise.then.completed (/Users/chrisvelgersdyk/Desktop/carbon-coverall/carbon-coverall-poc/node_modules/jest-circus/build/utils.js:333:28)
    at new Promise (&lt;anonymous&gt;)
    at callAsyncCircusFn (/Users/chrisvelgersdyk/Desktop/carbon-coverall/carbon-coverall-poc/node_modules/jest-circus/build/utils.js:259:10)
    at _callCircusTest (/Users/chrisvelgersdyk/Desktop/carbon-coverall/carbon-coverall-poc/node_modules/jest-circus/build/run.js:276:40)
    at processTicksAndRejections (node:internal/process/task_queues:95:5)
    at _runTest (/Users/chrisvelgersdyk/Desktop/carbon-coverall/carbon-coverall-poc/node_modules/jest-circus/build/run.js:208:3)
    at _runTestsForDescribeBlock (/Users/chrisvelgersdyk/Desktop/carbon-coverall/carbon-coverall-poc/node_modules/jest-circus/build/run.js:96:9)
    at _runTestsForDescribeBlock (/Users/chrisvelgersdyk/Desktop/carbon-coverall/carbon-coverall-poc/node_modules/jest-circus/build/run.js:90:9)</failure>
    </testcase>
    <testcase classname="@carbon/react/scss scss/components/number-input/number-input should be importable" name="@carbon/react/scss scss/components/number-input/number-input should be importable" time="0.01">
      <failure>Error: expect(received).resolves.toBeDefined()

Received promise rejected instead of resolved
Rejected to value: [Error: Can&apos;t find stylesheet to import.
  ╷
8 │ @forward &apos;./generated/fluid-spacing&apos;;
  │ ^^^^^^^^^^^^^^^^^^^^^^^^^^^^^^^^^^^^
  ╵
  node_modules/@carbon/layout/scss/_spacing.scss 8:1                               @forward
  node_modules/@carbon/styles/scss/_spacing.scss 8:1                               @use
  node_modules/@carbon/styles/scss/components/form/_form.scss 9:1                  @forward
  node_modules/@carbon/styles/scss/components/form/_index.scss 8:1                 @use
  node_modules/@carbon/styles/scss/components/number-input/_number-input.scss 8:1  @forward
  packages/react/scss/components/number-input/_number-input.scss 9:1               @use
  stdin 2:1                                                                        root stylesheet]
    at expect (/Users/chrisvelgersdyk/Desktop/carbon-coverall/carbon-coverall-poc/node_modules/expect/build/index.js:128:15)
    at Object.expect (/Users/chrisvelgersdyk/Desktop/carbon-coverall/carbon-coverall-poc/packages/react/__tests__/scss-test.js:24:13)
    at Promise.then.completed (/Users/chrisvelgersdyk/Desktop/carbon-coverall/carbon-coverall-poc/node_modules/jest-circus/build/utils.js:333:28)
    at new Promise (&lt;anonymous&gt;)
    at callAsyncCircusFn (/Users/chrisvelgersdyk/Desktop/carbon-coverall/carbon-coverall-poc/node_modules/jest-circus/build/utils.js:259:10)
    at _callCircusTest (/Users/chrisvelgersdyk/Desktop/carbon-coverall/carbon-coverall-poc/node_modules/jest-circus/build/run.js:276:40)
    at processTicksAndRejections (node:internal/process/task_queues:95:5)
    at _runTest (/Users/chrisvelgersdyk/Desktop/carbon-coverall/carbon-coverall-poc/node_modules/jest-circus/build/run.js:208:3)
    at _runTestsForDescribeBlock (/Users/chrisvelgersdyk/Desktop/carbon-coverall/carbon-coverall-poc/node_modules/jest-circus/build/run.js:96:9)
    at _runTestsForDescribeBlock (/Users/chrisvelgersdyk/Desktop/carbon-coverall/carbon-coverall-poc/node_modules/jest-circus/build/run.js:90:9)</failure>
    </testcase>
    <testcase classname="@carbon/react/scss scss/components/overflow-menu should be importable" name="@carbon/react/scss scss/components/overflow-menu should be importable" time="0.006">
      <failure>Error: expect(received).resolves.toBeDefined()

Received promise rejected instead of resolved
Rejected to value: [Error: Can&apos;t find stylesheet to import.
  ╷
8 │ @forward &apos;./generated/fluid-spacing&apos;;
  │ ^^^^^^^^^^^^^^^^^^^^^^^^^^^^^^^^^^^^
  ╵
  node_modules/@carbon/layout/scss/_spacing.scss 8:1                                 @forward
  node_modules/@carbon/styles/scss/_spacing.scss 8:1                                 @use
  node_modules/@carbon/styles/scss/components/button/_vars.scss 8:1                  @forward
  node_modules/@carbon/styles/scss/components/button/_index.scss 8:1                 @use
  node_modules/@carbon/styles/scss/components/overflow-menu/_overflow-menu.scss 8:1  @forward
  node_modules/@carbon/styles/scss/components/overflow-menu/_index.scss 8:1          @forward
  packages/react/scss/components/overflow-menu/_index.scss 9:1                       @use
  stdin 2:1                                                                          root stylesheet]
    at expect (/Users/chrisvelgersdyk/Desktop/carbon-coverall/carbon-coverall-poc/node_modules/expect/build/index.js:128:15)
    at Object.expect (/Users/chrisvelgersdyk/Desktop/carbon-coverall/carbon-coverall-poc/packages/react/__tests__/scss-test.js:24:13)
    at Promise.then.completed (/Users/chrisvelgersdyk/Desktop/carbon-coverall/carbon-coverall-poc/node_modules/jest-circus/build/utils.js:333:28)
    at new Promise (&lt;anonymous&gt;)
    at callAsyncCircusFn (/Users/chrisvelgersdyk/Desktop/carbon-coverall/carbon-coverall-poc/node_modules/jest-circus/build/utils.js:259:10)
    at _callCircusTest (/Users/chrisvelgersdyk/Desktop/carbon-coverall/carbon-coverall-poc/node_modules/jest-circus/build/run.js:276:40)
    at processTicksAndRejections (node:internal/process/task_queues:95:5)
    at _runTest (/Users/chrisvelgersdyk/Desktop/carbon-coverall/carbon-coverall-poc/node_modules/jest-circus/build/run.js:208:3)
    at _runTestsForDescribeBlock (/Users/chrisvelgersdyk/Desktop/carbon-coverall/carbon-coverall-poc/node_modules/jest-circus/build/run.js:96:9)
    at _runTestsForDescribeBlock (/Users/chrisvelgersdyk/Desktop/carbon-coverall/carbon-coverall-poc/node_modules/jest-circus/build/run.js:90:9)</failure>
    </testcase>
    <testcase classname="@carbon/react/scss scss/components/overflow-menu/overflow-menu should be importable" name="@carbon/react/scss scss/components/overflow-menu/overflow-menu should be importable" time="0.006">
      <failure>Error: expect(received).resolves.toBeDefined()

Received promise rejected instead of resolved
Rejected to value: [Error: Can&apos;t find stylesheet to import.
  ╷
8 │ @forward &apos;./generated/fluid-spacing&apos;;
  │ ^^^^^^^^^^^^^^^^^^^^^^^^^^^^^^^^^^^^
  ╵
  node_modules/@carbon/layout/scss/_spacing.scss 8:1                                 @forward
  node_modules/@carbon/styles/scss/_spacing.scss 8:1                                 @use
  node_modules/@carbon/styles/scss/components/button/_vars.scss 8:1                  @forward
  node_modules/@carbon/styles/scss/components/button/_index.scss 8:1                 @use
  node_modules/@carbon/styles/scss/components/overflow-menu/_overflow-menu.scss 8:1  @forward
  packages/react/scss/components/overflow-menu/_overflow-menu.scss 9:1               @use
  stdin 2:1                                                                          root stylesheet]
    at expect (/Users/chrisvelgersdyk/Desktop/carbon-coverall/carbon-coverall-poc/node_modules/expect/build/index.js:128:15)
    at Object.expect (/Users/chrisvelgersdyk/Desktop/carbon-coverall/carbon-coverall-poc/packages/react/__tests__/scss-test.js:24:13)
    at Promise.then.completed (/Users/chrisvelgersdyk/Desktop/carbon-coverall/carbon-coverall-poc/node_modules/jest-circus/build/utils.js:333:28)
    at new Promise (&lt;anonymous&gt;)
    at callAsyncCircusFn (/Users/chrisvelgersdyk/Desktop/carbon-coverall/carbon-coverall-poc/node_modules/jest-circus/build/utils.js:259:10)
    at _callCircusTest (/Users/chrisvelgersdyk/Desktop/carbon-coverall/carbon-coverall-poc/node_modules/jest-circus/build/run.js:276:40)
    at processTicksAndRejections (node:internal/process/task_queues:95:5)
    at _runTest (/Users/chrisvelgersdyk/Desktop/carbon-coverall/carbon-coverall-poc/node_modules/jest-circus/build/run.js:208:3)
    at _runTestsForDescribeBlock (/Users/chrisvelgersdyk/Desktop/carbon-coverall/carbon-coverall-poc/node_modules/jest-circus/build/run.js:96:9)
    at _runTestsForDescribeBlock (/Users/chrisvelgersdyk/Desktop/carbon-coverall/carbon-coverall-poc/node_modules/jest-circus/build/run.js:90:9)</failure>
    </testcase>
    <testcase classname="@carbon/react/scss scss/components/pagination should be importable" name="@carbon/react/scss scss/components/pagination should be importable" time="0.005">
      <failure>Error: expect(received).resolves.toBeDefined()

Received promise rejected instead of resolved
Rejected to value: [Error: Can&apos;t find stylesheet to import.
  ╷
8 │ @forward &apos;./generated/fluid-spacing&apos;;
  │ ^^^^^^^^^^^^^^^^^^^^^^^^^^^^^^^^^^^^
  ╵
  node_modules/@carbon/layout/scss/_spacing.scss 8:1                           @forward
  node_modules/@carbon/styles/scss/_spacing.scss 8:1                           @use
  node_modules/@carbon/styles/scss/components/button/_vars.scss 8:1            @forward
  node_modules/@carbon/styles/scss/components/button/_index.scss 8:1           @use
  node_modules/@carbon/styles/scss/components/pagination/_pagination.scss 8:1  @forward
  node_modules/@carbon/styles/scss/components/pagination/_index.scss 8:1       @forward
  packages/react/scss/components/pagination/_index.scss 9:1                    @use
  stdin 2:1                                                                    root stylesheet]
    at expect (/Users/chrisvelgersdyk/Desktop/carbon-coverall/carbon-coverall-poc/node_modules/expect/build/index.js:128:15)
    at Object.expect (/Users/chrisvelgersdyk/Desktop/carbon-coverall/carbon-coverall-poc/packages/react/__tests__/scss-test.js:24:13)
    at Promise.then.completed (/Users/chrisvelgersdyk/Desktop/carbon-coverall/carbon-coverall-poc/node_modules/jest-circus/build/utils.js:333:28)
    at new Promise (&lt;anonymous&gt;)
    at callAsyncCircusFn (/Users/chrisvelgersdyk/Desktop/carbon-coverall/carbon-coverall-poc/node_modules/jest-circus/build/utils.js:259:10)
    at _callCircusTest (/Users/chrisvelgersdyk/Desktop/carbon-coverall/carbon-coverall-poc/node_modules/jest-circus/build/run.js:276:40)
    at processTicksAndRejections (node:internal/process/task_queues:95:5)
    at _runTest (/Users/chrisvelgersdyk/Desktop/carbon-coverall/carbon-coverall-poc/node_modules/jest-circus/build/run.js:208:3)
    at _runTestsForDescribeBlock (/Users/chrisvelgersdyk/Desktop/carbon-coverall/carbon-coverall-poc/node_modules/jest-circus/build/run.js:96:9)
    at _runTestsForDescribeBlock (/Users/chrisvelgersdyk/Desktop/carbon-coverall/carbon-coverall-poc/node_modules/jest-circus/build/run.js:90:9)</failure>
    </testcase>
    <testcase classname="@carbon/react/scss scss/components/pagination/pagination should be importable" name="@carbon/react/scss scss/components/pagination/pagination should be importable" time="0.004">
      <failure>Error: expect(received).resolves.toBeDefined()

Received promise rejected instead of resolved
Rejected to value: [Error: Can&apos;t find stylesheet to import.
  ╷
8 │ @forward &apos;./generated/fluid-spacing&apos;;
  │ ^^^^^^^^^^^^^^^^^^^^^^^^^^^^^^^^^^^^
  ╵
  node_modules/@carbon/layout/scss/_spacing.scss 8:1                           @forward
  node_modules/@carbon/styles/scss/_spacing.scss 8:1                           @use
  node_modules/@carbon/styles/scss/components/button/_vars.scss 8:1            @forward
  node_modules/@carbon/styles/scss/components/button/_index.scss 8:1           @use
  node_modules/@carbon/styles/scss/components/pagination/_pagination.scss 8:1  @forward
  packages/react/scss/components/pagination/_pagination.scss 9:1               @use
  stdin 2:1                                                                    root stylesheet]
    at expect (/Users/chrisvelgersdyk/Desktop/carbon-coverall/carbon-coverall-poc/node_modules/expect/build/index.js:128:15)
    at Object.expect (/Users/chrisvelgersdyk/Desktop/carbon-coverall/carbon-coverall-poc/packages/react/__tests__/scss-test.js:24:13)
    at Promise.then.completed (/Users/chrisvelgersdyk/Desktop/carbon-coverall/carbon-coverall-poc/node_modules/jest-circus/build/utils.js:333:28)
    at new Promise (&lt;anonymous&gt;)
    at callAsyncCircusFn (/Users/chrisvelgersdyk/Desktop/carbon-coverall/carbon-coverall-poc/node_modules/jest-circus/build/utils.js:259:10)
    at _callCircusTest (/Users/chrisvelgersdyk/Desktop/carbon-coverall/carbon-coverall-poc/node_modules/jest-circus/build/run.js:276:40)
    at processTicksAndRejections (node:internal/process/task_queues:95:5)
    at _runTest (/Users/chrisvelgersdyk/Desktop/carbon-coverall/carbon-coverall-poc/node_modules/jest-circus/build/run.js:208:3)
    at _runTestsForDescribeBlock (/Users/chrisvelgersdyk/Desktop/carbon-coverall/carbon-coverall-poc/node_modules/jest-circus/build/run.js:96:9)
    at _runTestsForDescribeBlock (/Users/chrisvelgersdyk/Desktop/carbon-coverall/carbon-coverall-poc/node_modules/jest-circus/build/run.js:90:9)</failure>
    </testcase>
    <testcase classname="@carbon/react/scss scss/components/pagination/unstable_pagination should be importable" name="@carbon/react/scss scss/components/pagination/unstable_pagination should be importable" time="0.102">
      <failure>Error: expect(received).resolves.toBeDefined()

Received promise rejected instead of resolved
Rejected to value: [Error: Can&apos;t find stylesheet to import.
  ╷
8 │ @forward &apos;./generated/fluid-spacing&apos;;
  │ ^^^^^^^^^^^^^^^^^^^^^^^^^^^^^^^^^^^^
  ╵
  node_modules/@carbon/layout/scss/_spacing.scss 8:1                                     @forward
  node_modules/@carbon/styles/scss/_spacing.scss 8:1                                     @use
  node_modules/@carbon/styles/scss/components/pagination/_unstable_pagination.scss 11:1  @forward
  packages/react/scss/components/pagination/_unstable_pagination.scss 9:1                @use
  stdin 2:1                                                                              root stylesheet]
    at expect (/Users/chrisvelgersdyk/Desktop/carbon-coverall/carbon-coverall-poc/node_modules/expect/build/index.js:128:15)
    at Object.expect (/Users/chrisvelgersdyk/Desktop/carbon-coverall/carbon-coverall-poc/packages/react/__tests__/scss-test.js:24:13)
    at Promise.then.completed (/Users/chrisvelgersdyk/Desktop/carbon-coverall/carbon-coverall-poc/node_modules/jest-circus/build/utils.js:333:28)
    at new Promise (&lt;anonymous&gt;)
    at callAsyncCircusFn (/Users/chrisvelgersdyk/Desktop/carbon-coverall/carbon-coverall-poc/node_modules/jest-circus/build/utils.js:259:10)
    at _callCircusTest (/Users/chrisvelgersdyk/Desktop/carbon-coverall/carbon-coverall-poc/node_modules/jest-circus/build/run.js:276:40)
    at processTicksAndRejections (node:internal/process/task_queues:95:5)
    at _runTest (/Users/chrisvelgersdyk/Desktop/carbon-coverall/carbon-coverall-poc/node_modules/jest-circus/build/run.js:208:3)
    at _runTestsForDescribeBlock (/Users/chrisvelgersdyk/Desktop/carbon-coverall/carbon-coverall-poc/node_modules/jest-circus/build/run.js:96:9)
    at _runTestsForDescribeBlock (/Users/chrisvelgersdyk/Desktop/carbon-coverall/carbon-coverall-poc/node_modules/jest-circus/build/run.js:90:9)</failure>
    </testcase>
    <testcase classname="@carbon/react/scss scss/components/pagination-nav should be importable" name="@carbon/react/scss scss/components/pagination-nav should be importable" time="0.006">
      <failure>Error: expect(received).resolves.toBeDefined()

Received promise rejected instead of resolved
Rejected to value: [Error: Can&apos;t find stylesheet to import.
  ╷
8 │ @forward &apos;./generated/fluid-spacing&apos;;
  │ ^^^^^^^^^^^^^^^^^^^^^^^^^^^^^^^^^^^^
  ╵
  node_modules/@carbon/layout/scss/_spacing.scss 8:1                                   @forward
  node_modules/@carbon/styles/scss/_spacing.scss 8:1                                   @use
  node_modules/@carbon/styles/scss/components/pagination-nav/_mixins.scss 9:1          @use
  node_modules/@carbon/styles/scss/components/pagination-nav/_pagination-nav.scss 8:1  @forward
  node_modules/@carbon/styles/scss/components/pagination-nav/_index.scss 8:1           @forward
  packages/react/scss/components/pagination-nav/_index.scss 9:1                        @use
  stdin 2:1                                                                            root stylesheet]
    at expect (/Users/chrisvelgersdyk/Desktop/carbon-coverall/carbon-coverall-poc/node_modules/expect/build/index.js:128:15)
    at Object.expect (/Users/chrisvelgersdyk/Desktop/carbon-coverall/carbon-coverall-poc/packages/react/__tests__/scss-test.js:24:13)
    at Promise.then.completed (/Users/chrisvelgersdyk/Desktop/carbon-coverall/carbon-coverall-poc/node_modules/jest-circus/build/utils.js:333:28)
    at new Promise (&lt;anonymous&gt;)
    at callAsyncCircusFn (/Users/chrisvelgersdyk/Desktop/carbon-coverall/carbon-coverall-poc/node_modules/jest-circus/build/utils.js:259:10)
    at _callCircusTest (/Users/chrisvelgersdyk/Desktop/carbon-coverall/carbon-coverall-poc/node_modules/jest-circus/build/run.js:276:40)
    at processTicksAndRejections (node:internal/process/task_queues:95:5)
    at _runTest (/Users/chrisvelgersdyk/Desktop/carbon-coverall/carbon-coverall-poc/node_modules/jest-circus/build/run.js:208:3)
    at _runTestsForDescribeBlock (/Users/chrisvelgersdyk/Desktop/carbon-coverall/carbon-coverall-poc/node_modules/jest-circus/build/run.js:96:9)
    at _runTestsForDescribeBlock (/Users/chrisvelgersdyk/Desktop/carbon-coverall/carbon-coverall-poc/node_modules/jest-circus/build/run.js:90:9)</failure>
    </testcase>
    <testcase classname="@carbon/react/scss scss/components/pagination-nav/pagination-nav should be importable" name="@carbon/react/scss scss/components/pagination-nav/pagination-nav should be importable" time="0.007">
      <failure>Error: expect(received).resolves.toBeDefined()

Received promise rejected instead of resolved
Rejected to value: [Error: Can&apos;t find stylesheet to import.
  ╷
8 │ @forward &apos;./generated/fluid-spacing&apos;;
  │ ^^^^^^^^^^^^^^^^^^^^^^^^^^^^^^^^^^^^
  ╵
  node_modules/@carbon/layout/scss/_spacing.scss 8:1                                   @forward
  node_modules/@carbon/styles/scss/_spacing.scss 8:1                                   @use
  node_modules/@carbon/styles/scss/components/pagination-nav/_mixins.scss 9:1          @use
  node_modules/@carbon/styles/scss/components/pagination-nav/_pagination-nav.scss 8:1  @forward
  packages/react/scss/components/pagination-nav/_pagination-nav.scss 9:1               @use
  stdin 2:1                                                                            root stylesheet]
    at expect (/Users/chrisvelgersdyk/Desktop/carbon-coverall/carbon-coverall-poc/node_modules/expect/build/index.js:128:15)
    at Object.expect (/Users/chrisvelgersdyk/Desktop/carbon-coverall/carbon-coverall-poc/packages/react/__tests__/scss-test.js:24:13)
    at Promise.then.completed (/Users/chrisvelgersdyk/Desktop/carbon-coverall/carbon-coverall-poc/node_modules/jest-circus/build/utils.js:333:28)
    at new Promise (&lt;anonymous&gt;)
    at callAsyncCircusFn (/Users/chrisvelgersdyk/Desktop/carbon-coverall/carbon-coverall-poc/node_modules/jest-circus/build/utils.js:259:10)
    at _callCircusTest (/Users/chrisvelgersdyk/Desktop/carbon-coverall/carbon-coverall-poc/node_modules/jest-circus/build/run.js:276:40)
    at processTicksAndRejections (node:internal/process/task_queues:95:5)
    at _runTest (/Users/chrisvelgersdyk/Desktop/carbon-coverall/carbon-coverall-poc/node_modules/jest-circus/build/run.js:208:3)
    at _runTestsForDescribeBlock (/Users/chrisvelgersdyk/Desktop/carbon-coverall/carbon-coverall-poc/node_modules/jest-circus/build/run.js:96:9)
    at _runTestsForDescribeBlock (/Users/chrisvelgersdyk/Desktop/carbon-coverall/carbon-coverall-poc/node_modules/jest-circus/build/run.js:90:9)</failure>
    </testcase>
    <testcase classname="@carbon/react/scss scss/components/popover should be importable" name="@carbon/react/scss scss/components/popover should be importable" time="0.019">
      <failure>Error: expect(received).resolves.toBeDefined()

Received promise rejected instead of resolved
Rejected to value: [Error: Can&apos;t find stylesheet to import.
  ╷
8 │ @forward &apos;generated/themes&apos;;
  │ ^^^^^^^^^^^^^^^^^^^^^^^^^^^
  ╵
  node_modules/@carbon/themes/scss/compat/_themes.scss 8:1               @use
  node_modules/@carbon/styles/scss/compat/_themes.scss 9:1               @use
  node_modules/@carbon/styles/scss/theme/_theme.scss 12:1                @use
  node_modules/@carbon/styles/scss/layer/_layer-sets.scss 9:1            @forward
  node_modules/@carbon/styles/scss/_layer.scss 8:1                       @use
  node_modules/@carbon/styles/scss/components/popover/_popover.scss 9:1  @forward
  node_modules/@carbon/styles/scss/components/popover/_index.scss 8:1    @forward
  packages/react/scss/components/popover/_index.scss 9:1                 @use
  stdin 2:1                                                              root stylesheet]
    at expect (/Users/chrisvelgersdyk/Desktop/carbon-coverall/carbon-coverall-poc/node_modules/expect/build/index.js:128:15)
    at Object.expect (/Users/chrisvelgersdyk/Desktop/carbon-coverall/carbon-coverall-poc/packages/react/__tests__/scss-test.js:24:13)
    at Promise.then.completed (/Users/chrisvelgersdyk/Desktop/carbon-coverall/carbon-coverall-poc/node_modules/jest-circus/build/utils.js:333:28)
    at new Promise (&lt;anonymous&gt;)
    at callAsyncCircusFn (/Users/chrisvelgersdyk/Desktop/carbon-coverall/carbon-coverall-poc/node_modules/jest-circus/build/utils.js:259:10)
    at _callCircusTest (/Users/chrisvelgersdyk/Desktop/carbon-coverall/carbon-coverall-poc/node_modules/jest-circus/build/run.js:276:40)
    at processTicksAndRejections (node:internal/process/task_queues:95:5)
    at _runTest (/Users/chrisvelgersdyk/Desktop/carbon-coverall/carbon-coverall-poc/node_modules/jest-circus/build/run.js:208:3)
    at _runTestsForDescribeBlock (/Users/chrisvelgersdyk/Desktop/carbon-coverall/carbon-coverall-poc/node_modules/jest-circus/build/run.js:96:9)
    at _runTestsForDescribeBlock (/Users/chrisvelgersdyk/Desktop/carbon-coverall/carbon-coverall-poc/node_modules/jest-circus/build/run.js:90:9)</failure>
    </testcase>
    <testcase classname="@carbon/react/scss scss/components/popover/popover should be importable" name="@carbon/react/scss scss/components/popover/popover should be importable" time="0.047">
      <failure>Error: expect(received).resolves.toBeDefined()

Received promise rejected instead of resolved
Rejected to value: [Error: Can&apos;t find stylesheet to import.
  ╷
8 │ @forward &apos;generated/themes&apos;;
  │ ^^^^^^^^^^^^^^^^^^^^^^^^^^^
  ╵
  node_modules/@carbon/themes/scss/compat/_themes.scss 8:1               @use
  node_modules/@carbon/styles/scss/compat/_themes.scss 9:1               @use
  node_modules/@carbon/styles/scss/theme/_theme.scss 12:1                @use
  node_modules/@carbon/styles/scss/layer/_layer-sets.scss 9:1            @forward
  node_modules/@carbon/styles/scss/_layer.scss 8:1                       @use
  node_modules/@carbon/styles/scss/components/popover/_popover.scss 9:1  @forward
  packages/react/scss/components/popover/_popover.scss 9:1               @use
  stdin 2:1                                                              root stylesheet]
    at expect (/Users/chrisvelgersdyk/Desktop/carbon-coverall/carbon-coverall-poc/node_modules/expect/build/index.js:128:15)
    at Object.expect (/Users/chrisvelgersdyk/Desktop/carbon-coverall/carbon-coverall-poc/packages/react/__tests__/scss-test.js:24:13)
    at Promise.then.completed (/Users/chrisvelgersdyk/Desktop/carbon-coverall/carbon-coverall-poc/node_modules/jest-circus/build/utils.js:333:28)
    at new Promise (&lt;anonymous&gt;)
    at callAsyncCircusFn (/Users/chrisvelgersdyk/Desktop/carbon-coverall/carbon-coverall-poc/node_modules/jest-circus/build/utils.js:259:10)
    at _callCircusTest (/Users/chrisvelgersdyk/Desktop/carbon-coverall/carbon-coverall-poc/node_modules/jest-circus/build/run.js:276:40)
    at processTicksAndRejections (node:internal/process/task_queues:95:5)
    at _runTest (/Users/chrisvelgersdyk/Desktop/carbon-coverall/carbon-coverall-poc/node_modules/jest-circus/build/run.js:208:3)
    at _runTestsForDescribeBlock (/Users/chrisvelgersdyk/Desktop/carbon-coverall/carbon-coverall-poc/node_modules/jest-circus/build/run.js:96:9)
    at _runTestsForDescribeBlock (/Users/chrisvelgersdyk/Desktop/carbon-coverall/carbon-coverall-poc/node_modules/jest-circus/build/run.js:90:9)</failure>
    </testcase>
    <testcase classname="@carbon/react/scss scss/components/progress-bar should be importable" name="@carbon/react/scss scss/components/progress-bar should be importable" time="0.007">
      <failure>Error: expect(received).resolves.toBeDefined()

Received promise rejected instead of resolved
Rejected to value: [Error: Can&apos;t find stylesheet to import.
  ╷
8 │ @forward &apos;generated/themes&apos;;
  │ ^^^^^^^^^^^^^^^^^^^^^^^^^^^
  ╵
  node_modules/@carbon/themes/scss/compat/_themes.scss 8:1                         @use
  node_modules/@carbon/styles/scss/compat/_themes.scss 9:1                         @use
  node_modules/@carbon/styles/scss/theme/_theme.scss 12:1                          @use
  node_modules/@carbon/styles/scss/layer/_layer-sets.scss 9:1                      @forward
  node_modules/@carbon/styles/scss/_layer.scss 8:1                                 @use
  node_modules/@carbon/styles/scss/components/progress-bar/_progress-bar.scss 9:1  @forward
  node_modules/@carbon/styles/scss/components/progress-bar/_index.scss 8:1         @forward
  packages/react/scss/components/progress-bar/_index.scss 9:1                      @use
  stdin 2:1                                                                        root stylesheet]
    at expect (/Users/chrisvelgersdyk/Desktop/carbon-coverall/carbon-coverall-poc/node_modules/expect/build/index.js:128:15)
    at Object.expect (/Users/chrisvelgersdyk/Desktop/carbon-coverall/carbon-coverall-poc/packages/react/__tests__/scss-test.js:24:13)
    at Promise.then.completed (/Users/chrisvelgersdyk/Desktop/carbon-coverall/carbon-coverall-poc/node_modules/jest-circus/build/utils.js:333:28)
    at new Promise (&lt;anonymous&gt;)
    at callAsyncCircusFn (/Users/chrisvelgersdyk/Desktop/carbon-coverall/carbon-coverall-poc/node_modules/jest-circus/build/utils.js:259:10)
    at _callCircusTest (/Users/chrisvelgersdyk/Desktop/carbon-coverall/carbon-coverall-poc/node_modules/jest-circus/build/run.js:276:40)
    at processTicksAndRejections (node:internal/process/task_queues:95:5)
    at _runTest (/Users/chrisvelgersdyk/Desktop/carbon-coverall/carbon-coverall-poc/node_modules/jest-circus/build/run.js:208:3)
    at _runTestsForDescribeBlock (/Users/chrisvelgersdyk/Desktop/carbon-coverall/carbon-coverall-poc/node_modules/jest-circus/build/run.js:96:9)
    at _runTestsForDescribeBlock (/Users/chrisvelgersdyk/Desktop/carbon-coverall/carbon-coverall-poc/node_modules/jest-circus/build/run.js:90:9)</failure>
    </testcase>
    <testcase classname="@carbon/react/scss scss/components/progress-bar/progress-bar should be importable" name="@carbon/react/scss scss/components/progress-bar/progress-bar should be importable" time="0.019">
      <failure>Error: expect(received).resolves.toBeDefined()

Received promise rejected instead of resolved
Rejected to value: [Error: Can&apos;t find stylesheet to import.
  ╷
8 │ @forward &apos;generated/themes&apos;;
  │ ^^^^^^^^^^^^^^^^^^^^^^^^^^^
  ╵
  node_modules/@carbon/themes/scss/compat/_themes.scss 8:1                         @use
  node_modules/@carbon/styles/scss/compat/_themes.scss 9:1                         @use
  node_modules/@carbon/styles/scss/theme/_theme.scss 12:1                          @use
  node_modules/@carbon/styles/scss/layer/_layer-sets.scss 9:1                      @forward
  node_modules/@carbon/styles/scss/_layer.scss 8:1                                 @use
  node_modules/@carbon/styles/scss/components/progress-bar/_progress-bar.scss 9:1  @forward
  packages/react/scss/components/progress-bar/_progress-bar.scss 9:1               @use
  stdin 2:1                                                                        root stylesheet]
    at expect (/Users/chrisvelgersdyk/Desktop/carbon-coverall/carbon-coverall-poc/node_modules/expect/build/index.js:128:15)
    at Object.expect (/Users/chrisvelgersdyk/Desktop/carbon-coverall/carbon-coverall-poc/packages/react/__tests__/scss-test.js:24:13)
    at Promise.then.completed (/Users/chrisvelgersdyk/Desktop/carbon-coverall/carbon-coverall-poc/node_modules/jest-circus/build/utils.js:333:28)
    at new Promise (&lt;anonymous&gt;)
    at callAsyncCircusFn (/Users/chrisvelgersdyk/Desktop/carbon-coverall/carbon-coverall-poc/node_modules/jest-circus/build/utils.js:259:10)
    at _callCircusTest (/Users/chrisvelgersdyk/Desktop/carbon-coverall/carbon-coverall-poc/node_modules/jest-circus/build/run.js:276:40)
    at processTicksAndRejections (node:internal/process/task_queues:95:5)
    at _runTest (/Users/chrisvelgersdyk/Desktop/carbon-coverall/carbon-coverall-poc/node_modules/jest-circus/build/run.js:208:3)
    at _runTestsForDescribeBlock (/Users/chrisvelgersdyk/Desktop/carbon-coverall/carbon-coverall-poc/node_modules/jest-circus/build/run.js:96:9)
    at _runTestsForDescribeBlock (/Users/chrisvelgersdyk/Desktop/carbon-coverall/carbon-coverall-poc/node_modules/jest-circus/build/run.js:90:9)</failure>
    </testcase>
    <testcase classname="@carbon/react/scss scss/components/progress-indicator should be importable" name="@carbon/react/scss scss/components/progress-indicator should be importable" time="0.005">
      <failure>Error: expect(received).resolves.toBeDefined()

Received promise rejected instead of resolved
Rejected to value: [Error: Can&apos;t find stylesheet to import.
  ╷
8 │ @forward &apos;./generated/fluid-spacing&apos;;
  │ ^^^^^^^^^^^^^^^^^^^^^^^^^^^^^^^^^^^^
  ╵
  node_modules/@carbon/layout/scss/_spacing.scss 8:1                                           @forward
  node_modules/@carbon/styles/scss/_spacing.scss 8:1                                           @use
  node_modules/@carbon/styles/scss/components/button/_vars.scss 8:1                            @forward
  node_modules/@carbon/styles/scss/components/button/_index.scss 8:1                           @use
  node_modules/@carbon/styles/scss/components/progress-indicator/_progress-indicator.scss 8:1  @forward
  node_modules/@carbon/styles/scss/components/progress-indicator/_index.scss 8:1               @forward
  packages/react/scss/components/progress-indicator/_index.scss 9:1                            @use
  stdin 2:1                                                                                    root stylesheet]
    at expect (/Users/chrisvelgersdyk/Desktop/carbon-coverall/carbon-coverall-poc/node_modules/expect/build/index.js:128:15)
    at Object.expect (/Users/chrisvelgersdyk/Desktop/carbon-coverall/carbon-coverall-poc/packages/react/__tests__/scss-test.js:24:13)
    at Promise.then.completed (/Users/chrisvelgersdyk/Desktop/carbon-coverall/carbon-coverall-poc/node_modules/jest-circus/build/utils.js:333:28)
    at new Promise (&lt;anonymous&gt;)
    at callAsyncCircusFn (/Users/chrisvelgersdyk/Desktop/carbon-coverall/carbon-coverall-poc/node_modules/jest-circus/build/utils.js:259:10)
    at _callCircusTest (/Users/chrisvelgersdyk/Desktop/carbon-coverall/carbon-coverall-poc/node_modules/jest-circus/build/run.js:276:40)
    at processTicksAndRejections (node:internal/process/task_queues:95:5)
    at _runTest (/Users/chrisvelgersdyk/Desktop/carbon-coverall/carbon-coverall-poc/node_modules/jest-circus/build/run.js:208:3)
    at _runTestsForDescribeBlock (/Users/chrisvelgersdyk/Desktop/carbon-coverall/carbon-coverall-poc/node_modules/jest-circus/build/run.js:96:9)
    at _runTestsForDescribeBlock (/Users/chrisvelgersdyk/Desktop/carbon-coverall/carbon-coverall-poc/node_modules/jest-circus/build/run.js:90:9)</failure>
    </testcase>
    <testcase classname="@carbon/react/scss scss/components/progress-indicator/progress-indicator should be importable" name="@carbon/react/scss scss/components/progress-indicator/progress-indicator should be importable" time="0.004">
      <failure>Error: expect(received).resolves.toBeDefined()

Received promise rejected instead of resolved
Rejected to value: [Error: Can&apos;t find stylesheet to import.
  ╷
8 │ @forward &apos;./generated/fluid-spacing&apos;;
  │ ^^^^^^^^^^^^^^^^^^^^^^^^^^^^^^^^^^^^
  ╵
  node_modules/@carbon/layout/scss/_spacing.scss 8:1                                           @forward
  node_modules/@carbon/styles/scss/_spacing.scss 8:1                                           @use
  node_modules/@carbon/styles/scss/components/button/_vars.scss 8:1                            @forward
  node_modules/@carbon/styles/scss/components/button/_index.scss 8:1                           @use
  node_modules/@carbon/styles/scss/components/progress-indicator/_progress-indicator.scss 8:1  @forward
  packages/react/scss/components/progress-indicator/_progress-indicator.scss 9:1               @use
  stdin 2:1                                                                                    root stylesheet]
    at expect (/Users/chrisvelgersdyk/Desktop/carbon-coverall/carbon-coverall-poc/node_modules/expect/build/index.js:128:15)
    at Object.expect (/Users/chrisvelgersdyk/Desktop/carbon-coverall/carbon-coverall-poc/packages/react/__tests__/scss-test.js:24:13)
    at Promise.then.completed (/Users/chrisvelgersdyk/Desktop/carbon-coverall/carbon-coverall-poc/node_modules/jest-circus/build/utils.js:333:28)
    at new Promise (&lt;anonymous&gt;)
    at callAsyncCircusFn (/Users/chrisvelgersdyk/Desktop/carbon-coverall/carbon-coverall-poc/node_modules/jest-circus/build/utils.js:259:10)
    at _callCircusTest (/Users/chrisvelgersdyk/Desktop/carbon-coverall/carbon-coverall-poc/node_modules/jest-circus/build/run.js:276:40)
    at processTicksAndRejections (node:internal/process/task_queues:95:5)
    at _runTest (/Users/chrisvelgersdyk/Desktop/carbon-coverall/carbon-coverall-poc/node_modules/jest-circus/build/run.js:208:3)
    at _runTestsForDescribeBlock (/Users/chrisvelgersdyk/Desktop/carbon-coverall/carbon-coverall-poc/node_modules/jest-circus/build/run.js:96:9)
    at _runTestsForDescribeBlock (/Users/chrisvelgersdyk/Desktop/carbon-coverall/carbon-coverall-poc/node_modules/jest-circus/build/run.js:90:9)</failure>
    </testcase>
    <testcase classname="@carbon/react/scss scss/components/radio-button should be importable" name="@carbon/react/scss scss/components/radio-button should be importable" time="0.012">
      <failure>Error: expect(received).resolves.toBeDefined()

Received promise rejected instead of resolved
Rejected to value: [Error: Can&apos;t find stylesheet to import.
  ╷
8 │ @forward &apos;./generated/fluid-spacing&apos;;
  │ ^^^^^^^^^^^^^^^^^^^^^^^^^^^^^^^^^^^^
  ╵
  node_modules/@carbon/layout/scss/_spacing.scss 8:1                                @forward
  node_modules/@carbon/styles/scss/_spacing.scss 8:1                                @use
  node_modules/@carbon/styles/scss/components/form/_form.scss 9:1                   @forward
  node_modules/@carbon/styles/scss/components/form/_index.scss 8:1                  @use
  node_modules/@carbon/styles/scss/components/radio-button/_radio-button.scss 12:1  @forward
  node_modules/@carbon/styles/scss/components/radio-button/_index.scss 8:1          @forward
  packages/react/scss/components/radio-button/_index.scss 9:1                       @use
  stdin 2:1                                                                         root stylesheet]
    at expect (/Users/chrisvelgersdyk/Desktop/carbon-coverall/carbon-coverall-poc/node_modules/expect/build/index.js:128:15)
    at Object.expect (/Users/chrisvelgersdyk/Desktop/carbon-coverall/carbon-coverall-poc/packages/react/__tests__/scss-test.js:24:13)
    at Promise.then.completed (/Users/chrisvelgersdyk/Desktop/carbon-coverall/carbon-coverall-poc/node_modules/jest-circus/build/utils.js:333:28)
    at new Promise (&lt;anonymous&gt;)
    at callAsyncCircusFn (/Users/chrisvelgersdyk/Desktop/carbon-coverall/carbon-coverall-poc/node_modules/jest-circus/build/utils.js:259:10)
    at _callCircusTest (/Users/chrisvelgersdyk/Desktop/carbon-coverall/carbon-coverall-poc/node_modules/jest-circus/build/run.js:276:40)
    at processTicksAndRejections (node:internal/process/task_queues:95:5)
    at _runTest (/Users/chrisvelgersdyk/Desktop/carbon-coverall/carbon-coverall-poc/node_modules/jest-circus/build/run.js:208:3)
    at _runTestsForDescribeBlock (/Users/chrisvelgersdyk/Desktop/carbon-coverall/carbon-coverall-poc/node_modules/jest-circus/build/run.js:96:9)
    at _runTestsForDescribeBlock (/Users/chrisvelgersdyk/Desktop/carbon-coverall/carbon-coverall-poc/node_modules/jest-circus/build/run.js:90:9)</failure>
    </testcase>
    <testcase classname="@carbon/react/scss scss/components/radio-button/radio-button should be importable" name="@carbon/react/scss scss/components/radio-button/radio-button should be importable" time="0.015">
      <failure>Error: expect(received).resolves.toBeDefined()

Received promise rejected instead of resolved
Rejected to value: [Error: Can&apos;t find stylesheet to import.
  ╷
8 │ @forward &apos;./generated/fluid-spacing&apos;;
  │ ^^^^^^^^^^^^^^^^^^^^^^^^^^^^^^^^^^^^
  ╵
  node_modules/@carbon/layout/scss/_spacing.scss 8:1                                @forward
  node_modules/@carbon/styles/scss/_spacing.scss 8:1                                @use
  node_modules/@carbon/styles/scss/components/form/_form.scss 9:1                   @forward
  node_modules/@carbon/styles/scss/components/form/_index.scss 8:1                  @use
  node_modules/@carbon/styles/scss/components/radio-button/_radio-button.scss 12:1  @forward
  packages/react/scss/components/radio-button/_radio-button.scss 9:1                @use
  stdin 2:1                                                                         root stylesheet]
    at expect (/Users/chrisvelgersdyk/Desktop/carbon-coverall/carbon-coverall-poc/node_modules/expect/build/index.js:128:15)
    at Object.expect (/Users/chrisvelgersdyk/Desktop/carbon-coverall/carbon-coverall-poc/packages/react/__tests__/scss-test.js:24:13)
    at Promise.then.completed (/Users/chrisvelgersdyk/Desktop/carbon-coverall/carbon-coverall-poc/node_modules/jest-circus/build/utils.js:333:28)
    at new Promise (&lt;anonymous&gt;)
    at callAsyncCircusFn (/Users/chrisvelgersdyk/Desktop/carbon-coverall/carbon-coverall-poc/node_modules/jest-circus/build/utils.js:259:10)
    at _callCircusTest (/Users/chrisvelgersdyk/Desktop/carbon-coverall/carbon-coverall-poc/node_modules/jest-circus/build/run.js:276:40)
    at processTicksAndRejections (node:internal/process/task_queues:95:5)
    at _runTest (/Users/chrisvelgersdyk/Desktop/carbon-coverall/carbon-coverall-poc/node_modules/jest-circus/build/run.js:208:3)
    at _runTestsForDescribeBlock (/Users/chrisvelgersdyk/Desktop/carbon-coverall/carbon-coverall-poc/node_modules/jest-circus/build/run.js:96:9)
    at _runTestsForDescribeBlock (/Users/chrisvelgersdyk/Desktop/carbon-coverall/carbon-coverall-poc/node_modules/jest-circus/build/run.js:90:9)</failure>
    </testcase>
    <testcase classname="@carbon/react/scss scss/components/search should be importable" name="@carbon/react/scss scss/components/search should be importable" time="0.012">
      <failure>Error: expect(received).resolves.toBeDefined()

Received promise rejected instead of resolved
Rejected to value: [Error: Can&apos;t find stylesheet to import.
  ╷
8 │ @forward &apos;./generated/fluid-spacing&apos;;
  │ ^^^^^^^^^^^^^^^^^^^^^^^^^^^^^^^^^^^^
  ╵
  node_modules/@carbon/layout/scss/_spacing.scss 8:1                            @forward
  node_modules/@carbon/styles/scss/_spacing.scss 8:1                            @use
  node_modules/@carbon/styles/scss/components/form/_form.scss 9:1               @forward
  node_modules/@carbon/styles/scss/components/form/_index.scss 8:1              @use
  node_modules/@carbon/styles/scss/components/text-input/_text-input.scss 11:1  @forward
  node_modules/@carbon/styles/scss/components/text-input/_index.scss 8:1        @use
  node_modules/@carbon/styles/scss/components/search/_search.scss 12:1          @forward
  node_modules/@carbon/styles/scss/components/search/_index.scss 8:1            @forward
  packages/react/scss/components/search/_index.scss 9:1                         @use
  stdin 2:1                                                                     root stylesheet]
    at expect (/Users/chrisvelgersdyk/Desktop/carbon-coverall/carbon-coverall-poc/node_modules/expect/build/index.js:128:15)
    at Object.expect (/Users/chrisvelgersdyk/Desktop/carbon-coverall/carbon-coverall-poc/packages/react/__tests__/scss-test.js:24:13)
    at Promise.then.completed (/Users/chrisvelgersdyk/Desktop/carbon-coverall/carbon-coverall-poc/node_modules/jest-circus/build/utils.js:333:28)
    at new Promise (&lt;anonymous&gt;)
    at callAsyncCircusFn (/Users/chrisvelgersdyk/Desktop/carbon-coverall/carbon-coverall-poc/node_modules/jest-circus/build/utils.js:259:10)
    at _callCircusTest (/Users/chrisvelgersdyk/Desktop/carbon-coverall/carbon-coverall-poc/node_modules/jest-circus/build/run.js:276:40)
    at processTicksAndRejections (node:internal/process/task_queues:95:5)
    at _runTest (/Users/chrisvelgersdyk/Desktop/carbon-coverall/carbon-coverall-poc/node_modules/jest-circus/build/run.js:208:3)
    at _runTestsForDescribeBlock (/Users/chrisvelgersdyk/Desktop/carbon-coverall/carbon-coverall-poc/node_modules/jest-circus/build/run.js:96:9)
    at _runTestsForDescribeBlock (/Users/chrisvelgersdyk/Desktop/carbon-coverall/carbon-coverall-poc/node_modules/jest-circus/build/run.js:90:9)</failure>
    </testcase>
    <testcase classname="@carbon/react/scss scss/components/search/search should be importable" name="@carbon/react/scss scss/components/search/search should be importable" time="0.011">
      <failure>Error: expect(received).resolves.toBeDefined()

Received promise rejected instead of resolved
Rejected to value: [Error: Can&apos;t find stylesheet to import.
  ╷
8 │ @forward &apos;./generated/fluid-spacing&apos;;
  │ ^^^^^^^^^^^^^^^^^^^^^^^^^^^^^^^^^^^^
  ╵
  node_modules/@carbon/layout/scss/_spacing.scss 8:1                            @forward
  node_modules/@carbon/styles/scss/_spacing.scss 8:1                            @use
  node_modules/@carbon/styles/scss/components/form/_form.scss 9:1               @forward
  node_modules/@carbon/styles/scss/components/form/_index.scss 8:1              @use
  node_modules/@carbon/styles/scss/components/text-input/_text-input.scss 11:1  @forward
  node_modules/@carbon/styles/scss/components/text-input/_index.scss 8:1        @use
  node_modules/@carbon/styles/scss/components/search/_search.scss 12:1          @forward
  packages/react/scss/components/search/_search.scss 9:1                        @use
  stdin 2:1                                                                     root stylesheet]
    at expect (/Users/chrisvelgersdyk/Desktop/carbon-coverall/carbon-coverall-poc/node_modules/expect/build/index.js:128:15)
    at Object.expect (/Users/chrisvelgersdyk/Desktop/carbon-coverall/carbon-coverall-poc/packages/react/__tests__/scss-test.js:24:13)
    at Promise.then.completed (/Users/chrisvelgersdyk/Desktop/carbon-coverall/carbon-coverall-poc/node_modules/jest-circus/build/utils.js:333:28)
    at new Promise (&lt;anonymous&gt;)
    at callAsyncCircusFn (/Users/chrisvelgersdyk/Desktop/carbon-coverall/carbon-coverall-poc/node_modules/jest-circus/build/utils.js:259:10)
    at _callCircusTest (/Users/chrisvelgersdyk/Desktop/carbon-coverall/carbon-coverall-poc/node_modules/jest-circus/build/run.js:276:40)
    at processTicksAndRejections (node:internal/process/task_queues:95:5)
    at _runTest (/Users/chrisvelgersdyk/Desktop/carbon-coverall/carbon-coverall-poc/node_modules/jest-circus/build/run.js:208:3)
    at _runTestsForDescribeBlock (/Users/chrisvelgersdyk/Desktop/carbon-coverall/carbon-coverall-poc/node_modules/jest-circus/build/run.js:96:9)
    at _runTestsForDescribeBlock (/Users/chrisvelgersdyk/Desktop/carbon-coverall/carbon-coverall-poc/node_modules/jest-circus/build/run.js:90:9)</failure>
    </testcase>
    <testcase classname="@carbon/react/scss scss/components/select should be importable" name="@carbon/react/scss scss/components/select should be importable" time="0.013">
      <failure>Error: expect(received).resolves.toBeDefined()

Received promise rejected instead of resolved
Rejected to value: [Error: Can&apos;t find stylesheet to import.
  ╷
8 │ @forward &apos;./generated/fluid-spacing&apos;;
  │ ^^^^^^^^^^^^^^^^^^^^^^^^^^^^^^^^^^^^
  ╵
  node_modules/@carbon/layout/scss/_spacing.scss 8:1                   @forward
  node_modules/@carbon/styles/scss/_spacing.scss 8:1                   @use
  node_modules/@carbon/styles/scss/components/form/_form.scss 9:1      @forward
  node_modules/@carbon/styles/scss/components/form/_index.scss 8:1     @use
  node_modules/@carbon/styles/scss/components/select/_select.scss 8:1  @forward
  node_modules/@carbon/styles/scss/components/select/_index.scss 8:1   @forward
  packages/react/scss/components/select/_index.scss 9:1                @use
  stdin 2:1                                                            root stylesheet]
    at expect (/Users/chrisvelgersdyk/Desktop/carbon-coverall/carbon-coverall-poc/node_modules/expect/build/index.js:128:15)
    at Object.expect (/Users/chrisvelgersdyk/Desktop/carbon-coverall/carbon-coverall-poc/packages/react/__tests__/scss-test.js:24:13)
    at Promise.then.completed (/Users/chrisvelgersdyk/Desktop/carbon-coverall/carbon-coverall-poc/node_modules/jest-circus/build/utils.js:333:28)
    at new Promise (&lt;anonymous&gt;)
    at callAsyncCircusFn (/Users/chrisvelgersdyk/Desktop/carbon-coverall/carbon-coverall-poc/node_modules/jest-circus/build/utils.js:259:10)
    at _callCircusTest (/Users/chrisvelgersdyk/Desktop/carbon-coverall/carbon-coverall-poc/node_modules/jest-circus/build/run.js:276:40)
    at processTicksAndRejections (node:internal/process/task_queues:95:5)
    at _runTest (/Users/chrisvelgersdyk/Desktop/carbon-coverall/carbon-coverall-poc/node_modules/jest-circus/build/run.js:208:3)
    at _runTestsForDescribeBlock (/Users/chrisvelgersdyk/Desktop/carbon-coverall/carbon-coverall-poc/node_modules/jest-circus/build/run.js:96:9)
    at _runTestsForDescribeBlock (/Users/chrisvelgersdyk/Desktop/carbon-coverall/carbon-coverall-poc/node_modules/jest-circus/build/run.js:90:9)</failure>
    </testcase>
    <testcase classname="@carbon/react/scss scss/components/select/select should be importable" name="@carbon/react/scss scss/components/select/select should be importable" time="0.017">
      <failure>Error: expect(received).resolves.toBeDefined()

Received promise rejected instead of resolved
Rejected to value: [Error: Can&apos;t find stylesheet to import.
  ╷
8 │ @forward &apos;./generated/fluid-spacing&apos;;
  │ ^^^^^^^^^^^^^^^^^^^^^^^^^^^^^^^^^^^^
  ╵
  node_modules/@carbon/layout/scss/_spacing.scss 8:1                   @forward
  node_modules/@carbon/styles/scss/_spacing.scss 8:1                   @use
  node_modules/@carbon/styles/scss/components/form/_form.scss 9:1      @forward
  node_modules/@carbon/styles/scss/components/form/_index.scss 8:1     @use
  node_modules/@carbon/styles/scss/components/select/_select.scss 8:1  @forward
  packages/react/scss/components/select/_select.scss 9:1               @use
  stdin 2:1                                                            root stylesheet]
    at expect (/Users/chrisvelgersdyk/Desktop/carbon-coverall/carbon-coverall-poc/node_modules/expect/build/index.js:128:15)
    at Object.expect (/Users/chrisvelgersdyk/Desktop/carbon-coverall/carbon-coverall-poc/packages/react/__tests__/scss-test.js:24:13)
    at Promise.then.completed (/Users/chrisvelgersdyk/Desktop/carbon-coverall/carbon-coverall-poc/node_modules/jest-circus/build/utils.js:333:28)
    at new Promise (&lt;anonymous&gt;)
    at callAsyncCircusFn (/Users/chrisvelgersdyk/Desktop/carbon-coverall/carbon-coverall-poc/node_modules/jest-circus/build/utils.js:259:10)
    at _callCircusTest (/Users/chrisvelgersdyk/Desktop/carbon-coverall/carbon-coverall-poc/node_modules/jest-circus/build/run.js:276:40)
    at processTicksAndRejections (node:internal/process/task_queues:95:5)
    at _runTest (/Users/chrisvelgersdyk/Desktop/carbon-coverall/carbon-coverall-poc/node_modules/jest-circus/build/run.js:208:3)
    at _runTestsForDescribeBlock (/Users/chrisvelgersdyk/Desktop/carbon-coverall/carbon-coverall-poc/node_modules/jest-circus/build/run.js:96:9)
    at _runTestsForDescribeBlock (/Users/chrisvelgersdyk/Desktop/carbon-coverall/carbon-coverall-poc/node_modules/jest-circus/build/run.js:90:9)</failure>
    </testcase>
    <testcase classname="@carbon/react/scss scss/components/skeleton-styles should be importable" name="@carbon/react/scss scss/components/skeleton-styles should be importable" time="0.011">
      <failure>Error: expect(received).resolves.toBeDefined()

Received promise rejected instead of resolved
Rejected to value: [Error: Can&apos;t find stylesheet to import.
  ╷
8 │ @forward &apos;generated/themes&apos;;
  │ ^^^^^^^^^^^^^^^^^^^^^^^^^^^
  ╵
  node_modules/@carbon/themes/scss/compat/_themes.scss 8:1                               @use
  node_modules/@carbon/styles/scss/compat/_themes.scss 9:1                               @use
  node_modules/@carbon/styles/scss/theme/_theme.scss 12:1                                @forward
  node_modules/@carbon/styles/scss/_theme.scss 8:1                                       @use
  node_modules/@carbon/styles/scss/utilities/_skeleton.scss 9:1                          @use
  node_modules/@carbon/styles/scss/components/skeleton-styles/_skeleton-styles.scss 9:1  @forward
  node_modules/@carbon/styles/scss/components/skeleton-styles/_index.scss 8:1            @forward
  packages/react/scss/components/skeleton-styles/_index.scss 9:1                         @use
  stdin 2:1                                                                              root stylesheet]
    at expect (/Users/chrisvelgersdyk/Desktop/carbon-coverall/carbon-coverall-poc/node_modules/expect/build/index.js:128:15)
    at Object.expect (/Users/chrisvelgersdyk/Desktop/carbon-coverall/carbon-coverall-poc/packages/react/__tests__/scss-test.js:24:13)
    at Promise.then.completed (/Users/chrisvelgersdyk/Desktop/carbon-coverall/carbon-coverall-poc/node_modules/jest-circus/build/utils.js:333:28)
    at new Promise (&lt;anonymous&gt;)
    at callAsyncCircusFn (/Users/chrisvelgersdyk/Desktop/carbon-coverall/carbon-coverall-poc/node_modules/jest-circus/build/utils.js:259:10)
    at _callCircusTest (/Users/chrisvelgersdyk/Desktop/carbon-coverall/carbon-coverall-poc/node_modules/jest-circus/build/run.js:276:40)
    at processTicksAndRejections (node:internal/process/task_queues:95:5)
    at _runTest (/Users/chrisvelgersdyk/Desktop/carbon-coverall/carbon-coverall-poc/node_modules/jest-circus/build/run.js:208:3)
    at _runTestsForDescribeBlock (/Users/chrisvelgersdyk/Desktop/carbon-coverall/carbon-coverall-poc/node_modules/jest-circus/build/run.js:96:9)
    at _runTestsForDescribeBlock (/Users/chrisvelgersdyk/Desktop/carbon-coverall/carbon-coverall-poc/node_modules/jest-circus/build/run.js:90:9)</failure>
    </testcase>
    <testcase classname="@carbon/react/scss scss/components/skeleton-styles/skeleton-styles should be importable" name="@carbon/react/scss scss/components/skeleton-styles/skeleton-styles should be importable" time="0.006">
      <failure>Error: expect(received).resolves.toBeDefined()

Received promise rejected instead of resolved
Rejected to value: [Error: Can&apos;t find stylesheet to import.
  ╷
8 │ @forward &apos;generated/themes&apos;;
  │ ^^^^^^^^^^^^^^^^^^^^^^^^^^^
  ╵
  node_modules/@carbon/themes/scss/compat/_themes.scss 8:1                               @use
  node_modules/@carbon/styles/scss/compat/_themes.scss 9:1                               @use
  node_modules/@carbon/styles/scss/theme/_theme.scss 12:1                                @forward
  node_modules/@carbon/styles/scss/_theme.scss 8:1                                       @use
  node_modules/@carbon/styles/scss/utilities/_skeleton.scss 9:1                          @use
  node_modules/@carbon/styles/scss/components/skeleton-styles/_skeleton-styles.scss 9:1  @forward
  packages/react/scss/components/skeleton-styles/_skeleton-styles.scss 9:1               @use
  stdin 2:1                                                                              root stylesheet]
    at expect (/Users/chrisvelgersdyk/Desktop/carbon-coverall/carbon-coverall-poc/node_modules/expect/build/index.js:128:15)
    at Object.expect (/Users/chrisvelgersdyk/Desktop/carbon-coverall/carbon-coverall-poc/packages/react/__tests__/scss-test.js:24:13)
    at Promise.then.completed (/Users/chrisvelgersdyk/Desktop/carbon-coverall/carbon-coverall-poc/node_modules/jest-circus/build/utils.js:333:28)
    at new Promise (&lt;anonymous&gt;)
    at callAsyncCircusFn (/Users/chrisvelgersdyk/Desktop/carbon-coverall/carbon-coverall-poc/node_modules/jest-circus/build/utils.js:259:10)
    at _callCircusTest (/Users/chrisvelgersdyk/Desktop/carbon-coverall/carbon-coverall-poc/node_modules/jest-circus/build/run.js:276:40)
    at processTicksAndRejections (node:internal/process/task_queues:95:5)
    at _runTest (/Users/chrisvelgersdyk/Desktop/carbon-coverall/carbon-coverall-poc/node_modules/jest-circus/build/run.js:208:3)
    at _runTestsForDescribeBlock (/Users/chrisvelgersdyk/Desktop/carbon-coverall/carbon-coverall-poc/node_modules/jest-circus/build/run.js:96:9)
    at _runTestsForDescribeBlock (/Users/chrisvelgersdyk/Desktop/carbon-coverall/carbon-coverall-poc/node_modules/jest-circus/build/run.js:90:9)</failure>
    </testcase>
    <testcase classname="@carbon/react/scss scss/components/skeleton-styles/ai-skeleton-styles should be importable" name="@carbon/react/scss scss/components/skeleton-styles/ai-skeleton-styles should be importable" time="0.009">
      <failure>Error: expect(received).resolves.toBeDefined()

Received promise rejected instead of resolved
Rejected to value: [Error: Can&apos;t find stylesheet to import.
  ╷
8 │ @forward &apos;generated/themes&apos;;
  │ ^^^^^^^^^^^^^^^^^^^^^^^^^^^
  ╵
  node_modules/@carbon/themes/scss/compat/_themes.scss 8:1                                  @use
  node_modules/@carbon/styles/scss/compat/_themes.scss 9:1                                  @use
  node_modules/@carbon/styles/scss/theme/_theme.scss 12:1                                   @forward
  node_modules/@carbon/styles/scss/_theme.scss 8:1                                          @use
  node_modules/@carbon/styles/scss/components/skeleton-styles/_ai-skeleton-styles.scss 9:1  @forward
  packages/react/scss/components/skeleton-styles/_ai-skeleton-styles.scss 9:1               @use
  stdin 2:1                                                                                 root stylesheet]
    at expect (/Users/chrisvelgersdyk/Desktop/carbon-coverall/carbon-coverall-poc/node_modules/expect/build/index.js:128:15)
    at Object.expect (/Users/chrisvelgersdyk/Desktop/carbon-coverall/carbon-coverall-poc/packages/react/__tests__/scss-test.js:24:13)
    at Promise.then.completed (/Users/chrisvelgersdyk/Desktop/carbon-coverall/carbon-coverall-poc/node_modules/jest-circus/build/utils.js:333:28)
    at new Promise (&lt;anonymous&gt;)
    at callAsyncCircusFn (/Users/chrisvelgersdyk/Desktop/carbon-coverall/carbon-coverall-poc/node_modules/jest-circus/build/utils.js:259:10)
    at _callCircusTest (/Users/chrisvelgersdyk/Desktop/carbon-coverall/carbon-coverall-poc/node_modules/jest-circus/build/run.js:276:40)
    at processTicksAndRejections (node:internal/process/task_queues:95:5)
    at _runTest (/Users/chrisvelgersdyk/Desktop/carbon-coverall/carbon-coverall-poc/node_modules/jest-circus/build/run.js:208:3)
    at _runTestsForDescribeBlock (/Users/chrisvelgersdyk/Desktop/carbon-coverall/carbon-coverall-poc/node_modules/jest-circus/build/run.js:96:9)
    at _runTestsForDescribeBlock (/Users/chrisvelgersdyk/Desktop/carbon-coverall/carbon-coverall-poc/node_modules/jest-circus/build/run.js:90:9)</failure>
    </testcase>
    <testcase classname="@carbon/react/scss scss/components/slider should be importable" name="@carbon/react/scss scss/components/slider should be importable" time="0.019">
      <failure>Error: expect(received).resolves.toBeDefined()

Received promise rejected instead of resolved
Rejected to value: [Error: Can&apos;t find stylesheet to import.
  ╷
8 │ @forward &apos;./generated/fluid-spacing&apos;;
  │ ^^^^^^^^^^^^^^^^^^^^^^^^^^^^^^^^^^^^
  ╵
  node_modules/@carbon/layout/scss/_spacing.scss 8:1                    @forward
  node_modules/@carbon/styles/scss/_spacing.scss 8:1                    @use
  node_modules/@carbon/styles/scss/components/form/_form.scss 9:1       @forward
  node_modules/@carbon/styles/scss/components/form/_index.scss 8:1      @use
  node_modules/@carbon/styles/scss/components/slider/_slider.scss 12:1  @forward
  node_modules/@carbon/styles/scss/components/slider/_index.scss 8:1    @forward
  packages/react/scss/components/slider/_index.scss 9:1                 @use
  stdin 2:1                                                             root stylesheet]
    at expect (/Users/chrisvelgersdyk/Desktop/carbon-coverall/carbon-coverall-poc/node_modules/expect/build/index.js:128:15)
    at Object.expect (/Users/chrisvelgersdyk/Desktop/carbon-coverall/carbon-coverall-poc/packages/react/__tests__/scss-test.js:24:13)
    at Promise.then.completed (/Users/chrisvelgersdyk/Desktop/carbon-coverall/carbon-coverall-poc/node_modules/jest-circus/build/utils.js:333:28)
    at new Promise (&lt;anonymous&gt;)
    at callAsyncCircusFn (/Users/chrisvelgersdyk/Desktop/carbon-coverall/carbon-coverall-poc/node_modules/jest-circus/build/utils.js:259:10)
    at _callCircusTest (/Users/chrisvelgersdyk/Desktop/carbon-coverall/carbon-coverall-poc/node_modules/jest-circus/build/run.js:276:40)
    at processTicksAndRejections (node:internal/process/task_queues:95:5)
    at _runTest (/Users/chrisvelgersdyk/Desktop/carbon-coverall/carbon-coverall-poc/node_modules/jest-circus/build/run.js:208:3)
    at _runTestsForDescribeBlock (/Users/chrisvelgersdyk/Desktop/carbon-coverall/carbon-coverall-poc/node_modules/jest-circus/build/run.js:96:9)
    at _runTestsForDescribeBlock (/Users/chrisvelgersdyk/Desktop/carbon-coverall/carbon-coverall-poc/node_modules/jest-circus/build/run.js:90:9)</failure>
    </testcase>
    <testcase classname="@carbon/react/scss scss/components/slider/slider should be importable" name="@carbon/react/scss scss/components/slider/slider should be importable" time="0.008">
      <failure>Error: expect(received).resolves.toBeDefined()

Received promise rejected instead of resolved
Rejected to value: [Error: Can&apos;t find stylesheet to import.
  ╷
8 │ @forward &apos;./generated/fluid-spacing&apos;;
  │ ^^^^^^^^^^^^^^^^^^^^^^^^^^^^^^^^^^^^
  ╵
  node_modules/@carbon/layout/scss/_spacing.scss 8:1                    @forward
  node_modules/@carbon/styles/scss/_spacing.scss 8:1                    @use
  node_modules/@carbon/styles/scss/components/form/_form.scss 9:1       @forward
  node_modules/@carbon/styles/scss/components/form/_index.scss 8:1      @use
  node_modules/@carbon/styles/scss/components/slider/_slider.scss 12:1  @forward
  packages/react/scss/components/slider/_slider.scss 9:1                @use
  stdin 2:1                                                             root stylesheet]
    at expect (/Users/chrisvelgersdyk/Desktop/carbon-coverall/carbon-coverall-poc/node_modules/expect/build/index.js:128:15)
    at Object.expect (/Users/chrisvelgersdyk/Desktop/carbon-coverall/carbon-coverall-poc/packages/react/__tests__/scss-test.js:24:13)
    at Promise.then.completed (/Users/chrisvelgersdyk/Desktop/carbon-coverall/carbon-coverall-poc/node_modules/jest-circus/build/utils.js:333:28)
    at new Promise (&lt;anonymous&gt;)
    at callAsyncCircusFn (/Users/chrisvelgersdyk/Desktop/carbon-coverall/carbon-coverall-poc/node_modules/jest-circus/build/utils.js:259:10)
    at _callCircusTest (/Users/chrisvelgersdyk/Desktop/carbon-coverall/carbon-coverall-poc/node_modules/jest-circus/build/run.js:276:40)
    at processTicksAndRejections (node:internal/process/task_queues:95:5)
    at _runTest (/Users/chrisvelgersdyk/Desktop/carbon-coverall/carbon-coverall-poc/node_modules/jest-circus/build/run.js:208:3)
    at _runTestsForDescribeBlock (/Users/chrisvelgersdyk/Desktop/carbon-coverall/carbon-coverall-poc/node_modules/jest-circus/build/run.js:96:9)
    at _runTestsForDescribeBlock (/Users/chrisvelgersdyk/Desktop/carbon-coverall/carbon-coverall-poc/node_modules/jest-circus/build/run.js:90:9)</failure>
    </testcase>
    <testcase classname="@carbon/react/scss scss/components/slug should be importable" name="@carbon/react/scss scss/components/slug should be importable" time="0.011">
      <failure>Error: expect(received).resolves.toBeDefined()

Received promise rejected instead of resolved
Rejected to value: [Error: Can&apos;t find stylesheet to import.
  ╷
8 │ @forward &apos;@carbon/colors&apos;;
  │ ^^^^^^^^^^^^^^^^^^^^^^^^^
  ╵
  node_modules/@carbon/styles/scss/_colors.scss 8:1                 @use
  node_modules/@carbon/styles/scss/components/slug/_slug.scss 9:1   @forward
  node_modules/@carbon/styles/scss/components/slug/_index.scss 8:1  @forward
  packages/react/scss/components/slug/_index.scss 9:1               @use
  stdin 2:1                                                         root stylesheet]
    at expect (/Users/chrisvelgersdyk/Desktop/carbon-coverall/carbon-coverall-poc/node_modules/expect/build/index.js:128:15)
    at Object.expect (/Users/chrisvelgersdyk/Desktop/carbon-coverall/carbon-coverall-poc/packages/react/__tests__/scss-test.js:24:13)
    at Promise.then.completed (/Users/chrisvelgersdyk/Desktop/carbon-coverall/carbon-coverall-poc/node_modules/jest-circus/build/utils.js:333:28)
    at new Promise (&lt;anonymous&gt;)
    at callAsyncCircusFn (/Users/chrisvelgersdyk/Desktop/carbon-coverall/carbon-coverall-poc/node_modules/jest-circus/build/utils.js:259:10)
    at _callCircusTest (/Users/chrisvelgersdyk/Desktop/carbon-coverall/carbon-coverall-poc/node_modules/jest-circus/build/run.js:276:40)
    at processTicksAndRejections (node:internal/process/task_queues:95:5)
    at _runTest (/Users/chrisvelgersdyk/Desktop/carbon-coverall/carbon-coverall-poc/node_modules/jest-circus/build/run.js:208:3)
    at _runTestsForDescribeBlock (/Users/chrisvelgersdyk/Desktop/carbon-coverall/carbon-coverall-poc/node_modules/jest-circus/build/run.js:96:9)
    at _runTestsForDescribeBlock (/Users/chrisvelgersdyk/Desktop/carbon-coverall/carbon-coverall-poc/node_modules/jest-circus/build/run.js:90:9)</failure>
    </testcase>
    <testcase classname="@carbon/react/scss scss/components/slug/slug should be importable" name="@carbon/react/scss scss/components/slug/slug should be importable" time="0.021">
      <failure>Error: expect(received).resolves.toBeDefined()

Received promise rejected instead of resolved
Rejected to value: [Error: Can&apos;t find stylesheet to import.
  ╷
8 │ @forward &apos;@carbon/colors&apos;;
  │ ^^^^^^^^^^^^^^^^^^^^^^^^^
  ╵
  node_modules/@carbon/styles/scss/_colors.scss 8:1                @use
  node_modules/@carbon/styles/scss/components/slug/_slug.scss 9:1  @forward
  packages/react/scss/components/slug/_slug.scss 9:1               @use
  stdin 2:1                                                        root stylesheet]
    at expect (/Users/chrisvelgersdyk/Desktop/carbon-coverall/carbon-coverall-poc/node_modules/expect/build/index.js:128:15)
    at Object.expect (/Users/chrisvelgersdyk/Desktop/carbon-coverall/carbon-coverall-poc/packages/react/__tests__/scss-test.js:24:13)
    at Promise.then.completed (/Users/chrisvelgersdyk/Desktop/carbon-coverall/carbon-coverall-poc/node_modules/jest-circus/build/utils.js:333:28)
    at new Promise (&lt;anonymous&gt;)
    at callAsyncCircusFn (/Users/chrisvelgersdyk/Desktop/carbon-coverall/carbon-coverall-poc/node_modules/jest-circus/build/utils.js:259:10)
    at _callCircusTest (/Users/chrisvelgersdyk/Desktop/carbon-coverall/carbon-coverall-poc/node_modules/jest-circus/build/run.js:276:40)
    at processTicksAndRejections (node:internal/process/task_queues:95:5)
    at _runTest (/Users/chrisvelgersdyk/Desktop/carbon-coverall/carbon-coverall-poc/node_modules/jest-circus/build/run.js:208:3)
    at _runTestsForDescribeBlock (/Users/chrisvelgersdyk/Desktop/carbon-coverall/carbon-coverall-poc/node_modules/jest-circus/build/run.js:96:9)
    at _runTestsForDescribeBlock (/Users/chrisvelgersdyk/Desktop/carbon-coverall/carbon-coverall-poc/node_modules/jest-circus/build/run.js:90:9)</failure>
    </testcase>
    <testcase classname="@carbon/react/scss scss/components/stack should be importable" name="@carbon/react/scss scss/components/stack should be importable" time="0.066">
      <failure>Error: expect(received).resolves.toBeDefined()

Received promise rejected instead of resolved
Rejected to value: [Error: Can&apos;t find stylesheet to import.
  ╷
8 │ @forward &apos;./generated/fluid-spacing&apos;;
  │ ^^^^^^^^^^^^^^^^^^^^^^^^^^^^^^^^^^^^
  ╵
  node_modules/@carbon/layout/scss/_spacing.scss 8:1                 @forward
  node_modules/@carbon/styles/scss/_spacing.scss 8:1                 @use
  node_modules/@carbon/styles/scss/components/stack/_stack.scss 9:1  @forward
  node_modules/@carbon/styles/scss/components/stack/_index.scss 8:1  @forward
  packages/react/scss/components/stack/_index.scss 9:1               @use
  stdin 2:1                                                          root stylesheet]
    at expect (/Users/chrisvelgersdyk/Desktop/carbon-coverall/carbon-coverall-poc/node_modules/expect/build/index.js:128:15)
    at Object.expect (/Users/chrisvelgersdyk/Desktop/carbon-coverall/carbon-coverall-poc/packages/react/__tests__/scss-test.js:24:13)
    at Promise.then.completed (/Users/chrisvelgersdyk/Desktop/carbon-coverall/carbon-coverall-poc/node_modules/jest-circus/build/utils.js:333:28)
    at new Promise (&lt;anonymous&gt;)
    at callAsyncCircusFn (/Users/chrisvelgersdyk/Desktop/carbon-coverall/carbon-coverall-poc/node_modules/jest-circus/build/utils.js:259:10)
    at _callCircusTest (/Users/chrisvelgersdyk/Desktop/carbon-coverall/carbon-coverall-poc/node_modules/jest-circus/build/run.js:276:40)
    at processTicksAndRejections (node:internal/process/task_queues:95:5)
    at _runTest (/Users/chrisvelgersdyk/Desktop/carbon-coverall/carbon-coverall-poc/node_modules/jest-circus/build/run.js:208:3)
    at _runTestsForDescribeBlock (/Users/chrisvelgersdyk/Desktop/carbon-coverall/carbon-coverall-poc/node_modules/jest-circus/build/run.js:96:9)
    at _runTestsForDescribeBlock (/Users/chrisvelgersdyk/Desktop/carbon-coverall/carbon-coverall-poc/node_modules/jest-circus/build/run.js:90:9)</failure>
    </testcase>
    <testcase classname="@carbon/react/scss scss/components/stack/stack should be importable" name="@carbon/react/scss scss/components/stack/stack should be importable" time="0.004">
      <failure>Error: expect(received).resolves.toBeDefined()

Received promise rejected instead of resolved
Rejected to value: [Error: Can&apos;t find stylesheet to import.
  ╷
8 │ @forward &apos;./generated/fluid-spacing&apos;;
  │ ^^^^^^^^^^^^^^^^^^^^^^^^^^^^^^^^^^^^
  ╵
  node_modules/@carbon/layout/scss/_spacing.scss 8:1                 @forward
  node_modules/@carbon/styles/scss/_spacing.scss 8:1                 @use
  node_modules/@carbon/styles/scss/components/stack/_stack.scss 9:1  @forward
  packages/react/scss/components/stack/_stack.scss 9:1               @use
  stdin 2:1                                                          root stylesheet]
    at expect (/Users/chrisvelgersdyk/Desktop/carbon-coverall/carbon-coverall-poc/node_modules/expect/build/index.js:128:15)
    at Object.expect (/Users/chrisvelgersdyk/Desktop/carbon-coverall/carbon-coverall-poc/packages/react/__tests__/scss-test.js:24:13)
    at Promise.then.completed (/Users/chrisvelgersdyk/Desktop/carbon-coverall/carbon-coverall-poc/node_modules/jest-circus/build/utils.js:333:28)
    at new Promise (&lt;anonymous&gt;)
    at callAsyncCircusFn (/Users/chrisvelgersdyk/Desktop/carbon-coverall/carbon-coverall-poc/node_modules/jest-circus/build/utils.js:259:10)
    at _callCircusTest (/Users/chrisvelgersdyk/Desktop/carbon-coverall/carbon-coverall-poc/node_modules/jest-circus/build/run.js:276:40)
    at processTicksAndRejections (node:internal/process/task_queues:95:5)
    at _runTest (/Users/chrisvelgersdyk/Desktop/carbon-coverall/carbon-coverall-poc/node_modules/jest-circus/build/run.js:208:3)
    at _runTestsForDescribeBlock (/Users/chrisvelgersdyk/Desktop/carbon-coverall/carbon-coverall-poc/node_modules/jest-circus/build/run.js:96:9)
    at _runTestsForDescribeBlock (/Users/chrisvelgersdyk/Desktop/carbon-coverall/carbon-coverall-poc/node_modules/jest-circus/build/run.js:90:9)</failure>
    </testcase>
    <testcase classname="@carbon/react/scss scss/components/structured-list should be importable" name="@carbon/react/scss scss/components/structured-list should be importable" time="0.004">
      <failure>Error: expect(received).resolves.toBeDefined()

Received promise rejected instead of resolved
Rejected to value: [Error: Can&apos;t find stylesheet to import.
  ╷
8 │ @forward &apos;./generated/fluid-spacing&apos;;
  │ ^^^^^^^^^^^^^^^^^^^^^^^^^^^^^^^^^^^^
  ╵
  node_modules/@carbon/layout/scss/_spacing.scss 8:1                                     @forward
  node_modules/@carbon/styles/scss/_spacing.scss 8:1                                     @use
  node_modules/@carbon/styles/scss/components/structured-list/_mixins.scss 8:1           @use
  node_modules/@carbon/styles/scss/components/structured-list/_structured-list.scss 8:1  @forward
  node_modules/@carbon/styles/scss/components/structured-list/_index.scss 8:1            @forward
  packages/react/scss/components/structured-list/_index.scss 9:1                         @use
  stdin 2:1                                                                              root stylesheet]
    at expect (/Users/chrisvelgersdyk/Desktop/carbon-coverall/carbon-coverall-poc/node_modules/expect/build/index.js:128:15)
    at Object.expect (/Users/chrisvelgersdyk/Desktop/carbon-coverall/carbon-coverall-poc/packages/react/__tests__/scss-test.js:24:13)
    at Promise.then.completed (/Users/chrisvelgersdyk/Desktop/carbon-coverall/carbon-coverall-poc/node_modules/jest-circus/build/utils.js:333:28)
    at new Promise (&lt;anonymous&gt;)
    at callAsyncCircusFn (/Users/chrisvelgersdyk/Desktop/carbon-coverall/carbon-coverall-poc/node_modules/jest-circus/build/utils.js:259:10)
    at _callCircusTest (/Users/chrisvelgersdyk/Desktop/carbon-coverall/carbon-coverall-poc/node_modules/jest-circus/build/run.js:276:40)
    at processTicksAndRejections (node:internal/process/task_queues:95:5)
    at _runTest (/Users/chrisvelgersdyk/Desktop/carbon-coverall/carbon-coverall-poc/node_modules/jest-circus/build/run.js:208:3)
    at _runTestsForDescribeBlock (/Users/chrisvelgersdyk/Desktop/carbon-coverall/carbon-coverall-poc/node_modules/jest-circus/build/run.js:96:9)
    at _runTestsForDescribeBlock (/Users/chrisvelgersdyk/Desktop/carbon-coverall/carbon-coverall-poc/node_modules/jest-circus/build/run.js:90:9)</failure>
    </testcase>
    <testcase classname="@carbon/react/scss scss/components/structured-list/structured-list should be importable" name="@carbon/react/scss scss/components/structured-list/structured-list should be importable" time="0.004">
      <failure>Error: expect(received).resolves.toBeDefined()

Received promise rejected instead of resolved
Rejected to value: [Error: Can&apos;t find stylesheet to import.
  ╷
8 │ @forward &apos;./generated/fluid-spacing&apos;;
  │ ^^^^^^^^^^^^^^^^^^^^^^^^^^^^^^^^^^^^
  ╵
  node_modules/@carbon/layout/scss/_spacing.scss 8:1                                     @forward
  node_modules/@carbon/styles/scss/_spacing.scss 8:1                                     @use
  node_modules/@carbon/styles/scss/components/structured-list/_mixins.scss 8:1           @use
  node_modules/@carbon/styles/scss/components/structured-list/_structured-list.scss 8:1  @forward
  packages/react/scss/components/structured-list/_structured-list.scss 9:1               @use
  stdin 2:1                                                                              root stylesheet]
    at expect (/Users/chrisvelgersdyk/Desktop/carbon-coverall/carbon-coverall-poc/node_modules/expect/build/index.js:128:15)
    at Object.expect (/Users/chrisvelgersdyk/Desktop/carbon-coverall/carbon-coverall-poc/packages/react/__tests__/scss-test.js:24:13)
    at Promise.then.completed (/Users/chrisvelgersdyk/Desktop/carbon-coverall/carbon-coverall-poc/node_modules/jest-circus/build/utils.js:333:28)
    at new Promise (&lt;anonymous&gt;)
    at callAsyncCircusFn (/Users/chrisvelgersdyk/Desktop/carbon-coverall/carbon-coverall-poc/node_modules/jest-circus/build/utils.js:259:10)
    at _callCircusTest (/Users/chrisvelgersdyk/Desktop/carbon-coverall/carbon-coverall-poc/node_modules/jest-circus/build/run.js:276:40)
    at processTicksAndRejections (node:internal/process/task_queues:95:5)
    at _runTest (/Users/chrisvelgersdyk/Desktop/carbon-coverall/carbon-coverall-poc/node_modules/jest-circus/build/run.js:208:3)
    at _runTestsForDescribeBlock (/Users/chrisvelgersdyk/Desktop/carbon-coverall/carbon-coverall-poc/node_modules/jest-circus/build/run.js:96:9)
    at _runTestsForDescribeBlock (/Users/chrisvelgersdyk/Desktop/carbon-coverall/carbon-coverall-poc/node_modules/jest-circus/build/run.js:90:9)</failure>
    </testcase>
    <testcase classname="@carbon/react/scss scss/components/tabs should be importable" name="@carbon/react/scss scss/components/tabs should be importable" time="0.017">
      <failure>Error: expect(received).resolves.toBeDefined()

Received promise rejected instead of resolved
Rejected to value: [Error: Can&apos;t find stylesheet to import.
  ╷
8 │ @forward &apos;generated/themes&apos;;
  │ ^^^^^^^^^^^^^^^^^^^^^^^^^^^
  ╵
  node_modules/@carbon/themes/scss/compat/_themes.scss 8:1          @use
  node_modules/@carbon/styles/scss/compat/_themes.scss 9:1          @use
  node_modules/@carbon/styles/scss/theme/_theme.scss 12:1           @forward
  node_modules/@carbon/styles/scss/_theme.scss 8:1                  @use
  node_modules/@carbon/styles/scss/components/tabs/_vars.scss 10:1  @use
  node_modules/@carbon/styles/scss/components/tabs/_tabs.scss 12:1  @forward
  node_modules/@carbon/styles/scss/components/tabs/_index.scss 8:1  @forward
  packages/react/scss/components/tabs/_index.scss 9:1               @use
  stdin 2:1                                                         root stylesheet]
    at expect (/Users/chrisvelgersdyk/Desktop/carbon-coverall/carbon-coverall-poc/node_modules/expect/build/index.js:128:15)
    at Object.expect (/Users/chrisvelgersdyk/Desktop/carbon-coverall/carbon-coverall-poc/packages/react/__tests__/scss-test.js:24:13)
    at Promise.then.completed (/Users/chrisvelgersdyk/Desktop/carbon-coverall/carbon-coverall-poc/node_modules/jest-circus/build/utils.js:333:28)
    at new Promise (&lt;anonymous&gt;)
    at callAsyncCircusFn (/Users/chrisvelgersdyk/Desktop/carbon-coverall/carbon-coverall-poc/node_modules/jest-circus/build/utils.js:259:10)
    at _callCircusTest (/Users/chrisvelgersdyk/Desktop/carbon-coverall/carbon-coverall-poc/node_modules/jest-circus/build/run.js:276:40)
    at processTicksAndRejections (node:internal/process/task_queues:95:5)
    at _runTest (/Users/chrisvelgersdyk/Desktop/carbon-coverall/carbon-coverall-poc/node_modules/jest-circus/build/run.js:208:3)
    at _runTestsForDescribeBlock (/Users/chrisvelgersdyk/Desktop/carbon-coverall/carbon-coverall-poc/node_modules/jest-circus/build/run.js:96:9)
    at _runTestsForDescribeBlock (/Users/chrisvelgersdyk/Desktop/carbon-coverall/carbon-coverall-poc/node_modules/jest-circus/build/run.js:90:9)</failure>
    </testcase>
    <testcase classname="@carbon/react/scss scss/components/tabs/tabs should be importable" name="@carbon/react/scss scss/components/tabs/tabs should be importable" time="0.03">
      <failure>Error: expect(received).resolves.toBeDefined()

Received promise rejected instead of resolved
Rejected to value: [Error: Can&apos;t find stylesheet to import.
  ╷
8 │ @forward &apos;generated/themes&apos;;
  │ ^^^^^^^^^^^^^^^^^^^^^^^^^^^
  ╵
  node_modules/@carbon/themes/scss/compat/_themes.scss 8:1          @use
  node_modules/@carbon/styles/scss/compat/_themes.scss 9:1          @use
  node_modules/@carbon/styles/scss/theme/_theme.scss 12:1           @forward
  node_modules/@carbon/styles/scss/_theme.scss 8:1                  @use
  node_modules/@carbon/styles/scss/components/tabs/_vars.scss 10:1  @use
  node_modules/@carbon/styles/scss/components/tabs/_tabs.scss 12:1  @forward
  packages/react/scss/components/tabs/_tabs.scss 9:1                @use
  stdin 2:1                                                         root stylesheet]
    at expect (/Users/chrisvelgersdyk/Desktop/carbon-coverall/carbon-coverall-poc/node_modules/expect/build/index.js:128:15)
    at Object.expect (/Users/chrisvelgersdyk/Desktop/carbon-coverall/carbon-coverall-poc/packages/react/__tests__/scss-test.js:24:13)
    at Promise.then.completed (/Users/chrisvelgersdyk/Desktop/carbon-coverall/carbon-coverall-poc/node_modules/jest-circus/build/utils.js:333:28)
    at new Promise (&lt;anonymous&gt;)
    at callAsyncCircusFn (/Users/chrisvelgersdyk/Desktop/carbon-coverall/carbon-coverall-poc/node_modules/jest-circus/build/utils.js:259:10)
    at _callCircusTest (/Users/chrisvelgersdyk/Desktop/carbon-coverall/carbon-coverall-poc/node_modules/jest-circus/build/run.js:276:40)
    at processTicksAndRejections (node:internal/process/task_queues:95:5)
    at _runTest (/Users/chrisvelgersdyk/Desktop/carbon-coverall/carbon-coverall-poc/node_modules/jest-circus/build/run.js:208:3)
    at _runTestsForDescribeBlock (/Users/chrisvelgersdyk/Desktop/carbon-coverall/carbon-coverall-poc/node_modules/jest-circus/build/run.js:96:9)
    at _runTestsForDescribeBlock (/Users/chrisvelgersdyk/Desktop/carbon-coverall/carbon-coverall-poc/node_modules/jest-circus/build/run.js:90:9)</failure>
    </testcase>
    <testcase classname="@carbon/react/scss scss/components/tag should be importable" name="@carbon/react/scss scss/components/tag should be importable" time="0.011">
      <failure>Error: expect(received).resolves.toBeDefined()

Received promise rejected instead of resolved
Rejected to value: [Error: Can&apos;t find stylesheet to import.
  ╷
8 │ @forward &apos;generated/themes&apos;;
  │ ^^^^^^^^^^^^^^^^^^^^^^^^^^^
  ╵
  node_modules/@carbon/themes/scss/compat/_themes.scss 8:1         @use
  node_modules/@carbon/styles/scss/compat/_themes.scss 9:1         @use
  node_modules/@carbon/styles/scss/theme/_theme.scss 12:1          @forward
  node_modules/@carbon/styles/scss/_theme.scss 8:1                 @use
  node_modules/@carbon/styles/scss/components/tag/_tag.scss 8:1    @forward
  node_modules/@carbon/styles/scss/components/tag/_index.scss 8:1  @forward
  packages/react/scss/components/tag/_index.scss 9:1               @use
  stdin 2:1                                                        root stylesheet]
    at expect (/Users/chrisvelgersdyk/Desktop/carbon-coverall/carbon-coverall-poc/node_modules/expect/build/index.js:128:15)
    at Object.expect (/Users/chrisvelgersdyk/Desktop/carbon-coverall/carbon-coverall-poc/packages/react/__tests__/scss-test.js:24:13)
    at Promise.then.completed (/Users/chrisvelgersdyk/Desktop/carbon-coverall/carbon-coverall-poc/node_modules/jest-circus/build/utils.js:333:28)
    at new Promise (&lt;anonymous&gt;)
    at callAsyncCircusFn (/Users/chrisvelgersdyk/Desktop/carbon-coverall/carbon-coverall-poc/node_modules/jest-circus/build/utils.js:259:10)
    at _callCircusTest (/Users/chrisvelgersdyk/Desktop/carbon-coverall/carbon-coverall-poc/node_modules/jest-circus/build/run.js:276:40)
    at processTicksAndRejections (node:internal/process/task_queues:95:5)
    at _runTest (/Users/chrisvelgersdyk/Desktop/carbon-coverall/carbon-coverall-poc/node_modules/jest-circus/build/run.js:208:3)
    at _runTestsForDescribeBlock (/Users/chrisvelgersdyk/Desktop/carbon-coverall/carbon-coverall-poc/node_modules/jest-circus/build/run.js:96:9)
    at _runTestsForDescribeBlock (/Users/chrisvelgersdyk/Desktop/carbon-coverall/carbon-coverall-poc/node_modules/jest-circus/build/run.js:90:9)</failure>
    </testcase>
    <testcase classname="@carbon/react/scss scss/components/tag/tag should be importable" name="@carbon/react/scss scss/components/tag/tag should be importable" time="0.007">
      <failure>Error: expect(received).resolves.toBeDefined()

Received promise rejected instead of resolved
Rejected to value: [Error: Can&apos;t find stylesheet to import.
  ╷
8 │ @forward &apos;generated/themes&apos;;
  │ ^^^^^^^^^^^^^^^^^^^^^^^^^^^
  ╵
  node_modules/@carbon/themes/scss/compat/_themes.scss 8:1       @use
  node_modules/@carbon/styles/scss/compat/_themes.scss 9:1       @use
  node_modules/@carbon/styles/scss/theme/_theme.scss 12:1        @forward
  node_modules/@carbon/styles/scss/_theme.scss 8:1               @use
  node_modules/@carbon/styles/scss/components/tag/_tag.scss 8:1  @forward
  packages/react/scss/components/tag/_tag.scss 9:1               @use
  stdin 2:1                                                      root stylesheet]
    at expect (/Users/chrisvelgersdyk/Desktop/carbon-coverall/carbon-coverall-poc/node_modules/expect/build/index.js:128:15)
    at Object.expect (/Users/chrisvelgersdyk/Desktop/carbon-coverall/carbon-coverall-poc/packages/react/__tests__/scss-test.js:24:13)
    at Promise.then.completed (/Users/chrisvelgersdyk/Desktop/carbon-coverall/carbon-coverall-poc/node_modules/jest-circus/build/utils.js:333:28)
    at new Promise (&lt;anonymous&gt;)
    at callAsyncCircusFn (/Users/chrisvelgersdyk/Desktop/carbon-coverall/carbon-coverall-poc/node_modules/jest-circus/build/utils.js:259:10)
    at _callCircusTest (/Users/chrisvelgersdyk/Desktop/carbon-coverall/carbon-coverall-poc/node_modules/jest-circus/build/run.js:276:40)
    at processTicksAndRejections (node:internal/process/task_queues:95:5)
    at _runTest (/Users/chrisvelgersdyk/Desktop/carbon-coverall/carbon-coverall-poc/node_modules/jest-circus/build/run.js:208:3)
    at _runTestsForDescribeBlock (/Users/chrisvelgersdyk/Desktop/carbon-coverall/carbon-coverall-poc/node_modules/jest-circus/build/run.js:96:9)
    at _runTestsForDescribeBlock (/Users/chrisvelgersdyk/Desktop/carbon-coverall/carbon-coverall-poc/node_modules/jest-circus/build/run.js:90:9)</failure>
    </testcase>
    <testcase classname="@carbon/react/scss scss/components/tag/tokens should be importable" name="@carbon/react/scss scss/components/tag/tokens should be importable" time="0.008">
      <failure>Error: expect(received).resolves.toBeDefined()

Received promise rejected instead of resolved
Rejected to value: [Error: Can&apos;t find stylesheet to import.
  ╷
8 │ @forward &apos;@carbon/colors&apos;;
  │ ^^^^^^^^^^^^^^^^^^^^^^^^^
  ╵
  node_modules/@carbon/styles/scss/_colors.scss 8:1                  @use
  node_modules/@carbon/styles/scss/components/tag/_tokens.scss 11:1  @forward
  packages/react/scss/components/tag/_tokens.scss 9:1                @use
  stdin 2:1                                                          root stylesheet]
    at expect (/Users/chrisvelgersdyk/Desktop/carbon-coverall/carbon-coverall-poc/node_modules/expect/build/index.js:128:15)
    at Object.expect (/Users/chrisvelgersdyk/Desktop/carbon-coverall/carbon-coverall-poc/packages/react/__tests__/scss-test.js:24:13)
    at Promise.then.completed (/Users/chrisvelgersdyk/Desktop/carbon-coverall/carbon-coverall-poc/node_modules/jest-circus/build/utils.js:333:28)
    at new Promise (&lt;anonymous&gt;)
    at callAsyncCircusFn (/Users/chrisvelgersdyk/Desktop/carbon-coverall/carbon-coverall-poc/node_modules/jest-circus/build/utils.js:259:10)
    at _callCircusTest (/Users/chrisvelgersdyk/Desktop/carbon-coverall/carbon-coverall-poc/node_modules/jest-circus/build/run.js:276:40)
    at processTicksAndRejections (node:internal/process/task_queues:95:5)
    at _runTest (/Users/chrisvelgersdyk/Desktop/carbon-coverall/carbon-coverall-poc/node_modules/jest-circus/build/run.js:208:3)
    at _runTestsForDescribeBlock (/Users/chrisvelgersdyk/Desktop/carbon-coverall/carbon-coverall-poc/node_modules/jest-circus/build/run.js:96:9)
    at _runTestsForDescribeBlock (/Users/chrisvelgersdyk/Desktop/carbon-coverall/carbon-coverall-poc/node_modules/jest-circus/build/run.js:90:9)</failure>
    </testcase>
    <testcase classname="@carbon/react/scss scss/components/text-area should be importable" name="@carbon/react/scss scss/components/text-area should be importable" time="0.016">
      <failure>Error: expect(received).resolves.toBeDefined()

Received promise rejected instead of resolved
Rejected to value: [Error: Can&apos;t find stylesheet to import.
  ╷
8 │ @forward &apos;./generated/fluid-spacing&apos;;
  │ ^^^^^^^^^^^^^^^^^^^^^^^^^^^^^^^^^^^^
  ╵
  node_modules/@carbon/layout/scss/_spacing.scss 8:1                         @forward
  node_modules/@carbon/styles/scss/_spacing.scss 8:1                         @use
  node_modules/@carbon/styles/scss/components/form/_form.scss 9:1            @forward
  node_modules/@carbon/styles/scss/components/form/_index.scss 8:1           @use
  node_modules/@carbon/styles/scss/components/text-area/_text-area.scss 8:1  @forward
  node_modules/@carbon/styles/scss/components/text-area/_index.scss 8:1      @forward
  packages/react/scss/components/text-area/_index.scss 9:1                   @use
  stdin 2:1                                                                  root stylesheet]
    at expect (/Users/chrisvelgersdyk/Desktop/carbon-coverall/carbon-coverall-poc/node_modules/expect/build/index.js:128:15)
    at Object.expect (/Users/chrisvelgersdyk/Desktop/carbon-coverall/carbon-coverall-poc/packages/react/__tests__/scss-test.js:24:13)
    at Promise.then.completed (/Users/chrisvelgersdyk/Desktop/carbon-coverall/carbon-coverall-poc/node_modules/jest-circus/build/utils.js:333:28)
    at new Promise (&lt;anonymous&gt;)
    at callAsyncCircusFn (/Users/chrisvelgersdyk/Desktop/carbon-coverall/carbon-coverall-poc/node_modules/jest-circus/build/utils.js:259:10)
    at _callCircusTest (/Users/chrisvelgersdyk/Desktop/carbon-coverall/carbon-coverall-poc/node_modules/jest-circus/build/run.js:276:40)
    at processTicksAndRejections (node:internal/process/task_queues:95:5)
    at _runTest (/Users/chrisvelgersdyk/Desktop/carbon-coverall/carbon-coverall-poc/node_modules/jest-circus/build/run.js:208:3)
    at _runTestsForDescribeBlock (/Users/chrisvelgersdyk/Desktop/carbon-coverall/carbon-coverall-poc/node_modules/jest-circus/build/run.js:96:9)
    at _runTestsForDescribeBlock (/Users/chrisvelgersdyk/Desktop/carbon-coverall/carbon-coverall-poc/node_modules/jest-circus/build/run.js:90:9)</failure>
    </testcase>
    <testcase classname="@carbon/react/scss scss/components/text-area/text-area should be importable" name="@carbon/react/scss scss/components/text-area/text-area should be importable" time="0.006">
      <failure>Error: expect(received).resolves.toBeDefined()

Received promise rejected instead of resolved
Rejected to value: [Error: Can&apos;t find stylesheet to import.
  ╷
8 │ @forward &apos;./generated/fluid-spacing&apos;;
  │ ^^^^^^^^^^^^^^^^^^^^^^^^^^^^^^^^^^^^
  ╵
  node_modules/@carbon/layout/scss/_spacing.scss 8:1                         @forward
  node_modules/@carbon/styles/scss/_spacing.scss 8:1                         @use
  node_modules/@carbon/styles/scss/components/form/_form.scss 9:1            @forward
  node_modules/@carbon/styles/scss/components/form/_index.scss 8:1           @use
  node_modules/@carbon/styles/scss/components/text-area/_text-area.scss 8:1  @forward
  packages/react/scss/components/text-area/_text-area.scss 9:1               @use
  stdin 2:1                                                                  root stylesheet]
    at expect (/Users/chrisvelgersdyk/Desktop/carbon-coverall/carbon-coverall-poc/node_modules/expect/build/index.js:128:15)
    at Object.expect (/Users/chrisvelgersdyk/Desktop/carbon-coverall/carbon-coverall-poc/packages/react/__tests__/scss-test.js:24:13)
    at Promise.then.completed (/Users/chrisvelgersdyk/Desktop/carbon-coverall/carbon-coverall-poc/node_modules/jest-circus/build/utils.js:333:28)
    at new Promise (&lt;anonymous&gt;)
    at callAsyncCircusFn (/Users/chrisvelgersdyk/Desktop/carbon-coverall/carbon-coverall-poc/node_modules/jest-circus/build/utils.js:259:10)
    at _callCircusTest (/Users/chrisvelgersdyk/Desktop/carbon-coverall/carbon-coverall-poc/node_modules/jest-circus/build/run.js:276:40)
    at processTicksAndRejections (node:internal/process/task_queues:95:5)
    at _runTest (/Users/chrisvelgersdyk/Desktop/carbon-coverall/carbon-coverall-poc/node_modules/jest-circus/build/run.js:208:3)
    at _runTestsForDescribeBlock (/Users/chrisvelgersdyk/Desktop/carbon-coverall/carbon-coverall-poc/node_modules/jest-circus/build/run.js:96:9)
    at _runTestsForDescribeBlock (/Users/chrisvelgersdyk/Desktop/carbon-coverall/carbon-coverall-poc/node_modules/jest-circus/build/run.js:90:9)</failure>
    </testcase>
    <testcase classname="@carbon/react/scss scss/components/text-input should be importable" name="@carbon/react/scss scss/components/text-input should be importable" time="0.008">
      <failure>Error: expect(received).resolves.toBeDefined()

Received promise rejected instead of resolved
Rejected to value: [Error: Can&apos;t find stylesheet to import.
  ╷
8 │ @forward &apos;./generated/fluid-spacing&apos;;
  │ ^^^^^^^^^^^^^^^^^^^^^^^^^^^^^^^^^^^^
  ╵
  node_modules/@carbon/layout/scss/_spacing.scss 8:1                            @forward
  node_modules/@carbon/styles/scss/_spacing.scss 8:1                            @use
  node_modules/@carbon/styles/scss/components/form/_form.scss 9:1               @forward
  node_modules/@carbon/styles/scss/components/form/_index.scss 8:1              @use
  node_modules/@carbon/styles/scss/components/text-input/_text-input.scss 11:1  @forward
  node_modules/@carbon/styles/scss/components/text-input/_index.scss 8:1        @forward
  packages/react/scss/components/text-input/_index.scss 9:1                     @use
  stdin 2:1                                                                     root stylesheet]
    at expect (/Users/chrisvelgersdyk/Desktop/carbon-coverall/carbon-coverall-poc/node_modules/expect/build/index.js:128:15)
    at Object.expect (/Users/chrisvelgersdyk/Desktop/carbon-coverall/carbon-coverall-poc/packages/react/__tests__/scss-test.js:24:13)
    at Promise.then.completed (/Users/chrisvelgersdyk/Desktop/carbon-coverall/carbon-coverall-poc/node_modules/jest-circus/build/utils.js:333:28)
    at new Promise (&lt;anonymous&gt;)
    at callAsyncCircusFn (/Users/chrisvelgersdyk/Desktop/carbon-coverall/carbon-coverall-poc/node_modules/jest-circus/build/utils.js:259:10)
    at _callCircusTest (/Users/chrisvelgersdyk/Desktop/carbon-coverall/carbon-coverall-poc/node_modules/jest-circus/build/run.js:276:40)
    at processTicksAndRejections (node:internal/process/task_queues:95:5)
    at _runTest (/Users/chrisvelgersdyk/Desktop/carbon-coverall/carbon-coverall-poc/node_modules/jest-circus/build/run.js:208:3)
    at _runTestsForDescribeBlock (/Users/chrisvelgersdyk/Desktop/carbon-coverall/carbon-coverall-poc/node_modules/jest-circus/build/run.js:96:9)
    at _runTestsForDescribeBlock (/Users/chrisvelgersdyk/Desktop/carbon-coverall/carbon-coverall-poc/node_modules/jest-circus/build/run.js:90:9)</failure>
    </testcase>
    <testcase classname="@carbon/react/scss scss/components/text-input/text-input should be importable" name="@carbon/react/scss scss/components/text-input/text-input should be importable" time="0.008">
      <failure>Error: expect(received).resolves.toBeDefined()

Received promise rejected instead of resolved
Rejected to value: [Error: Can&apos;t find stylesheet to import.
  ╷
8 │ @forward &apos;./generated/fluid-spacing&apos;;
  │ ^^^^^^^^^^^^^^^^^^^^^^^^^^^^^^^^^^^^
  ╵
  node_modules/@carbon/layout/scss/_spacing.scss 8:1                            @forward
  node_modules/@carbon/styles/scss/_spacing.scss 8:1                            @use
  node_modules/@carbon/styles/scss/components/form/_form.scss 9:1               @forward
  node_modules/@carbon/styles/scss/components/form/_index.scss 8:1              @use
  node_modules/@carbon/styles/scss/components/text-input/_text-input.scss 11:1  @forward
  packages/react/scss/components/text-input/_text-input.scss 9:1                @use
  stdin 2:1                                                                     root stylesheet]
    at expect (/Users/chrisvelgersdyk/Desktop/carbon-coverall/carbon-coverall-poc/node_modules/expect/build/index.js:128:15)
    at Object.expect (/Users/chrisvelgersdyk/Desktop/carbon-coverall/carbon-coverall-poc/packages/react/__tests__/scss-test.js:24:13)
    at Promise.then.completed (/Users/chrisvelgersdyk/Desktop/carbon-coverall/carbon-coverall-poc/node_modules/jest-circus/build/utils.js:333:28)
    at new Promise (&lt;anonymous&gt;)
    at callAsyncCircusFn (/Users/chrisvelgersdyk/Desktop/carbon-coverall/carbon-coverall-poc/node_modules/jest-circus/build/utils.js:259:10)
    at _callCircusTest (/Users/chrisvelgersdyk/Desktop/carbon-coverall/carbon-coverall-poc/node_modules/jest-circus/build/run.js:276:40)
    at processTicksAndRejections (node:internal/process/task_queues:95:5)
    at _runTest (/Users/chrisvelgersdyk/Desktop/carbon-coverall/carbon-coverall-poc/node_modules/jest-circus/build/run.js:208:3)
    at _runTestsForDescribeBlock (/Users/chrisvelgersdyk/Desktop/carbon-coverall/carbon-coverall-poc/node_modules/jest-circus/build/run.js:96:9)
    at _runTestsForDescribeBlock (/Users/chrisvelgersdyk/Desktop/carbon-coverall/carbon-coverall-poc/node_modules/jest-circus/build/run.js:90:9)</failure>
    </testcase>
    <testcase classname="@carbon/react/scss scss/components/tile should be importable" name="@carbon/react/scss scss/components/tile should be importable" time="0.016">
      <failure>Error: expect(received).resolves.toBeDefined()

Received promise rejected instead of resolved
Rejected to value: [Error: Can&apos;t find stylesheet to import.
  ╷
8 │ @forward &apos;generated/themes&apos;;
  │ ^^^^^^^^^^^^^^^^^^^^^^^^^^^
  ╵
  node_modules/@carbon/themes/scss/_themes.scss 8:1                     @forward
  node_modules/@carbon/styles/scss/_themes.scss 9:1                     @use
  node_modules/@carbon/styles/scss/components/button/_tokens.scss 10:1  @use
  node_modules/@carbon/styles/scss/components/tile/_tile.scss 8:1       @forward
  node_modules/@carbon/styles/scss/components/tile/_index.scss 8:1      @forward
  packages/react/scss/components/tile/_index.scss 9:1                   @use
  stdin 2:1                                                             root stylesheet]
    at expect (/Users/chrisvelgersdyk/Desktop/carbon-coverall/carbon-coverall-poc/node_modules/expect/build/index.js:128:15)
    at Object.expect (/Users/chrisvelgersdyk/Desktop/carbon-coverall/carbon-coverall-poc/packages/react/__tests__/scss-test.js:24:13)
    at Promise.then.completed (/Users/chrisvelgersdyk/Desktop/carbon-coverall/carbon-coverall-poc/node_modules/jest-circus/build/utils.js:333:28)
    at new Promise (&lt;anonymous&gt;)
    at callAsyncCircusFn (/Users/chrisvelgersdyk/Desktop/carbon-coverall/carbon-coverall-poc/node_modules/jest-circus/build/utils.js:259:10)
    at _callCircusTest (/Users/chrisvelgersdyk/Desktop/carbon-coverall/carbon-coverall-poc/node_modules/jest-circus/build/run.js:276:40)
    at processTicksAndRejections (node:internal/process/task_queues:95:5)
    at _runTest (/Users/chrisvelgersdyk/Desktop/carbon-coverall/carbon-coverall-poc/node_modules/jest-circus/build/run.js:208:3)
    at _runTestsForDescribeBlock (/Users/chrisvelgersdyk/Desktop/carbon-coverall/carbon-coverall-poc/node_modules/jest-circus/build/run.js:96:9)
    at _runTestsForDescribeBlock (/Users/chrisvelgersdyk/Desktop/carbon-coverall/carbon-coverall-poc/node_modules/jest-circus/build/run.js:90:9)</failure>
    </testcase>
    <testcase classname="@carbon/react/scss scss/components/tile/tile should be importable" name="@carbon/react/scss scss/components/tile/tile should be importable" time="0.011">
      <failure>Error: expect(received).resolves.toBeDefined()

Received promise rejected instead of resolved
Rejected to value: [Error: Can&apos;t find stylesheet to import.
  ╷
8 │ @forward &apos;generated/themes&apos;;
  │ ^^^^^^^^^^^^^^^^^^^^^^^^^^^
  ╵
  node_modules/@carbon/themes/scss/_themes.scss 8:1                     @forward
  node_modules/@carbon/styles/scss/_themes.scss 9:1                     @use
  node_modules/@carbon/styles/scss/components/button/_tokens.scss 10:1  @use
  node_modules/@carbon/styles/scss/components/tile/_tile.scss 8:1       @forward
  packages/react/scss/components/tile/_tile.scss 9:1                    @use
  stdin 2:1                                                             root stylesheet]
    at expect (/Users/chrisvelgersdyk/Desktop/carbon-coverall/carbon-coverall-poc/node_modules/expect/build/index.js:128:15)
    at Object.expect (/Users/chrisvelgersdyk/Desktop/carbon-coverall/carbon-coverall-poc/packages/react/__tests__/scss-test.js:24:13)
    at Promise.then.completed (/Users/chrisvelgersdyk/Desktop/carbon-coverall/carbon-coverall-poc/node_modules/jest-circus/build/utils.js:333:28)
    at new Promise (&lt;anonymous&gt;)
    at callAsyncCircusFn (/Users/chrisvelgersdyk/Desktop/carbon-coverall/carbon-coverall-poc/node_modules/jest-circus/build/utils.js:259:10)
    at _callCircusTest (/Users/chrisvelgersdyk/Desktop/carbon-coverall/carbon-coverall-poc/node_modules/jest-circus/build/run.js:276:40)
    at processTicksAndRejections (node:internal/process/task_queues:95:5)
    at _runTest (/Users/chrisvelgersdyk/Desktop/carbon-coverall/carbon-coverall-poc/node_modules/jest-circus/build/run.js:208:3)
    at _runTestsForDescribeBlock (/Users/chrisvelgersdyk/Desktop/carbon-coverall/carbon-coverall-poc/node_modules/jest-circus/build/run.js:96:9)
    at _runTestsForDescribeBlock (/Users/chrisvelgersdyk/Desktop/carbon-coverall/carbon-coverall-poc/node_modules/jest-circus/build/run.js:90:9)</failure>
    </testcase>
    <testcase classname="@carbon/react/scss scss/components/time-picker should be importable" name="@carbon/react/scss scss/components/time-picker should be importable" time="0.012">
      <failure>Error: expect(received).resolves.toBeDefined()

Received promise rejected instead of resolved
Rejected to value: [Error: Can&apos;t find stylesheet to import.
  ╷
8 │ @forward &apos;./generated/fluid-spacing&apos;;
  │ ^^^^^^^^^^^^^^^^^^^^^^^^^^^^^^^^^^^^
  ╵
  node_modules/@carbon/layout/scss/_spacing.scss 8:1                             @forward
  node_modules/@carbon/styles/scss/_spacing.scss 8:1                             @use
  node_modules/@carbon/styles/scss/components/form/_form.scss 9:1                @forward
  node_modules/@carbon/styles/scss/components/form/_index.scss 8:1               @use
  node_modules/@carbon/styles/scss/components/text-input/_text-input.scss 11:1   @forward
  node_modules/@carbon/styles/scss/components/text-input/_index.scss 8:1         @use
  node_modules/@carbon/styles/scss/components/time-picker/_time-picker.scss 8:1  @forward
  node_modules/@carbon/styles/scss/components/time-picker/_index.scss 8:1        @forward
  packages/react/scss/components/time-picker/_index.scss 9:1                     @use
  stdin 2:1                                                                      root stylesheet]
    at expect (/Users/chrisvelgersdyk/Desktop/carbon-coverall/carbon-coverall-poc/node_modules/expect/build/index.js:128:15)
    at Object.expect (/Users/chrisvelgersdyk/Desktop/carbon-coverall/carbon-coverall-poc/packages/react/__tests__/scss-test.js:24:13)
    at Promise.then.completed (/Users/chrisvelgersdyk/Desktop/carbon-coverall/carbon-coverall-poc/node_modules/jest-circus/build/utils.js:333:28)
    at new Promise (&lt;anonymous&gt;)
    at callAsyncCircusFn (/Users/chrisvelgersdyk/Desktop/carbon-coverall/carbon-coverall-poc/node_modules/jest-circus/build/utils.js:259:10)
    at _callCircusTest (/Users/chrisvelgersdyk/Desktop/carbon-coverall/carbon-coverall-poc/node_modules/jest-circus/build/run.js:276:40)
    at processTicksAndRejections (node:internal/process/task_queues:95:5)
    at _runTest (/Users/chrisvelgersdyk/Desktop/carbon-coverall/carbon-coverall-poc/node_modules/jest-circus/build/run.js:208:3)
    at _runTestsForDescribeBlock (/Users/chrisvelgersdyk/Desktop/carbon-coverall/carbon-coverall-poc/node_modules/jest-circus/build/run.js:96:9)
    at _runTestsForDescribeBlock (/Users/chrisvelgersdyk/Desktop/carbon-coverall/carbon-coverall-poc/node_modules/jest-circus/build/run.js:90:9)</failure>
    </testcase>
    <testcase classname="@carbon/react/scss scss/components/time-picker/time-picker should be importable" name="@carbon/react/scss scss/components/time-picker/time-picker should be importable" time="0.065">
      <failure>Error: expect(received).resolves.toBeDefined()

Received promise rejected instead of resolved
Rejected to value: [Error: Can&apos;t find stylesheet to import.
  ╷
8 │ @forward &apos;./generated/fluid-spacing&apos;;
  │ ^^^^^^^^^^^^^^^^^^^^^^^^^^^^^^^^^^^^
  ╵
  node_modules/@carbon/layout/scss/_spacing.scss 8:1                             @forward
  node_modules/@carbon/styles/scss/_spacing.scss 8:1                             @use
  node_modules/@carbon/styles/scss/components/form/_form.scss 9:1                @forward
  node_modules/@carbon/styles/scss/components/form/_index.scss 8:1               @use
  node_modules/@carbon/styles/scss/components/text-input/_text-input.scss 11:1   @forward
  node_modules/@carbon/styles/scss/components/text-input/_index.scss 8:1         @use
  node_modules/@carbon/styles/scss/components/time-picker/_time-picker.scss 8:1  @forward
  packages/react/scss/components/time-picker/_time-picker.scss 9:1               @use
  stdin 2:1                                                                      root stylesheet]
    at expect (/Users/chrisvelgersdyk/Desktop/carbon-coverall/carbon-coverall-poc/node_modules/expect/build/index.js:128:15)
    at Object.expect (/Users/chrisvelgersdyk/Desktop/carbon-coverall/carbon-coverall-poc/packages/react/__tests__/scss-test.js:24:13)
    at Promise.then.completed (/Users/chrisvelgersdyk/Desktop/carbon-coverall/carbon-coverall-poc/node_modules/jest-circus/build/utils.js:333:28)
    at new Promise (&lt;anonymous&gt;)
    at callAsyncCircusFn (/Users/chrisvelgersdyk/Desktop/carbon-coverall/carbon-coverall-poc/node_modules/jest-circus/build/utils.js:259:10)
    at _callCircusTest (/Users/chrisvelgersdyk/Desktop/carbon-coverall/carbon-coverall-poc/node_modules/jest-circus/build/run.js:276:40)
    at processTicksAndRejections (node:internal/process/task_queues:95:5)
    at _runTest (/Users/chrisvelgersdyk/Desktop/carbon-coverall/carbon-coverall-poc/node_modules/jest-circus/build/run.js:208:3)
    at _runTestsForDescribeBlock (/Users/chrisvelgersdyk/Desktop/carbon-coverall/carbon-coverall-poc/node_modules/jest-circus/build/run.js:96:9)
    at _runTestsForDescribeBlock (/Users/chrisvelgersdyk/Desktop/carbon-coverall/carbon-coverall-poc/node_modules/jest-circus/build/run.js:90:9)</failure>
    </testcase>
    <testcase classname="@carbon/react/scss scss/components/toggle should be importable" name="@carbon/react/scss scss/components/toggle should be importable" time="0.006">
      <failure>Error: expect(received).resolves.toBeDefined()

Received promise rejected instead of resolved
Rejected to value: [Error: Can&apos;t find stylesheet to import.
  ╷
8 │ @forward &apos;./generated/fluid-spacing&apos;;
  │ ^^^^^^^^^^^^^^^^^^^^^^^^^^^^^^^^^^^^
  ╵
  node_modules/@carbon/layout/scss/_spacing.scss 8:1                    @forward
  node_modules/@carbon/styles/scss/_spacing.scss 8:1                    @use
  node_modules/@carbon/styles/scss/components/toggle/_toggle.scss 10:1  @forward
  node_modules/@carbon/styles/scss/components/toggle/_index.scss 8:1    @forward
  packages/react/scss/components/toggle/_index.scss 9:1                 @use
  stdin 2:1                                                             root stylesheet]
    at expect (/Users/chrisvelgersdyk/Desktop/carbon-coverall/carbon-coverall-poc/node_modules/expect/build/index.js:128:15)
    at Object.expect (/Users/chrisvelgersdyk/Desktop/carbon-coverall/carbon-coverall-poc/packages/react/__tests__/scss-test.js:24:13)
    at Promise.then.completed (/Users/chrisvelgersdyk/Desktop/carbon-coverall/carbon-coverall-poc/node_modules/jest-circus/build/utils.js:333:28)
    at new Promise (&lt;anonymous&gt;)
    at callAsyncCircusFn (/Users/chrisvelgersdyk/Desktop/carbon-coverall/carbon-coverall-poc/node_modules/jest-circus/build/utils.js:259:10)
    at _callCircusTest (/Users/chrisvelgersdyk/Desktop/carbon-coverall/carbon-coverall-poc/node_modules/jest-circus/build/run.js:276:40)
    at processTicksAndRejections (node:internal/process/task_queues:95:5)
    at _runTest (/Users/chrisvelgersdyk/Desktop/carbon-coverall/carbon-coverall-poc/node_modules/jest-circus/build/run.js:208:3)
    at _runTestsForDescribeBlock (/Users/chrisvelgersdyk/Desktop/carbon-coverall/carbon-coverall-poc/node_modules/jest-circus/build/run.js:96:9)
    at _runTestsForDescribeBlock (/Users/chrisvelgersdyk/Desktop/carbon-coverall/carbon-coverall-poc/node_modules/jest-circus/build/run.js:90:9)</failure>
    </testcase>
    <testcase classname="@carbon/react/scss scss/components/toggle/toggle should be importable" name="@carbon/react/scss scss/components/toggle/toggle should be importable" time="0.011">
      <failure>Error: expect(received).resolves.toBeDefined()

Received promise rejected instead of resolved
Rejected to value: [Error: Can&apos;t find stylesheet to import.
  ╷
8 │ @forward &apos;./generated/fluid-spacing&apos;;
  │ ^^^^^^^^^^^^^^^^^^^^^^^^^^^^^^^^^^^^
  ╵
  node_modules/@carbon/layout/scss/_spacing.scss 8:1                    @forward
  node_modules/@carbon/styles/scss/_spacing.scss 8:1                    @use
  node_modules/@carbon/styles/scss/components/toggle/_toggle.scss 10:1  @forward
  packages/react/scss/components/toggle/_toggle.scss 9:1                @use
  stdin 2:1                                                             root stylesheet]
    at expect (/Users/chrisvelgersdyk/Desktop/carbon-coverall/carbon-coverall-poc/node_modules/expect/build/index.js:128:15)
    at Object.expect (/Users/chrisvelgersdyk/Desktop/carbon-coverall/carbon-coverall-poc/packages/react/__tests__/scss-test.js:24:13)
    at Promise.then.completed (/Users/chrisvelgersdyk/Desktop/carbon-coverall/carbon-coverall-poc/node_modules/jest-circus/build/utils.js:333:28)
    at new Promise (&lt;anonymous&gt;)
    at callAsyncCircusFn (/Users/chrisvelgersdyk/Desktop/carbon-coverall/carbon-coverall-poc/node_modules/jest-circus/build/utils.js:259:10)
    at _callCircusTest (/Users/chrisvelgersdyk/Desktop/carbon-coverall/carbon-coverall-poc/node_modules/jest-circus/build/run.js:276:40)
    at processTicksAndRejections (node:internal/process/task_queues:95:5)
    at _runTest (/Users/chrisvelgersdyk/Desktop/carbon-coverall/carbon-coverall-poc/node_modules/jest-circus/build/run.js:208:3)
    at _runTestsForDescribeBlock (/Users/chrisvelgersdyk/Desktop/carbon-coverall/carbon-coverall-poc/node_modules/jest-circus/build/run.js:96:9)
    at _runTestsForDescribeBlock (/Users/chrisvelgersdyk/Desktop/carbon-coverall/carbon-coverall-poc/node_modules/jest-circus/build/run.js:90:9)</failure>
    </testcase>
    <testcase classname="@carbon/react/scss scss/components/toggletip should be importable" name="@carbon/react/scss scss/components/toggletip should be importable" time="0.008">
      <failure>Error: expect(received).resolves.toBeDefined()

Received promise rejected instead of resolved
Rejected to value: [Error: Can&apos;t find stylesheet to import.
  ╷
8 │ @forward &apos;./generated/fluid-spacing&apos;;
  │ ^^^^^^^^^^^^^^^^^^^^^^^^^^^^^^^^^^^^
  ╵
  node_modules/@carbon/layout/scss/_spacing.scss 8:1                         @forward
  node_modules/@carbon/styles/scss/_spacing.scss 8:1                         @use
  node_modules/@carbon/styles/scss/components/button/_vars.scss 8:1          @forward
  node_modules/@carbon/styles/scss/components/button/_index.scss 8:1         @use
  node_modules/@carbon/styles/scss/components/toggletip/_toggletip.scss 8:1  @forward
  node_modules/@carbon/styles/scss/components/toggletip/_index.scss 8:1      @forward
  packages/react/scss/components/toggletip/_index.scss 9:1                   @use
  stdin 2:1                                                                  root stylesheet]
    at expect (/Users/chrisvelgersdyk/Desktop/carbon-coverall/carbon-coverall-poc/node_modules/expect/build/index.js:128:15)
    at Object.expect (/Users/chrisvelgersdyk/Desktop/carbon-coverall/carbon-coverall-poc/packages/react/__tests__/scss-test.js:24:13)
    at Promise.then.completed (/Users/chrisvelgersdyk/Desktop/carbon-coverall/carbon-coverall-poc/node_modules/jest-circus/build/utils.js:333:28)
    at new Promise (&lt;anonymous&gt;)
    at callAsyncCircusFn (/Users/chrisvelgersdyk/Desktop/carbon-coverall/carbon-coverall-poc/node_modules/jest-circus/build/utils.js:259:10)
    at _callCircusTest (/Users/chrisvelgersdyk/Desktop/carbon-coverall/carbon-coverall-poc/node_modules/jest-circus/build/run.js:276:40)
    at processTicksAndRejections (node:internal/process/task_queues:95:5)
    at _runTest (/Users/chrisvelgersdyk/Desktop/carbon-coverall/carbon-coverall-poc/node_modules/jest-circus/build/run.js:208:3)
    at _runTestsForDescribeBlock (/Users/chrisvelgersdyk/Desktop/carbon-coverall/carbon-coverall-poc/node_modules/jest-circus/build/run.js:96:9)
    at _runTestsForDescribeBlock (/Users/chrisvelgersdyk/Desktop/carbon-coverall/carbon-coverall-poc/node_modules/jest-circus/build/run.js:90:9)</failure>
    </testcase>
    <testcase classname="@carbon/react/scss scss/components/toggletip/toggletip should be importable" name="@carbon/react/scss scss/components/toggletip/toggletip should be importable" time="0.003">
      <failure>Error: expect(received).resolves.toBeDefined()

Received promise rejected instead of resolved
Rejected to value: [Error: Can&apos;t find stylesheet to import.
  ╷
8 │ @forward &apos;./generated/fluid-spacing&apos;;
  │ ^^^^^^^^^^^^^^^^^^^^^^^^^^^^^^^^^^^^
  ╵
  node_modules/@carbon/layout/scss/_spacing.scss 8:1                         @forward
  node_modules/@carbon/styles/scss/_spacing.scss 8:1                         @use
  node_modules/@carbon/styles/scss/components/button/_vars.scss 8:1          @forward
  node_modules/@carbon/styles/scss/components/button/_index.scss 8:1         @use
  node_modules/@carbon/styles/scss/components/toggletip/_toggletip.scss 8:1  @forward
  packages/react/scss/components/toggletip/_toggletip.scss 9:1               @use
  stdin 2:1                                                                  root stylesheet]
    at expect (/Users/chrisvelgersdyk/Desktop/carbon-coverall/carbon-coverall-poc/node_modules/expect/build/index.js:128:15)
    at Object.expect (/Users/chrisvelgersdyk/Desktop/carbon-coverall/carbon-coverall-poc/packages/react/__tests__/scss-test.js:24:13)
    at Promise.then.completed (/Users/chrisvelgersdyk/Desktop/carbon-coverall/carbon-coverall-poc/node_modules/jest-circus/build/utils.js:333:28)
    at new Promise (&lt;anonymous&gt;)
    at callAsyncCircusFn (/Users/chrisvelgersdyk/Desktop/carbon-coverall/carbon-coverall-poc/node_modules/jest-circus/build/utils.js:259:10)
    at _callCircusTest (/Users/chrisvelgersdyk/Desktop/carbon-coverall/carbon-coverall-poc/node_modules/jest-circus/build/run.js:276:40)
    at processTicksAndRejections (node:internal/process/task_queues:95:5)
    at _runTest (/Users/chrisvelgersdyk/Desktop/carbon-coverall/carbon-coverall-poc/node_modules/jest-circus/build/run.js:208:3)
    at _runTestsForDescribeBlock (/Users/chrisvelgersdyk/Desktop/carbon-coverall/carbon-coverall-poc/node_modules/jest-circus/build/run.js:96:9)
    at _runTestsForDescribeBlock (/Users/chrisvelgersdyk/Desktop/carbon-coverall/carbon-coverall-poc/node_modules/jest-circus/build/run.js:90:9)</failure>
    </testcase>
    <testcase classname="@carbon/react/scss scss/components/tooltip should be importable" name="@carbon/react/scss scss/components/tooltip should be importable" time="0.017">
      <failure>Error: expect(received).resolves.toBeDefined()

Received promise rejected instead of resolved
Rejected to value: [Error: Can&apos;t find stylesheet to import.
  ╷
8 │ @forward &apos;generated/themes&apos;;
  │ ^^^^^^^^^^^^^^^^^^^^^^^^^^^
  ╵
  node_modules/@carbon/themes/scss/compat/_themes.scss 8:1               @use
  node_modules/@carbon/styles/scss/compat/_themes.scss 9:1               @use
  node_modules/@carbon/styles/scss/theme/_theme.scss 12:1                @use
  node_modules/@carbon/styles/scss/layer/_layer-sets.scss 9:1            @forward
  node_modules/@carbon/styles/scss/_layer.scss 8:1                       @use
  node_modules/@carbon/styles/scss/components/popover/_popover.scss 9:1  @forward
  node_modules/@carbon/styles/scss/components/popover/_index.scss 8:1    @use
  node_modules/@carbon/styles/scss/components/tooltip/_tooltip.scss 8:1  @forward
  node_modules/@carbon/styles/scss/components/tooltip/_index.scss 8:1    @forward
  packages/react/scss/components/tooltip/_index.scss 9:1                 @use
  stdin 2:1                                                              root stylesheet]
    at expect (/Users/chrisvelgersdyk/Desktop/carbon-coverall/carbon-coverall-poc/node_modules/expect/build/index.js:128:15)
    at Object.expect (/Users/chrisvelgersdyk/Desktop/carbon-coverall/carbon-coverall-poc/packages/react/__tests__/scss-test.js:24:13)
    at Promise.then.completed (/Users/chrisvelgersdyk/Desktop/carbon-coverall/carbon-coverall-poc/node_modules/jest-circus/build/utils.js:333:28)
    at new Promise (&lt;anonymous&gt;)
    at callAsyncCircusFn (/Users/chrisvelgersdyk/Desktop/carbon-coverall/carbon-coverall-poc/node_modules/jest-circus/build/utils.js:259:10)
    at _callCircusTest (/Users/chrisvelgersdyk/Desktop/carbon-coverall/carbon-coverall-poc/node_modules/jest-circus/build/run.js:276:40)
    at processTicksAndRejections (node:internal/process/task_queues:95:5)
    at _runTest (/Users/chrisvelgersdyk/Desktop/carbon-coverall/carbon-coverall-poc/node_modules/jest-circus/build/run.js:208:3)
    at _runTestsForDescribeBlock (/Users/chrisvelgersdyk/Desktop/carbon-coverall/carbon-coverall-poc/node_modules/jest-circus/build/run.js:96:9)
    at _runTestsForDescribeBlock (/Users/chrisvelgersdyk/Desktop/carbon-coverall/carbon-coverall-poc/node_modules/jest-circus/build/run.js:90:9)</failure>
    </testcase>
    <testcase classname="@carbon/react/scss scss/components/tooltip/tooltip should be importable" name="@carbon/react/scss scss/components/tooltip/tooltip should be importable" time="0.012">
      <failure>Error: expect(received).resolves.toBeDefined()

Received promise rejected instead of resolved
Rejected to value: [Error: Can&apos;t find stylesheet to import.
  ╷
8 │ @forward &apos;generated/themes&apos;;
  │ ^^^^^^^^^^^^^^^^^^^^^^^^^^^
  ╵
  node_modules/@carbon/themes/scss/compat/_themes.scss 8:1               @use
  node_modules/@carbon/styles/scss/compat/_themes.scss 9:1               @use
  node_modules/@carbon/styles/scss/theme/_theme.scss 12:1                @use
  node_modules/@carbon/styles/scss/layer/_layer-sets.scss 9:1            @forward
  node_modules/@carbon/styles/scss/_layer.scss 8:1                       @use
  node_modules/@carbon/styles/scss/components/popover/_popover.scss 9:1  @forward
  node_modules/@carbon/styles/scss/components/popover/_index.scss 8:1    @use
  node_modules/@carbon/styles/scss/components/tooltip/_tooltip.scss 8:1  @forward
  packages/react/scss/components/tooltip/_tooltip.scss 9:1               @use
  stdin 2:1                                                              root stylesheet]
    at expect (/Users/chrisvelgersdyk/Desktop/carbon-coverall/carbon-coverall-poc/node_modules/expect/build/index.js:128:15)
    at Object.expect (/Users/chrisvelgersdyk/Desktop/carbon-coverall/carbon-coverall-poc/packages/react/__tests__/scss-test.js:24:13)
    at Promise.then.completed (/Users/chrisvelgersdyk/Desktop/carbon-coverall/carbon-coverall-poc/node_modules/jest-circus/build/utils.js:333:28)
    at new Promise (&lt;anonymous&gt;)
    at callAsyncCircusFn (/Users/chrisvelgersdyk/Desktop/carbon-coverall/carbon-coverall-poc/node_modules/jest-circus/build/utils.js:259:10)
    at _callCircusTest (/Users/chrisvelgersdyk/Desktop/carbon-coverall/carbon-coverall-poc/node_modules/jest-circus/build/run.js:276:40)
    at processTicksAndRejections (node:internal/process/task_queues:95:5)
    at _runTest (/Users/chrisvelgersdyk/Desktop/carbon-coverall/carbon-coverall-poc/node_modules/jest-circus/build/run.js:208:3)
    at _runTestsForDescribeBlock (/Users/chrisvelgersdyk/Desktop/carbon-coverall/carbon-coverall-poc/node_modules/jest-circus/build/run.js:96:9)
    at _runTestsForDescribeBlock (/Users/chrisvelgersdyk/Desktop/carbon-coverall/carbon-coverall-poc/node_modules/jest-circus/build/run.js:90:9)</failure>
    </testcase>
    <testcase classname="@carbon/react/scss scss/components/treeview should be importable" name="@carbon/react/scss scss/components/treeview should be importable" time="0.007">
      <failure>Error: expect(received).resolves.toBeDefined()

Received promise rejected instead of resolved
Rejected to value: [Error: Can&apos;t find stylesheet to import.
  ╷
8 │ @forward &apos;./generated/fluid-spacing&apos;;
  │ ^^^^^^^^^^^^^^^^^^^^^^^^^^^^^^^^^^^^
  ╵
  node_modules/@carbon/layout/scss/_spacing.scss 8:1                       @forward
  node_modules/@carbon/styles/scss/_spacing.scss 8:1                       @use
  node_modules/@carbon/styles/scss/components/form/_form.scss 9:1          @forward
  node_modules/@carbon/styles/scss/components/form/_index.scss 8:1         @use
  node_modules/@carbon/styles/scss/components/treeview/_treeview.scss 8:1  @forward
  node_modules/@carbon/styles/scss/components/treeview/_index.scss 8:1     @forward
  packages/react/scss/components/treeview/_index.scss 9:1                  @use
  stdin 2:1                                                                root stylesheet]
    at expect (/Users/chrisvelgersdyk/Desktop/carbon-coverall/carbon-coverall-poc/node_modules/expect/build/index.js:128:15)
    at Object.expect (/Users/chrisvelgersdyk/Desktop/carbon-coverall/carbon-coverall-poc/packages/react/__tests__/scss-test.js:24:13)
    at Promise.then.completed (/Users/chrisvelgersdyk/Desktop/carbon-coverall/carbon-coverall-poc/node_modules/jest-circus/build/utils.js:333:28)
    at new Promise (&lt;anonymous&gt;)
    at callAsyncCircusFn (/Users/chrisvelgersdyk/Desktop/carbon-coverall/carbon-coverall-poc/node_modules/jest-circus/build/utils.js:259:10)
    at _callCircusTest (/Users/chrisvelgersdyk/Desktop/carbon-coverall/carbon-coverall-poc/node_modules/jest-circus/build/run.js:276:40)
    at processTicksAndRejections (node:internal/process/task_queues:95:5)
    at _runTest (/Users/chrisvelgersdyk/Desktop/carbon-coverall/carbon-coverall-poc/node_modules/jest-circus/build/run.js:208:3)
    at _runTestsForDescribeBlock (/Users/chrisvelgersdyk/Desktop/carbon-coverall/carbon-coverall-poc/node_modules/jest-circus/build/run.js:96:9)
    at _runTestsForDescribeBlock (/Users/chrisvelgersdyk/Desktop/carbon-coverall/carbon-coverall-poc/node_modules/jest-circus/build/run.js:90:9)</failure>
    </testcase>
    <testcase classname="@carbon/react/scss scss/components/treeview/treeview should be importable" name="@carbon/react/scss scss/components/treeview/treeview should be importable" time="0.007">
      <failure>Error: expect(received).resolves.toBeDefined()

Received promise rejected instead of resolved
Rejected to value: [Error: Can&apos;t find stylesheet to import.
  ╷
8 │ @forward &apos;./generated/fluid-spacing&apos;;
  │ ^^^^^^^^^^^^^^^^^^^^^^^^^^^^^^^^^^^^
  ╵
  node_modules/@carbon/layout/scss/_spacing.scss 8:1                       @forward
  node_modules/@carbon/styles/scss/_spacing.scss 8:1                       @use
  node_modules/@carbon/styles/scss/components/form/_form.scss 9:1          @forward
  node_modules/@carbon/styles/scss/components/form/_index.scss 8:1         @use
  node_modules/@carbon/styles/scss/components/treeview/_treeview.scss 8:1  @forward
  packages/react/scss/components/treeview/_treeview.scss 9:1               @use
  stdin 2:1                                                                root stylesheet]
    at expect (/Users/chrisvelgersdyk/Desktop/carbon-coverall/carbon-coverall-poc/node_modules/expect/build/index.js:128:15)
    at Object.expect (/Users/chrisvelgersdyk/Desktop/carbon-coverall/carbon-coverall-poc/packages/react/__tests__/scss-test.js:24:13)
    at Promise.then.completed (/Users/chrisvelgersdyk/Desktop/carbon-coverall/carbon-coverall-poc/node_modules/jest-circus/build/utils.js:333:28)
    at new Promise (&lt;anonymous&gt;)
    at callAsyncCircusFn (/Users/chrisvelgersdyk/Desktop/carbon-coverall/carbon-coverall-poc/node_modules/jest-circus/build/utils.js:259:10)
    at _callCircusTest (/Users/chrisvelgersdyk/Desktop/carbon-coverall/carbon-coverall-poc/node_modules/jest-circus/build/run.js:276:40)
    at processTicksAndRejections (node:internal/process/task_queues:95:5)
    at _runTest (/Users/chrisvelgersdyk/Desktop/carbon-coverall/carbon-coverall-poc/node_modules/jest-circus/build/run.js:208:3)
    at _runTestsForDescribeBlock (/Users/chrisvelgersdyk/Desktop/carbon-coverall/carbon-coverall-poc/node_modules/jest-circus/build/run.js:96:9)
    at _runTestsForDescribeBlock (/Users/chrisvelgersdyk/Desktop/carbon-coverall/carbon-coverall-poc/node_modules/jest-circus/build/run.js:90:9)</failure>
    </testcase>
    <testcase classname="@carbon/react/scss scss/components/ui-shell should be importable" name="@carbon/react/scss scss/components/ui-shell should be importable" time="0.007">
      <failure>Error: expect(received).resolves.toBeDefined()

Received promise rejected instead of resolved
Rejected to value: [Error: Can&apos;t find stylesheet to import.
  ╷
8 │ @forward &apos;generated/themes&apos;;
  │ ^^^^^^^^^^^^^^^^^^^^^^^^^^^
  ╵
  node_modules/@carbon/themes/scss/compat/_themes.scss 8:1                         @use
  node_modules/@carbon/styles/scss/compat/_themes.scss 9:1                         @use
  node_modules/@carbon/styles/scss/theme/_theme.scss 12:1                          @forward
  node_modules/@carbon/styles/scss/_theme.scss 8:1                                 @use
  node_modules/@carbon/styles/scss/components/ui-shell/content/_content.scss 10:1  @forward
  node_modules/@carbon/styles/scss/components/ui-shell/content/_index.scss 8:1     @use
  node_modules/@carbon/styles/scss/components/ui-shell/_ui-shell.scss 8:1          @forward
  node_modules/@carbon/styles/scss/components/ui-shell/_index.scss 8:1             @forward
  packages/react/scss/components/ui-shell/_index.scss 9:1                          @use
  stdin 2:1                                                                        root stylesheet]
    at expect (/Users/chrisvelgersdyk/Desktop/carbon-coverall/carbon-coverall-poc/node_modules/expect/build/index.js:128:15)
    at Object.expect (/Users/chrisvelgersdyk/Desktop/carbon-coverall/carbon-coverall-poc/packages/react/__tests__/scss-test.js:24:13)
    at Promise.then.completed (/Users/chrisvelgersdyk/Desktop/carbon-coverall/carbon-coverall-poc/node_modules/jest-circus/build/utils.js:333:28)
    at new Promise (&lt;anonymous&gt;)
    at callAsyncCircusFn (/Users/chrisvelgersdyk/Desktop/carbon-coverall/carbon-coverall-poc/node_modules/jest-circus/build/utils.js:259:10)
    at _callCircusTest (/Users/chrisvelgersdyk/Desktop/carbon-coverall/carbon-coverall-poc/node_modules/jest-circus/build/run.js:276:40)
    at processTicksAndRejections (node:internal/process/task_queues:95:5)
    at _runTest (/Users/chrisvelgersdyk/Desktop/carbon-coverall/carbon-coverall-poc/node_modules/jest-circus/build/run.js:208:3)
    at _runTestsForDescribeBlock (/Users/chrisvelgersdyk/Desktop/carbon-coverall/carbon-coverall-poc/node_modules/jest-circus/build/run.js:96:9)
    at _runTestsForDescribeBlock (/Users/chrisvelgersdyk/Desktop/carbon-coverall/carbon-coverall-poc/node_modules/jest-circus/build/run.js:90:9)</failure>
    </testcase>
    <testcase classname="@carbon/react/scss scss/components/ui-shell/ui-shell should be importable" name="@carbon/react/scss scss/components/ui-shell/ui-shell should be importable" time="0.025">
      <failure>Error: expect(received).resolves.toBeDefined()

Received promise rejected instead of resolved
Rejected to value: [Error: Can&apos;t find stylesheet to import.
  ╷
8 │ @forward &apos;generated/themes&apos;;
  │ ^^^^^^^^^^^^^^^^^^^^^^^^^^^
  ╵
  node_modules/@carbon/themes/scss/compat/_themes.scss 8:1                         @use
  node_modules/@carbon/styles/scss/compat/_themes.scss 9:1                         @use
  node_modules/@carbon/styles/scss/theme/_theme.scss 12:1                          @forward
  node_modules/@carbon/styles/scss/_theme.scss 8:1                                 @use
  node_modules/@carbon/styles/scss/components/ui-shell/content/_content.scss 10:1  @forward
  node_modules/@carbon/styles/scss/components/ui-shell/content/_index.scss 8:1     @use
  node_modules/@carbon/styles/scss/components/ui-shell/_ui-shell.scss 8:1          @forward
  packages/react/scss/components/ui-shell/_ui-shell.scss 9:1                       @use
  stdin 2:1                                                                        root stylesheet]
    at expect (/Users/chrisvelgersdyk/Desktop/carbon-coverall/carbon-coverall-poc/node_modules/expect/build/index.js:128:15)
    at Object.expect (/Users/chrisvelgersdyk/Desktop/carbon-coverall/carbon-coverall-poc/packages/react/__tests__/scss-test.js:24:13)
    at Promise.then.completed (/Users/chrisvelgersdyk/Desktop/carbon-coverall/carbon-coverall-poc/node_modules/jest-circus/build/utils.js:333:28)
    at new Promise (&lt;anonymous&gt;)
    at callAsyncCircusFn (/Users/chrisvelgersdyk/Desktop/carbon-coverall/carbon-coverall-poc/node_modules/jest-circus/build/utils.js:259:10)
    at _callCircusTest (/Users/chrisvelgersdyk/Desktop/carbon-coverall/carbon-coverall-poc/node_modules/jest-circus/build/run.js:276:40)
    at processTicksAndRejections (node:internal/process/task_queues:95:5)
    at _runTest (/Users/chrisvelgersdyk/Desktop/carbon-coverall/carbon-coverall-poc/node_modules/jest-circus/build/run.js:208:3)
    at _runTestsForDescribeBlock (/Users/chrisvelgersdyk/Desktop/carbon-coverall/carbon-coverall-poc/node_modules/jest-circus/build/run.js:96:9)
    at _runTestsForDescribeBlock (/Users/chrisvelgersdyk/Desktop/carbon-coverall/carbon-coverall-poc/node_modules/jest-circus/build/run.js:90:9)</failure>
    </testcase>
    <testcase classname="@carbon/react/scss scss/components/ui-shell/content/content should be importable" name="@carbon/react/scss scss/components/ui-shell/content/content should be importable" time="0.006">
      <failure>Error: expect(received).resolves.toBeDefined()

Received promise rejected instead of resolved
Rejected to value: [Error: Can&apos;t find stylesheet to import.
  ╷
8 │ @forward &apos;generated/themes&apos;;
  │ ^^^^^^^^^^^^^^^^^^^^^^^^^^^
  ╵
  node_modules/@carbon/themes/scss/compat/_themes.scss 8:1                         @use
  node_modules/@carbon/styles/scss/compat/_themes.scss 9:1                         @use
  node_modules/@carbon/styles/scss/theme/_theme.scss 12:1                          @forward
  node_modules/@carbon/styles/scss/_theme.scss 8:1                                 @use
  node_modules/@carbon/styles/scss/components/ui-shell/content/_content.scss 10:1  @forward
  packages/react/scss/components/ui-shell/content/_content.scss 9:1                @use
  stdin 2:1                                                                        root stylesheet]
    at expect (/Users/chrisvelgersdyk/Desktop/carbon-coverall/carbon-coverall-poc/node_modules/expect/build/index.js:128:15)
    at Object.expect (/Users/chrisvelgersdyk/Desktop/carbon-coverall/carbon-coverall-poc/packages/react/__tests__/scss-test.js:24:13)
    at Promise.then.completed (/Users/chrisvelgersdyk/Desktop/carbon-coverall/carbon-coverall-poc/node_modules/jest-circus/build/utils.js:333:28)
    at new Promise (&lt;anonymous&gt;)
    at callAsyncCircusFn (/Users/chrisvelgersdyk/Desktop/carbon-coverall/carbon-coverall-poc/node_modules/jest-circus/build/utils.js:259:10)
    at _callCircusTest (/Users/chrisvelgersdyk/Desktop/carbon-coverall/carbon-coverall-poc/node_modules/jest-circus/build/run.js:276:40)
    at processTicksAndRejections (node:internal/process/task_queues:95:5)
    at _runTest (/Users/chrisvelgersdyk/Desktop/carbon-coverall/carbon-coverall-poc/node_modules/jest-circus/build/run.js:208:3)
    at _runTestsForDescribeBlock (/Users/chrisvelgersdyk/Desktop/carbon-coverall/carbon-coverall-poc/node_modules/jest-circus/build/run.js:96:9)
    at _runTestsForDescribeBlock (/Users/chrisvelgersdyk/Desktop/carbon-coverall/carbon-coverall-poc/node_modules/jest-circus/build/run.js:90:9)</failure>
    </testcase>
    <testcase classname="@carbon/react/scss scss/components/ui-shell/content should be importable" name="@carbon/react/scss scss/components/ui-shell/content should be importable" time="0.006">
      <failure>Error: expect(received).resolves.toBeDefined()

Received promise rejected instead of resolved
Rejected to value: [Error: Can&apos;t find stylesheet to import.
  ╷
8 │ @forward &apos;generated/themes&apos;;
  │ ^^^^^^^^^^^^^^^^^^^^^^^^^^^
  ╵
  node_modules/@carbon/themes/scss/compat/_themes.scss 8:1                         @use
  node_modules/@carbon/styles/scss/compat/_themes.scss 9:1                         @use
  node_modules/@carbon/styles/scss/theme/_theme.scss 12:1                          @forward
  node_modules/@carbon/styles/scss/_theme.scss 8:1                                 @use
  node_modules/@carbon/styles/scss/components/ui-shell/content/_content.scss 10:1  @forward
  node_modules/@carbon/styles/scss/components/ui-shell/content/_index.scss 8:1     @forward
  packages/react/scss/components/ui-shell/content/_index.scss 9:1                  @use
  stdin 2:1                                                                        root stylesheet]
    at expect (/Users/chrisvelgersdyk/Desktop/carbon-coverall/carbon-coverall-poc/node_modules/expect/build/index.js:128:15)
    at Object.expect (/Users/chrisvelgersdyk/Desktop/carbon-coverall/carbon-coverall-poc/packages/react/__tests__/scss-test.js:24:13)
    at Promise.then.completed (/Users/chrisvelgersdyk/Desktop/carbon-coverall/carbon-coverall-poc/node_modules/jest-circus/build/utils.js:333:28)
    at new Promise (&lt;anonymous&gt;)
    at callAsyncCircusFn (/Users/chrisvelgersdyk/Desktop/carbon-coverall/carbon-coverall-poc/node_modules/jest-circus/build/utils.js:259:10)
    at _callCircusTest (/Users/chrisvelgersdyk/Desktop/carbon-coverall/carbon-coverall-poc/node_modules/jest-circus/build/run.js:276:40)
    at processTicksAndRejections (node:internal/process/task_queues:95:5)
    at _runTest (/Users/chrisvelgersdyk/Desktop/carbon-coverall/carbon-coverall-poc/node_modules/jest-circus/build/run.js:208:3)
    at _runTestsForDescribeBlock (/Users/chrisvelgersdyk/Desktop/carbon-coverall/carbon-coverall-poc/node_modules/jest-circus/build/run.js:96:9)
    at _runTestsForDescribeBlock (/Users/chrisvelgersdyk/Desktop/carbon-coverall/carbon-coverall-poc/node_modules/jest-circus/build/run.js:90:9)</failure>
    </testcase>
    <testcase classname="@carbon/react/scss scss/components/ui-shell/header/header should be importable" name="@carbon/react/scss scss/components/ui-shell/header/header should be importable" time="0.009">
      <failure>Error: expect(received).resolves.toBeDefined()

Received promise rejected instead of resolved
Rejected to value: [Error: Can&apos;t find stylesheet to import.
  ╷
8 │ @forward &apos;./generated/fluid-spacing&apos;;
  │ ^^^^^^^^^^^^^^^^^^^^^^^^^^^^^^^^^^^^
  ╵
  node_modules/@carbon/layout/scss/_spacing.scss 8:1                            @forward
  node_modules/@carbon/styles/scss/_spacing.scss 8:1                            @use
  node_modules/@carbon/styles/scss/components/button/_vars.scss 8:1             @forward
  node_modules/@carbon/styles/scss/components/button/_index.scss 8:1            @use
  node_modules/@carbon/styles/scss/components/ui-shell/header/_header.scss 8:1  @forward
  packages/react/scss/components/ui-shell/header/_header.scss 9:1               @use
  stdin 2:1                                                                     root stylesheet]
    at expect (/Users/chrisvelgersdyk/Desktop/carbon-coverall/carbon-coverall-poc/node_modules/expect/build/index.js:128:15)
    at Object.expect (/Users/chrisvelgersdyk/Desktop/carbon-coverall/carbon-coverall-poc/packages/react/__tests__/scss-test.js:24:13)
    at Promise.then.completed (/Users/chrisvelgersdyk/Desktop/carbon-coverall/carbon-coverall-poc/node_modules/jest-circus/build/utils.js:333:28)
    at new Promise (&lt;anonymous&gt;)
    at callAsyncCircusFn (/Users/chrisvelgersdyk/Desktop/carbon-coverall/carbon-coverall-poc/node_modules/jest-circus/build/utils.js:259:10)
    at _callCircusTest (/Users/chrisvelgersdyk/Desktop/carbon-coverall/carbon-coverall-poc/node_modules/jest-circus/build/run.js:276:40)
    at processTicksAndRejections (node:internal/process/task_queues:95:5)
    at _runTest (/Users/chrisvelgersdyk/Desktop/carbon-coverall/carbon-coverall-poc/node_modules/jest-circus/build/run.js:208:3)
    at _runTestsForDescribeBlock (/Users/chrisvelgersdyk/Desktop/carbon-coverall/carbon-coverall-poc/node_modules/jest-circus/build/run.js:96:9)
    at _runTestsForDescribeBlock (/Users/chrisvelgersdyk/Desktop/carbon-coverall/carbon-coverall-poc/node_modules/jest-circus/build/run.js:90:9)</failure>
    </testcase>
    <testcase classname="@carbon/react/scss scss/components/ui-shell/header should be importable" name="@carbon/react/scss scss/components/ui-shell/header should be importable" time="0.007">
      <failure>Error: expect(received).resolves.toBeDefined()

Received promise rejected instead of resolved
Rejected to value: [Error: Can&apos;t find stylesheet to import.
  ╷
8 │ @forward &apos;./generated/fluid-spacing&apos;;
  │ ^^^^^^^^^^^^^^^^^^^^^^^^^^^^^^^^^^^^
  ╵
  node_modules/@carbon/layout/scss/_spacing.scss 8:1                            @forward
  node_modules/@carbon/styles/scss/_spacing.scss 8:1                            @use
  node_modules/@carbon/styles/scss/components/button/_vars.scss 8:1             @forward
  node_modules/@carbon/styles/scss/components/button/_index.scss 8:1            @use
  node_modules/@carbon/styles/scss/components/ui-shell/header/_header.scss 8:1  @forward
  node_modules/@carbon/styles/scss/components/ui-shell/header/_index.scss 8:1   @forward
  packages/react/scss/components/ui-shell/header/_index.scss 9:1                @use
  stdin 2:1                                                                     root stylesheet]
    at expect (/Users/chrisvelgersdyk/Desktop/carbon-coverall/carbon-coverall-poc/node_modules/expect/build/index.js:128:15)
    at Object.expect (/Users/chrisvelgersdyk/Desktop/carbon-coverall/carbon-coverall-poc/packages/react/__tests__/scss-test.js:24:13)
    at Promise.then.completed (/Users/chrisvelgersdyk/Desktop/carbon-coverall/carbon-coverall-poc/node_modules/jest-circus/build/utils.js:333:28)
    at new Promise (&lt;anonymous&gt;)
    at callAsyncCircusFn (/Users/chrisvelgersdyk/Desktop/carbon-coverall/carbon-coverall-poc/node_modules/jest-circus/build/utils.js:259:10)
    at _callCircusTest (/Users/chrisvelgersdyk/Desktop/carbon-coverall/carbon-coverall-poc/node_modules/jest-circus/build/run.js:276:40)
    at processTicksAndRejections (node:internal/process/task_queues:95:5)
    at _runTest (/Users/chrisvelgersdyk/Desktop/carbon-coverall/carbon-coverall-poc/node_modules/jest-circus/build/run.js:208:3)
    at _runTestsForDescribeBlock (/Users/chrisvelgersdyk/Desktop/carbon-coverall/carbon-coverall-poc/node_modules/jest-circus/build/run.js:96:9)
    at _runTestsForDescribeBlock (/Users/chrisvelgersdyk/Desktop/carbon-coverall/carbon-coverall-poc/node_modules/jest-circus/build/run.js:90:9)</failure>
    </testcase>
    <testcase classname="@carbon/react/scss scss/components/ui-shell/header-panel/header-panel should be importable" name="@carbon/react/scss scss/components/ui-shell/header-panel/header-panel should be importable" time="0.011">
      <failure>Error: expect(received).resolves.toBeDefined()

Received promise rejected instead of resolved
Rejected to value: [Error: Can&apos;t find stylesheet to import.
  ╷
8 │ @forward &apos;generated/themes&apos;;
  │ ^^^^^^^^^^^^^^^^^^^^^^^^^^^
  ╵
  node_modules/@carbon/themes/scss/compat/_themes.scss 8:1                                   @use
  node_modules/@carbon/styles/scss/compat/_themes.scss 9:1                                   @use
  node_modules/@carbon/styles/scss/theme/_theme.scss 12:1                                    @use
  node_modules/@carbon/styles/scss/layer/_layer-sets.scss 9:1                                @forward
  node_modules/@carbon/styles/scss/_layer.scss 8:1                                           @use
  node_modules/@carbon/styles/scss/components/ui-shell/header-panel/_header-panel.scss 10:1  @forward
  packages/react/scss/components/ui-shell/header-panel/_header-panel.scss 9:1                @use
  stdin 2:1                                                                                  root stylesheet]
    at expect (/Users/chrisvelgersdyk/Desktop/carbon-coverall/carbon-coverall-poc/node_modules/expect/build/index.js:128:15)
    at Object.expect (/Users/chrisvelgersdyk/Desktop/carbon-coverall/carbon-coverall-poc/packages/react/__tests__/scss-test.js:24:13)
    at Promise.then.completed (/Users/chrisvelgersdyk/Desktop/carbon-coverall/carbon-coverall-poc/node_modules/jest-circus/build/utils.js:333:28)
    at new Promise (&lt;anonymous&gt;)
    at callAsyncCircusFn (/Users/chrisvelgersdyk/Desktop/carbon-coverall/carbon-coverall-poc/node_modules/jest-circus/build/utils.js:259:10)
    at _callCircusTest (/Users/chrisvelgersdyk/Desktop/carbon-coverall/carbon-coverall-poc/node_modules/jest-circus/build/run.js:276:40)
    at processTicksAndRejections (node:internal/process/task_queues:95:5)
    at _runTest (/Users/chrisvelgersdyk/Desktop/carbon-coverall/carbon-coverall-poc/node_modules/jest-circus/build/run.js:208:3)
    at _runTestsForDescribeBlock (/Users/chrisvelgersdyk/Desktop/carbon-coverall/carbon-coverall-poc/node_modules/jest-circus/build/run.js:96:9)
    at _runTestsForDescribeBlock (/Users/chrisvelgersdyk/Desktop/carbon-coverall/carbon-coverall-poc/node_modules/jest-circus/build/run.js:90:9)</failure>
    </testcase>
    <testcase classname="@carbon/react/scss scss/components/ui-shell/header-panel should be importable" name="@carbon/react/scss scss/components/ui-shell/header-panel should be importable" time="0.006">
      <failure>Error: expect(received).resolves.toBeDefined()

Received promise rejected instead of resolved
Rejected to value: [Error: Can&apos;t find stylesheet to import.
  ╷
8 │ @forward &apos;generated/themes&apos;;
  │ ^^^^^^^^^^^^^^^^^^^^^^^^^^^
  ╵
  node_modules/@carbon/themes/scss/compat/_themes.scss 8:1                                   @use
  node_modules/@carbon/styles/scss/compat/_themes.scss 9:1                                   @use
  node_modules/@carbon/styles/scss/theme/_theme.scss 12:1                                    @use
  node_modules/@carbon/styles/scss/layer/_layer-sets.scss 9:1                                @forward
  node_modules/@carbon/styles/scss/_layer.scss 8:1                                           @use
  node_modules/@carbon/styles/scss/components/ui-shell/header-panel/_header-panel.scss 10:1  @forward
  node_modules/@carbon/styles/scss/components/ui-shell/header-panel/_index.scss 8:1          @forward
  packages/react/scss/components/ui-shell/header-panel/_index.scss 9:1                       @use
  stdin 2:1                                                                                  root stylesheet]
    at expect (/Users/chrisvelgersdyk/Desktop/carbon-coverall/carbon-coverall-poc/node_modules/expect/build/index.js:128:15)
    at Object.expect (/Users/chrisvelgersdyk/Desktop/carbon-coverall/carbon-coverall-poc/packages/react/__tests__/scss-test.js:24:13)
    at Promise.then.completed (/Users/chrisvelgersdyk/Desktop/carbon-coverall/carbon-coverall-poc/node_modules/jest-circus/build/utils.js:333:28)
    at new Promise (&lt;anonymous&gt;)
    at callAsyncCircusFn (/Users/chrisvelgersdyk/Desktop/carbon-coverall/carbon-coverall-poc/node_modules/jest-circus/build/utils.js:259:10)
    at _callCircusTest (/Users/chrisvelgersdyk/Desktop/carbon-coverall/carbon-coverall-poc/node_modules/jest-circus/build/run.js:276:40)
    at processTicksAndRejections (node:internal/process/task_queues:95:5)
    at _runTest (/Users/chrisvelgersdyk/Desktop/carbon-coverall/carbon-coverall-poc/node_modules/jest-circus/build/run.js:208:3)
    at _runTestsForDescribeBlock (/Users/chrisvelgersdyk/Desktop/carbon-coverall/carbon-coverall-poc/node_modules/jest-circus/build/run.js:96:9)
    at _runTestsForDescribeBlock (/Users/chrisvelgersdyk/Desktop/carbon-coverall/carbon-coverall-poc/node_modules/jest-circus/build/run.js:90:9)</failure>
    </testcase>
    <testcase classname="@carbon/react/scss scss/components/ui-shell/side-nav should be importable" name="@carbon/react/scss scss/components/ui-shell/side-nav should be importable" time="0.012">
      <failure>Error: expect(received).resolves.toBeDefined()

Received promise rejected instead of resolved
Rejected to value: [Error: Can&apos;t find stylesheet to import.
  ╷
8 │ @forward &apos;generated/themes&apos;;
  │ ^^^^^^^^^^^^^^^^^^^^^^^^^^^
  ╵
  node_modules/@carbon/themes/scss/compat/_themes.scss 8:1                           @use
  node_modules/@carbon/styles/scss/compat/_themes.scss 9:1                           @use
  node_modules/@carbon/styles/scss/theme/_theme.scss 12:1                            @use
  node_modules/@carbon/styles/scss/layer/_layer-sets.scss 9:1                        @forward
  node_modules/@carbon/styles/scss/_layer.scss 8:1                                   @use
  node_modules/@carbon/styles/scss/components/ui-shell/side-nav/_side-nav.scss 12:1  @forward
  node_modules/@carbon/styles/scss/components/ui-shell/side-nav/_index.scss 8:1      @forward
  packages/react/scss/components/ui-shell/side-nav/_index.scss 9:1                   @use
  stdin 2:1                                                                          root stylesheet]
    at expect (/Users/chrisvelgersdyk/Desktop/carbon-coverall/carbon-coverall-poc/node_modules/expect/build/index.js:128:15)
    at Object.expect (/Users/chrisvelgersdyk/Desktop/carbon-coverall/carbon-coverall-poc/packages/react/__tests__/scss-test.js:24:13)
    at Promise.then.completed (/Users/chrisvelgersdyk/Desktop/carbon-coverall/carbon-coverall-poc/node_modules/jest-circus/build/utils.js:333:28)
    at new Promise (&lt;anonymous&gt;)
    at callAsyncCircusFn (/Users/chrisvelgersdyk/Desktop/carbon-coverall/carbon-coverall-poc/node_modules/jest-circus/build/utils.js:259:10)
    at _callCircusTest (/Users/chrisvelgersdyk/Desktop/carbon-coverall/carbon-coverall-poc/node_modules/jest-circus/build/run.js:276:40)
    at processTicksAndRejections (node:internal/process/task_queues:95:5)
    at _runTest (/Users/chrisvelgersdyk/Desktop/carbon-coverall/carbon-coverall-poc/node_modules/jest-circus/build/run.js:208:3)
    at _runTestsForDescribeBlock (/Users/chrisvelgersdyk/Desktop/carbon-coverall/carbon-coverall-poc/node_modules/jest-circus/build/run.js:96:9)
    at _runTestsForDescribeBlock (/Users/chrisvelgersdyk/Desktop/carbon-coverall/carbon-coverall-poc/node_modules/jest-circus/build/run.js:90:9)</failure>
    </testcase>
    <testcase classname="@carbon/react/scss scss/components/ui-shell/side-nav/side-nav should be importable" name="@carbon/react/scss scss/components/ui-shell/side-nav/side-nav should be importable" time="0.016">
      <failure>Error: expect(received).resolves.toBeDefined()

Received promise rejected instead of resolved
Rejected to value: [Error: Can&apos;t find stylesheet to import.
  ╷
8 │ @forward &apos;generated/themes&apos;;
  │ ^^^^^^^^^^^^^^^^^^^^^^^^^^^
  ╵
  node_modules/@carbon/themes/scss/compat/_themes.scss 8:1                           @use
  node_modules/@carbon/styles/scss/compat/_themes.scss 9:1                           @use
  node_modules/@carbon/styles/scss/theme/_theme.scss 12:1                            @use
  node_modules/@carbon/styles/scss/layer/_layer-sets.scss 9:1                        @forward
  node_modules/@carbon/styles/scss/_layer.scss 8:1                                   @use
  node_modules/@carbon/styles/scss/components/ui-shell/side-nav/_side-nav.scss 12:1  @forward
  packages/react/scss/components/ui-shell/side-nav/_side-nav.scss 9:1                @use
  stdin 2:1                                                                          root stylesheet]
    at expect (/Users/chrisvelgersdyk/Desktop/carbon-coverall/carbon-coverall-poc/node_modules/expect/build/index.js:128:15)
    at Object.expect (/Users/chrisvelgersdyk/Desktop/carbon-coverall/carbon-coverall-poc/packages/react/__tests__/scss-test.js:24:13)
    at Promise.then.completed (/Users/chrisvelgersdyk/Desktop/carbon-coverall/carbon-coverall-poc/node_modules/jest-circus/build/utils.js:333:28)
    at new Promise (&lt;anonymous&gt;)
    at callAsyncCircusFn (/Users/chrisvelgersdyk/Desktop/carbon-coverall/carbon-coverall-poc/node_modules/jest-circus/build/utils.js:259:10)
    at _callCircusTest (/Users/chrisvelgersdyk/Desktop/carbon-coverall/carbon-coverall-poc/node_modules/jest-circus/build/run.js:276:40)
    at processTicksAndRejections (node:internal/process/task_queues:95:5)
    at _runTest (/Users/chrisvelgersdyk/Desktop/carbon-coverall/carbon-coverall-poc/node_modules/jest-circus/build/run.js:208:3)
    at _runTestsForDescribeBlock (/Users/chrisvelgersdyk/Desktop/carbon-coverall/carbon-coverall-poc/node_modules/jest-circus/build/run.js:96:9)
    at _runTestsForDescribeBlock (/Users/chrisvelgersdyk/Desktop/carbon-coverall/carbon-coverall-poc/node_modules/jest-circus/build/run.js:90:9)</failure>
    </testcase>
    <testcase classname="@carbon/react/scss scss/components/ui-shell/switcher should be importable" name="@carbon/react/scss scss/components/ui-shell/switcher should be importable" time="0.004">
      <failure>Error: expect(received).resolves.toBeDefined()

Received promise rejected instead of resolved
Rejected to value: [Error: Can&apos;t find stylesheet to import.
  ╷
8 │ @forward &apos;./generated/fluid-spacing&apos;;
  │ ^^^^^^^^^^^^^^^^^^^^^^^^^^^^^^^^^^^^
  ╵
  node_modules/@carbon/layout/scss/_spacing.scss 8:1                                @forward
  node_modules/@carbon/styles/scss/_spacing.scss 8:1                                @use
  node_modules/@carbon/styles/scss/components/ui-shell/switcher/_switcher.scss 9:1  @forward
  node_modules/@carbon/styles/scss/components/ui-shell/switcher/_index.scss 8:1     @forward
  packages/react/scss/components/ui-shell/switcher/_index.scss 9:1                  @use
  stdin 2:1                                                                         root stylesheet]
    at expect (/Users/chrisvelgersdyk/Desktop/carbon-coverall/carbon-coverall-poc/node_modules/expect/build/index.js:128:15)
    at Object.expect (/Users/chrisvelgersdyk/Desktop/carbon-coverall/carbon-coverall-poc/packages/react/__tests__/scss-test.js:24:13)
    at Promise.then.completed (/Users/chrisvelgersdyk/Desktop/carbon-coverall/carbon-coverall-poc/node_modules/jest-circus/build/utils.js:333:28)
    at new Promise (&lt;anonymous&gt;)
    at callAsyncCircusFn (/Users/chrisvelgersdyk/Desktop/carbon-coverall/carbon-coverall-poc/node_modules/jest-circus/build/utils.js:259:10)
    at _callCircusTest (/Users/chrisvelgersdyk/Desktop/carbon-coverall/carbon-coverall-poc/node_modules/jest-circus/build/run.js:276:40)
    at processTicksAndRejections (node:internal/process/task_queues:95:5)
    at _runTest (/Users/chrisvelgersdyk/Desktop/carbon-coverall/carbon-coverall-poc/node_modules/jest-circus/build/run.js:208:3)
    at _runTestsForDescribeBlock (/Users/chrisvelgersdyk/Desktop/carbon-coverall/carbon-coverall-poc/node_modules/jest-circus/build/run.js:96:9)
    at _runTestsForDescribeBlock (/Users/chrisvelgersdyk/Desktop/carbon-coverall/carbon-coverall-poc/node_modules/jest-circus/build/run.js:90:9)</failure>
    </testcase>
    <testcase classname="@carbon/react/scss scss/components/ui-shell/switcher/switcher should be importable" name="@carbon/react/scss scss/components/ui-shell/switcher/switcher should be importable" time="0.005">
      <failure>Error: expect(received).resolves.toBeDefined()

Received promise rejected instead of resolved
Rejected to value: [Error: Can&apos;t find stylesheet to import.
  ╷
8 │ @forward &apos;./generated/fluid-spacing&apos;;
  │ ^^^^^^^^^^^^^^^^^^^^^^^^^^^^^^^^^^^^
  ╵
  node_modules/@carbon/layout/scss/_spacing.scss 8:1                                @forward
  node_modules/@carbon/styles/scss/_spacing.scss 8:1                                @use
  node_modules/@carbon/styles/scss/components/ui-shell/switcher/_switcher.scss 9:1  @forward
  packages/react/scss/components/ui-shell/switcher/_switcher.scss 9:1               @use
  stdin 2:1                                                                         root stylesheet]
    at expect (/Users/chrisvelgersdyk/Desktop/carbon-coverall/carbon-coverall-poc/node_modules/expect/build/index.js:128:15)
    at Object.expect (/Users/chrisvelgersdyk/Desktop/carbon-coverall/carbon-coverall-poc/packages/react/__tests__/scss-test.js:24:13)
    at Promise.then.completed (/Users/chrisvelgersdyk/Desktop/carbon-coverall/carbon-coverall-poc/node_modules/jest-circus/build/utils.js:333:28)
    at new Promise (&lt;anonymous&gt;)
    at callAsyncCircusFn (/Users/chrisvelgersdyk/Desktop/carbon-coverall/carbon-coverall-poc/node_modules/jest-circus/build/utils.js:259:10)
    at _callCircusTest (/Users/chrisvelgersdyk/Desktop/carbon-coverall/carbon-coverall-poc/node_modules/jest-circus/build/run.js:276:40)
    at processTicksAndRejections (node:internal/process/task_queues:95:5)
    at _runTest (/Users/chrisvelgersdyk/Desktop/carbon-coverall/carbon-coverall-poc/node_modules/jest-circus/build/run.js:208:3)
    at _runTestsForDescribeBlock (/Users/chrisvelgersdyk/Desktop/carbon-coverall/carbon-coverall-poc/node_modules/jest-circus/build/run.js:96:9)
    at _runTestsForDescribeBlock (/Users/chrisvelgersdyk/Desktop/carbon-coverall/carbon-coverall-poc/node_modules/jest-circus/build/run.js:90:9)</failure>
    </testcase>
    <testcase classname="@carbon/react/scss scss/fonts should be importable" name="@carbon/react/scss scss/fonts should be importable" time="0.149">
    </testcase>
    <testcase classname="@carbon/react/scss scss/fonts/mono should be importable" name="@carbon/react/scss scss/fonts/mono should be importable" time="0.006">
    </testcase>
    <testcase classname="@carbon/react/scss scss/fonts/sans-arabic should be importable" name="@carbon/react/scss scss/fonts/sans-arabic should be importable" time="0.008">
    </testcase>
    <testcase classname="@carbon/react/scss scss/fonts/sans-devanagari should be importable" name="@carbon/react/scss scss/fonts/sans-devanagari should be importable" time="0.01">
    </testcase>
    <testcase classname="@carbon/react/scss scss/fonts/sans-hebrew should be importable" name="@carbon/react/scss scss/fonts/sans-hebrew should be importable" time="0.005">
    </testcase>
    <testcase classname="@carbon/react/scss scss/fonts/sans-thai-looped should be importable" name="@carbon/react/scss scss/fonts/sans-thai-looped should be importable" time="0.005">
    </testcase>
    <testcase classname="@carbon/react/scss scss/fonts/sans-thai should be importable" name="@carbon/react/scss scss/fonts/sans-thai should be importable" time="0.004">
    </testcase>
    <testcase classname="@carbon/react/scss scss/fonts/sans should be importable" name="@carbon/react/scss scss/fonts/sans should be importable" time="0.005">
    </testcase>
    <testcase classname="@carbon/react/scss scss/fonts/serif should be importable" name="@carbon/react/scss scss/fonts/serif should be importable" time="0.005">
    </testcase>
    <testcase classname="@carbon/react/scss scss/fonts/src should be importable" name="@carbon/react/scss scss/fonts/src should be importable" time="0.006">
    </testcase>
    <testcase classname="@carbon/react/scss scss/grid/css-grid should be importable" name="@carbon/react/scss scss/grid/css-grid should be importable" time="0.176">
    </testcase>
    <testcase classname="@carbon/react/scss scss/grid/flexbox should be importable" name="@carbon/react/scss scss/grid/flexbox should be importable" time="0.1">
    </testcase>
    <testcase classname="@carbon/react/scss scss/grid/mixins should be importable" name="@carbon/react/scss scss/grid/mixins should be importable" time="0.013">
    </testcase>
    <testcase classname="@carbon/react/scss scss/grid should be importable" name="@carbon/react/scss scss/grid should be importable" time="0.101">
    </testcase>
    <testcase classname="@carbon/react/scss scss/type should be importable" name="@carbon/react/scss scss/type should be importable" time="0.003">
      <failure>Error: expect(received).resolves.toBeDefined()

Received promise rejected instead of resolved
Rejected to value: [Error: Can&apos;t find stylesheet to import.
  ╷
9 │ @use &apos;scss/generated/feature-flags&apos;;
  │ ^^^^^^^^^^^^^^^^^^^^^^^^^^^^^^^^^^^
  ╵
  node_modules/@carbon/feature-flags/index.scss 9:1         @forward
  node_modules/@carbon/styles/scss/_feature-flags.scss 8:1  @use
  node_modules/@carbon/styles/scss/type/_index.scss 8:1     @forward
  packages/react/scss/type/_index.scss 9:1                  @use
  stdin 2:1                                                 root stylesheet]
    at expect (/Users/chrisvelgersdyk/Desktop/carbon-coverall/carbon-coverall-poc/node_modules/expect/build/index.js:128:15)
    at Object.expect (/Users/chrisvelgersdyk/Desktop/carbon-coverall/carbon-coverall-poc/packages/react/__tests__/scss-test.js:24:13)
    at Promise.then.completed (/Users/chrisvelgersdyk/Desktop/carbon-coverall/carbon-coverall-poc/node_modules/jest-circus/build/utils.js:333:28)
    at new Promise (&lt;anonymous&gt;)
    at callAsyncCircusFn (/Users/chrisvelgersdyk/Desktop/carbon-coverall/carbon-coverall-poc/node_modules/jest-circus/build/utils.js:259:10)
    at _callCircusTest (/Users/chrisvelgersdyk/Desktop/carbon-coverall/carbon-coverall-poc/node_modules/jest-circus/build/run.js:276:40)
    at processTicksAndRejections (node:internal/process/task_queues:95:5)
    at _runTest (/Users/chrisvelgersdyk/Desktop/carbon-coverall/carbon-coverall-poc/node_modules/jest-circus/build/run.js:208:3)
    at _runTestsForDescribeBlock (/Users/chrisvelgersdyk/Desktop/carbon-coverall/carbon-coverall-poc/node_modules/jest-circus/build/run.js:96:9)
    at _runTestsForDescribeBlock (/Users/chrisvelgersdyk/Desktop/carbon-coverall/carbon-coverall-poc/node_modules/jest-circus/build/run.js:90:9)</failure>
    </testcase>
    <testcase classname="@carbon/react/scss scss/type/reset should be importable" name="@carbon/react/scss scss/type/reset should be importable" time="0.003">
      <failure>Error: expect(received).resolves.toBeDefined()

Received promise rejected instead of resolved
Rejected to value: [Error: Can&apos;t find stylesheet to import.
  ╷
8 │ @forward &apos;./generated/fluid-spacing&apos;;
  │ ^^^^^^^^^^^^^^^^^^^^^^^^^^^^^^^^^^^^
  ╵
  node_modules/@carbon/layout/scss/_spacing.scss 8:1     @forward
  node_modules/@carbon/layout/index.scss 9:1             @use
  node_modules/@carbon/type/scss/_reset.scss 10:1        @forward
  node_modules/@carbon/styles/scss/type/_reset.scss 8:1  @forward
  packages/react/scss/type/_reset.scss 9:1               @use
  stdin 2:1                                              root stylesheet]
    at expect (/Users/chrisvelgersdyk/Desktop/carbon-coverall/carbon-coverall-poc/node_modules/expect/build/index.js:128:15)
    at Object.expect (/Users/chrisvelgersdyk/Desktop/carbon-coverall/carbon-coverall-poc/packages/react/__tests__/scss-test.js:24:13)
    at Promise.then.completed (/Users/chrisvelgersdyk/Desktop/carbon-coverall/carbon-coverall-poc/node_modules/jest-circus/build/utils.js:333:28)
    at new Promise (&lt;anonymous&gt;)
    at callAsyncCircusFn (/Users/chrisvelgersdyk/Desktop/carbon-coverall/carbon-coverall-poc/node_modules/jest-circus/build/utils.js:259:10)
    at _callCircusTest (/Users/chrisvelgersdyk/Desktop/carbon-coverall/carbon-coverall-poc/node_modules/jest-circus/build/run.js:276:40)
    at processTicksAndRejections (node:internal/process/task_queues:95:5)
    at _runTest (/Users/chrisvelgersdyk/Desktop/carbon-coverall/carbon-coverall-poc/node_modules/jest-circus/build/run.js:208:3)
    at _runTestsForDescribeBlock (/Users/chrisvelgersdyk/Desktop/carbon-coverall/carbon-coverall-poc/node_modules/jest-circus/build/run.js:96:9)
    at _runTestsForDescribeBlock (/Users/chrisvelgersdyk/Desktop/carbon-coverall/carbon-coverall-poc/node_modules/jest-circus/build/run.js:90:9)</failure>
    </testcase>
    <testcase classname="@carbon/react/scss scss/utilities/ai-gradient should be importable" name="@carbon/react/scss scss/utilities/ai-gradient should be importable" time="0.005">
      <failure>Error: expect(received).resolves.toBeDefined()

Received promise rejected instead of resolved
Rejected to value: [Error: Can&apos;t find stylesheet to import.
  ╷
8 │ @forward &apos;generated/themes&apos;;
  │ ^^^^^^^^^^^^^^^^^^^^^^^^^^^
  ╵
  node_modules/@carbon/themes/scss/compat/_themes.scss 8:1          @use
  node_modules/@carbon/styles/scss/compat/_themes.scss 9:1          @use
  node_modules/@carbon/styles/scss/theme/_theme.scss 12:1           @forward
  node_modules/@carbon/styles/scss/_theme.scss 8:1                  @use
  node_modules/@carbon/styles/scss/utilities/_ai-gradient.scss 8:1  @forward
  packages/react/scss/utilities/_ai-gradient.scss 9:1               @use
  stdin 2:1                                                         root stylesheet]
    at expect (/Users/chrisvelgersdyk/Desktop/carbon-coverall/carbon-coverall-poc/node_modules/expect/build/index.js:128:15)
    at Object.expect (/Users/chrisvelgersdyk/Desktop/carbon-coverall/carbon-coverall-poc/packages/react/__tests__/scss-test.js:24:13)
    at Promise.then.completed (/Users/chrisvelgersdyk/Desktop/carbon-coverall/carbon-coverall-poc/node_modules/jest-circus/build/utils.js:333:28)
    at new Promise (&lt;anonymous&gt;)
    at callAsyncCircusFn (/Users/chrisvelgersdyk/Desktop/carbon-coverall/carbon-coverall-poc/node_modules/jest-circus/build/utils.js:259:10)
    at _callCircusTest (/Users/chrisvelgersdyk/Desktop/carbon-coverall/carbon-coverall-poc/node_modules/jest-circus/build/run.js:276:40)
    at processTicksAndRejections (node:internal/process/task_queues:95:5)
    at _runTest (/Users/chrisvelgersdyk/Desktop/carbon-coverall/carbon-coverall-poc/node_modules/jest-circus/build/run.js:208:3)
    at _runTestsForDescribeBlock (/Users/chrisvelgersdyk/Desktop/carbon-coverall/carbon-coverall-poc/node_modules/jest-circus/build/run.js:96:9)
    at _runTestsForDescribeBlock (/Users/chrisvelgersdyk/Desktop/carbon-coverall/carbon-coverall-poc/node_modules/jest-circus/build/run.js:90:9)</failure>
    </testcase>
    <testcase classname="@carbon/react/scss scss/utilities/box-shadow should be importable" name="@carbon/react/scss scss/utilities/box-shadow should be importable" time="0.008">
      <failure>Error: expect(received).resolves.toBeDefined()

Received promise rejected instead of resolved
Rejected to value: [Error: Can&apos;t find stylesheet to import.
  ╷
8 │ @forward &apos;generated/themes&apos;;
  │ ^^^^^^^^^^^^^^^^^^^^^^^^^^^
  ╵
  node_modules/@carbon/themes/scss/compat/_themes.scss 8:1         @use
  node_modules/@carbon/styles/scss/compat/_themes.scss 9:1         @use
  node_modules/@carbon/styles/scss/theme/_theme.scss 12:1          @forward
  node_modules/@carbon/styles/scss/_theme.scss 8:1                 @use
  node_modules/@carbon/styles/scss/utilities/_box-shadow.scss 8:1  @forward
  packages/react/scss/utilities/_box-shadow.scss 9:1               @use
  stdin 2:1                                                        root stylesheet]
    at expect (/Users/chrisvelgersdyk/Desktop/carbon-coverall/carbon-coverall-poc/node_modules/expect/build/index.js:128:15)
    at Object.expect (/Users/chrisvelgersdyk/Desktop/carbon-coverall/carbon-coverall-poc/packages/react/__tests__/scss-test.js:24:13)
    at Promise.then.completed (/Users/chrisvelgersdyk/Desktop/carbon-coverall/carbon-coverall-poc/node_modules/jest-circus/build/utils.js:333:28)
    at new Promise (&lt;anonymous&gt;)
    at callAsyncCircusFn (/Users/chrisvelgersdyk/Desktop/carbon-coverall/carbon-coverall-poc/node_modules/jest-circus/build/utils.js:259:10)
    at _callCircusTest (/Users/chrisvelgersdyk/Desktop/carbon-coverall/carbon-coverall-poc/node_modules/jest-circus/build/run.js:276:40)
    at processTicksAndRejections (node:internal/process/task_queues:95:5)
    at _runTest (/Users/chrisvelgersdyk/Desktop/carbon-coverall/carbon-coverall-poc/node_modules/jest-circus/build/run.js:208:3)
    at _runTestsForDescribeBlock (/Users/chrisvelgersdyk/Desktop/carbon-coverall/carbon-coverall-poc/node_modules/jest-circus/build/run.js:96:9)
    at _runTestsForDescribeBlock (/Users/chrisvelgersdyk/Desktop/carbon-coverall/carbon-coverall-poc/node_modules/jest-circus/build/run.js:90:9)</failure>
    </testcase>
    <testcase classname="@carbon/react/scss scss/utilities/button-reset should be importable" name="@carbon/react/scss scss/utilities/button-reset should be importable" time="0.002">
    </testcase>
    <testcase classname="@carbon/react/scss scss/utilities/component-reset should be importable" name="@carbon/react/scss scss/utilities/component-reset should be importable" time="0.003">
    </testcase>
    <testcase classname="@carbon/react/scss scss/utilities/component-tokens should be importable" name="@carbon/react/scss scss/utilities/component-tokens should be importable" time="0.004">
      <failure>Error: expect(received).resolves.toBeDefined()

Received promise rejected instead of resolved
Rejected to value: [Error: Can&apos;t find stylesheet to import.
  ╷
8 │ @forward &apos;generated/themes&apos;;
  │ ^^^^^^^^^^^^^^^^^^^^^^^^^^^
  ╵
  node_modules/@carbon/themes/scss/_themes.scss 8:1                       @forward
  node_modules/@carbon/styles/scss/_themes.scss 9:1                       @use
  node_modules/@carbon/styles/scss/utilities/_component-tokens.scss 12:1  @forward
  packages/react/scss/utilities/_component-tokens.scss 9:1                @use
  stdin 2:1                                                               root stylesheet]
    at expect (/Users/chrisvelgersdyk/Desktop/carbon-coverall/carbon-coverall-poc/node_modules/expect/build/index.js:128:15)
    at Object.expect (/Users/chrisvelgersdyk/Desktop/carbon-coverall/carbon-coverall-poc/packages/react/__tests__/scss-test.js:24:13)
    at Promise.then.completed (/Users/chrisvelgersdyk/Desktop/carbon-coverall/carbon-coverall-poc/node_modules/jest-circus/build/utils.js:333:28)
    at new Promise (&lt;anonymous&gt;)
    at callAsyncCircusFn (/Users/chrisvelgersdyk/Desktop/carbon-coverall/carbon-coverall-poc/node_modules/jest-circus/build/utils.js:259:10)
    at _callCircusTest (/Users/chrisvelgersdyk/Desktop/carbon-coverall/carbon-coverall-poc/node_modules/jest-circus/build/run.js:276:40)
    at processTicksAndRejections (node:internal/process/task_queues:95:5)
    at _runTest (/Users/chrisvelgersdyk/Desktop/carbon-coverall/carbon-coverall-poc/node_modules/jest-circus/build/run.js:208:3)
    at _runTestsForDescribeBlock (/Users/chrisvelgersdyk/Desktop/carbon-coverall/carbon-coverall-poc/node_modules/jest-circus/build/run.js:96:9)
    at _runTestsForDescribeBlock (/Users/chrisvelgersdyk/Desktop/carbon-coverall/carbon-coverall-poc/node_modules/jest-circus/build/run.js:90:9)</failure>
    </testcase>
    <testcase classname="@carbon/react/scss scss/utilities/convert should be importable" name="@carbon/react/scss scss/utilities/convert should be importable" time="0.002">
    </testcase>
    <testcase classname="@carbon/react/scss scss/utilities/custom-property should be importable" name="@carbon/react/scss scss/utilities/custom-property should be importable" time="0.007">
    </testcase>
    <testcase classname="@carbon/react/scss scss/utilities/focus-outline should be importable" name="@carbon/react/scss scss/utilities/focus-outline should be importable" time="0.012">
      <failure>Error: expect(received).resolves.toBeDefined()

Received promise rejected instead of resolved
Rejected to value: [Error: Can&apos;t find stylesheet to import.
  ╷
8 │ @forward &apos;generated/themes&apos;;
  │ ^^^^^^^^^^^^^^^^^^^^^^^^^^^
  ╵
  node_modules/@carbon/themes/scss/compat/_themes.scss 8:1            @use
  node_modules/@carbon/styles/scss/compat/_themes.scss 9:1            @use
  node_modules/@carbon/styles/scss/theme/_theme.scss 12:1             @forward
  node_modules/@carbon/styles/scss/_theme.scss 8:1                    @use
  node_modules/@carbon/styles/scss/utilities/_focus-outline.scss 8:1  @forward
  packages/react/scss/utilities/_focus-outline.scss 9:1               @use
  stdin 2:1                                                           root stylesheet]
    at expect (/Users/chrisvelgersdyk/Desktop/carbon-coverall/carbon-coverall-poc/node_modules/expect/build/index.js:128:15)
    at Object.expect (/Users/chrisvelgersdyk/Desktop/carbon-coverall/carbon-coverall-poc/packages/react/__tests__/scss-test.js:24:13)
    at Promise.then.completed (/Users/chrisvelgersdyk/Desktop/carbon-coverall/carbon-coverall-poc/node_modules/jest-circus/build/utils.js:333:28)
    at new Promise (&lt;anonymous&gt;)
    at callAsyncCircusFn (/Users/chrisvelgersdyk/Desktop/carbon-coverall/carbon-coverall-poc/node_modules/jest-circus/build/utils.js:259:10)
    at _callCircusTest (/Users/chrisvelgersdyk/Desktop/carbon-coverall/carbon-coverall-poc/node_modules/jest-circus/build/run.js:276:40)
    at processTicksAndRejections (node:internal/process/task_queues:95:5)
    at _runTest (/Users/chrisvelgersdyk/Desktop/carbon-coverall/carbon-coverall-poc/node_modules/jest-circus/build/run.js:208:3)
    at _runTestsForDescribeBlock (/Users/chrisvelgersdyk/Desktop/carbon-coverall/carbon-coverall-poc/node_modules/jest-circus/build/run.js:96:9)
    at _runTestsForDescribeBlock (/Users/chrisvelgersdyk/Desktop/carbon-coverall/carbon-coverall-poc/node_modules/jest-circus/build/run.js:90:9)</failure>
    </testcase>
    <testcase classname="@carbon/react/scss scss/utilities/hide-at-breakpoint should be importable" name="@carbon/react/scss scss/utilities/hide-at-breakpoint should be importable" time="0.008">
    </testcase>
    <testcase classname="@carbon/react/scss scss/utilities/high-contrast-mode should be importable" name="@carbon/react/scss scss/utilities/high-contrast-mode should be importable" time="0.002">
    </testcase>
    <testcase classname="@carbon/react/scss scss/utilities should be importable" name="@carbon/react/scss scss/utilities should be importable" time="0.008">
      <failure>Error: expect(received).resolves.toBeDefined()

Received promise rejected instead of resolved
Rejected to value: [Error: Can&apos;t find stylesheet to import.
  ╷
8 │ @forward &apos;generated/themes&apos;;
  │ ^^^^^^^^^^^^^^^^^^^^^^^^^^^
  ╵
  node_modules/@carbon/themes/scss/compat/_themes.scss 8:1          @use
  node_modules/@carbon/styles/scss/compat/_themes.scss 9:1          @use
  node_modules/@carbon/styles/scss/theme/_theme.scss 12:1           @forward
  node_modules/@carbon/styles/scss/_theme.scss 8:1                  @use
  node_modules/@carbon/styles/scss/utilities/_ai-gradient.scss 8:1  @forward
  node_modules/@carbon/styles/scss/utilities/_index.scss 8:1        @forward
  packages/react/scss/utilities/_index.scss 9:1                     @use
  stdin 2:1                                                         root stylesheet]
    at expect (/Users/chrisvelgersdyk/Desktop/carbon-coverall/carbon-coverall-poc/node_modules/expect/build/index.js:128:15)
    at Object.expect (/Users/chrisvelgersdyk/Desktop/carbon-coverall/carbon-coverall-poc/packages/react/__tests__/scss-test.js:24:13)
    at Promise.then.completed (/Users/chrisvelgersdyk/Desktop/carbon-coverall/carbon-coverall-poc/node_modules/jest-circus/build/utils.js:333:28)
    at new Promise (&lt;anonymous&gt;)
    at callAsyncCircusFn (/Users/chrisvelgersdyk/Desktop/carbon-coverall/carbon-coverall-poc/node_modules/jest-circus/build/utils.js:259:10)
    at _callCircusTest (/Users/chrisvelgersdyk/Desktop/carbon-coverall/carbon-coverall-poc/node_modules/jest-circus/build/run.js:276:40)
    at processTicksAndRejections (node:internal/process/task_queues:95:5)
    at _runTest (/Users/chrisvelgersdyk/Desktop/carbon-coverall/carbon-coverall-poc/node_modules/jest-circus/build/run.js:208:3)
    at _runTestsForDescribeBlock (/Users/chrisvelgersdyk/Desktop/carbon-coverall/carbon-coverall-poc/node_modules/jest-circus/build/run.js:96:9)
    at _runTestsForDescribeBlock (/Users/chrisvelgersdyk/Desktop/carbon-coverall/carbon-coverall-poc/node_modules/jest-circus/build/run.js:90:9)</failure>
    </testcase>
    <testcase classname="@carbon/react/scss scss/utilities/keyframes should be importable" name="@carbon/react/scss scss/utilities/keyframes should be importable" time="0.004">
    </testcase>
    <testcase classname="@carbon/react/scss scss/utilities/layout should be importable" name="@carbon/react/scss scss/utilities/layout should be importable" time="0.008">
      <failure>Error: expect(received).resolves.toBeDefined()

Received promise rejected instead of resolved
Rejected to value: [Error: Can&apos;t find stylesheet to import.
  ╷
8 │ @forward &apos;./generated/fluid-spacing&apos;;
  │ ^^^^^^^^^^^^^^^^^^^^^^^^^^^^^^^^^^^^
  ╵
  node_modules/@carbon/layout/scss/_spacing.scss 8:1            @forward
  node_modules/@carbon/styles/scss/_spacing.scss 8:1            @use
  node_modules/@carbon/styles/scss/_layout.scss 14:1            @use
  node_modules/@carbon/styles/scss/utilities/_layout.scss 11:1  @forward
  packages/react/scss/utilities/_layout.scss 9:1                @use
  stdin 2:1                                                     root stylesheet]
    at expect (/Users/chrisvelgersdyk/Desktop/carbon-coverall/carbon-coverall-poc/node_modules/expect/build/index.js:128:15)
    at Object.expect (/Users/chrisvelgersdyk/Desktop/carbon-coverall/carbon-coverall-poc/packages/react/__tests__/scss-test.js:24:13)
    at Promise.then.completed (/Users/chrisvelgersdyk/Desktop/carbon-coverall/carbon-coverall-poc/node_modules/jest-circus/build/utils.js:333:28)
    at new Promise (&lt;anonymous&gt;)
    at callAsyncCircusFn (/Users/chrisvelgersdyk/Desktop/carbon-coverall/carbon-coverall-poc/node_modules/jest-circus/build/utils.js:259:10)
    at _callCircusTest (/Users/chrisvelgersdyk/Desktop/carbon-coverall/carbon-coverall-poc/node_modules/jest-circus/build/run.js:276:40)
    at processTicksAndRejections (node:internal/process/task_queues:95:5)
    at _runTest (/Users/chrisvelgersdyk/Desktop/carbon-coverall/carbon-coverall-poc/node_modules/jest-circus/build/run.js:208:3)
    at _runTestsForDescribeBlock (/Users/chrisvelgersdyk/Desktop/carbon-coverall/carbon-coverall-poc/node_modules/jest-circus/build/run.js:96:9)
    at _runTestsForDescribeBlock (/Users/chrisvelgersdyk/Desktop/carbon-coverall/carbon-coverall-poc/node_modules/jest-circus/build/run.js:90:9)</failure>
    </testcase>
    <testcase classname="@carbon/react/scss scss/utilities/placeholder-colors should be importable" name="@carbon/react/scss scss/utilities/placeholder-colors should be importable" time="0.004">
      <failure>Error: expect(received).resolves.toBeDefined()

Received promise rejected instead of resolved
Rejected to value: [Error: Can&apos;t find stylesheet to import.
  ╷
8 │ @forward &apos;generated/themes&apos;;
  │ ^^^^^^^^^^^^^^^^^^^^^^^^^^^
  ╵
  node_modules/@carbon/themes/scss/compat/_themes.scss 8:1                 @use
  node_modules/@carbon/styles/scss/compat/_themes.scss 9:1                 @use
  node_modules/@carbon/styles/scss/theme/_theme.scss 12:1                  @forward
  node_modules/@carbon/styles/scss/_theme.scss 8:1                         @use
  node_modules/@carbon/styles/scss/utilities/_placeholder-colors.scss 8:1  @forward
  packages/react/scss/utilities/_placeholder-colors.scss 9:1               @use
  stdin 2:1                                                                root stylesheet]
    at expect (/Users/chrisvelgersdyk/Desktop/carbon-coverall/carbon-coverall-poc/node_modules/expect/build/index.js:128:15)
    at Object.expect (/Users/chrisvelgersdyk/Desktop/carbon-coverall/carbon-coverall-poc/packages/react/__tests__/scss-test.js:24:13)
    at Promise.then.completed (/Users/chrisvelgersdyk/Desktop/carbon-coverall/carbon-coverall-poc/node_modules/jest-circus/build/utils.js:333:28)
    at new Promise (&lt;anonymous&gt;)
    at callAsyncCircusFn (/Users/chrisvelgersdyk/Desktop/carbon-coverall/carbon-coverall-poc/node_modules/jest-circus/build/utils.js:259:10)
    at _callCircusTest (/Users/chrisvelgersdyk/Desktop/carbon-coverall/carbon-coverall-poc/node_modules/jest-circus/build/run.js:276:40)
    at processTicksAndRejections (node:internal/process/task_queues:95:5)
    at _runTest (/Users/chrisvelgersdyk/Desktop/carbon-coverall/carbon-coverall-poc/node_modules/jest-circus/build/run.js:208:3)
    at _runTestsForDescribeBlock (/Users/chrisvelgersdyk/Desktop/carbon-coverall/carbon-coverall-poc/node_modules/jest-circus/build/run.js:96:9)
    at _runTestsForDescribeBlock (/Users/chrisvelgersdyk/Desktop/carbon-coverall/carbon-coverall-poc/node_modules/jest-circus/build/run.js:90:9)</failure>
    </testcase>
    <testcase classname="@carbon/react/scss scss/utilities/rotate should be importable" name="@carbon/react/scss scss/utilities/rotate should be importable" time="0.001">
    </testcase>
    <testcase classname="@carbon/react/scss scss/utilities/skeleton should be importable" name="@carbon/react/scss scss/utilities/skeleton should be importable" time="0.008">
      <failure>Error: expect(received).resolves.toBeDefined()

Received promise rejected instead of resolved
Rejected to value: [Error: Can&apos;t find stylesheet to import.
  ╷
8 │ @forward &apos;generated/themes&apos;;
  │ ^^^^^^^^^^^^^^^^^^^^^^^^^^^
  ╵
  node_modules/@carbon/themes/scss/compat/_themes.scss 8:1       @use
  node_modules/@carbon/styles/scss/compat/_themes.scss 9:1       @use
  node_modules/@carbon/styles/scss/theme/_theme.scss 12:1        @forward
  node_modules/@carbon/styles/scss/_theme.scss 8:1               @use
  node_modules/@carbon/styles/scss/utilities/_skeleton.scss 9:1  @forward
  packages/react/scss/utilities/_skeleton.scss 9:1               @use
  stdin 2:1                                                      root stylesheet]
    at expect (/Users/chrisvelgersdyk/Desktop/carbon-coverall/carbon-coverall-poc/node_modules/expect/build/index.js:128:15)
    at Object.expect (/Users/chrisvelgersdyk/Desktop/carbon-coverall/carbon-coverall-poc/packages/react/__tests__/scss-test.js:24:13)
    at Promise.then.completed (/Users/chrisvelgersdyk/Desktop/carbon-coverall/carbon-coverall-poc/node_modules/jest-circus/build/utils.js:333:28)
    at new Promise (&lt;anonymous&gt;)
    at callAsyncCircusFn (/Users/chrisvelgersdyk/Desktop/carbon-coverall/carbon-coverall-poc/node_modules/jest-circus/build/utils.js:259:10)
    at _callCircusTest (/Users/chrisvelgersdyk/Desktop/carbon-coverall/carbon-coverall-poc/node_modules/jest-circus/build/run.js:276:40)
    at processTicksAndRejections (node:internal/process/task_queues:95:5)
    at _runTest (/Users/chrisvelgersdyk/Desktop/carbon-coverall/carbon-coverall-poc/node_modules/jest-circus/build/run.js:208:3)
    at _runTestsForDescribeBlock (/Users/chrisvelgersdyk/Desktop/carbon-coverall/carbon-coverall-poc/node_modules/jest-circus/build/run.js:96:9)
    at _runTestsForDescribeBlock (/Users/chrisvelgersdyk/Desktop/carbon-coverall/carbon-coverall-poc/node_modules/jest-circus/build/run.js:90:9)</failure>
    </testcase>
    <testcase classname="@carbon/react/scss scss/utilities/text-overflow should be importable" name="@carbon/react/scss scss/utilities/text-overflow should be importable" time="0.002">
    </testcase>
    <testcase classname="@carbon/react/scss scss/utilities/text-truncate should be importable" name="@carbon/react/scss scss/utilities/text-truncate should be importable" time="0.001">
    </testcase>
    <testcase classname="@carbon/react/scss scss/utilities/visually-hidden should be importable" name="@carbon/react/scss scss/utilities/visually-hidden should be importable" time="0.003">
    </testcase>
    <testcase classname="@carbon/react/scss scss/utilities/z-index should be importable" name="@carbon/react/scss scss/utilities/z-index should be importable" time="0.001">
    </testcase>
  </testsuite>
  <testsuite name="scss/components/file-uploader" errors="0" failures="1" skipped="0" timestamp="2025-04-09T19:39:55" time="0.199" tests="1">
    <testcase classname="scss/components/file-uploader Public API" name="scss/components/file-uploader Public API" time="0.059">
      <failure>Error: Can&apos;t find stylesheet to import.
  ╷
8 │ @forward &apos;./generated/fluid-spacing&apos;;
  │ ^^^^^^^^^^^^^^^^^^^^^^^^^^^^^^^^^^^^
  ╵
  node_modules/@carbon/layout/scss/_spacing.scss 8:1                      @forward
  packages/styles/scss/_spacing.scss 8:1                                  @use
  packages/styles/scss/components/file-uploader/_file-uploader.scss 11:1  @forward
  packages/styles/scss/components/file-uploader/_index.scss 8:1           @use
  stdin 5:7                                                               root stylesheet
    at Object.wrapException (/Users/chrisvelgersdyk/Desktop/carbon-coverall/carbon-coverall-poc/node_modules/sass/sass.dart.js:2161:43)
    at _EvaluateVisitor1._evaluate0$_loadStylesheet$4$baseUrl$forImport (/Users/chrisvelgersdyk/Desktop/carbon-coverall/carbon-coverall-poc/node_modules/sass/sass.dart.js:95086:19)
    at _EvaluateVisitor1._evaluate0$_loadStylesheet$3$baseUrl (/Users/chrisvelgersdyk/Desktop/carbon-coverall/carbon-coverall-poc/node_modules/sass/sass.dart.js:95112:19)
    at _EvaluateVisitor__loadModule_closure4.call$0 (/Users/chrisvelgersdyk/Desktop/carbon-coverall/carbon-coverall-poc/node_modules/sass/sass.dart.js:97026:19)
    at _EvaluateVisitor1._evaluate0$_withStackFrame$1$3 (/Users/chrisvelgersdyk/Desktop/carbon-coverall/carbon-coverall-poc/node_modules/sass/sass.dart.js:96565:25)
    at _EvaluateVisitor1._evaluate0$_withStackFrame$3 (/Users/chrisvelgersdyk/Desktop/carbon-coverall/carbon-coverall-poc/node_modules/sass/sass.dart.js:96571:19)
    at _EvaluateVisitor1._evaluate0$_loadModule$7$baseUrl$configuration$namesInErrors (/Users/chrisvelgersdyk/Desktop/carbon-coverall/carbon-coverall-poc/node_modules/sass/sass.dart.js:94481:13)
    at _EvaluateVisitor1._evaluate0$_loadModule$4 (/Users/chrisvelgersdyk/Desktop/carbon-coverall/carbon-coverall-poc/node_modules/sass/sass.dart.js:94487:19)
    at _EvaluateVisitor1.visitForwardRule$1 (/Users/chrisvelgersdyk/Desktop/carbon-coverall/carbon-coverall-poc/node_modules/sass/sass.dart.js:94899:15)
    at ForwardRule0.accept$1$1 (/Users/chrisvelgersdyk/Desktop/carbon-coverall/carbon-coverall-poc/node_modules/sass/sass.dart.js:99949:22)</failure>
    </testcase>
  </testsuite>
  <testsuite name="zone" errors="0" failures="1" skipped="0" timestamp="2025-04-09T19:39:55" time="0.177" tests="1">
    <testcase classname="zone should set a component token value to the theme of a zone" name="zone should set a component token value to the theme of a zone" time="0.056">
      <failure>Error: Can&apos;t find stylesheet to import.
  ╷
8 │ @forward &apos;generated/themes&apos;;
  │ ^^^^^^^^^^^^^^^^^^^^^^^^^^^
  ╵
  node_modules/@carbon/themes/scss/_themes.scss 8:1  @forward
  packages/styles/scss/_themes.scss 9:1              @use
  stdin 3:7                                          root stylesheet
    at Object.wrapException (/Users/chrisvelgersdyk/Desktop/carbon-coverall/carbon-coverall-poc/node_modules/sass/sass.dart.js:2161:43)
    at _EvaluateVisitor1._evaluate0$_loadStylesheet$4$baseUrl$forImport (/Users/chrisvelgersdyk/Desktop/carbon-coverall/carbon-coverall-poc/node_modules/sass/sass.dart.js:95086:19)
    at _EvaluateVisitor1._evaluate0$_loadStylesheet$3$baseUrl (/Users/chrisvelgersdyk/Desktop/carbon-coverall/carbon-coverall-poc/node_modules/sass/sass.dart.js:95112:19)
    at _EvaluateVisitor__loadModule_closure4.call$0 (/Users/chrisvelgersdyk/Desktop/carbon-coverall/carbon-coverall-poc/node_modules/sass/sass.dart.js:97026:19)
    at _EvaluateVisitor1._evaluate0$_withStackFrame$1$3 (/Users/chrisvelgersdyk/Desktop/carbon-coverall/carbon-coverall-poc/node_modules/sass/sass.dart.js:96565:25)
    at _EvaluateVisitor1._evaluate0$_withStackFrame$3 (/Users/chrisvelgersdyk/Desktop/carbon-coverall/carbon-coverall-poc/node_modules/sass/sass.dart.js:96571:19)
    at _EvaluateVisitor1._evaluate0$_loadModule$7$baseUrl$configuration$namesInErrors (/Users/chrisvelgersdyk/Desktop/carbon-coverall/carbon-coverall-poc/node_modules/sass/sass.dart.js:94481:13)
    at _EvaluateVisitor1._evaluate0$_loadModule$4 (/Users/chrisvelgersdyk/Desktop/carbon-coverall/carbon-coverall-poc/node_modules/sass/sass.dart.js:94487:19)
    at _EvaluateVisitor1.visitForwardRule$1 (/Users/chrisvelgersdyk/Desktop/carbon-coverall/carbon-coverall-poc/node_modules/sass/sass.dart.js:94899:15)
    at ForwardRule0.accept$1$1 (/Users/chrisvelgersdyk/Desktop/carbon-coverall/carbon-coverall-poc/node_modules/sass/sass.dart.js:99949:22)</failure>
    </testcase>
  </testsuite>
  <testsuite name="@carbon/react/scss" errors="0" failures="176" skipped="0" timestamp="2025-04-09T19:39:51" time="4.675" tests="207">
    <testcase classname="@carbon/react/scss  should be importable" name="@carbon/react/scss  should be importable" time="0.081">
      <failure>Error: expect(received).resolves.toBeDefined()

Received promise rejected instead of resolved
Rejected to value: [Error: Can&apos;t find stylesheet to import.
  ╷
8 │ @forward &apos;./generated/fluid-spacing&apos;;
  │ ^^^^^^^^^^^^^^^^^^^^^^^^^^^^^^^^^^^^
  ╵
  node_modules/@carbon/layout/scss/_spacing.scss 8:1  @forward
  node_modules/@carbon/styles/scss/_spacing.scss 8:1  @forward
  node_modules/@carbon/styles/index.scss 9:1          @forward
  packages/carbon-components/index.scss 9:1           @use
  stdin 2:1                                           root stylesheet]
    at expect (/Users/chrisvelgersdyk/Desktop/carbon-coverall/carbon-coverall-poc/node_modules/expect/build/index.js:128:15)
    at Object.expect (/Users/chrisvelgersdyk/Desktop/carbon-coverall/carbon-coverall-poc/packages/carbon-components/__tests__/scss-test.js:24:13)
    at Promise.then.completed (/Users/chrisvelgersdyk/Desktop/carbon-coverall/carbon-coverall-poc/node_modules/jest-circus/build/utils.js:333:28)
    at new Promise (&lt;anonymous&gt;)
    at callAsyncCircusFn (/Users/chrisvelgersdyk/Desktop/carbon-coverall/carbon-coverall-poc/node_modules/jest-circus/build/utils.js:259:10)
    at _callCircusTest (/Users/chrisvelgersdyk/Desktop/carbon-coverall/carbon-coverall-poc/node_modules/jest-circus/build/run.js:276:40)
    at processTicksAndRejections (node:internal/process/task_queues:95:5)
    at _runTest (/Users/chrisvelgersdyk/Desktop/carbon-coverall/carbon-coverall-poc/node_modules/jest-circus/build/run.js:208:3)
    at _runTestsForDescribeBlock (/Users/chrisvelgersdyk/Desktop/carbon-coverall/carbon-coverall-poc/node_modules/jest-circus/build/run.js:96:9)
    at _runTestsForDescribeBlock (/Users/chrisvelgersdyk/Desktop/carbon-coverall/carbon-coverall-poc/node_modules/jest-circus/build/run.js:90:9)</failure>
    </testcase>
    <testcase classname="@carbon/react/scss scss/breakpoint should be importable" name="@carbon/react/scss scss/breakpoint should be importable" time="0.025">
    </testcase>
    <testcase classname="@carbon/react/scss scss/colors should be importable" name="@carbon/react/scss scss/colors should be importable" time="0.003">
      <failure>Error: expect(received).resolves.toBeDefined()

Received promise rejected instead of resolved
Rejected to value: [Error: Can&apos;t find stylesheet to import.
  ╷
8 │ @forward &apos;@carbon/colors&apos;;
  │ ^^^^^^^^^^^^^^^^^^^^^^^^^
  ╵
  node_modules/@carbon/styles/scss/_colors.scss 8:1  @forward
  packages/carbon-components/scss/_colors.scss 9:1   @use
  stdin 2:1                                          root stylesheet]
    at expect (/Users/chrisvelgersdyk/Desktop/carbon-coverall/carbon-coverall-poc/node_modules/expect/build/index.js:128:15)
    at Object.expect (/Users/chrisvelgersdyk/Desktop/carbon-coverall/carbon-coverall-poc/packages/carbon-components/__tests__/scss-test.js:24:13)
    at Promise.then.completed (/Users/chrisvelgersdyk/Desktop/carbon-coverall/carbon-coverall-poc/node_modules/jest-circus/build/utils.js:333:28)
    at new Promise (&lt;anonymous&gt;)
    at callAsyncCircusFn (/Users/chrisvelgersdyk/Desktop/carbon-coverall/carbon-coverall-poc/node_modules/jest-circus/build/utils.js:259:10)
    at _callCircusTest (/Users/chrisvelgersdyk/Desktop/carbon-coverall/carbon-coverall-poc/node_modules/jest-circus/build/run.js:276:40)
    at processTicksAndRejections (node:internal/process/task_queues:95:5)
    at _runTest (/Users/chrisvelgersdyk/Desktop/carbon-coverall/carbon-coverall-poc/node_modules/jest-circus/build/run.js:208:3)
    at _runTestsForDescribeBlock (/Users/chrisvelgersdyk/Desktop/carbon-coverall/carbon-coverall-poc/node_modules/jest-circus/build/run.js:96:9)
    at _runTestsForDescribeBlock (/Users/chrisvelgersdyk/Desktop/carbon-coverall/carbon-coverall-poc/node_modules/jest-circus/build/run.js:90:9)</failure>
    </testcase>
    <testcase classname="@carbon/react/scss scss/config should be importable" name="@carbon/react/scss scss/config should be importable" time="0.008">
    </testcase>
    <testcase classname="@carbon/react/scss scss/feature-flags should be importable" name="@carbon/react/scss scss/feature-flags should be importable" time="0.006">
      <failure>Error: expect(received).resolves.toBeDefined()

Received promise rejected instead of resolved
Rejected to value: [Error: Can&apos;t find stylesheet to import.
  ╷
9 │ @use &apos;scss/generated/feature-flags&apos;;
  │ ^^^^^^^^^^^^^^^^^^^^^^^^^^^^^^^^^^^
  ╵
  node_modules/@carbon/feature-flags/index.scss 9:1         @forward
  node_modules/@carbon/styles/scss/_feature-flags.scss 8:1  @forward
  packages/carbon-components/scss/_feature-flags.scss 9:1   @use
  stdin 2:1                                                 root stylesheet]
    at expect (/Users/chrisvelgersdyk/Desktop/carbon-coverall/carbon-coverall-poc/node_modules/expect/build/index.js:128:15)
    at Object.expect (/Users/chrisvelgersdyk/Desktop/carbon-coverall/carbon-coverall-poc/packages/carbon-components/__tests__/scss-test.js:24:13)
    at Promise.then.completed (/Users/chrisvelgersdyk/Desktop/carbon-coverall/carbon-coverall-poc/node_modules/jest-circus/build/utils.js:333:28)
    at new Promise (&lt;anonymous&gt;)
    at callAsyncCircusFn (/Users/chrisvelgersdyk/Desktop/carbon-coverall/carbon-coverall-poc/node_modules/jest-circus/build/utils.js:259:10)
    at _callCircusTest (/Users/chrisvelgersdyk/Desktop/carbon-coverall/carbon-coverall-poc/node_modules/jest-circus/build/run.js:276:40)
    at processTicksAndRejections (node:internal/process/task_queues:95:5)
    at _runTest (/Users/chrisvelgersdyk/Desktop/carbon-coverall/carbon-coverall-poc/node_modules/jest-circus/build/run.js:208:3)
    at _runTestsForDescribeBlock (/Users/chrisvelgersdyk/Desktop/carbon-coverall/carbon-coverall-poc/node_modules/jest-circus/build/run.js:96:9)
    at _runTestsForDescribeBlock (/Users/chrisvelgersdyk/Desktop/carbon-coverall/carbon-coverall-poc/node_modules/jest-circus/build/run.js:90:9)</failure>
    </testcase>
    <testcase classname="@carbon/react/scss scss/layer should be importable" name="@carbon/react/scss scss/layer should be importable" time="0.03">
      <failure>Error: expect(received).resolves.toBeDefined()

Received promise rejected instead of resolved
Rejected to value: [Error: Can&apos;t find stylesheet to import.
  ╷
8 │ @forward &apos;generated/themes&apos;;
  │ ^^^^^^^^^^^^^^^^^^^^^^^^^^^
  ╵
  node_modules/@carbon/themes/scss/compat/_themes.scss 8:1     @use
  node_modules/@carbon/styles/scss/compat/_themes.scss 9:1     @use
  node_modules/@carbon/styles/scss/theme/_theme.scss 12:1      @use
  node_modules/@carbon/styles/scss/layer/_layer-sets.scss 9:1  @forward
  node_modules/@carbon/styles/scss/_layer.scss 8:1             @forward
  packages/carbon-components/scss/_layer.scss 9:1              @use
  stdin 2:1                                                    root stylesheet]
    at expect (/Users/chrisvelgersdyk/Desktop/carbon-coverall/carbon-coverall-poc/node_modules/expect/build/index.js:128:15)
    at Object.expect (/Users/chrisvelgersdyk/Desktop/carbon-coverall/carbon-coverall-poc/packages/carbon-components/__tests__/scss-test.js:24:13)
    at Promise.then.completed (/Users/chrisvelgersdyk/Desktop/carbon-coverall/carbon-coverall-poc/node_modules/jest-circus/build/utils.js:333:28)
    at new Promise (&lt;anonymous&gt;)
    at callAsyncCircusFn (/Users/chrisvelgersdyk/Desktop/carbon-coverall/carbon-coverall-poc/node_modules/jest-circus/build/utils.js:259:10)
    at _callCircusTest (/Users/chrisvelgersdyk/Desktop/carbon-coverall/carbon-coverall-poc/node_modules/jest-circus/build/run.js:276:40)
    at processTicksAndRejections (node:internal/process/task_queues:95:5)
    at _runTest (/Users/chrisvelgersdyk/Desktop/carbon-coverall/carbon-coverall-poc/node_modules/jest-circus/build/run.js:208:3)
    at _runTestsForDescribeBlock (/Users/chrisvelgersdyk/Desktop/carbon-coverall/carbon-coverall-poc/node_modules/jest-circus/build/run.js:96:9)
    at _runTestsForDescribeBlock (/Users/chrisvelgersdyk/Desktop/carbon-coverall/carbon-coverall-poc/node_modules/jest-circus/build/run.js:90:9)</failure>
    </testcase>
    <testcase classname="@carbon/react/scss scss/layout should be importable" name="@carbon/react/scss scss/layout should be importable" time="0.05">
      <failure>Error: expect(received).resolves.toBeDefined()

Received promise rejected instead of resolved
Rejected to value: [Error: Can&apos;t find stylesheet to import.
  ╷
8 │ @forward &apos;./generated/fluid-spacing&apos;;
  │ ^^^^^^^^^^^^^^^^^^^^^^^^^^^^^^^^^^^^
  ╵
  node_modules/@carbon/layout/scss/_spacing.scss 8:1  @forward
  node_modules/@carbon/styles/scss/_spacing.scss 8:1  @use
  node_modules/@carbon/styles/scss/_layout.scss 14:1  @forward
  packages/carbon-components/scss/_layout.scss 9:1    @use
  stdin 2:1                                           root stylesheet]
    at expect (/Users/chrisvelgersdyk/Desktop/carbon-coverall/carbon-coverall-poc/node_modules/expect/build/index.js:128:15)
    at Object.expect (/Users/chrisvelgersdyk/Desktop/carbon-coverall/carbon-coverall-poc/packages/carbon-components/__tests__/scss-test.js:24:13)
    at Promise.then.completed (/Users/chrisvelgersdyk/Desktop/carbon-coverall/carbon-coverall-poc/node_modules/jest-circus/build/utils.js:333:28)
    at new Promise (&lt;anonymous&gt;)
    at callAsyncCircusFn (/Users/chrisvelgersdyk/Desktop/carbon-coverall/carbon-coverall-poc/node_modules/jest-circus/build/utils.js:259:10)
    at _callCircusTest (/Users/chrisvelgersdyk/Desktop/carbon-coverall/carbon-coverall-poc/node_modules/jest-circus/build/run.js:276:40)
    at processTicksAndRejections (node:internal/process/task_queues:95:5)
    at _runTest (/Users/chrisvelgersdyk/Desktop/carbon-coverall/carbon-coverall-poc/node_modules/jest-circus/build/run.js:208:3)
    at _runTestsForDescribeBlock (/Users/chrisvelgersdyk/Desktop/carbon-coverall/carbon-coverall-poc/node_modules/jest-circus/build/run.js:96:9)
    at _runTestsForDescribeBlock (/Users/chrisvelgersdyk/Desktop/carbon-coverall/carbon-coverall-poc/node_modules/jest-circus/build/run.js:90:9)</failure>
    </testcase>
    <testcase classname="@carbon/react/scss scss/motion should be importable" name="@carbon/react/scss scss/motion should be importable" time="0.005">
    </testcase>
    <testcase classname="@carbon/react/scss scss/reset should be importable" name="@carbon/react/scss scss/reset should be importable" time="0.009">
      <failure>Error: expect(received).resolves.toBeDefined()

Received promise rejected instead of resolved
Rejected to value: [Error: Can&apos;t find stylesheet to import.
  ╷
9 │ @use &apos;scss/generated/feature-flags&apos;;
  │ ^^^^^^^^^^^^^^^^^^^^^^^^^^^^^^^^^^^
  ╵
  node_modules/@carbon/feature-flags/index.scss 9:1         @forward
  node_modules/@carbon/styles/scss/_feature-flags.scss 8:1  @use
  node_modules/@carbon/styles/scss/type/_index.scss 8:1     @use
  node_modules/@carbon/styles/scss/_reset.scss 9:1          @forward
  packages/carbon-components/scss/_reset.scss 9:1           @use
  stdin 2:1                                                 root stylesheet]
    at expect (/Users/chrisvelgersdyk/Desktop/carbon-coverall/carbon-coverall-poc/node_modules/expect/build/index.js:128:15)
    at Object.expect (/Users/chrisvelgersdyk/Desktop/carbon-coverall/carbon-coverall-poc/packages/carbon-components/__tests__/scss-test.js:24:13)
    at Promise.then.completed (/Users/chrisvelgersdyk/Desktop/carbon-coverall/carbon-coverall-poc/node_modules/jest-circus/build/utils.js:333:28)
    at new Promise (&lt;anonymous&gt;)
    at callAsyncCircusFn (/Users/chrisvelgersdyk/Desktop/carbon-coverall/carbon-coverall-poc/node_modules/jest-circus/build/utils.js:259:10)
    at _callCircusTest (/Users/chrisvelgersdyk/Desktop/carbon-coverall/carbon-coverall-poc/node_modules/jest-circus/build/run.js:276:40)
    at processTicksAndRejections (node:internal/process/task_queues:95:5)
    at _runTest (/Users/chrisvelgersdyk/Desktop/carbon-coverall/carbon-coverall-poc/node_modules/jest-circus/build/run.js:208:3)
    at _runTestsForDescribeBlock (/Users/chrisvelgersdyk/Desktop/carbon-coverall/carbon-coverall-poc/node_modules/jest-circus/build/run.js:96:9)
    at _runTestsForDescribeBlock (/Users/chrisvelgersdyk/Desktop/carbon-coverall/carbon-coverall-poc/node_modules/jest-circus/build/run.js:90:9)</failure>
    </testcase>
    <testcase classname="@carbon/react/scss scss/spacing should be importable" name="@carbon/react/scss scss/spacing should be importable" time="0.013">
      <failure>Error: expect(received).resolves.toBeDefined()

Received promise rejected instead of resolved
Rejected to value: [Error: Can&apos;t find stylesheet to import.
  ╷
8 │ @forward &apos;./generated/fluid-spacing&apos;;
  │ ^^^^^^^^^^^^^^^^^^^^^^^^^^^^^^^^^^^^
  ╵
  node_modules/@carbon/layout/scss/_spacing.scss 8:1  @forward
  node_modules/@carbon/styles/scss/_spacing.scss 8:1  @forward
  packages/carbon-components/scss/_spacing.scss 9:1   @use
  stdin 2:1                                           root stylesheet]
    at expect (/Users/chrisvelgersdyk/Desktop/carbon-coverall/carbon-coverall-poc/node_modules/expect/build/index.js:128:15)
    at Object.expect (/Users/chrisvelgersdyk/Desktop/carbon-coverall/carbon-coverall-poc/packages/carbon-components/__tests__/scss-test.js:24:13)
    at Promise.then.completed (/Users/chrisvelgersdyk/Desktop/carbon-coverall/carbon-coverall-poc/node_modules/jest-circus/build/utils.js:333:28)
    at new Promise (&lt;anonymous&gt;)
    at callAsyncCircusFn (/Users/chrisvelgersdyk/Desktop/carbon-coverall/carbon-coverall-poc/node_modules/jest-circus/build/utils.js:259:10)
    at _callCircusTest (/Users/chrisvelgersdyk/Desktop/carbon-coverall/carbon-coverall-poc/node_modules/jest-circus/build/run.js:276:40)
    at processTicksAndRejections (node:internal/process/task_queues:95:5)
    at _runTest (/Users/chrisvelgersdyk/Desktop/carbon-coverall/carbon-coverall-poc/node_modules/jest-circus/build/run.js:208:3)
    at _runTestsForDescribeBlock (/Users/chrisvelgersdyk/Desktop/carbon-coverall/carbon-coverall-poc/node_modules/jest-circus/build/run.js:96:9)
    at _runTestsForDescribeBlock (/Users/chrisvelgersdyk/Desktop/carbon-coverall/carbon-coverall-poc/node_modules/jest-circus/build/run.js:90:9)</failure>
    </testcase>
    <testcase classname="@carbon/react/scss scss/theme should be importable" name="@carbon/react/scss scss/theme should be importable" time="0.011">
      <failure>Error: expect(received).resolves.toBeDefined()

Received promise rejected instead of resolved
Rejected to value: [Error: Can&apos;t find stylesheet to import.
  ╷
8 │ @forward &apos;generated/themes&apos;;
  │ ^^^^^^^^^^^^^^^^^^^^^^^^^^^
  ╵
  node_modules/@carbon/themes/scss/compat/_themes.scss 8:1  @use
  node_modules/@carbon/styles/scss/compat/_themes.scss 9:1  @use
  node_modules/@carbon/styles/scss/theme/_theme.scss 12:1   @forward
  node_modules/@carbon/styles/scss/_theme.scss 8:1          @forward
  packages/carbon-components/scss/_theme.scss 9:1           @use
  stdin 2:1                                                 root stylesheet]
    at expect (/Users/chrisvelgersdyk/Desktop/carbon-coverall/carbon-coverall-poc/node_modules/expect/build/index.js:128:15)
    at Object.expect (/Users/chrisvelgersdyk/Desktop/carbon-coverall/carbon-coverall-poc/packages/carbon-components/__tests__/scss-test.js:24:13)
    at Promise.then.completed (/Users/chrisvelgersdyk/Desktop/carbon-coverall/carbon-coverall-poc/node_modules/jest-circus/build/utils.js:333:28)
    at new Promise (&lt;anonymous&gt;)
    at callAsyncCircusFn (/Users/chrisvelgersdyk/Desktop/carbon-coverall/carbon-coverall-poc/node_modules/jest-circus/build/utils.js:259:10)
    at _callCircusTest (/Users/chrisvelgersdyk/Desktop/carbon-coverall/carbon-coverall-poc/node_modules/jest-circus/build/run.js:276:40)
    at processTicksAndRejections (node:internal/process/task_queues:95:5)
    at _runTest (/Users/chrisvelgersdyk/Desktop/carbon-coverall/carbon-coverall-poc/node_modules/jest-circus/build/run.js:208:3)
    at _runTestsForDescribeBlock (/Users/chrisvelgersdyk/Desktop/carbon-coverall/carbon-coverall-poc/node_modules/jest-circus/build/run.js:96:9)
    at _runTestsForDescribeBlock (/Users/chrisvelgersdyk/Desktop/carbon-coverall/carbon-coverall-poc/node_modules/jest-circus/build/run.js:90:9)</failure>
    </testcase>
    <testcase classname="@carbon/react/scss scss/themes should be importable" name="@carbon/react/scss scss/themes should be importable" time="0.009">
      <failure>Error: expect(received).resolves.toBeDefined()

Received promise rejected instead of resolved
Rejected to value: [Error: Can&apos;t find stylesheet to import.
  ╷
8 │ @forward &apos;generated/themes&apos;;
  │ ^^^^^^^^^^^^^^^^^^^^^^^^^^^
  ╵
  node_modules/@carbon/themes/scss/_themes.scss 8:1  @forward
  node_modules/@carbon/styles/scss/_themes.scss 9:1  @forward
  packages/carbon-components/scss/_themes.scss 9:1   @use
  stdin 2:1                                          root stylesheet]
    at expect (/Users/chrisvelgersdyk/Desktop/carbon-coverall/carbon-coverall-poc/node_modules/expect/build/index.js:128:15)
    at Object.expect (/Users/chrisvelgersdyk/Desktop/carbon-coverall/carbon-coverall-poc/packages/carbon-components/__tests__/scss-test.js:24:13)
    at Promise.then.completed (/Users/chrisvelgersdyk/Desktop/carbon-coverall/carbon-coverall-poc/node_modules/jest-circus/build/utils.js:333:28)
    at new Promise (&lt;anonymous&gt;)
    at callAsyncCircusFn (/Users/chrisvelgersdyk/Desktop/carbon-coverall/carbon-coverall-poc/node_modules/jest-circus/build/utils.js:259:10)
    at _callCircusTest (/Users/chrisvelgersdyk/Desktop/carbon-coverall/carbon-coverall-poc/node_modules/jest-circus/build/run.js:276:40)
    at processTicksAndRejections (node:internal/process/task_queues:95:5)
    at _runTest (/Users/chrisvelgersdyk/Desktop/carbon-coverall/carbon-coverall-poc/node_modules/jest-circus/build/run.js:208:3)
    at _runTestsForDescribeBlock (/Users/chrisvelgersdyk/Desktop/carbon-coverall/carbon-coverall-poc/node_modules/jest-circus/build/run.js:96:9)
    at _runTestsForDescribeBlock (/Users/chrisvelgersdyk/Desktop/carbon-coverall/carbon-coverall-poc/node_modules/jest-circus/build/run.js:90:9)</failure>
    </testcase>
    <testcase classname="@carbon/react/scss scss/zone should be importable" name="@carbon/react/scss scss/zone should be importable" time="0.007">
      <failure>Error: expect(received).resolves.toBeDefined()

Received promise rejected instead of resolved
Rejected to value: [Error: Can&apos;t find stylesheet to import.
  ╷
8 │ @forward &apos;generated/themes&apos;;
  │ ^^^^^^^^^^^^^^^^^^^^^^^^^^^
  ╵
  node_modules/@carbon/themes/scss/_themes.scss 8:1  @forward
  node_modules/@carbon/styles/scss/_themes.scss 9:1  @use
  node_modules/@carbon/styles/scss/_zone.scss 11:1   @forward
  packages/carbon-components/scss/_zone.scss 9:1     @use
  stdin 2:1                                          root stylesheet]
    at expect (/Users/chrisvelgersdyk/Desktop/carbon-coverall/carbon-coverall-poc/node_modules/expect/build/index.js:128:15)
    at Object.expect (/Users/chrisvelgersdyk/Desktop/carbon-coverall/carbon-coverall-poc/packages/carbon-components/__tests__/scss-test.js:24:13)
    at Promise.then.completed (/Users/chrisvelgersdyk/Desktop/carbon-coverall/carbon-coverall-poc/node_modules/jest-circus/build/utils.js:333:28)
    at new Promise (&lt;anonymous&gt;)
    at callAsyncCircusFn (/Users/chrisvelgersdyk/Desktop/carbon-coverall/carbon-coverall-poc/node_modules/jest-circus/build/utils.js:259:10)
    at _callCircusTest (/Users/chrisvelgersdyk/Desktop/carbon-coverall/carbon-coverall-poc/node_modules/jest-circus/build/run.js:276:40)
    at processTicksAndRejections (node:internal/process/task_queues:95:5)
    at _runTest (/Users/chrisvelgersdyk/Desktop/carbon-coverall/carbon-coverall-poc/node_modules/jest-circus/build/run.js:208:3)
    at _runTestsForDescribeBlock (/Users/chrisvelgersdyk/Desktop/carbon-coverall/carbon-coverall-poc/node_modules/jest-circus/build/run.js:96:9)
    at _runTestsForDescribeBlock (/Users/chrisvelgersdyk/Desktop/carbon-coverall/carbon-coverall-poc/node_modules/jest-circus/build/run.js:90:9)</failure>
    </testcase>
    <testcase classname="@carbon/react/scss scss/compat/theme should be importable" name="@carbon/react/scss scss/compat/theme should be importable" time="0.017">
      <failure>Error: expect(received).resolves.toBeDefined()

Received promise rejected instead of resolved
Rejected to value: [Error: Can&apos;t find stylesheet to import.
  ╷
8 │ @forward &apos;generated/themes&apos;;
  │ ^^^^^^^^^^^^^^^^^^^^^^^^^^^
  ╵
  node_modules/@carbon/themes/scss/compat/_themes.scss 8:1  @use
  node_modules/@carbon/styles/scss/compat/_themes.scss 9:1  @use
  node_modules/@carbon/styles/scss/theme/_theme.scss 12:1   @forward
  node_modules/@carbon/styles/scss/_theme.scss 8:1          @forward
  node_modules/@carbon/styles/scss/compat/_theme.scss 8:1   @forward
  packages/carbon-components/scss/compat/_theme.scss 9:1    @use
  stdin 2:1                                                 root stylesheet]
    at expect (/Users/chrisvelgersdyk/Desktop/carbon-coverall/carbon-coverall-poc/node_modules/expect/build/index.js:128:15)
    at Object.expect (/Users/chrisvelgersdyk/Desktop/carbon-coverall/carbon-coverall-poc/packages/carbon-components/__tests__/scss-test.js:24:13)
    at Promise.then.completed (/Users/chrisvelgersdyk/Desktop/carbon-coverall/carbon-coverall-poc/node_modules/jest-circus/build/utils.js:333:28)
    at new Promise (&lt;anonymous&gt;)
    at callAsyncCircusFn (/Users/chrisvelgersdyk/Desktop/carbon-coverall/carbon-coverall-poc/node_modules/jest-circus/build/utils.js:259:10)
    at _callCircusTest (/Users/chrisvelgersdyk/Desktop/carbon-coverall/carbon-coverall-poc/node_modules/jest-circus/build/run.js:276:40)
    at processTicksAndRejections (node:internal/process/task_queues:95:5)
    at _runTest (/Users/chrisvelgersdyk/Desktop/carbon-coverall/carbon-coverall-poc/node_modules/jest-circus/build/run.js:208:3)
    at _runTestsForDescribeBlock (/Users/chrisvelgersdyk/Desktop/carbon-coverall/carbon-coverall-poc/node_modules/jest-circus/build/run.js:96:9)
    at _runTestsForDescribeBlock (/Users/chrisvelgersdyk/Desktop/carbon-coverall/carbon-coverall-poc/node_modules/jest-circus/build/run.js:90:9)</failure>
    </testcase>
    <testcase classname="@carbon/react/scss scss/compat/themes should be importable" name="@carbon/react/scss scss/compat/themes should be importable" time="0.005">
      <failure>Error: expect(received).resolves.toBeDefined()

Received promise rejected instead of resolved
Rejected to value: [Error: Can&apos;t find stylesheet to import.
  ╷
8 │ @forward &apos;generated/themes&apos;;
  │ ^^^^^^^^^^^^^^^^^^^^^^^^^^^
  ╵
  node_modules/@carbon/themes/scss/compat/_themes.scss 8:1  @use
  node_modules/@carbon/styles/scss/compat/_themes.scss 9:1  @forward
  packages/carbon-components/scss/compat/_themes.scss 9:1   @use
  stdin 2:1                                                 root stylesheet]
    at expect (/Users/chrisvelgersdyk/Desktop/carbon-coverall/carbon-coverall-poc/node_modules/expect/build/index.js:128:15)
    at Object.expect (/Users/chrisvelgersdyk/Desktop/carbon-coverall/carbon-coverall-poc/packages/carbon-components/__tests__/scss-test.js:24:13)
    at Promise.then.completed (/Users/chrisvelgersdyk/Desktop/carbon-coverall/carbon-coverall-poc/node_modules/jest-circus/build/utils.js:333:28)
    at new Promise (&lt;anonymous&gt;)
    at callAsyncCircusFn (/Users/chrisvelgersdyk/Desktop/carbon-coverall/carbon-coverall-poc/node_modules/jest-circus/build/utils.js:259:10)
    at _callCircusTest (/Users/chrisvelgersdyk/Desktop/carbon-coverall/carbon-coverall-poc/node_modules/jest-circus/build/run.js:276:40)
    at processTicksAndRejections (node:internal/process/task_queues:95:5)
    at _runTest (/Users/chrisvelgersdyk/Desktop/carbon-coverall/carbon-coverall-poc/node_modules/jest-circus/build/run.js:208:3)
    at _runTestsForDescribeBlock (/Users/chrisvelgersdyk/Desktop/carbon-coverall/carbon-coverall-poc/node_modules/jest-circus/build/run.js:96:9)
    at _runTestsForDescribeBlock (/Users/chrisvelgersdyk/Desktop/carbon-coverall/carbon-coverall-poc/node_modules/jest-circus/build/run.js:90:9)</failure>
    </testcase>
    <testcase classname="@carbon/react/scss scss/components should be importable" name="@carbon/react/scss scss/components should be importable" time="0.028">
      <failure>Error: expect(received).resolves.toBeDefined()

Received promise rejected instead of resolved
Rejected to value: [Error: Can&apos;t find stylesheet to import.
  ╷
8 │ @forward &apos;generated/themes&apos;;
  │ ^^^^^^^^^^^^^^^^^^^^^^^^^^^
  ╵
  node_modules/@carbon/themes/scss/compat/_themes.scss 8:1                    @use
  node_modules/@carbon/styles/scss/compat/_themes.scss 9:1                    @use
  node_modules/@carbon/styles/scss/theme/_theme.scss 12:1                     @forward
  node_modules/@carbon/styles/scss/_theme.scss 8:1                            @use
  node_modules/@carbon/styles/scss/components/accordion/_accordion.scss 11:1  @forward
  node_modules/@carbon/styles/scss/components/accordion/_index.scss 8:1       @use
  node_modules/@carbon/styles/scss/components/_index.scss 8:1                 @forward
  packages/carbon-components/scss/components/_index.scss 9:1                  @use
  stdin 2:1                                                                   root stylesheet]
    at expect (/Users/chrisvelgersdyk/Desktop/carbon-coverall/carbon-coverall-poc/node_modules/expect/build/index.js:128:15)
    at Object.expect (/Users/chrisvelgersdyk/Desktop/carbon-coverall/carbon-coverall-poc/packages/carbon-components/__tests__/scss-test.js:24:13)
    at Promise.then.completed (/Users/chrisvelgersdyk/Desktop/carbon-coverall/carbon-coverall-poc/node_modules/jest-circus/build/utils.js:333:28)
    at new Promise (&lt;anonymous&gt;)
    at callAsyncCircusFn (/Users/chrisvelgersdyk/Desktop/carbon-coverall/carbon-coverall-poc/node_modules/jest-circus/build/utils.js:259:10)
    at _callCircusTest (/Users/chrisvelgersdyk/Desktop/carbon-coverall/carbon-coverall-poc/node_modules/jest-circus/build/run.js:276:40)
    at processTicksAndRejections (node:internal/process/task_queues:95:5)
    at _runTest (/Users/chrisvelgersdyk/Desktop/carbon-coverall/carbon-coverall-poc/node_modules/jest-circus/build/run.js:208:3)
    at _runTestsForDescribeBlock (/Users/chrisvelgersdyk/Desktop/carbon-coverall/carbon-coverall-poc/node_modules/jest-circus/build/run.js:96:9)
    at _runTestsForDescribeBlock (/Users/chrisvelgersdyk/Desktop/carbon-coverall/carbon-coverall-poc/node_modules/jest-circus/build/run.js:90:9)</failure>
    </testcase>
    <testcase classname="@carbon/react/scss scss/components/accordion/accordion should be importable" name="@carbon/react/scss scss/components/accordion/accordion should be importable" time="0.032">
      <failure>Error: expect(received).resolves.toBeDefined()

Received promise rejected instead of resolved
Rejected to value: [Error: Can&apos;t find stylesheet to import.
  ╷
8 │ @forward &apos;generated/themes&apos;;
  │ ^^^^^^^^^^^^^^^^^^^^^^^^^^^
  ╵
  node_modules/@carbon/themes/scss/compat/_themes.scss 8:1                    @use
  node_modules/@carbon/styles/scss/compat/_themes.scss 9:1                    @use
  node_modules/@carbon/styles/scss/theme/_theme.scss 12:1                     @forward
  node_modules/@carbon/styles/scss/_theme.scss 8:1                            @use
  node_modules/@carbon/styles/scss/components/accordion/_accordion.scss 11:1  @forward
  packages/carbon-components/scss/components/accordion/_accordion.scss 9:1    @use
  stdin 2:1                                                                   root stylesheet]
    at expect (/Users/chrisvelgersdyk/Desktop/carbon-coverall/carbon-coverall-poc/node_modules/expect/build/index.js:128:15)
    at Object.expect (/Users/chrisvelgersdyk/Desktop/carbon-coverall/carbon-coverall-poc/packages/carbon-components/__tests__/scss-test.js:24:13)
    at Promise.then.completed (/Users/chrisvelgersdyk/Desktop/carbon-coverall/carbon-coverall-poc/node_modules/jest-circus/build/utils.js:333:28)
    at new Promise (&lt;anonymous&gt;)
    at callAsyncCircusFn (/Users/chrisvelgersdyk/Desktop/carbon-coverall/carbon-coverall-poc/node_modules/jest-circus/build/utils.js:259:10)
    at _callCircusTest (/Users/chrisvelgersdyk/Desktop/carbon-coverall/carbon-coverall-poc/node_modules/jest-circus/build/run.js:276:40)
    at processTicksAndRejections (node:internal/process/task_queues:95:5)
    at _runTest (/Users/chrisvelgersdyk/Desktop/carbon-coverall/carbon-coverall-poc/node_modules/jest-circus/build/run.js:208:3)
    at _runTestsForDescribeBlock (/Users/chrisvelgersdyk/Desktop/carbon-coverall/carbon-coverall-poc/node_modules/jest-circus/build/run.js:96:9)
    at _runTestsForDescribeBlock (/Users/chrisvelgersdyk/Desktop/carbon-coverall/carbon-coverall-poc/node_modules/jest-circus/build/run.js:90:9)</failure>
    </testcase>
    <testcase classname="@carbon/react/scss scss/components/accordion should be importable" name="@carbon/react/scss scss/components/accordion should be importable" time="0.022">
      <failure>Error: expect(received).resolves.toBeDefined()

Received promise rejected instead of resolved
Rejected to value: [Error: Can&apos;t find stylesheet to import.
  ╷
8 │ @forward &apos;generated/themes&apos;;
  │ ^^^^^^^^^^^^^^^^^^^^^^^^^^^
  ╵
  node_modules/@carbon/themes/scss/compat/_themes.scss 8:1                    @use
  node_modules/@carbon/styles/scss/compat/_themes.scss 9:1                    @use
  node_modules/@carbon/styles/scss/theme/_theme.scss 12:1                     @forward
  node_modules/@carbon/styles/scss/_theme.scss 8:1                            @use
  node_modules/@carbon/styles/scss/components/accordion/_accordion.scss 11:1  @forward
  node_modules/@carbon/styles/scss/components/accordion/_index.scss 8:1       @forward
  packages/carbon-components/scss/components/accordion/_index.scss 9:1        @use
  stdin 2:1                                                                   root stylesheet]
    at expect (/Users/chrisvelgersdyk/Desktop/carbon-coverall/carbon-coverall-poc/node_modules/expect/build/index.js:128:15)
    at Object.expect (/Users/chrisvelgersdyk/Desktop/carbon-coverall/carbon-coverall-poc/packages/carbon-components/__tests__/scss-test.js:24:13)
    at Promise.then.completed (/Users/chrisvelgersdyk/Desktop/carbon-coverall/carbon-coverall-poc/node_modules/jest-circus/build/utils.js:333:28)
    at new Promise (&lt;anonymous&gt;)
    at callAsyncCircusFn (/Users/chrisvelgersdyk/Desktop/carbon-coverall/carbon-coverall-poc/node_modules/jest-circus/build/utils.js:259:10)
    at _callCircusTest (/Users/chrisvelgersdyk/Desktop/carbon-coverall/carbon-coverall-poc/node_modules/jest-circus/build/run.js:276:40)
    at processTicksAndRejections (node:internal/process/task_queues:95:5)
    at _runTest (/Users/chrisvelgersdyk/Desktop/carbon-coverall/carbon-coverall-poc/node_modules/jest-circus/build/run.js:208:3)
    at _runTestsForDescribeBlock (/Users/chrisvelgersdyk/Desktop/carbon-coverall/carbon-coverall-poc/node_modules/jest-circus/build/run.js:96:9)
    at _runTestsForDescribeBlock (/Users/chrisvelgersdyk/Desktop/carbon-coverall/carbon-coverall-poc/node_modules/jest-circus/build/run.js:90:9)</failure>
    </testcase>
    <testcase classname="@carbon/react/scss scss/components/ai-label/ai-label should be importable" name="@carbon/react/scss scss/components/ai-label/ai-label should be importable" time="0.033">
      <failure>Error: expect(received).resolves.toBeDefined()

Received promise rejected instead of resolved
Rejected to value: [Error: Can&apos;t find stylesheet to import.
  ╷
8 │ @forward &apos;@carbon/colors&apos;;
  │ ^^^^^^^^^^^^^^^^^^^^^^^^^
  ╵
  node_modules/@carbon/styles/scss/_colors.scss 8:1                         @use
  node_modules/@carbon/styles/scss/components/slug/_slug.scss 9:1           @forward
  node_modules/@carbon/styles/scss/components/slug/_index.scss 8:1          @use
  node_modules/@carbon/styles/scss/components/ai-label/_ai-label.scss 11:1  @forward
  packages/carbon-components/scss/components/ai-label/_ai-label.scss 9:1    @use
  stdin 2:1                                                                 root stylesheet]
    at expect (/Users/chrisvelgersdyk/Desktop/carbon-coverall/carbon-coverall-poc/node_modules/expect/build/index.js:128:15)
    at Object.expect (/Users/chrisvelgersdyk/Desktop/carbon-coverall/carbon-coverall-poc/packages/carbon-components/__tests__/scss-test.js:24:13)
    at Promise.then.completed (/Users/chrisvelgersdyk/Desktop/carbon-coverall/carbon-coverall-poc/node_modules/jest-circus/build/utils.js:333:28)
    at new Promise (&lt;anonymous&gt;)
    at callAsyncCircusFn (/Users/chrisvelgersdyk/Desktop/carbon-coverall/carbon-coverall-poc/node_modules/jest-circus/build/utils.js:259:10)
    at _callCircusTest (/Users/chrisvelgersdyk/Desktop/carbon-coverall/carbon-coverall-poc/node_modules/jest-circus/build/run.js:276:40)
    at processTicksAndRejections (node:internal/process/task_queues:95:5)
    at _runTest (/Users/chrisvelgersdyk/Desktop/carbon-coverall/carbon-coverall-poc/node_modules/jest-circus/build/run.js:208:3)
    at _runTestsForDescribeBlock (/Users/chrisvelgersdyk/Desktop/carbon-coverall/carbon-coverall-poc/node_modules/jest-circus/build/run.js:96:9)
    at _runTestsForDescribeBlock (/Users/chrisvelgersdyk/Desktop/carbon-coverall/carbon-coverall-poc/node_modules/jest-circus/build/run.js:90:9)</failure>
    </testcase>
    <testcase classname="@carbon/react/scss scss/components/ai-label should be importable" name="@carbon/react/scss scss/components/ai-label should be importable" time="0.026">
      <failure>Error: expect(received).resolves.toBeDefined()

Received promise rejected instead of resolved
Rejected to value: [Error: Can&apos;t find stylesheet to import.
  ╷
8 │ @forward &apos;@carbon/colors&apos;;
  │ ^^^^^^^^^^^^^^^^^^^^^^^^^
  ╵
  node_modules/@carbon/styles/scss/_colors.scss 8:1                         @use
  node_modules/@carbon/styles/scss/components/slug/_slug.scss 9:1           @forward
  node_modules/@carbon/styles/scss/components/slug/_index.scss 8:1          @use
  node_modules/@carbon/styles/scss/components/ai-label/_ai-label.scss 11:1  @forward
  node_modules/@carbon/styles/scss/components/ai-label/_index.scss 8:1      @forward
  packages/carbon-components/scss/components/ai-label/_index.scss 9:1       @use
  stdin 2:1                                                                 root stylesheet]
    at expect (/Users/chrisvelgersdyk/Desktop/carbon-coverall/carbon-coverall-poc/node_modules/expect/build/index.js:128:15)
    at Object.expect (/Users/chrisvelgersdyk/Desktop/carbon-coverall/carbon-coverall-poc/packages/carbon-components/__tests__/scss-test.js:24:13)
    at Promise.then.completed (/Users/chrisvelgersdyk/Desktop/carbon-coverall/carbon-coverall-poc/node_modules/jest-circus/build/utils.js:333:28)
    at new Promise (&lt;anonymous&gt;)
    at callAsyncCircusFn (/Users/chrisvelgersdyk/Desktop/carbon-coverall/carbon-coverall-poc/node_modules/jest-circus/build/utils.js:259:10)
    at _callCircusTest (/Users/chrisvelgersdyk/Desktop/carbon-coverall/carbon-coverall-poc/node_modules/jest-circus/build/run.js:276:40)
    at processTicksAndRejections (node:internal/process/task_queues:95:5)
    at _runTest (/Users/chrisvelgersdyk/Desktop/carbon-coverall/carbon-coverall-poc/node_modules/jest-circus/build/run.js:208:3)
    at _runTestsForDescribeBlock (/Users/chrisvelgersdyk/Desktop/carbon-coverall/carbon-coverall-poc/node_modules/jest-circus/build/run.js:96:9)
    at _runTestsForDescribeBlock (/Users/chrisvelgersdyk/Desktop/carbon-coverall/carbon-coverall-poc/node_modules/jest-circus/build/run.js:90:9)</failure>
    </testcase>
    <testcase classname="@carbon/react/scss scss/components/aspect-ratio/aspect-ratio should be importable" name="@carbon/react/scss scss/components/aspect-ratio/aspect-ratio should be importable" time="0.005">
    </testcase>
    <testcase classname="@carbon/react/scss scss/components/aspect-ratio should be importable" name="@carbon/react/scss scss/components/aspect-ratio should be importable" time="0.03">
    </testcase>
    <testcase classname="@carbon/react/scss scss/components/badge-indicator/badge-indicator should be importable" name="@carbon/react/scss scss/components/badge-indicator/badge-indicator should be importable" time="0.015">
      <failure>Error: expect(received).resolves.toBeDefined()

Received promise rejected instead of resolved
Rejected to value: [Error: Can&apos;t find stylesheet to import.
  ╷
8 │ @forward &apos;./generated/fluid-spacing&apos;;
  │ ^^^^^^^^^^^^^^^^^^^^^^^^^^^^^^^^^^^^
  ╵
  node_modules/@carbon/layout/scss/_spacing.scss 8:1                                      @forward
  node_modules/@carbon/styles/scss/_spacing.scss 8:1                                      @use
  node_modules/@carbon/styles/scss/components/badge-indicator/_badge-indicator.scss 13:1  @forward
  packages/carbon-components/scss/components/badge-indicator/_badge-indicator.scss 9:1    @use
  stdin 2:1                                                                               root stylesheet]
    at expect (/Users/chrisvelgersdyk/Desktop/carbon-coverall/carbon-coverall-poc/node_modules/expect/build/index.js:128:15)
    at Object.expect (/Users/chrisvelgersdyk/Desktop/carbon-coverall/carbon-coverall-poc/packages/carbon-components/__tests__/scss-test.js:24:13)
    at Promise.then.completed (/Users/chrisvelgersdyk/Desktop/carbon-coverall/carbon-coverall-poc/node_modules/jest-circus/build/utils.js:333:28)
    at new Promise (&lt;anonymous&gt;)
    at callAsyncCircusFn (/Users/chrisvelgersdyk/Desktop/carbon-coverall/carbon-coverall-poc/node_modules/jest-circus/build/utils.js:259:10)
    at _callCircusTest (/Users/chrisvelgersdyk/Desktop/carbon-coverall/carbon-coverall-poc/node_modules/jest-circus/build/run.js:276:40)
    at processTicksAndRejections (node:internal/process/task_queues:95:5)
    at _runTest (/Users/chrisvelgersdyk/Desktop/carbon-coverall/carbon-coverall-poc/node_modules/jest-circus/build/run.js:208:3)
    at _runTestsForDescribeBlock (/Users/chrisvelgersdyk/Desktop/carbon-coverall/carbon-coverall-poc/node_modules/jest-circus/build/run.js:96:9)
    at _runTestsForDescribeBlock (/Users/chrisvelgersdyk/Desktop/carbon-coverall/carbon-coverall-poc/node_modules/jest-circus/build/run.js:90:9)</failure>
    </testcase>
    <testcase classname="@carbon/react/scss scss/components/badge-indicator should be importable" name="@carbon/react/scss scss/components/badge-indicator should be importable" time="0.021">
      <failure>Error: expect(received).resolves.toBeDefined()

Received promise rejected instead of resolved
Rejected to value: [Error: Can&apos;t find stylesheet to import.
  ╷
8 │ @forward &apos;./generated/fluid-spacing&apos;;
  │ ^^^^^^^^^^^^^^^^^^^^^^^^^^^^^^^^^^^^
  ╵
  node_modules/@carbon/layout/scss/_spacing.scss 8:1                                      @forward
  node_modules/@carbon/styles/scss/_spacing.scss 8:1                                      @use
  node_modules/@carbon/styles/scss/components/badge-indicator/_badge-indicator.scss 13:1  @forward
  node_modules/@carbon/styles/scss/components/badge-indicator/_index.scss 8:1             @forward
  packages/carbon-components/scss/components/badge-indicator/_index.scss 9:1              @use
  stdin 2:1                                                                               root stylesheet]
    at expect (/Users/chrisvelgersdyk/Desktop/carbon-coverall/carbon-coverall-poc/node_modules/expect/build/index.js:128:15)
    at Object.expect (/Users/chrisvelgersdyk/Desktop/carbon-coverall/carbon-coverall-poc/packages/carbon-components/__tests__/scss-test.js:24:13)
    at Promise.then.completed (/Users/chrisvelgersdyk/Desktop/carbon-coverall/carbon-coverall-poc/node_modules/jest-circus/build/utils.js:333:28)
    at new Promise (&lt;anonymous&gt;)
    at callAsyncCircusFn (/Users/chrisvelgersdyk/Desktop/carbon-coverall/carbon-coverall-poc/node_modules/jest-circus/build/utils.js:259:10)
    at _callCircusTest (/Users/chrisvelgersdyk/Desktop/carbon-coverall/carbon-coverall-poc/node_modules/jest-circus/build/run.js:276:40)
    at processTicksAndRejections (node:internal/process/task_queues:95:5)
    at _runTest (/Users/chrisvelgersdyk/Desktop/carbon-coverall/carbon-coverall-poc/node_modules/jest-circus/build/run.js:208:3)
    at _runTestsForDescribeBlock (/Users/chrisvelgersdyk/Desktop/carbon-coverall/carbon-coverall-poc/node_modules/jest-circus/build/run.js:96:9)
    at _runTestsForDescribeBlock (/Users/chrisvelgersdyk/Desktop/carbon-coverall/carbon-coverall-poc/node_modules/jest-circus/build/run.js:90:9)</failure>
    </testcase>
    <testcase classname="@carbon/react/scss scss/components/breadcrumb/breadcrumb should be importable" name="@carbon/react/scss scss/components/breadcrumb/breadcrumb should be importable" time="0.045">
      <failure>Error: expect(received).resolves.toBeDefined()

Received promise rejected instead of resolved
Rejected to value: [Error: Can&apos;t find stylesheet to import.
  ╷
8 │ @forward &apos;./generated/fluid-spacing&apos;;
  │ ^^^^^^^^^^^^^^^^^^^^^^^^^^^^^^^^^^^^
  ╵
  node_modules/@carbon/layout/scss/_spacing.scss 8:1                                 @forward
  node_modules/@carbon/styles/scss/_spacing.scss 8:1                                 @use
  node_modules/@carbon/styles/scss/components/button/_vars.scss 8:1                  @forward
  node_modules/@carbon/styles/scss/components/button/_index.scss 8:1                 @use
  node_modules/@carbon/styles/scss/components/overflow-menu/_overflow-menu.scss 8:1  @forward
  node_modules/@carbon/styles/scss/components/overflow-menu/_index.scss 8:1          @use
  node_modules/@carbon/styles/scss/components/breadcrumb/_breadcrumb.scss 8:1        @forward
  packages/carbon-components/scss/components/breadcrumb/_breadcrumb.scss 9:1         @use
  stdin 2:1                                                                          root stylesheet]
    at expect (/Users/chrisvelgersdyk/Desktop/carbon-coverall/carbon-coverall-poc/node_modules/expect/build/index.js:128:15)
    at Object.expect (/Users/chrisvelgersdyk/Desktop/carbon-coverall/carbon-coverall-poc/packages/carbon-components/__tests__/scss-test.js:24:13)
    at Promise.then.completed (/Users/chrisvelgersdyk/Desktop/carbon-coverall/carbon-coverall-poc/node_modules/jest-circus/build/utils.js:333:28)
    at new Promise (&lt;anonymous&gt;)
    at callAsyncCircusFn (/Users/chrisvelgersdyk/Desktop/carbon-coverall/carbon-coverall-poc/node_modules/jest-circus/build/utils.js:259:10)
    at _callCircusTest (/Users/chrisvelgersdyk/Desktop/carbon-coverall/carbon-coverall-poc/node_modules/jest-circus/build/run.js:276:40)
    at processTicksAndRejections (node:internal/process/task_queues:95:5)
    at _runTest (/Users/chrisvelgersdyk/Desktop/carbon-coverall/carbon-coverall-poc/node_modules/jest-circus/build/run.js:208:3)
    at _runTestsForDescribeBlock (/Users/chrisvelgersdyk/Desktop/carbon-coverall/carbon-coverall-poc/node_modules/jest-circus/build/run.js:96:9)
    at _runTestsForDescribeBlock (/Users/chrisvelgersdyk/Desktop/carbon-coverall/carbon-coverall-poc/node_modules/jest-circus/build/run.js:90:9)</failure>
    </testcase>
    <testcase classname="@carbon/react/scss scss/components/breadcrumb should be importable" name="@carbon/react/scss scss/components/breadcrumb should be importable" time="0.024">
      <failure>Error: expect(received).resolves.toBeDefined()

Received promise rejected instead of resolved
Rejected to value: [Error: Can&apos;t find stylesheet to import.
  ╷
8 │ @forward &apos;./generated/fluid-spacing&apos;;
  │ ^^^^^^^^^^^^^^^^^^^^^^^^^^^^^^^^^^^^
  ╵
  node_modules/@carbon/layout/scss/_spacing.scss 8:1                                 @forward
  node_modules/@carbon/styles/scss/_spacing.scss 8:1                                 @use
  node_modules/@carbon/styles/scss/components/button/_vars.scss 8:1                  @forward
  node_modules/@carbon/styles/scss/components/button/_index.scss 8:1                 @use
  node_modules/@carbon/styles/scss/components/overflow-menu/_overflow-menu.scss 8:1  @forward
  node_modules/@carbon/styles/scss/components/overflow-menu/_index.scss 8:1          @use
  node_modules/@carbon/styles/scss/components/breadcrumb/_breadcrumb.scss 8:1        @forward
  node_modules/@carbon/styles/scss/components/breadcrumb/_index.scss 8:1             @forward
  packages/carbon-components/scss/components/breadcrumb/_index.scss 9:1              @use
  stdin 2:1                                                                          root stylesheet]
    at expect (/Users/chrisvelgersdyk/Desktop/carbon-coverall/carbon-coverall-poc/node_modules/expect/build/index.js:128:15)
    at Object.expect (/Users/chrisvelgersdyk/Desktop/carbon-coverall/carbon-coverall-poc/packages/carbon-components/__tests__/scss-test.js:24:13)
    at Promise.then.completed (/Users/chrisvelgersdyk/Desktop/carbon-coverall/carbon-coverall-poc/node_modules/jest-circus/build/utils.js:333:28)
    at new Promise (&lt;anonymous&gt;)
    at callAsyncCircusFn (/Users/chrisvelgersdyk/Desktop/carbon-coverall/carbon-coverall-poc/node_modules/jest-circus/build/utils.js:259:10)
    at _callCircusTest (/Users/chrisvelgersdyk/Desktop/carbon-coverall/carbon-coverall-poc/node_modules/jest-circus/build/run.js:276:40)
    at processTicksAndRejections (node:internal/process/task_queues:95:5)
    at _runTest (/Users/chrisvelgersdyk/Desktop/carbon-coverall/carbon-coverall-poc/node_modules/jest-circus/build/run.js:208:3)
    at _runTestsForDescribeBlock (/Users/chrisvelgersdyk/Desktop/carbon-coverall/carbon-coverall-poc/node_modules/jest-circus/build/run.js:96:9)
    at _runTestsForDescribeBlock (/Users/chrisvelgersdyk/Desktop/carbon-coverall/carbon-coverall-poc/node_modules/jest-circus/build/run.js:90:9)</failure>
    </testcase>
    <testcase classname="@carbon/react/scss scss/components/button/button should be importable" name="@carbon/react/scss scss/components/button/button should be importable" time="0.02">
      <failure>Error: expect(received).resolves.toBeDefined()

Received promise rejected instead of resolved
Rejected to value: [Error: Can&apos;t find stylesheet to import.
  ╷
8 │ @forward &apos;generated/themes&apos;;
  │ ^^^^^^^^^^^^^^^^^^^^^^^^^^^
  ╵
  node_modules/@carbon/themes/scss/_themes.scss 8:1                     @forward
  node_modules/@carbon/styles/scss/_themes.scss 9:1                     @use
  node_modules/@carbon/styles/scss/components/button/_tokens.scss 10:1  @use
  node_modules/@carbon/styles/scss/components/button/_button.scss 8:1   @forward
  packages/carbon-components/scss/components/button/_button.scss 9:1    @use
  stdin 2:1                                                             root stylesheet]
    at expect (/Users/chrisvelgersdyk/Desktop/carbon-coverall/carbon-coverall-poc/node_modules/expect/build/index.js:128:15)
    at Object.expect (/Users/chrisvelgersdyk/Desktop/carbon-coverall/carbon-coverall-poc/packages/carbon-components/__tests__/scss-test.js:24:13)
    at Promise.then.completed (/Users/chrisvelgersdyk/Desktop/carbon-coverall/carbon-coverall-poc/node_modules/jest-circus/build/utils.js:333:28)
    at new Promise (&lt;anonymous&gt;)
    at callAsyncCircusFn (/Users/chrisvelgersdyk/Desktop/carbon-coverall/carbon-coverall-poc/node_modules/jest-circus/build/utils.js:259:10)
    at _callCircusTest (/Users/chrisvelgersdyk/Desktop/carbon-coverall/carbon-coverall-poc/node_modules/jest-circus/build/run.js:276:40)
    at processTicksAndRejections (node:internal/process/task_queues:95:5)
    at _runTest (/Users/chrisvelgersdyk/Desktop/carbon-coverall/carbon-coverall-poc/node_modules/jest-circus/build/run.js:208:3)
    at _runTestsForDescribeBlock (/Users/chrisvelgersdyk/Desktop/carbon-coverall/carbon-coverall-poc/node_modules/jest-circus/build/run.js:96:9)
    at _runTestsForDescribeBlock (/Users/chrisvelgersdyk/Desktop/carbon-coverall/carbon-coverall-poc/node_modules/jest-circus/build/run.js:90:9)</failure>
    </testcase>
    <testcase classname="@carbon/react/scss scss/components/button should be importable" name="@carbon/react/scss scss/components/button should be importable" time="0.016">
      <failure>Error: expect(received).resolves.toBeDefined()

Received promise rejected instead of resolved
Rejected to value: [Error: Can&apos;t find stylesheet to import.
  ╷
8 │ @forward &apos;./generated/fluid-spacing&apos;;
  │ ^^^^^^^^^^^^^^^^^^^^^^^^^^^^^^^^^^^^
  ╵
  node_modules/@carbon/layout/scss/_spacing.scss 8:1                  @forward
  node_modules/@carbon/styles/scss/_spacing.scss 8:1                  @use
  node_modules/@carbon/styles/scss/components/button/_vars.scss 8:1   @forward
  node_modules/@carbon/styles/scss/components/button/_index.scss 8:1  @forward
  packages/carbon-components/scss/components/button/_index.scss 9:1   @use
  stdin 2:1                                                           root stylesheet]
    at expect (/Users/chrisvelgersdyk/Desktop/carbon-coverall/carbon-coverall-poc/node_modules/expect/build/index.js:128:15)
    at Object.expect (/Users/chrisvelgersdyk/Desktop/carbon-coverall/carbon-coverall-poc/packages/carbon-components/__tests__/scss-test.js:24:13)
    at Promise.then.completed (/Users/chrisvelgersdyk/Desktop/carbon-coverall/carbon-coverall-poc/node_modules/jest-circus/build/utils.js:333:28)
    at new Promise (&lt;anonymous&gt;)
    at callAsyncCircusFn (/Users/chrisvelgersdyk/Desktop/carbon-coverall/carbon-coverall-poc/node_modules/jest-circus/build/utils.js:259:10)
    at _callCircusTest (/Users/chrisvelgersdyk/Desktop/carbon-coverall/carbon-coverall-poc/node_modules/jest-circus/build/run.js:276:40)
    at processTicksAndRejections (node:internal/process/task_queues:95:5)
    at _runTest (/Users/chrisvelgersdyk/Desktop/carbon-coverall/carbon-coverall-poc/node_modules/jest-circus/build/run.js:208:3)
    at _runTestsForDescribeBlock (/Users/chrisvelgersdyk/Desktop/carbon-coverall/carbon-coverall-poc/node_modules/jest-circus/build/run.js:96:9)
    at _runTestsForDescribeBlock (/Users/chrisvelgersdyk/Desktop/carbon-coverall/carbon-coverall-poc/node_modules/jest-circus/build/run.js:90:9)</failure>
    </testcase>
    <testcase classname="@carbon/react/scss scss/components/button/tokens should be importable" name="@carbon/react/scss scss/components/button/tokens should be importable" time="0.027">
      <failure>Error: expect(received).resolves.toBeDefined()

Received promise rejected instead of resolved
Rejected to value: [Error: Can&apos;t find stylesheet to import.
  ╷
8 │ @forward &apos;generated/themes&apos;;
  │ ^^^^^^^^^^^^^^^^^^^^^^^^^^^
  ╵
  node_modules/@carbon/themes/scss/_themes.scss 8:1                     @forward
  node_modules/@carbon/styles/scss/_themes.scss 9:1                     @use
  node_modules/@carbon/styles/scss/components/button/_tokens.scss 10:1  @forward
  packages/carbon-components/scss/components/button/_tokens.scss 9:1    @use
  stdin 2:1                                                             root stylesheet]
    at expect (/Users/chrisvelgersdyk/Desktop/carbon-coverall/carbon-coverall-poc/node_modules/expect/build/index.js:128:15)
    at Object.expect (/Users/chrisvelgersdyk/Desktop/carbon-coverall/carbon-coverall-poc/packages/carbon-components/__tests__/scss-test.js:24:13)
    at Promise.then.completed (/Users/chrisvelgersdyk/Desktop/carbon-coverall/carbon-coverall-poc/node_modules/jest-circus/build/utils.js:333:28)
    at new Promise (&lt;anonymous&gt;)
    at callAsyncCircusFn (/Users/chrisvelgersdyk/Desktop/carbon-coverall/carbon-coverall-poc/node_modules/jest-circus/build/utils.js:259:10)
    at _callCircusTest (/Users/chrisvelgersdyk/Desktop/carbon-coverall/carbon-coverall-poc/node_modules/jest-circus/build/run.js:276:40)
    at processTicksAndRejections (node:internal/process/task_queues:95:5)
    at _runTest (/Users/chrisvelgersdyk/Desktop/carbon-coverall/carbon-coverall-poc/node_modules/jest-circus/build/run.js:208:3)
    at _runTestsForDescribeBlock (/Users/chrisvelgersdyk/Desktop/carbon-coverall/carbon-coverall-poc/node_modules/jest-circus/build/run.js:96:9)
    at _runTestsForDescribeBlock (/Users/chrisvelgersdyk/Desktop/carbon-coverall/carbon-coverall-poc/node_modules/jest-circus/build/run.js:90:9)</failure>
    </testcase>
    <testcase classname="@carbon/react/scss scss/components/chat-button/chat-button should be importable" name="@carbon/react/scss scss/components/chat-button/chat-button should be importable" time="0.004">
      <failure>Error: expect(received).resolves.toBeDefined()

Received promise rejected instead of resolved
Rejected to value: [Error: Can&apos;t find stylesheet to import.
  ╷
8 │ @forward &apos;./generated/fluid-spacing&apos;;
  │ ^^^^^^^^^^^^^^^^^^^^^^^^^^^^^^^^^^^^
  ╵
  node_modules/@carbon/layout/scss/_spacing.scss 8:1                             @forward
  node_modules/@carbon/styles/scss/_spacing.scss 8:1                             @use
  node_modules/@carbon/styles/scss/components/button/_vars.scss 8:1              @forward
  node_modules/@carbon/styles/scss/components/button/_index.scss 8:1             @use
  node_modules/@carbon/styles/scss/components/chat-button/_chat-button.scss 8:1  @forward
  packages/carbon-components/scss/components/chat-button/_chat-button.scss 9:1   @use
  stdin 2:1                                                                      root stylesheet]
    at expect (/Users/chrisvelgersdyk/Desktop/carbon-coverall/carbon-coverall-poc/node_modules/expect/build/index.js:128:15)
    at Object.expect (/Users/chrisvelgersdyk/Desktop/carbon-coverall/carbon-coverall-poc/packages/carbon-components/__tests__/scss-test.js:24:13)
    at Promise.then.completed (/Users/chrisvelgersdyk/Desktop/carbon-coverall/carbon-coverall-poc/node_modules/jest-circus/build/utils.js:333:28)
    at new Promise (&lt;anonymous&gt;)
    at callAsyncCircusFn (/Users/chrisvelgersdyk/Desktop/carbon-coverall/carbon-coverall-poc/node_modules/jest-circus/build/utils.js:259:10)
    at _callCircusTest (/Users/chrisvelgersdyk/Desktop/carbon-coverall/carbon-coverall-poc/node_modules/jest-circus/build/run.js:276:40)
    at processTicksAndRejections (node:internal/process/task_queues:95:5)
    at _runTest (/Users/chrisvelgersdyk/Desktop/carbon-coverall/carbon-coverall-poc/node_modules/jest-circus/build/run.js:208:3)
    at _runTestsForDescribeBlock (/Users/chrisvelgersdyk/Desktop/carbon-coverall/carbon-coverall-poc/node_modules/jest-circus/build/run.js:96:9)
    at _runTestsForDescribeBlock (/Users/chrisvelgersdyk/Desktop/carbon-coverall/carbon-coverall-poc/node_modules/jest-circus/build/run.js:90:9)</failure>
    </testcase>
    <testcase classname="@carbon/react/scss scss/components/chat-button should be importable" name="@carbon/react/scss scss/components/chat-button should be importable" time="0.014">
      <failure>Error: expect(received).resolves.toBeDefined()

Received promise rejected instead of resolved
Rejected to value: [Error: Can&apos;t find stylesheet to import.
  ╷
8 │ @forward &apos;./generated/fluid-spacing&apos;;
  │ ^^^^^^^^^^^^^^^^^^^^^^^^^^^^^^^^^^^^
  ╵
  node_modules/@carbon/layout/scss/_spacing.scss 8:1                             @forward
  node_modules/@carbon/styles/scss/_spacing.scss 8:1                             @use
  node_modules/@carbon/styles/scss/components/button/_vars.scss 8:1              @forward
  node_modules/@carbon/styles/scss/components/button/_index.scss 8:1             @use
  node_modules/@carbon/styles/scss/components/chat-button/_chat-button.scss 8:1  @forward
  node_modules/@carbon/styles/scss/components/chat-button/_index.scss 8:1        @forward
  packages/carbon-components/scss/components/chat-button/_index.scss 9:1         @use
  stdin 2:1                                                                      root stylesheet]
    at expect (/Users/chrisvelgersdyk/Desktop/carbon-coverall/carbon-coverall-poc/node_modules/expect/build/index.js:128:15)
    at Object.expect (/Users/chrisvelgersdyk/Desktop/carbon-coverall/carbon-coverall-poc/packages/carbon-components/__tests__/scss-test.js:24:13)
    at Promise.then.completed (/Users/chrisvelgersdyk/Desktop/carbon-coverall/carbon-coverall-poc/node_modules/jest-circus/build/utils.js:333:28)
    at new Promise (&lt;anonymous&gt;)
    at callAsyncCircusFn (/Users/chrisvelgersdyk/Desktop/carbon-coverall/carbon-coverall-poc/node_modules/jest-circus/build/utils.js:259:10)
    at _callCircusTest (/Users/chrisvelgersdyk/Desktop/carbon-coverall/carbon-coverall-poc/node_modules/jest-circus/build/run.js:276:40)
    at processTicksAndRejections (node:internal/process/task_queues:95:5)
    at _runTest (/Users/chrisvelgersdyk/Desktop/carbon-coverall/carbon-coverall-poc/node_modules/jest-circus/build/run.js:208:3)
    at _runTestsForDescribeBlock (/Users/chrisvelgersdyk/Desktop/carbon-coverall/carbon-coverall-poc/node_modules/jest-circus/build/run.js:96:9)
    at _runTestsForDescribeBlock (/Users/chrisvelgersdyk/Desktop/carbon-coverall/carbon-coverall-poc/node_modules/jest-circus/build/run.js:90:9)</failure>
    </testcase>
    <testcase classname="@carbon/react/scss scss/components/checkbox/checkbox should be importable" name="@carbon/react/scss scss/components/checkbox/checkbox should be importable" time="0.042">
      <failure>Error: expect(received).resolves.toBeDefined()

Received promise rejected instead of resolved
Rejected to value: [Error: Can&apos;t find stylesheet to import.
  ╷
8 │ @forward &apos;./generated/fluid-spacing&apos;;
  │ ^^^^^^^^^^^^^^^^^^^^^^^^^^^^^^^^^^^^
  ╵
  node_modules/@carbon/layout/scss/_spacing.scss 8:1                       @forward
  node_modules/@carbon/styles/scss/_spacing.scss 8:1                       @use
  node_modules/@carbon/styles/scss/components/form/_form.scss 9:1          @forward
  node_modules/@carbon/styles/scss/components/form/_index.scss 8:1         @use
  node_modules/@carbon/styles/scss/components/checkbox/_checkbox.scss 8:1  @forward
  packages/carbon-components/scss/components/checkbox/_checkbox.scss 9:1   @use
  stdin 2:1                                                                root stylesheet]
    at expect (/Users/chrisvelgersdyk/Desktop/carbon-coverall/carbon-coverall-poc/node_modules/expect/build/index.js:128:15)
    at Object.expect (/Users/chrisvelgersdyk/Desktop/carbon-coverall/carbon-coverall-poc/packages/carbon-components/__tests__/scss-test.js:24:13)
    at Promise.then.completed (/Users/chrisvelgersdyk/Desktop/carbon-coverall/carbon-coverall-poc/node_modules/jest-circus/build/utils.js:333:28)
    at new Promise (&lt;anonymous&gt;)
    at callAsyncCircusFn (/Users/chrisvelgersdyk/Desktop/carbon-coverall/carbon-coverall-poc/node_modules/jest-circus/build/utils.js:259:10)
    at _callCircusTest (/Users/chrisvelgersdyk/Desktop/carbon-coverall/carbon-coverall-poc/node_modules/jest-circus/build/run.js:276:40)
    at processTicksAndRejections (node:internal/process/task_queues:95:5)
    at _runTest (/Users/chrisvelgersdyk/Desktop/carbon-coverall/carbon-coverall-poc/node_modules/jest-circus/build/run.js:208:3)
    at _runTestsForDescribeBlock (/Users/chrisvelgersdyk/Desktop/carbon-coverall/carbon-coverall-poc/node_modules/jest-circus/build/run.js:96:9)
    at _runTestsForDescribeBlock (/Users/chrisvelgersdyk/Desktop/carbon-coverall/carbon-coverall-poc/node_modules/jest-circus/build/run.js:90:9)</failure>
    </testcase>
    <testcase classname="@carbon/react/scss scss/components/checkbox should be importable" name="@carbon/react/scss scss/components/checkbox should be importable" time="0.023">
      <failure>Error: expect(received).resolves.toBeDefined()

Received promise rejected instead of resolved
Rejected to value: [Error: Can&apos;t find stylesheet to import.
  ╷
8 │ @forward &apos;./generated/fluid-spacing&apos;;
  │ ^^^^^^^^^^^^^^^^^^^^^^^^^^^^^^^^^^^^
  ╵
  node_modules/@carbon/layout/scss/_spacing.scss 8:1                       @forward
  node_modules/@carbon/styles/scss/_spacing.scss 8:1                       @use
  node_modules/@carbon/styles/scss/components/form/_form.scss 9:1          @forward
  node_modules/@carbon/styles/scss/components/form/_index.scss 8:1         @use
  node_modules/@carbon/styles/scss/components/checkbox/_checkbox.scss 8:1  @forward
  node_modules/@carbon/styles/scss/components/checkbox/_index.scss 8:1     @forward
  packages/carbon-components/scss/components/checkbox/_index.scss 9:1      @use
  stdin 2:1                                                                root stylesheet]
    at expect (/Users/chrisvelgersdyk/Desktop/carbon-coverall/carbon-coverall-poc/node_modules/expect/build/index.js:128:15)
    at Object.expect (/Users/chrisvelgersdyk/Desktop/carbon-coverall/carbon-coverall-poc/packages/carbon-components/__tests__/scss-test.js:24:13)
    at Promise.then.completed (/Users/chrisvelgersdyk/Desktop/carbon-coverall/carbon-coverall-poc/node_modules/jest-circus/build/utils.js:333:28)
    at new Promise (&lt;anonymous&gt;)
    at callAsyncCircusFn (/Users/chrisvelgersdyk/Desktop/carbon-coverall/carbon-coverall-poc/node_modules/jest-circus/build/utils.js:259:10)
    at _callCircusTest (/Users/chrisvelgersdyk/Desktop/carbon-coverall/carbon-coverall-poc/node_modules/jest-circus/build/run.js:276:40)
    at processTicksAndRejections (node:internal/process/task_queues:95:5)
    at _runTest (/Users/chrisvelgersdyk/Desktop/carbon-coverall/carbon-coverall-poc/node_modules/jest-circus/build/run.js:208:3)
    at _runTestsForDescribeBlock (/Users/chrisvelgersdyk/Desktop/carbon-coverall/carbon-coverall-poc/node_modules/jest-circus/build/run.js:96:9)
    at _runTestsForDescribeBlock (/Users/chrisvelgersdyk/Desktop/carbon-coverall/carbon-coverall-poc/node_modules/jest-circus/build/run.js:90:9)</failure>
    </testcase>
    <testcase classname="@carbon/react/scss scss/components/code-snippet/code-snippet should be importable" name="@carbon/react/scss scss/components/code-snippet/code-snippet should be importable" time="0.01">
      <failure>Error: expect(received).resolves.toBeDefined()

Received promise rejected instead of resolved
Rejected to value: [Error: Can&apos;t find stylesheet to import.
  ╷
8 │ @forward &apos;generated/themes&apos;;
  │ ^^^^^^^^^^^^^^^^^^^^^^^^^^^
  ╵
  node_modules/@carbon/themes/scss/compat/_themes.scss 8:1                         @use
  node_modules/@carbon/styles/scss/compat/_themes.scss 9:1                         @use
  node_modules/@carbon/styles/scss/theme/_theme.scss 12:1                          @forward
  node_modules/@carbon/styles/scss/_theme.scss 8:1                                 @use
  node_modules/@carbon/styles/scss/components/code-snippet/_mixins.scss 8:1        @use
  node_modules/@carbon/styles/scss/components/code-snippet/_code-snippet.scss 8:1  @forward
  packages/carbon-components/scss/components/code-snippet/_code-snippet.scss 9:1   @use
  stdin 2:1                                                                        root stylesheet]
    at expect (/Users/chrisvelgersdyk/Desktop/carbon-coverall/carbon-coverall-poc/node_modules/expect/build/index.js:128:15)
    at Object.expect (/Users/chrisvelgersdyk/Desktop/carbon-coverall/carbon-coverall-poc/packages/carbon-components/__tests__/scss-test.js:24:13)
    at Promise.then.completed (/Users/chrisvelgersdyk/Desktop/carbon-coverall/carbon-coverall-poc/node_modules/jest-circus/build/utils.js:333:28)
    at new Promise (&lt;anonymous&gt;)
    at callAsyncCircusFn (/Users/chrisvelgersdyk/Desktop/carbon-coverall/carbon-coverall-poc/node_modules/jest-circus/build/utils.js:259:10)
    at _callCircusTest (/Users/chrisvelgersdyk/Desktop/carbon-coverall/carbon-coverall-poc/node_modules/jest-circus/build/run.js:276:40)
    at processTicksAndRejections (node:internal/process/task_queues:95:5)
    at _runTest (/Users/chrisvelgersdyk/Desktop/carbon-coverall/carbon-coverall-poc/node_modules/jest-circus/build/run.js:208:3)
    at _runTestsForDescribeBlock (/Users/chrisvelgersdyk/Desktop/carbon-coverall/carbon-coverall-poc/node_modules/jest-circus/build/run.js:96:9)
    at _runTestsForDescribeBlock (/Users/chrisvelgersdyk/Desktop/carbon-coverall/carbon-coverall-poc/node_modules/jest-circus/build/run.js:90:9)</failure>
    </testcase>
    <testcase classname="@carbon/react/scss scss/components/code-snippet should be importable" name="@carbon/react/scss scss/components/code-snippet should be importable" time="0.012">
      <failure>Error: expect(received).resolves.toBeDefined()

Received promise rejected instead of resolved
Rejected to value: [Error: Can&apos;t find stylesheet to import.
  ╷
8 │ @forward &apos;generated/themes&apos;;
  │ ^^^^^^^^^^^^^^^^^^^^^^^^^^^
  ╵
  node_modules/@carbon/themes/scss/compat/_themes.scss 8:1                         @use
  node_modules/@carbon/styles/scss/compat/_themes.scss 9:1                         @use
  node_modules/@carbon/styles/scss/theme/_theme.scss 12:1                          @forward
  node_modules/@carbon/styles/scss/_theme.scss 8:1                                 @use
  node_modules/@carbon/styles/scss/components/code-snippet/_mixins.scss 8:1        @use
  node_modules/@carbon/styles/scss/components/code-snippet/_code-snippet.scss 8:1  @forward
  node_modules/@carbon/styles/scss/components/code-snippet/_index.scss 8:1         @forward
  packages/carbon-components/scss/components/code-snippet/_index.scss 9:1          @use
  stdin 2:1                                                                        root stylesheet]
    at expect (/Users/chrisvelgersdyk/Desktop/carbon-coverall/carbon-coverall-poc/node_modules/expect/build/index.js:128:15)
    at Object.expect (/Users/chrisvelgersdyk/Desktop/carbon-coverall/carbon-coverall-poc/packages/carbon-components/__tests__/scss-test.js:24:13)
    at Promise.then.completed (/Users/chrisvelgersdyk/Desktop/carbon-coverall/carbon-coverall-poc/node_modules/jest-circus/build/utils.js:333:28)
    at new Promise (&lt;anonymous&gt;)
    at callAsyncCircusFn (/Users/chrisvelgersdyk/Desktop/carbon-coverall/carbon-coverall-poc/node_modules/jest-circus/build/utils.js:259:10)
    at _callCircusTest (/Users/chrisvelgersdyk/Desktop/carbon-coverall/carbon-coverall-poc/node_modules/jest-circus/build/run.js:276:40)
    at processTicksAndRejections (node:internal/process/task_queues:95:5)
    at _runTest (/Users/chrisvelgersdyk/Desktop/carbon-coverall/carbon-coverall-poc/node_modules/jest-circus/build/run.js:208:3)
    at _runTestsForDescribeBlock (/Users/chrisvelgersdyk/Desktop/carbon-coverall/carbon-coverall-poc/node_modules/jest-circus/build/run.js:96:9)
    at _runTestsForDescribeBlock (/Users/chrisvelgersdyk/Desktop/carbon-coverall/carbon-coverall-poc/node_modules/jest-circus/build/run.js:90:9)</failure>
    </testcase>
    <testcase classname="@carbon/react/scss scss/components/combo-box/combo-box should be importable" name="@carbon/react/scss scss/components/combo-box/combo-box should be importable" time="0.057">
      <failure>Error: expect(received).resolves.toBeDefined()

Received promise rejected instead of resolved
Rejected to value: [Error: Can&apos;t find stylesheet to import.
  ╷
8 │ @forward &apos;generated/themes&apos;;
  │ ^^^^^^^^^^^^^^^^^^^^^^^^^^^
  ╵
  node_modules/@carbon/themes/scss/_themes.scss 8:1                          @forward
  node_modules/@carbon/styles/scss/_themes.scss 9:1                          @use
  node_modules/@carbon/styles/scss/components/button/_tokens.scss 10:1       @use
  node_modules/@carbon/styles/scss/components/list-box/_list-box.scss 8:1    @forward
  node_modules/@carbon/styles/scss/components/list-box/_index.scss 8:1       @use
  node_modules/@carbon/styles/scss/components/combo-box/_combo-box.scss 8:1  @forward
  packages/carbon-components/scss/components/combo-box/_combo-box.scss 9:1   @use
  stdin 2:1                                                                  root stylesheet]
    at expect (/Users/chrisvelgersdyk/Desktop/carbon-coverall/carbon-coverall-poc/node_modules/expect/build/index.js:128:15)
    at Object.expect (/Users/chrisvelgersdyk/Desktop/carbon-coverall/carbon-coverall-poc/packages/carbon-components/__tests__/scss-test.js:24:13)
    at Promise.then.completed (/Users/chrisvelgersdyk/Desktop/carbon-coverall/carbon-coverall-poc/node_modules/jest-circus/build/utils.js:333:28)
    at new Promise (&lt;anonymous&gt;)
    at callAsyncCircusFn (/Users/chrisvelgersdyk/Desktop/carbon-coverall/carbon-coverall-poc/node_modules/jest-circus/build/utils.js:259:10)
    at _callCircusTest (/Users/chrisvelgersdyk/Desktop/carbon-coverall/carbon-coverall-poc/node_modules/jest-circus/build/run.js:276:40)
    at processTicksAndRejections (node:internal/process/task_queues:95:5)
    at _runTest (/Users/chrisvelgersdyk/Desktop/carbon-coverall/carbon-coverall-poc/node_modules/jest-circus/build/run.js:208:3)
    at _runTestsForDescribeBlock (/Users/chrisvelgersdyk/Desktop/carbon-coverall/carbon-coverall-poc/node_modules/jest-circus/build/run.js:96:9)
    at _runTestsForDescribeBlock (/Users/chrisvelgersdyk/Desktop/carbon-coverall/carbon-coverall-poc/node_modules/jest-circus/build/run.js:90:9)</failure>
    </testcase>
    <testcase classname="@carbon/react/scss scss/components/combo-box should be importable" name="@carbon/react/scss scss/components/combo-box should be importable" time="0.037">
      <failure>Error: expect(received).resolves.toBeDefined()

Received promise rejected instead of resolved
Rejected to value: [Error: Can&apos;t find stylesheet to import.
  ╷
8 │ @forward &apos;generated/themes&apos;;
  │ ^^^^^^^^^^^^^^^^^^^^^^^^^^^
  ╵
  node_modules/@carbon/themes/scss/_themes.scss 8:1                          @forward
  node_modules/@carbon/styles/scss/_themes.scss 9:1                          @use
  node_modules/@carbon/styles/scss/components/button/_tokens.scss 10:1       @use
  node_modules/@carbon/styles/scss/components/list-box/_list-box.scss 8:1    @forward
  node_modules/@carbon/styles/scss/components/list-box/_index.scss 8:1       @use
  node_modules/@carbon/styles/scss/components/combo-box/_combo-box.scss 8:1  @forward
  node_modules/@carbon/styles/scss/components/combo-box/_index.scss 8:1      @forward
  packages/carbon-components/scss/components/combo-box/_index.scss 9:1       @use
  stdin 2:1                                                                  root stylesheet]
    at expect (/Users/chrisvelgersdyk/Desktop/carbon-coverall/carbon-coverall-poc/node_modules/expect/build/index.js:128:15)
    at Object.expect (/Users/chrisvelgersdyk/Desktop/carbon-coverall/carbon-coverall-poc/packages/carbon-components/__tests__/scss-test.js:24:13)
    at Promise.then.completed (/Users/chrisvelgersdyk/Desktop/carbon-coverall/carbon-coverall-poc/node_modules/jest-circus/build/utils.js:333:28)
    at new Promise (&lt;anonymous&gt;)
    at callAsyncCircusFn (/Users/chrisvelgersdyk/Desktop/carbon-coverall/carbon-coverall-poc/node_modules/jest-circus/build/utils.js:259:10)
    at _callCircusTest (/Users/chrisvelgersdyk/Desktop/carbon-coverall/carbon-coverall-poc/node_modules/jest-circus/build/run.js:276:40)
    at processTicksAndRejections (node:internal/process/task_queues:95:5)
    at _runTest (/Users/chrisvelgersdyk/Desktop/carbon-coverall/carbon-coverall-poc/node_modules/jest-circus/build/run.js:208:3)
    at _runTestsForDescribeBlock (/Users/chrisvelgersdyk/Desktop/carbon-coverall/carbon-coverall-poc/node_modules/jest-circus/build/run.js:96:9)
    at _runTestsForDescribeBlock (/Users/chrisvelgersdyk/Desktop/carbon-coverall/carbon-coverall-poc/node_modules/jest-circus/build/run.js:90:9)</failure>
    </testcase>
    <testcase classname="@carbon/react/scss scss/components/contained-list/contained-list should be importable" name="@carbon/react/scss scss/components/contained-list/contained-list should be importable" time="0.006">
      <failure>Error: expect(received).resolves.toBeDefined()

Received promise rejected instead of resolved
Rejected to value: [Error: Can&apos;t find stylesheet to import.
  ╷
8 │ @forward &apos;./generated/fluid-spacing&apos;;
  │ ^^^^^^^^^^^^^^^^^^^^^^^^^^^^^^^^^^^^
  ╵
  node_modules/@carbon/layout/scss/_spacing.scss 8:1                                    @forward
  node_modules/@carbon/styles/scss/_spacing.scss 8:1                                    @use
  node_modules/@carbon/styles/scss/components/button/_vars.scss 8:1                     @forward
  node_modules/@carbon/styles/scss/components/button/_index.scss 8:1                    @use
  node_modules/@carbon/styles/scss/components/contained-list/_contained-list.scss 10:1  @forward
  packages/carbon-components/scss/components/contained-list/_contained-list.scss 9:1    @use
  stdin 2:1                                                                             root stylesheet]
    at expect (/Users/chrisvelgersdyk/Desktop/carbon-coverall/carbon-coverall-poc/node_modules/expect/build/index.js:128:15)
    at Object.expect (/Users/chrisvelgersdyk/Desktop/carbon-coverall/carbon-coverall-poc/packages/carbon-components/__tests__/scss-test.js:24:13)
    at Promise.then.completed (/Users/chrisvelgersdyk/Desktop/carbon-coverall/carbon-coverall-poc/node_modules/jest-circus/build/utils.js:333:28)
    at new Promise (&lt;anonymous&gt;)
    at callAsyncCircusFn (/Users/chrisvelgersdyk/Desktop/carbon-coverall/carbon-coverall-poc/node_modules/jest-circus/build/utils.js:259:10)
    at _callCircusTest (/Users/chrisvelgersdyk/Desktop/carbon-coverall/carbon-coverall-poc/node_modules/jest-circus/build/run.js:276:40)
    at processTicksAndRejections (node:internal/process/task_queues:95:5)
    at _runTest (/Users/chrisvelgersdyk/Desktop/carbon-coverall/carbon-coverall-poc/node_modules/jest-circus/build/run.js:208:3)
    at _runTestsForDescribeBlock (/Users/chrisvelgersdyk/Desktop/carbon-coverall/carbon-coverall-poc/node_modules/jest-circus/build/run.js:96:9)
    at _runTestsForDescribeBlock (/Users/chrisvelgersdyk/Desktop/carbon-coverall/carbon-coverall-poc/node_modules/jest-circus/build/run.js:90:9)</failure>
    </testcase>
    <testcase classname="@carbon/react/scss scss/components/contained-list should be importable" name="@carbon/react/scss scss/components/contained-list should be importable" time="0.007">
      <failure>Error: expect(received).resolves.toBeDefined()

Received promise rejected instead of resolved
Rejected to value: [Error: Can&apos;t find stylesheet to import.
  ╷
8 │ @forward &apos;./generated/fluid-spacing&apos;;
  │ ^^^^^^^^^^^^^^^^^^^^^^^^^^^^^^^^^^^^
  ╵
  node_modules/@carbon/layout/scss/_spacing.scss 8:1                                    @forward
  node_modules/@carbon/styles/scss/_spacing.scss 8:1                                    @use
  node_modules/@carbon/styles/scss/components/button/_vars.scss 8:1                     @forward
  node_modules/@carbon/styles/scss/components/button/_index.scss 8:1                    @use
  node_modules/@carbon/styles/scss/components/contained-list/_contained-list.scss 10:1  @forward
  node_modules/@carbon/styles/scss/components/contained-list/_index.scss 8:1            @forward
  packages/carbon-components/scss/components/contained-list/_index.scss 9:1             @use
  stdin 2:1                                                                             root stylesheet]
    at expect (/Users/chrisvelgersdyk/Desktop/carbon-coverall/carbon-coverall-poc/node_modules/expect/build/index.js:128:15)
    at Object.expect (/Users/chrisvelgersdyk/Desktop/carbon-coverall/carbon-coverall-poc/packages/carbon-components/__tests__/scss-test.js:24:13)
    at Promise.then.completed (/Users/chrisvelgersdyk/Desktop/carbon-coverall/carbon-coverall-poc/node_modules/jest-circus/build/utils.js:333:28)
    at new Promise (&lt;anonymous&gt;)
    at callAsyncCircusFn (/Users/chrisvelgersdyk/Desktop/carbon-coverall/carbon-coverall-poc/node_modules/jest-circus/build/utils.js:259:10)
    at _callCircusTest (/Users/chrisvelgersdyk/Desktop/carbon-coverall/carbon-coverall-poc/node_modules/jest-circus/build/run.js:276:40)
    at processTicksAndRejections (node:internal/process/task_queues:95:5)
    at _runTest (/Users/chrisvelgersdyk/Desktop/carbon-coverall/carbon-coverall-poc/node_modules/jest-circus/build/run.js:208:3)
    at _runTestsForDescribeBlock (/Users/chrisvelgersdyk/Desktop/carbon-coverall/carbon-coverall-poc/node_modules/jest-circus/build/run.js:96:9)
    at _runTestsForDescribeBlock (/Users/chrisvelgersdyk/Desktop/carbon-coverall/carbon-coverall-poc/node_modules/jest-circus/build/run.js:90:9)</failure>
    </testcase>
    <testcase classname="@carbon/react/scss scss/components/content-switcher/content-switcher should be importable" name="@carbon/react/scss scss/components/content-switcher/content-switcher should be importable" time="0.007">
      <failure>Error: expect(received).resolves.toBeDefined()

Received promise rejected instead of resolved
Rejected to value: [Error: Can&apos;t find stylesheet to import.
  ╷
8 │ @forward &apos;./generated/fluid-spacing&apos;;
  │ ^^^^^^^^^^^^^^^^^^^^^^^^^^^^^^^^^^^^
  ╵
  node_modules/@carbon/layout/scss/_spacing.scss 8:1                                       @forward
  node_modules/@carbon/styles/scss/_spacing.scss 8:1                                       @use
  node_modules/@carbon/styles/scss/components/button/_vars.scss 8:1                        @forward
  node_modules/@carbon/styles/scss/components/button/_index.scss 8:1                       @use
  node_modules/@carbon/styles/scss/components/content-switcher/_content-switcher.scss 8:1  @forward
  packages/carbon-components/scss/components/content-switcher/_content-switcher.scss 9:1   @use
  stdin 2:1                                                                                root stylesheet]
    at expect (/Users/chrisvelgersdyk/Desktop/carbon-coverall/carbon-coverall-poc/node_modules/expect/build/index.js:128:15)
    at Object.expect (/Users/chrisvelgersdyk/Desktop/carbon-coverall/carbon-coverall-poc/packages/carbon-components/__tests__/scss-test.js:24:13)
    at Promise.then.completed (/Users/chrisvelgersdyk/Desktop/carbon-coverall/carbon-coverall-poc/node_modules/jest-circus/build/utils.js:333:28)
    at new Promise (&lt;anonymous&gt;)
    at callAsyncCircusFn (/Users/chrisvelgersdyk/Desktop/carbon-coverall/carbon-coverall-poc/node_modules/jest-circus/build/utils.js:259:10)
    at _callCircusTest (/Users/chrisvelgersdyk/Desktop/carbon-coverall/carbon-coverall-poc/node_modules/jest-circus/build/run.js:276:40)
    at processTicksAndRejections (node:internal/process/task_queues:95:5)
    at _runTest (/Users/chrisvelgersdyk/Desktop/carbon-coverall/carbon-coverall-poc/node_modules/jest-circus/build/run.js:208:3)
    at _runTestsForDescribeBlock (/Users/chrisvelgersdyk/Desktop/carbon-coverall/carbon-coverall-poc/node_modules/jest-circus/build/run.js:96:9)
    at _runTestsForDescribeBlock (/Users/chrisvelgersdyk/Desktop/carbon-coverall/carbon-coverall-poc/node_modules/jest-circus/build/run.js:90:9)</failure>
    </testcase>
    <testcase classname="@carbon/react/scss scss/components/content-switcher should be importable" name="@carbon/react/scss scss/components/content-switcher should be importable" time="0.006">
      <failure>Error: expect(received).resolves.toBeDefined()

Received promise rejected instead of resolved
Rejected to value: [Error: Can&apos;t find stylesheet to import.
  ╷
8 │ @forward &apos;./generated/fluid-spacing&apos;;
  │ ^^^^^^^^^^^^^^^^^^^^^^^^^^^^^^^^^^^^
  ╵
  node_modules/@carbon/layout/scss/_spacing.scss 8:1                                       @forward
  node_modules/@carbon/styles/scss/_spacing.scss 8:1                                       @use
  node_modules/@carbon/styles/scss/components/button/_vars.scss 8:1                        @forward
  node_modules/@carbon/styles/scss/components/button/_index.scss 8:1                       @use
  node_modules/@carbon/styles/scss/components/content-switcher/_content-switcher.scss 8:1  @forward
  node_modules/@carbon/styles/scss/components/content-switcher/_index.scss 8:1             @forward
  packages/carbon-components/scss/components/content-switcher/_index.scss 9:1              @use
  stdin 2:1                                                                                root stylesheet]
    at expect (/Users/chrisvelgersdyk/Desktop/carbon-coverall/carbon-coverall-poc/node_modules/expect/build/index.js:128:15)
    at Object.expect (/Users/chrisvelgersdyk/Desktop/carbon-coverall/carbon-coverall-poc/packages/carbon-components/__tests__/scss-test.js:24:13)
    at Promise.then.completed (/Users/chrisvelgersdyk/Desktop/carbon-coverall/carbon-coverall-poc/node_modules/jest-circus/build/utils.js:333:28)
    at new Promise (&lt;anonymous&gt;)
    at callAsyncCircusFn (/Users/chrisvelgersdyk/Desktop/carbon-coverall/carbon-coverall-poc/node_modules/jest-circus/build/utils.js:259:10)
    at _callCircusTest (/Users/chrisvelgersdyk/Desktop/carbon-coverall/carbon-coverall-poc/node_modules/jest-circus/build/run.js:276:40)
    at processTicksAndRejections (node:internal/process/task_queues:95:5)
    at _runTest (/Users/chrisvelgersdyk/Desktop/carbon-coverall/carbon-coverall-poc/node_modules/jest-circus/build/run.js:208:3)
    at _runTestsForDescribeBlock (/Users/chrisvelgersdyk/Desktop/carbon-coverall/carbon-coverall-poc/node_modules/jest-circus/build/run.js:96:9)
    at _runTestsForDescribeBlock (/Users/chrisvelgersdyk/Desktop/carbon-coverall/carbon-coverall-poc/node_modules/jest-circus/build/run.js:90:9)</failure>
    </testcase>
    <testcase classname="@carbon/react/scss scss/components/copy-button/copy-button should be importable" name="@carbon/react/scss scss/components/copy-button/copy-button should be importable" time="0.004">
      <failure>Error: expect(received).resolves.toBeDefined()

Received promise rejected instead of resolved
Rejected to value: [Error: Can&apos;t find stylesheet to import.
  ╷
8 │ @forward &apos;./generated/fluid-spacing&apos;;
  │ ^^^^^^^^^^^^^^^^^^^^^^^^^^^^^^^^^^^^
  ╵
  node_modules/@carbon/layout/scss/_spacing.scss 8:1                             @forward
  node_modules/@carbon/styles/scss/_spacing.scss 8:1                             @use
  node_modules/@carbon/styles/scss/components/button/_vars.scss 8:1              @forward
  node_modules/@carbon/styles/scss/components/button/_index.scss 8:1             @use
  node_modules/@carbon/styles/scss/components/copy-button/_copy-button.scss 8:1  @forward
  packages/carbon-components/scss/components/copy-button/_copy-button.scss 9:1   @use
  stdin 2:1                                                                      root stylesheet]
    at expect (/Users/chrisvelgersdyk/Desktop/carbon-coverall/carbon-coverall-poc/node_modules/expect/build/index.js:128:15)
    at Object.expect (/Users/chrisvelgersdyk/Desktop/carbon-coverall/carbon-coverall-poc/packages/carbon-components/__tests__/scss-test.js:24:13)
    at Promise.then.completed (/Users/chrisvelgersdyk/Desktop/carbon-coverall/carbon-coverall-poc/node_modules/jest-circus/build/utils.js:333:28)
    at new Promise (&lt;anonymous&gt;)
    at callAsyncCircusFn (/Users/chrisvelgersdyk/Desktop/carbon-coverall/carbon-coverall-poc/node_modules/jest-circus/build/utils.js:259:10)
    at _callCircusTest (/Users/chrisvelgersdyk/Desktop/carbon-coverall/carbon-coverall-poc/node_modules/jest-circus/build/run.js:276:40)
    at processTicksAndRejections (node:internal/process/task_queues:95:5)
    at _runTest (/Users/chrisvelgersdyk/Desktop/carbon-coverall/carbon-coverall-poc/node_modules/jest-circus/build/run.js:208:3)
    at _runTestsForDescribeBlock (/Users/chrisvelgersdyk/Desktop/carbon-coverall/carbon-coverall-poc/node_modules/jest-circus/build/run.js:96:9)
    at _runTestsForDescribeBlock (/Users/chrisvelgersdyk/Desktop/carbon-coverall/carbon-coverall-poc/node_modules/jest-circus/build/run.js:90:9)</failure>
    </testcase>
    <testcase classname="@carbon/react/scss scss/components/copy-button should be importable" name="@carbon/react/scss scss/components/copy-button should be importable" time="0.004">
      <failure>Error: expect(received).resolves.toBeDefined()

Received promise rejected instead of resolved
Rejected to value: [Error: Can&apos;t find stylesheet to import.
  ╷
8 │ @forward &apos;./generated/fluid-spacing&apos;;
  │ ^^^^^^^^^^^^^^^^^^^^^^^^^^^^^^^^^^^^
  ╵
  node_modules/@carbon/layout/scss/_spacing.scss 8:1                             @forward
  node_modules/@carbon/styles/scss/_spacing.scss 8:1                             @use
  node_modules/@carbon/styles/scss/components/button/_vars.scss 8:1              @forward
  node_modules/@carbon/styles/scss/components/button/_index.scss 8:1             @use
  node_modules/@carbon/styles/scss/components/copy-button/_copy-button.scss 8:1  @forward
  node_modules/@carbon/styles/scss/components/copy-button/_index.scss 8:1        @forward
  packages/carbon-components/scss/components/copy-button/_index.scss 9:1         @use
  stdin 2:1                                                                      root stylesheet]
    at expect (/Users/chrisvelgersdyk/Desktop/carbon-coverall/carbon-coverall-poc/node_modules/expect/build/index.js:128:15)
    at Object.expect (/Users/chrisvelgersdyk/Desktop/carbon-coverall/carbon-coverall-poc/packages/carbon-components/__tests__/scss-test.js:24:13)
    at Promise.then.completed (/Users/chrisvelgersdyk/Desktop/carbon-coverall/carbon-coverall-poc/node_modules/jest-circus/build/utils.js:333:28)
    at new Promise (&lt;anonymous&gt;)
    at callAsyncCircusFn (/Users/chrisvelgersdyk/Desktop/carbon-coverall/carbon-coverall-poc/node_modules/jest-circus/build/utils.js:259:10)
    at _callCircusTest (/Users/chrisvelgersdyk/Desktop/carbon-coverall/carbon-coverall-poc/node_modules/jest-circus/build/run.js:276:40)
    at processTicksAndRejections (node:internal/process/task_queues:95:5)
    at _runTest (/Users/chrisvelgersdyk/Desktop/carbon-coverall/carbon-coverall-poc/node_modules/jest-circus/build/run.js:208:3)
    at _runTestsForDescribeBlock (/Users/chrisvelgersdyk/Desktop/carbon-coverall/carbon-coverall-poc/node_modules/jest-circus/build/run.js:96:9)
    at _runTestsForDescribeBlock (/Users/chrisvelgersdyk/Desktop/carbon-coverall/carbon-coverall-poc/node_modules/jest-circus/build/run.js:90:9)</failure>
    </testcase>
    <testcase classname="@carbon/react/scss scss/components/data-table/data-table should be importable" name="@carbon/react/scss scss/components/data-table/data-table should be importable" time="0.082">
      <failure>Error: expect(received).resolves.toBeDefined()

Received promise rejected instead of resolved
Rejected to value: [Error: Can&apos;t find stylesheet to import.
  ╷
8 │ @forward &apos;generated/themes&apos;;
  │ ^^^^^^^^^^^^^^^^^^^^^^^^^^^
  ╵
  node_modules/@carbon/themes/scss/compat/_themes.scss 8:1                     @use
  node_modules/@carbon/styles/scss/compat/_themes.scss 9:1                     @use
  node_modules/@carbon/styles/scss/theme/_theme.scss 12:1                      @forward
  node_modules/@carbon/styles/scss/_theme.scss 8:1                             @use
  node_modules/@carbon/styles/scss/components/data-table/_vars.scss 8:1        @use
  node_modules/@carbon/styles/scss/components/data-table/_data-table.scss 9:1  @forward
  packages/carbon-components/scss/components/data-table/_data-table.scss 9:1   @use
  stdin 2:1                                                                    root stylesheet]
    at expect (/Users/chrisvelgersdyk/Desktop/carbon-coverall/carbon-coverall-poc/node_modules/expect/build/index.js:128:15)
    at Object.expect (/Users/chrisvelgersdyk/Desktop/carbon-coverall/carbon-coverall-poc/packages/carbon-components/__tests__/scss-test.js:24:13)
    at Promise.then.completed (/Users/chrisvelgersdyk/Desktop/carbon-coverall/carbon-coverall-poc/node_modules/jest-circus/build/utils.js:333:28)
    at new Promise (&lt;anonymous&gt;)
    at callAsyncCircusFn (/Users/chrisvelgersdyk/Desktop/carbon-coverall/carbon-coverall-poc/node_modules/jest-circus/build/utils.js:259:10)
    at _callCircusTest (/Users/chrisvelgersdyk/Desktop/carbon-coverall/carbon-coverall-poc/node_modules/jest-circus/build/run.js:276:40)
    at processTicksAndRejections (node:internal/process/task_queues:95:5)
    at _runTest (/Users/chrisvelgersdyk/Desktop/carbon-coverall/carbon-coverall-poc/node_modules/jest-circus/build/run.js:208:3)
    at _runTestsForDescribeBlock (/Users/chrisvelgersdyk/Desktop/carbon-coverall/carbon-coverall-poc/node_modules/jest-circus/build/run.js:96:9)
    at _runTestsForDescribeBlock (/Users/chrisvelgersdyk/Desktop/carbon-coverall/carbon-coverall-poc/node_modules/jest-circus/build/run.js:90:9)</failure>
    </testcase>
    <testcase classname="@carbon/react/scss scss/components/data-table should be importable" name="@carbon/react/scss scss/components/data-table should be importable" time="0.02">
      <failure>Error: expect(received).resolves.toBeDefined()

Received promise rejected instead of resolved
Rejected to value: [Error: Can&apos;t find stylesheet to import.
  ╷
8 │ @forward &apos;generated/themes&apos;;
  │ ^^^^^^^^^^^^^^^^^^^^^^^^^^^
  ╵
  node_modules/@carbon/themes/scss/compat/_themes.scss 8:1                @use
  node_modules/@carbon/styles/scss/compat/_themes.scss 9:1                @use
  node_modules/@carbon/styles/scss/theme/_theme.scss 12:1                 @forward
  node_modules/@carbon/styles/scss/_theme.scss 8:1                        @use
  node_modules/@carbon/styles/scss/components/data-table/_vars.scss 8:1   @forward
  node_modules/@carbon/styles/scss/components/data-table/_index.scss 8:1  @forward
  packages/carbon-components/scss/components/data-table/_index.scss 9:1   @use
  stdin 2:1                                                               root stylesheet]
    at expect (/Users/chrisvelgersdyk/Desktop/carbon-coverall/carbon-coverall-poc/node_modules/expect/build/index.js:128:15)
    at Object.expect (/Users/chrisvelgersdyk/Desktop/carbon-coverall/carbon-coverall-poc/packages/carbon-components/__tests__/scss-test.js:24:13)
    at Promise.then.completed (/Users/chrisvelgersdyk/Desktop/carbon-coverall/carbon-coverall-poc/node_modules/jest-circus/build/utils.js:333:28)
    at new Promise (&lt;anonymous&gt;)
    at callAsyncCircusFn (/Users/chrisvelgersdyk/Desktop/carbon-coverall/carbon-coverall-poc/node_modules/jest-circus/build/utils.js:259:10)
    at _callCircusTest (/Users/chrisvelgersdyk/Desktop/carbon-coverall/carbon-coverall-poc/node_modules/jest-circus/build/run.js:276:40)
    at processTicksAndRejections (node:internal/process/task_queues:95:5)
    at _runTest (/Users/chrisvelgersdyk/Desktop/carbon-coverall/carbon-coverall-poc/node_modules/jest-circus/build/run.js:208:3)
    at _runTestsForDescribeBlock (/Users/chrisvelgersdyk/Desktop/carbon-coverall/carbon-coverall-poc/node_modules/jest-circus/build/run.js:96:9)
    at _runTestsForDescribeBlock (/Users/chrisvelgersdyk/Desktop/carbon-coverall/carbon-coverall-poc/node_modules/jest-circus/build/run.js:90:9)</failure>
    </testcase>
    <testcase classname="@carbon/react/scss scss/components/data-table/action/data-table-action should be importable" name="@carbon/react/scss scss/components/data-table/action/data-table-action should be importable" time="0.008">
      <failure>Error: expect(received).resolves.toBeDefined()

Received promise rejected instead of resolved
Rejected to value: [Error: Can&apos;t find stylesheet to import.
  ╷
8 │ @forward &apos;./generated/fluid-spacing&apos;;
  │ ^^^^^^^^^^^^^^^^^^^^^^^^^^^^^^^^^^^^
  ╵
  node_modules/@carbon/layout/scss/_spacing.scss 8:1                                         @forward
  node_modules/@carbon/styles/scss/_spacing.scss 8:1                                         @use
  node_modules/@carbon/styles/scss/components/button/_vars.scss 8:1                          @forward
  node_modules/@carbon/styles/scss/components/button/_index.scss 8:1                         @use
  node_modules/@carbon/styles/scss/components/data-table/action/_data-table-action.scss 8:1  @forward
  packages/carbon-components/scss/components/data-table/action/_data-table-action.scss 9:1   @use
  stdin 2:1                                                                                  root stylesheet]
    at expect (/Users/chrisvelgersdyk/Desktop/carbon-coverall/carbon-coverall-poc/node_modules/expect/build/index.js:128:15)
    at Object.expect (/Users/chrisvelgersdyk/Desktop/carbon-coverall/carbon-coverall-poc/packages/carbon-components/__tests__/scss-test.js:24:13)
    at Promise.then.completed (/Users/chrisvelgersdyk/Desktop/carbon-coverall/carbon-coverall-poc/node_modules/jest-circus/build/utils.js:333:28)
    at new Promise (&lt;anonymous&gt;)
    at callAsyncCircusFn (/Users/chrisvelgersdyk/Desktop/carbon-coverall/carbon-coverall-poc/node_modules/jest-circus/build/utils.js:259:10)
    at _callCircusTest (/Users/chrisvelgersdyk/Desktop/carbon-coverall/carbon-coverall-poc/node_modules/jest-circus/build/run.js:276:40)
    at processTicksAndRejections (node:internal/process/task_queues:95:5)
    at _runTest (/Users/chrisvelgersdyk/Desktop/carbon-coverall/carbon-coverall-poc/node_modules/jest-circus/build/run.js:208:3)
    at _runTestsForDescribeBlock (/Users/chrisvelgersdyk/Desktop/carbon-coverall/carbon-coverall-poc/node_modules/jest-circus/build/run.js:96:9)
    at _runTestsForDescribeBlock (/Users/chrisvelgersdyk/Desktop/carbon-coverall/carbon-coverall-poc/node_modules/jest-circus/build/run.js:90:9)</failure>
    </testcase>
    <testcase classname="@carbon/react/scss scss/components/data-table/action should be importable" name="@carbon/react/scss scss/components/data-table/action should be importable" time="0.033">
      <failure>Error: expect(received).resolves.toBeDefined()

Received promise rejected instead of resolved
Rejected to value: [Error: Can&apos;t find stylesheet to import.
  ╷
8 │ @forward &apos;./generated/fluid-spacing&apos;;
  │ ^^^^^^^^^^^^^^^^^^^^^^^^^^^^^^^^^^^^
  ╵
  node_modules/@carbon/layout/scss/_spacing.scss 8:1                                         @forward
  node_modules/@carbon/styles/scss/_spacing.scss 8:1                                         @use
  node_modules/@carbon/styles/scss/components/button/_vars.scss 8:1                          @forward
  node_modules/@carbon/styles/scss/components/button/_index.scss 8:1                         @use
  node_modules/@carbon/styles/scss/components/data-table/action/_data-table-action.scss 8:1  @forward
  node_modules/@carbon/styles/scss/components/data-table/action/_index.scss 8:1              @forward
  packages/carbon-components/scss/components/data-table/action/_index.scss 9:1               @use
  stdin 2:1                                                                                  root stylesheet]
    at expect (/Users/chrisvelgersdyk/Desktop/carbon-coverall/carbon-coverall-poc/node_modules/expect/build/index.js:128:15)
    at Object.expect (/Users/chrisvelgersdyk/Desktop/carbon-coverall/carbon-coverall-poc/packages/carbon-components/__tests__/scss-test.js:24:13)
    at Promise.then.completed (/Users/chrisvelgersdyk/Desktop/carbon-coverall/carbon-coverall-poc/node_modules/jest-circus/build/utils.js:333:28)
    at new Promise (&lt;anonymous&gt;)
    at callAsyncCircusFn (/Users/chrisvelgersdyk/Desktop/carbon-coverall/carbon-coverall-poc/node_modules/jest-circus/build/utils.js:259:10)
    at _callCircusTest (/Users/chrisvelgersdyk/Desktop/carbon-coverall/carbon-coverall-poc/node_modules/jest-circus/build/run.js:276:40)
    at processTicksAndRejections (node:internal/process/task_queues:95:5)
    at _runTest (/Users/chrisvelgersdyk/Desktop/carbon-coverall/carbon-coverall-poc/node_modules/jest-circus/build/run.js:208:3)
    at _runTestsForDescribeBlock (/Users/chrisvelgersdyk/Desktop/carbon-coverall/carbon-coverall-poc/node_modules/jest-circus/build/run.js:96:9)
    at _runTestsForDescribeBlock (/Users/chrisvelgersdyk/Desktop/carbon-coverall/carbon-coverall-poc/node_modules/jest-circus/build/run.js:90:9)</failure>
    </testcase>
    <testcase classname="@carbon/react/scss scss/components/data-table/expandable/data-table-expandable should be importable" name="@carbon/react/scss scss/components/data-table/expandable/data-table-expandable should be importable" time="0.029">
      <failure>Error: expect(received).resolves.toBeDefined()

Received promise rejected instead of resolved
Rejected to value: [Error: Can&apos;t find stylesheet to import.
  ╷
8 │ @forward &apos;./generated/fluid-spacing&apos;;
  │ ^^^^^^^^^^^^^^^^^^^^^^^^^^^^^^^^^^^^
  ╵
  node_modules/@carbon/layout/scss/_spacing.scss 8:1                                                 @forward
  node_modules/@carbon/styles/scss/_spacing.scss 8:1                                                 @use
  node_modules/@carbon/styles/scss/components/button/_vars.scss 8:1                                  @forward
  node_modules/@carbon/styles/scss/components/button/_index.scss 8:1                                 @use
  node_modules/@carbon/styles/scss/components/data-table/action/_data-table-action.scss 8:1          @forward
  node_modules/@carbon/styles/scss/components/data-table/action/_index.scss 8:1                      @use
  node_modules/@carbon/styles/scss/components/data-table/expandable/_data-table-expandable.scss 8:1  @forward
  packages/carbon-components/scss/components/data-table/expandable/_data-table-expandable.scss 9:1   @use
  stdin 2:1                                                                                          root stylesheet]
    at expect (/Users/chrisvelgersdyk/Desktop/carbon-coverall/carbon-coverall-poc/node_modules/expect/build/index.js:128:15)
    at Object.expect (/Users/chrisvelgersdyk/Desktop/carbon-coverall/carbon-coverall-poc/packages/carbon-components/__tests__/scss-test.js:24:13)
    at Promise.then.completed (/Users/chrisvelgersdyk/Desktop/carbon-coverall/carbon-coverall-poc/node_modules/jest-circus/build/utils.js:333:28)
    at new Promise (&lt;anonymous&gt;)
    at callAsyncCircusFn (/Users/chrisvelgersdyk/Desktop/carbon-coverall/carbon-coverall-poc/node_modules/jest-circus/build/utils.js:259:10)
    at _callCircusTest (/Users/chrisvelgersdyk/Desktop/carbon-coverall/carbon-coverall-poc/node_modules/jest-circus/build/run.js:276:40)
    at processTicksAndRejections (node:internal/process/task_queues:95:5)
    at _runTest (/Users/chrisvelgersdyk/Desktop/carbon-coverall/carbon-coverall-poc/node_modules/jest-circus/build/run.js:208:3)
    at _runTestsForDescribeBlock (/Users/chrisvelgersdyk/Desktop/carbon-coverall/carbon-coverall-poc/node_modules/jest-circus/build/run.js:96:9)
    at _runTestsForDescribeBlock (/Users/chrisvelgersdyk/Desktop/carbon-coverall/carbon-coverall-poc/node_modules/jest-circus/build/run.js:90:9)</failure>
    </testcase>
    <testcase classname="@carbon/react/scss scss/components/data-table/expandable should be importable" name="@carbon/react/scss scss/components/data-table/expandable should be importable" time="0.017">
      <failure>Error: expect(received).resolves.toBeDefined()

Received promise rejected instead of resolved
Rejected to value: [Error: Can&apos;t find stylesheet to import.
  ╷
8 │ @forward &apos;./generated/fluid-spacing&apos;;
  │ ^^^^^^^^^^^^^^^^^^^^^^^^^^^^^^^^^^^^
  ╵
  node_modules/@carbon/layout/scss/_spacing.scss 8:1                                                 @forward
  node_modules/@carbon/styles/scss/_spacing.scss 8:1                                                 @use
  node_modules/@carbon/styles/scss/components/button/_vars.scss 8:1                                  @forward
  node_modules/@carbon/styles/scss/components/button/_index.scss 8:1                                 @use
  node_modules/@carbon/styles/scss/components/data-table/action/_data-table-action.scss 8:1          @forward
  node_modules/@carbon/styles/scss/components/data-table/action/_index.scss 8:1                      @use
  node_modules/@carbon/styles/scss/components/data-table/expandable/_data-table-expandable.scss 8:1  @forward
  node_modules/@carbon/styles/scss/components/data-table/expandable/_index.scss 8:1                  @forward
  packages/carbon-components/scss/components/data-table/expandable/_index.scss 9:1                   @use
  stdin 2:1                                                                                          root stylesheet]
    at expect (/Users/chrisvelgersdyk/Desktop/carbon-coverall/carbon-coverall-poc/node_modules/expect/build/index.js:128:15)
    at Object.expect (/Users/chrisvelgersdyk/Desktop/carbon-coverall/carbon-coverall-poc/packages/carbon-components/__tests__/scss-test.js:24:13)
    at Promise.then.completed (/Users/chrisvelgersdyk/Desktop/carbon-coverall/carbon-coverall-poc/node_modules/jest-circus/build/utils.js:333:28)
    at new Promise (&lt;anonymous&gt;)
    at callAsyncCircusFn (/Users/chrisvelgersdyk/Desktop/carbon-coverall/carbon-coverall-poc/node_modules/jest-circus/build/utils.js:259:10)
    at _callCircusTest (/Users/chrisvelgersdyk/Desktop/carbon-coverall/carbon-coverall-poc/node_modules/jest-circus/build/run.js:276:40)
    at processTicksAndRejections (node:internal/process/task_queues:95:5)
    at _runTest (/Users/chrisvelgersdyk/Desktop/carbon-coverall/carbon-coverall-poc/node_modules/jest-circus/build/run.js:208:3)
    at _runTestsForDescribeBlock (/Users/chrisvelgersdyk/Desktop/carbon-coverall/carbon-coverall-poc/node_modules/jest-circus/build/run.js:96:9)
    at _runTestsForDescribeBlock (/Users/chrisvelgersdyk/Desktop/carbon-coverall/carbon-coverall-poc/node_modules/jest-circus/build/run.js:90:9)</failure>
    </testcase>
    <testcase classname="@carbon/react/scss scss/components/data-table/skeleton/data-table-skeleton should be importable" name="@carbon/react/scss scss/components/data-table/skeleton/data-table-skeleton should be importable" time="0.005">
      <failure>Error: expect(received).resolves.toBeDefined()

Received promise rejected instead of resolved
Rejected to value: [Error: Can&apos;t find stylesheet to import.
  ╷
8 │ @forward &apos;./generated/fluid-spacing&apos;;
  │ ^^^^^^^^^^^^^^^^^^^^^^^^^^^^^^^^^^^^
  ╵
  node_modules/@carbon/layout/scss/_spacing.scss 8:1                                             @forward
  node_modules/@carbon/styles/scss/_spacing.scss 8:1                                             @use
  node_modules/@carbon/styles/scss/components/data-table/skeleton/_data-table-skeleton.scss 9:1  @forward
  packages/carbon-components/scss/components/data-table/skeleton/_data-table-skeleton.scss 9:1   @use
  stdin 2:1                                                                                      root stylesheet]
    at expect (/Users/chrisvelgersdyk/Desktop/carbon-coverall/carbon-coverall-poc/node_modules/expect/build/index.js:128:15)
    at Object.expect (/Users/chrisvelgersdyk/Desktop/carbon-coverall/carbon-coverall-poc/packages/carbon-components/__tests__/scss-test.js:24:13)
    at Promise.then.completed (/Users/chrisvelgersdyk/Desktop/carbon-coverall/carbon-coverall-poc/node_modules/jest-circus/build/utils.js:333:28)
    at new Promise (&lt;anonymous&gt;)
    at callAsyncCircusFn (/Users/chrisvelgersdyk/Desktop/carbon-coverall/carbon-coverall-poc/node_modules/jest-circus/build/utils.js:259:10)
    at _callCircusTest (/Users/chrisvelgersdyk/Desktop/carbon-coverall/carbon-coverall-poc/node_modules/jest-circus/build/run.js:276:40)
    at processTicksAndRejections (node:internal/process/task_queues:95:5)
    at _runTest (/Users/chrisvelgersdyk/Desktop/carbon-coverall/carbon-coverall-poc/node_modules/jest-circus/build/run.js:208:3)
    at _runTestsForDescribeBlock (/Users/chrisvelgersdyk/Desktop/carbon-coverall/carbon-coverall-poc/node_modules/jest-circus/build/run.js:96:9)
    at _runTestsForDescribeBlock (/Users/chrisvelgersdyk/Desktop/carbon-coverall/carbon-coverall-poc/node_modules/jest-circus/build/run.js:90:9)</failure>
    </testcase>
    <testcase classname="@carbon/react/scss scss/components/data-table/skeleton should be importable" name="@carbon/react/scss scss/components/data-table/skeleton should be importable" time="0.008">
      <failure>Error: expect(received).resolves.toBeDefined()

Received promise rejected instead of resolved
Rejected to value: [Error: Can&apos;t find stylesheet to import.
  ╷
8 │ @forward &apos;./generated/fluid-spacing&apos;;
  │ ^^^^^^^^^^^^^^^^^^^^^^^^^^^^^^^^^^^^
  ╵
  node_modules/@carbon/layout/scss/_spacing.scss 8:1                                             @forward
  node_modules/@carbon/styles/scss/_spacing.scss 8:1                                             @use
  node_modules/@carbon/styles/scss/components/data-table/skeleton/_data-table-skeleton.scss 9:1  @forward
  node_modules/@carbon/styles/scss/components/data-table/skeleton/_index.scss 8:1                @forward
  packages/carbon-components/scss/components/data-table/skeleton/_index.scss 9:1                 @use
  stdin 2:1                                                                                      root stylesheet]
    at expect (/Users/chrisvelgersdyk/Desktop/carbon-coverall/carbon-coverall-poc/node_modules/expect/build/index.js:128:15)
    at Object.expect (/Users/chrisvelgersdyk/Desktop/carbon-coverall/carbon-coverall-poc/packages/carbon-components/__tests__/scss-test.js:24:13)
    at Promise.then.completed (/Users/chrisvelgersdyk/Desktop/carbon-coverall/carbon-coverall-poc/node_modules/jest-circus/build/utils.js:333:28)
    at new Promise (&lt;anonymous&gt;)
    at callAsyncCircusFn (/Users/chrisvelgersdyk/Desktop/carbon-coverall/carbon-coverall-poc/node_modules/jest-circus/build/utils.js:259:10)
    at _callCircusTest (/Users/chrisvelgersdyk/Desktop/carbon-coverall/carbon-coverall-poc/node_modules/jest-circus/build/run.js:276:40)
    at processTicksAndRejections (node:internal/process/task_queues:95:5)
    at _runTest (/Users/chrisvelgersdyk/Desktop/carbon-coverall/carbon-coverall-poc/node_modules/jest-circus/build/run.js:208:3)
    at _runTestsForDescribeBlock (/Users/chrisvelgersdyk/Desktop/carbon-coverall/carbon-coverall-poc/node_modules/jest-circus/build/run.js:96:9)
    at _runTestsForDescribeBlock (/Users/chrisvelgersdyk/Desktop/carbon-coverall/carbon-coverall-poc/node_modules/jest-circus/build/run.js:90:9)</failure>
    </testcase>
    <testcase classname="@carbon/react/scss scss/components/data-table/sort/data-table-sort should be importable" name="@carbon/react/scss scss/components/data-table/sort/data-table-sort should be importable" time="0.008">
      <failure>Error: expect(received).resolves.toBeDefined()

Received promise rejected instead of resolved
Rejected to value: [Error: Can&apos;t find stylesheet to import.
  ╷
8 │ @forward &apos;generated/themes&apos;;
  │ ^^^^^^^^^^^^^^^^^^^^^^^^^^^
  ╵
  node_modules/@carbon/themes/scss/compat/_themes.scss 8:1                               @use
  node_modules/@carbon/styles/scss/compat/_themes.scss 9:1                               @use
  node_modules/@carbon/styles/scss/theme/_theme.scss 12:1                                @forward
  node_modules/@carbon/styles/scss/_theme.scss 8:1                                       @use
  node_modules/@carbon/styles/scss/components/data-table/_vars.scss 8:1                  @use
  node_modules/@carbon/styles/scss/components/data-table/sort/_data-table-sort.scss 7:1  @forward
  packages/carbon-components/scss/components/data-table/sort/_data-table-sort.scss 9:1   @use
  stdin 2:1                                                                              root stylesheet]
    at expect (/Users/chrisvelgersdyk/Desktop/carbon-coverall/carbon-coverall-poc/node_modules/expect/build/index.js:128:15)
    at Object.expect (/Users/chrisvelgersdyk/Desktop/carbon-coverall/carbon-coverall-poc/packages/carbon-components/__tests__/scss-test.js:24:13)
    at Promise.then.completed (/Users/chrisvelgersdyk/Desktop/carbon-coverall/carbon-coverall-poc/node_modules/jest-circus/build/utils.js:333:28)
    at new Promise (&lt;anonymous&gt;)
    at callAsyncCircusFn (/Users/chrisvelgersdyk/Desktop/carbon-coverall/carbon-coverall-poc/node_modules/jest-circus/build/utils.js:259:10)
    at _callCircusTest (/Users/chrisvelgersdyk/Desktop/carbon-coverall/carbon-coverall-poc/node_modules/jest-circus/build/run.js:276:40)
    at processTicksAndRejections (node:internal/process/task_queues:95:5)
    at _runTest (/Users/chrisvelgersdyk/Desktop/carbon-coverall/carbon-coverall-poc/node_modules/jest-circus/build/run.js:208:3)
    at _runTestsForDescribeBlock (/Users/chrisvelgersdyk/Desktop/carbon-coverall/carbon-coverall-poc/node_modules/jest-circus/build/run.js:96:9)
    at _runTestsForDescribeBlock (/Users/chrisvelgersdyk/Desktop/carbon-coverall/carbon-coverall-poc/node_modules/jest-circus/build/run.js:90:9)</failure>
    </testcase>
    <testcase classname="@carbon/react/scss scss/components/data-table/sort should be importable" name="@carbon/react/scss scss/components/data-table/sort should be importable" time="0.007">
      <failure>Error: expect(received).resolves.toBeDefined()

Received promise rejected instead of resolved
Rejected to value: [Error: Can&apos;t find stylesheet to import.
  ╷
8 │ @forward &apos;generated/themes&apos;;
  │ ^^^^^^^^^^^^^^^^^^^^^^^^^^^
  ╵
  node_modules/@carbon/themes/scss/compat/_themes.scss 8:1                               @use
  node_modules/@carbon/styles/scss/compat/_themes.scss 9:1                               @use
  node_modules/@carbon/styles/scss/theme/_theme.scss 12:1                                @forward
  node_modules/@carbon/styles/scss/_theme.scss 8:1                                       @use
  node_modules/@carbon/styles/scss/components/data-table/_vars.scss 8:1                  @use
  node_modules/@carbon/styles/scss/components/data-table/sort/_data-table-sort.scss 7:1  @forward
  node_modules/@carbon/styles/scss/components/data-table/sort/_index.scss 8:1            @forward
  packages/carbon-components/scss/components/data-table/sort/_index.scss 9:1             @use
  stdin 2:1                                                                              root stylesheet]
    at expect (/Users/chrisvelgersdyk/Desktop/carbon-coverall/carbon-coverall-poc/node_modules/expect/build/index.js:128:15)
    at Object.expect (/Users/chrisvelgersdyk/Desktop/carbon-coverall/carbon-coverall-poc/packages/carbon-components/__tests__/scss-test.js:24:13)
    at Promise.then.completed (/Users/chrisvelgersdyk/Desktop/carbon-coverall/carbon-coverall-poc/node_modules/jest-circus/build/utils.js:333:28)
    at new Promise (&lt;anonymous&gt;)
    at callAsyncCircusFn (/Users/chrisvelgersdyk/Desktop/carbon-coverall/carbon-coverall-poc/node_modules/jest-circus/build/utils.js:259:10)
    at _callCircusTest (/Users/chrisvelgersdyk/Desktop/carbon-coverall/carbon-coverall-poc/node_modules/jest-circus/build/run.js:276:40)
    at processTicksAndRejections (node:internal/process/task_queues:95:5)
    at _runTest (/Users/chrisvelgersdyk/Desktop/carbon-coverall/carbon-coverall-poc/node_modules/jest-circus/build/run.js:208:3)
    at _runTestsForDescribeBlock (/Users/chrisvelgersdyk/Desktop/carbon-coverall/carbon-coverall-poc/node_modules/jest-circus/build/run.js:96:9)
    at _runTestsForDescribeBlock (/Users/chrisvelgersdyk/Desktop/carbon-coverall/carbon-coverall-poc/node_modules/jest-circus/build/run.js:90:9)</failure>
    </testcase>
    <testcase classname="@carbon/react/scss scss/components/date-picker/date-picker should be importable" name="@carbon/react/scss scss/components/date-picker/date-picker should be importable" time="0.012">
      <failure>Error: expect(received).resolves.toBeDefined()

Received promise rejected instead of resolved
Rejected to value: [Error: Can&apos;t find stylesheet to import.
  ╷
8 │ @forward &apos;generated/themes&apos;;
  │ ^^^^^^^^^^^^^^^^^^^^^^^^^^^
  ╵
  node_modules/@carbon/themes/scss/compat/_themes.scss 8:1                       @use
  node_modules/@carbon/styles/scss/compat/_themes.scss 9:1                       @use
  node_modules/@carbon/styles/scss/theme/_theme.scss 12:1                        @forward
  node_modules/@carbon/styles/scss/_theme.scss 8:1                               @use
  node_modules/@carbon/styles/scss/components/date-picker/_flatpickr.scss 9:1    @use
  node_modules/@carbon/styles/scss/components/date-picker/_date-picker.scss 8:1  @forward
  packages/carbon-components/scss/components/date-picker/_date-picker.scss 9:1   @use
  stdin 2:1                                                                      root stylesheet]
    at expect (/Users/chrisvelgersdyk/Desktop/carbon-coverall/carbon-coverall-poc/node_modules/expect/build/index.js:128:15)
    at Object.expect (/Users/chrisvelgersdyk/Desktop/carbon-coverall/carbon-coverall-poc/packages/carbon-components/__tests__/scss-test.js:24:13)
    at Promise.then.completed (/Users/chrisvelgersdyk/Desktop/carbon-coverall/carbon-coverall-poc/node_modules/jest-circus/build/utils.js:333:28)
    at new Promise (&lt;anonymous&gt;)
    at callAsyncCircusFn (/Users/chrisvelgersdyk/Desktop/carbon-coverall/carbon-coverall-poc/node_modules/jest-circus/build/utils.js:259:10)
    at _callCircusTest (/Users/chrisvelgersdyk/Desktop/carbon-coverall/carbon-coverall-poc/node_modules/jest-circus/build/run.js:276:40)
    at processTicksAndRejections (node:internal/process/task_queues:95:5)
    at _runTest (/Users/chrisvelgersdyk/Desktop/carbon-coverall/carbon-coverall-poc/node_modules/jest-circus/build/run.js:208:3)
    at _runTestsForDescribeBlock (/Users/chrisvelgersdyk/Desktop/carbon-coverall/carbon-coverall-poc/node_modules/jest-circus/build/run.js:96:9)
    at _runTestsForDescribeBlock (/Users/chrisvelgersdyk/Desktop/carbon-coverall/carbon-coverall-poc/node_modules/jest-circus/build/run.js:90:9)</failure>
    </testcase>
    <testcase classname="@carbon/react/scss scss/components/date-picker should be importable" name="@carbon/react/scss scss/components/date-picker should be importable" time="0.02">
      <failure>Error: expect(received).resolves.toBeDefined()

Received promise rejected instead of resolved
Rejected to value: [Error: Can&apos;t find stylesheet to import.
  ╷
8 │ @forward &apos;generated/themes&apos;;
  │ ^^^^^^^^^^^^^^^^^^^^^^^^^^^
  ╵
  node_modules/@carbon/themes/scss/compat/_themes.scss 8:1                       @use
  node_modules/@carbon/styles/scss/compat/_themes.scss 9:1                       @use
  node_modules/@carbon/styles/scss/theme/_theme.scss 12:1                        @forward
  node_modules/@carbon/styles/scss/_theme.scss 8:1                               @use
  node_modules/@carbon/styles/scss/components/date-picker/_flatpickr.scss 9:1    @use
  node_modules/@carbon/styles/scss/components/date-picker/_date-picker.scss 8:1  @forward
  node_modules/@carbon/styles/scss/components/date-picker/_index.scss 8:1        @forward
  packages/carbon-components/scss/components/date-picker/_index.scss 9:1         @use
  stdin 2:1                                                                      root stylesheet]
    at expect (/Users/chrisvelgersdyk/Desktop/carbon-coverall/carbon-coverall-poc/node_modules/expect/build/index.js:128:15)
    at Object.expect (/Users/chrisvelgersdyk/Desktop/carbon-coverall/carbon-coverall-poc/packages/carbon-components/__tests__/scss-test.js:24:13)
    at Promise.then.completed (/Users/chrisvelgersdyk/Desktop/carbon-coverall/carbon-coverall-poc/node_modules/jest-circus/build/utils.js:333:28)
    at new Promise (&lt;anonymous&gt;)
    at callAsyncCircusFn (/Users/chrisvelgersdyk/Desktop/carbon-coverall/carbon-coverall-poc/node_modules/jest-circus/build/utils.js:259:10)
    at _callCircusTest (/Users/chrisvelgersdyk/Desktop/carbon-coverall/carbon-coverall-poc/node_modules/jest-circus/build/run.js:276:40)
    at processTicksAndRejections (node:internal/process/task_queues:95:5)
    at _runTest (/Users/chrisvelgersdyk/Desktop/carbon-coverall/carbon-coverall-poc/node_modules/jest-circus/build/run.js:208:3)
    at _runTestsForDescribeBlock (/Users/chrisvelgersdyk/Desktop/carbon-coverall/carbon-coverall-poc/node_modules/jest-circus/build/run.js:96:9)
    at _runTestsForDescribeBlock (/Users/chrisvelgersdyk/Desktop/carbon-coverall/carbon-coverall-poc/node_modules/jest-circus/build/run.js:90:9)</failure>
    </testcase>
    <testcase classname="@carbon/react/scss scss/components/dropdown/dropdown should be importable" name="@carbon/react/scss scss/components/dropdown/dropdown should be importable" time="0.036">
      <failure>Error: expect(received).resolves.toBeDefined()

Received promise rejected instead of resolved
Rejected to value: [Error: Can&apos;t find stylesheet to import.
  ╷
8 │ @forward &apos;generated/themes&apos;;
  │ ^^^^^^^^^^^^^^^^^^^^^^^^^^^
  ╵
  node_modules/@carbon/themes/scss/_themes.scss 8:1                        @forward
  node_modules/@carbon/styles/scss/_themes.scss 9:1                        @use
  node_modules/@carbon/styles/scss/components/button/_tokens.scss 10:1     @use
  node_modules/@carbon/styles/scss/components/list-box/_list-box.scss 8:1  @forward
  node_modules/@carbon/styles/scss/components/list-box/_index.scss 8:1     @use
  node_modules/@carbon/styles/scss/components/dropdown/_dropdown.scss 8:1  @forward
  packages/carbon-components/scss/components/dropdown/_dropdown.scss 9:1   @use
  stdin 2:1                                                                root stylesheet]
    at expect (/Users/chrisvelgersdyk/Desktop/carbon-coverall/carbon-coverall-poc/node_modules/expect/build/index.js:128:15)
    at Object.expect (/Users/chrisvelgersdyk/Desktop/carbon-coverall/carbon-coverall-poc/packages/carbon-components/__tests__/scss-test.js:24:13)
    at Promise.then.completed (/Users/chrisvelgersdyk/Desktop/carbon-coverall/carbon-coverall-poc/node_modules/jest-circus/build/utils.js:333:28)
    at new Promise (&lt;anonymous&gt;)
    at callAsyncCircusFn (/Users/chrisvelgersdyk/Desktop/carbon-coverall/carbon-coverall-poc/node_modules/jest-circus/build/utils.js:259:10)
    at _callCircusTest (/Users/chrisvelgersdyk/Desktop/carbon-coverall/carbon-coverall-poc/node_modules/jest-circus/build/run.js:276:40)
    at processTicksAndRejections (node:internal/process/task_queues:95:5)
    at _runTest (/Users/chrisvelgersdyk/Desktop/carbon-coverall/carbon-coverall-poc/node_modules/jest-circus/build/run.js:208:3)
    at _runTestsForDescribeBlock (/Users/chrisvelgersdyk/Desktop/carbon-coverall/carbon-coverall-poc/node_modules/jest-circus/build/run.js:96:9)
    at _runTestsForDescribeBlock (/Users/chrisvelgersdyk/Desktop/carbon-coverall/carbon-coverall-poc/node_modules/jest-circus/build/run.js:90:9)</failure>
    </testcase>
    <testcase classname="@carbon/react/scss scss/components/dropdown should be importable" name="@carbon/react/scss scss/components/dropdown should be importable" time="0.025">
      <failure>Error: expect(received).resolves.toBeDefined()

Received promise rejected instead of resolved
Rejected to value: [Error: Can&apos;t find stylesheet to import.
  ╷
8 │ @forward &apos;generated/themes&apos;;
  │ ^^^^^^^^^^^^^^^^^^^^^^^^^^^
  ╵
  node_modules/@carbon/themes/scss/_themes.scss 8:1                        @forward
  node_modules/@carbon/styles/scss/_themes.scss 9:1                        @use
  node_modules/@carbon/styles/scss/components/button/_tokens.scss 10:1     @use
  node_modules/@carbon/styles/scss/components/list-box/_list-box.scss 8:1  @forward
  node_modules/@carbon/styles/scss/components/list-box/_index.scss 8:1     @use
  node_modules/@carbon/styles/scss/components/dropdown/_dropdown.scss 8:1  @forward
  node_modules/@carbon/styles/scss/components/dropdown/_index.scss 8:1     @forward
  packages/carbon-components/scss/components/dropdown/_index.scss 9:1      @use
  stdin 2:1                                                                root stylesheet]
    at expect (/Users/chrisvelgersdyk/Desktop/carbon-coverall/carbon-coverall-poc/node_modules/expect/build/index.js:128:15)
    at Object.expect (/Users/chrisvelgersdyk/Desktop/carbon-coverall/carbon-coverall-poc/packages/carbon-components/__tests__/scss-test.js:24:13)
    at Promise.then.completed (/Users/chrisvelgersdyk/Desktop/carbon-coverall/carbon-coverall-poc/node_modules/jest-circus/build/utils.js:333:28)
    at new Promise (&lt;anonymous&gt;)
    at callAsyncCircusFn (/Users/chrisvelgersdyk/Desktop/carbon-coverall/carbon-coverall-poc/node_modules/jest-circus/build/utils.js:259:10)
    at _callCircusTest (/Users/chrisvelgersdyk/Desktop/carbon-coverall/carbon-coverall-poc/node_modules/jest-circus/build/run.js:276:40)
    at processTicksAndRejections (node:internal/process/task_queues:95:5)
    at _runTest (/Users/chrisvelgersdyk/Desktop/carbon-coverall/carbon-coverall-poc/node_modules/jest-circus/build/run.js:208:3)
    at _runTestsForDescribeBlock (/Users/chrisvelgersdyk/Desktop/carbon-coverall/carbon-coverall-poc/node_modules/jest-circus/build/run.js:96:9)
    at _runTestsForDescribeBlock (/Users/chrisvelgersdyk/Desktop/carbon-coverall/carbon-coverall-poc/node_modules/jest-circus/build/run.js:90:9)</failure>
    </testcase>
    <testcase classname="@carbon/react/scss scss/components/file-uploader/file-uploader should be importable" name="@carbon/react/scss scss/components/file-uploader/file-uploader should be importable" time="0.019">
      <failure>Error: expect(received).resolves.toBeDefined()

Received promise rejected instead of resolved
Rejected to value: [Error: Can&apos;t find stylesheet to import.
  ╷
8 │ @forward &apos;./generated/fluid-spacing&apos;;
  │ ^^^^^^^^^^^^^^^^^^^^^^^^^^^^^^^^^^^^
  ╵
  node_modules/@carbon/layout/scss/_spacing.scss 8:1                                  @forward
  node_modules/@carbon/styles/scss/_spacing.scss 8:1                                  @use
  node_modules/@carbon/styles/scss/components/file-uploader/_file-uploader.scss 11:1  @forward
  packages/carbon-components/scss/components/file-uploader/_file-uploader.scss 9:1    @use
  stdin 2:1                                                                           root stylesheet]
    at expect (/Users/chrisvelgersdyk/Desktop/carbon-coverall/carbon-coverall-poc/node_modules/expect/build/index.js:128:15)
    at Object.expect (/Users/chrisvelgersdyk/Desktop/carbon-coverall/carbon-coverall-poc/packages/carbon-components/__tests__/scss-test.js:24:13)
    at Promise.then.completed (/Users/chrisvelgersdyk/Desktop/carbon-coverall/carbon-coverall-poc/node_modules/jest-circus/build/utils.js:333:28)
    at new Promise (&lt;anonymous&gt;)
    at callAsyncCircusFn (/Users/chrisvelgersdyk/Desktop/carbon-coverall/carbon-coverall-poc/node_modules/jest-circus/build/utils.js:259:10)
    at _callCircusTest (/Users/chrisvelgersdyk/Desktop/carbon-coverall/carbon-coverall-poc/node_modules/jest-circus/build/run.js:276:40)
    at processTicksAndRejections (node:internal/process/task_queues:95:5)
    at _runTest (/Users/chrisvelgersdyk/Desktop/carbon-coverall/carbon-coverall-poc/node_modules/jest-circus/build/run.js:208:3)
    at _runTestsForDescribeBlock (/Users/chrisvelgersdyk/Desktop/carbon-coverall/carbon-coverall-poc/node_modules/jest-circus/build/run.js:96:9)
    at _runTestsForDescribeBlock (/Users/chrisvelgersdyk/Desktop/carbon-coverall/carbon-coverall-poc/node_modules/jest-circus/build/run.js:90:9)</failure>
    </testcase>
    <testcase classname="@carbon/react/scss scss/components/file-uploader should be importable" name="@carbon/react/scss scss/components/file-uploader should be importable" time="0.01">
      <failure>Error: expect(received).resolves.toBeDefined()

Received promise rejected instead of resolved
Rejected to value: [Error: Can&apos;t find stylesheet to import.
  ╷
8 │ @forward &apos;./generated/fluid-spacing&apos;;
  │ ^^^^^^^^^^^^^^^^^^^^^^^^^^^^^^^^^^^^
  ╵
  node_modules/@carbon/layout/scss/_spacing.scss 8:1                                  @forward
  node_modules/@carbon/styles/scss/_spacing.scss 8:1                                  @use
  node_modules/@carbon/styles/scss/components/file-uploader/_file-uploader.scss 11:1  @forward
  node_modules/@carbon/styles/scss/components/file-uploader/_index.scss 8:1           @forward
  packages/carbon-components/scss/components/file-uploader/_index.scss 9:1            @use
  stdin 2:1                                                                           root stylesheet]
    at expect (/Users/chrisvelgersdyk/Desktop/carbon-coverall/carbon-coverall-poc/node_modules/expect/build/index.js:128:15)
    at Object.expect (/Users/chrisvelgersdyk/Desktop/carbon-coverall/carbon-coverall-poc/packages/carbon-components/__tests__/scss-test.js:24:13)
    at Promise.then.completed (/Users/chrisvelgersdyk/Desktop/carbon-coverall/carbon-coverall-poc/node_modules/jest-circus/build/utils.js:333:28)
    at new Promise (&lt;anonymous&gt;)
    at callAsyncCircusFn (/Users/chrisvelgersdyk/Desktop/carbon-coverall/carbon-coverall-poc/node_modules/jest-circus/build/utils.js:259:10)
    at _callCircusTest (/Users/chrisvelgersdyk/Desktop/carbon-coverall/carbon-coverall-poc/node_modules/jest-circus/build/run.js:276:40)
    at processTicksAndRejections (node:internal/process/task_queues:95:5)
    at _runTest (/Users/chrisvelgersdyk/Desktop/carbon-coverall/carbon-coverall-poc/node_modules/jest-circus/build/run.js:208:3)
    at _runTestsForDescribeBlock (/Users/chrisvelgersdyk/Desktop/carbon-coverall/carbon-coverall-poc/node_modules/jest-circus/build/run.js:96:9)
    at _runTestsForDescribeBlock (/Users/chrisvelgersdyk/Desktop/carbon-coverall/carbon-coverall-poc/node_modules/jest-circus/build/run.js:90:9)</failure>
    </testcase>
    <testcase classname="@carbon/react/scss scss/components/form/form should be importable" name="@carbon/react/scss scss/components/form/form should be importable" time="0.005">
      <failure>Error: expect(received).resolves.toBeDefined()

Received promise rejected instead of resolved
Rejected to value: [Error: Can&apos;t find stylesheet to import.
  ╷
8 │ @forward &apos;./generated/fluid-spacing&apos;;
  │ ^^^^^^^^^^^^^^^^^^^^^^^^^^^^^^^^^^^^
  ╵
  node_modules/@carbon/layout/scss/_spacing.scss 8:1               @forward
  node_modules/@carbon/styles/scss/_spacing.scss 8:1               @use
  node_modules/@carbon/styles/scss/components/form/_form.scss 9:1  @forward
  packages/carbon-components/scss/components/form/_form.scss 9:1   @use
  stdin 2:1                                                        root stylesheet]
    at expect (/Users/chrisvelgersdyk/Desktop/carbon-coverall/carbon-coverall-poc/node_modules/expect/build/index.js:128:15)
    at Object.expect (/Users/chrisvelgersdyk/Desktop/carbon-coverall/carbon-coverall-poc/packages/carbon-components/__tests__/scss-test.js:24:13)
    at Promise.then.completed (/Users/chrisvelgersdyk/Desktop/carbon-coverall/carbon-coverall-poc/node_modules/jest-circus/build/utils.js:333:28)
    at new Promise (&lt;anonymous&gt;)
    at callAsyncCircusFn (/Users/chrisvelgersdyk/Desktop/carbon-coverall/carbon-coverall-poc/node_modules/jest-circus/build/utils.js:259:10)
    at _callCircusTest (/Users/chrisvelgersdyk/Desktop/carbon-coverall/carbon-coverall-poc/node_modules/jest-circus/build/run.js:276:40)
    at processTicksAndRejections (node:internal/process/task_queues:95:5)
    at _runTest (/Users/chrisvelgersdyk/Desktop/carbon-coverall/carbon-coverall-poc/node_modules/jest-circus/build/run.js:208:3)
    at _runTestsForDescribeBlock (/Users/chrisvelgersdyk/Desktop/carbon-coverall/carbon-coverall-poc/node_modules/jest-circus/build/run.js:96:9)
    at _runTestsForDescribeBlock (/Users/chrisvelgersdyk/Desktop/carbon-coverall/carbon-coverall-poc/node_modules/jest-circus/build/run.js:90:9)</failure>
    </testcase>
    <testcase classname="@carbon/react/scss scss/components/form should be importable" name="@carbon/react/scss scss/components/form should be importable" time="0.007">
      <failure>Error: expect(received).resolves.toBeDefined()

Received promise rejected instead of resolved
Rejected to value: [Error: Can&apos;t find stylesheet to import.
  ╷
8 │ @forward &apos;./generated/fluid-spacing&apos;;
  │ ^^^^^^^^^^^^^^^^^^^^^^^^^^^^^^^^^^^^
  ╵
  node_modules/@carbon/layout/scss/_spacing.scss 8:1                @forward
  node_modules/@carbon/styles/scss/_spacing.scss 8:1                @use
  node_modules/@carbon/styles/scss/components/form/_form.scss 9:1   @forward
  node_modules/@carbon/styles/scss/components/form/_index.scss 8:1  @forward
  packages/carbon-components/scss/components/form/_index.scss 9:1   @use
  stdin 2:1                                                         root stylesheet]
    at expect (/Users/chrisvelgersdyk/Desktop/carbon-coverall/carbon-coverall-poc/node_modules/expect/build/index.js:128:15)
    at Object.expect (/Users/chrisvelgersdyk/Desktop/carbon-coverall/carbon-coverall-poc/packages/carbon-components/__tests__/scss-test.js:24:13)
    at Promise.then.completed (/Users/chrisvelgersdyk/Desktop/carbon-coverall/carbon-coverall-poc/node_modules/jest-circus/build/utils.js:333:28)
    at new Promise (&lt;anonymous&gt;)
    at callAsyncCircusFn (/Users/chrisvelgersdyk/Desktop/carbon-coverall/carbon-coverall-poc/node_modules/jest-circus/build/utils.js:259:10)
    at _callCircusTest (/Users/chrisvelgersdyk/Desktop/carbon-coverall/carbon-coverall-poc/node_modules/jest-circus/build/run.js:276:40)
    at processTicksAndRejections (node:internal/process/task_queues:95:5)
    at _runTest (/Users/chrisvelgersdyk/Desktop/carbon-coverall/carbon-coverall-poc/node_modules/jest-circus/build/run.js:208:3)
    at _runTestsForDescribeBlock (/Users/chrisvelgersdyk/Desktop/carbon-coverall/carbon-coverall-poc/node_modules/jest-circus/build/run.js:96:9)
    at _runTestsForDescribeBlock (/Users/chrisvelgersdyk/Desktop/carbon-coverall/carbon-coverall-poc/node_modules/jest-circus/build/run.js:90:9)</failure>
    </testcase>
    <testcase classname="@carbon/react/scss scss/components/fluid-combo-box/fluid-combo-box should be importable" name="@carbon/react/scss scss/components/fluid-combo-box/fluid-combo-box should be importable" time="0.009">
      <failure>Error: expect(received).resolves.toBeDefined()

Received promise rejected instead of resolved
Rejected to value: [Error: Can&apos;t find stylesheet to import.
  ╷
8 │ @forward &apos;./generated/fluid-spacing&apos;;
  │ ^^^^^^^^^^^^^^^^^^^^^^^^^^^^^^^^^^^^
  ╵
  node_modules/@carbon/layout/scss/_spacing.scss 8:1                                      @forward
  node_modules/@carbon/styles/scss/_spacing.scss 8:1                                      @use
  node_modules/@carbon/styles/scss/components/fluid-combo-box/_fluid-combo-box.scss 13:1  @forward
  packages/carbon-components/scss/components/fluid-combo-box/_fluid-combo-box.scss 9:1    @use
  stdin 2:1                                                                               root stylesheet]
    at expect (/Users/chrisvelgersdyk/Desktop/carbon-coverall/carbon-coverall-poc/node_modules/expect/build/index.js:128:15)
    at Object.expect (/Users/chrisvelgersdyk/Desktop/carbon-coverall/carbon-coverall-poc/packages/carbon-components/__tests__/scss-test.js:24:13)
    at Promise.then.completed (/Users/chrisvelgersdyk/Desktop/carbon-coverall/carbon-coverall-poc/node_modules/jest-circus/build/utils.js:333:28)
    at new Promise (&lt;anonymous&gt;)
    at callAsyncCircusFn (/Users/chrisvelgersdyk/Desktop/carbon-coverall/carbon-coverall-poc/node_modules/jest-circus/build/utils.js:259:10)
    at _callCircusTest (/Users/chrisvelgersdyk/Desktop/carbon-coverall/carbon-coverall-poc/node_modules/jest-circus/build/run.js:276:40)
    at processTicksAndRejections (node:internal/process/task_queues:95:5)
    at _runTest (/Users/chrisvelgersdyk/Desktop/carbon-coverall/carbon-coverall-poc/node_modules/jest-circus/build/run.js:208:3)
    at _runTestsForDescribeBlock (/Users/chrisvelgersdyk/Desktop/carbon-coverall/carbon-coverall-poc/node_modules/jest-circus/build/run.js:96:9)
    at _runTestsForDescribeBlock (/Users/chrisvelgersdyk/Desktop/carbon-coverall/carbon-coverall-poc/node_modules/jest-circus/build/run.js:90:9)</failure>
    </testcase>
    <testcase classname="@carbon/react/scss scss/components/fluid-combo-box should be importable" name="@carbon/react/scss scss/components/fluid-combo-box should be importable" time="0.01">
      <failure>Error: expect(received).resolves.toBeDefined()

Received promise rejected instead of resolved
Rejected to value: [Error: Can&apos;t find stylesheet to import.
  ╷
8 │ @forward &apos;./generated/fluid-spacing&apos;;
  │ ^^^^^^^^^^^^^^^^^^^^^^^^^^^^^^^^^^^^
  ╵
  node_modules/@carbon/layout/scss/_spacing.scss 8:1                                      @forward
  node_modules/@carbon/styles/scss/_spacing.scss 8:1                                      @use
  node_modules/@carbon/styles/scss/components/fluid-combo-box/_fluid-combo-box.scss 13:1  @forward
  node_modules/@carbon/styles/scss/components/fluid-combo-box/_index.scss 8:1             @forward
  packages/carbon-components/scss/components/fluid-combo-box/_index.scss 9:1              @use
  stdin 2:1                                                                               root stylesheet]
    at expect (/Users/chrisvelgersdyk/Desktop/carbon-coverall/carbon-coverall-poc/node_modules/expect/build/index.js:128:15)
    at Object.expect (/Users/chrisvelgersdyk/Desktop/carbon-coverall/carbon-coverall-poc/packages/carbon-components/__tests__/scss-test.js:24:13)
    at Promise.then.completed (/Users/chrisvelgersdyk/Desktop/carbon-coverall/carbon-coverall-poc/node_modules/jest-circus/build/utils.js:333:28)
    at new Promise (&lt;anonymous&gt;)
    at callAsyncCircusFn (/Users/chrisvelgersdyk/Desktop/carbon-coverall/carbon-coverall-poc/node_modules/jest-circus/build/utils.js:259:10)
    at _callCircusTest (/Users/chrisvelgersdyk/Desktop/carbon-coverall/carbon-coverall-poc/node_modules/jest-circus/build/run.js:276:40)
    at processTicksAndRejections (node:internal/process/task_queues:95:5)
    at _runTest (/Users/chrisvelgersdyk/Desktop/carbon-coverall/carbon-coverall-poc/node_modules/jest-circus/build/run.js:208:3)
    at _runTestsForDescribeBlock (/Users/chrisvelgersdyk/Desktop/carbon-coverall/carbon-coverall-poc/node_modules/jest-circus/build/run.js:96:9)
    at _runTestsForDescribeBlock (/Users/chrisvelgersdyk/Desktop/carbon-coverall/carbon-coverall-poc/node_modules/jest-circus/build/run.js:90:9)</failure>
    </testcase>
    <testcase classname="@carbon/react/scss scss/components/fluid-date-picker/fluid-date-picker should be importable" name="@carbon/react/scss scss/components/fluid-date-picker/fluid-date-picker should be importable" time="0.029">
      <failure>Error: expect(received).resolves.toBeDefined()

Received promise rejected instead of resolved
Rejected to value: [Error: Can&apos;t find stylesheet to import.
  ╷
8 │ @forward &apos;./generated/fluid-spacing&apos;;
  │ ^^^^^^^^^^^^^^^^^^^^^^^^^^^^^^^^^^^^
  ╵
  node_modules/@carbon/layout/scss/_spacing.scss 8:1                                          @forward
  node_modules/@carbon/styles/scss/_spacing.scss 8:1                                          @use
  node_modules/@carbon/styles/scss/components/fluid-date-picker/_fluid-date-picker.scss 13:1  @forward
  packages/carbon-components/scss/components/fluid-date-picker/_fluid-date-picker.scss 9:1    @use
  stdin 2:1                                                                                   root stylesheet]
    at expect (/Users/chrisvelgersdyk/Desktop/carbon-coverall/carbon-coverall-poc/node_modules/expect/build/index.js:128:15)
    at Object.expect (/Users/chrisvelgersdyk/Desktop/carbon-coverall/carbon-coverall-poc/packages/carbon-components/__tests__/scss-test.js:24:13)
    at Promise.then.completed (/Users/chrisvelgersdyk/Desktop/carbon-coverall/carbon-coverall-poc/node_modules/jest-circus/build/utils.js:333:28)
    at new Promise (&lt;anonymous&gt;)
    at callAsyncCircusFn (/Users/chrisvelgersdyk/Desktop/carbon-coverall/carbon-coverall-poc/node_modules/jest-circus/build/utils.js:259:10)
    at _callCircusTest (/Users/chrisvelgersdyk/Desktop/carbon-coverall/carbon-coverall-poc/node_modules/jest-circus/build/run.js:276:40)
    at processTicksAndRejections (node:internal/process/task_queues:95:5)
    at _runTest (/Users/chrisvelgersdyk/Desktop/carbon-coverall/carbon-coverall-poc/node_modules/jest-circus/build/run.js:208:3)
    at _runTestsForDescribeBlock (/Users/chrisvelgersdyk/Desktop/carbon-coverall/carbon-coverall-poc/node_modules/jest-circus/build/run.js:96:9)
    at _runTestsForDescribeBlock (/Users/chrisvelgersdyk/Desktop/carbon-coverall/carbon-coverall-poc/node_modules/jest-circus/build/run.js:90:9)</failure>
    </testcase>
    <testcase classname="@carbon/react/scss scss/components/fluid-date-picker should be importable" name="@carbon/react/scss scss/components/fluid-date-picker should be importable" time="0.01">
      <failure>Error: expect(received).resolves.toBeDefined()

Received promise rejected instead of resolved
Rejected to value: [Error: Can&apos;t find stylesheet to import.
  ╷
8 │ @forward &apos;./generated/fluid-spacing&apos;;
  │ ^^^^^^^^^^^^^^^^^^^^^^^^^^^^^^^^^^^^
  ╵
  node_modules/@carbon/layout/scss/_spacing.scss 8:1                                          @forward
  node_modules/@carbon/styles/scss/_spacing.scss 8:1                                          @use
  node_modules/@carbon/styles/scss/components/fluid-date-picker/_fluid-date-picker.scss 13:1  @forward
  node_modules/@carbon/styles/scss/components/fluid-date-picker/_index.scss 8:1               @forward
  packages/carbon-components/scss/components/fluid-date-picker/_index.scss 9:1                @use
  stdin 2:1                                                                                   root stylesheet]
    at expect (/Users/chrisvelgersdyk/Desktop/carbon-coverall/carbon-coverall-poc/node_modules/expect/build/index.js:128:15)
    at Object.expect (/Users/chrisvelgersdyk/Desktop/carbon-coverall/carbon-coverall-poc/packages/carbon-components/__tests__/scss-test.js:24:13)
    at Promise.then.completed (/Users/chrisvelgersdyk/Desktop/carbon-coverall/carbon-coverall-poc/node_modules/jest-circus/build/utils.js:333:28)
    at new Promise (&lt;anonymous&gt;)
    at callAsyncCircusFn (/Users/chrisvelgersdyk/Desktop/carbon-coverall/carbon-coverall-poc/node_modules/jest-circus/build/utils.js:259:10)
    at _callCircusTest (/Users/chrisvelgersdyk/Desktop/carbon-coverall/carbon-coverall-poc/node_modules/jest-circus/build/run.js:276:40)
    at processTicksAndRejections (node:internal/process/task_queues:95:5)
    at _runTest (/Users/chrisvelgersdyk/Desktop/carbon-coverall/carbon-coverall-poc/node_modules/jest-circus/build/run.js:208:3)
    at _runTestsForDescribeBlock (/Users/chrisvelgersdyk/Desktop/carbon-coverall/carbon-coverall-poc/node_modules/jest-circus/build/run.js:96:9)
    at _runTestsForDescribeBlock (/Users/chrisvelgersdyk/Desktop/carbon-coverall/carbon-coverall-poc/node_modules/jest-circus/build/run.js:90:9)</failure>
    </testcase>
    <testcase classname="@carbon/react/scss scss/components/fluid-dropdown/fluid-dropdown should be importable" name="@carbon/react/scss scss/components/fluid-dropdown/fluid-dropdown should be importable" time="0.025">
      <failure>Error: expect(received).resolves.toBeDefined()

Received promise rejected instead of resolved
Rejected to value: [Error: Can&apos;t find stylesheet to import.
  ╷
8 │ @forward &apos;./generated/fluid-spacing&apos;;
  │ ^^^^^^^^^^^^^^^^^^^^^^^^^^^^^^^^^^^^
  ╵
  node_modules/@carbon/layout/scss/_spacing.scss 8:1                                    @forward
  node_modules/@carbon/styles/scss/_spacing.scss 8:1                                    @use
  node_modules/@carbon/styles/scss/components/fluid-dropdown/_fluid-dropdown.scss 13:1  @forward
  packages/carbon-components/scss/components/fluid-dropdown/_fluid-dropdown.scss 9:1    @use
  stdin 2:1                                                                             root stylesheet]
    at expect (/Users/chrisvelgersdyk/Desktop/carbon-coverall/carbon-coverall-poc/node_modules/expect/build/index.js:128:15)
    at Object.expect (/Users/chrisvelgersdyk/Desktop/carbon-coverall/carbon-coverall-poc/packages/carbon-components/__tests__/scss-test.js:24:13)
    at Promise.then.completed (/Users/chrisvelgersdyk/Desktop/carbon-coverall/carbon-coverall-poc/node_modules/jest-circus/build/utils.js:333:28)
    at new Promise (&lt;anonymous&gt;)
    at callAsyncCircusFn (/Users/chrisvelgersdyk/Desktop/carbon-coverall/carbon-coverall-poc/node_modules/jest-circus/build/utils.js:259:10)
    at _callCircusTest (/Users/chrisvelgersdyk/Desktop/carbon-coverall/carbon-coverall-poc/node_modules/jest-circus/build/run.js:276:40)
    at processTicksAndRejections (node:internal/process/task_queues:95:5)
    at _runTest (/Users/chrisvelgersdyk/Desktop/carbon-coverall/carbon-coverall-poc/node_modules/jest-circus/build/run.js:208:3)
    at _runTestsForDescribeBlock (/Users/chrisvelgersdyk/Desktop/carbon-coverall/carbon-coverall-poc/node_modules/jest-circus/build/run.js:96:9)
    at _runTestsForDescribeBlock (/Users/chrisvelgersdyk/Desktop/carbon-coverall/carbon-coverall-poc/node_modules/jest-circus/build/run.js:90:9)</failure>
    </testcase>
    <testcase classname="@carbon/react/scss scss/components/fluid-dropdown should be importable" name="@carbon/react/scss scss/components/fluid-dropdown should be importable" time="0.006">
      <failure>Error: expect(received).resolves.toBeDefined()

Received promise rejected instead of resolved
Rejected to value: [Error: Can&apos;t find stylesheet to import.
  ╷
8 │ @forward &apos;./generated/fluid-spacing&apos;;
  │ ^^^^^^^^^^^^^^^^^^^^^^^^^^^^^^^^^^^^
  ╵
  node_modules/@carbon/layout/scss/_spacing.scss 8:1                                    @forward
  node_modules/@carbon/styles/scss/_spacing.scss 8:1                                    @use
  node_modules/@carbon/styles/scss/components/fluid-dropdown/_fluid-dropdown.scss 13:1  @forward
  node_modules/@carbon/styles/scss/components/fluid-dropdown/_index.scss 8:1            @forward
  packages/carbon-components/scss/components/fluid-dropdown/_index.scss 9:1             @use
  stdin 2:1                                                                             root stylesheet]
    at expect (/Users/chrisvelgersdyk/Desktop/carbon-coverall/carbon-coverall-poc/node_modules/expect/build/index.js:128:15)
    at Object.expect (/Users/chrisvelgersdyk/Desktop/carbon-coverall/carbon-coverall-poc/packages/carbon-components/__tests__/scss-test.js:24:13)
    at Promise.then.completed (/Users/chrisvelgersdyk/Desktop/carbon-coverall/carbon-coverall-poc/node_modules/jest-circus/build/utils.js:333:28)
    at new Promise (&lt;anonymous&gt;)
    at callAsyncCircusFn (/Users/chrisvelgersdyk/Desktop/carbon-coverall/carbon-coverall-poc/node_modules/jest-circus/build/utils.js:259:10)
    at _callCircusTest (/Users/chrisvelgersdyk/Desktop/carbon-coverall/carbon-coverall-poc/node_modules/jest-circus/build/run.js:276:40)
    at processTicksAndRejections (node:internal/process/task_queues:95:5)
    at _runTest (/Users/chrisvelgersdyk/Desktop/carbon-coverall/carbon-coverall-poc/node_modules/jest-circus/build/run.js:208:3)
    at _runTestsForDescribeBlock (/Users/chrisvelgersdyk/Desktop/carbon-coverall/carbon-coverall-poc/node_modules/jest-circus/build/run.js:96:9)
    at _runTestsForDescribeBlock (/Users/chrisvelgersdyk/Desktop/carbon-coverall/carbon-coverall-poc/node_modules/jest-circus/build/run.js:90:9)</failure>
    </testcase>
    <testcase classname="@carbon/react/scss scss/components/fluid-list-box/fluid-list-box should be importable" name="@carbon/react/scss scss/components/fluid-list-box/fluid-list-box should be importable" time="0.023">
      <failure>Error: expect(received).resolves.toBeDefined()

Received promise rejected instead of resolved
Rejected to value: [Error: Can&apos;t find stylesheet to import.
  ╷
8 │ @forward &apos;./generated/fluid-spacing&apos;;
  │ ^^^^^^^^^^^^^^^^^^^^^^^^^^^^^^^^^^^^
  ╵
  node_modules/@carbon/layout/scss/_spacing.scss 8:1                                    @forward
  node_modules/@carbon/styles/scss/_spacing.scss 8:1                                    @use
  node_modules/@carbon/styles/scss/components/fluid-list-box/_fluid-list-box.scss 13:1  @forward
  packages/carbon-components/scss/components/fluid-list-box/_fluid-list-box.scss 9:1    @use
  stdin 2:1                                                                             root stylesheet]
    at expect (/Users/chrisvelgersdyk/Desktop/carbon-coverall/carbon-coverall-poc/node_modules/expect/build/index.js:128:15)
    at Object.expect (/Users/chrisvelgersdyk/Desktop/carbon-coverall/carbon-coverall-poc/packages/carbon-components/__tests__/scss-test.js:24:13)
    at Promise.then.completed (/Users/chrisvelgersdyk/Desktop/carbon-coverall/carbon-coverall-poc/node_modules/jest-circus/build/utils.js:333:28)
    at new Promise (&lt;anonymous&gt;)
    at callAsyncCircusFn (/Users/chrisvelgersdyk/Desktop/carbon-coverall/carbon-coverall-poc/node_modules/jest-circus/build/utils.js:259:10)
    at _callCircusTest (/Users/chrisvelgersdyk/Desktop/carbon-coverall/carbon-coverall-poc/node_modules/jest-circus/build/run.js:276:40)
    at processTicksAndRejections (node:internal/process/task_queues:95:5)
    at _runTest (/Users/chrisvelgersdyk/Desktop/carbon-coverall/carbon-coverall-poc/node_modules/jest-circus/build/run.js:208:3)
    at _runTestsForDescribeBlock (/Users/chrisvelgersdyk/Desktop/carbon-coverall/carbon-coverall-poc/node_modules/jest-circus/build/run.js:96:9)
    at _runTestsForDescribeBlock (/Users/chrisvelgersdyk/Desktop/carbon-coverall/carbon-coverall-poc/node_modules/jest-circus/build/run.js:90:9)</failure>
    </testcase>
    <testcase classname="@carbon/react/scss scss/components/fluid-list-box should be importable" name="@carbon/react/scss scss/components/fluid-list-box should be importable" time="0.017">
      <failure>Error: expect(received).resolves.toBeDefined()

Received promise rejected instead of resolved
Rejected to value: [Error: Can&apos;t find stylesheet to import.
  ╷
8 │ @forward &apos;./generated/fluid-spacing&apos;;
  │ ^^^^^^^^^^^^^^^^^^^^^^^^^^^^^^^^^^^^
  ╵
  node_modules/@carbon/layout/scss/_spacing.scss 8:1                                    @forward
  node_modules/@carbon/styles/scss/_spacing.scss 8:1                                    @use
  node_modules/@carbon/styles/scss/components/fluid-list-box/_fluid-list-box.scss 13:1  @forward
  node_modules/@carbon/styles/scss/components/fluid-list-box/_index.scss 8:1            @forward
  packages/carbon-components/scss/components/fluid-list-box/_index.scss 9:1             @use
  stdin 2:1                                                                             root stylesheet]
    at expect (/Users/chrisvelgersdyk/Desktop/carbon-coverall/carbon-coverall-poc/node_modules/expect/build/index.js:128:15)
    at Object.expect (/Users/chrisvelgersdyk/Desktop/carbon-coverall/carbon-coverall-poc/packages/carbon-components/__tests__/scss-test.js:24:13)
    at Promise.then.completed (/Users/chrisvelgersdyk/Desktop/carbon-coverall/carbon-coverall-poc/node_modules/jest-circus/build/utils.js:333:28)
    at new Promise (&lt;anonymous&gt;)
    at callAsyncCircusFn (/Users/chrisvelgersdyk/Desktop/carbon-coverall/carbon-coverall-poc/node_modules/jest-circus/build/utils.js:259:10)
    at _callCircusTest (/Users/chrisvelgersdyk/Desktop/carbon-coverall/carbon-coverall-poc/node_modules/jest-circus/build/run.js:276:40)
    at processTicksAndRejections (node:internal/process/task_queues:95:5)
    at _runTest (/Users/chrisvelgersdyk/Desktop/carbon-coverall/carbon-coverall-poc/node_modules/jest-circus/build/run.js:208:3)
    at _runTestsForDescribeBlock (/Users/chrisvelgersdyk/Desktop/carbon-coverall/carbon-coverall-poc/node_modules/jest-circus/build/run.js:96:9)
    at _runTestsForDescribeBlock (/Users/chrisvelgersdyk/Desktop/carbon-coverall/carbon-coverall-poc/node_modules/jest-circus/build/run.js:90:9)</failure>
    </testcase>
    <testcase classname="@carbon/react/scss scss/components/fluid-multiselect/fluid-multiselect should be importable" name="@carbon/react/scss scss/components/fluid-multiselect/fluid-multiselect should be importable" time="0.007">
      <failure>Error: expect(received).resolves.toBeDefined()

Received promise rejected instead of resolved
Rejected to value: [Error: Can&apos;t find stylesheet to import.
  ╷
8 │ @forward &apos;./generated/fluid-spacing&apos;;
  │ ^^^^^^^^^^^^^^^^^^^^^^^^^^^^^^^^^^^^
  ╵
  node_modules/@carbon/layout/scss/_spacing.scss 8:1                                          @forward
  node_modules/@carbon/styles/scss/_spacing.scss 8:1                                          @use
  node_modules/@carbon/styles/scss/components/fluid-multiselect/_fluid-multiselect.scss 13:1  @forward
  packages/carbon-components/scss/components/fluid-multiselect/_fluid-multiselect.scss 9:1    @use
  stdin 2:1                                                                                   root stylesheet]
    at expect (/Users/chrisvelgersdyk/Desktop/carbon-coverall/carbon-coverall-poc/node_modules/expect/build/index.js:128:15)
    at Object.expect (/Users/chrisvelgersdyk/Desktop/carbon-coverall/carbon-coverall-poc/packages/carbon-components/__tests__/scss-test.js:24:13)
    at Promise.then.completed (/Users/chrisvelgersdyk/Desktop/carbon-coverall/carbon-coverall-poc/node_modules/jest-circus/build/utils.js:333:28)
    at new Promise (&lt;anonymous&gt;)
    at callAsyncCircusFn (/Users/chrisvelgersdyk/Desktop/carbon-coverall/carbon-coverall-poc/node_modules/jest-circus/build/utils.js:259:10)
    at _callCircusTest (/Users/chrisvelgersdyk/Desktop/carbon-coverall/carbon-coverall-poc/node_modules/jest-circus/build/run.js:276:40)
    at processTicksAndRejections (node:internal/process/task_queues:95:5)
    at _runTest (/Users/chrisvelgersdyk/Desktop/carbon-coverall/carbon-coverall-poc/node_modules/jest-circus/build/run.js:208:3)
    at _runTestsForDescribeBlock (/Users/chrisvelgersdyk/Desktop/carbon-coverall/carbon-coverall-poc/node_modules/jest-circus/build/run.js:96:9)
    at _runTestsForDescribeBlock (/Users/chrisvelgersdyk/Desktop/carbon-coverall/carbon-coverall-poc/node_modules/jest-circus/build/run.js:90:9)</failure>
    </testcase>
    <testcase classname="@carbon/react/scss scss/components/fluid-multiselect should be importable" name="@carbon/react/scss scss/components/fluid-multiselect should be importable" time="0.006">
      <failure>Error: expect(received).resolves.toBeDefined()

Received promise rejected instead of resolved
Rejected to value: [Error: Can&apos;t find stylesheet to import.
  ╷
8 │ @forward &apos;./generated/fluid-spacing&apos;;
  │ ^^^^^^^^^^^^^^^^^^^^^^^^^^^^^^^^^^^^
  ╵
  node_modules/@carbon/layout/scss/_spacing.scss 8:1                                          @forward
  node_modules/@carbon/styles/scss/_spacing.scss 8:1                                          @use
  node_modules/@carbon/styles/scss/components/fluid-multiselect/_fluid-multiselect.scss 13:1  @forward
  node_modules/@carbon/styles/scss/components/fluid-multiselect/_index.scss 8:1               @forward
  packages/carbon-components/scss/components/fluid-multiselect/_index.scss 9:1                @use
  stdin 2:1                                                                                   root stylesheet]
    at expect (/Users/chrisvelgersdyk/Desktop/carbon-coverall/carbon-coverall-poc/node_modules/expect/build/index.js:128:15)
    at Object.expect (/Users/chrisvelgersdyk/Desktop/carbon-coverall/carbon-coverall-poc/packages/carbon-components/__tests__/scss-test.js:24:13)
    at Promise.then.completed (/Users/chrisvelgersdyk/Desktop/carbon-coverall/carbon-coverall-poc/node_modules/jest-circus/build/utils.js:333:28)
    at new Promise (&lt;anonymous&gt;)
    at callAsyncCircusFn (/Users/chrisvelgersdyk/Desktop/carbon-coverall/carbon-coverall-poc/node_modules/jest-circus/build/utils.js:259:10)
    at _callCircusTest (/Users/chrisvelgersdyk/Desktop/carbon-coverall/carbon-coverall-poc/node_modules/jest-circus/build/run.js:276:40)
    at processTicksAndRejections (node:internal/process/task_queues:95:5)
    at _runTest (/Users/chrisvelgersdyk/Desktop/carbon-coverall/carbon-coverall-poc/node_modules/jest-circus/build/run.js:208:3)
    at _runTestsForDescribeBlock (/Users/chrisvelgersdyk/Desktop/carbon-coverall/carbon-coverall-poc/node_modules/jest-circus/build/run.js:96:9)
    at _runTestsForDescribeBlock (/Users/chrisvelgersdyk/Desktop/carbon-coverall/carbon-coverall-poc/node_modules/jest-circus/build/run.js:90:9)</failure>
    </testcase>
    <testcase classname="@carbon/react/scss scss/components/fluid-number-input/fluid-number-input should be importable" name="@carbon/react/scss scss/components/fluid-number-input/fluid-number-input should be importable" time="0.018">
      <failure>Error: expect(received).resolves.toBeDefined()

Received promise rejected instead of resolved
Rejected to value: [Error: Can&apos;t find stylesheet to import.
  ╷
8 │ @forward &apos;./generated/fluid-spacing&apos;;
  │ ^^^^^^^^^^^^^^^^^^^^^^^^^^^^^^^^^^^^
  ╵
  node_modules/@carbon/layout/scss/_spacing.scss 8:1                                            @forward
  node_modules/@carbon/styles/scss/_spacing.scss 8:1                                            @use
  node_modules/@carbon/styles/scss/components/fluid-number-input/_fluid-number-input.scss 13:1  @forward
  packages/carbon-components/scss/components/fluid-number-input/_fluid-number-input.scss 9:1    @use
  stdin 2:1                                                                                     root stylesheet]
    at expect (/Users/chrisvelgersdyk/Desktop/carbon-coverall/carbon-coverall-poc/node_modules/expect/build/index.js:128:15)
    at Object.expect (/Users/chrisvelgersdyk/Desktop/carbon-coverall/carbon-coverall-poc/packages/carbon-components/__tests__/scss-test.js:24:13)
    at Promise.then.completed (/Users/chrisvelgersdyk/Desktop/carbon-coverall/carbon-coverall-poc/node_modules/jest-circus/build/utils.js:333:28)
    at new Promise (&lt;anonymous&gt;)
    at callAsyncCircusFn (/Users/chrisvelgersdyk/Desktop/carbon-coverall/carbon-coverall-poc/node_modules/jest-circus/build/utils.js:259:10)
    at _callCircusTest (/Users/chrisvelgersdyk/Desktop/carbon-coverall/carbon-coverall-poc/node_modules/jest-circus/build/run.js:276:40)
    at processTicksAndRejections (node:internal/process/task_queues:95:5)
    at _runTest (/Users/chrisvelgersdyk/Desktop/carbon-coverall/carbon-coverall-poc/node_modules/jest-circus/build/run.js:208:3)
    at _runTestsForDescribeBlock (/Users/chrisvelgersdyk/Desktop/carbon-coverall/carbon-coverall-poc/node_modules/jest-circus/build/run.js:96:9)
    at _runTestsForDescribeBlock (/Users/chrisvelgersdyk/Desktop/carbon-coverall/carbon-coverall-poc/node_modules/jest-circus/build/run.js:90:9)</failure>
    </testcase>
    <testcase classname="@carbon/react/scss scss/components/fluid-number-input should be importable" name="@carbon/react/scss scss/components/fluid-number-input should be importable" time="0.02">
      <failure>Error: expect(received).resolves.toBeDefined()

Received promise rejected instead of resolved
Rejected to value: [Error: Can&apos;t find stylesheet to import.
  ╷
8 │ @forward &apos;./generated/fluid-spacing&apos;;
  │ ^^^^^^^^^^^^^^^^^^^^^^^^^^^^^^^^^^^^
  ╵
  node_modules/@carbon/layout/scss/_spacing.scss 8:1                                            @forward
  node_modules/@carbon/styles/scss/_spacing.scss 8:1                                            @use
  node_modules/@carbon/styles/scss/components/fluid-number-input/_fluid-number-input.scss 13:1  @forward
  node_modules/@carbon/styles/scss/components/fluid-number-input/_index.scss 8:1                @forward
  packages/carbon-components/scss/components/fluid-number-input/_index.scss 9:1                 @use
  stdin 2:1                                                                                     root stylesheet]
    at expect (/Users/chrisvelgersdyk/Desktop/carbon-coverall/carbon-coverall-poc/node_modules/expect/build/index.js:128:15)
    at Object.expect (/Users/chrisvelgersdyk/Desktop/carbon-coverall/carbon-coverall-poc/packages/carbon-components/__tests__/scss-test.js:24:13)
    at Promise.then.completed (/Users/chrisvelgersdyk/Desktop/carbon-coverall/carbon-coverall-poc/node_modules/jest-circus/build/utils.js:333:28)
    at new Promise (&lt;anonymous&gt;)
    at callAsyncCircusFn (/Users/chrisvelgersdyk/Desktop/carbon-coverall/carbon-coverall-poc/node_modules/jest-circus/build/utils.js:259:10)
    at _callCircusTest (/Users/chrisvelgersdyk/Desktop/carbon-coverall/carbon-coverall-poc/node_modules/jest-circus/build/run.js:276:40)
    at processTicksAndRejections (node:internal/process/task_queues:95:5)
    at _runTest (/Users/chrisvelgersdyk/Desktop/carbon-coverall/carbon-coverall-poc/node_modules/jest-circus/build/run.js:208:3)
    at _runTestsForDescribeBlock (/Users/chrisvelgersdyk/Desktop/carbon-coverall/carbon-coverall-poc/node_modules/jest-circus/build/run.js:96:9)
    at _runTestsForDescribeBlock (/Users/chrisvelgersdyk/Desktop/carbon-coverall/carbon-coverall-poc/node_modules/jest-circus/build/run.js:90:9)</failure>
    </testcase>
    <testcase classname="@carbon/react/scss scss/components/fluid-search/fluid-search should be importable" name="@carbon/react/scss scss/components/fluid-search/fluid-search should be importable" time="0.011">
      <failure>Error: expect(received).resolves.toBeDefined()

Received promise rejected instead of resolved
Rejected to value: [Error: Can&apos;t find stylesheet to import.
  ╷
8 │ @forward &apos;./generated/fluid-spacing&apos;;
  │ ^^^^^^^^^^^^^^^^^^^^^^^^^^^^^^^^^^^^
  ╵
  node_modules/@carbon/layout/scss/_spacing.scss 8:1                                @forward
  node_modules/@carbon/styles/scss/_spacing.scss 8:1                                @use
  node_modules/@carbon/styles/scss/components/fluid-search/_fluid-search.scss 13:1  @forward
  packages/carbon-components/scss/components/fluid-search/_fluid-search.scss 9:1    @use
  stdin 2:1                                                                         root stylesheet]
    at expect (/Users/chrisvelgersdyk/Desktop/carbon-coverall/carbon-coverall-poc/node_modules/expect/build/index.js:128:15)
    at Object.expect (/Users/chrisvelgersdyk/Desktop/carbon-coverall/carbon-coverall-poc/packages/carbon-components/__tests__/scss-test.js:24:13)
    at Promise.then.completed (/Users/chrisvelgersdyk/Desktop/carbon-coverall/carbon-coverall-poc/node_modules/jest-circus/build/utils.js:333:28)
    at new Promise (&lt;anonymous&gt;)
    at callAsyncCircusFn (/Users/chrisvelgersdyk/Desktop/carbon-coverall/carbon-coverall-poc/node_modules/jest-circus/build/utils.js:259:10)
    at _callCircusTest (/Users/chrisvelgersdyk/Desktop/carbon-coverall/carbon-coverall-poc/node_modules/jest-circus/build/run.js:276:40)
    at processTicksAndRejections (node:internal/process/task_queues:95:5)
    at _runTest (/Users/chrisvelgersdyk/Desktop/carbon-coverall/carbon-coverall-poc/node_modules/jest-circus/build/run.js:208:3)
    at _runTestsForDescribeBlock (/Users/chrisvelgersdyk/Desktop/carbon-coverall/carbon-coverall-poc/node_modules/jest-circus/build/run.js:96:9)
    at _runTestsForDescribeBlock (/Users/chrisvelgersdyk/Desktop/carbon-coverall/carbon-coverall-poc/node_modules/jest-circus/build/run.js:90:9)</failure>
    </testcase>
    <testcase classname="@carbon/react/scss scss/components/fluid-search should be importable" name="@carbon/react/scss scss/components/fluid-search should be importable" time="0.011">
      <failure>Error: expect(received).resolves.toBeDefined()

Received promise rejected instead of resolved
Rejected to value: [Error: Can&apos;t find stylesheet to import.
  ╷
8 │ @forward &apos;./generated/fluid-spacing&apos;;
  │ ^^^^^^^^^^^^^^^^^^^^^^^^^^^^^^^^^^^^
  ╵
  node_modules/@carbon/layout/scss/_spacing.scss 8:1                                @forward
  node_modules/@carbon/styles/scss/_spacing.scss 8:1                                @use
  node_modules/@carbon/styles/scss/components/fluid-search/_fluid-search.scss 13:1  @forward
  node_modules/@carbon/styles/scss/components/fluid-search/_index.scss 8:1          @forward
  packages/carbon-components/scss/components/fluid-search/_index.scss 9:1           @use
  stdin 2:1                                                                         root stylesheet]
    at expect (/Users/chrisvelgersdyk/Desktop/carbon-coverall/carbon-coverall-poc/node_modules/expect/build/index.js:128:15)
    at Object.expect (/Users/chrisvelgersdyk/Desktop/carbon-coverall/carbon-coverall-poc/packages/carbon-components/__tests__/scss-test.js:24:13)
    at Promise.then.completed (/Users/chrisvelgersdyk/Desktop/carbon-coverall/carbon-coverall-poc/node_modules/jest-circus/build/utils.js:333:28)
    at new Promise (&lt;anonymous&gt;)
    at callAsyncCircusFn (/Users/chrisvelgersdyk/Desktop/carbon-coverall/carbon-coverall-poc/node_modules/jest-circus/build/utils.js:259:10)
    at _callCircusTest (/Users/chrisvelgersdyk/Desktop/carbon-coverall/carbon-coverall-poc/node_modules/jest-circus/build/run.js:276:40)
    at processTicksAndRejections (node:internal/process/task_queues:95:5)
    at _runTest (/Users/chrisvelgersdyk/Desktop/carbon-coverall/carbon-coverall-poc/node_modules/jest-circus/build/run.js:208:3)
    at _runTestsForDescribeBlock (/Users/chrisvelgersdyk/Desktop/carbon-coverall/carbon-coverall-poc/node_modules/jest-circus/build/run.js:96:9)
    at _runTestsForDescribeBlock (/Users/chrisvelgersdyk/Desktop/carbon-coverall/carbon-coverall-poc/node_modules/jest-circus/build/run.js:90:9)</failure>
    </testcase>
    <testcase classname="@carbon/react/scss scss/components/fluid-select/fluid-select should be importable" name="@carbon/react/scss scss/components/fluid-select/fluid-select should be importable" time="0.013">
      <failure>Error: expect(received).resolves.toBeDefined()

Received promise rejected instead of resolved
Rejected to value: [Error: Can&apos;t find stylesheet to import.
  ╷
8 │ @forward &apos;./generated/fluid-spacing&apos;;
  │ ^^^^^^^^^^^^^^^^^^^^^^^^^^^^^^^^^^^^
  ╵
  node_modules/@carbon/layout/scss/_spacing.scss 8:1                                @forward
  node_modules/@carbon/styles/scss/_spacing.scss 8:1                                @use
  node_modules/@carbon/styles/scss/components/fluid-select/_fluid-select.scss 13:1  @forward
  packages/carbon-components/scss/components/fluid-select/_fluid-select.scss 9:1    @use
  stdin 2:1                                                                         root stylesheet]
    at expect (/Users/chrisvelgersdyk/Desktop/carbon-coverall/carbon-coverall-poc/node_modules/expect/build/index.js:128:15)
    at Object.expect (/Users/chrisvelgersdyk/Desktop/carbon-coverall/carbon-coverall-poc/packages/carbon-components/__tests__/scss-test.js:24:13)
    at Promise.then.completed (/Users/chrisvelgersdyk/Desktop/carbon-coverall/carbon-coverall-poc/node_modules/jest-circus/build/utils.js:333:28)
    at new Promise (&lt;anonymous&gt;)
    at callAsyncCircusFn (/Users/chrisvelgersdyk/Desktop/carbon-coverall/carbon-coverall-poc/node_modules/jest-circus/build/utils.js:259:10)
    at _callCircusTest (/Users/chrisvelgersdyk/Desktop/carbon-coverall/carbon-coverall-poc/node_modules/jest-circus/build/run.js:276:40)
    at processTicksAndRejections (node:internal/process/task_queues:95:5)
    at _runTest (/Users/chrisvelgersdyk/Desktop/carbon-coverall/carbon-coverall-poc/node_modules/jest-circus/build/run.js:208:3)
    at _runTestsForDescribeBlock (/Users/chrisvelgersdyk/Desktop/carbon-coverall/carbon-coverall-poc/node_modules/jest-circus/build/run.js:96:9)
    at _runTestsForDescribeBlock (/Users/chrisvelgersdyk/Desktop/carbon-coverall/carbon-coverall-poc/node_modules/jest-circus/build/run.js:90:9)</failure>
    </testcase>
    <testcase classname="@carbon/react/scss scss/components/fluid-select should be importable" name="@carbon/react/scss scss/components/fluid-select should be importable" time="0.007">
      <failure>Error: expect(received).resolves.toBeDefined()

Received promise rejected instead of resolved
Rejected to value: [Error: Can&apos;t find stylesheet to import.
  ╷
8 │ @forward &apos;./generated/fluid-spacing&apos;;
  │ ^^^^^^^^^^^^^^^^^^^^^^^^^^^^^^^^^^^^
  ╵
  node_modules/@carbon/layout/scss/_spacing.scss 8:1                                @forward
  node_modules/@carbon/styles/scss/_spacing.scss 8:1                                @use
  node_modules/@carbon/styles/scss/components/fluid-select/_fluid-select.scss 13:1  @forward
  node_modules/@carbon/styles/scss/components/fluid-select/_index.scss 8:1          @forward
  packages/carbon-components/scss/components/fluid-select/_index.scss 9:1           @use
  stdin 2:1                                                                         root stylesheet]
    at expect (/Users/chrisvelgersdyk/Desktop/carbon-coverall/carbon-coverall-poc/node_modules/expect/build/index.js:128:15)
    at Object.expect (/Users/chrisvelgersdyk/Desktop/carbon-coverall/carbon-coverall-poc/packages/carbon-components/__tests__/scss-test.js:24:13)
    at Promise.then.completed (/Users/chrisvelgersdyk/Desktop/carbon-coverall/carbon-coverall-poc/node_modules/jest-circus/build/utils.js:333:28)
    at new Promise (&lt;anonymous&gt;)
    at callAsyncCircusFn (/Users/chrisvelgersdyk/Desktop/carbon-coverall/carbon-coverall-poc/node_modules/jest-circus/build/utils.js:259:10)
    at _callCircusTest (/Users/chrisvelgersdyk/Desktop/carbon-coverall/carbon-coverall-poc/node_modules/jest-circus/build/run.js:276:40)
    at processTicksAndRejections (node:internal/process/task_queues:95:5)
    at _runTest (/Users/chrisvelgersdyk/Desktop/carbon-coverall/carbon-coverall-poc/node_modules/jest-circus/build/run.js:208:3)
    at _runTestsForDescribeBlock (/Users/chrisvelgersdyk/Desktop/carbon-coverall/carbon-coverall-poc/node_modules/jest-circus/build/run.js:96:9)
    at _runTestsForDescribeBlock (/Users/chrisvelgersdyk/Desktop/carbon-coverall/carbon-coverall-poc/node_modules/jest-circus/build/run.js:90:9)</failure>
    </testcase>
    <testcase classname="@carbon/react/scss scss/components/fluid-text-area/fluid-text-area should be importable" name="@carbon/react/scss scss/components/fluid-text-area/fluid-text-area should be importable" time="0.018">
      <failure>Error: expect(received).resolves.toBeDefined()

Received promise rejected instead of resolved
Rejected to value: [Error: Can&apos;t find stylesheet to import.
  ╷
8 │ @forward &apos;./generated/fluid-spacing&apos;;
  │ ^^^^^^^^^^^^^^^^^^^^^^^^^^^^^^^^^^^^
  ╵
  node_modules/@carbon/layout/scss/_spacing.scss 8:1                                      @forward
  node_modules/@carbon/styles/scss/_spacing.scss 8:1                                      @use
  node_modules/@carbon/styles/scss/components/form/_form.scss 9:1                         @forward
  node_modules/@carbon/styles/scss/components/form/_index.scss 8:1                        @use
  node_modules/@carbon/styles/scss/components/text-area/_text-area.scss 8:1               @forward
  node_modules/@carbon/styles/scss/components/text-area/_index.scss 8:1                   @use
  node_modules/@carbon/styles/scss/components/fluid-text-area/_fluid-text-area.scss 11:1  @forward
  packages/carbon-components/scss/components/fluid-text-area/_fluid-text-area.scss 9:1    @use
  stdin 2:1                                                                               root stylesheet]
    at expect (/Users/chrisvelgersdyk/Desktop/carbon-coverall/carbon-coverall-poc/node_modules/expect/build/index.js:128:15)
    at Object.expect (/Users/chrisvelgersdyk/Desktop/carbon-coverall/carbon-coverall-poc/packages/carbon-components/__tests__/scss-test.js:24:13)
    at Promise.then.completed (/Users/chrisvelgersdyk/Desktop/carbon-coverall/carbon-coverall-poc/node_modules/jest-circus/build/utils.js:333:28)
    at new Promise (&lt;anonymous&gt;)
    at callAsyncCircusFn (/Users/chrisvelgersdyk/Desktop/carbon-coverall/carbon-coverall-poc/node_modules/jest-circus/build/utils.js:259:10)
    at _callCircusTest (/Users/chrisvelgersdyk/Desktop/carbon-coverall/carbon-coverall-poc/node_modules/jest-circus/build/run.js:276:40)
    at processTicksAndRejections (node:internal/process/task_queues:95:5)
    at _runTest (/Users/chrisvelgersdyk/Desktop/carbon-coverall/carbon-coverall-poc/node_modules/jest-circus/build/run.js:208:3)
    at _runTestsForDescribeBlock (/Users/chrisvelgersdyk/Desktop/carbon-coverall/carbon-coverall-poc/node_modules/jest-circus/build/run.js:96:9)
    at _runTestsForDescribeBlock (/Users/chrisvelgersdyk/Desktop/carbon-coverall/carbon-coverall-poc/node_modules/jest-circus/build/run.js:90:9)</failure>
    </testcase>
    <testcase classname="@carbon/react/scss scss/components/fluid-text-area should be importable" name="@carbon/react/scss scss/components/fluid-text-area should be importable" time="0.014">
      <failure>Error: expect(received).resolves.toBeDefined()

Received promise rejected instead of resolved
Rejected to value: [Error: Can&apos;t find stylesheet to import.
  ╷
8 │ @forward &apos;./generated/fluid-spacing&apos;;
  │ ^^^^^^^^^^^^^^^^^^^^^^^^^^^^^^^^^^^^
  ╵
  node_modules/@carbon/layout/scss/_spacing.scss 8:1                                      @forward
  node_modules/@carbon/styles/scss/_spacing.scss 8:1                                      @use
  node_modules/@carbon/styles/scss/components/form/_form.scss 9:1                         @forward
  node_modules/@carbon/styles/scss/components/form/_index.scss 8:1                        @use
  node_modules/@carbon/styles/scss/components/text-area/_text-area.scss 8:1               @forward
  node_modules/@carbon/styles/scss/components/text-area/_index.scss 8:1                   @use
  node_modules/@carbon/styles/scss/components/fluid-text-area/_fluid-text-area.scss 11:1  @forward
  node_modules/@carbon/styles/scss/components/fluid-text-area/_index.scss 8:1             @forward
  packages/carbon-components/scss/components/fluid-text-area/_index.scss 9:1              @use
  stdin 2:1                                                                               root stylesheet]
    at expect (/Users/chrisvelgersdyk/Desktop/carbon-coverall/carbon-coverall-poc/node_modules/expect/build/index.js:128:15)
    at Object.expect (/Users/chrisvelgersdyk/Desktop/carbon-coverall/carbon-coverall-poc/packages/carbon-components/__tests__/scss-test.js:24:13)
    at Promise.then.completed (/Users/chrisvelgersdyk/Desktop/carbon-coverall/carbon-coverall-poc/node_modules/jest-circus/build/utils.js:333:28)
    at new Promise (&lt;anonymous&gt;)
    at callAsyncCircusFn (/Users/chrisvelgersdyk/Desktop/carbon-coverall/carbon-coverall-poc/node_modules/jest-circus/build/utils.js:259:10)
    at _callCircusTest (/Users/chrisvelgersdyk/Desktop/carbon-coverall/carbon-coverall-poc/node_modules/jest-circus/build/run.js:276:40)
    at processTicksAndRejections (node:internal/process/task_queues:95:5)
    at _runTest (/Users/chrisvelgersdyk/Desktop/carbon-coverall/carbon-coverall-poc/node_modules/jest-circus/build/run.js:208:3)
    at _runTestsForDescribeBlock (/Users/chrisvelgersdyk/Desktop/carbon-coverall/carbon-coverall-poc/node_modules/jest-circus/build/run.js:96:9)
    at _runTestsForDescribeBlock (/Users/chrisvelgersdyk/Desktop/carbon-coverall/carbon-coverall-poc/node_modules/jest-circus/build/run.js:90:9)</failure>
    </testcase>
    <testcase classname="@carbon/react/scss scss/components/fluid-text-input/fluid-text-input should be importable" name="@carbon/react/scss scss/components/fluid-text-input/fluid-text-input should be importable" time="0.006">
      <failure>Error: expect(received).resolves.toBeDefined()

Received promise rejected instead of resolved
Rejected to value: [Error: Can&apos;t find stylesheet to import.
  ╷
8 │ @forward &apos;./generated/fluid-spacing&apos;;
  │ ^^^^^^^^^^^^^^^^^^^^^^^^^^^^^^^^^^^^
  ╵
  node_modules/@carbon/layout/scss/_spacing.scss 8:1                                        @forward
  node_modules/@carbon/styles/scss/_spacing.scss 8:1                                        @use
  node_modules/@carbon/styles/scss/components/fluid-text-input/_fluid-text-input.scss 13:1  @forward
  packages/carbon-components/scss/components/fluid-text-input/_fluid-text-input.scss 9:1    @use
  stdin 2:1                                                                                 root stylesheet]
    at expect (/Users/chrisvelgersdyk/Desktop/carbon-coverall/carbon-coverall-poc/node_modules/expect/build/index.js:128:15)
    at Object.expect (/Users/chrisvelgersdyk/Desktop/carbon-coverall/carbon-coverall-poc/packages/carbon-components/__tests__/scss-test.js:24:13)
    at Promise.then.completed (/Users/chrisvelgersdyk/Desktop/carbon-coverall/carbon-coverall-poc/node_modules/jest-circus/build/utils.js:333:28)
    at new Promise (&lt;anonymous&gt;)
    at callAsyncCircusFn (/Users/chrisvelgersdyk/Desktop/carbon-coverall/carbon-coverall-poc/node_modules/jest-circus/build/utils.js:259:10)
    at _callCircusTest (/Users/chrisvelgersdyk/Desktop/carbon-coverall/carbon-coverall-poc/node_modules/jest-circus/build/run.js:276:40)
    at processTicksAndRejections (node:internal/process/task_queues:95:5)
    at _runTest (/Users/chrisvelgersdyk/Desktop/carbon-coverall/carbon-coverall-poc/node_modules/jest-circus/build/run.js:208:3)
    at _runTestsForDescribeBlock (/Users/chrisvelgersdyk/Desktop/carbon-coverall/carbon-coverall-poc/node_modules/jest-circus/build/run.js:96:9)
    at _runTestsForDescribeBlock (/Users/chrisvelgersdyk/Desktop/carbon-coverall/carbon-coverall-poc/node_modules/jest-circus/build/run.js:90:9)</failure>
    </testcase>
    <testcase classname="@carbon/react/scss scss/components/fluid-text-input should be importable" name="@carbon/react/scss scss/components/fluid-text-input should be importable" time="0.007">
      <failure>Error: expect(received).resolves.toBeDefined()

Received promise rejected instead of resolved
Rejected to value: [Error: Can&apos;t find stylesheet to import.
  ╷
8 │ @forward &apos;./generated/fluid-spacing&apos;;
  │ ^^^^^^^^^^^^^^^^^^^^^^^^^^^^^^^^^^^^
  ╵
  node_modules/@carbon/layout/scss/_spacing.scss 8:1                                        @forward
  node_modules/@carbon/styles/scss/_spacing.scss 8:1                                        @use
  node_modules/@carbon/styles/scss/components/fluid-text-input/_fluid-text-input.scss 13:1  @forward
  node_modules/@carbon/styles/scss/components/fluid-text-input/_index.scss 8:1              @forward
  packages/carbon-components/scss/components/fluid-text-input/_index.scss 9:1               @use
  stdin 2:1                                                                                 root stylesheet]
    at expect (/Users/chrisvelgersdyk/Desktop/carbon-coverall/carbon-coverall-poc/node_modules/expect/build/index.js:128:15)
    at Object.expect (/Users/chrisvelgersdyk/Desktop/carbon-coverall/carbon-coverall-poc/packages/carbon-components/__tests__/scss-test.js:24:13)
    at Promise.then.completed (/Users/chrisvelgersdyk/Desktop/carbon-coverall/carbon-coverall-poc/node_modules/jest-circus/build/utils.js:333:28)
    at new Promise (&lt;anonymous&gt;)
    at callAsyncCircusFn (/Users/chrisvelgersdyk/Desktop/carbon-coverall/carbon-coverall-poc/node_modules/jest-circus/build/utils.js:259:10)
    at _callCircusTest (/Users/chrisvelgersdyk/Desktop/carbon-coverall/carbon-coverall-poc/node_modules/jest-circus/build/run.js:276:40)
    at processTicksAndRejections (node:internal/process/task_queues:95:5)
    at _runTest (/Users/chrisvelgersdyk/Desktop/carbon-coverall/carbon-coverall-poc/node_modules/jest-circus/build/run.js:208:3)
    at _runTestsForDescribeBlock (/Users/chrisvelgersdyk/Desktop/carbon-coverall/carbon-coverall-poc/node_modules/jest-circus/build/run.js:96:9)
    at _runTestsForDescribeBlock (/Users/chrisvelgersdyk/Desktop/carbon-coverall/carbon-coverall-poc/node_modules/jest-circus/build/run.js:90:9)</failure>
    </testcase>
    <testcase classname="@carbon/react/scss scss/components/fluid-time-picker/fluid-time-picker should be importable" name="@carbon/react/scss scss/components/fluid-time-picker/fluid-time-picker should be importable" time="0.012">
      <failure>Error: expect(received).resolves.toBeDefined()

Received promise rejected instead of resolved
Rejected to value: [Error: Can&apos;t find stylesheet to import.
  ╷
8 │ @forward &apos;./generated/fluid-spacing&apos;;
  │ ^^^^^^^^^^^^^^^^^^^^^^^^^^^^^^^^^^^^
  ╵
  node_modules/@carbon/layout/scss/_spacing.scss 8:1                                          @forward
  node_modules/@carbon/styles/scss/_spacing.scss 8:1                                          @use
  node_modules/@carbon/styles/scss/components/fluid-time-picker/_fluid-time-picker.scss 13:1  @forward
  packages/carbon-components/scss/components/fluid-time-picker/_fluid-time-picker.scss 9:1    @use
  stdin 2:1                                                                                   root stylesheet]
    at expect (/Users/chrisvelgersdyk/Desktop/carbon-coverall/carbon-coverall-poc/node_modules/expect/build/index.js:128:15)
    at Object.expect (/Users/chrisvelgersdyk/Desktop/carbon-coverall/carbon-coverall-poc/packages/carbon-components/__tests__/scss-test.js:24:13)
    at Promise.then.completed (/Users/chrisvelgersdyk/Desktop/carbon-coverall/carbon-coverall-poc/node_modules/jest-circus/build/utils.js:333:28)
    at new Promise (&lt;anonymous&gt;)
    at callAsyncCircusFn (/Users/chrisvelgersdyk/Desktop/carbon-coverall/carbon-coverall-poc/node_modules/jest-circus/build/utils.js:259:10)
    at _callCircusTest (/Users/chrisvelgersdyk/Desktop/carbon-coverall/carbon-coverall-poc/node_modules/jest-circus/build/run.js:276:40)
    at processTicksAndRejections (node:internal/process/task_queues:95:5)
    at _runTest (/Users/chrisvelgersdyk/Desktop/carbon-coverall/carbon-coverall-poc/node_modules/jest-circus/build/run.js:208:3)
    at _runTestsForDescribeBlock (/Users/chrisvelgersdyk/Desktop/carbon-coverall/carbon-coverall-poc/node_modules/jest-circus/build/run.js:96:9)
    at _runTestsForDescribeBlock (/Users/chrisvelgersdyk/Desktop/carbon-coverall/carbon-coverall-poc/node_modules/jest-circus/build/run.js:90:9)</failure>
    </testcase>
    <testcase classname="@carbon/react/scss scss/components/fluid-time-picker should be importable" name="@carbon/react/scss scss/components/fluid-time-picker should be importable" time="0.028">
      <failure>Error: expect(received).resolves.toBeDefined()

Received promise rejected instead of resolved
Rejected to value: [Error: Can&apos;t find stylesheet to import.
  ╷
8 │ @forward &apos;./generated/fluid-spacing&apos;;
  │ ^^^^^^^^^^^^^^^^^^^^^^^^^^^^^^^^^^^^
  ╵
  node_modules/@carbon/layout/scss/_spacing.scss 8:1                                          @forward
  node_modules/@carbon/styles/scss/_spacing.scss 8:1                                          @use
  node_modules/@carbon/styles/scss/components/fluid-time-picker/_fluid-time-picker.scss 13:1  @forward
  node_modules/@carbon/styles/scss/components/fluid-time-picker/_index.scss 8:1               @forward
  packages/carbon-components/scss/components/fluid-time-picker/_index.scss 9:1                @use
  stdin 2:1                                                                                   root stylesheet]
    at expect (/Users/chrisvelgersdyk/Desktop/carbon-coverall/carbon-coverall-poc/node_modules/expect/build/index.js:128:15)
    at Object.expect (/Users/chrisvelgersdyk/Desktop/carbon-coverall/carbon-coverall-poc/packages/carbon-components/__tests__/scss-test.js:24:13)
    at Promise.then.completed (/Users/chrisvelgersdyk/Desktop/carbon-coverall/carbon-coverall-poc/node_modules/jest-circus/build/utils.js:333:28)
    at new Promise (&lt;anonymous&gt;)
    at callAsyncCircusFn (/Users/chrisvelgersdyk/Desktop/carbon-coverall/carbon-coverall-poc/node_modules/jest-circus/build/utils.js:259:10)
    at _callCircusTest (/Users/chrisvelgersdyk/Desktop/carbon-coverall/carbon-coverall-poc/node_modules/jest-circus/build/run.js:276:40)
    at processTicksAndRejections (node:internal/process/task_queues:95:5)
    at _runTest (/Users/chrisvelgersdyk/Desktop/carbon-coverall/carbon-coverall-poc/node_modules/jest-circus/build/run.js:208:3)
    at _runTestsForDescribeBlock (/Users/chrisvelgersdyk/Desktop/carbon-coverall/carbon-coverall-poc/node_modules/jest-circus/build/run.js:96:9)
    at _runTestsForDescribeBlock (/Users/chrisvelgersdyk/Desktop/carbon-coverall/carbon-coverall-poc/node_modules/jest-circus/build/run.js:90:9)</failure>
    </testcase>
    <testcase classname="@carbon/react/scss scss/components/icon-indicator/icon-indicator should be importable" name="@carbon/react/scss scss/components/icon-indicator/icon-indicator should be importable" time="0.005">
      <failure>Error: expect(received).resolves.toBeDefined()

Received promise rejected instead of resolved
Rejected to value: [Error: Can&apos;t find stylesheet to import.
  ╷
8 │ @forward &apos;generated/themes&apos;;
  │ ^^^^^^^^^^^^^^^^^^^^^^^^^^^
  ╵
  node_modules/@carbon/themes/scss/compat/_themes.scss 8:1                             @use
  node_modules/@carbon/styles/scss/compat/_themes.scss 9:1                             @use
  node_modules/@carbon/styles/scss/theme/_theme.scss 12:1                              @forward
  node_modules/@carbon/styles/scss/_theme.scss 8:1                                     @use
  node_modules/@carbon/styles/scss/components/icon-indicator/_icon-indicator.scss 8:1  @forward
  packages/carbon-components/scss/components/icon-indicator/_icon-indicator.scss 9:1   @use
  stdin 2:1                                                                            root stylesheet]
    at expect (/Users/chrisvelgersdyk/Desktop/carbon-coverall/carbon-coverall-poc/node_modules/expect/build/index.js:128:15)
    at Object.expect (/Users/chrisvelgersdyk/Desktop/carbon-coverall/carbon-coverall-poc/packages/carbon-components/__tests__/scss-test.js:24:13)
    at Promise.then.completed (/Users/chrisvelgersdyk/Desktop/carbon-coverall/carbon-coverall-poc/node_modules/jest-circus/build/utils.js:333:28)
    at new Promise (&lt;anonymous&gt;)
    at callAsyncCircusFn (/Users/chrisvelgersdyk/Desktop/carbon-coverall/carbon-coverall-poc/node_modules/jest-circus/build/utils.js:259:10)
    at _callCircusTest (/Users/chrisvelgersdyk/Desktop/carbon-coverall/carbon-coverall-poc/node_modules/jest-circus/build/run.js:276:40)
    at processTicksAndRejections (node:internal/process/task_queues:95:5)
    at _runTest (/Users/chrisvelgersdyk/Desktop/carbon-coverall/carbon-coverall-poc/node_modules/jest-circus/build/run.js:208:3)
    at _runTestsForDescribeBlock (/Users/chrisvelgersdyk/Desktop/carbon-coverall/carbon-coverall-poc/node_modules/jest-circus/build/run.js:96:9)
    at _runTestsForDescribeBlock (/Users/chrisvelgersdyk/Desktop/carbon-coverall/carbon-coverall-poc/node_modules/jest-circus/build/run.js:90:9)</failure>
    </testcase>
    <testcase classname="@carbon/react/scss scss/components/icon-indicator should be importable" name="@carbon/react/scss scss/components/icon-indicator should be importable" time="0.006">
      <failure>Error: expect(received).resolves.toBeDefined()

Received promise rejected instead of resolved
Rejected to value: [Error: Can&apos;t find stylesheet to import.
  ╷
8 │ @forward &apos;generated/themes&apos;;
  │ ^^^^^^^^^^^^^^^^^^^^^^^^^^^
  ╵
  node_modules/@carbon/themes/scss/compat/_themes.scss 8:1                             @use
  node_modules/@carbon/styles/scss/compat/_themes.scss 9:1                             @use
  node_modules/@carbon/styles/scss/theme/_theme.scss 12:1                              @forward
  node_modules/@carbon/styles/scss/_theme.scss 8:1                                     @use
  node_modules/@carbon/styles/scss/components/icon-indicator/_icon-indicator.scss 8:1  @forward
  node_modules/@carbon/styles/scss/components/icon-indicator/_index.scss 8:1           @forward
  packages/carbon-components/scss/components/icon-indicator/_index.scss 9:1            @use
  stdin 2:1                                                                            root stylesheet]
    at expect (/Users/chrisvelgersdyk/Desktop/carbon-coverall/carbon-coverall-poc/node_modules/expect/build/index.js:128:15)
    at Object.expect (/Users/chrisvelgersdyk/Desktop/carbon-coverall/carbon-coverall-poc/packages/carbon-components/__tests__/scss-test.js:24:13)
    at Promise.then.completed (/Users/chrisvelgersdyk/Desktop/carbon-coverall/carbon-coverall-poc/node_modules/jest-circus/build/utils.js:333:28)
    at new Promise (&lt;anonymous&gt;)
    at callAsyncCircusFn (/Users/chrisvelgersdyk/Desktop/carbon-coverall/carbon-coverall-poc/node_modules/jest-circus/build/utils.js:259:10)
    at _callCircusTest (/Users/chrisvelgersdyk/Desktop/carbon-coverall/carbon-coverall-poc/node_modules/jest-circus/build/run.js:276:40)
    at processTicksAndRejections (node:internal/process/task_queues:95:5)
    at _runTest (/Users/chrisvelgersdyk/Desktop/carbon-coverall/carbon-coverall-poc/node_modules/jest-circus/build/run.js:208:3)
    at _runTestsForDescribeBlock (/Users/chrisvelgersdyk/Desktop/carbon-coverall/carbon-coverall-poc/node_modules/jest-circus/build/run.js:96:9)
    at _runTestsForDescribeBlock (/Users/chrisvelgersdyk/Desktop/carbon-coverall/carbon-coverall-poc/node_modules/jest-circus/build/run.js:90:9)</failure>
    </testcase>
    <testcase classname="@carbon/react/scss scss/components/inline-loading should be importable" name="@carbon/react/scss scss/components/inline-loading should be importable" time="0.11">
      <failure>Error: expect(received).resolves.toBeDefined()

Received promise rejected instead of resolved
Rejected to value: [Error: Can&apos;t find stylesheet to import.
  ╷
8 │ @forward &apos;generated/themes&apos;;
  │ ^^^^^^^^^^^^^^^^^^^^^^^^^^^
  ╵
  node_modules/@carbon/themes/scss/compat/_themes.scss 8:1                             @use
  node_modules/@carbon/styles/scss/compat/_themes.scss 9:1                             @use
  node_modules/@carbon/styles/scss/theme/_theme.scss 12:1                              @use
  node_modules/@carbon/styles/scss/layer/_layer-sets.scss 9:1                          @forward
  node_modules/@carbon/styles/scss/_layer.scss 8:1                                     @use
  node_modules/@carbon/styles/scss/components/loading/_loading.scss 12:1               @forward
  node_modules/@carbon/styles/scss/components/loading/_index.scss 8:1                  @use
  node_modules/@carbon/styles/scss/components/inline-loading/_inline-loading.scss 9:1  @forward
  node_modules/@carbon/styles/scss/components/inline-loading/_index.scss 8:1           @forward
  packages/carbon-components/scss/components/inline-loading/_index.scss 9:1            @use
  stdin 2:1                                                                            root stylesheet]
    at expect (/Users/chrisvelgersdyk/Desktop/carbon-coverall/carbon-coverall-poc/node_modules/expect/build/index.js:128:15)
    at Object.expect (/Users/chrisvelgersdyk/Desktop/carbon-coverall/carbon-coverall-poc/packages/carbon-components/__tests__/scss-test.js:24:13)
    at Promise.then.completed (/Users/chrisvelgersdyk/Desktop/carbon-coverall/carbon-coverall-poc/node_modules/jest-circus/build/utils.js:333:28)
    at new Promise (&lt;anonymous&gt;)
    at callAsyncCircusFn (/Users/chrisvelgersdyk/Desktop/carbon-coverall/carbon-coverall-poc/node_modules/jest-circus/build/utils.js:259:10)
    at _callCircusTest (/Users/chrisvelgersdyk/Desktop/carbon-coverall/carbon-coverall-poc/node_modules/jest-circus/build/run.js:276:40)
    at processTicksAndRejections (node:internal/process/task_queues:95:5)
    at _runTest (/Users/chrisvelgersdyk/Desktop/carbon-coverall/carbon-coverall-poc/node_modules/jest-circus/build/run.js:208:3)
    at _runTestsForDescribeBlock (/Users/chrisvelgersdyk/Desktop/carbon-coverall/carbon-coverall-poc/node_modules/jest-circus/build/run.js:96:9)
    at _runTestsForDescribeBlock (/Users/chrisvelgersdyk/Desktop/carbon-coverall/carbon-coverall-poc/node_modules/jest-circus/build/run.js:90:9)</failure>
    </testcase>
    <testcase classname="@carbon/react/scss scss/components/inline-loading/inline-loading should be importable" name="@carbon/react/scss scss/components/inline-loading/inline-loading should be importable" time="0.015">
      <failure>Error: expect(received).resolves.toBeDefined()

Received promise rejected instead of resolved
Rejected to value: [Error: Can&apos;t find stylesheet to import.
  ╷
8 │ @forward &apos;generated/themes&apos;;
  │ ^^^^^^^^^^^^^^^^^^^^^^^^^^^
  ╵
  node_modules/@carbon/themes/scss/compat/_themes.scss 8:1                             @use
  node_modules/@carbon/styles/scss/compat/_themes.scss 9:1                             @use
  node_modules/@carbon/styles/scss/theme/_theme.scss 12:1                              @use
  node_modules/@carbon/styles/scss/layer/_layer-sets.scss 9:1                          @forward
  node_modules/@carbon/styles/scss/_layer.scss 8:1                                     @use
  node_modules/@carbon/styles/scss/components/loading/_loading.scss 12:1               @forward
  node_modules/@carbon/styles/scss/components/loading/_index.scss 8:1                  @use
  node_modules/@carbon/styles/scss/components/inline-loading/_inline-loading.scss 9:1  @forward
  packages/carbon-components/scss/components/inline-loading/_inline-loading.scss 9:1   @use
  stdin 2:1                                                                            root stylesheet]
    at expect (/Users/chrisvelgersdyk/Desktop/carbon-coverall/carbon-coverall-poc/node_modules/expect/build/index.js:128:15)
    at Object.expect (/Users/chrisvelgersdyk/Desktop/carbon-coverall/carbon-coverall-poc/packages/carbon-components/__tests__/scss-test.js:24:13)
    at Promise.then.completed (/Users/chrisvelgersdyk/Desktop/carbon-coverall/carbon-coverall-poc/node_modules/jest-circus/build/utils.js:333:28)
    at new Promise (&lt;anonymous&gt;)
    at callAsyncCircusFn (/Users/chrisvelgersdyk/Desktop/carbon-coverall/carbon-coverall-poc/node_modules/jest-circus/build/utils.js:259:10)
    at _callCircusTest (/Users/chrisvelgersdyk/Desktop/carbon-coverall/carbon-coverall-poc/node_modules/jest-circus/build/run.js:276:40)
    at processTicksAndRejections (node:internal/process/task_queues:95:5)
    at _runTest (/Users/chrisvelgersdyk/Desktop/carbon-coverall/carbon-coverall-poc/node_modules/jest-circus/build/run.js:208:3)
    at _runTestsForDescribeBlock (/Users/chrisvelgersdyk/Desktop/carbon-coverall/carbon-coverall-poc/node_modules/jest-circus/build/run.js:96:9)
    at _runTestsForDescribeBlock (/Users/chrisvelgersdyk/Desktop/carbon-coverall/carbon-coverall-poc/node_modules/jest-circus/build/run.js:90:9)</failure>
    </testcase>
    <testcase classname="@carbon/react/scss scss/components/link should be importable" name="@carbon/react/scss scss/components/link should be importable" time="0.006">
      <failure>Error: expect(received).resolves.toBeDefined()

Received promise rejected instead of resolved
Rejected to value: [Error: Can&apos;t find stylesheet to import.
  ╷
8 │ @forward &apos;./generated/fluid-spacing&apos;;
  │ ^^^^^^^^^^^^^^^^^^^^^^^^^^^^^^^^^^^^
  ╵
  node_modules/@carbon/layout/scss/_spacing.scss 8:1                @forward
  node_modules/@carbon/styles/scss/_spacing.scss 8:1                @use
  node_modules/@carbon/styles/scss/components/link/_link.scss 10:1  @forward
  node_modules/@carbon/styles/scss/components/link/_index.scss 8:1  @forward
  packages/carbon-components/scss/components/link/_index.scss 9:1   @use
  stdin 2:1                                                         root stylesheet]
    at expect (/Users/chrisvelgersdyk/Desktop/carbon-coverall/carbon-coverall-poc/node_modules/expect/build/index.js:128:15)
    at Object.expect (/Users/chrisvelgersdyk/Desktop/carbon-coverall/carbon-coverall-poc/packages/carbon-components/__tests__/scss-test.js:24:13)
    at Promise.then.completed (/Users/chrisvelgersdyk/Desktop/carbon-coverall/carbon-coverall-poc/node_modules/jest-circus/build/utils.js:333:28)
    at new Promise (&lt;anonymous&gt;)
    at callAsyncCircusFn (/Users/chrisvelgersdyk/Desktop/carbon-coverall/carbon-coverall-poc/node_modules/jest-circus/build/utils.js:259:10)
    at _callCircusTest (/Users/chrisvelgersdyk/Desktop/carbon-coverall/carbon-coverall-poc/node_modules/jest-circus/build/run.js:276:40)
    at processTicksAndRejections (node:internal/process/task_queues:95:5)
    at _runTest (/Users/chrisvelgersdyk/Desktop/carbon-coverall/carbon-coverall-poc/node_modules/jest-circus/build/run.js:208:3)
    at _runTestsForDescribeBlock (/Users/chrisvelgersdyk/Desktop/carbon-coverall/carbon-coverall-poc/node_modules/jest-circus/build/run.js:96:9)
    at _runTestsForDescribeBlock (/Users/chrisvelgersdyk/Desktop/carbon-coverall/carbon-coverall-poc/node_modules/jest-circus/build/run.js:90:9)</failure>
    </testcase>
    <testcase classname="@carbon/react/scss scss/components/link/link should be importable" name="@carbon/react/scss scss/components/link/link should be importable" time="0.005">
      <failure>Error: expect(received).resolves.toBeDefined()

Received promise rejected instead of resolved
Rejected to value: [Error: Can&apos;t find stylesheet to import.
  ╷
8 │ @forward &apos;./generated/fluid-spacing&apos;;
  │ ^^^^^^^^^^^^^^^^^^^^^^^^^^^^^^^^^^^^
  ╵
  node_modules/@carbon/layout/scss/_spacing.scss 8:1                @forward
  node_modules/@carbon/styles/scss/_spacing.scss 8:1                @use
  node_modules/@carbon/styles/scss/components/link/_link.scss 10:1  @forward
  packages/carbon-components/scss/components/link/_link.scss 9:1    @use
  stdin 2:1                                                         root stylesheet]
    at expect (/Users/chrisvelgersdyk/Desktop/carbon-coverall/carbon-coverall-poc/node_modules/expect/build/index.js:128:15)
    at Object.expect (/Users/chrisvelgersdyk/Desktop/carbon-coverall/carbon-coverall-poc/packages/carbon-components/__tests__/scss-test.js:24:13)
    at Promise.then.completed (/Users/chrisvelgersdyk/Desktop/carbon-coverall/carbon-coverall-poc/node_modules/jest-circus/build/utils.js:333:28)
    at new Promise (&lt;anonymous&gt;)
    at callAsyncCircusFn (/Users/chrisvelgersdyk/Desktop/carbon-coverall/carbon-coverall-poc/node_modules/jest-circus/build/utils.js:259:10)
    at _callCircusTest (/Users/chrisvelgersdyk/Desktop/carbon-coverall/carbon-coverall-poc/node_modules/jest-circus/build/run.js:276:40)
    at processTicksAndRejections (node:internal/process/task_queues:95:5)
    at _runTest (/Users/chrisvelgersdyk/Desktop/carbon-coverall/carbon-coverall-poc/node_modules/jest-circus/build/run.js:208:3)
    at _runTestsForDescribeBlock (/Users/chrisvelgersdyk/Desktop/carbon-coverall/carbon-coverall-poc/node_modules/jest-circus/build/run.js:96:9)
    at _runTestsForDescribeBlock (/Users/chrisvelgersdyk/Desktop/carbon-coverall/carbon-coverall-poc/node_modules/jest-circus/build/run.js:90:9)</failure>
    </testcase>
    <testcase classname="@carbon/react/scss scss/components/list should be importable" name="@carbon/react/scss scss/components/list should be importable" time="0.005">
      <failure>Error: expect(received).resolves.toBeDefined()

Received promise rejected instead of resolved
Rejected to value: [Error: Can&apos;t find stylesheet to import.
  ╷
8 │ @forward &apos;./generated/fluid-spacing&apos;;
  │ ^^^^^^^^^^^^^^^^^^^^^^^^^^^^^^^^^^^^
  ╵
  node_modules/@carbon/layout/scss/_spacing.scss 8:1                @forward
  node_modules/@carbon/styles/scss/_spacing.scss 8:1                @use
  node_modules/@carbon/styles/scss/components/list/_list.scss 13:1  @forward
  node_modules/@carbon/styles/scss/components/list/_index.scss 8:1  @forward
  packages/carbon-components/scss/components/list/_index.scss 9:1   @use
  stdin 2:1                                                         root stylesheet]
    at expect (/Users/chrisvelgersdyk/Desktop/carbon-coverall/carbon-coverall-poc/node_modules/expect/build/index.js:128:15)
    at Object.expect (/Users/chrisvelgersdyk/Desktop/carbon-coverall/carbon-coverall-poc/packages/carbon-components/__tests__/scss-test.js:24:13)
    at Promise.then.completed (/Users/chrisvelgersdyk/Desktop/carbon-coverall/carbon-coverall-poc/node_modules/jest-circus/build/utils.js:333:28)
    at new Promise (&lt;anonymous&gt;)
    at callAsyncCircusFn (/Users/chrisvelgersdyk/Desktop/carbon-coverall/carbon-coverall-poc/node_modules/jest-circus/build/utils.js:259:10)
    at _callCircusTest (/Users/chrisvelgersdyk/Desktop/carbon-coverall/carbon-coverall-poc/node_modules/jest-circus/build/run.js:276:40)
    at processTicksAndRejections (node:internal/process/task_queues:95:5)
    at _runTest (/Users/chrisvelgersdyk/Desktop/carbon-coverall/carbon-coverall-poc/node_modules/jest-circus/build/run.js:208:3)
    at _runTestsForDescribeBlock (/Users/chrisvelgersdyk/Desktop/carbon-coverall/carbon-coverall-poc/node_modules/jest-circus/build/run.js:96:9)
    at _runTestsForDescribeBlock (/Users/chrisvelgersdyk/Desktop/carbon-coverall/carbon-coverall-poc/node_modules/jest-circus/build/run.js:90:9)</failure>
    </testcase>
    <testcase classname="@carbon/react/scss scss/components/list/list should be importable" name="@carbon/react/scss scss/components/list/list should be importable" time="0.006">
      <failure>Error: expect(received).resolves.toBeDefined()

Received promise rejected instead of resolved
Rejected to value: [Error: Can&apos;t find stylesheet to import.
  ╷
8 │ @forward &apos;./generated/fluid-spacing&apos;;
  │ ^^^^^^^^^^^^^^^^^^^^^^^^^^^^^^^^^^^^
  ╵
  node_modules/@carbon/layout/scss/_spacing.scss 8:1                @forward
  node_modules/@carbon/styles/scss/_spacing.scss 8:1                @use
  node_modules/@carbon/styles/scss/components/list/_list.scss 13:1  @forward
  packages/carbon-components/scss/components/list/_list.scss 9:1    @use
  stdin 2:1                                                         root stylesheet]
    at expect (/Users/chrisvelgersdyk/Desktop/carbon-coverall/carbon-coverall-poc/node_modules/expect/build/index.js:128:15)
    at Object.expect (/Users/chrisvelgersdyk/Desktop/carbon-coverall/carbon-coverall-poc/packages/carbon-components/__tests__/scss-test.js:24:13)
    at Promise.then.completed (/Users/chrisvelgersdyk/Desktop/carbon-coverall/carbon-coverall-poc/node_modules/jest-circus/build/utils.js:333:28)
    at new Promise (&lt;anonymous&gt;)
    at callAsyncCircusFn (/Users/chrisvelgersdyk/Desktop/carbon-coverall/carbon-coverall-poc/node_modules/jest-circus/build/utils.js:259:10)
    at _callCircusTest (/Users/chrisvelgersdyk/Desktop/carbon-coverall/carbon-coverall-poc/node_modules/jest-circus/build/run.js:276:40)
    at processTicksAndRejections (node:internal/process/task_queues:95:5)
    at _runTest (/Users/chrisvelgersdyk/Desktop/carbon-coverall/carbon-coverall-poc/node_modules/jest-circus/build/run.js:208:3)
    at _runTestsForDescribeBlock (/Users/chrisvelgersdyk/Desktop/carbon-coverall/carbon-coverall-poc/node_modules/jest-circus/build/run.js:96:9)
    at _runTestsForDescribeBlock (/Users/chrisvelgersdyk/Desktop/carbon-coverall/carbon-coverall-poc/node_modules/jest-circus/build/run.js:90:9)</failure>
    </testcase>
    <testcase classname="@carbon/react/scss scss/components/list-box should be importable" name="@carbon/react/scss scss/components/list-box should be importable" time="0.021">
      <failure>Error: expect(received).resolves.toBeDefined()

Received promise rejected instead of resolved
Rejected to value: [Error: Can&apos;t find stylesheet to import.
  ╷
8 │ @forward &apos;generated/themes&apos;;
  │ ^^^^^^^^^^^^^^^^^^^^^^^^^^^
  ╵
  node_modules/@carbon/themes/scss/_themes.scss 8:1                        @forward
  node_modules/@carbon/styles/scss/_themes.scss 9:1                        @use
  node_modules/@carbon/styles/scss/components/button/_tokens.scss 10:1     @use
  node_modules/@carbon/styles/scss/components/list-box/_list-box.scss 8:1  @forward
  node_modules/@carbon/styles/scss/components/list-box/_index.scss 8:1     @forward
  packages/carbon-components/scss/components/list-box/_index.scss 9:1      @use
  stdin 2:1                                                                root stylesheet]
    at expect (/Users/chrisvelgersdyk/Desktop/carbon-coverall/carbon-coverall-poc/node_modules/expect/build/index.js:128:15)
    at Object.expect (/Users/chrisvelgersdyk/Desktop/carbon-coverall/carbon-coverall-poc/packages/carbon-components/__tests__/scss-test.js:24:13)
    at Promise.then.completed (/Users/chrisvelgersdyk/Desktop/carbon-coverall/carbon-coverall-poc/node_modules/jest-circus/build/utils.js:333:28)
    at new Promise (&lt;anonymous&gt;)
    at callAsyncCircusFn (/Users/chrisvelgersdyk/Desktop/carbon-coverall/carbon-coverall-poc/node_modules/jest-circus/build/utils.js:259:10)
    at _callCircusTest (/Users/chrisvelgersdyk/Desktop/carbon-coverall/carbon-coverall-poc/node_modules/jest-circus/build/run.js:276:40)
    at processTicksAndRejections (node:internal/process/task_queues:95:5)
    at _runTest (/Users/chrisvelgersdyk/Desktop/carbon-coverall/carbon-coverall-poc/node_modules/jest-circus/build/run.js:208:3)
    at _runTestsForDescribeBlock (/Users/chrisvelgersdyk/Desktop/carbon-coverall/carbon-coverall-poc/node_modules/jest-circus/build/run.js:96:9)
    at _runTestsForDescribeBlock (/Users/chrisvelgersdyk/Desktop/carbon-coverall/carbon-coverall-poc/node_modules/jest-circus/build/run.js:90:9)</failure>
    </testcase>
    <testcase classname="@carbon/react/scss scss/components/list-box/list-box should be importable" name="@carbon/react/scss scss/components/list-box/list-box should be importable" time="0.02">
      <failure>Error: expect(received).resolves.toBeDefined()

Received promise rejected instead of resolved
Rejected to value: [Error: Can&apos;t find stylesheet to import.
  ╷
8 │ @forward &apos;generated/themes&apos;;
  │ ^^^^^^^^^^^^^^^^^^^^^^^^^^^
  ╵
  node_modules/@carbon/themes/scss/_themes.scss 8:1                        @forward
  node_modules/@carbon/styles/scss/_themes.scss 9:1                        @use
  node_modules/@carbon/styles/scss/components/button/_tokens.scss 10:1     @use
  node_modules/@carbon/styles/scss/components/list-box/_list-box.scss 8:1  @forward
  packages/carbon-components/scss/components/list-box/_list-box.scss 9:1   @use
  stdin 2:1                                                                root stylesheet]
    at expect (/Users/chrisvelgersdyk/Desktop/carbon-coverall/carbon-coverall-poc/node_modules/expect/build/index.js:128:15)
    at Object.expect (/Users/chrisvelgersdyk/Desktop/carbon-coverall/carbon-coverall-poc/packages/carbon-components/__tests__/scss-test.js:24:13)
    at Promise.then.completed (/Users/chrisvelgersdyk/Desktop/carbon-coverall/carbon-coverall-poc/node_modules/jest-circus/build/utils.js:333:28)
    at new Promise (&lt;anonymous&gt;)
    at callAsyncCircusFn (/Users/chrisvelgersdyk/Desktop/carbon-coverall/carbon-coverall-poc/node_modules/jest-circus/build/utils.js:259:10)
    at _callCircusTest (/Users/chrisvelgersdyk/Desktop/carbon-coverall/carbon-coverall-poc/node_modules/jest-circus/build/run.js:276:40)
    at processTicksAndRejections (node:internal/process/task_queues:95:5)
    at _runTest (/Users/chrisvelgersdyk/Desktop/carbon-coverall/carbon-coverall-poc/node_modules/jest-circus/build/run.js:208:3)
    at _runTestsForDescribeBlock (/Users/chrisvelgersdyk/Desktop/carbon-coverall/carbon-coverall-poc/node_modules/jest-circus/build/run.js:96:9)
    at _runTestsForDescribeBlock (/Users/chrisvelgersdyk/Desktop/carbon-coverall/carbon-coverall-poc/node_modules/jest-circus/build/run.js:90:9)</failure>
    </testcase>
    <testcase classname="@carbon/react/scss scss/components/loading should be importable" name="@carbon/react/scss scss/components/loading should be importable" time="0.008">
      <failure>Error: expect(received).resolves.toBeDefined()

Received promise rejected instead of resolved
Rejected to value: [Error: Can&apos;t find stylesheet to import.
  ╷
8 │ @forward &apos;generated/themes&apos;;
  │ ^^^^^^^^^^^^^^^^^^^^^^^^^^^
  ╵
  node_modules/@carbon/themes/scss/compat/_themes.scss 8:1                @use
  node_modules/@carbon/styles/scss/compat/_themes.scss 9:1                @use
  node_modules/@carbon/styles/scss/theme/_theme.scss 12:1                 @use
  node_modules/@carbon/styles/scss/layer/_layer-sets.scss 9:1             @forward
  node_modules/@carbon/styles/scss/_layer.scss 8:1                        @use
  node_modules/@carbon/styles/scss/components/loading/_loading.scss 12:1  @forward
  node_modules/@carbon/styles/scss/components/loading/_index.scss 8:1     @forward
  packages/carbon-components/scss/components/loading/_index.scss 9:1      @use
  stdin 2:1                                                               root stylesheet]
    at expect (/Users/chrisvelgersdyk/Desktop/carbon-coverall/carbon-coverall-poc/node_modules/expect/build/index.js:128:15)
    at Object.expect (/Users/chrisvelgersdyk/Desktop/carbon-coverall/carbon-coverall-poc/packages/carbon-components/__tests__/scss-test.js:24:13)
    at Promise.then.completed (/Users/chrisvelgersdyk/Desktop/carbon-coverall/carbon-coverall-poc/node_modules/jest-circus/build/utils.js:333:28)
    at new Promise (&lt;anonymous&gt;)
    at callAsyncCircusFn (/Users/chrisvelgersdyk/Desktop/carbon-coverall/carbon-coverall-poc/node_modules/jest-circus/build/utils.js:259:10)
    at _callCircusTest (/Users/chrisvelgersdyk/Desktop/carbon-coverall/carbon-coverall-poc/node_modules/jest-circus/build/run.js:276:40)
    at processTicksAndRejections (node:internal/process/task_queues:95:5)
    at _runTest (/Users/chrisvelgersdyk/Desktop/carbon-coverall/carbon-coverall-poc/node_modules/jest-circus/build/run.js:208:3)
    at _runTestsForDescribeBlock (/Users/chrisvelgersdyk/Desktop/carbon-coverall/carbon-coverall-poc/node_modules/jest-circus/build/run.js:96:9)
    at _runTestsForDescribeBlock (/Users/chrisvelgersdyk/Desktop/carbon-coverall/carbon-coverall-poc/node_modules/jest-circus/build/run.js:90:9)</failure>
    </testcase>
    <testcase classname="@carbon/react/scss scss/components/loading/loading should be importable" name="@carbon/react/scss scss/components/loading/loading should be importable" time="0.117">
      <failure>Error: expect(received).resolves.toBeDefined()

Received promise rejected instead of resolved
Rejected to value: [Error: Can&apos;t find stylesheet to import.
  ╷
8 │ @forward &apos;generated/themes&apos;;
  │ ^^^^^^^^^^^^^^^^^^^^^^^^^^^
  ╵
  node_modules/@carbon/themes/scss/compat/_themes.scss 8:1                @use
  node_modules/@carbon/styles/scss/compat/_themes.scss 9:1                @use
  node_modules/@carbon/styles/scss/theme/_theme.scss 12:1                 @use
  node_modules/@carbon/styles/scss/layer/_layer-sets.scss 9:1             @forward
  node_modules/@carbon/styles/scss/_layer.scss 8:1                        @use
  node_modules/@carbon/styles/scss/components/loading/_loading.scss 12:1  @forward
  packages/carbon-components/scss/components/loading/_loading.scss 9:1    @use
  stdin 2:1                                                               root stylesheet]
    at expect (/Users/chrisvelgersdyk/Desktop/carbon-coverall/carbon-coverall-poc/node_modules/expect/build/index.js:128:15)
    at Object.expect (/Users/chrisvelgersdyk/Desktop/carbon-coverall/carbon-coverall-poc/packages/carbon-components/__tests__/scss-test.js:24:13)
    at Promise.then.completed (/Users/chrisvelgersdyk/Desktop/carbon-coverall/carbon-coverall-poc/node_modules/jest-circus/build/utils.js:333:28)
    at new Promise (&lt;anonymous&gt;)
    at callAsyncCircusFn (/Users/chrisvelgersdyk/Desktop/carbon-coverall/carbon-coverall-poc/node_modules/jest-circus/build/utils.js:259:10)
    at _callCircusTest (/Users/chrisvelgersdyk/Desktop/carbon-coverall/carbon-coverall-poc/node_modules/jest-circus/build/run.js:276:40)
    at processTicksAndRejections (node:internal/process/task_queues:95:5)
    at _runTest (/Users/chrisvelgersdyk/Desktop/carbon-coverall/carbon-coverall-poc/node_modules/jest-circus/build/run.js:208:3)
    at _runTestsForDescribeBlock (/Users/chrisvelgersdyk/Desktop/carbon-coverall/carbon-coverall-poc/node_modules/jest-circus/build/run.js:96:9)
    at _runTestsForDescribeBlock (/Users/chrisvelgersdyk/Desktop/carbon-coverall/carbon-coverall-poc/node_modules/jest-circus/build/run.js:90:9)</failure>
    </testcase>
    <testcase classname="@carbon/react/scss scss/components/menu should be importable" name="@carbon/react/scss scss/components/menu should be importable" time="0.007">
      <failure>Error: expect(received).resolves.toBeDefined()

Received promise rejected instead of resolved
Rejected to value: [Error: Can&apos;t find stylesheet to import.
  ╷
8 │ @forward &apos;generated/themes&apos;;
  │ ^^^^^^^^^^^^^^^^^^^^^^^^^^^
  ╵
  node_modules/@carbon/themes/scss/_themes.scss 8:1                     @forward
  node_modules/@carbon/styles/scss/_themes.scss 9:1                     @use
  node_modules/@carbon/styles/scss/components/button/_tokens.scss 10:1  @use
  node_modules/@carbon/styles/scss/components/menu/_menu.scss 8:1       @forward
  node_modules/@carbon/styles/scss/components/menu/_index.scss 8:1      @forward
  packages/carbon-components/scss/components/menu/_index.scss 9:1       @use
  stdin 2:1                                                             root stylesheet]
    at expect (/Users/chrisvelgersdyk/Desktop/carbon-coverall/carbon-coverall-poc/node_modules/expect/build/index.js:128:15)
    at Object.expect (/Users/chrisvelgersdyk/Desktop/carbon-coverall/carbon-coverall-poc/packages/carbon-components/__tests__/scss-test.js:24:13)
    at Promise.then.completed (/Users/chrisvelgersdyk/Desktop/carbon-coverall/carbon-coverall-poc/node_modules/jest-circus/build/utils.js:333:28)
    at new Promise (&lt;anonymous&gt;)
    at callAsyncCircusFn (/Users/chrisvelgersdyk/Desktop/carbon-coverall/carbon-coverall-poc/node_modules/jest-circus/build/utils.js:259:10)
    at _callCircusTest (/Users/chrisvelgersdyk/Desktop/carbon-coverall/carbon-coverall-poc/node_modules/jest-circus/build/run.js:276:40)
    at processTicksAndRejections (node:internal/process/task_queues:95:5)
    at _runTest (/Users/chrisvelgersdyk/Desktop/carbon-coverall/carbon-coverall-poc/node_modules/jest-circus/build/run.js:208:3)
    at _runTestsForDescribeBlock (/Users/chrisvelgersdyk/Desktop/carbon-coverall/carbon-coverall-poc/node_modules/jest-circus/build/run.js:96:9)
    at _runTestsForDescribeBlock (/Users/chrisvelgersdyk/Desktop/carbon-coverall/carbon-coverall-poc/node_modules/jest-circus/build/run.js:90:9)</failure>
    </testcase>
    <testcase classname="@carbon/react/scss scss/components/menu/menu should be importable" name="@carbon/react/scss scss/components/menu/menu should be importable" time="0.007">
      <failure>Error: expect(received).resolves.toBeDefined()

Received promise rejected instead of resolved
Rejected to value: [Error: Can&apos;t find stylesheet to import.
  ╷
8 │ @forward &apos;generated/themes&apos;;
  │ ^^^^^^^^^^^^^^^^^^^^^^^^^^^
  ╵
  node_modules/@carbon/themes/scss/_themes.scss 8:1                     @forward
  node_modules/@carbon/styles/scss/_themes.scss 9:1                     @use
  node_modules/@carbon/styles/scss/components/button/_tokens.scss 10:1  @use
  node_modules/@carbon/styles/scss/components/menu/_menu.scss 8:1       @forward
  packages/carbon-components/scss/components/menu/_menu.scss 9:1        @use
  stdin 2:1                                                             root stylesheet]
    at expect (/Users/chrisvelgersdyk/Desktop/carbon-coverall/carbon-coverall-poc/node_modules/expect/build/index.js:128:15)
    at Object.expect (/Users/chrisvelgersdyk/Desktop/carbon-coverall/carbon-coverall-poc/packages/carbon-components/__tests__/scss-test.js:24:13)
    at Promise.then.completed (/Users/chrisvelgersdyk/Desktop/carbon-coverall/carbon-coverall-poc/node_modules/jest-circus/build/utils.js:333:28)
    at new Promise (&lt;anonymous&gt;)
    at callAsyncCircusFn (/Users/chrisvelgersdyk/Desktop/carbon-coverall/carbon-coverall-poc/node_modules/jest-circus/build/utils.js:259:10)
    at _callCircusTest (/Users/chrisvelgersdyk/Desktop/carbon-coverall/carbon-coverall-poc/node_modules/jest-circus/build/run.js:276:40)
    at processTicksAndRejections (node:internal/process/task_queues:95:5)
    at _runTest (/Users/chrisvelgersdyk/Desktop/carbon-coverall/carbon-coverall-poc/node_modules/jest-circus/build/run.js:208:3)
    at _runTestsForDescribeBlock (/Users/chrisvelgersdyk/Desktop/carbon-coverall/carbon-coverall-poc/node_modules/jest-circus/build/run.js:96:9)
    at _runTestsForDescribeBlock (/Users/chrisvelgersdyk/Desktop/carbon-coverall/carbon-coverall-poc/node_modules/jest-circus/build/run.js:90:9)</failure>
    </testcase>
    <testcase classname="@carbon/react/scss scss/components/modal should be importable" name="@carbon/react/scss scss/components/modal should be importable" time="0.006">
      <failure>Error: expect(received).resolves.toBeDefined()

Received promise rejected instead of resolved
Rejected to value: [Error: Can&apos;t find stylesheet to import.
  ╷
8 │ @forward &apos;./generated/fluid-spacing&apos;;
  │ ^^^^^^^^^^^^^^^^^^^^^^^^^^^^^^^^^^^^
  ╵
  node_modules/@carbon/layout/scss/_spacing.scss 8:1                  @forward
  node_modules/@carbon/styles/scss/_spacing.scss 8:1                  @use
  node_modules/@carbon/styles/scss/components/button/_vars.scss 8:1   @forward
  node_modules/@carbon/styles/scss/components/button/_index.scss 8:1  @use
  node_modules/@carbon/styles/scss/components/modal/_modal.scss 8:1   @forward
  node_modules/@carbon/styles/scss/components/modal/_index.scss 8:1   @forward
  packages/carbon-components/scss/components/modal/_index.scss 9:1    @use
  stdin 2:1                                                           root stylesheet]
    at expect (/Users/chrisvelgersdyk/Desktop/carbon-coverall/carbon-coverall-poc/node_modules/expect/build/index.js:128:15)
    at Object.expect (/Users/chrisvelgersdyk/Desktop/carbon-coverall/carbon-coverall-poc/packages/carbon-components/__tests__/scss-test.js:24:13)
    at Promise.then.completed (/Users/chrisvelgersdyk/Desktop/carbon-coverall/carbon-coverall-poc/node_modules/jest-circus/build/utils.js:333:28)
    at new Promise (&lt;anonymous&gt;)
    at callAsyncCircusFn (/Users/chrisvelgersdyk/Desktop/carbon-coverall/carbon-coverall-poc/node_modules/jest-circus/build/utils.js:259:10)
    at _callCircusTest (/Users/chrisvelgersdyk/Desktop/carbon-coverall/carbon-coverall-poc/node_modules/jest-circus/build/run.js:276:40)
    at processTicksAndRejections (node:internal/process/task_queues:95:5)
    at _runTest (/Users/chrisvelgersdyk/Desktop/carbon-coverall/carbon-coverall-poc/node_modules/jest-circus/build/run.js:208:3)
    at _runTestsForDescribeBlock (/Users/chrisvelgersdyk/Desktop/carbon-coverall/carbon-coverall-poc/node_modules/jest-circus/build/run.js:96:9)
    at _runTestsForDescribeBlock (/Users/chrisvelgersdyk/Desktop/carbon-coverall/carbon-coverall-poc/node_modules/jest-circus/build/run.js:90:9)</failure>
    </testcase>
    <testcase classname="@carbon/react/scss scss/components/modal/modal should be importable" name="@carbon/react/scss scss/components/modal/modal should be importable" time="0.008">
      <failure>Error: expect(received).resolves.toBeDefined()

Received promise rejected instead of resolved
Rejected to value: [Error: Can&apos;t find stylesheet to import.
  ╷
8 │ @forward &apos;./generated/fluid-spacing&apos;;
  │ ^^^^^^^^^^^^^^^^^^^^^^^^^^^^^^^^^^^^
  ╵
  node_modules/@carbon/layout/scss/_spacing.scss 8:1                  @forward
  node_modules/@carbon/styles/scss/_spacing.scss 8:1                  @use
  node_modules/@carbon/styles/scss/components/button/_vars.scss 8:1   @forward
  node_modules/@carbon/styles/scss/components/button/_index.scss 8:1  @use
  node_modules/@carbon/styles/scss/components/modal/_modal.scss 8:1   @forward
  packages/carbon-components/scss/components/modal/_modal.scss 9:1    @use
  stdin 2:1                                                           root stylesheet]
    at expect (/Users/chrisvelgersdyk/Desktop/carbon-coverall/carbon-coverall-poc/node_modules/expect/build/index.js:128:15)
    at Object.expect (/Users/chrisvelgersdyk/Desktop/carbon-coverall/carbon-coverall-poc/packages/carbon-components/__tests__/scss-test.js:24:13)
    at Promise.then.completed (/Users/chrisvelgersdyk/Desktop/carbon-coverall/carbon-coverall-poc/node_modules/jest-circus/build/utils.js:333:28)
    at new Promise (&lt;anonymous&gt;)
    at callAsyncCircusFn (/Users/chrisvelgersdyk/Desktop/carbon-coverall/carbon-coverall-poc/node_modules/jest-circus/build/utils.js:259:10)
    at _callCircusTest (/Users/chrisvelgersdyk/Desktop/carbon-coverall/carbon-coverall-poc/node_modules/jest-circus/build/run.js:276:40)
    at processTicksAndRejections (node:internal/process/task_queues:95:5)
    at _runTest (/Users/chrisvelgersdyk/Desktop/carbon-coverall/carbon-coverall-poc/node_modules/jest-circus/build/run.js:208:3)
    at _runTestsForDescribeBlock (/Users/chrisvelgersdyk/Desktop/carbon-coverall/carbon-coverall-poc/node_modules/jest-circus/build/run.js:96:9)
    at _runTestsForDescribeBlock (/Users/chrisvelgersdyk/Desktop/carbon-coverall/carbon-coverall-poc/node_modules/jest-circus/build/run.js:90:9)</failure>
    </testcase>
    <testcase classname="@carbon/react/scss scss/components/multiselect should be importable" name="@carbon/react/scss scss/components/multiselect should be importable" time="0.019">
      <failure>Error: expect(received).resolves.toBeDefined()

Received promise rejected instead of resolved
Rejected to value: [Error: Can&apos;t find stylesheet to import.
  ╷
8 │ @forward &apos;./generated/fluid-spacing&apos;;
  │ ^^^^^^^^^^^^^^^^^^^^^^^^^^^^^^^^^^^^
  ╵
  node_modules/@carbon/layout/scss/_spacing.scss 8:1                             @forward
  node_modules/@carbon/styles/scss/_spacing.scss 8:1                             @use
  node_modules/@carbon/styles/scss/components/form/_form.scss 9:1                @forward
  node_modules/@carbon/styles/scss/components/form/_index.scss 8:1               @use
  node_modules/@carbon/styles/scss/components/checkbox/_checkbox.scss 8:1        @forward
  node_modules/@carbon/styles/scss/components/checkbox/_index.scss 8:1           @use
  node_modules/@carbon/styles/scss/components/multiselect/_multiselect.scss 8:1  @forward
  node_modules/@carbon/styles/scss/components/multiselect/_index.scss 8:1        @forward
  packages/carbon-components/scss/components/multiselect/_index.scss 9:1         @use
  stdin 2:1                                                                      root stylesheet]
    at expect (/Users/chrisvelgersdyk/Desktop/carbon-coverall/carbon-coverall-poc/node_modules/expect/build/index.js:128:15)
    at Object.expect (/Users/chrisvelgersdyk/Desktop/carbon-coverall/carbon-coverall-poc/packages/carbon-components/__tests__/scss-test.js:24:13)
    at Promise.then.completed (/Users/chrisvelgersdyk/Desktop/carbon-coverall/carbon-coverall-poc/node_modules/jest-circus/build/utils.js:333:28)
    at new Promise (&lt;anonymous&gt;)
    at callAsyncCircusFn (/Users/chrisvelgersdyk/Desktop/carbon-coverall/carbon-coverall-poc/node_modules/jest-circus/build/utils.js:259:10)
    at _callCircusTest (/Users/chrisvelgersdyk/Desktop/carbon-coverall/carbon-coverall-poc/node_modules/jest-circus/build/run.js:276:40)
    at processTicksAndRejections (node:internal/process/task_queues:95:5)
    at _runTest (/Users/chrisvelgersdyk/Desktop/carbon-coverall/carbon-coverall-poc/node_modules/jest-circus/build/run.js:208:3)
    at _runTestsForDescribeBlock (/Users/chrisvelgersdyk/Desktop/carbon-coverall/carbon-coverall-poc/node_modules/jest-circus/build/run.js:96:9)
    at _runTestsForDescribeBlock (/Users/chrisvelgersdyk/Desktop/carbon-coverall/carbon-coverall-poc/node_modules/jest-circus/build/run.js:90:9)</failure>
    </testcase>
    <testcase classname="@carbon/react/scss scss/components/multiselect/multiselect should be importable" name="@carbon/react/scss scss/components/multiselect/multiselect should be importable" time="0.012">
      <failure>Error: expect(received).resolves.toBeDefined()

Received promise rejected instead of resolved
Rejected to value: [Error: Can&apos;t find stylesheet to import.
  ╷
8 │ @forward &apos;./generated/fluid-spacing&apos;;
  │ ^^^^^^^^^^^^^^^^^^^^^^^^^^^^^^^^^^^^
  ╵
  node_modules/@carbon/layout/scss/_spacing.scss 8:1                             @forward
  node_modules/@carbon/styles/scss/_spacing.scss 8:1                             @use
  node_modules/@carbon/styles/scss/components/form/_form.scss 9:1                @forward
  node_modules/@carbon/styles/scss/components/form/_index.scss 8:1               @use
  node_modules/@carbon/styles/scss/components/checkbox/_checkbox.scss 8:1        @forward
  node_modules/@carbon/styles/scss/components/checkbox/_index.scss 8:1           @use
  node_modules/@carbon/styles/scss/components/multiselect/_multiselect.scss 8:1  @forward
  packages/carbon-components/scss/components/multiselect/_multiselect.scss 9:1   @use
  stdin 2:1                                                                      root stylesheet]
    at expect (/Users/chrisvelgersdyk/Desktop/carbon-coverall/carbon-coverall-poc/node_modules/expect/build/index.js:128:15)
    at Object.expect (/Users/chrisvelgersdyk/Desktop/carbon-coverall/carbon-coverall-poc/packages/carbon-components/__tests__/scss-test.js:24:13)
    at Promise.then.completed (/Users/chrisvelgersdyk/Desktop/carbon-coverall/carbon-coverall-poc/node_modules/jest-circus/build/utils.js:333:28)
    at new Promise (&lt;anonymous&gt;)
    at callAsyncCircusFn (/Users/chrisvelgersdyk/Desktop/carbon-coverall/carbon-coverall-poc/node_modules/jest-circus/build/utils.js:259:10)
    at _callCircusTest (/Users/chrisvelgersdyk/Desktop/carbon-coverall/carbon-coverall-poc/node_modules/jest-circus/build/run.js:276:40)
    at processTicksAndRejections (node:internal/process/task_queues:95:5)
    at _runTest (/Users/chrisvelgersdyk/Desktop/carbon-coverall/carbon-coverall-poc/node_modules/jest-circus/build/run.js:208:3)
    at _runTestsForDescribeBlock (/Users/chrisvelgersdyk/Desktop/carbon-coverall/carbon-coverall-poc/node_modules/jest-circus/build/run.js:96:9)
    at _runTestsForDescribeBlock (/Users/chrisvelgersdyk/Desktop/carbon-coverall/carbon-coverall-poc/node_modules/jest-circus/build/run.js:90:9)</failure>
    </testcase>
    <testcase classname="@carbon/react/scss scss/components/notification/actionable-notification should be importable" name="@carbon/react/scss scss/components/notification/actionable-notification should be importable" time="0.018">
      <failure>Error: expect(received).resolves.toBeDefined()

Received promise rejected instead of resolved
Rejected to value: [Error: Can&apos;t find stylesheet to import.
  ╷
8 │ @forward &apos;./generated/fluid-spacing&apos;;
  │ ^^^^^^^^^^^^^^^^^^^^^^^^^^^^^^^^^^^^
  ╵
  node_modules/@carbon/layout/scss/_spacing.scss 8:1                                          @forward
  node_modules/@carbon/styles/scss/_spacing.scss 8:1                                          @use
  node_modules/@carbon/styles/scss/components/button/_vars.scss 8:1                           @forward
  node_modules/@carbon/styles/scss/components/button/_index.scss 8:1                          @use
  node_modules/@carbon/styles/scss/components/notification/_actionable-notification.scss 8:1  @forward
  packages/carbon-components/scss/components/notification/_actionable-notification.scss 9:1   @use
  stdin 2:1                                                                                   root stylesheet]
    at expect (/Users/chrisvelgersdyk/Desktop/carbon-coverall/carbon-coverall-poc/node_modules/expect/build/index.js:128:15)
    at Object.expect (/Users/chrisvelgersdyk/Desktop/carbon-coverall/carbon-coverall-poc/packages/carbon-components/__tests__/scss-test.js:24:13)
    at Promise.then.completed (/Users/chrisvelgersdyk/Desktop/carbon-coverall/carbon-coverall-poc/node_modules/jest-circus/build/utils.js:333:28)
    at new Promise (&lt;anonymous&gt;)
    at callAsyncCircusFn (/Users/chrisvelgersdyk/Desktop/carbon-coverall/carbon-coverall-poc/node_modules/jest-circus/build/utils.js:259:10)
    at _callCircusTest (/Users/chrisvelgersdyk/Desktop/carbon-coverall/carbon-coverall-poc/node_modules/jest-circus/build/run.js:276:40)
    at processTicksAndRejections (node:internal/process/task_queues:95:5)
    at _runTest (/Users/chrisvelgersdyk/Desktop/carbon-coverall/carbon-coverall-poc/node_modules/jest-circus/build/run.js:208:3)
    at _runTestsForDescribeBlock (/Users/chrisvelgersdyk/Desktop/carbon-coverall/carbon-coverall-poc/node_modules/jest-circus/build/run.js:96:9)
    at _runTestsForDescribeBlock (/Users/chrisvelgersdyk/Desktop/carbon-coverall/carbon-coverall-poc/node_modules/jest-circus/build/run.js:90:9)</failure>
    </testcase>
    <testcase classname="@carbon/react/scss scss/components/notification should be importable" name="@carbon/react/scss scss/components/notification should be importable" time="0.009">
      <failure>Error: expect(received).resolves.toBeDefined()

Received promise rejected instead of resolved
Rejected to value: [Error: Can&apos;t find stylesheet to import.
  ╷
8 │ @forward &apos;@carbon/colors&apos;;
  │ ^^^^^^^^^^^^^^^^^^^^^^^^^
  ╵
  node_modules/@carbon/styles/scss/_colors.scss 8:1                           @use
  node_modules/@carbon/styles/scss/components/notification/_tokens.scss 12:1  @forward
  node_modules/@carbon/styles/scss/components/notification/_index.scss 8:1    @forward
  packages/carbon-components/scss/components/notification/_index.scss 9:1     @use
  stdin 2:1                                                                   root stylesheet]
    at expect (/Users/chrisvelgersdyk/Desktop/carbon-coverall/carbon-coverall-poc/node_modules/expect/build/index.js:128:15)
    at Object.expect (/Users/chrisvelgersdyk/Desktop/carbon-coverall/carbon-coverall-poc/packages/carbon-components/__tests__/scss-test.js:24:13)
    at Promise.then.completed (/Users/chrisvelgersdyk/Desktop/carbon-coverall/carbon-coverall-poc/node_modules/jest-circus/build/utils.js:333:28)
    at new Promise (&lt;anonymous&gt;)
    at callAsyncCircusFn (/Users/chrisvelgersdyk/Desktop/carbon-coverall/carbon-coverall-poc/node_modules/jest-circus/build/utils.js:259:10)
    at _callCircusTest (/Users/chrisvelgersdyk/Desktop/carbon-coverall/carbon-coverall-poc/node_modules/jest-circus/build/run.js:276:40)
    at processTicksAndRejections (node:internal/process/task_queues:95:5)
    at _runTest (/Users/chrisvelgersdyk/Desktop/carbon-coverall/carbon-coverall-poc/node_modules/jest-circus/build/run.js:208:3)
    at _runTestsForDescribeBlock (/Users/chrisvelgersdyk/Desktop/carbon-coverall/carbon-coverall-poc/node_modules/jest-circus/build/run.js:96:9)
    at _runTestsForDescribeBlock (/Users/chrisvelgersdyk/Desktop/carbon-coverall/carbon-coverall-poc/node_modules/jest-circus/build/run.js:90:9)</failure>
    </testcase>
    <testcase classname="@carbon/react/scss scss/components/notification/inline-notification should be importable" name="@carbon/react/scss scss/components/notification/inline-notification should be importable" time="0.008">
      <failure>Error: expect(received).resolves.toBeDefined()

Received promise rejected instead of resolved
Rejected to value: [Error: Can&apos;t find stylesheet to import.
  ╷
8 │ @forward &apos;@carbon/colors&apos;;
  │ ^^^^^^^^^^^^^^^^^^^^^^^^^
  ╵
  node_modules/@carbon/styles/scss/_colors.scss 8:1                                       @use
  node_modules/@carbon/styles/scss/components/notification/_inline-notification.scss 9:1  @forward
  packages/carbon-components/scss/components/notification/_inline-notification.scss 9:1   @use
  stdin 2:1                                                                               root stylesheet]
    at expect (/Users/chrisvelgersdyk/Desktop/carbon-coverall/carbon-coverall-poc/node_modules/expect/build/index.js:128:15)
    at Object.expect (/Users/chrisvelgersdyk/Desktop/carbon-coverall/carbon-coverall-poc/packages/carbon-components/__tests__/scss-test.js:24:13)
    at Promise.then.completed (/Users/chrisvelgersdyk/Desktop/carbon-coverall/carbon-coverall-poc/node_modules/jest-circus/build/utils.js:333:28)
    at new Promise (&lt;anonymous&gt;)
    at callAsyncCircusFn (/Users/chrisvelgersdyk/Desktop/carbon-coverall/carbon-coverall-poc/node_modules/jest-circus/build/utils.js:259:10)
    at _callCircusTest (/Users/chrisvelgersdyk/Desktop/carbon-coverall/carbon-coverall-poc/node_modules/jest-circus/build/run.js:276:40)
    at processTicksAndRejections (node:internal/process/task_queues:95:5)
    at _runTest (/Users/chrisvelgersdyk/Desktop/carbon-coverall/carbon-coverall-poc/node_modules/jest-circus/build/run.js:208:3)
    at _runTestsForDescribeBlock (/Users/chrisvelgersdyk/Desktop/carbon-coverall/carbon-coverall-poc/node_modules/jest-circus/build/run.js:96:9)
    at _runTestsForDescribeBlock (/Users/chrisvelgersdyk/Desktop/carbon-coverall/carbon-coverall-poc/node_modules/jest-circus/build/run.js:90:9)</failure>
    </testcase>
    <testcase classname="@carbon/react/scss scss/components/notification/toast-notification should be importable" name="@carbon/react/scss scss/components/notification/toast-notification should be importable" time="0.012">
      <failure>Error: expect(received).resolves.toBeDefined()

Received promise rejected instead of resolved
Rejected to value: [Error: Can&apos;t find stylesheet to import.
  ╷
8 │ @forward &apos;@carbon/colors&apos;;
  │ ^^^^^^^^^^^^^^^^^^^^^^^^^
  ╵
  node_modules/@carbon/styles/scss/_colors.scss 8:1                                      @use
  node_modules/@carbon/styles/scss/components/notification/_tokens.scss 12:1             @use
  node_modules/@carbon/styles/scss/components/notification/_toast-notification.scss 9:1  @forward
  packages/carbon-components/scss/components/notification/_toast-notification.scss 9:1   @use
  stdin 2:1                                                                              root stylesheet]
    at expect (/Users/chrisvelgersdyk/Desktop/carbon-coverall/carbon-coverall-poc/node_modules/expect/build/index.js:128:15)
    at Object.expect (/Users/chrisvelgersdyk/Desktop/carbon-coverall/carbon-coverall-poc/packages/carbon-components/__tests__/scss-test.js:24:13)
    at Promise.then.completed (/Users/chrisvelgersdyk/Desktop/carbon-coverall/carbon-coverall-poc/node_modules/jest-circus/build/utils.js:333:28)
    at new Promise (&lt;anonymous&gt;)
    at callAsyncCircusFn (/Users/chrisvelgersdyk/Desktop/carbon-coverall/carbon-coverall-poc/node_modules/jest-circus/build/utils.js:259:10)
    at _callCircusTest (/Users/chrisvelgersdyk/Desktop/carbon-coverall/carbon-coverall-poc/node_modules/jest-circus/build/run.js:276:40)
    at processTicksAndRejections (node:internal/process/task_queues:95:5)
    at _runTest (/Users/chrisvelgersdyk/Desktop/carbon-coverall/carbon-coverall-poc/node_modules/jest-circus/build/run.js:208:3)
    at _runTestsForDescribeBlock (/Users/chrisvelgersdyk/Desktop/carbon-coverall/carbon-coverall-poc/node_modules/jest-circus/build/run.js:96:9)
    at _runTestsForDescribeBlock (/Users/chrisvelgersdyk/Desktop/carbon-coverall/carbon-coverall-poc/node_modules/jest-circus/build/run.js:90:9)</failure>
    </testcase>
    <testcase classname="@carbon/react/scss scss/components/notification/tokens should be importable" name="@carbon/react/scss scss/components/notification/tokens should be importable" time="0.005">
      <failure>Error: expect(received).resolves.toBeDefined()

Received promise rejected instead of resolved
Rejected to value: [Error: Can&apos;t find stylesheet to import.
  ╷
8 │ @forward &apos;@carbon/colors&apos;;
  │ ^^^^^^^^^^^^^^^^^^^^^^^^^
  ╵
  node_modules/@carbon/styles/scss/_colors.scss 8:1                           @use
  node_modules/@carbon/styles/scss/components/notification/_tokens.scss 12:1  @forward
  packages/carbon-components/scss/components/notification/_tokens.scss 9:1    @use
  stdin 2:1                                                                   root stylesheet]
    at expect (/Users/chrisvelgersdyk/Desktop/carbon-coverall/carbon-coverall-poc/node_modules/expect/build/index.js:128:15)
    at Object.expect (/Users/chrisvelgersdyk/Desktop/carbon-coverall/carbon-coverall-poc/packages/carbon-components/__tests__/scss-test.js:24:13)
    at Promise.then.completed (/Users/chrisvelgersdyk/Desktop/carbon-coverall/carbon-coverall-poc/node_modules/jest-circus/build/utils.js:333:28)
    at new Promise (&lt;anonymous&gt;)
    at callAsyncCircusFn (/Users/chrisvelgersdyk/Desktop/carbon-coverall/carbon-coverall-poc/node_modules/jest-circus/build/utils.js:259:10)
    at _callCircusTest (/Users/chrisvelgersdyk/Desktop/carbon-coverall/carbon-coverall-poc/node_modules/jest-circus/build/run.js:276:40)
    at processTicksAndRejections (node:internal/process/task_queues:95:5)
    at _runTest (/Users/chrisvelgersdyk/Desktop/carbon-coverall/carbon-coverall-poc/node_modules/jest-circus/build/run.js:208:3)
    at _runTestsForDescribeBlock (/Users/chrisvelgersdyk/Desktop/carbon-coverall/carbon-coverall-poc/node_modules/jest-circus/build/run.js:96:9)
    at _runTestsForDescribeBlock (/Users/chrisvelgersdyk/Desktop/carbon-coverall/carbon-coverall-poc/node_modules/jest-circus/build/run.js:90:9)</failure>
    </testcase>
    <testcase classname="@carbon/react/scss scss/components/number-input should be importable" name="@carbon/react/scss scss/components/number-input should be importable" time="0.009">
      <failure>Error: expect(received).resolves.toBeDefined()

Received promise rejected instead of resolved
Rejected to value: [Error: Can&apos;t find stylesheet to import.
  ╷
8 │ @forward &apos;./generated/fluid-spacing&apos;;
  │ ^^^^^^^^^^^^^^^^^^^^^^^^^^^^^^^^^^^^
  ╵
  node_modules/@carbon/layout/scss/_spacing.scss 8:1                               @forward
  node_modules/@carbon/styles/scss/_spacing.scss 8:1                               @use
  node_modules/@carbon/styles/scss/components/form/_form.scss 9:1                  @forward
  node_modules/@carbon/styles/scss/components/form/_index.scss 8:1                 @use
  node_modules/@carbon/styles/scss/components/number-input/_number-input.scss 8:1  @forward
  node_modules/@carbon/styles/scss/components/number-input/_index.scss 8:1         @forward
  packages/carbon-components/scss/components/number-input/_index.scss 9:1          @use
  stdin 2:1                                                                        root stylesheet]
    at expect (/Users/chrisvelgersdyk/Desktop/carbon-coverall/carbon-coverall-poc/node_modules/expect/build/index.js:128:15)
    at Object.expect (/Users/chrisvelgersdyk/Desktop/carbon-coverall/carbon-coverall-poc/packages/carbon-components/__tests__/scss-test.js:24:13)
    at Promise.then.completed (/Users/chrisvelgersdyk/Desktop/carbon-coverall/carbon-coverall-poc/node_modules/jest-circus/build/utils.js:333:28)
    at new Promise (&lt;anonymous&gt;)
    at callAsyncCircusFn (/Users/chrisvelgersdyk/Desktop/carbon-coverall/carbon-coverall-poc/node_modules/jest-circus/build/utils.js:259:10)
    at _callCircusTest (/Users/chrisvelgersdyk/Desktop/carbon-coverall/carbon-coverall-poc/node_modules/jest-circus/build/run.js:276:40)
    at processTicksAndRejections (node:internal/process/task_queues:95:5)
    at _runTest (/Users/chrisvelgersdyk/Desktop/carbon-coverall/carbon-coverall-poc/node_modules/jest-circus/build/run.js:208:3)
    at _runTestsForDescribeBlock (/Users/chrisvelgersdyk/Desktop/carbon-coverall/carbon-coverall-poc/node_modules/jest-circus/build/run.js:96:9)
    at _runTestsForDescribeBlock (/Users/chrisvelgersdyk/Desktop/carbon-coverall/carbon-coverall-poc/node_modules/jest-circus/build/run.js:90:9)</failure>
    </testcase>
    <testcase classname="@carbon/react/scss scss/components/number-input/number-input should be importable" name="@carbon/react/scss scss/components/number-input/number-input should be importable" time="0.03">
      <failure>Error: expect(received).resolves.toBeDefined()

Received promise rejected instead of resolved
Rejected to value: [Error: Can&apos;t find stylesheet to import.
  ╷
8 │ @forward &apos;./generated/fluid-spacing&apos;;
  │ ^^^^^^^^^^^^^^^^^^^^^^^^^^^^^^^^^^^^
  ╵
  node_modules/@carbon/layout/scss/_spacing.scss 8:1                               @forward
  node_modules/@carbon/styles/scss/_spacing.scss 8:1                               @use
  node_modules/@carbon/styles/scss/components/form/_form.scss 9:1                  @forward
  node_modules/@carbon/styles/scss/components/form/_index.scss 8:1                 @use
  node_modules/@carbon/styles/scss/components/number-input/_number-input.scss 8:1  @forward
  packages/carbon-components/scss/components/number-input/_number-input.scss 9:1   @use
  stdin 2:1                                                                        root stylesheet]
    at expect (/Users/chrisvelgersdyk/Desktop/carbon-coverall/carbon-coverall-poc/node_modules/expect/build/index.js:128:15)
    at Object.expect (/Users/chrisvelgersdyk/Desktop/carbon-coverall/carbon-coverall-poc/packages/carbon-components/__tests__/scss-test.js:24:13)
    at Promise.then.completed (/Users/chrisvelgersdyk/Desktop/carbon-coverall/carbon-coverall-poc/node_modules/jest-circus/build/utils.js:333:28)
    at new Promise (&lt;anonymous&gt;)
    at callAsyncCircusFn (/Users/chrisvelgersdyk/Desktop/carbon-coverall/carbon-coverall-poc/node_modules/jest-circus/build/utils.js:259:10)
    at _callCircusTest (/Users/chrisvelgersdyk/Desktop/carbon-coverall/carbon-coverall-poc/node_modules/jest-circus/build/run.js:276:40)
    at processTicksAndRejections (node:internal/process/task_queues:95:5)
    at _runTest (/Users/chrisvelgersdyk/Desktop/carbon-coverall/carbon-coverall-poc/node_modules/jest-circus/build/run.js:208:3)
    at _runTestsForDescribeBlock (/Users/chrisvelgersdyk/Desktop/carbon-coverall/carbon-coverall-poc/node_modules/jest-circus/build/run.js:96:9)
    at _runTestsForDescribeBlock (/Users/chrisvelgersdyk/Desktop/carbon-coverall/carbon-coverall-poc/node_modules/jest-circus/build/run.js:90:9)</failure>
    </testcase>
    <testcase classname="@carbon/react/scss scss/components/overflow-menu should be importable" name="@carbon/react/scss scss/components/overflow-menu should be importable" time="0.005">
      <failure>Error: expect(received).resolves.toBeDefined()

Received promise rejected instead of resolved
Rejected to value: [Error: Can&apos;t find stylesheet to import.
  ╷
8 │ @forward &apos;./generated/fluid-spacing&apos;;
  │ ^^^^^^^^^^^^^^^^^^^^^^^^^^^^^^^^^^^^
  ╵
  node_modules/@carbon/layout/scss/_spacing.scss 8:1                                 @forward
  node_modules/@carbon/styles/scss/_spacing.scss 8:1                                 @use
  node_modules/@carbon/styles/scss/components/button/_vars.scss 8:1                  @forward
  node_modules/@carbon/styles/scss/components/button/_index.scss 8:1                 @use
  node_modules/@carbon/styles/scss/components/overflow-menu/_overflow-menu.scss 8:1  @forward
  node_modules/@carbon/styles/scss/components/overflow-menu/_index.scss 8:1          @forward
  packages/carbon-components/scss/components/overflow-menu/_index.scss 9:1           @use
  stdin 2:1                                                                          root stylesheet]
    at expect (/Users/chrisvelgersdyk/Desktop/carbon-coverall/carbon-coverall-poc/node_modules/expect/build/index.js:128:15)
    at Object.expect (/Users/chrisvelgersdyk/Desktop/carbon-coverall/carbon-coverall-poc/packages/carbon-components/__tests__/scss-test.js:24:13)
    at Promise.then.completed (/Users/chrisvelgersdyk/Desktop/carbon-coverall/carbon-coverall-poc/node_modules/jest-circus/build/utils.js:333:28)
    at new Promise (&lt;anonymous&gt;)
    at callAsyncCircusFn (/Users/chrisvelgersdyk/Desktop/carbon-coverall/carbon-coverall-poc/node_modules/jest-circus/build/utils.js:259:10)
    at _callCircusTest (/Users/chrisvelgersdyk/Desktop/carbon-coverall/carbon-coverall-poc/node_modules/jest-circus/build/run.js:276:40)
    at processTicksAndRejections (node:internal/process/task_queues:95:5)
    at _runTest (/Users/chrisvelgersdyk/Desktop/carbon-coverall/carbon-coverall-poc/node_modules/jest-circus/build/run.js:208:3)
    at _runTestsForDescribeBlock (/Users/chrisvelgersdyk/Desktop/carbon-coverall/carbon-coverall-poc/node_modules/jest-circus/build/run.js:96:9)
    at _runTestsForDescribeBlock (/Users/chrisvelgersdyk/Desktop/carbon-coverall/carbon-coverall-poc/node_modules/jest-circus/build/run.js:90:9)</failure>
    </testcase>
    <testcase classname="@carbon/react/scss scss/components/overflow-menu/overflow-menu should be importable" name="@carbon/react/scss scss/components/overflow-menu/overflow-menu should be importable" time="0.005">
      <failure>Error: expect(received).resolves.toBeDefined()

Received promise rejected instead of resolved
Rejected to value: [Error: Can&apos;t find stylesheet to import.
  ╷
8 │ @forward &apos;./generated/fluid-spacing&apos;;
  │ ^^^^^^^^^^^^^^^^^^^^^^^^^^^^^^^^^^^^
  ╵
  node_modules/@carbon/layout/scss/_spacing.scss 8:1                                 @forward
  node_modules/@carbon/styles/scss/_spacing.scss 8:1                                 @use
  node_modules/@carbon/styles/scss/components/button/_vars.scss 8:1                  @forward
  node_modules/@carbon/styles/scss/components/button/_index.scss 8:1                 @use
  node_modules/@carbon/styles/scss/components/overflow-menu/_overflow-menu.scss 8:1  @forward
  packages/carbon-components/scss/components/overflow-menu/_overflow-menu.scss 9:1   @use
  stdin 2:1                                                                          root stylesheet]
    at expect (/Users/chrisvelgersdyk/Desktop/carbon-coverall/carbon-coverall-poc/node_modules/expect/build/index.js:128:15)
    at Object.expect (/Users/chrisvelgersdyk/Desktop/carbon-coverall/carbon-coverall-poc/packages/carbon-components/__tests__/scss-test.js:24:13)
    at Promise.then.completed (/Users/chrisvelgersdyk/Desktop/carbon-coverall/carbon-coverall-poc/node_modules/jest-circus/build/utils.js:333:28)
    at new Promise (&lt;anonymous&gt;)
    at callAsyncCircusFn (/Users/chrisvelgersdyk/Desktop/carbon-coverall/carbon-coverall-poc/node_modules/jest-circus/build/utils.js:259:10)
    at _callCircusTest (/Users/chrisvelgersdyk/Desktop/carbon-coverall/carbon-coverall-poc/node_modules/jest-circus/build/run.js:276:40)
    at processTicksAndRejections (node:internal/process/task_queues:95:5)
    at _runTest (/Users/chrisvelgersdyk/Desktop/carbon-coverall/carbon-coverall-poc/node_modules/jest-circus/build/run.js:208:3)
    at _runTestsForDescribeBlock (/Users/chrisvelgersdyk/Desktop/carbon-coverall/carbon-coverall-poc/node_modules/jest-circus/build/run.js:96:9)
    at _runTestsForDescribeBlock (/Users/chrisvelgersdyk/Desktop/carbon-coverall/carbon-coverall-poc/node_modules/jest-circus/build/run.js:90:9)</failure>
    </testcase>
    <testcase classname="@carbon/react/scss scss/components/pagination should be importable" name="@carbon/react/scss scss/components/pagination should be importable" time="0.004">
      <failure>Error: expect(received).resolves.toBeDefined()

Received promise rejected instead of resolved
Rejected to value: [Error: Can&apos;t find stylesheet to import.
  ╷
8 │ @forward &apos;./generated/fluid-spacing&apos;;
  │ ^^^^^^^^^^^^^^^^^^^^^^^^^^^^^^^^^^^^
  ╵
  node_modules/@carbon/layout/scss/_spacing.scss 8:1                           @forward
  node_modules/@carbon/styles/scss/_spacing.scss 8:1                           @use
  node_modules/@carbon/styles/scss/components/button/_vars.scss 8:1            @forward
  node_modules/@carbon/styles/scss/components/button/_index.scss 8:1           @use
  node_modules/@carbon/styles/scss/components/pagination/_pagination.scss 8:1  @forward
  node_modules/@carbon/styles/scss/components/pagination/_index.scss 8:1       @forward
  packages/carbon-components/scss/components/pagination/_index.scss 9:1        @use
  stdin 2:1                                                                    root stylesheet]
    at expect (/Users/chrisvelgersdyk/Desktop/carbon-coverall/carbon-coverall-poc/node_modules/expect/build/index.js:128:15)
    at Object.expect (/Users/chrisvelgersdyk/Desktop/carbon-coverall/carbon-coverall-poc/packages/carbon-components/__tests__/scss-test.js:24:13)
    at Promise.then.completed (/Users/chrisvelgersdyk/Desktop/carbon-coverall/carbon-coverall-poc/node_modules/jest-circus/build/utils.js:333:28)
    at new Promise (&lt;anonymous&gt;)
    at callAsyncCircusFn (/Users/chrisvelgersdyk/Desktop/carbon-coverall/carbon-coverall-poc/node_modules/jest-circus/build/utils.js:259:10)
    at _callCircusTest (/Users/chrisvelgersdyk/Desktop/carbon-coverall/carbon-coverall-poc/node_modules/jest-circus/build/run.js:276:40)
    at processTicksAndRejections (node:internal/process/task_queues:95:5)
    at _runTest (/Users/chrisvelgersdyk/Desktop/carbon-coverall/carbon-coverall-poc/node_modules/jest-circus/build/run.js:208:3)
    at _runTestsForDescribeBlock (/Users/chrisvelgersdyk/Desktop/carbon-coverall/carbon-coverall-poc/node_modules/jest-circus/build/run.js:96:9)
    at _runTestsForDescribeBlock (/Users/chrisvelgersdyk/Desktop/carbon-coverall/carbon-coverall-poc/node_modules/jest-circus/build/run.js:90:9)</failure>
    </testcase>
    <testcase classname="@carbon/react/scss scss/components/pagination/pagination should be importable" name="@carbon/react/scss scss/components/pagination/pagination should be importable" time="0.004">
      <failure>Error: expect(received).resolves.toBeDefined()

Received promise rejected instead of resolved
Rejected to value: [Error: Can&apos;t find stylesheet to import.
  ╷
8 │ @forward &apos;./generated/fluid-spacing&apos;;
  │ ^^^^^^^^^^^^^^^^^^^^^^^^^^^^^^^^^^^^
  ╵
  node_modules/@carbon/layout/scss/_spacing.scss 8:1                           @forward
  node_modules/@carbon/styles/scss/_spacing.scss 8:1                           @use
  node_modules/@carbon/styles/scss/components/button/_vars.scss 8:1            @forward
  node_modules/@carbon/styles/scss/components/button/_index.scss 8:1           @use
  node_modules/@carbon/styles/scss/components/pagination/_pagination.scss 8:1  @forward
  packages/carbon-components/scss/components/pagination/_pagination.scss 9:1   @use
  stdin 2:1                                                                    root stylesheet]
    at expect (/Users/chrisvelgersdyk/Desktop/carbon-coverall/carbon-coverall-poc/node_modules/expect/build/index.js:128:15)
    at Object.expect (/Users/chrisvelgersdyk/Desktop/carbon-coverall/carbon-coverall-poc/packages/carbon-components/__tests__/scss-test.js:24:13)
    at Promise.then.completed (/Users/chrisvelgersdyk/Desktop/carbon-coverall/carbon-coverall-poc/node_modules/jest-circus/build/utils.js:333:28)
    at new Promise (&lt;anonymous&gt;)
    at callAsyncCircusFn (/Users/chrisvelgersdyk/Desktop/carbon-coverall/carbon-coverall-poc/node_modules/jest-circus/build/utils.js:259:10)
    at _callCircusTest (/Users/chrisvelgersdyk/Desktop/carbon-coverall/carbon-coverall-poc/node_modules/jest-circus/build/run.js:276:40)
    at processTicksAndRejections (node:internal/process/task_queues:95:5)
    at _runTest (/Users/chrisvelgersdyk/Desktop/carbon-coverall/carbon-coverall-poc/node_modules/jest-circus/build/run.js:208:3)
    at _runTestsForDescribeBlock (/Users/chrisvelgersdyk/Desktop/carbon-coverall/carbon-coverall-poc/node_modules/jest-circus/build/run.js:96:9)
    at _runTestsForDescribeBlock (/Users/chrisvelgersdyk/Desktop/carbon-coverall/carbon-coverall-poc/node_modules/jest-circus/build/run.js:90:9)</failure>
    </testcase>
    <testcase classname="@carbon/react/scss scss/components/pagination/unstable_pagination should be importable" name="@carbon/react/scss scss/components/pagination/unstable_pagination should be importable" time="0.023">
      <failure>Error: expect(received).resolves.toBeDefined()

Received promise rejected instead of resolved
Rejected to value: [Error: Can&apos;t find stylesheet to import.
  ╷
8 │ @forward &apos;./generated/fluid-spacing&apos;;
  │ ^^^^^^^^^^^^^^^^^^^^^^^^^^^^^^^^^^^^
  ╵
  node_modules/@carbon/layout/scss/_spacing.scss 8:1                                     @forward
  node_modules/@carbon/styles/scss/_spacing.scss 8:1                                     @use
  node_modules/@carbon/styles/scss/components/pagination/_unstable_pagination.scss 11:1  @forward
  packages/carbon-components/scss/components/pagination/_unstable_pagination.scss 9:1    @use
  stdin 2:1                                                                              root stylesheet]
    at expect (/Users/chrisvelgersdyk/Desktop/carbon-coverall/carbon-coverall-poc/node_modules/expect/build/index.js:128:15)
    at Object.expect (/Users/chrisvelgersdyk/Desktop/carbon-coverall/carbon-coverall-poc/packages/carbon-components/__tests__/scss-test.js:24:13)
    at Promise.then.completed (/Users/chrisvelgersdyk/Desktop/carbon-coverall/carbon-coverall-poc/node_modules/jest-circus/build/utils.js:333:28)
    at new Promise (&lt;anonymous&gt;)
    at callAsyncCircusFn (/Users/chrisvelgersdyk/Desktop/carbon-coverall/carbon-coverall-poc/node_modules/jest-circus/build/utils.js:259:10)
    at _callCircusTest (/Users/chrisvelgersdyk/Desktop/carbon-coverall/carbon-coverall-poc/node_modules/jest-circus/build/run.js:276:40)
    at processTicksAndRejections (node:internal/process/task_queues:95:5)
    at _runTest (/Users/chrisvelgersdyk/Desktop/carbon-coverall/carbon-coverall-poc/node_modules/jest-circus/build/run.js:208:3)
    at _runTestsForDescribeBlock (/Users/chrisvelgersdyk/Desktop/carbon-coverall/carbon-coverall-poc/node_modules/jest-circus/build/run.js:96:9)
    at _runTestsForDescribeBlock (/Users/chrisvelgersdyk/Desktop/carbon-coverall/carbon-coverall-poc/node_modules/jest-circus/build/run.js:90:9)</failure>
    </testcase>
    <testcase classname="@carbon/react/scss scss/components/pagination-nav should be importable" name="@carbon/react/scss scss/components/pagination-nav should be importable" time="0.012">
      <failure>Error: expect(received).resolves.toBeDefined()

Received promise rejected instead of resolved
Rejected to value: [Error: Can&apos;t find stylesheet to import.
  ╷
8 │ @forward &apos;./generated/fluid-spacing&apos;;
  │ ^^^^^^^^^^^^^^^^^^^^^^^^^^^^^^^^^^^^
  ╵
  node_modules/@carbon/layout/scss/_spacing.scss 8:1                                   @forward
  node_modules/@carbon/styles/scss/_spacing.scss 8:1                                   @use
  node_modules/@carbon/styles/scss/components/pagination-nav/_mixins.scss 9:1          @use
  node_modules/@carbon/styles/scss/components/pagination-nav/_pagination-nav.scss 8:1  @forward
  node_modules/@carbon/styles/scss/components/pagination-nav/_index.scss 8:1           @forward
  packages/carbon-components/scss/components/pagination-nav/_index.scss 9:1            @use
  stdin 2:1                                                                            root stylesheet]
    at expect (/Users/chrisvelgersdyk/Desktop/carbon-coverall/carbon-coverall-poc/node_modules/expect/build/index.js:128:15)
    at Object.expect (/Users/chrisvelgersdyk/Desktop/carbon-coverall/carbon-coverall-poc/packages/carbon-components/__tests__/scss-test.js:24:13)
    at Promise.then.completed (/Users/chrisvelgersdyk/Desktop/carbon-coverall/carbon-coverall-poc/node_modules/jest-circus/build/utils.js:333:28)
    at new Promise (&lt;anonymous&gt;)
    at callAsyncCircusFn (/Users/chrisvelgersdyk/Desktop/carbon-coverall/carbon-coverall-poc/node_modules/jest-circus/build/utils.js:259:10)
    at _callCircusTest (/Users/chrisvelgersdyk/Desktop/carbon-coverall/carbon-coverall-poc/node_modules/jest-circus/build/run.js:276:40)
    at processTicksAndRejections (node:internal/process/task_queues:95:5)
    at _runTest (/Users/chrisvelgersdyk/Desktop/carbon-coverall/carbon-coverall-poc/node_modules/jest-circus/build/run.js:208:3)
    at _runTestsForDescribeBlock (/Users/chrisvelgersdyk/Desktop/carbon-coverall/carbon-coverall-poc/node_modules/jest-circus/build/run.js:96:9)
    at _runTestsForDescribeBlock (/Users/chrisvelgersdyk/Desktop/carbon-coverall/carbon-coverall-poc/node_modules/jest-circus/build/run.js:90:9)</failure>
    </testcase>
    <testcase classname="@carbon/react/scss scss/components/pagination-nav/pagination-nav should be importable" name="@carbon/react/scss scss/components/pagination-nav/pagination-nav should be importable" time="0.005">
      <failure>Error: expect(received).resolves.toBeDefined()

Received promise rejected instead of resolved
Rejected to value: [Error: Can&apos;t find stylesheet to import.
  ╷
8 │ @forward &apos;./generated/fluid-spacing&apos;;
  │ ^^^^^^^^^^^^^^^^^^^^^^^^^^^^^^^^^^^^
  ╵
  node_modules/@carbon/layout/scss/_spacing.scss 8:1                                   @forward
  node_modules/@carbon/styles/scss/_spacing.scss 8:1                                   @use
  node_modules/@carbon/styles/scss/components/pagination-nav/_mixins.scss 9:1          @use
  node_modules/@carbon/styles/scss/components/pagination-nav/_pagination-nav.scss 8:1  @forward
  packages/carbon-components/scss/components/pagination-nav/_pagination-nav.scss 9:1   @use
  stdin 2:1                                                                            root stylesheet]
    at expect (/Users/chrisvelgersdyk/Desktop/carbon-coverall/carbon-coverall-poc/node_modules/expect/build/index.js:128:15)
    at Object.expect (/Users/chrisvelgersdyk/Desktop/carbon-coverall/carbon-coverall-poc/packages/carbon-components/__tests__/scss-test.js:24:13)
    at Promise.then.completed (/Users/chrisvelgersdyk/Desktop/carbon-coverall/carbon-coverall-poc/node_modules/jest-circus/build/utils.js:333:28)
    at new Promise (&lt;anonymous&gt;)
    at callAsyncCircusFn (/Users/chrisvelgersdyk/Desktop/carbon-coverall/carbon-coverall-poc/node_modules/jest-circus/build/utils.js:259:10)
    at _callCircusTest (/Users/chrisvelgersdyk/Desktop/carbon-coverall/carbon-coverall-poc/node_modules/jest-circus/build/run.js:276:40)
    at processTicksAndRejections (node:internal/process/task_queues:95:5)
    at _runTest (/Users/chrisvelgersdyk/Desktop/carbon-coverall/carbon-coverall-poc/node_modules/jest-circus/build/run.js:208:3)
    at _runTestsForDescribeBlock (/Users/chrisvelgersdyk/Desktop/carbon-coverall/carbon-coverall-poc/node_modules/jest-circus/build/run.js:96:9)
    at _runTestsForDescribeBlock (/Users/chrisvelgersdyk/Desktop/carbon-coverall/carbon-coverall-poc/node_modules/jest-circus/build/run.js:90:9)</failure>
    </testcase>
    <testcase classname="@carbon/react/scss scss/components/popover should be importable" name="@carbon/react/scss scss/components/popover should be importable" time="0.029">
      <failure>Error: expect(received).resolves.toBeDefined()

Received promise rejected instead of resolved
Rejected to value: [Error: Can&apos;t find stylesheet to import.
  ╷
8 │ @forward &apos;generated/themes&apos;;
  │ ^^^^^^^^^^^^^^^^^^^^^^^^^^^
  ╵
  node_modules/@carbon/themes/scss/compat/_themes.scss 8:1               @use
  node_modules/@carbon/styles/scss/compat/_themes.scss 9:1               @use
  node_modules/@carbon/styles/scss/theme/_theme.scss 12:1                @use
  node_modules/@carbon/styles/scss/layer/_layer-sets.scss 9:1            @forward
  node_modules/@carbon/styles/scss/_layer.scss 8:1                       @use
  node_modules/@carbon/styles/scss/components/popover/_popover.scss 9:1  @forward
  node_modules/@carbon/styles/scss/components/popover/_index.scss 8:1    @forward
  packages/carbon-components/scss/components/popover/_index.scss 9:1     @use
  stdin 2:1                                                              root stylesheet]
    at expect (/Users/chrisvelgersdyk/Desktop/carbon-coverall/carbon-coverall-poc/node_modules/expect/build/index.js:128:15)
    at Object.expect (/Users/chrisvelgersdyk/Desktop/carbon-coverall/carbon-coverall-poc/packages/carbon-components/__tests__/scss-test.js:24:13)
    at Promise.then.completed (/Users/chrisvelgersdyk/Desktop/carbon-coverall/carbon-coverall-poc/node_modules/jest-circus/build/utils.js:333:28)
    at new Promise (&lt;anonymous&gt;)
    at callAsyncCircusFn (/Users/chrisvelgersdyk/Desktop/carbon-coverall/carbon-coverall-poc/node_modules/jest-circus/build/utils.js:259:10)
    at _callCircusTest (/Users/chrisvelgersdyk/Desktop/carbon-coverall/carbon-coverall-poc/node_modules/jest-circus/build/run.js:276:40)
    at processTicksAndRejections (node:internal/process/task_queues:95:5)
    at _runTest (/Users/chrisvelgersdyk/Desktop/carbon-coverall/carbon-coverall-poc/node_modules/jest-circus/build/run.js:208:3)
    at _runTestsForDescribeBlock (/Users/chrisvelgersdyk/Desktop/carbon-coverall/carbon-coverall-poc/node_modules/jest-circus/build/run.js:96:9)
    at _runTestsForDescribeBlock (/Users/chrisvelgersdyk/Desktop/carbon-coverall/carbon-coverall-poc/node_modules/jest-circus/build/run.js:90:9)</failure>
    </testcase>
    <testcase classname="@carbon/react/scss scss/components/popover/popover should be importable" name="@carbon/react/scss scss/components/popover/popover should be importable" time="0.049">
      <failure>Error: expect(received).resolves.toBeDefined()

Received promise rejected instead of resolved
Rejected to value: [Error: Can&apos;t find stylesheet to import.
  ╷
8 │ @forward &apos;generated/themes&apos;;
  │ ^^^^^^^^^^^^^^^^^^^^^^^^^^^
  ╵
  node_modules/@carbon/themes/scss/compat/_themes.scss 8:1               @use
  node_modules/@carbon/styles/scss/compat/_themes.scss 9:1               @use
  node_modules/@carbon/styles/scss/theme/_theme.scss 12:1                @use
  node_modules/@carbon/styles/scss/layer/_layer-sets.scss 9:1            @forward
  node_modules/@carbon/styles/scss/_layer.scss 8:1                       @use
  node_modules/@carbon/styles/scss/components/popover/_popover.scss 9:1  @forward
  packages/carbon-components/scss/components/popover/_popover.scss 9:1   @use
  stdin 2:1                                                              root stylesheet]
    at expect (/Users/chrisvelgersdyk/Desktop/carbon-coverall/carbon-coverall-poc/node_modules/expect/build/index.js:128:15)
    at Object.expect (/Users/chrisvelgersdyk/Desktop/carbon-coverall/carbon-coverall-poc/packages/carbon-components/__tests__/scss-test.js:24:13)
    at Promise.then.completed (/Users/chrisvelgersdyk/Desktop/carbon-coverall/carbon-coverall-poc/node_modules/jest-circus/build/utils.js:333:28)
    at new Promise (&lt;anonymous&gt;)
    at callAsyncCircusFn (/Users/chrisvelgersdyk/Desktop/carbon-coverall/carbon-coverall-poc/node_modules/jest-circus/build/utils.js:259:10)
    at _callCircusTest (/Users/chrisvelgersdyk/Desktop/carbon-coverall/carbon-coverall-poc/node_modules/jest-circus/build/run.js:276:40)
    at processTicksAndRejections (node:internal/process/task_queues:95:5)
    at _runTest (/Users/chrisvelgersdyk/Desktop/carbon-coverall/carbon-coverall-poc/node_modules/jest-circus/build/run.js:208:3)
    at _runTestsForDescribeBlock (/Users/chrisvelgersdyk/Desktop/carbon-coverall/carbon-coverall-poc/node_modules/jest-circus/build/run.js:96:9)
    at _runTestsForDescribeBlock (/Users/chrisvelgersdyk/Desktop/carbon-coverall/carbon-coverall-poc/node_modules/jest-circus/build/run.js:90:9)</failure>
    </testcase>
    <testcase classname="@carbon/react/scss scss/components/progress-bar should be importable" name="@carbon/react/scss scss/components/progress-bar should be importable" time="0.023">
      <failure>Error: expect(received).resolves.toBeDefined()

Received promise rejected instead of resolved
Rejected to value: [Error: Can&apos;t find stylesheet to import.
  ╷
8 │ @forward &apos;generated/themes&apos;;
  │ ^^^^^^^^^^^^^^^^^^^^^^^^^^^
  ╵
  node_modules/@carbon/themes/scss/compat/_themes.scss 8:1                         @use
  node_modules/@carbon/styles/scss/compat/_themes.scss 9:1                         @use
  node_modules/@carbon/styles/scss/theme/_theme.scss 12:1                          @use
  node_modules/@carbon/styles/scss/layer/_layer-sets.scss 9:1                      @forward
  node_modules/@carbon/styles/scss/_layer.scss 8:1                                 @use
  node_modules/@carbon/styles/scss/components/progress-bar/_progress-bar.scss 9:1  @forward
  node_modules/@carbon/styles/scss/components/progress-bar/_index.scss 8:1         @forward
  packages/carbon-components/scss/components/progress-bar/_index.scss 9:1          @use
  stdin 2:1                                                                        root stylesheet]
    at expect (/Users/chrisvelgersdyk/Desktop/carbon-coverall/carbon-coverall-poc/node_modules/expect/build/index.js:128:15)
    at Object.expect (/Users/chrisvelgersdyk/Desktop/carbon-coverall/carbon-coverall-poc/packages/carbon-components/__tests__/scss-test.js:24:13)
    at Promise.then.completed (/Users/chrisvelgersdyk/Desktop/carbon-coverall/carbon-coverall-poc/node_modules/jest-circus/build/utils.js:333:28)
    at new Promise (&lt;anonymous&gt;)
    at callAsyncCircusFn (/Users/chrisvelgersdyk/Desktop/carbon-coverall/carbon-coverall-poc/node_modules/jest-circus/build/utils.js:259:10)
    at _callCircusTest (/Users/chrisvelgersdyk/Desktop/carbon-coverall/carbon-coverall-poc/node_modules/jest-circus/build/run.js:276:40)
    at processTicksAndRejections (node:internal/process/task_queues:95:5)
    at _runTest (/Users/chrisvelgersdyk/Desktop/carbon-coverall/carbon-coverall-poc/node_modules/jest-circus/build/run.js:208:3)
    at _runTestsForDescribeBlock (/Users/chrisvelgersdyk/Desktop/carbon-coverall/carbon-coverall-poc/node_modules/jest-circus/build/run.js:96:9)
    at _runTestsForDescribeBlock (/Users/chrisvelgersdyk/Desktop/carbon-coverall/carbon-coverall-poc/node_modules/jest-circus/build/run.js:90:9)</failure>
    </testcase>
    <testcase classname="@carbon/react/scss scss/components/progress-bar/progress-bar should be importable" name="@carbon/react/scss scss/components/progress-bar/progress-bar should be importable" time="0.013">
      <failure>Error: expect(received).resolves.toBeDefined()

Received promise rejected instead of resolved
Rejected to value: [Error: Can&apos;t find stylesheet to import.
  ╷
8 │ @forward &apos;generated/themes&apos;;
  │ ^^^^^^^^^^^^^^^^^^^^^^^^^^^
  ╵
  node_modules/@carbon/themes/scss/compat/_themes.scss 8:1                         @use
  node_modules/@carbon/styles/scss/compat/_themes.scss 9:1                         @use
  node_modules/@carbon/styles/scss/theme/_theme.scss 12:1                          @use
  node_modules/@carbon/styles/scss/layer/_layer-sets.scss 9:1                      @forward
  node_modules/@carbon/styles/scss/_layer.scss 8:1                                 @use
  node_modules/@carbon/styles/scss/components/progress-bar/_progress-bar.scss 9:1  @forward
  packages/carbon-components/scss/components/progress-bar/_progress-bar.scss 9:1   @use
  stdin 2:1                                                                        root stylesheet]
    at expect (/Users/chrisvelgersdyk/Desktop/carbon-coverall/carbon-coverall-poc/node_modules/expect/build/index.js:128:15)
    at Object.expect (/Users/chrisvelgersdyk/Desktop/carbon-coverall/carbon-coverall-poc/packages/carbon-components/__tests__/scss-test.js:24:13)
    at Promise.then.completed (/Users/chrisvelgersdyk/Desktop/carbon-coverall/carbon-coverall-poc/node_modules/jest-circus/build/utils.js:333:28)
    at new Promise (&lt;anonymous&gt;)
    at callAsyncCircusFn (/Users/chrisvelgersdyk/Desktop/carbon-coverall/carbon-coverall-poc/node_modules/jest-circus/build/utils.js:259:10)
    at _callCircusTest (/Users/chrisvelgersdyk/Desktop/carbon-coverall/carbon-coverall-poc/node_modules/jest-circus/build/run.js:276:40)
    at processTicksAndRejections (node:internal/process/task_queues:95:5)
    at _runTest (/Users/chrisvelgersdyk/Desktop/carbon-coverall/carbon-coverall-poc/node_modules/jest-circus/build/run.js:208:3)
    at _runTestsForDescribeBlock (/Users/chrisvelgersdyk/Desktop/carbon-coverall/carbon-coverall-poc/node_modules/jest-circus/build/run.js:96:9)
    at _runTestsForDescribeBlock (/Users/chrisvelgersdyk/Desktop/carbon-coverall/carbon-coverall-poc/node_modules/jest-circus/build/run.js:90:9)</failure>
    </testcase>
    <testcase classname="@carbon/react/scss scss/components/progress-indicator should be importable" name="@carbon/react/scss scss/components/progress-indicator should be importable" time="0.006">
      <failure>Error: expect(received).resolves.toBeDefined()

Received promise rejected instead of resolved
Rejected to value: [Error: Can&apos;t find stylesheet to import.
  ╷
8 │ @forward &apos;./generated/fluid-spacing&apos;;
  │ ^^^^^^^^^^^^^^^^^^^^^^^^^^^^^^^^^^^^
  ╵
  node_modules/@carbon/layout/scss/_spacing.scss 8:1                                           @forward
  node_modules/@carbon/styles/scss/_spacing.scss 8:1                                           @use
  node_modules/@carbon/styles/scss/components/button/_vars.scss 8:1                            @forward
  node_modules/@carbon/styles/scss/components/button/_index.scss 8:1                           @use
  node_modules/@carbon/styles/scss/components/progress-indicator/_progress-indicator.scss 8:1  @forward
  node_modules/@carbon/styles/scss/components/progress-indicator/_index.scss 8:1               @forward
  packages/carbon-components/scss/components/progress-indicator/_index.scss 9:1                @use
  stdin 2:1                                                                                    root stylesheet]
    at expect (/Users/chrisvelgersdyk/Desktop/carbon-coverall/carbon-coverall-poc/node_modules/expect/build/index.js:128:15)
    at Object.expect (/Users/chrisvelgersdyk/Desktop/carbon-coverall/carbon-coverall-poc/packages/carbon-components/__tests__/scss-test.js:24:13)
    at Promise.then.completed (/Users/chrisvelgersdyk/Desktop/carbon-coverall/carbon-coverall-poc/node_modules/jest-circus/build/utils.js:333:28)
    at new Promise (&lt;anonymous&gt;)
    at callAsyncCircusFn (/Users/chrisvelgersdyk/Desktop/carbon-coverall/carbon-coverall-poc/node_modules/jest-circus/build/utils.js:259:10)
    at _callCircusTest (/Users/chrisvelgersdyk/Desktop/carbon-coverall/carbon-coverall-poc/node_modules/jest-circus/build/run.js:276:40)
    at processTicksAndRejections (node:internal/process/task_queues:95:5)
    at _runTest (/Users/chrisvelgersdyk/Desktop/carbon-coverall/carbon-coverall-poc/node_modules/jest-circus/build/run.js:208:3)
    at _runTestsForDescribeBlock (/Users/chrisvelgersdyk/Desktop/carbon-coverall/carbon-coverall-poc/node_modules/jest-circus/build/run.js:96:9)
    at _runTestsForDescribeBlock (/Users/chrisvelgersdyk/Desktop/carbon-coverall/carbon-coverall-poc/node_modules/jest-circus/build/run.js:90:9)</failure>
    </testcase>
    <testcase classname="@carbon/react/scss scss/components/progress-indicator/progress-indicator should be importable" name="@carbon/react/scss scss/components/progress-indicator/progress-indicator should be importable" time="0.005">
      <failure>Error: expect(received).resolves.toBeDefined()

Received promise rejected instead of resolved
Rejected to value: [Error: Can&apos;t find stylesheet to import.
  ╷
8 │ @forward &apos;./generated/fluid-spacing&apos;;
  │ ^^^^^^^^^^^^^^^^^^^^^^^^^^^^^^^^^^^^
  ╵
  node_modules/@carbon/layout/scss/_spacing.scss 8:1                                           @forward
  node_modules/@carbon/styles/scss/_spacing.scss 8:1                                           @use
  node_modules/@carbon/styles/scss/components/button/_vars.scss 8:1                            @forward
  node_modules/@carbon/styles/scss/components/button/_index.scss 8:1                           @use
  node_modules/@carbon/styles/scss/components/progress-indicator/_progress-indicator.scss 8:1  @forward
  packages/carbon-components/scss/components/progress-indicator/_progress-indicator.scss 9:1   @use
  stdin 2:1                                                                                    root stylesheet]
    at expect (/Users/chrisvelgersdyk/Desktop/carbon-coverall/carbon-coverall-poc/node_modules/expect/build/index.js:128:15)
    at Object.expect (/Users/chrisvelgersdyk/Desktop/carbon-coverall/carbon-coverall-poc/packages/carbon-components/__tests__/scss-test.js:24:13)
    at Promise.then.completed (/Users/chrisvelgersdyk/Desktop/carbon-coverall/carbon-coverall-poc/node_modules/jest-circus/build/utils.js:333:28)
    at new Promise (&lt;anonymous&gt;)
    at callAsyncCircusFn (/Users/chrisvelgersdyk/Desktop/carbon-coverall/carbon-coverall-poc/node_modules/jest-circus/build/utils.js:259:10)
    at _callCircusTest (/Users/chrisvelgersdyk/Desktop/carbon-coverall/carbon-coverall-poc/node_modules/jest-circus/build/run.js:276:40)
    at processTicksAndRejections (node:internal/process/task_queues:95:5)
    at _runTest (/Users/chrisvelgersdyk/Desktop/carbon-coverall/carbon-coverall-poc/node_modules/jest-circus/build/run.js:208:3)
    at _runTestsForDescribeBlock (/Users/chrisvelgersdyk/Desktop/carbon-coverall/carbon-coverall-poc/node_modules/jest-circus/build/run.js:96:9)
    at _runTestsForDescribeBlock (/Users/chrisvelgersdyk/Desktop/carbon-coverall/carbon-coverall-poc/node_modules/jest-circus/build/run.js:90:9)</failure>
    </testcase>
    <testcase classname="@carbon/react/scss scss/components/radio-button should be importable" name="@carbon/react/scss scss/components/radio-button should be importable" time="0.013">
      <failure>Error: expect(received).resolves.toBeDefined()

Received promise rejected instead of resolved
Rejected to value: [Error: Can&apos;t find stylesheet to import.
  ╷
8 │ @forward &apos;./generated/fluid-spacing&apos;;
  │ ^^^^^^^^^^^^^^^^^^^^^^^^^^^^^^^^^^^^
  ╵
  node_modules/@carbon/layout/scss/_spacing.scss 8:1                                @forward
  node_modules/@carbon/styles/scss/_spacing.scss 8:1                                @use
  node_modules/@carbon/styles/scss/components/form/_form.scss 9:1                   @forward
  node_modules/@carbon/styles/scss/components/form/_index.scss 8:1                  @use
  node_modules/@carbon/styles/scss/components/radio-button/_radio-button.scss 12:1  @forward
  node_modules/@carbon/styles/scss/components/radio-button/_index.scss 8:1          @forward
  packages/carbon-components/scss/components/radio-button/_index.scss 9:1           @use
  stdin 2:1                                                                         root stylesheet]
    at expect (/Users/chrisvelgersdyk/Desktop/carbon-coverall/carbon-coverall-poc/node_modules/expect/build/index.js:128:15)
    at Object.expect (/Users/chrisvelgersdyk/Desktop/carbon-coverall/carbon-coverall-poc/packages/carbon-components/__tests__/scss-test.js:24:13)
    at Promise.then.completed (/Users/chrisvelgersdyk/Desktop/carbon-coverall/carbon-coverall-poc/node_modules/jest-circus/build/utils.js:333:28)
    at new Promise (&lt;anonymous&gt;)
    at callAsyncCircusFn (/Users/chrisvelgersdyk/Desktop/carbon-coverall/carbon-coverall-poc/node_modules/jest-circus/build/utils.js:259:10)
    at _callCircusTest (/Users/chrisvelgersdyk/Desktop/carbon-coverall/carbon-coverall-poc/node_modules/jest-circus/build/run.js:276:40)
    at processTicksAndRejections (node:internal/process/task_queues:95:5)
    at _runTest (/Users/chrisvelgersdyk/Desktop/carbon-coverall/carbon-coverall-poc/node_modules/jest-circus/build/run.js:208:3)
    at _runTestsForDescribeBlock (/Users/chrisvelgersdyk/Desktop/carbon-coverall/carbon-coverall-poc/node_modules/jest-circus/build/run.js:96:9)
    at _runTestsForDescribeBlock (/Users/chrisvelgersdyk/Desktop/carbon-coverall/carbon-coverall-poc/node_modules/jest-circus/build/run.js:90:9)</failure>
    </testcase>
    <testcase classname="@carbon/react/scss scss/components/radio-button/radio-button should be importable" name="@carbon/react/scss scss/components/radio-button/radio-button should be importable" time="0.01">
      <failure>Error: expect(received).resolves.toBeDefined()

Received promise rejected instead of resolved
Rejected to value: [Error: Can&apos;t find stylesheet to import.
  ╷
8 │ @forward &apos;./generated/fluid-spacing&apos;;
  │ ^^^^^^^^^^^^^^^^^^^^^^^^^^^^^^^^^^^^
  ╵
  node_modules/@carbon/layout/scss/_spacing.scss 8:1                                @forward
  node_modules/@carbon/styles/scss/_spacing.scss 8:1                                @use
  node_modules/@carbon/styles/scss/components/form/_form.scss 9:1                   @forward
  node_modules/@carbon/styles/scss/components/form/_index.scss 8:1                  @use
  node_modules/@carbon/styles/scss/components/radio-button/_radio-button.scss 12:1  @forward
  packages/carbon-components/scss/components/radio-button/_radio-button.scss 9:1    @use
  stdin 2:1                                                                         root stylesheet]
    at expect (/Users/chrisvelgersdyk/Desktop/carbon-coverall/carbon-coverall-poc/node_modules/expect/build/index.js:128:15)
    at Object.expect (/Users/chrisvelgersdyk/Desktop/carbon-coverall/carbon-coverall-poc/packages/carbon-components/__tests__/scss-test.js:24:13)
    at Promise.then.completed (/Users/chrisvelgersdyk/Desktop/carbon-coverall/carbon-coverall-poc/node_modules/jest-circus/build/utils.js:333:28)
    at new Promise (&lt;anonymous&gt;)
    at callAsyncCircusFn (/Users/chrisvelgersdyk/Desktop/carbon-coverall/carbon-coverall-poc/node_modules/jest-circus/build/utils.js:259:10)
    at _callCircusTest (/Users/chrisvelgersdyk/Desktop/carbon-coverall/carbon-coverall-poc/node_modules/jest-circus/build/run.js:276:40)
    at processTicksAndRejections (node:internal/process/task_queues:95:5)
    at _runTest (/Users/chrisvelgersdyk/Desktop/carbon-coverall/carbon-coverall-poc/node_modules/jest-circus/build/run.js:208:3)
    at _runTestsForDescribeBlock (/Users/chrisvelgersdyk/Desktop/carbon-coverall/carbon-coverall-poc/node_modules/jest-circus/build/run.js:96:9)
    at _runTestsForDescribeBlock (/Users/chrisvelgersdyk/Desktop/carbon-coverall/carbon-coverall-poc/node_modules/jest-circus/build/run.js:90:9)</failure>
    </testcase>
    <testcase classname="@carbon/react/scss scss/components/search should be importable" name="@carbon/react/scss scss/components/search should be importable" time="0.012">
      <failure>Error: expect(received).resolves.toBeDefined()

Received promise rejected instead of resolved
Rejected to value: [Error: Can&apos;t find stylesheet to import.
  ╷
8 │ @forward &apos;./generated/fluid-spacing&apos;;
  │ ^^^^^^^^^^^^^^^^^^^^^^^^^^^^^^^^^^^^
  ╵
  node_modules/@carbon/layout/scss/_spacing.scss 8:1                            @forward
  node_modules/@carbon/styles/scss/_spacing.scss 8:1                            @use
  node_modules/@carbon/styles/scss/components/form/_form.scss 9:1               @forward
  node_modules/@carbon/styles/scss/components/form/_index.scss 8:1              @use
  node_modules/@carbon/styles/scss/components/text-input/_text-input.scss 11:1  @forward
  node_modules/@carbon/styles/scss/components/text-input/_index.scss 8:1        @use
  node_modules/@carbon/styles/scss/components/search/_search.scss 12:1          @forward
  node_modules/@carbon/styles/scss/components/search/_index.scss 8:1            @forward
  packages/carbon-components/scss/components/search/_index.scss 9:1             @use
  stdin 2:1                                                                     root stylesheet]
    at expect (/Users/chrisvelgersdyk/Desktop/carbon-coverall/carbon-coverall-poc/node_modules/expect/build/index.js:128:15)
    at Object.expect (/Users/chrisvelgersdyk/Desktop/carbon-coverall/carbon-coverall-poc/packages/carbon-components/__tests__/scss-test.js:24:13)
    at Promise.then.completed (/Users/chrisvelgersdyk/Desktop/carbon-coverall/carbon-coverall-poc/node_modules/jest-circus/build/utils.js:333:28)
    at new Promise (&lt;anonymous&gt;)
    at callAsyncCircusFn (/Users/chrisvelgersdyk/Desktop/carbon-coverall/carbon-coverall-poc/node_modules/jest-circus/build/utils.js:259:10)
    at _callCircusTest (/Users/chrisvelgersdyk/Desktop/carbon-coverall/carbon-coverall-poc/node_modules/jest-circus/build/run.js:276:40)
    at processTicksAndRejections (node:internal/process/task_queues:95:5)
    at _runTest (/Users/chrisvelgersdyk/Desktop/carbon-coverall/carbon-coverall-poc/node_modules/jest-circus/build/run.js:208:3)
    at _runTestsForDescribeBlock (/Users/chrisvelgersdyk/Desktop/carbon-coverall/carbon-coverall-poc/node_modules/jest-circus/build/run.js:96:9)
    at _runTestsForDescribeBlock (/Users/chrisvelgersdyk/Desktop/carbon-coverall/carbon-coverall-poc/node_modules/jest-circus/build/run.js:90:9)</failure>
    </testcase>
    <testcase classname="@carbon/react/scss scss/components/search/search should be importable" name="@carbon/react/scss scss/components/search/search should be importable" time="0.014">
      <failure>Error: expect(received).resolves.toBeDefined()

Received promise rejected instead of resolved
Rejected to value: [Error: Can&apos;t find stylesheet to import.
  ╷
8 │ @forward &apos;./generated/fluid-spacing&apos;;
  │ ^^^^^^^^^^^^^^^^^^^^^^^^^^^^^^^^^^^^
  ╵
  node_modules/@carbon/layout/scss/_spacing.scss 8:1                            @forward
  node_modules/@carbon/styles/scss/_spacing.scss 8:1                            @use
  node_modules/@carbon/styles/scss/components/form/_form.scss 9:1               @forward
  node_modules/@carbon/styles/scss/components/form/_index.scss 8:1              @use
  node_modules/@carbon/styles/scss/components/text-input/_text-input.scss 11:1  @forward
  node_modules/@carbon/styles/scss/components/text-input/_index.scss 8:1        @use
  node_modules/@carbon/styles/scss/components/search/_search.scss 12:1          @forward
  packages/carbon-components/scss/components/search/_search.scss 9:1            @use
  stdin 2:1                                                                     root stylesheet]
    at expect (/Users/chrisvelgersdyk/Desktop/carbon-coverall/carbon-coverall-poc/node_modules/expect/build/index.js:128:15)
    at Object.expect (/Users/chrisvelgersdyk/Desktop/carbon-coverall/carbon-coverall-poc/packages/carbon-components/__tests__/scss-test.js:24:13)
    at Promise.then.completed (/Users/chrisvelgersdyk/Desktop/carbon-coverall/carbon-coverall-poc/node_modules/jest-circus/build/utils.js:333:28)
    at new Promise (&lt;anonymous&gt;)
    at callAsyncCircusFn (/Users/chrisvelgersdyk/Desktop/carbon-coverall/carbon-coverall-poc/node_modules/jest-circus/build/utils.js:259:10)
    at _callCircusTest (/Users/chrisvelgersdyk/Desktop/carbon-coverall/carbon-coverall-poc/node_modules/jest-circus/build/run.js:276:40)
    at processTicksAndRejections (node:internal/process/task_queues:95:5)
    at _runTest (/Users/chrisvelgersdyk/Desktop/carbon-coverall/carbon-coverall-poc/node_modules/jest-circus/build/run.js:208:3)
    at _runTestsForDescribeBlock (/Users/chrisvelgersdyk/Desktop/carbon-coverall/carbon-coverall-poc/node_modules/jest-circus/build/run.js:96:9)
    at _runTestsForDescribeBlock (/Users/chrisvelgersdyk/Desktop/carbon-coverall/carbon-coverall-poc/node_modules/jest-circus/build/run.js:90:9)</failure>
    </testcase>
    <testcase classname="@carbon/react/scss scss/components/select should be importable" name="@carbon/react/scss scss/components/select should be importable" time="0.009">
      <failure>Error: expect(received).resolves.toBeDefined()

Received promise rejected instead of resolved
Rejected to value: [Error: Can&apos;t find stylesheet to import.
  ╷
8 │ @forward &apos;./generated/fluid-spacing&apos;;
  │ ^^^^^^^^^^^^^^^^^^^^^^^^^^^^^^^^^^^^
  ╵
  node_modules/@carbon/layout/scss/_spacing.scss 8:1                   @forward
  node_modules/@carbon/styles/scss/_spacing.scss 8:1                   @use
  node_modules/@carbon/styles/scss/components/form/_form.scss 9:1      @forward
  node_modules/@carbon/styles/scss/components/form/_index.scss 8:1     @use
  node_modules/@carbon/styles/scss/components/select/_select.scss 8:1  @forward
  node_modules/@carbon/styles/scss/components/select/_index.scss 8:1   @forward
  packages/carbon-components/scss/components/select/_index.scss 9:1    @use
  stdin 2:1                                                            root stylesheet]
    at expect (/Users/chrisvelgersdyk/Desktop/carbon-coverall/carbon-coverall-poc/node_modules/expect/build/index.js:128:15)
    at Object.expect (/Users/chrisvelgersdyk/Desktop/carbon-coverall/carbon-coverall-poc/packages/carbon-components/__tests__/scss-test.js:24:13)
    at Promise.then.completed (/Users/chrisvelgersdyk/Desktop/carbon-coverall/carbon-coverall-poc/node_modules/jest-circus/build/utils.js:333:28)
    at new Promise (&lt;anonymous&gt;)
    at callAsyncCircusFn (/Users/chrisvelgersdyk/Desktop/carbon-coverall/carbon-coverall-poc/node_modules/jest-circus/build/utils.js:259:10)
    at _callCircusTest (/Users/chrisvelgersdyk/Desktop/carbon-coverall/carbon-coverall-poc/node_modules/jest-circus/build/run.js:276:40)
    at processTicksAndRejections (node:internal/process/task_queues:95:5)
    at _runTest (/Users/chrisvelgersdyk/Desktop/carbon-coverall/carbon-coverall-poc/node_modules/jest-circus/build/run.js:208:3)
    at _runTestsForDescribeBlock (/Users/chrisvelgersdyk/Desktop/carbon-coverall/carbon-coverall-poc/node_modules/jest-circus/build/run.js:96:9)
    at _runTestsForDescribeBlock (/Users/chrisvelgersdyk/Desktop/carbon-coverall/carbon-coverall-poc/node_modules/jest-circus/build/run.js:90:9)</failure>
    </testcase>
    <testcase classname="@carbon/react/scss scss/components/select/select should be importable" name="@carbon/react/scss scss/components/select/select should be importable" time="0.008">
      <failure>Error: expect(received).resolves.toBeDefined()

Received promise rejected instead of resolved
Rejected to value: [Error: Can&apos;t find stylesheet to import.
  ╷
8 │ @forward &apos;./generated/fluid-spacing&apos;;
  │ ^^^^^^^^^^^^^^^^^^^^^^^^^^^^^^^^^^^^
  ╵
  node_modules/@carbon/layout/scss/_spacing.scss 8:1                   @forward
  node_modules/@carbon/styles/scss/_spacing.scss 8:1                   @use
  node_modules/@carbon/styles/scss/components/form/_form.scss 9:1      @forward
  node_modules/@carbon/styles/scss/components/form/_index.scss 8:1     @use
  node_modules/@carbon/styles/scss/components/select/_select.scss 8:1  @forward
  packages/carbon-components/scss/components/select/_select.scss 9:1   @use
  stdin 2:1                                                            root stylesheet]
    at expect (/Users/chrisvelgersdyk/Desktop/carbon-coverall/carbon-coverall-poc/node_modules/expect/build/index.js:128:15)
    at Object.expect (/Users/chrisvelgersdyk/Desktop/carbon-coverall/carbon-coverall-poc/packages/carbon-components/__tests__/scss-test.js:24:13)
    at Promise.then.completed (/Users/chrisvelgersdyk/Desktop/carbon-coverall/carbon-coverall-poc/node_modules/jest-circus/build/utils.js:333:28)
    at new Promise (&lt;anonymous&gt;)
    at callAsyncCircusFn (/Users/chrisvelgersdyk/Desktop/carbon-coverall/carbon-coverall-poc/node_modules/jest-circus/build/utils.js:259:10)
    at _callCircusTest (/Users/chrisvelgersdyk/Desktop/carbon-coverall/carbon-coverall-poc/node_modules/jest-circus/build/run.js:276:40)
    at processTicksAndRejections (node:internal/process/task_queues:95:5)
    at _runTest (/Users/chrisvelgersdyk/Desktop/carbon-coverall/carbon-coverall-poc/node_modules/jest-circus/build/run.js:208:3)
    at _runTestsForDescribeBlock (/Users/chrisvelgersdyk/Desktop/carbon-coverall/carbon-coverall-poc/node_modules/jest-circus/build/run.js:96:9)
    at _runTestsForDescribeBlock (/Users/chrisvelgersdyk/Desktop/carbon-coverall/carbon-coverall-poc/node_modules/jest-circus/build/run.js:90:9)</failure>
    </testcase>
    <testcase classname="@carbon/react/scss scss/components/skeleton-styles should be importable" name="@carbon/react/scss scss/components/skeleton-styles should be importable" time="0.007">
      <failure>Error: expect(received).resolves.toBeDefined()

Received promise rejected instead of resolved
Rejected to value: [Error: Can&apos;t find stylesheet to import.
  ╷
8 │ @forward &apos;generated/themes&apos;;
  │ ^^^^^^^^^^^^^^^^^^^^^^^^^^^
  ╵
  node_modules/@carbon/themes/scss/compat/_themes.scss 8:1                               @use
  node_modules/@carbon/styles/scss/compat/_themes.scss 9:1                               @use
  node_modules/@carbon/styles/scss/theme/_theme.scss 12:1                                @forward
  node_modules/@carbon/styles/scss/_theme.scss 8:1                                       @use
  node_modules/@carbon/styles/scss/utilities/_skeleton.scss 9:1                          @use
  node_modules/@carbon/styles/scss/components/skeleton-styles/_skeleton-styles.scss 9:1  @forward
  node_modules/@carbon/styles/scss/components/skeleton-styles/_index.scss 8:1            @forward
  packages/carbon-components/scss/components/skeleton-styles/_index.scss 9:1             @use
  stdin 2:1                                                                              root stylesheet]
    at expect (/Users/chrisvelgersdyk/Desktop/carbon-coverall/carbon-coverall-poc/node_modules/expect/build/index.js:128:15)
    at Object.expect (/Users/chrisvelgersdyk/Desktop/carbon-coverall/carbon-coverall-poc/packages/carbon-components/__tests__/scss-test.js:24:13)
    at Promise.then.completed (/Users/chrisvelgersdyk/Desktop/carbon-coverall/carbon-coverall-poc/node_modules/jest-circus/build/utils.js:333:28)
    at new Promise (&lt;anonymous&gt;)
    at callAsyncCircusFn (/Users/chrisvelgersdyk/Desktop/carbon-coverall/carbon-coverall-poc/node_modules/jest-circus/build/utils.js:259:10)
    at _callCircusTest (/Users/chrisvelgersdyk/Desktop/carbon-coverall/carbon-coverall-poc/node_modules/jest-circus/build/run.js:276:40)
    at processTicksAndRejections (node:internal/process/task_queues:95:5)
    at _runTest (/Users/chrisvelgersdyk/Desktop/carbon-coverall/carbon-coverall-poc/node_modules/jest-circus/build/run.js:208:3)
    at _runTestsForDescribeBlock (/Users/chrisvelgersdyk/Desktop/carbon-coverall/carbon-coverall-poc/node_modules/jest-circus/build/run.js:96:9)
    at _runTestsForDescribeBlock (/Users/chrisvelgersdyk/Desktop/carbon-coverall/carbon-coverall-poc/node_modules/jest-circus/build/run.js:90:9)</failure>
    </testcase>
    <testcase classname="@carbon/react/scss scss/components/skeleton-styles/skeleton-styles should be importable" name="@carbon/react/scss scss/components/skeleton-styles/skeleton-styles should be importable" time="0.006">
      <failure>Error: expect(received).resolves.toBeDefined()

Received promise rejected instead of resolved
Rejected to value: [Error: Can&apos;t find stylesheet to import.
  ╷
8 │ @forward &apos;generated/themes&apos;;
  │ ^^^^^^^^^^^^^^^^^^^^^^^^^^^
  ╵
  node_modules/@carbon/themes/scss/compat/_themes.scss 8:1                               @use
  node_modules/@carbon/styles/scss/compat/_themes.scss 9:1                               @use
  node_modules/@carbon/styles/scss/theme/_theme.scss 12:1                                @forward
  node_modules/@carbon/styles/scss/_theme.scss 8:1                                       @use
  node_modules/@carbon/styles/scss/utilities/_skeleton.scss 9:1                          @use
  node_modules/@carbon/styles/scss/components/skeleton-styles/_skeleton-styles.scss 9:1  @forward
  packages/carbon-components/scss/components/skeleton-styles/_skeleton-styles.scss 9:1   @use
  stdin 2:1                                                                              root stylesheet]
    at expect (/Users/chrisvelgersdyk/Desktop/carbon-coverall/carbon-coverall-poc/node_modules/expect/build/index.js:128:15)
    at Object.expect (/Users/chrisvelgersdyk/Desktop/carbon-coverall/carbon-coverall-poc/packages/carbon-components/__tests__/scss-test.js:24:13)
    at Promise.then.completed (/Users/chrisvelgersdyk/Desktop/carbon-coverall/carbon-coverall-poc/node_modules/jest-circus/build/utils.js:333:28)
    at new Promise (&lt;anonymous&gt;)
    at callAsyncCircusFn (/Users/chrisvelgersdyk/Desktop/carbon-coverall/carbon-coverall-poc/node_modules/jest-circus/build/utils.js:259:10)
    at _callCircusTest (/Users/chrisvelgersdyk/Desktop/carbon-coverall/carbon-coverall-poc/node_modules/jest-circus/build/run.js:276:40)
    at processTicksAndRejections (node:internal/process/task_queues:95:5)
    at _runTest (/Users/chrisvelgersdyk/Desktop/carbon-coverall/carbon-coverall-poc/node_modules/jest-circus/build/run.js:208:3)
    at _runTestsForDescribeBlock (/Users/chrisvelgersdyk/Desktop/carbon-coverall/carbon-coverall-poc/node_modules/jest-circus/build/run.js:96:9)
    at _runTestsForDescribeBlock (/Users/chrisvelgersdyk/Desktop/carbon-coverall/carbon-coverall-poc/node_modules/jest-circus/build/run.js:90:9)</failure>
    </testcase>
    <testcase classname="@carbon/react/scss scss/components/skeleton-styles/ai-skeleton-styles should be importable" name="@carbon/react/scss scss/components/skeleton-styles/ai-skeleton-styles should be importable" time="0.012">
      <failure>Error: expect(received).resolves.toBeDefined()

Received promise rejected instead of resolved
Rejected to value: [Error: Can&apos;t find stylesheet to import.
  ╷
8 │ @forward &apos;generated/themes&apos;;
  │ ^^^^^^^^^^^^^^^^^^^^^^^^^^^
  ╵
  node_modules/@carbon/themes/scss/compat/_themes.scss 8:1                                  @use
  node_modules/@carbon/styles/scss/compat/_themes.scss 9:1                                  @use
  node_modules/@carbon/styles/scss/theme/_theme.scss 12:1                                   @forward
  node_modules/@carbon/styles/scss/_theme.scss 8:1                                          @use
  node_modules/@carbon/styles/scss/components/skeleton-styles/_ai-skeleton-styles.scss 9:1  @forward
  packages/carbon-components/scss/components/skeleton-styles/_ai-skeleton-styles.scss 9:1   @use
  stdin 2:1                                                                                 root stylesheet]
    at expect (/Users/chrisvelgersdyk/Desktop/carbon-coverall/carbon-coverall-poc/node_modules/expect/build/index.js:128:15)
    at Object.expect (/Users/chrisvelgersdyk/Desktop/carbon-coverall/carbon-coverall-poc/packages/carbon-components/__tests__/scss-test.js:24:13)
    at Promise.then.completed (/Users/chrisvelgersdyk/Desktop/carbon-coverall/carbon-coverall-poc/node_modules/jest-circus/build/utils.js:333:28)
    at new Promise (&lt;anonymous&gt;)
    at callAsyncCircusFn (/Users/chrisvelgersdyk/Desktop/carbon-coverall/carbon-coverall-poc/node_modules/jest-circus/build/utils.js:259:10)
    at _callCircusTest (/Users/chrisvelgersdyk/Desktop/carbon-coverall/carbon-coverall-poc/node_modules/jest-circus/build/run.js:276:40)
    at processTicksAndRejections (node:internal/process/task_queues:95:5)
    at _runTest (/Users/chrisvelgersdyk/Desktop/carbon-coverall/carbon-coverall-poc/node_modules/jest-circus/build/run.js:208:3)
    at _runTestsForDescribeBlock (/Users/chrisvelgersdyk/Desktop/carbon-coverall/carbon-coverall-poc/node_modules/jest-circus/build/run.js:96:9)
    at _runTestsForDescribeBlock (/Users/chrisvelgersdyk/Desktop/carbon-coverall/carbon-coverall-poc/node_modules/jest-circus/build/run.js:90:9)</failure>
    </testcase>
    <testcase classname="@carbon/react/scss scss/components/slider should be importable" name="@carbon/react/scss scss/components/slider should be importable" time="0.008">
      <failure>Error: expect(received).resolves.toBeDefined()

Received promise rejected instead of resolved
Rejected to value: [Error: Can&apos;t find stylesheet to import.
  ╷
8 │ @forward &apos;./generated/fluid-spacing&apos;;
  │ ^^^^^^^^^^^^^^^^^^^^^^^^^^^^^^^^^^^^
  ╵
  node_modules/@carbon/layout/scss/_spacing.scss 8:1                    @forward
  node_modules/@carbon/styles/scss/_spacing.scss 8:1                    @use
  node_modules/@carbon/styles/scss/components/form/_form.scss 9:1       @forward
  node_modules/@carbon/styles/scss/components/form/_index.scss 8:1      @use
  node_modules/@carbon/styles/scss/components/slider/_slider.scss 12:1  @forward
  node_modules/@carbon/styles/scss/components/slider/_index.scss 8:1    @forward
  packages/carbon-components/scss/components/slider/_index.scss 9:1     @use
  stdin 2:1                                                             root stylesheet]
    at expect (/Users/chrisvelgersdyk/Desktop/carbon-coverall/carbon-coverall-poc/node_modules/expect/build/index.js:128:15)
    at Object.expect (/Users/chrisvelgersdyk/Desktop/carbon-coverall/carbon-coverall-poc/packages/carbon-components/__tests__/scss-test.js:24:13)
    at Promise.then.completed (/Users/chrisvelgersdyk/Desktop/carbon-coverall/carbon-coverall-poc/node_modules/jest-circus/build/utils.js:333:28)
    at new Promise (&lt;anonymous&gt;)
    at callAsyncCircusFn (/Users/chrisvelgersdyk/Desktop/carbon-coverall/carbon-coverall-poc/node_modules/jest-circus/build/utils.js:259:10)
    at _callCircusTest (/Users/chrisvelgersdyk/Desktop/carbon-coverall/carbon-coverall-poc/node_modules/jest-circus/build/run.js:276:40)
    at processTicksAndRejections (node:internal/process/task_queues:95:5)
    at _runTest (/Users/chrisvelgersdyk/Desktop/carbon-coverall/carbon-coverall-poc/node_modules/jest-circus/build/run.js:208:3)
    at _runTestsForDescribeBlock (/Users/chrisvelgersdyk/Desktop/carbon-coverall/carbon-coverall-poc/node_modules/jest-circus/build/run.js:96:9)
    at _runTestsForDescribeBlock (/Users/chrisvelgersdyk/Desktop/carbon-coverall/carbon-coverall-poc/node_modules/jest-circus/build/run.js:90:9)</failure>
    </testcase>
    <testcase classname="@carbon/react/scss scss/components/slider/slider should be importable" name="@carbon/react/scss scss/components/slider/slider should be importable" time="0.008">
      <failure>Error: expect(received).resolves.toBeDefined()

Received promise rejected instead of resolved
Rejected to value: [Error: Can&apos;t find stylesheet to import.
  ╷
8 │ @forward &apos;./generated/fluid-spacing&apos;;
  │ ^^^^^^^^^^^^^^^^^^^^^^^^^^^^^^^^^^^^
  ╵
  node_modules/@carbon/layout/scss/_spacing.scss 8:1                    @forward
  node_modules/@carbon/styles/scss/_spacing.scss 8:1                    @use
  node_modules/@carbon/styles/scss/components/form/_form.scss 9:1       @forward
  node_modules/@carbon/styles/scss/components/form/_index.scss 8:1      @use
  node_modules/@carbon/styles/scss/components/slider/_slider.scss 12:1  @forward
  packages/carbon-components/scss/components/slider/_slider.scss 9:1    @use
  stdin 2:1                                                             root stylesheet]
    at expect (/Users/chrisvelgersdyk/Desktop/carbon-coverall/carbon-coverall-poc/node_modules/expect/build/index.js:128:15)
    at Object.expect (/Users/chrisvelgersdyk/Desktop/carbon-coverall/carbon-coverall-poc/packages/carbon-components/__tests__/scss-test.js:24:13)
    at Promise.then.completed (/Users/chrisvelgersdyk/Desktop/carbon-coverall/carbon-coverall-poc/node_modules/jest-circus/build/utils.js:333:28)
    at new Promise (&lt;anonymous&gt;)
    at callAsyncCircusFn (/Users/chrisvelgersdyk/Desktop/carbon-coverall/carbon-coverall-poc/node_modules/jest-circus/build/utils.js:259:10)
    at _callCircusTest (/Users/chrisvelgersdyk/Desktop/carbon-coverall/carbon-coverall-poc/node_modules/jest-circus/build/run.js:276:40)
    at processTicksAndRejections (node:internal/process/task_queues:95:5)
    at _runTest (/Users/chrisvelgersdyk/Desktop/carbon-coverall/carbon-coverall-poc/node_modules/jest-circus/build/run.js:208:3)
    at _runTestsForDescribeBlock (/Users/chrisvelgersdyk/Desktop/carbon-coverall/carbon-coverall-poc/node_modules/jest-circus/build/run.js:96:9)
    at _runTestsForDescribeBlock (/Users/chrisvelgersdyk/Desktop/carbon-coverall/carbon-coverall-poc/node_modules/jest-circus/build/run.js:90:9)</failure>
    </testcase>
    <testcase classname="@carbon/react/scss scss/components/slug should be importable" name="@carbon/react/scss scss/components/slug should be importable" time="0.011">
      <failure>Error: expect(received).resolves.toBeDefined()

Received promise rejected instead of resolved
Rejected to value: [Error: Can&apos;t find stylesheet to import.
  ╷
8 │ @forward &apos;@carbon/colors&apos;;
  │ ^^^^^^^^^^^^^^^^^^^^^^^^^
  ╵
  node_modules/@carbon/styles/scss/_colors.scss 8:1                 @use
  node_modules/@carbon/styles/scss/components/slug/_slug.scss 9:1   @forward
  node_modules/@carbon/styles/scss/components/slug/_index.scss 8:1  @forward
  packages/carbon-components/scss/components/slug/_index.scss 9:1   @use
  stdin 2:1                                                         root stylesheet]
    at expect (/Users/chrisvelgersdyk/Desktop/carbon-coverall/carbon-coverall-poc/node_modules/expect/build/index.js:128:15)
    at Object.expect (/Users/chrisvelgersdyk/Desktop/carbon-coverall/carbon-coverall-poc/packages/carbon-components/__tests__/scss-test.js:24:13)
    at Promise.then.completed (/Users/chrisvelgersdyk/Desktop/carbon-coverall/carbon-coverall-poc/node_modules/jest-circus/build/utils.js:333:28)
    at new Promise (&lt;anonymous&gt;)
    at callAsyncCircusFn (/Users/chrisvelgersdyk/Desktop/carbon-coverall/carbon-coverall-poc/node_modules/jest-circus/build/utils.js:259:10)
    at _callCircusTest (/Users/chrisvelgersdyk/Desktop/carbon-coverall/carbon-coverall-poc/node_modules/jest-circus/build/run.js:276:40)
    at processTicksAndRejections (node:internal/process/task_queues:95:5)
    at _runTest (/Users/chrisvelgersdyk/Desktop/carbon-coverall/carbon-coverall-poc/node_modules/jest-circus/build/run.js:208:3)
    at _runTestsForDescribeBlock (/Users/chrisvelgersdyk/Desktop/carbon-coverall/carbon-coverall-poc/node_modules/jest-circus/build/run.js:96:9)
    at _runTestsForDescribeBlock (/Users/chrisvelgersdyk/Desktop/carbon-coverall/carbon-coverall-poc/node_modules/jest-circus/build/run.js:90:9)</failure>
    </testcase>
    <testcase classname="@carbon/react/scss scss/components/slug/slug should be importable" name="@carbon/react/scss scss/components/slug/slug should be importable" time="0.037">
      <failure>Error: expect(received).resolves.toBeDefined()

Received promise rejected instead of resolved
Rejected to value: [Error: Can&apos;t find stylesheet to import.
  ╷
8 │ @forward &apos;@carbon/colors&apos;;
  │ ^^^^^^^^^^^^^^^^^^^^^^^^^
  ╵
  node_modules/@carbon/styles/scss/_colors.scss 8:1                @use
  node_modules/@carbon/styles/scss/components/slug/_slug.scss 9:1  @forward
  packages/carbon-components/scss/components/slug/_slug.scss 9:1   @use
  stdin 2:1                                                        root stylesheet]
    at expect (/Users/chrisvelgersdyk/Desktop/carbon-coverall/carbon-coverall-poc/node_modules/expect/build/index.js:128:15)
    at Object.expect (/Users/chrisvelgersdyk/Desktop/carbon-coverall/carbon-coverall-poc/packages/carbon-components/__tests__/scss-test.js:24:13)
    at Promise.then.completed (/Users/chrisvelgersdyk/Desktop/carbon-coverall/carbon-coverall-poc/node_modules/jest-circus/build/utils.js:333:28)
    at new Promise (&lt;anonymous&gt;)
    at callAsyncCircusFn (/Users/chrisvelgersdyk/Desktop/carbon-coverall/carbon-coverall-poc/node_modules/jest-circus/build/utils.js:259:10)
    at _callCircusTest (/Users/chrisvelgersdyk/Desktop/carbon-coverall/carbon-coverall-poc/node_modules/jest-circus/build/run.js:276:40)
    at processTicksAndRejections (node:internal/process/task_queues:95:5)
    at _runTest (/Users/chrisvelgersdyk/Desktop/carbon-coverall/carbon-coverall-poc/node_modules/jest-circus/build/run.js:208:3)
    at _runTestsForDescribeBlock (/Users/chrisvelgersdyk/Desktop/carbon-coverall/carbon-coverall-poc/node_modules/jest-circus/build/run.js:96:9)
    at _runTestsForDescribeBlock (/Users/chrisvelgersdyk/Desktop/carbon-coverall/carbon-coverall-poc/node_modules/jest-circus/build/run.js:90:9)</failure>
    </testcase>
    <testcase classname="@carbon/react/scss scss/components/stack should be importable" name="@carbon/react/scss scss/components/stack should be importable" time="0.008">
      <failure>Error: expect(received).resolves.toBeDefined()

Received promise rejected instead of resolved
Rejected to value: [Error: Can&apos;t find stylesheet to import.
  ╷
8 │ @forward &apos;./generated/fluid-spacing&apos;;
  │ ^^^^^^^^^^^^^^^^^^^^^^^^^^^^^^^^^^^^
  ╵
  node_modules/@carbon/layout/scss/_spacing.scss 8:1                 @forward
  node_modules/@carbon/styles/scss/_spacing.scss 8:1                 @use
  node_modules/@carbon/styles/scss/components/stack/_stack.scss 9:1  @forward
  node_modules/@carbon/styles/scss/components/stack/_index.scss 8:1  @forward
  packages/carbon-components/scss/components/stack/_index.scss 9:1   @use
  stdin 2:1                                                          root stylesheet]
    at expect (/Users/chrisvelgersdyk/Desktop/carbon-coverall/carbon-coverall-poc/node_modules/expect/build/index.js:128:15)
    at Object.expect (/Users/chrisvelgersdyk/Desktop/carbon-coverall/carbon-coverall-poc/packages/carbon-components/__tests__/scss-test.js:24:13)
    at Promise.then.completed (/Users/chrisvelgersdyk/Desktop/carbon-coverall/carbon-coverall-poc/node_modules/jest-circus/build/utils.js:333:28)
    at new Promise (&lt;anonymous&gt;)
    at callAsyncCircusFn (/Users/chrisvelgersdyk/Desktop/carbon-coverall/carbon-coverall-poc/node_modules/jest-circus/build/utils.js:259:10)
    at _callCircusTest (/Users/chrisvelgersdyk/Desktop/carbon-coverall/carbon-coverall-poc/node_modules/jest-circus/build/run.js:276:40)
    at processTicksAndRejections (node:internal/process/task_queues:95:5)
    at _runTest (/Users/chrisvelgersdyk/Desktop/carbon-coverall/carbon-coverall-poc/node_modules/jest-circus/build/run.js:208:3)
    at _runTestsForDescribeBlock (/Users/chrisvelgersdyk/Desktop/carbon-coverall/carbon-coverall-poc/node_modules/jest-circus/build/run.js:96:9)
    at _runTestsForDescribeBlock (/Users/chrisvelgersdyk/Desktop/carbon-coverall/carbon-coverall-poc/node_modules/jest-circus/build/run.js:90:9)</failure>
    </testcase>
    <testcase classname="@carbon/react/scss scss/components/stack/stack should be importable" name="@carbon/react/scss scss/components/stack/stack should be importable" time="0.004">
      <failure>Error: expect(received).resolves.toBeDefined()

Received promise rejected instead of resolved
Rejected to value: [Error: Can&apos;t find stylesheet to import.
  ╷
8 │ @forward &apos;./generated/fluid-spacing&apos;;
  │ ^^^^^^^^^^^^^^^^^^^^^^^^^^^^^^^^^^^^
  ╵
  node_modules/@carbon/layout/scss/_spacing.scss 8:1                 @forward
  node_modules/@carbon/styles/scss/_spacing.scss 8:1                 @use
  node_modules/@carbon/styles/scss/components/stack/_stack.scss 9:1  @forward
  packages/carbon-components/scss/components/stack/_stack.scss 9:1   @use
  stdin 2:1                                                          root stylesheet]
    at expect (/Users/chrisvelgersdyk/Desktop/carbon-coverall/carbon-coverall-poc/node_modules/expect/build/index.js:128:15)
    at Object.expect (/Users/chrisvelgersdyk/Desktop/carbon-coverall/carbon-coverall-poc/packages/carbon-components/__tests__/scss-test.js:24:13)
    at Promise.then.completed (/Users/chrisvelgersdyk/Desktop/carbon-coverall/carbon-coverall-poc/node_modules/jest-circus/build/utils.js:333:28)
    at new Promise (&lt;anonymous&gt;)
    at callAsyncCircusFn (/Users/chrisvelgersdyk/Desktop/carbon-coverall/carbon-coverall-poc/node_modules/jest-circus/build/utils.js:259:10)
    at _callCircusTest (/Users/chrisvelgersdyk/Desktop/carbon-coverall/carbon-coverall-poc/node_modules/jest-circus/build/run.js:276:40)
    at processTicksAndRejections (node:internal/process/task_queues:95:5)
    at _runTest (/Users/chrisvelgersdyk/Desktop/carbon-coverall/carbon-coverall-poc/node_modules/jest-circus/build/run.js:208:3)
    at _runTestsForDescribeBlock (/Users/chrisvelgersdyk/Desktop/carbon-coverall/carbon-coverall-poc/node_modules/jest-circus/build/run.js:96:9)
    at _runTestsForDescribeBlock (/Users/chrisvelgersdyk/Desktop/carbon-coverall/carbon-coverall-poc/node_modules/jest-circus/build/run.js:90:9)</failure>
    </testcase>
    <testcase classname="@carbon/react/scss scss/components/structured-list should be importable" name="@carbon/react/scss scss/components/structured-list should be importable" time="0.004">
      <failure>Error: expect(received).resolves.toBeDefined()

Received promise rejected instead of resolved
Rejected to value: [Error: Can&apos;t find stylesheet to import.
  ╷
8 │ @forward &apos;./generated/fluid-spacing&apos;;
  │ ^^^^^^^^^^^^^^^^^^^^^^^^^^^^^^^^^^^^
  ╵
  node_modules/@carbon/layout/scss/_spacing.scss 8:1                                     @forward
  node_modules/@carbon/styles/scss/_spacing.scss 8:1                                     @use
  node_modules/@carbon/styles/scss/components/structured-list/_mixins.scss 8:1           @use
  node_modules/@carbon/styles/scss/components/structured-list/_structured-list.scss 8:1  @forward
  node_modules/@carbon/styles/scss/components/structured-list/_index.scss 8:1            @forward
  packages/carbon-components/scss/components/structured-list/_index.scss 9:1             @use
  stdin 2:1                                                                              root stylesheet]
    at expect (/Users/chrisvelgersdyk/Desktop/carbon-coverall/carbon-coverall-poc/node_modules/expect/build/index.js:128:15)
    at Object.expect (/Users/chrisvelgersdyk/Desktop/carbon-coverall/carbon-coverall-poc/packages/carbon-components/__tests__/scss-test.js:24:13)
    at Promise.then.completed (/Users/chrisvelgersdyk/Desktop/carbon-coverall/carbon-coverall-poc/node_modules/jest-circus/build/utils.js:333:28)
    at new Promise (&lt;anonymous&gt;)
    at callAsyncCircusFn (/Users/chrisvelgersdyk/Desktop/carbon-coverall/carbon-coverall-poc/node_modules/jest-circus/build/utils.js:259:10)
    at _callCircusTest (/Users/chrisvelgersdyk/Desktop/carbon-coverall/carbon-coverall-poc/node_modules/jest-circus/build/run.js:276:40)
    at processTicksAndRejections (node:internal/process/task_queues:95:5)
    at _runTest (/Users/chrisvelgersdyk/Desktop/carbon-coverall/carbon-coverall-poc/node_modules/jest-circus/build/run.js:208:3)
    at _runTestsForDescribeBlock (/Users/chrisvelgersdyk/Desktop/carbon-coverall/carbon-coverall-poc/node_modules/jest-circus/build/run.js:96:9)
    at _runTestsForDescribeBlock (/Users/chrisvelgersdyk/Desktop/carbon-coverall/carbon-coverall-poc/node_modules/jest-circus/build/run.js:90:9)</failure>
    </testcase>
    <testcase classname="@carbon/react/scss scss/components/structured-list/structured-list should be importable" name="@carbon/react/scss scss/components/structured-list/structured-list should be importable" time="0.004">
      <failure>Error: expect(received).resolves.toBeDefined()

Received promise rejected instead of resolved
Rejected to value: [Error: Can&apos;t find stylesheet to import.
  ╷
8 │ @forward &apos;./generated/fluid-spacing&apos;;
  │ ^^^^^^^^^^^^^^^^^^^^^^^^^^^^^^^^^^^^
  ╵
  node_modules/@carbon/layout/scss/_spacing.scss 8:1                                     @forward
  node_modules/@carbon/styles/scss/_spacing.scss 8:1                                     @use
  node_modules/@carbon/styles/scss/components/structured-list/_mixins.scss 8:1           @use
  node_modules/@carbon/styles/scss/components/structured-list/_structured-list.scss 8:1  @forward
  packages/carbon-components/scss/components/structured-list/_structured-list.scss 9:1   @use
  stdin 2:1                                                                              root stylesheet]
    at expect (/Users/chrisvelgersdyk/Desktop/carbon-coverall/carbon-coverall-poc/node_modules/expect/build/index.js:128:15)
    at Object.expect (/Users/chrisvelgersdyk/Desktop/carbon-coverall/carbon-coverall-poc/packages/carbon-components/__tests__/scss-test.js:24:13)
    at Promise.then.completed (/Users/chrisvelgersdyk/Desktop/carbon-coverall/carbon-coverall-poc/node_modules/jest-circus/build/utils.js:333:28)
    at new Promise (&lt;anonymous&gt;)
    at callAsyncCircusFn (/Users/chrisvelgersdyk/Desktop/carbon-coverall/carbon-coverall-poc/node_modules/jest-circus/build/utils.js:259:10)
    at _callCircusTest (/Users/chrisvelgersdyk/Desktop/carbon-coverall/carbon-coverall-poc/node_modules/jest-circus/build/run.js:276:40)
    at processTicksAndRejections (node:internal/process/task_queues:95:5)
    at _runTest (/Users/chrisvelgersdyk/Desktop/carbon-coverall/carbon-coverall-poc/node_modules/jest-circus/build/run.js:208:3)
    at _runTestsForDescribeBlock (/Users/chrisvelgersdyk/Desktop/carbon-coverall/carbon-coverall-poc/node_modules/jest-circus/build/run.js:96:9)
    at _runTestsForDescribeBlock (/Users/chrisvelgersdyk/Desktop/carbon-coverall/carbon-coverall-poc/node_modules/jest-circus/build/run.js:90:9)</failure>
    </testcase>
    <testcase classname="@carbon/react/scss scss/components/tabs should be importable" name="@carbon/react/scss scss/components/tabs should be importable" time="0.071">
      <failure>Error: expect(received).resolves.toBeDefined()

Received promise rejected instead of resolved
Rejected to value: [Error: Can&apos;t find stylesheet to import.
  ╷
8 │ @forward &apos;generated/themes&apos;;
  │ ^^^^^^^^^^^^^^^^^^^^^^^^^^^
  ╵
  node_modules/@carbon/themes/scss/compat/_themes.scss 8:1          @use
  node_modules/@carbon/styles/scss/compat/_themes.scss 9:1          @use
  node_modules/@carbon/styles/scss/theme/_theme.scss 12:1           @forward
  node_modules/@carbon/styles/scss/_theme.scss 8:1                  @use
  node_modules/@carbon/styles/scss/components/tabs/_vars.scss 10:1  @use
  node_modules/@carbon/styles/scss/components/tabs/_tabs.scss 12:1  @forward
  node_modules/@carbon/styles/scss/components/tabs/_index.scss 8:1  @forward
  packages/carbon-components/scss/components/tabs/_index.scss 9:1   @use
  stdin 2:1                                                         root stylesheet]
    at expect (/Users/chrisvelgersdyk/Desktop/carbon-coverall/carbon-coverall-poc/node_modules/expect/build/index.js:128:15)
    at Object.expect (/Users/chrisvelgersdyk/Desktop/carbon-coverall/carbon-coverall-poc/packages/carbon-components/__tests__/scss-test.js:24:13)
    at Promise.then.completed (/Users/chrisvelgersdyk/Desktop/carbon-coverall/carbon-coverall-poc/node_modules/jest-circus/build/utils.js:333:28)
    at new Promise (&lt;anonymous&gt;)
    at callAsyncCircusFn (/Users/chrisvelgersdyk/Desktop/carbon-coverall/carbon-coverall-poc/node_modules/jest-circus/build/utils.js:259:10)
    at _callCircusTest (/Users/chrisvelgersdyk/Desktop/carbon-coverall/carbon-coverall-poc/node_modules/jest-circus/build/run.js:276:40)
    at processTicksAndRejections (node:internal/process/task_queues:95:5)
    at _runTest (/Users/chrisvelgersdyk/Desktop/carbon-coverall/carbon-coverall-poc/node_modules/jest-circus/build/run.js:208:3)
    at _runTestsForDescribeBlock (/Users/chrisvelgersdyk/Desktop/carbon-coverall/carbon-coverall-poc/node_modules/jest-circus/build/run.js:96:9)
    at _runTestsForDescribeBlock (/Users/chrisvelgersdyk/Desktop/carbon-coverall/carbon-coverall-poc/node_modules/jest-circus/build/run.js:90:9)</failure>
    </testcase>
    <testcase classname="@carbon/react/scss scss/components/tabs/tabs should be importable" name="@carbon/react/scss scss/components/tabs/tabs should be importable" time="0.028">
      <failure>Error: expect(received).resolves.toBeDefined()

Received promise rejected instead of resolved
Rejected to value: [Error: Can&apos;t find stylesheet to import.
  ╷
8 │ @forward &apos;generated/themes&apos;;
  │ ^^^^^^^^^^^^^^^^^^^^^^^^^^^
  ╵
  node_modules/@carbon/themes/scss/compat/_themes.scss 8:1          @use
  node_modules/@carbon/styles/scss/compat/_themes.scss 9:1          @use
  node_modules/@carbon/styles/scss/theme/_theme.scss 12:1           @forward
  node_modules/@carbon/styles/scss/_theme.scss 8:1                  @use
  node_modules/@carbon/styles/scss/components/tabs/_vars.scss 10:1  @use
  node_modules/@carbon/styles/scss/components/tabs/_tabs.scss 12:1  @forward
  packages/carbon-components/scss/components/tabs/_tabs.scss 9:1    @use
  stdin 2:1                                                         root stylesheet]
    at expect (/Users/chrisvelgersdyk/Desktop/carbon-coverall/carbon-coverall-poc/node_modules/expect/build/index.js:128:15)
    at Object.expect (/Users/chrisvelgersdyk/Desktop/carbon-coverall/carbon-coverall-poc/packages/carbon-components/__tests__/scss-test.js:24:13)
    at Promise.then.completed (/Users/chrisvelgersdyk/Desktop/carbon-coverall/carbon-coverall-poc/node_modules/jest-circus/build/utils.js:333:28)
    at new Promise (&lt;anonymous&gt;)
    at callAsyncCircusFn (/Users/chrisvelgersdyk/Desktop/carbon-coverall/carbon-coverall-poc/node_modules/jest-circus/build/utils.js:259:10)
    at _callCircusTest (/Users/chrisvelgersdyk/Desktop/carbon-coverall/carbon-coverall-poc/node_modules/jest-circus/build/run.js:276:40)
    at processTicksAndRejections (node:internal/process/task_queues:95:5)
    at _runTest (/Users/chrisvelgersdyk/Desktop/carbon-coverall/carbon-coverall-poc/node_modules/jest-circus/build/run.js:208:3)
    at _runTestsForDescribeBlock (/Users/chrisvelgersdyk/Desktop/carbon-coverall/carbon-coverall-poc/node_modules/jest-circus/build/run.js:96:9)
    at _runTestsForDescribeBlock (/Users/chrisvelgersdyk/Desktop/carbon-coverall/carbon-coverall-poc/node_modules/jest-circus/build/run.js:90:9)</failure>
    </testcase>
    <testcase classname="@carbon/react/scss scss/components/tag should be importable" name="@carbon/react/scss scss/components/tag should be importable" time="0.008">
      <failure>Error: expect(received).resolves.toBeDefined()

Received promise rejected instead of resolved
Rejected to value: [Error: Can&apos;t find stylesheet to import.
  ╷
8 │ @forward &apos;generated/themes&apos;;
  │ ^^^^^^^^^^^^^^^^^^^^^^^^^^^
  ╵
  node_modules/@carbon/themes/scss/compat/_themes.scss 8:1         @use
  node_modules/@carbon/styles/scss/compat/_themes.scss 9:1         @use
  node_modules/@carbon/styles/scss/theme/_theme.scss 12:1          @forward
  node_modules/@carbon/styles/scss/_theme.scss 8:1                 @use
  node_modules/@carbon/styles/scss/components/tag/_tag.scss 8:1    @forward
  node_modules/@carbon/styles/scss/components/tag/_index.scss 8:1  @forward
  packages/carbon-components/scss/components/tag/_index.scss 9:1   @use
  stdin 2:1                                                        root stylesheet]
    at expect (/Users/chrisvelgersdyk/Desktop/carbon-coverall/carbon-coverall-poc/node_modules/expect/build/index.js:128:15)
    at Object.expect (/Users/chrisvelgersdyk/Desktop/carbon-coverall/carbon-coverall-poc/packages/carbon-components/__tests__/scss-test.js:24:13)
    at Promise.then.completed (/Users/chrisvelgersdyk/Desktop/carbon-coverall/carbon-coverall-poc/node_modules/jest-circus/build/utils.js:333:28)
    at new Promise (&lt;anonymous&gt;)
    at callAsyncCircusFn (/Users/chrisvelgersdyk/Desktop/carbon-coverall/carbon-coverall-poc/node_modules/jest-circus/build/utils.js:259:10)
    at _callCircusTest (/Users/chrisvelgersdyk/Desktop/carbon-coverall/carbon-coverall-poc/node_modules/jest-circus/build/run.js:276:40)
    at processTicksAndRejections (node:internal/process/task_queues:95:5)
    at _runTest (/Users/chrisvelgersdyk/Desktop/carbon-coverall/carbon-coverall-poc/node_modules/jest-circus/build/run.js:208:3)
    at _runTestsForDescribeBlock (/Users/chrisvelgersdyk/Desktop/carbon-coverall/carbon-coverall-poc/node_modules/jest-circus/build/run.js:96:9)
    at _runTestsForDescribeBlock (/Users/chrisvelgersdyk/Desktop/carbon-coverall/carbon-coverall-poc/node_modules/jest-circus/build/run.js:90:9)</failure>
    </testcase>
    <testcase classname="@carbon/react/scss scss/components/tag/tag should be importable" name="@carbon/react/scss scss/components/tag/tag should be importable" time="0.008">
      <failure>Error: expect(received).resolves.toBeDefined()

Received promise rejected instead of resolved
Rejected to value: [Error: Can&apos;t find stylesheet to import.
  ╷
8 │ @forward &apos;generated/themes&apos;;
  │ ^^^^^^^^^^^^^^^^^^^^^^^^^^^
  ╵
  node_modules/@carbon/themes/scss/compat/_themes.scss 8:1       @use
  node_modules/@carbon/styles/scss/compat/_themes.scss 9:1       @use
  node_modules/@carbon/styles/scss/theme/_theme.scss 12:1        @forward
  node_modules/@carbon/styles/scss/_theme.scss 8:1               @use
  node_modules/@carbon/styles/scss/components/tag/_tag.scss 8:1  @forward
  packages/carbon-components/scss/components/tag/_tag.scss 9:1   @use
  stdin 2:1                                                      root stylesheet]
    at expect (/Users/chrisvelgersdyk/Desktop/carbon-coverall/carbon-coverall-poc/node_modules/expect/build/index.js:128:15)
    at Object.expect (/Users/chrisvelgersdyk/Desktop/carbon-coverall/carbon-coverall-poc/packages/carbon-components/__tests__/scss-test.js:24:13)
    at Promise.then.completed (/Users/chrisvelgersdyk/Desktop/carbon-coverall/carbon-coverall-poc/node_modules/jest-circus/build/utils.js:333:28)
    at new Promise (&lt;anonymous&gt;)
    at callAsyncCircusFn (/Users/chrisvelgersdyk/Desktop/carbon-coverall/carbon-coverall-poc/node_modules/jest-circus/build/utils.js:259:10)
    at _callCircusTest (/Users/chrisvelgersdyk/Desktop/carbon-coverall/carbon-coverall-poc/node_modules/jest-circus/build/run.js:276:40)
    at processTicksAndRejections (node:internal/process/task_queues:95:5)
    at _runTest (/Users/chrisvelgersdyk/Desktop/carbon-coverall/carbon-coverall-poc/node_modules/jest-circus/build/run.js:208:3)
    at _runTestsForDescribeBlock (/Users/chrisvelgersdyk/Desktop/carbon-coverall/carbon-coverall-poc/node_modules/jest-circus/build/run.js:96:9)
    at _runTestsForDescribeBlock (/Users/chrisvelgersdyk/Desktop/carbon-coverall/carbon-coverall-poc/node_modules/jest-circus/build/run.js:90:9)</failure>
    </testcase>
    <testcase classname="@carbon/react/scss scss/components/tag/tokens should be importable" name="@carbon/react/scss scss/components/tag/tokens should be importable" time="0.009">
      <failure>Error: expect(received).resolves.toBeDefined()

Received promise rejected instead of resolved
Rejected to value: [Error: Can&apos;t find stylesheet to import.
  ╷
8 │ @forward &apos;@carbon/colors&apos;;
  │ ^^^^^^^^^^^^^^^^^^^^^^^^^
  ╵
  node_modules/@carbon/styles/scss/_colors.scss 8:1                  @use
  node_modules/@carbon/styles/scss/components/tag/_tokens.scss 11:1  @forward
  packages/carbon-components/scss/components/tag/_tokens.scss 9:1    @use
  stdin 2:1                                                          root stylesheet]
    at expect (/Users/chrisvelgersdyk/Desktop/carbon-coverall/carbon-coverall-poc/node_modules/expect/build/index.js:128:15)
    at Object.expect (/Users/chrisvelgersdyk/Desktop/carbon-coverall/carbon-coverall-poc/packages/carbon-components/__tests__/scss-test.js:24:13)
    at Promise.then.completed (/Users/chrisvelgersdyk/Desktop/carbon-coverall/carbon-coverall-poc/node_modules/jest-circus/build/utils.js:333:28)
    at new Promise (&lt;anonymous&gt;)
    at callAsyncCircusFn (/Users/chrisvelgersdyk/Desktop/carbon-coverall/carbon-coverall-poc/node_modules/jest-circus/build/utils.js:259:10)
    at _callCircusTest (/Users/chrisvelgersdyk/Desktop/carbon-coverall/carbon-coverall-poc/node_modules/jest-circus/build/run.js:276:40)
    at processTicksAndRejections (node:internal/process/task_queues:95:5)
    at _runTest (/Users/chrisvelgersdyk/Desktop/carbon-coverall/carbon-coverall-poc/node_modules/jest-circus/build/run.js:208:3)
    at _runTestsForDescribeBlock (/Users/chrisvelgersdyk/Desktop/carbon-coverall/carbon-coverall-poc/node_modules/jest-circus/build/run.js:96:9)
    at _runTestsForDescribeBlock (/Users/chrisvelgersdyk/Desktop/carbon-coverall/carbon-coverall-poc/node_modules/jest-circus/build/run.js:90:9)</failure>
    </testcase>
    <testcase classname="@carbon/react/scss scss/components/text-area should be importable" name="@carbon/react/scss scss/components/text-area should be importable" time="0.007">
      <failure>Error: expect(received).resolves.toBeDefined()

Received promise rejected instead of resolved
Rejected to value: [Error: Can&apos;t find stylesheet to import.
  ╷
8 │ @forward &apos;./generated/fluid-spacing&apos;;
  │ ^^^^^^^^^^^^^^^^^^^^^^^^^^^^^^^^^^^^
  ╵
  node_modules/@carbon/layout/scss/_spacing.scss 8:1                         @forward
  node_modules/@carbon/styles/scss/_spacing.scss 8:1                         @use
  node_modules/@carbon/styles/scss/components/form/_form.scss 9:1            @forward
  node_modules/@carbon/styles/scss/components/form/_index.scss 8:1           @use
  node_modules/@carbon/styles/scss/components/text-area/_text-area.scss 8:1  @forward
  node_modules/@carbon/styles/scss/components/text-area/_index.scss 8:1      @forward
  packages/carbon-components/scss/components/text-area/_index.scss 9:1       @use
  stdin 2:1                                                                  root stylesheet]
    at expect (/Users/chrisvelgersdyk/Desktop/carbon-coverall/carbon-coverall-poc/node_modules/expect/build/index.js:128:15)
    at Object.expect (/Users/chrisvelgersdyk/Desktop/carbon-coverall/carbon-coverall-poc/packages/carbon-components/__tests__/scss-test.js:24:13)
    at Promise.then.completed (/Users/chrisvelgersdyk/Desktop/carbon-coverall/carbon-coverall-poc/node_modules/jest-circus/build/utils.js:333:28)
    at new Promise (&lt;anonymous&gt;)
    at callAsyncCircusFn (/Users/chrisvelgersdyk/Desktop/carbon-coverall/carbon-coverall-poc/node_modules/jest-circus/build/utils.js:259:10)
    at _callCircusTest (/Users/chrisvelgersdyk/Desktop/carbon-coverall/carbon-coverall-poc/node_modules/jest-circus/build/run.js:276:40)
    at processTicksAndRejections (node:internal/process/task_queues:95:5)
    at _runTest (/Users/chrisvelgersdyk/Desktop/carbon-coverall/carbon-coverall-poc/node_modules/jest-circus/build/run.js:208:3)
    at _runTestsForDescribeBlock (/Users/chrisvelgersdyk/Desktop/carbon-coverall/carbon-coverall-poc/node_modules/jest-circus/build/run.js:96:9)
    at _runTestsForDescribeBlock (/Users/chrisvelgersdyk/Desktop/carbon-coverall/carbon-coverall-poc/node_modules/jest-circus/build/run.js:90:9)</failure>
    </testcase>
    <testcase classname="@carbon/react/scss scss/components/text-area/text-area should be importable" name="@carbon/react/scss scss/components/text-area/text-area should be importable" time="0.006">
      <failure>Error: expect(received).resolves.toBeDefined()

Received promise rejected instead of resolved
Rejected to value: [Error: Can&apos;t find stylesheet to import.
  ╷
8 │ @forward &apos;./generated/fluid-spacing&apos;;
  │ ^^^^^^^^^^^^^^^^^^^^^^^^^^^^^^^^^^^^
  ╵
  node_modules/@carbon/layout/scss/_spacing.scss 8:1                         @forward
  node_modules/@carbon/styles/scss/_spacing.scss 8:1                         @use
  node_modules/@carbon/styles/scss/components/form/_form.scss 9:1            @forward
  node_modules/@carbon/styles/scss/components/form/_index.scss 8:1           @use
  node_modules/@carbon/styles/scss/components/text-area/_text-area.scss 8:1  @forward
  packages/carbon-components/scss/components/text-area/_text-area.scss 9:1   @use
  stdin 2:1                                                                  root stylesheet]
    at expect (/Users/chrisvelgersdyk/Desktop/carbon-coverall/carbon-coverall-poc/node_modules/expect/build/index.js:128:15)
    at Object.expect (/Users/chrisvelgersdyk/Desktop/carbon-coverall/carbon-coverall-poc/packages/carbon-components/__tests__/scss-test.js:24:13)
    at Promise.then.completed (/Users/chrisvelgersdyk/Desktop/carbon-coverall/carbon-coverall-poc/node_modules/jest-circus/build/utils.js:333:28)
    at new Promise (&lt;anonymous&gt;)
    at callAsyncCircusFn (/Users/chrisvelgersdyk/Desktop/carbon-coverall/carbon-coverall-poc/node_modules/jest-circus/build/utils.js:259:10)
    at _callCircusTest (/Users/chrisvelgersdyk/Desktop/carbon-coverall/carbon-coverall-poc/node_modules/jest-circus/build/run.js:276:40)
    at processTicksAndRejections (node:internal/process/task_queues:95:5)
    at _runTest (/Users/chrisvelgersdyk/Desktop/carbon-coverall/carbon-coverall-poc/node_modules/jest-circus/build/run.js:208:3)
    at _runTestsForDescribeBlock (/Users/chrisvelgersdyk/Desktop/carbon-coverall/carbon-coverall-poc/node_modules/jest-circus/build/run.js:96:9)
    at _runTestsForDescribeBlock (/Users/chrisvelgersdyk/Desktop/carbon-coverall/carbon-coverall-poc/node_modules/jest-circus/build/run.js:90:9)</failure>
    </testcase>
    <testcase classname="@carbon/react/scss scss/components/text-input should be importable" name="@carbon/react/scss scss/components/text-input should be importable" time="0.008">
      <failure>Error: expect(received).resolves.toBeDefined()

Received promise rejected instead of resolved
Rejected to value: [Error: Can&apos;t find stylesheet to import.
  ╷
8 │ @forward &apos;./generated/fluid-spacing&apos;;
  │ ^^^^^^^^^^^^^^^^^^^^^^^^^^^^^^^^^^^^
  ╵
  node_modules/@carbon/layout/scss/_spacing.scss 8:1                            @forward
  node_modules/@carbon/styles/scss/_spacing.scss 8:1                            @use
  node_modules/@carbon/styles/scss/components/form/_form.scss 9:1               @forward
  node_modules/@carbon/styles/scss/components/form/_index.scss 8:1              @use
  node_modules/@carbon/styles/scss/components/text-input/_text-input.scss 11:1  @forward
  node_modules/@carbon/styles/scss/components/text-input/_index.scss 8:1        @forward
  packages/carbon-components/scss/components/text-input/_index.scss 9:1         @use
  stdin 2:1                                                                     root stylesheet]
    at expect (/Users/chrisvelgersdyk/Desktop/carbon-coverall/carbon-coverall-poc/node_modules/expect/build/index.js:128:15)
    at Object.expect (/Users/chrisvelgersdyk/Desktop/carbon-coverall/carbon-coverall-poc/packages/carbon-components/__tests__/scss-test.js:24:13)
    at Promise.then.completed (/Users/chrisvelgersdyk/Desktop/carbon-coverall/carbon-coverall-poc/node_modules/jest-circus/build/utils.js:333:28)
    at new Promise (&lt;anonymous&gt;)
    at callAsyncCircusFn (/Users/chrisvelgersdyk/Desktop/carbon-coverall/carbon-coverall-poc/node_modules/jest-circus/build/utils.js:259:10)
    at _callCircusTest (/Users/chrisvelgersdyk/Desktop/carbon-coverall/carbon-coverall-poc/node_modules/jest-circus/build/run.js:276:40)
    at processTicksAndRejections (node:internal/process/task_queues:95:5)
    at _runTest (/Users/chrisvelgersdyk/Desktop/carbon-coverall/carbon-coverall-poc/node_modules/jest-circus/build/run.js:208:3)
    at _runTestsForDescribeBlock (/Users/chrisvelgersdyk/Desktop/carbon-coverall/carbon-coverall-poc/node_modules/jest-circus/build/run.js:96:9)
    at _runTestsForDescribeBlock (/Users/chrisvelgersdyk/Desktop/carbon-coverall/carbon-coverall-poc/node_modules/jest-circus/build/run.js:90:9)</failure>
    </testcase>
    <testcase classname="@carbon/react/scss scss/components/text-input/text-input should be importable" name="@carbon/react/scss scss/components/text-input/text-input should be importable" time="0.013">
      <failure>Error: expect(received).resolves.toBeDefined()

Received promise rejected instead of resolved
Rejected to value: [Error: Can&apos;t find stylesheet to import.
  ╷
8 │ @forward &apos;./generated/fluid-spacing&apos;;
  │ ^^^^^^^^^^^^^^^^^^^^^^^^^^^^^^^^^^^^
  ╵
  node_modules/@carbon/layout/scss/_spacing.scss 8:1                            @forward
  node_modules/@carbon/styles/scss/_spacing.scss 8:1                            @use
  node_modules/@carbon/styles/scss/components/form/_form.scss 9:1               @forward
  node_modules/@carbon/styles/scss/components/form/_index.scss 8:1              @use
  node_modules/@carbon/styles/scss/components/text-input/_text-input.scss 11:1  @forward
  packages/carbon-components/scss/components/text-input/_text-input.scss 9:1    @use
  stdin 2:1                                                                     root stylesheet]
    at expect (/Users/chrisvelgersdyk/Desktop/carbon-coverall/carbon-coverall-poc/node_modules/expect/build/index.js:128:15)
    at Object.expect (/Users/chrisvelgersdyk/Desktop/carbon-coverall/carbon-coverall-poc/packages/carbon-components/__tests__/scss-test.js:24:13)
    at Promise.then.completed (/Users/chrisvelgersdyk/Desktop/carbon-coverall/carbon-coverall-poc/node_modules/jest-circus/build/utils.js:333:28)
    at new Promise (&lt;anonymous&gt;)
    at callAsyncCircusFn (/Users/chrisvelgersdyk/Desktop/carbon-coverall/carbon-coverall-poc/node_modules/jest-circus/build/utils.js:259:10)
    at _callCircusTest (/Users/chrisvelgersdyk/Desktop/carbon-coverall/carbon-coverall-poc/node_modules/jest-circus/build/run.js:276:40)
    at processTicksAndRejections (node:internal/process/task_queues:95:5)
    at _runTest (/Users/chrisvelgersdyk/Desktop/carbon-coverall/carbon-coverall-poc/node_modules/jest-circus/build/run.js:208:3)
    at _runTestsForDescribeBlock (/Users/chrisvelgersdyk/Desktop/carbon-coverall/carbon-coverall-poc/node_modules/jest-circus/build/run.js:96:9)
    at _runTestsForDescribeBlock (/Users/chrisvelgersdyk/Desktop/carbon-coverall/carbon-coverall-poc/node_modules/jest-circus/build/run.js:90:9)</failure>
    </testcase>
    <testcase classname="@carbon/react/scss scss/components/tile should be importable" name="@carbon/react/scss scss/components/tile should be importable" time="0.01">
      <failure>Error: expect(received).resolves.toBeDefined()

Received promise rejected instead of resolved
Rejected to value: [Error: Can&apos;t find stylesheet to import.
  ╷
8 │ @forward &apos;generated/themes&apos;;
  │ ^^^^^^^^^^^^^^^^^^^^^^^^^^^
  ╵
  node_modules/@carbon/themes/scss/_themes.scss 8:1                     @forward
  node_modules/@carbon/styles/scss/_themes.scss 9:1                     @use
  node_modules/@carbon/styles/scss/components/button/_tokens.scss 10:1  @use
  node_modules/@carbon/styles/scss/components/tile/_tile.scss 8:1       @forward
  node_modules/@carbon/styles/scss/components/tile/_index.scss 8:1      @forward
  packages/carbon-components/scss/components/tile/_index.scss 9:1       @use
  stdin 2:1                                                             root stylesheet]
    at expect (/Users/chrisvelgersdyk/Desktop/carbon-coverall/carbon-coverall-poc/node_modules/expect/build/index.js:128:15)
    at Object.expect (/Users/chrisvelgersdyk/Desktop/carbon-coverall/carbon-coverall-poc/packages/carbon-components/__tests__/scss-test.js:24:13)
    at Promise.then.completed (/Users/chrisvelgersdyk/Desktop/carbon-coverall/carbon-coverall-poc/node_modules/jest-circus/build/utils.js:333:28)
    at new Promise (&lt;anonymous&gt;)
    at callAsyncCircusFn (/Users/chrisvelgersdyk/Desktop/carbon-coverall/carbon-coverall-poc/node_modules/jest-circus/build/utils.js:259:10)
    at _callCircusTest (/Users/chrisvelgersdyk/Desktop/carbon-coverall/carbon-coverall-poc/node_modules/jest-circus/build/run.js:276:40)
    at processTicksAndRejections (node:internal/process/task_queues:95:5)
    at _runTest (/Users/chrisvelgersdyk/Desktop/carbon-coverall/carbon-coverall-poc/node_modules/jest-circus/build/run.js:208:3)
    at _runTestsForDescribeBlock (/Users/chrisvelgersdyk/Desktop/carbon-coverall/carbon-coverall-poc/node_modules/jest-circus/build/run.js:96:9)
    at _runTestsForDescribeBlock (/Users/chrisvelgersdyk/Desktop/carbon-coverall/carbon-coverall-poc/node_modules/jest-circus/build/run.js:90:9)</failure>
    </testcase>
    <testcase classname="@carbon/react/scss scss/components/tile/tile should be importable" name="@carbon/react/scss scss/components/tile/tile should be importable" time="0.01">
      <failure>Error: expect(received).resolves.toBeDefined()

Received promise rejected instead of resolved
Rejected to value: [Error: Can&apos;t find stylesheet to import.
  ╷
8 │ @forward &apos;generated/themes&apos;;
  │ ^^^^^^^^^^^^^^^^^^^^^^^^^^^
  ╵
  node_modules/@carbon/themes/scss/_themes.scss 8:1                     @forward
  node_modules/@carbon/styles/scss/_themes.scss 9:1                     @use
  node_modules/@carbon/styles/scss/components/button/_tokens.scss 10:1  @use
  node_modules/@carbon/styles/scss/components/tile/_tile.scss 8:1       @forward
  packages/carbon-components/scss/components/tile/_tile.scss 9:1        @use
  stdin 2:1                                                             root stylesheet]
    at expect (/Users/chrisvelgersdyk/Desktop/carbon-coverall/carbon-coverall-poc/node_modules/expect/build/index.js:128:15)
    at Object.expect (/Users/chrisvelgersdyk/Desktop/carbon-coverall/carbon-coverall-poc/packages/carbon-components/__tests__/scss-test.js:24:13)
    at Promise.then.completed (/Users/chrisvelgersdyk/Desktop/carbon-coverall/carbon-coverall-poc/node_modules/jest-circus/build/utils.js:333:28)
    at new Promise (&lt;anonymous&gt;)
    at callAsyncCircusFn (/Users/chrisvelgersdyk/Desktop/carbon-coverall/carbon-coverall-poc/node_modules/jest-circus/build/utils.js:259:10)
    at _callCircusTest (/Users/chrisvelgersdyk/Desktop/carbon-coverall/carbon-coverall-poc/node_modules/jest-circus/build/run.js:276:40)
    at processTicksAndRejections (node:internal/process/task_queues:95:5)
    at _runTest (/Users/chrisvelgersdyk/Desktop/carbon-coverall/carbon-coverall-poc/node_modules/jest-circus/build/run.js:208:3)
    at _runTestsForDescribeBlock (/Users/chrisvelgersdyk/Desktop/carbon-coverall/carbon-coverall-poc/node_modules/jest-circus/build/run.js:96:9)
    at _runTestsForDescribeBlock (/Users/chrisvelgersdyk/Desktop/carbon-coverall/carbon-coverall-poc/node_modules/jest-circus/build/run.js:90:9)</failure>
    </testcase>
    <testcase classname="@carbon/react/scss scss/components/time-picker should be importable" name="@carbon/react/scss scss/components/time-picker should be importable" time="0.016">
      <failure>Error: expect(received).resolves.toBeDefined()

Received promise rejected instead of resolved
Rejected to value: [Error: Can&apos;t find stylesheet to import.
  ╷
8 │ @forward &apos;./generated/fluid-spacing&apos;;
  │ ^^^^^^^^^^^^^^^^^^^^^^^^^^^^^^^^^^^^
  ╵
  node_modules/@carbon/layout/scss/_spacing.scss 8:1                             @forward
  node_modules/@carbon/styles/scss/_spacing.scss 8:1                             @use
  node_modules/@carbon/styles/scss/components/form/_form.scss 9:1                @forward
  node_modules/@carbon/styles/scss/components/form/_index.scss 8:1               @use
  node_modules/@carbon/styles/scss/components/text-input/_text-input.scss 11:1   @forward
  node_modules/@carbon/styles/scss/components/text-input/_index.scss 8:1         @use
  node_modules/@carbon/styles/scss/components/time-picker/_time-picker.scss 8:1  @forward
  node_modules/@carbon/styles/scss/components/time-picker/_index.scss 8:1        @forward
  packages/carbon-components/scss/components/time-picker/_index.scss 9:1         @use
  stdin 2:1                                                                      root stylesheet]
    at expect (/Users/chrisvelgersdyk/Desktop/carbon-coverall/carbon-coverall-poc/node_modules/expect/build/index.js:128:15)
    at Object.expect (/Users/chrisvelgersdyk/Desktop/carbon-coverall/carbon-coverall-poc/packages/carbon-components/__tests__/scss-test.js:24:13)
    at Promise.then.completed (/Users/chrisvelgersdyk/Desktop/carbon-coverall/carbon-coverall-poc/node_modules/jest-circus/build/utils.js:333:28)
    at new Promise (&lt;anonymous&gt;)
    at callAsyncCircusFn (/Users/chrisvelgersdyk/Desktop/carbon-coverall/carbon-coverall-poc/node_modules/jest-circus/build/utils.js:259:10)
    at _callCircusTest (/Users/chrisvelgersdyk/Desktop/carbon-coverall/carbon-coverall-poc/node_modules/jest-circus/build/run.js:276:40)
    at processTicksAndRejections (node:internal/process/task_queues:95:5)
    at _runTest (/Users/chrisvelgersdyk/Desktop/carbon-coverall/carbon-coverall-poc/node_modules/jest-circus/build/run.js:208:3)
    at _runTestsForDescribeBlock (/Users/chrisvelgersdyk/Desktop/carbon-coverall/carbon-coverall-poc/node_modules/jest-circus/build/run.js:96:9)
    at _runTestsForDescribeBlock (/Users/chrisvelgersdyk/Desktop/carbon-coverall/carbon-coverall-poc/node_modules/jest-circus/build/run.js:90:9)</failure>
    </testcase>
    <testcase classname="@carbon/react/scss scss/components/time-picker/time-picker should be importable" name="@carbon/react/scss scss/components/time-picker/time-picker should be importable" time="0.02">
      <failure>Error: expect(received).resolves.toBeDefined()

Received promise rejected instead of resolved
Rejected to value: [Error: Can&apos;t find stylesheet to import.
  ╷
8 │ @forward &apos;./generated/fluid-spacing&apos;;
  │ ^^^^^^^^^^^^^^^^^^^^^^^^^^^^^^^^^^^^
  ╵
  node_modules/@carbon/layout/scss/_spacing.scss 8:1                             @forward
  node_modules/@carbon/styles/scss/_spacing.scss 8:1                             @use
  node_modules/@carbon/styles/scss/components/form/_form.scss 9:1                @forward
  node_modules/@carbon/styles/scss/components/form/_index.scss 8:1               @use
  node_modules/@carbon/styles/scss/components/text-input/_text-input.scss 11:1   @forward
  node_modules/@carbon/styles/scss/components/text-input/_index.scss 8:1         @use
  node_modules/@carbon/styles/scss/components/time-picker/_time-picker.scss 8:1  @forward
  packages/carbon-components/scss/components/time-picker/_time-picker.scss 9:1   @use
  stdin 2:1                                                                      root stylesheet]
    at expect (/Users/chrisvelgersdyk/Desktop/carbon-coverall/carbon-coverall-poc/node_modules/expect/build/index.js:128:15)
    at Object.expect (/Users/chrisvelgersdyk/Desktop/carbon-coverall/carbon-coverall-poc/packages/carbon-components/__tests__/scss-test.js:24:13)
    at Promise.then.completed (/Users/chrisvelgersdyk/Desktop/carbon-coverall/carbon-coverall-poc/node_modules/jest-circus/build/utils.js:333:28)
    at new Promise (&lt;anonymous&gt;)
    at callAsyncCircusFn (/Users/chrisvelgersdyk/Desktop/carbon-coverall/carbon-coverall-poc/node_modules/jest-circus/build/utils.js:259:10)
    at _callCircusTest (/Users/chrisvelgersdyk/Desktop/carbon-coverall/carbon-coverall-poc/node_modules/jest-circus/build/run.js:276:40)
    at processTicksAndRejections (node:internal/process/task_queues:95:5)
    at _runTest (/Users/chrisvelgersdyk/Desktop/carbon-coverall/carbon-coverall-poc/node_modules/jest-circus/build/run.js:208:3)
    at _runTestsForDescribeBlock (/Users/chrisvelgersdyk/Desktop/carbon-coverall/carbon-coverall-poc/node_modules/jest-circus/build/run.js:96:9)
    at _runTestsForDescribeBlock (/Users/chrisvelgersdyk/Desktop/carbon-coverall/carbon-coverall-poc/node_modules/jest-circus/build/run.js:90:9)</failure>
    </testcase>
    <testcase classname="@carbon/react/scss scss/components/toggle should be importable" name="@carbon/react/scss scss/components/toggle should be importable" time="0.006">
      <failure>Error: expect(received).resolves.toBeDefined()

Received promise rejected instead of resolved
Rejected to value: [Error: Can&apos;t find stylesheet to import.
  ╷
8 │ @forward &apos;./generated/fluid-spacing&apos;;
  │ ^^^^^^^^^^^^^^^^^^^^^^^^^^^^^^^^^^^^
  ╵
  node_modules/@carbon/layout/scss/_spacing.scss 8:1                    @forward
  node_modules/@carbon/styles/scss/_spacing.scss 8:1                    @use
  node_modules/@carbon/styles/scss/components/toggle/_toggle.scss 10:1  @forward
  node_modules/@carbon/styles/scss/components/toggle/_index.scss 8:1    @forward
  packages/carbon-components/scss/components/toggle/_index.scss 9:1     @use
  stdin 2:1                                                             root stylesheet]
    at expect (/Users/chrisvelgersdyk/Desktop/carbon-coverall/carbon-coverall-poc/node_modules/expect/build/index.js:128:15)
    at Object.expect (/Users/chrisvelgersdyk/Desktop/carbon-coverall/carbon-coverall-poc/packages/carbon-components/__tests__/scss-test.js:24:13)
    at Promise.then.completed (/Users/chrisvelgersdyk/Desktop/carbon-coverall/carbon-coverall-poc/node_modules/jest-circus/build/utils.js:333:28)
    at new Promise (&lt;anonymous&gt;)
    at callAsyncCircusFn (/Users/chrisvelgersdyk/Desktop/carbon-coverall/carbon-coverall-poc/node_modules/jest-circus/build/utils.js:259:10)
    at _callCircusTest (/Users/chrisvelgersdyk/Desktop/carbon-coverall/carbon-coverall-poc/node_modules/jest-circus/build/run.js:276:40)
    at processTicksAndRejections (node:internal/process/task_queues:95:5)
    at _runTest (/Users/chrisvelgersdyk/Desktop/carbon-coverall/carbon-coverall-poc/node_modules/jest-circus/build/run.js:208:3)
    at _runTestsForDescribeBlock (/Users/chrisvelgersdyk/Desktop/carbon-coverall/carbon-coverall-poc/node_modules/jest-circus/build/run.js:96:9)
    at _runTestsForDescribeBlock (/Users/chrisvelgersdyk/Desktop/carbon-coverall/carbon-coverall-poc/node_modules/jest-circus/build/run.js:90:9)</failure>
    </testcase>
    <testcase classname="@carbon/react/scss scss/components/toggle/toggle should be importable" name="@carbon/react/scss scss/components/toggle/toggle should be importable" time="0.021">
      <failure>Error: expect(received).resolves.toBeDefined()

Received promise rejected instead of resolved
Rejected to value: [Error: Can&apos;t find stylesheet to import.
  ╷
8 │ @forward &apos;./generated/fluid-spacing&apos;;
  │ ^^^^^^^^^^^^^^^^^^^^^^^^^^^^^^^^^^^^
  ╵
  node_modules/@carbon/layout/scss/_spacing.scss 8:1                    @forward
  node_modules/@carbon/styles/scss/_spacing.scss 8:1                    @use
  node_modules/@carbon/styles/scss/components/toggle/_toggle.scss 10:1  @forward
  packages/carbon-components/scss/components/toggle/_toggle.scss 9:1    @use
  stdin 2:1                                                             root stylesheet]
    at expect (/Users/chrisvelgersdyk/Desktop/carbon-coverall/carbon-coverall-poc/node_modules/expect/build/index.js:128:15)
    at Object.expect (/Users/chrisvelgersdyk/Desktop/carbon-coverall/carbon-coverall-poc/packages/carbon-components/__tests__/scss-test.js:24:13)
    at Promise.then.completed (/Users/chrisvelgersdyk/Desktop/carbon-coverall/carbon-coverall-poc/node_modules/jest-circus/build/utils.js:333:28)
    at new Promise (&lt;anonymous&gt;)
    at callAsyncCircusFn (/Users/chrisvelgersdyk/Desktop/carbon-coverall/carbon-coverall-poc/node_modules/jest-circus/build/utils.js:259:10)
    at _callCircusTest (/Users/chrisvelgersdyk/Desktop/carbon-coverall/carbon-coverall-poc/node_modules/jest-circus/build/run.js:276:40)
    at processTicksAndRejections (node:internal/process/task_queues:95:5)
    at _runTest (/Users/chrisvelgersdyk/Desktop/carbon-coverall/carbon-coverall-poc/node_modules/jest-circus/build/run.js:208:3)
    at _runTestsForDescribeBlock (/Users/chrisvelgersdyk/Desktop/carbon-coverall/carbon-coverall-poc/node_modules/jest-circus/build/run.js:96:9)
    at _runTestsForDescribeBlock (/Users/chrisvelgersdyk/Desktop/carbon-coverall/carbon-coverall-poc/node_modules/jest-circus/build/run.js:90:9)</failure>
    </testcase>
    <testcase classname="@carbon/react/scss scss/components/toggletip should be importable" name="@carbon/react/scss scss/components/toggletip should be importable" time="0.008">
      <failure>Error: expect(received).resolves.toBeDefined()

Received promise rejected instead of resolved
Rejected to value: [Error: Can&apos;t find stylesheet to import.
  ╷
8 │ @forward &apos;./generated/fluid-spacing&apos;;
  │ ^^^^^^^^^^^^^^^^^^^^^^^^^^^^^^^^^^^^
  ╵
  node_modules/@carbon/layout/scss/_spacing.scss 8:1                         @forward
  node_modules/@carbon/styles/scss/_spacing.scss 8:1                         @use
  node_modules/@carbon/styles/scss/components/button/_vars.scss 8:1          @forward
  node_modules/@carbon/styles/scss/components/button/_index.scss 8:1         @use
  node_modules/@carbon/styles/scss/components/toggletip/_toggletip.scss 8:1  @forward
  node_modules/@carbon/styles/scss/components/toggletip/_index.scss 8:1      @forward
  packages/carbon-components/scss/components/toggletip/_index.scss 9:1       @use
  stdin 2:1                                                                  root stylesheet]
    at expect (/Users/chrisvelgersdyk/Desktop/carbon-coverall/carbon-coverall-poc/node_modules/expect/build/index.js:128:15)
    at Object.expect (/Users/chrisvelgersdyk/Desktop/carbon-coverall/carbon-coverall-poc/packages/carbon-components/__tests__/scss-test.js:24:13)
    at Promise.then.completed (/Users/chrisvelgersdyk/Desktop/carbon-coverall/carbon-coverall-poc/node_modules/jest-circus/build/utils.js:333:28)
    at new Promise (&lt;anonymous&gt;)
    at callAsyncCircusFn (/Users/chrisvelgersdyk/Desktop/carbon-coverall/carbon-coverall-poc/node_modules/jest-circus/build/utils.js:259:10)
    at _callCircusTest (/Users/chrisvelgersdyk/Desktop/carbon-coverall/carbon-coverall-poc/node_modules/jest-circus/build/run.js:276:40)
    at processTicksAndRejections (node:internal/process/task_queues:95:5)
    at _runTest (/Users/chrisvelgersdyk/Desktop/carbon-coverall/carbon-coverall-poc/node_modules/jest-circus/build/run.js:208:3)
    at _runTestsForDescribeBlock (/Users/chrisvelgersdyk/Desktop/carbon-coverall/carbon-coverall-poc/node_modules/jest-circus/build/run.js:96:9)
    at _runTestsForDescribeBlock (/Users/chrisvelgersdyk/Desktop/carbon-coverall/carbon-coverall-poc/node_modules/jest-circus/build/run.js:90:9)</failure>
    </testcase>
    <testcase classname="@carbon/react/scss scss/components/toggletip/toggletip should be importable" name="@carbon/react/scss scss/components/toggletip/toggletip should be importable" time="0.012">
      <failure>Error: expect(received).resolves.toBeDefined()

Received promise rejected instead of resolved
Rejected to value: [Error: Can&apos;t find stylesheet to import.
  ╷
8 │ @forward &apos;./generated/fluid-spacing&apos;;
  │ ^^^^^^^^^^^^^^^^^^^^^^^^^^^^^^^^^^^^
  ╵
  node_modules/@carbon/layout/scss/_spacing.scss 8:1                         @forward
  node_modules/@carbon/styles/scss/_spacing.scss 8:1                         @use
  node_modules/@carbon/styles/scss/components/button/_vars.scss 8:1          @forward
  node_modules/@carbon/styles/scss/components/button/_index.scss 8:1         @use
  node_modules/@carbon/styles/scss/components/toggletip/_toggletip.scss 8:1  @forward
  packages/carbon-components/scss/components/toggletip/_toggletip.scss 9:1   @use
  stdin 2:1                                                                  root stylesheet]
    at expect (/Users/chrisvelgersdyk/Desktop/carbon-coverall/carbon-coverall-poc/node_modules/expect/build/index.js:128:15)
    at Object.expect (/Users/chrisvelgersdyk/Desktop/carbon-coverall/carbon-coverall-poc/packages/carbon-components/__tests__/scss-test.js:24:13)
    at Promise.then.completed (/Users/chrisvelgersdyk/Desktop/carbon-coverall/carbon-coverall-poc/node_modules/jest-circus/build/utils.js:333:28)
    at new Promise (&lt;anonymous&gt;)
    at callAsyncCircusFn (/Users/chrisvelgersdyk/Desktop/carbon-coverall/carbon-coverall-poc/node_modules/jest-circus/build/utils.js:259:10)
    at _callCircusTest (/Users/chrisvelgersdyk/Desktop/carbon-coverall/carbon-coverall-poc/node_modules/jest-circus/build/run.js:276:40)
    at processTicksAndRejections (node:internal/process/task_queues:95:5)
    at _runTest (/Users/chrisvelgersdyk/Desktop/carbon-coverall/carbon-coverall-poc/node_modules/jest-circus/build/run.js:208:3)
    at _runTestsForDescribeBlock (/Users/chrisvelgersdyk/Desktop/carbon-coverall/carbon-coverall-poc/node_modules/jest-circus/build/run.js:96:9)
    at _runTestsForDescribeBlock (/Users/chrisvelgersdyk/Desktop/carbon-coverall/carbon-coverall-poc/node_modules/jest-circus/build/run.js:90:9)</failure>
    </testcase>
    <testcase classname="@carbon/react/scss scss/components/tooltip should be importable" name="@carbon/react/scss scss/components/tooltip should be importable" time="0.018">
      <failure>Error: expect(received).resolves.toBeDefined()

Received promise rejected instead of resolved
Rejected to value: [Error: Can&apos;t find stylesheet to import.
  ╷
8 │ @forward &apos;generated/themes&apos;;
  │ ^^^^^^^^^^^^^^^^^^^^^^^^^^^
  ╵
  node_modules/@carbon/themes/scss/compat/_themes.scss 8:1               @use
  node_modules/@carbon/styles/scss/compat/_themes.scss 9:1               @use
  node_modules/@carbon/styles/scss/theme/_theme.scss 12:1                @use
  node_modules/@carbon/styles/scss/layer/_layer-sets.scss 9:1            @forward
  node_modules/@carbon/styles/scss/_layer.scss 8:1                       @use
  node_modules/@carbon/styles/scss/components/popover/_popover.scss 9:1  @forward
  node_modules/@carbon/styles/scss/components/popover/_index.scss 8:1    @use
  node_modules/@carbon/styles/scss/components/tooltip/_tooltip.scss 8:1  @forward
  node_modules/@carbon/styles/scss/components/tooltip/_index.scss 8:1    @forward
  packages/carbon-components/scss/components/tooltip/_index.scss 9:1     @use
  stdin 2:1                                                              root stylesheet]
    at expect (/Users/chrisvelgersdyk/Desktop/carbon-coverall/carbon-coverall-poc/node_modules/expect/build/index.js:128:15)
    at Object.expect (/Users/chrisvelgersdyk/Desktop/carbon-coverall/carbon-coverall-poc/packages/carbon-components/__tests__/scss-test.js:24:13)
    at Promise.then.completed (/Users/chrisvelgersdyk/Desktop/carbon-coverall/carbon-coverall-poc/node_modules/jest-circus/build/utils.js:333:28)
    at new Promise (&lt;anonymous&gt;)
    at callAsyncCircusFn (/Users/chrisvelgersdyk/Desktop/carbon-coverall/carbon-coverall-poc/node_modules/jest-circus/build/utils.js:259:10)
    at _callCircusTest (/Users/chrisvelgersdyk/Desktop/carbon-coverall/carbon-coverall-poc/node_modules/jest-circus/build/run.js:276:40)
    at processTicksAndRejections (node:internal/process/task_queues:95:5)
    at _runTest (/Users/chrisvelgersdyk/Desktop/carbon-coverall/carbon-coverall-poc/node_modules/jest-circus/build/run.js:208:3)
    at _runTestsForDescribeBlock (/Users/chrisvelgersdyk/Desktop/carbon-coverall/carbon-coverall-poc/node_modules/jest-circus/build/run.js:96:9)
    at _runTestsForDescribeBlock (/Users/chrisvelgersdyk/Desktop/carbon-coverall/carbon-coverall-poc/node_modules/jest-circus/build/run.js:90:9)</failure>
    </testcase>
    <testcase classname="@carbon/react/scss scss/components/tooltip/tooltip should be importable" name="@carbon/react/scss scss/components/tooltip/tooltip should be importable" time="0.022">
      <failure>Error: expect(received).resolves.toBeDefined()

Received promise rejected instead of resolved
Rejected to value: [Error: Can&apos;t find stylesheet to import.
  ╷
8 │ @forward &apos;generated/themes&apos;;
  │ ^^^^^^^^^^^^^^^^^^^^^^^^^^^
  ╵
  node_modules/@carbon/themes/scss/compat/_themes.scss 8:1               @use
  node_modules/@carbon/styles/scss/compat/_themes.scss 9:1               @use
  node_modules/@carbon/styles/scss/theme/_theme.scss 12:1                @use
  node_modules/@carbon/styles/scss/layer/_layer-sets.scss 9:1            @forward
  node_modules/@carbon/styles/scss/_layer.scss 8:1                       @use
  node_modules/@carbon/styles/scss/components/popover/_popover.scss 9:1  @forward
  node_modules/@carbon/styles/scss/components/popover/_index.scss 8:1    @use
  node_modules/@carbon/styles/scss/components/tooltip/_tooltip.scss 8:1  @forward
  packages/carbon-components/scss/components/tooltip/_tooltip.scss 9:1   @use
  stdin 2:1                                                              root stylesheet]
    at expect (/Users/chrisvelgersdyk/Desktop/carbon-coverall/carbon-coverall-poc/node_modules/expect/build/index.js:128:15)
    at Object.expect (/Users/chrisvelgersdyk/Desktop/carbon-coverall/carbon-coverall-poc/packages/carbon-components/__tests__/scss-test.js:24:13)
    at Promise.then.completed (/Users/chrisvelgersdyk/Desktop/carbon-coverall/carbon-coverall-poc/node_modules/jest-circus/build/utils.js:333:28)
    at new Promise (&lt;anonymous&gt;)
    at callAsyncCircusFn (/Users/chrisvelgersdyk/Desktop/carbon-coverall/carbon-coverall-poc/node_modules/jest-circus/build/utils.js:259:10)
    at _callCircusTest (/Users/chrisvelgersdyk/Desktop/carbon-coverall/carbon-coverall-poc/node_modules/jest-circus/build/run.js:276:40)
    at processTicksAndRejections (node:internal/process/task_queues:95:5)
    at _runTest (/Users/chrisvelgersdyk/Desktop/carbon-coverall/carbon-coverall-poc/node_modules/jest-circus/build/run.js:208:3)
    at _runTestsForDescribeBlock (/Users/chrisvelgersdyk/Desktop/carbon-coverall/carbon-coverall-poc/node_modules/jest-circus/build/run.js:96:9)
    at _runTestsForDescribeBlock (/Users/chrisvelgersdyk/Desktop/carbon-coverall/carbon-coverall-poc/node_modules/jest-circus/build/run.js:90:9)</failure>
    </testcase>
    <testcase classname="@carbon/react/scss scss/components/treeview should be importable" name="@carbon/react/scss scss/components/treeview should be importable" time="0.007">
      <failure>Error: expect(received).resolves.toBeDefined()

Received promise rejected instead of resolved
Rejected to value: [Error: Can&apos;t find stylesheet to import.
  ╷
8 │ @forward &apos;./generated/fluid-spacing&apos;;
  │ ^^^^^^^^^^^^^^^^^^^^^^^^^^^^^^^^^^^^
  ╵
  node_modules/@carbon/layout/scss/_spacing.scss 8:1                       @forward
  node_modules/@carbon/styles/scss/_spacing.scss 8:1                       @use
  node_modules/@carbon/styles/scss/components/form/_form.scss 9:1          @forward
  node_modules/@carbon/styles/scss/components/form/_index.scss 8:1         @use
  node_modules/@carbon/styles/scss/components/treeview/_treeview.scss 8:1  @forward
  node_modules/@carbon/styles/scss/components/treeview/_index.scss 8:1     @forward
  packages/carbon-components/scss/components/treeview/_index.scss 9:1      @use
  stdin 2:1                                                                root stylesheet]
    at expect (/Users/chrisvelgersdyk/Desktop/carbon-coverall/carbon-coverall-poc/node_modules/expect/build/index.js:128:15)
    at Object.expect (/Users/chrisvelgersdyk/Desktop/carbon-coverall/carbon-coverall-poc/packages/carbon-components/__tests__/scss-test.js:24:13)
    at Promise.then.completed (/Users/chrisvelgersdyk/Desktop/carbon-coverall/carbon-coverall-poc/node_modules/jest-circus/build/utils.js:333:28)
    at new Promise (&lt;anonymous&gt;)
    at callAsyncCircusFn (/Users/chrisvelgersdyk/Desktop/carbon-coverall/carbon-coverall-poc/node_modules/jest-circus/build/utils.js:259:10)
    at _callCircusTest (/Users/chrisvelgersdyk/Desktop/carbon-coverall/carbon-coverall-poc/node_modules/jest-circus/build/run.js:276:40)
    at processTicksAndRejections (node:internal/process/task_queues:95:5)
    at _runTest (/Users/chrisvelgersdyk/Desktop/carbon-coverall/carbon-coverall-poc/node_modules/jest-circus/build/run.js:208:3)
    at _runTestsForDescribeBlock (/Users/chrisvelgersdyk/Desktop/carbon-coverall/carbon-coverall-poc/node_modules/jest-circus/build/run.js:96:9)
    at _runTestsForDescribeBlock (/Users/chrisvelgersdyk/Desktop/carbon-coverall/carbon-coverall-poc/node_modules/jest-circus/build/run.js:90:9)</failure>
    </testcase>
    <testcase classname="@carbon/react/scss scss/components/treeview/treeview should be importable" name="@carbon/react/scss scss/components/treeview/treeview should be importable" time="0.02">
      <failure>Error: expect(received).resolves.toBeDefined()

Received promise rejected instead of resolved
Rejected to value: [Error: Can&apos;t find stylesheet to import.
  ╷
8 │ @forward &apos;./generated/fluid-spacing&apos;;
  │ ^^^^^^^^^^^^^^^^^^^^^^^^^^^^^^^^^^^^
  ╵
  node_modules/@carbon/layout/scss/_spacing.scss 8:1                       @forward
  node_modules/@carbon/styles/scss/_spacing.scss 8:1                       @use
  node_modules/@carbon/styles/scss/components/form/_form.scss 9:1          @forward
  node_modules/@carbon/styles/scss/components/form/_index.scss 8:1         @use
  node_modules/@carbon/styles/scss/components/treeview/_treeview.scss 8:1  @forward
  packages/carbon-components/scss/components/treeview/_treeview.scss 9:1   @use
  stdin 2:1                                                                root stylesheet]
    at expect (/Users/chrisvelgersdyk/Desktop/carbon-coverall/carbon-coverall-poc/node_modules/expect/build/index.js:128:15)
    at Object.expect (/Users/chrisvelgersdyk/Desktop/carbon-coverall/carbon-coverall-poc/packages/carbon-components/__tests__/scss-test.js:24:13)
    at Promise.then.completed (/Users/chrisvelgersdyk/Desktop/carbon-coverall/carbon-coverall-poc/node_modules/jest-circus/build/utils.js:333:28)
    at new Promise (&lt;anonymous&gt;)
    at callAsyncCircusFn (/Users/chrisvelgersdyk/Desktop/carbon-coverall/carbon-coverall-poc/node_modules/jest-circus/build/utils.js:259:10)
    at _callCircusTest (/Users/chrisvelgersdyk/Desktop/carbon-coverall/carbon-coverall-poc/node_modules/jest-circus/build/run.js:276:40)
    at processTicksAndRejections (node:internal/process/task_queues:95:5)
    at _runTest (/Users/chrisvelgersdyk/Desktop/carbon-coverall/carbon-coverall-poc/node_modules/jest-circus/build/run.js:208:3)
    at _runTestsForDescribeBlock (/Users/chrisvelgersdyk/Desktop/carbon-coverall/carbon-coverall-poc/node_modules/jest-circus/build/run.js:96:9)
    at _runTestsForDescribeBlock (/Users/chrisvelgersdyk/Desktop/carbon-coverall/carbon-coverall-poc/node_modules/jest-circus/build/run.js:90:9)</failure>
    </testcase>
    <testcase classname="@carbon/react/scss scss/components/ui-shell should be importable" name="@carbon/react/scss scss/components/ui-shell should be importable" time="0.008">
      <failure>Error: expect(received).resolves.toBeDefined()

Received promise rejected instead of resolved
Rejected to value: [Error: Can&apos;t find stylesheet to import.
  ╷
8 │ @forward &apos;generated/themes&apos;;
  │ ^^^^^^^^^^^^^^^^^^^^^^^^^^^
  ╵
  node_modules/@carbon/themes/scss/compat/_themes.scss 8:1                         @use
  node_modules/@carbon/styles/scss/compat/_themes.scss 9:1                         @use
  node_modules/@carbon/styles/scss/theme/_theme.scss 12:1                          @forward
  node_modules/@carbon/styles/scss/_theme.scss 8:1                                 @use
  node_modules/@carbon/styles/scss/components/ui-shell/content/_content.scss 10:1  @forward
  node_modules/@carbon/styles/scss/components/ui-shell/content/_index.scss 8:1     @use
  node_modules/@carbon/styles/scss/components/ui-shell/_ui-shell.scss 8:1          @forward
  node_modules/@carbon/styles/scss/components/ui-shell/_index.scss 8:1             @forward
  packages/carbon-components/scss/components/ui-shell/_index.scss 9:1              @use
  stdin 2:1                                                                        root stylesheet]
    at expect (/Users/chrisvelgersdyk/Desktop/carbon-coverall/carbon-coverall-poc/node_modules/expect/build/index.js:128:15)
    at Object.expect (/Users/chrisvelgersdyk/Desktop/carbon-coverall/carbon-coverall-poc/packages/carbon-components/__tests__/scss-test.js:24:13)
    at Promise.then.completed (/Users/chrisvelgersdyk/Desktop/carbon-coverall/carbon-coverall-poc/node_modules/jest-circus/build/utils.js:333:28)
    at new Promise (&lt;anonymous&gt;)
    at callAsyncCircusFn (/Users/chrisvelgersdyk/Desktop/carbon-coverall/carbon-coverall-poc/node_modules/jest-circus/build/utils.js:259:10)
    at _callCircusTest (/Users/chrisvelgersdyk/Desktop/carbon-coverall/carbon-coverall-poc/node_modules/jest-circus/build/run.js:276:40)
    at processTicksAndRejections (node:internal/process/task_queues:95:5)
    at _runTest (/Users/chrisvelgersdyk/Desktop/carbon-coverall/carbon-coverall-poc/node_modules/jest-circus/build/run.js:208:3)
    at _runTestsForDescribeBlock (/Users/chrisvelgersdyk/Desktop/carbon-coverall/carbon-coverall-poc/node_modules/jest-circus/build/run.js:96:9)
    at _runTestsForDescribeBlock (/Users/chrisvelgersdyk/Desktop/carbon-coverall/carbon-coverall-poc/node_modules/jest-circus/build/run.js:90:9)</failure>
    </testcase>
    <testcase classname="@carbon/react/scss scss/components/ui-shell/ui-shell should be importable" name="@carbon/react/scss scss/components/ui-shell/ui-shell should be importable" time="0.009">
      <failure>Error: expect(received).resolves.toBeDefined()

Received promise rejected instead of resolved
Rejected to value: [Error: Can&apos;t find stylesheet to import.
  ╷
8 │ @forward &apos;generated/themes&apos;;
  │ ^^^^^^^^^^^^^^^^^^^^^^^^^^^
  ╵
  node_modules/@carbon/themes/scss/compat/_themes.scss 8:1                         @use
  node_modules/@carbon/styles/scss/compat/_themes.scss 9:1                         @use
  node_modules/@carbon/styles/scss/theme/_theme.scss 12:1                          @forward
  node_modules/@carbon/styles/scss/_theme.scss 8:1                                 @use
  node_modules/@carbon/styles/scss/components/ui-shell/content/_content.scss 10:1  @forward
  node_modules/@carbon/styles/scss/components/ui-shell/content/_index.scss 8:1     @use
  node_modules/@carbon/styles/scss/components/ui-shell/_ui-shell.scss 8:1          @forward
  packages/carbon-components/scss/components/ui-shell/_ui-shell.scss 9:1           @use
  stdin 2:1                                                                        root stylesheet]
    at expect (/Users/chrisvelgersdyk/Desktop/carbon-coverall/carbon-coverall-poc/node_modules/expect/build/index.js:128:15)
    at Object.expect (/Users/chrisvelgersdyk/Desktop/carbon-coverall/carbon-coverall-poc/packages/carbon-components/__tests__/scss-test.js:24:13)
    at Promise.then.completed (/Users/chrisvelgersdyk/Desktop/carbon-coverall/carbon-coverall-poc/node_modules/jest-circus/build/utils.js:333:28)
    at new Promise (&lt;anonymous&gt;)
    at callAsyncCircusFn (/Users/chrisvelgersdyk/Desktop/carbon-coverall/carbon-coverall-poc/node_modules/jest-circus/build/utils.js:259:10)
    at _callCircusTest (/Users/chrisvelgersdyk/Desktop/carbon-coverall/carbon-coverall-poc/node_modules/jest-circus/build/run.js:276:40)
    at processTicksAndRejections (node:internal/process/task_queues:95:5)
    at _runTest (/Users/chrisvelgersdyk/Desktop/carbon-coverall/carbon-coverall-poc/node_modules/jest-circus/build/run.js:208:3)
    at _runTestsForDescribeBlock (/Users/chrisvelgersdyk/Desktop/carbon-coverall/carbon-coverall-poc/node_modules/jest-circus/build/run.js:96:9)
    at _runTestsForDescribeBlock (/Users/chrisvelgersdyk/Desktop/carbon-coverall/carbon-coverall-poc/node_modules/jest-circus/build/run.js:90:9)</failure>
    </testcase>
    <testcase classname="@carbon/react/scss scss/components/ui-shell/content/content should be importable" name="@carbon/react/scss scss/components/ui-shell/content/content should be importable" time="0.005">
      <failure>Error: expect(received).resolves.toBeDefined()

Received promise rejected instead of resolved
Rejected to value: [Error: Can&apos;t find stylesheet to import.
  ╷
8 │ @forward &apos;generated/themes&apos;;
  │ ^^^^^^^^^^^^^^^^^^^^^^^^^^^
  ╵
  node_modules/@carbon/themes/scss/compat/_themes.scss 8:1                         @use
  node_modules/@carbon/styles/scss/compat/_themes.scss 9:1                         @use
  node_modules/@carbon/styles/scss/theme/_theme.scss 12:1                          @forward
  node_modules/@carbon/styles/scss/_theme.scss 8:1                                 @use
  node_modules/@carbon/styles/scss/components/ui-shell/content/_content.scss 10:1  @forward
  packages/carbon-components/scss/components/ui-shell/content/_content.scss 9:1    @use
  stdin 2:1                                                                        root stylesheet]
    at expect (/Users/chrisvelgersdyk/Desktop/carbon-coverall/carbon-coverall-poc/node_modules/expect/build/index.js:128:15)
    at Object.expect (/Users/chrisvelgersdyk/Desktop/carbon-coverall/carbon-coverall-poc/packages/carbon-components/__tests__/scss-test.js:24:13)
    at Promise.then.completed (/Users/chrisvelgersdyk/Desktop/carbon-coverall/carbon-coverall-poc/node_modules/jest-circus/build/utils.js:333:28)
    at new Promise (&lt;anonymous&gt;)
    at callAsyncCircusFn (/Users/chrisvelgersdyk/Desktop/carbon-coverall/carbon-coverall-poc/node_modules/jest-circus/build/utils.js:259:10)
    at _callCircusTest (/Users/chrisvelgersdyk/Desktop/carbon-coverall/carbon-coverall-poc/node_modules/jest-circus/build/run.js:276:40)
    at processTicksAndRejections (node:internal/process/task_queues:95:5)
    at _runTest (/Users/chrisvelgersdyk/Desktop/carbon-coverall/carbon-coverall-poc/node_modules/jest-circus/build/run.js:208:3)
    at _runTestsForDescribeBlock (/Users/chrisvelgersdyk/Desktop/carbon-coverall/carbon-coverall-poc/node_modules/jest-circus/build/run.js:96:9)
    at _runTestsForDescribeBlock (/Users/chrisvelgersdyk/Desktop/carbon-coverall/carbon-coverall-poc/node_modules/jest-circus/build/run.js:90:9)</failure>
    </testcase>
    <testcase classname="@carbon/react/scss scss/components/ui-shell/content should be importable" name="@carbon/react/scss scss/components/ui-shell/content should be importable" time="0.005">
      <failure>Error: expect(received).resolves.toBeDefined()

Received promise rejected instead of resolved
Rejected to value: [Error: Can&apos;t find stylesheet to import.
  ╷
8 │ @forward &apos;generated/themes&apos;;
  │ ^^^^^^^^^^^^^^^^^^^^^^^^^^^
  ╵
  node_modules/@carbon/themes/scss/compat/_themes.scss 8:1                         @use
  node_modules/@carbon/styles/scss/compat/_themes.scss 9:1                         @use
  node_modules/@carbon/styles/scss/theme/_theme.scss 12:1                          @forward
  node_modules/@carbon/styles/scss/_theme.scss 8:1                                 @use
  node_modules/@carbon/styles/scss/components/ui-shell/content/_content.scss 10:1  @forward
  node_modules/@carbon/styles/scss/components/ui-shell/content/_index.scss 8:1     @forward
  packages/carbon-components/scss/components/ui-shell/content/_index.scss 9:1      @use
  stdin 2:1                                                                        root stylesheet]
    at expect (/Users/chrisvelgersdyk/Desktop/carbon-coverall/carbon-coverall-poc/node_modules/expect/build/index.js:128:15)
    at Object.expect (/Users/chrisvelgersdyk/Desktop/carbon-coverall/carbon-coverall-poc/packages/carbon-components/__tests__/scss-test.js:24:13)
    at Promise.then.completed (/Users/chrisvelgersdyk/Desktop/carbon-coverall/carbon-coverall-poc/node_modules/jest-circus/build/utils.js:333:28)
    at new Promise (&lt;anonymous&gt;)
    at callAsyncCircusFn (/Users/chrisvelgersdyk/Desktop/carbon-coverall/carbon-coverall-poc/node_modules/jest-circus/build/utils.js:259:10)
    at _callCircusTest (/Users/chrisvelgersdyk/Desktop/carbon-coverall/carbon-coverall-poc/node_modules/jest-circus/build/run.js:276:40)
    at processTicksAndRejections (node:internal/process/task_queues:95:5)
    at _runTest (/Users/chrisvelgersdyk/Desktop/carbon-coverall/carbon-coverall-poc/node_modules/jest-circus/build/run.js:208:3)
    at _runTestsForDescribeBlock (/Users/chrisvelgersdyk/Desktop/carbon-coverall/carbon-coverall-poc/node_modules/jest-circus/build/run.js:96:9)
    at _runTestsForDescribeBlock (/Users/chrisvelgersdyk/Desktop/carbon-coverall/carbon-coverall-poc/node_modules/jest-circus/build/run.js:90:9)</failure>
    </testcase>
    <testcase classname="@carbon/react/scss scss/components/ui-shell/header/header should be importable" name="@carbon/react/scss scss/components/ui-shell/header/header should be importable" time="0.006">
      <failure>Error: expect(received).resolves.toBeDefined()

Received promise rejected instead of resolved
Rejected to value: [Error: Can&apos;t find stylesheet to import.
  ╷
8 │ @forward &apos;./generated/fluid-spacing&apos;;
  │ ^^^^^^^^^^^^^^^^^^^^^^^^^^^^^^^^^^^^
  ╵
  node_modules/@carbon/layout/scss/_spacing.scss 8:1                            @forward
  node_modules/@carbon/styles/scss/_spacing.scss 8:1                            @use
  node_modules/@carbon/styles/scss/components/button/_vars.scss 8:1             @forward
  node_modules/@carbon/styles/scss/components/button/_index.scss 8:1            @use
  node_modules/@carbon/styles/scss/components/ui-shell/header/_header.scss 8:1  @forward
  packages/carbon-components/scss/components/ui-shell/header/_header.scss 9:1   @use
  stdin 2:1                                                                     root stylesheet]
    at expect (/Users/chrisvelgersdyk/Desktop/carbon-coverall/carbon-coverall-poc/node_modules/expect/build/index.js:128:15)
    at Object.expect (/Users/chrisvelgersdyk/Desktop/carbon-coverall/carbon-coverall-poc/packages/carbon-components/__tests__/scss-test.js:24:13)
    at Promise.then.completed (/Users/chrisvelgersdyk/Desktop/carbon-coverall/carbon-coverall-poc/node_modules/jest-circus/build/utils.js:333:28)
    at new Promise (&lt;anonymous&gt;)
    at callAsyncCircusFn (/Users/chrisvelgersdyk/Desktop/carbon-coverall/carbon-coverall-poc/node_modules/jest-circus/build/utils.js:259:10)
    at _callCircusTest (/Users/chrisvelgersdyk/Desktop/carbon-coverall/carbon-coverall-poc/node_modules/jest-circus/build/run.js:276:40)
    at processTicksAndRejections (node:internal/process/task_queues:95:5)
    at _runTest (/Users/chrisvelgersdyk/Desktop/carbon-coverall/carbon-coverall-poc/node_modules/jest-circus/build/run.js:208:3)
    at _runTestsForDescribeBlock (/Users/chrisvelgersdyk/Desktop/carbon-coverall/carbon-coverall-poc/node_modules/jest-circus/build/run.js:96:9)
    at _runTestsForDescribeBlock (/Users/chrisvelgersdyk/Desktop/carbon-coverall/carbon-coverall-poc/node_modules/jest-circus/build/run.js:90:9)</failure>
    </testcase>
    <testcase classname="@carbon/react/scss scss/components/ui-shell/header should be importable" name="@carbon/react/scss scss/components/ui-shell/header should be importable" time="0.012">
      <failure>Error: expect(received).resolves.toBeDefined()

Received promise rejected instead of resolved
Rejected to value: [Error: Can&apos;t find stylesheet to import.
  ╷
8 │ @forward &apos;./generated/fluid-spacing&apos;;
  │ ^^^^^^^^^^^^^^^^^^^^^^^^^^^^^^^^^^^^
  ╵
  node_modules/@carbon/layout/scss/_spacing.scss 8:1                            @forward
  node_modules/@carbon/styles/scss/_spacing.scss 8:1                            @use
  node_modules/@carbon/styles/scss/components/button/_vars.scss 8:1             @forward
  node_modules/@carbon/styles/scss/components/button/_index.scss 8:1            @use
  node_modules/@carbon/styles/scss/components/ui-shell/header/_header.scss 8:1  @forward
  node_modules/@carbon/styles/scss/components/ui-shell/header/_index.scss 8:1   @forward
  packages/carbon-components/scss/components/ui-shell/header/_index.scss 9:1    @use
  stdin 2:1                                                                     root stylesheet]
    at expect (/Users/chrisvelgersdyk/Desktop/carbon-coverall/carbon-coverall-poc/node_modules/expect/build/index.js:128:15)
    at Object.expect (/Users/chrisvelgersdyk/Desktop/carbon-coverall/carbon-coverall-poc/packages/carbon-components/__tests__/scss-test.js:24:13)
    at Promise.then.completed (/Users/chrisvelgersdyk/Desktop/carbon-coverall/carbon-coverall-poc/node_modules/jest-circus/build/utils.js:333:28)
    at new Promise (&lt;anonymous&gt;)
    at callAsyncCircusFn (/Users/chrisvelgersdyk/Desktop/carbon-coverall/carbon-coverall-poc/node_modules/jest-circus/build/utils.js:259:10)
    at _callCircusTest (/Users/chrisvelgersdyk/Desktop/carbon-coverall/carbon-coverall-poc/node_modules/jest-circus/build/run.js:276:40)
    at processTicksAndRejections (node:internal/process/task_queues:95:5)
    at _runTest (/Users/chrisvelgersdyk/Desktop/carbon-coverall/carbon-coverall-poc/node_modules/jest-circus/build/run.js:208:3)
    at _runTestsForDescribeBlock (/Users/chrisvelgersdyk/Desktop/carbon-coverall/carbon-coverall-poc/node_modules/jest-circus/build/run.js:96:9)
    at _runTestsForDescribeBlock (/Users/chrisvelgersdyk/Desktop/carbon-coverall/carbon-coverall-poc/node_modules/jest-circus/build/run.js:90:9)</failure>
    </testcase>
    <testcase classname="@carbon/react/scss scss/components/ui-shell/header-panel/header-panel should be importable" name="@carbon/react/scss scss/components/ui-shell/header-panel/header-panel should be importable" time="0.006">
      <failure>Error: expect(received).resolves.toBeDefined()

Received promise rejected instead of resolved
Rejected to value: [Error: Can&apos;t find stylesheet to import.
  ╷
8 │ @forward &apos;generated/themes&apos;;
  │ ^^^^^^^^^^^^^^^^^^^^^^^^^^^
  ╵
  node_modules/@carbon/themes/scss/compat/_themes.scss 8:1                                   @use
  node_modules/@carbon/styles/scss/compat/_themes.scss 9:1                                   @use
  node_modules/@carbon/styles/scss/theme/_theme.scss 12:1                                    @use
  node_modules/@carbon/styles/scss/layer/_layer-sets.scss 9:1                                @forward
  node_modules/@carbon/styles/scss/_layer.scss 8:1                                           @use
  node_modules/@carbon/styles/scss/components/ui-shell/header-panel/_header-panel.scss 10:1  @forward
  packages/carbon-components/scss/components/ui-shell/header-panel/_header-panel.scss 9:1    @use
  stdin 2:1                                                                                  root stylesheet]
    at expect (/Users/chrisvelgersdyk/Desktop/carbon-coverall/carbon-coverall-poc/node_modules/expect/build/index.js:128:15)
    at Object.expect (/Users/chrisvelgersdyk/Desktop/carbon-coverall/carbon-coverall-poc/packages/carbon-components/__tests__/scss-test.js:24:13)
    at Promise.then.completed (/Users/chrisvelgersdyk/Desktop/carbon-coverall/carbon-coverall-poc/node_modules/jest-circus/build/utils.js:333:28)
    at new Promise (&lt;anonymous&gt;)
    at callAsyncCircusFn (/Users/chrisvelgersdyk/Desktop/carbon-coverall/carbon-coverall-poc/node_modules/jest-circus/build/utils.js:259:10)
    at _callCircusTest (/Users/chrisvelgersdyk/Desktop/carbon-coverall/carbon-coverall-poc/node_modules/jest-circus/build/run.js:276:40)
    at processTicksAndRejections (node:internal/process/task_queues:95:5)
    at _runTest (/Users/chrisvelgersdyk/Desktop/carbon-coverall/carbon-coverall-poc/node_modules/jest-circus/build/run.js:208:3)
    at _runTestsForDescribeBlock (/Users/chrisvelgersdyk/Desktop/carbon-coverall/carbon-coverall-poc/node_modules/jest-circus/build/run.js:96:9)
    at _runTestsForDescribeBlock (/Users/chrisvelgersdyk/Desktop/carbon-coverall/carbon-coverall-poc/node_modules/jest-circus/build/run.js:90:9)</failure>
    </testcase>
    <testcase classname="@carbon/react/scss scss/components/ui-shell/header-panel should be importable" name="@carbon/react/scss scss/components/ui-shell/header-panel should be importable" time="0.005">
      <failure>Error: expect(received).resolves.toBeDefined()

Received promise rejected instead of resolved
Rejected to value: [Error: Can&apos;t find stylesheet to import.
  ╷
8 │ @forward &apos;generated/themes&apos;;
  │ ^^^^^^^^^^^^^^^^^^^^^^^^^^^
  ╵
  node_modules/@carbon/themes/scss/compat/_themes.scss 8:1                                   @use
  node_modules/@carbon/styles/scss/compat/_themes.scss 9:1                                   @use
  node_modules/@carbon/styles/scss/theme/_theme.scss 12:1                                    @use
  node_modules/@carbon/styles/scss/layer/_layer-sets.scss 9:1                                @forward
  node_modules/@carbon/styles/scss/_layer.scss 8:1                                           @use
  node_modules/@carbon/styles/scss/components/ui-shell/header-panel/_header-panel.scss 10:1  @forward
  node_modules/@carbon/styles/scss/components/ui-shell/header-panel/_index.scss 8:1          @forward
  packages/carbon-components/scss/components/ui-shell/header-panel/_index.scss 9:1           @use
  stdin 2:1                                                                                  root stylesheet]
    at expect (/Users/chrisvelgersdyk/Desktop/carbon-coverall/carbon-coverall-poc/node_modules/expect/build/index.js:128:15)
    at Object.expect (/Users/chrisvelgersdyk/Desktop/carbon-coverall/carbon-coverall-poc/packages/carbon-components/__tests__/scss-test.js:24:13)
    at Promise.then.completed (/Users/chrisvelgersdyk/Desktop/carbon-coverall/carbon-coverall-poc/node_modules/jest-circus/build/utils.js:333:28)
    at new Promise (&lt;anonymous&gt;)
    at callAsyncCircusFn (/Users/chrisvelgersdyk/Desktop/carbon-coverall/carbon-coverall-poc/node_modules/jest-circus/build/utils.js:259:10)
    at _callCircusTest (/Users/chrisvelgersdyk/Desktop/carbon-coverall/carbon-coverall-poc/node_modules/jest-circus/build/run.js:276:40)
    at processTicksAndRejections (node:internal/process/task_queues:95:5)
    at _runTest (/Users/chrisvelgersdyk/Desktop/carbon-coverall/carbon-coverall-poc/node_modules/jest-circus/build/run.js:208:3)
    at _runTestsForDescribeBlock (/Users/chrisvelgersdyk/Desktop/carbon-coverall/carbon-coverall-poc/node_modules/jest-circus/build/run.js:96:9)
    at _runTestsForDescribeBlock (/Users/chrisvelgersdyk/Desktop/carbon-coverall/carbon-coverall-poc/node_modules/jest-circus/build/run.js:90:9)</failure>
    </testcase>
    <testcase classname="@carbon/react/scss scss/components/ui-shell/side-nav should be importable" name="@carbon/react/scss scss/components/ui-shell/side-nav should be importable" time="0.017">
      <failure>Error: expect(received).resolves.toBeDefined()

Received promise rejected instead of resolved
Rejected to value: [Error: Can&apos;t find stylesheet to import.
  ╷
8 │ @forward &apos;generated/themes&apos;;
  │ ^^^^^^^^^^^^^^^^^^^^^^^^^^^
  ╵
  node_modules/@carbon/themes/scss/compat/_themes.scss 8:1                           @use
  node_modules/@carbon/styles/scss/compat/_themes.scss 9:1                           @use
  node_modules/@carbon/styles/scss/theme/_theme.scss 12:1                            @use
  node_modules/@carbon/styles/scss/layer/_layer-sets.scss 9:1                        @forward
  node_modules/@carbon/styles/scss/_layer.scss 8:1                                   @use
  node_modules/@carbon/styles/scss/components/ui-shell/side-nav/_side-nav.scss 12:1  @forward
  node_modules/@carbon/styles/scss/components/ui-shell/side-nav/_index.scss 8:1      @forward
  packages/carbon-components/scss/components/ui-shell/side-nav/_index.scss 9:1       @use
  stdin 2:1                                                                          root stylesheet]
    at expect (/Users/chrisvelgersdyk/Desktop/carbon-coverall/carbon-coverall-poc/node_modules/expect/build/index.js:128:15)
    at Object.expect (/Users/chrisvelgersdyk/Desktop/carbon-coverall/carbon-coverall-poc/packages/carbon-components/__tests__/scss-test.js:24:13)
    at Promise.then.completed (/Users/chrisvelgersdyk/Desktop/carbon-coverall/carbon-coverall-poc/node_modules/jest-circus/build/utils.js:333:28)
    at new Promise (&lt;anonymous&gt;)
    at callAsyncCircusFn (/Users/chrisvelgersdyk/Desktop/carbon-coverall/carbon-coverall-poc/node_modules/jest-circus/build/utils.js:259:10)
    at _callCircusTest (/Users/chrisvelgersdyk/Desktop/carbon-coverall/carbon-coverall-poc/node_modules/jest-circus/build/run.js:276:40)
    at processTicksAndRejections (node:internal/process/task_queues:95:5)
    at _runTest (/Users/chrisvelgersdyk/Desktop/carbon-coverall/carbon-coverall-poc/node_modules/jest-circus/build/run.js:208:3)
    at _runTestsForDescribeBlock (/Users/chrisvelgersdyk/Desktop/carbon-coverall/carbon-coverall-poc/node_modules/jest-circus/build/run.js:96:9)
    at _runTestsForDescribeBlock (/Users/chrisvelgersdyk/Desktop/carbon-coverall/carbon-coverall-poc/node_modules/jest-circus/build/run.js:90:9)</failure>
    </testcase>
    <testcase classname="@carbon/react/scss scss/components/ui-shell/side-nav/side-nav should be importable" name="@carbon/react/scss scss/components/ui-shell/side-nav/side-nav should be importable" time="0.016">
      <failure>Error: expect(received).resolves.toBeDefined()

Received promise rejected instead of resolved
Rejected to value: [Error: Can&apos;t find stylesheet to import.
  ╷
8 │ @forward &apos;generated/themes&apos;;
  │ ^^^^^^^^^^^^^^^^^^^^^^^^^^^
  ╵
  node_modules/@carbon/themes/scss/compat/_themes.scss 8:1                           @use
  node_modules/@carbon/styles/scss/compat/_themes.scss 9:1                           @use
  node_modules/@carbon/styles/scss/theme/_theme.scss 12:1                            @use
  node_modules/@carbon/styles/scss/layer/_layer-sets.scss 9:1                        @forward
  node_modules/@carbon/styles/scss/_layer.scss 8:1                                   @use
  node_modules/@carbon/styles/scss/components/ui-shell/side-nav/_side-nav.scss 12:1  @forward
  packages/carbon-components/scss/components/ui-shell/side-nav/_side-nav.scss 9:1    @use
  stdin 2:1                                                                          root stylesheet]
    at expect (/Users/chrisvelgersdyk/Desktop/carbon-coverall/carbon-coverall-poc/node_modules/expect/build/index.js:128:15)
    at Object.expect (/Users/chrisvelgersdyk/Desktop/carbon-coverall/carbon-coverall-poc/packages/carbon-components/__tests__/scss-test.js:24:13)
    at Promise.then.completed (/Users/chrisvelgersdyk/Desktop/carbon-coverall/carbon-coverall-poc/node_modules/jest-circus/build/utils.js:333:28)
    at new Promise (&lt;anonymous&gt;)
    at callAsyncCircusFn (/Users/chrisvelgersdyk/Desktop/carbon-coverall/carbon-coverall-poc/node_modules/jest-circus/build/utils.js:259:10)
    at _callCircusTest (/Users/chrisvelgersdyk/Desktop/carbon-coverall/carbon-coverall-poc/node_modules/jest-circus/build/run.js:276:40)
    at processTicksAndRejections (node:internal/process/task_queues:95:5)
    at _runTest (/Users/chrisvelgersdyk/Desktop/carbon-coverall/carbon-coverall-poc/node_modules/jest-circus/build/run.js:208:3)
    at _runTestsForDescribeBlock (/Users/chrisvelgersdyk/Desktop/carbon-coverall/carbon-coverall-poc/node_modules/jest-circus/build/run.js:96:9)
    at _runTestsForDescribeBlock (/Users/chrisvelgersdyk/Desktop/carbon-coverall/carbon-coverall-poc/node_modules/jest-circus/build/run.js:90:9)</failure>
    </testcase>
    <testcase classname="@carbon/react/scss scss/components/ui-shell/switcher should be importable" name="@carbon/react/scss scss/components/ui-shell/switcher should be importable" time="0.005">
      <failure>Error: expect(received).resolves.toBeDefined()

Received promise rejected instead of resolved
Rejected to value: [Error: Can&apos;t find stylesheet to import.
  ╷
8 │ @forward &apos;./generated/fluid-spacing&apos;;
  │ ^^^^^^^^^^^^^^^^^^^^^^^^^^^^^^^^^^^^
  ╵
  node_modules/@carbon/layout/scss/_spacing.scss 8:1                                @forward
  node_modules/@carbon/styles/scss/_spacing.scss 8:1                                @use
  node_modules/@carbon/styles/scss/components/ui-shell/switcher/_switcher.scss 9:1  @forward
  node_modules/@carbon/styles/scss/components/ui-shell/switcher/_index.scss 8:1     @forward
  packages/carbon-components/scss/components/ui-shell/switcher/_index.scss 9:1      @use
  stdin 2:1                                                                         root stylesheet]
    at expect (/Users/chrisvelgersdyk/Desktop/carbon-coverall/carbon-coverall-poc/node_modules/expect/build/index.js:128:15)
    at Object.expect (/Users/chrisvelgersdyk/Desktop/carbon-coverall/carbon-coverall-poc/packages/carbon-components/__tests__/scss-test.js:24:13)
    at Promise.then.completed (/Users/chrisvelgersdyk/Desktop/carbon-coverall/carbon-coverall-poc/node_modules/jest-circus/build/utils.js:333:28)
    at new Promise (&lt;anonymous&gt;)
    at callAsyncCircusFn (/Users/chrisvelgersdyk/Desktop/carbon-coverall/carbon-coverall-poc/node_modules/jest-circus/build/utils.js:259:10)
    at _callCircusTest (/Users/chrisvelgersdyk/Desktop/carbon-coverall/carbon-coverall-poc/node_modules/jest-circus/build/run.js:276:40)
    at processTicksAndRejections (node:internal/process/task_queues:95:5)
    at _runTest (/Users/chrisvelgersdyk/Desktop/carbon-coverall/carbon-coverall-poc/node_modules/jest-circus/build/run.js:208:3)
    at _runTestsForDescribeBlock (/Users/chrisvelgersdyk/Desktop/carbon-coverall/carbon-coverall-poc/node_modules/jest-circus/build/run.js:96:9)
    at _runTestsForDescribeBlock (/Users/chrisvelgersdyk/Desktop/carbon-coverall/carbon-coverall-poc/node_modules/jest-circus/build/run.js:90:9)</failure>
    </testcase>
    <testcase classname="@carbon/react/scss scss/components/ui-shell/switcher/switcher should be importable" name="@carbon/react/scss scss/components/ui-shell/switcher/switcher should be importable" time="0.004">
      <failure>Error: expect(received).resolves.toBeDefined()

Received promise rejected instead of resolved
Rejected to value: [Error: Can&apos;t find stylesheet to import.
  ╷
8 │ @forward &apos;./generated/fluid-spacing&apos;;
  │ ^^^^^^^^^^^^^^^^^^^^^^^^^^^^^^^^^^^^
  ╵
  node_modules/@carbon/layout/scss/_spacing.scss 8:1                                @forward
  node_modules/@carbon/styles/scss/_spacing.scss 8:1                                @use
  node_modules/@carbon/styles/scss/components/ui-shell/switcher/_switcher.scss 9:1  @forward
  packages/carbon-components/scss/components/ui-shell/switcher/_switcher.scss 9:1   @use
  stdin 2:1                                                                         root stylesheet]
    at expect (/Users/chrisvelgersdyk/Desktop/carbon-coverall/carbon-coverall-poc/node_modules/expect/build/index.js:128:15)
    at Object.expect (/Users/chrisvelgersdyk/Desktop/carbon-coverall/carbon-coverall-poc/packages/carbon-components/__tests__/scss-test.js:24:13)
    at Promise.then.completed (/Users/chrisvelgersdyk/Desktop/carbon-coverall/carbon-coverall-poc/node_modules/jest-circus/build/utils.js:333:28)
    at new Promise (&lt;anonymous&gt;)
    at callAsyncCircusFn (/Users/chrisvelgersdyk/Desktop/carbon-coverall/carbon-coverall-poc/node_modules/jest-circus/build/utils.js:259:10)
    at _callCircusTest (/Users/chrisvelgersdyk/Desktop/carbon-coverall/carbon-coverall-poc/node_modules/jest-circus/build/run.js:276:40)
    at processTicksAndRejections (node:internal/process/task_queues:95:5)
    at _runTest (/Users/chrisvelgersdyk/Desktop/carbon-coverall/carbon-coverall-poc/node_modules/jest-circus/build/run.js:208:3)
    at _runTestsForDescribeBlock (/Users/chrisvelgersdyk/Desktop/carbon-coverall/carbon-coverall-poc/node_modules/jest-circus/build/run.js:96:9)
    at _runTestsForDescribeBlock (/Users/chrisvelgersdyk/Desktop/carbon-coverall/carbon-coverall-poc/node_modules/jest-circus/build/run.js:90:9)</failure>
    </testcase>
    <testcase classname="@carbon/react/scss scss/fonts should be importable" name="@carbon/react/scss scss/fonts should be importable" time="0.173">
    </testcase>
    <testcase classname="@carbon/react/scss scss/fonts/mono should be importable" name="@carbon/react/scss scss/fonts/mono should be importable" time="0.007">
    </testcase>
    <testcase classname="@carbon/react/scss scss/fonts/sans-arabic should be importable" name="@carbon/react/scss scss/fonts/sans-arabic should be importable" time="0.01">
    </testcase>
    <testcase classname="@carbon/react/scss scss/fonts/sans-devanagari should be importable" name="@carbon/react/scss scss/fonts/sans-devanagari should be importable" time="0.004">
    </testcase>
    <testcase classname="@carbon/react/scss scss/fonts/sans-hebrew should be importable" name="@carbon/react/scss scss/fonts/sans-hebrew should be importable" time="0.005">
    </testcase>
    <testcase classname="@carbon/react/scss scss/fonts/sans-thai-looped should be importable" name="@carbon/react/scss scss/fonts/sans-thai-looped should be importable" time="0.005">
    </testcase>
    <testcase classname="@carbon/react/scss scss/fonts/sans-thai should be importable" name="@carbon/react/scss scss/fonts/sans-thai should be importable" time="0.004">
    </testcase>
    <testcase classname="@carbon/react/scss scss/fonts/sans should be importable" name="@carbon/react/scss scss/fonts/sans should be importable" time="0.008">
    </testcase>
    <testcase classname="@carbon/react/scss scss/fonts/serif should be importable" name="@carbon/react/scss scss/fonts/serif should be importable" time="0.009">
    </testcase>
    <testcase classname="@carbon/react/scss scss/fonts/src should be importable" name="@carbon/react/scss scss/fonts/src should be importable" time="0.007">
    </testcase>
    <testcase classname="@carbon/react/scss scss/grid/css-grid should be importable" name="@carbon/react/scss scss/grid/css-grid should be importable" time="0.167">
    </testcase>
    <testcase classname="@carbon/react/scss scss/grid/flexbox should be importable" name="@carbon/react/scss scss/grid/flexbox should be importable" time="0.128">
    </testcase>
    <testcase classname="@carbon/react/scss scss/grid/mixins should be importable" name="@carbon/react/scss scss/grid/mixins should be importable" time="0.017">
    </testcase>
    <testcase classname="@carbon/react/scss scss/grid should be importable" name="@carbon/react/scss scss/grid should be importable" time="0.138">
    </testcase>
    <testcase classname="@carbon/react/scss scss/type should be importable" name="@carbon/react/scss scss/type should be importable" time="0.004">
      <failure>Error: expect(received).resolves.toBeDefined()

Received promise rejected instead of resolved
Rejected to value: [Error: Can&apos;t find stylesheet to import.
  ╷
9 │ @use &apos;scss/generated/feature-flags&apos;;
  │ ^^^^^^^^^^^^^^^^^^^^^^^^^^^^^^^^^^^
  ╵
  node_modules/@carbon/feature-flags/index.scss 9:1         @forward
  node_modules/@carbon/styles/scss/_feature-flags.scss 8:1  @use
  node_modules/@carbon/styles/scss/type/_index.scss 8:1     @forward
  packages/carbon-components/scss/type/_index.scss 9:1      @use
  stdin 2:1                                                 root stylesheet]
    at expect (/Users/chrisvelgersdyk/Desktop/carbon-coverall/carbon-coverall-poc/node_modules/expect/build/index.js:128:15)
    at Object.expect (/Users/chrisvelgersdyk/Desktop/carbon-coverall/carbon-coverall-poc/packages/carbon-components/__tests__/scss-test.js:24:13)
    at Promise.then.completed (/Users/chrisvelgersdyk/Desktop/carbon-coverall/carbon-coverall-poc/node_modules/jest-circus/build/utils.js:333:28)
    at new Promise (&lt;anonymous&gt;)
    at callAsyncCircusFn (/Users/chrisvelgersdyk/Desktop/carbon-coverall/carbon-coverall-poc/node_modules/jest-circus/build/utils.js:259:10)
    at _callCircusTest (/Users/chrisvelgersdyk/Desktop/carbon-coverall/carbon-coverall-poc/node_modules/jest-circus/build/run.js:276:40)
    at processTicksAndRejections (node:internal/process/task_queues:95:5)
    at _runTest (/Users/chrisvelgersdyk/Desktop/carbon-coverall/carbon-coverall-poc/node_modules/jest-circus/build/run.js:208:3)
    at _runTestsForDescribeBlock (/Users/chrisvelgersdyk/Desktop/carbon-coverall/carbon-coverall-poc/node_modules/jest-circus/build/run.js:96:9)
    at _runTestsForDescribeBlock (/Users/chrisvelgersdyk/Desktop/carbon-coverall/carbon-coverall-poc/node_modules/jest-circus/build/run.js:90:9)</failure>
    </testcase>
    <testcase classname="@carbon/react/scss scss/type/reset should be importable" name="@carbon/react/scss scss/type/reset should be importable" time="0.003">
      <failure>Error: expect(received).resolves.toBeDefined()

Received promise rejected instead of resolved
Rejected to value: [Error: Can&apos;t find stylesheet to import.
  ╷
8 │ @forward &apos;./generated/fluid-spacing&apos;;
  │ ^^^^^^^^^^^^^^^^^^^^^^^^^^^^^^^^^^^^
  ╵
  node_modules/@carbon/layout/scss/_spacing.scss 8:1     @forward
  node_modules/@carbon/layout/index.scss 9:1             @use
  node_modules/@carbon/type/scss/_reset.scss 10:1        @forward
  node_modules/@carbon/styles/scss/type/_reset.scss 8:1  @forward
  packages/carbon-components/scss/type/_reset.scss 9:1   @use
  stdin 2:1                                              root stylesheet]
    at expect (/Users/chrisvelgersdyk/Desktop/carbon-coverall/carbon-coverall-poc/node_modules/expect/build/index.js:128:15)
    at Object.expect (/Users/chrisvelgersdyk/Desktop/carbon-coverall/carbon-coverall-poc/packages/carbon-components/__tests__/scss-test.js:24:13)
    at Promise.then.completed (/Users/chrisvelgersdyk/Desktop/carbon-coverall/carbon-coverall-poc/node_modules/jest-circus/build/utils.js:333:28)
    at new Promise (&lt;anonymous&gt;)
    at callAsyncCircusFn (/Users/chrisvelgersdyk/Desktop/carbon-coverall/carbon-coverall-poc/node_modules/jest-circus/build/utils.js:259:10)
    at _callCircusTest (/Users/chrisvelgersdyk/Desktop/carbon-coverall/carbon-coverall-poc/node_modules/jest-circus/build/run.js:276:40)
    at processTicksAndRejections (node:internal/process/task_queues:95:5)
    at _runTest (/Users/chrisvelgersdyk/Desktop/carbon-coverall/carbon-coverall-poc/node_modules/jest-circus/build/run.js:208:3)
    at _runTestsForDescribeBlock (/Users/chrisvelgersdyk/Desktop/carbon-coverall/carbon-coverall-poc/node_modules/jest-circus/build/run.js:96:9)
    at _runTestsForDescribeBlock (/Users/chrisvelgersdyk/Desktop/carbon-coverall/carbon-coverall-poc/node_modules/jest-circus/build/run.js:90:9)</failure>
    </testcase>
    <testcase classname="@carbon/react/scss scss/utilities/ai-gradient should be importable" name="@carbon/react/scss scss/utilities/ai-gradient should be importable" time="0.005">
      <failure>Error: expect(received).resolves.toBeDefined()

Received promise rejected instead of resolved
Rejected to value: [Error: Can&apos;t find stylesheet to import.
  ╷
8 │ @forward &apos;generated/themes&apos;;
  │ ^^^^^^^^^^^^^^^^^^^^^^^^^^^
  ╵
  node_modules/@carbon/themes/scss/compat/_themes.scss 8:1          @use
  node_modules/@carbon/styles/scss/compat/_themes.scss 9:1          @use
  node_modules/@carbon/styles/scss/theme/_theme.scss 12:1           @forward
  node_modules/@carbon/styles/scss/_theme.scss 8:1                  @use
  node_modules/@carbon/styles/scss/utilities/_ai-gradient.scss 8:1  @forward
  packages/carbon-components/scss/utilities/_ai-gradient.scss 9:1   @use
  stdin 2:1                                                         root stylesheet]
    at expect (/Users/chrisvelgersdyk/Desktop/carbon-coverall/carbon-coverall-poc/node_modules/expect/build/index.js:128:15)
    at Object.expect (/Users/chrisvelgersdyk/Desktop/carbon-coverall/carbon-coverall-poc/packages/carbon-components/__tests__/scss-test.js:24:13)
    at Promise.then.completed (/Users/chrisvelgersdyk/Desktop/carbon-coverall/carbon-coverall-poc/node_modules/jest-circus/build/utils.js:333:28)
    at new Promise (&lt;anonymous&gt;)
    at callAsyncCircusFn (/Users/chrisvelgersdyk/Desktop/carbon-coverall/carbon-coverall-poc/node_modules/jest-circus/build/utils.js:259:10)
    at _callCircusTest (/Users/chrisvelgersdyk/Desktop/carbon-coverall/carbon-coverall-poc/node_modules/jest-circus/build/run.js:276:40)
    at processTicksAndRejections (node:internal/process/task_queues:95:5)
    at _runTest (/Users/chrisvelgersdyk/Desktop/carbon-coverall/carbon-coverall-poc/node_modules/jest-circus/build/run.js:208:3)
    at _runTestsForDescribeBlock (/Users/chrisvelgersdyk/Desktop/carbon-coverall/carbon-coverall-poc/node_modules/jest-circus/build/run.js:96:9)
    at _runTestsForDescribeBlock (/Users/chrisvelgersdyk/Desktop/carbon-coverall/carbon-coverall-poc/node_modules/jest-circus/build/run.js:90:9)</failure>
    </testcase>
    <testcase classname="@carbon/react/scss scss/utilities/box-shadow should be importable" name="@carbon/react/scss scss/utilities/box-shadow should be importable" time="0.005">
      <failure>Error: expect(received).resolves.toBeDefined()

Received promise rejected instead of resolved
Rejected to value: [Error: Can&apos;t find stylesheet to import.
  ╷
8 │ @forward &apos;generated/themes&apos;;
  │ ^^^^^^^^^^^^^^^^^^^^^^^^^^^
  ╵
  node_modules/@carbon/themes/scss/compat/_themes.scss 8:1         @use
  node_modules/@carbon/styles/scss/compat/_themes.scss 9:1         @use
  node_modules/@carbon/styles/scss/theme/_theme.scss 12:1          @forward
  node_modules/@carbon/styles/scss/_theme.scss 8:1                 @use
  node_modules/@carbon/styles/scss/utilities/_box-shadow.scss 8:1  @forward
  packages/carbon-components/scss/utilities/_box-shadow.scss 9:1   @use
  stdin 2:1                                                        root stylesheet]
    at expect (/Users/chrisvelgersdyk/Desktop/carbon-coverall/carbon-coverall-poc/node_modules/expect/build/index.js:128:15)
    at Object.expect (/Users/chrisvelgersdyk/Desktop/carbon-coverall/carbon-coverall-poc/packages/carbon-components/__tests__/scss-test.js:24:13)
    at Promise.then.completed (/Users/chrisvelgersdyk/Desktop/carbon-coverall/carbon-coverall-poc/node_modules/jest-circus/build/utils.js:333:28)
    at new Promise (&lt;anonymous&gt;)
    at callAsyncCircusFn (/Users/chrisvelgersdyk/Desktop/carbon-coverall/carbon-coverall-poc/node_modules/jest-circus/build/utils.js:259:10)
    at _callCircusTest (/Users/chrisvelgersdyk/Desktop/carbon-coverall/carbon-coverall-poc/node_modules/jest-circus/build/run.js:276:40)
    at processTicksAndRejections (node:internal/process/task_queues:95:5)
    at _runTest (/Users/chrisvelgersdyk/Desktop/carbon-coverall/carbon-coverall-poc/node_modules/jest-circus/build/run.js:208:3)
    at _runTestsForDescribeBlock (/Users/chrisvelgersdyk/Desktop/carbon-coverall/carbon-coverall-poc/node_modules/jest-circus/build/run.js:96:9)
    at _runTestsForDescribeBlock (/Users/chrisvelgersdyk/Desktop/carbon-coverall/carbon-coverall-poc/node_modules/jest-circus/build/run.js:90:9)</failure>
    </testcase>
    <testcase classname="@carbon/react/scss scss/utilities/button-reset should be importable" name="@carbon/react/scss scss/utilities/button-reset should be importable" time="0.001">
    </testcase>
    <testcase classname="@carbon/react/scss scss/utilities/component-reset should be importable" name="@carbon/react/scss scss/utilities/component-reset should be importable" time="0.001">
    </testcase>
    <testcase classname="@carbon/react/scss scss/utilities/component-tokens should be importable" name="@carbon/react/scss scss/utilities/component-tokens should be importable" time="0.004">
      <failure>Error: expect(received).resolves.toBeDefined()

Received promise rejected instead of resolved
Rejected to value: [Error: Can&apos;t find stylesheet to import.
  ╷
8 │ @forward &apos;generated/themes&apos;;
  │ ^^^^^^^^^^^^^^^^^^^^^^^^^^^
  ╵
  node_modules/@carbon/themes/scss/_themes.scss 8:1                       @forward
  node_modules/@carbon/styles/scss/_themes.scss 9:1                       @use
  node_modules/@carbon/styles/scss/utilities/_component-tokens.scss 12:1  @forward
  packages/carbon-components/scss/utilities/_component-tokens.scss 9:1    @use
  stdin 2:1                                                               root stylesheet]
    at expect (/Users/chrisvelgersdyk/Desktop/carbon-coverall/carbon-coverall-poc/node_modules/expect/build/index.js:128:15)
    at Object.expect (/Users/chrisvelgersdyk/Desktop/carbon-coverall/carbon-coverall-poc/packages/carbon-components/__tests__/scss-test.js:24:13)
    at Promise.then.completed (/Users/chrisvelgersdyk/Desktop/carbon-coverall/carbon-coverall-poc/node_modules/jest-circus/build/utils.js:333:28)
    at new Promise (&lt;anonymous&gt;)
    at callAsyncCircusFn (/Users/chrisvelgersdyk/Desktop/carbon-coverall/carbon-coverall-poc/node_modules/jest-circus/build/utils.js:259:10)
    at _callCircusTest (/Users/chrisvelgersdyk/Desktop/carbon-coverall/carbon-coverall-poc/node_modules/jest-circus/build/run.js:276:40)
    at processTicksAndRejections (node:internal/process/task_queues:95:5)
    at _runTest (/Users/chrisvelgersdyk/Desktop/carbon-coverall/carbon-coverall-poc/node_modules/jest-circus/build/run.js:208:3)
    at _runTestsForDescribeBlock (/Users/chrisvelgersdyk/Desktop/carbon-coverall/carbon-coverall-poc/node_modules/jest-circus/build/run.js:96:9)
    at _runTestsForDescribeBlock (/Users/chrisvelgersdyk/Desktop/carbon-coverall/carbon-coverall-poc/node_modules/jest-circus/build/run.js:90:9)</failure>
    </testcase>
    <testcase classname="@carbon/react/scss scss/utilities/convert should be importable" name="@carbon/react/scss scss/utilities/convert should be importable" time="0.002">
    </testcase>
    <testcase classname="@carbon/react/scss scss/utilities/custom-property should be importable" name="@carbon/react/scss scss/utilities/custom-property should be importable" time="0.005">
    </testcase>
    <testcase classname="@carbon/react/scss scss/utilities/focus-outline should be importable" name="@carbon/react/scss scss/utilities/focus-outline should be importable" time="0.006">
      <failure>Error: expect(received).resolves.toBeDefined()

Received promise rejected instead of resolved
Rejected to value: [Error: Can&apos;t find stylesheet to import.
  ╷
8 │ @forward &apos;generated/themes&apos;;
  │ ^^^^^^^^^^^^^^^^^^^^^^^^^^^
  ╵
  node_modules/@carbon/themes/scss/compat/_themes.scss 8:1            @use
  node_modules/@carbon/styles/scss/compat/_themes.scss 9:1            @use
  node_modules/@carbon/styles/scss/theme/_theme.scss 12:1             @forward
  node_modules/@carbon/styles/scss/_theme.scss 8:1                    @use
  node_modules/@carbon/styles/scss/utilities/_focus-outline.scss 8:1  @forward
  packages/carbon-components/scss/utilities/_focus-outline.scss 9:1   @use
  stdin 2:1                                                           root stylesheet]
    at expect (/Users/chrisvelgersdyk/Desktop/carbon-coverall/carbon-coverall-poc/node_modules/expect/build/index.js:128:15)
    at Object.expect (/Users/chrisvelgersdyk/Desktop/carbon-coverall/carbon-coverall-poc/packages/carbon-components/__tests__/scss-test.js:24:13)
    at Promise.then.completed (/Users/chrisvelgersdyk/Desktop/carbon-coverall/carbon-coverall-poc/node_modules/jest-circus/build/utils.js:333:28)
    at new Promise (&lt;anonymous&gt;)
    at callAsyncCircusFn (/Users/chrisvelgersdyk/Desktop/carbon-coverall/carbon-coverall-poc/node_modules/jest-circus/build/utils.js:259:10)
    at _callCircusTest (/Users/chrisvelgersdyk/Desktop/carbon-coverall/carbon-coverall-poc/node_modules/jest-circus/build/run.js:276:40)
    at processTicksAndRejections (node:internal/process/task_queues:95:5)
    at _runTest (/Users/chrisvelgersdyk/Desktop/carbon-coverall/carbon-coverall-poc/node_modules/jest-circus/build/run.js:208:3)
    at _runTestsForDescribeBlock (/Users/chrisvelgersdyk/Desktop/carbon-coverall/carbon-coverall-poc/node_modules/jest-circus/build/run.js:96:9)
    at _runTestsForDescribeBlock (/Users/chrisvelgersdyk/Desktop/carbon-coverall/carbon-coverall-poc/node_modules/jest-circus/build/run.js:90:9)</failure>
    </testcase>
    <testcase classname="@carbon/react/scss scss/utilities/hide-at-breakpoint should be importable" name="@carbon/react/scss scss/utilities/hide-at-breakpoint should be importable" time="0.005">
    </testcase>
    <testcase classname="@carbon/react/scss scss/utilities/high-contrast-mode should be importable" name="@carbon/react/scss scss/utilities/high-contrast-mode should be importable" time="0.001">
    </testcase>
    <testcase classname="@carbon/react/scss scss/utilities should be importable" name="@carbon/react/scss scss/utilities should be importable" time="0.005">
      <failure>Error: expect(received).resolves.toBeDefined()

Received promise rejected instead of resolved
Rejected to value: [Error: Can&apos;t find stylesheet to import.
  ╷
8 │ @forward &apos;generated/themes&apos;;
  │ ^^^^^^^^^^^^^^^^^^^^^^^^^^^
  ╵
  node_modules/@carbon/themes/scss/compat/_themes.scss 8:1          @use
  node_modules/@carbon/styles/scss/compat/_themes.scss 9:1          @use
  node_modules/@carbon/styles/scss/theme/_theme.scss 12:1           @forward
  node_modules/@carbon/styles/scss/_theme.scss 8:1                  @use
  node_modules/@carbon/styles/scss/utilities/_ai-gradient.scss 8:1  @forward
  node_modules/@carbon/styles/scss/utilities/_index.scss 8:1        @forward
  packages/carbon-components/scss/utilities/_index.scss 9:1         @use
  stdin 2:1                                                         root stylesheet]
    at expect (/Users/chrisvelgersdyk/Desktop/carbon-coverall/carbon-coverall-poc/node_modules/expect/build/index.js:128:15)
    at Object.expect (/Users/chrisvelgersdyk/Desktop/carbon-coverall/carbon-coverall-poc/packages/carbon-components/__tests__/scss-test.js:24:13)
    at Promise.then.completed (/Users/chrisvelgersdyk/Desktop/carbon-coverall/carbon-coverall-poc/node_modules/jest-circus/build/utils.js:333:28)
    at new Promise (&lt;anonymous&gt;)
    at callAsyncCircusFn (/Users/chrisvelgersdyk/Desktop/carbon-coverall/carbon-coverall-poc/node_modules/jest-circus/build/utils.js:259:10)
    at _callCircusTest (/Users/chrisvelgersdyk/Desktop/carbon-coverall/carbon-coverall-poc/node_modules/jest-circus/build/run.js:276:40)
    at processTicksAndRejections (node:internal/process/task_queues:95:5)
    at _runTest (/Users/chrisvelgersdyk/Desktop/carbon-coverall/carbon-coverall-poc/node_modules/jest-circus/build/run.js:208:3)
    at _runTestsForDescribeBlock (/Users/chrisvelgersdyk/Desktop/carbon-coverall/carbon-coverall-poc/node_modules/jest-circus/build/run.js:96:9)
    at _runTestsForDescribeBlock (/Users/chrisvelgersdyk/Desktop/carbon-coverall/carbon-coverall-poc/node_modules/jest-circus/build/run.js:90:9)</failure>
    </testcase>
    <testcase classname="@carbon/react/scss scss/utilities/keyframes should be importable" name="@carbon/react/scss scss/utilities/keyframes should be importable" time="0.003">
    </testcase>
    <testcase classname="@carbon/react/scss scss/utilities/layout should be importable" name="@carbon/react/scss scss/utilities/layout should be importable" time="0.013">
      <failure>Error: expect(received).resolves.toBeDefined()

Received promise rejected instead of resolved
Rejected to value: [Error: Can&apos;t find stylesheet to import.
  ╷
8 │ @forward &apos;./generated/fluid-spacing&apos;;
  │ ^^^^^^^^^^^^^^^^^^^^^^^^^^^^^^^^^^^^
  ╵
  node_modules/@carbon/layout/scss/_spacing.scss 8:1            @forward
  node_modules/@carbon/styles/scss/_spacing.scss 8:1            @use
  node_modules/@carbon/styles/scss/_layout.scss 14:1            @use
  node_modules/@carbon/styles/scss/utilities/_layout.scss 11:1  @forward
  packages/carbon-components/scss/utilities/_layout.scss 9:1    @use
  stdin 2:1                                                     root stylesheet]
    at expect (/Users/chrisvelgersdyk/Desktop/carbon-coverall/carbon-coverall-poc/node_modules/expect/build/index.js:128:15)
    at Object.expect (/Users/chrisvelgersdyk/Desktop/carbon-coverall/carbon-coverall-poc/packages/carbon-components/__tests__/scss-test.js:24:13)
    at Promise.then.completed (/Users/chrisvelgersdyk/Desktop/carbon-coverall/carbon-coverall-poc/node_modules/jest-circus/build/utils.js:333:28)
    at new Promise (&lt;anonymous&gt;)
    at callAsyncCircusFn (/Users/chrisvelgersdyk/Desktop/carbon-coverall/carbon-coverall-poc/node_modules/jest-circus/build/utils.js:259:10)
    at _callCircusTest (/Users/chrisvelgersdyk/Desktop/carbon-coverall/carbon-coverall-poc/node_modules/jest-circus/build/run.js:276:40)
    at processTicksAndRejections (node:internal/process/task_queues:95:5)
    at _runTest (/Users/chrisvelgersdyk/Desktop/carbon-coverall/carbon-coverall-poc/node_modules/jest-circus/build/run.js:208:3)
    at _runTestsForDescribeBlock (/Users/chrisvelgersdyk/Desktop/carbon-coverall/carbon-coverall-poc/node_modules/jest-circus/build/run.js:96:9)
    at _runTestsForDescribeBlock (/Users/chrisvelgersdyk/Desktop/carbon-coverall/carbon-coverall-poc/node_modules/jest-circus/build/run.js:90:9)</failure>
    </testcase>
    <testcase classname="@carbon/react/scss scss/utilities/placeholder-colors should be importable" name="@carbon/react/scss scss/utilities/placeholder-colors should be importable" time="0.006">
      <failure>Error: expect(received).resolves.toBeDefined()

Received promise rejected instead of resolved
Rejected to value: [Error: Can&apos;t find stylesheet to import.
  ╷
8 │ @forward &apos;generated/themes&apos;;
  │ ^^^^^^^^^^^^^^^^^^^^^^^^^^^
  ╵
  node_modules/@carbon/themes/scss/compat/_themes.scss 8:1                 @use
  node_modules/@carbon/styles/scss/compat/_themes.scss 9:1                 @use
  node_modules/@carbon/styles/scss/theme/_theme.scss 12:1                  @forward
  node_modules/@carbon/styles/scss/_theme.scss 8:1                         @use
  node_modules/@carbon/styles/scss/utilities/_placeholder-colors.scss 8:1  @forward
  packages/carbon-components/scss/utilities/_placeholder-colors.scss 9:1   @use
  stdin 2:1                                                                root stylesheet]
    at expect (/Users/chrisvelgersdyk/Desktop/carbon-coverall/carbon-coverall-poc/node_modules/expect/build/index.js:128:15)
    at Object.expect (/Users/chrisvelgersdyk/Desktop/carbon-coverall/carbon-coverall-poc/packages/carbon-components/__tests__/scss-test.js:24:13)
    at Promise.then.completed (/Users/chrisvelgersdyk/Desktop/carbon-coverall/carbon-coverall-poc/node_modules/jest-circus/build/utils.js:333:28)
    at new Promise (&lt;anonymous&gt;)
    at callAsyncCircusFn (/Users/chrisvelgersdyk/Desktop/carbon-coverall/carbon-coverall-poc/node_modules/jest-circus/build/utils.js:259:10)
    at _callCircusTest (/Users/chrisvelgersdyk/Desktop/carbon-coverall/carbon-coverall-poc/node_modules/jest-circus/build/run.js:276:40)
    at processTicksAndRejections (node:internal/process/task_queues:95:5)
    at _runTest (/Users/chrisvelgersdyk/Desktop/carbon-coverall/carbon-coverall-poc/node_modules/jest-circus/build/run.js:208:3)
    at _runTestsForDescribeBlock (/Users/chrisvelgersdyk/Desktop/carbon-coverall/carbon-coverall-poc/node_modules/jest-circus/build/run.js:96:9)
    at _runTestsForDescribeBlock (/Users/chrisvelgersdyk/Desktop/carbon-coverall/carbon-coverall-poc/node_modules/jest-circus/build/run.js:90:9)</failure>
    </testcase>
    <testcase classname="@carbon/react/scss scss/utilities/rotate should be importable" name="@carbon/react/scss scss/utilities/rotate should be importable" time="0.006">
    </testcase>
    <testcase classname="@carbon/react/scss scss/utilities/skeleton should be importable" name="@carbon/react/scss scss/utilities/skeleton should be importable" time="0.01">
      <failure>Error: expect(received).resolves.toBeDefined()

Received promise rejected instead of resolved
Rejected to value: [Error: Can&apos;t find stylesheet to import.
  ╷
8 │ @forward &apos;generated/themes&apos;;
  │ ^^^^^^^^^^^^^^^^^^^^^^^^^^^
  ╵
  node_modules/@carbon/themes/scss/compat/_themes.scss 8:1       @use
  node_modules/@carbon/styles/scss/compat/_themes.scss 9:1       @use
  node_modules/@carbon/styles/scss/theme/_theme.scss 12:1        @forward
  node_modules/@carbon/styles/scss/_theme.scss 8:1               @use
  node_modules/@carbon/styles/scss/utilities/_skeleton.scss 9:1  @forward
  packages/carbon-components/scss/utilities/_skeleton.scss 9:1   @use
  stdin 2:1                                                      root stylesheet]
    at expect (/Users/chrisvelgersdyk/Desktop/carbon-coverall/carbon-coverall-poc/node_modules/expect/build/index.js:128:15)
    at Object.expect (/Users/chrisvelgersdyk/Desktop/carbon-coverall/carbon-coverall-poc/packages/carbon-components/__tests__/scss-test.js:24:13)
    at Promise.then.completed (/Users/chrisvelgersdyk/Desktop/carbon-coverall/carbon-coverall-poc/node_modules/jest-circus/build/utils.js:333:28)
    at new Promise (&lt;anonymous&gt;)
    at callAsyncCircusFn (/Users/chrisvelgersdyk/Desktop/carbon-coverall/carbon-coverall-poc/node_modules/jest-circus/build/utils.js:259:10)
    at _callCircusTest (/Users/chrisvelgersdyk/Desktop/carbon-coverall/carbon-coverall-poc/node_modules/jest-circus/build/run.js:276:40)
    at processTicksAndRejections (node:internal/process/task_queues:95:5)
    at _runTest (/Users/chrisvelgersdyk/Desktop/carbon-coverall/carbon-coverall-poc/node_modules/jest-circus/build/run.js:208:3)
    at _runTestsForDescribeBlock (/Users/chrisvelgersdyk/Desktop/carbon-coverall/carbon-coverall-poc/node_modules/jest-circus/build/run.js:96:9)
    at _runTestsForDescribeBlock (/Users/chrisvelgersdyk/Desktop/carbon-coverall/carbon-coverall-poc/node_modules/jest-circus/build/run.js:90:9)</failure>
    </testcase>
    <testcase classname="@carbon/react/scss scss/utilities/text-overflow should be importable" name="@carbon/react/scss scss/utilities/text-overflow should be importable" time="0.003">
    </testcase>
    <testcase classname="@carbon/react/scss scss/utilities/text-truncate should be importable" name="@carbon/react/scss scss/utilities/text-truncate should be importable" time="0.001">
    </testcase>
    <testcase classname="@carbon/react/scss scss/utilities/visually-hidden should be importable" name="@carbon/react/scss scss/utilities/visually-hidden should be importable" time="0.003">
    </testcase>
    <testcase classname="@carbon/react/scss scss/utilities/z-index should be importable" name="@carbon/react/scss scss/utilities/z-index should be importable" time="0.001">
    </testcase>
  </testsuite>
  <testsuite name="scss/components/list-box" errors="0" failures="1" skipped="0" timestamp="2025-04-09T19:39:55" time="0.247" tests="1">
    <testcase classname="scss/components/list-box Public API" name="scss/components/list-box Public API" time="0.073">
      <failure>Error: Can&apos;t find stylesheet to import.
  ╷
8 │ @forward &apos;generated/themes&apos;;
  │ ^^^^^^^^^^^^^^^^^^^^^^^^^^^
  ╵
  node_modules/@carbon/themes/scss/_themes.scss 8:1            @forward
  packages/styles/scss/_themes.scss 9:1                        @use
  packages/styles/scss/components/button/_tokens.scss 10:1     @use
  packages/styles/scss/components/list-box/_list-box.scss 8:1  @forward
  packages/styles/scss/components/list-box/_index.scss 8:1     @use
  stdin 5:8                                                    root stylesheet
    at Object.wrapException (/Users/chrisvelgersdyk/Desktop/carbon-coverall/carbon-coverall-poc/node_modules/sass/sass.dart.js:2161:43)
    at _EvaluateVisitor1._evaluate0$_loadStylesheet$4$baseUrl$forImport (/Users/chrisvelgersdyk/Desktop/carbon-coverall/carbon-coverall-poc/node_modules/sass/sass.dart.js:95086:19)
    at _EvaluateVisitor1._evaluate0$_loadStylesheet$3$baseUrl (/Users/chrisvelgersdyk/Desktop/carbon-coverall/carbon-coverall-poc/node_modules/sass/sass.dart.js:95112:19)
    at _EvaluateVisitor__loadModule_closure4.call$0 (/Users/chrisvelgersdyk/Desktop/carbon-coverall/carbon-coverall-poc/node_modules/sass/sass.dart.js:97026:19)
    at _EvaluateVisitor1._evaluate0$_withStackFrame$1$3 (/Users/chrisvelgersdyk/Desktop/carbon-coverall/carbon-coverall-poc/node_modules/sass/sass.dart.js:96565:25)
    at _EvaluateVisitor1._evaluate0$_withStackFrame$3 (/Users/chrisvelgersdyk/Desktop/carbon-coverall/carbon-coverall-poc/node_modules/sass/sass.dart.js:96571:19)
    at _EvaluateVisitor1._evaluate0$_loadModule$7$baseUrl$configuration$namesInErrors (/Users/chrisvelgersdyk/Desktop/carbon-coverall/carbon-coverall-poc/node_modules/sass/sass.dart.js:94481:13)
    at _EvaluateVisitor1._evaluate0$_loadModule$4 (/Users/chrisvelgersdyk/Desktop/carbon-coverall/carbon-coverall-poc/node_modules/sass/sass.dart.js:94487:19)
    at _EvaluateVisitor1.visitForwardRule$1 (/Users/chrisvelgersdyk/Desktop/carbon-coverall/carbon-coverall-poc/node_modules/sass/sass.dart.js:94899:15)
    at ForwardRule0.accept$1$1 (/Users/chrisvelgersdyk/Desktop/carbon-coverall/carbon-coverall-poc/node_modules/sass/sass.dart.js:99949:22)</failure>
    </testcase>
  </testsuite>
  <testsuite name="scss/components/tabs" errors="0" failures="1" skipped="0" timestamp="2025-04-09T19:39:56" time="0.231" tests="1">
    <testcase classname="scss/components/tabs Public API" name="scss/components/tabs Public API" time="0.103">
      <failure>Error: Can&apos;t find stylesheet to import.
  ╷
8 │ @forward &apos;generated/themes&apos;;
  │ ^^^^^^^^^^^^^^^^^^^^^^^^^^^
  ╵
  node_modules/@carbon/themes/scss/compat/_themes.scss 8:1  @use
  packages/styles/scss/compat/_themes.scss 9:1              @use
  packages/styles/scss/theme/_theme.scss 12:1               @forward
  packages/styles/scss/_theme.scss 8:1                      @use
  packages/styles/scss/components/tabs/_vars.scss 10:1      @use
  packages/styles/scss/components/tabs/_tabs.scss 12:1      @forward
  packages/styles/scss/components/tabs/_index.scss 8:1      @use
  stdin 5:9                                                 root stylesheet
    at Object.wrapException (/Users/chrisvelgersdyk/Desktop/carbon-coverall/carbon-coverall-poc/node_modules/sass/sass.dart.js:2161:43)
    at _EvaluateVisitor1._evaluate0$_loadStylesheet$4$baseUrl$forImport (/Users/chrisvelgersdyk/Desktop/carbon-coverall/carbon-coverall-poc/node_modules/sass/sass.dart.js:95086:19)
    at _EvaluateVisitor1._evaluate0$_loadStylesheet$3$baseUrl (/Users/chrisvelgersdyk/Desktop/carbon-coverall/carbon-coverall-poc/node_modules/sass/sass.dart.js:95112:19)
    at _EvaluateVisitor__loadModule_closure4.call$0 (/Users/chrisvelgersdyk/Desktop/carbon-coverall/carbon-coverall-poc/node_modules/sass/sass.dart.js:97026:19)
    at _EvaluateVisitor1._evaluate0$_withStackFrame$1$3 (/Users/chrisvelgersdyk/Desktop/carbon-coverall/carbon-coverall-poc/node_modules/sass/sass.dart.js:96565:25)
    at _EvaluateVisitor1._evaluate0$_withStackFrame$3 (/Users/chrisvelgersdyk/Desktop/carbon-coverall/carbon-coverall-poc/node_modules/sass/sass.dart.js:96571:19)
    at _EvaluateVisitor1._evaluate0$_loadModule$7$baseUrl$configuration$namesInErrors (/Users/chrisvelgersdyk/Desktop/carbon-coverall/carbon-coverall-poc/node_modules/sass/sass.dart.js:94481:13)
    at _EvaluateVisitor1._evaluate0$_loadModule$4 (/Users/chrisvelgersdyk/Desktop/carbon-coverall/carbon-coverall-poc/node_modules/sass/sass.dart.js:94487:19)
    at _EvaluateVisitor1.visitForwardRule$1 (/Users/chrisvelgersdyk/Desktop/carbon-coverall/carbon-coverall-poc/node_modules/sass/sass.dart.js:94899:15)
    at ForwardRule0.accept$1$1 (/Users/chrisvelgersdyk/Desktop/carbon-coverall/carbon-coverall-poc/node_modules/sass/sass.dart.js:99949:22)</failure>
    </testcase>
  </testsuite>
  <testsuite name="scss/components/fluid-text-area" errors="0" failures="1" skipped="0" timestamp="2025-04-09T19:39:56" time="0.231" tests="1">
    <testcase classname="scss/components/fluid-text-area Public API" name="scss/components/fluid-text-area Public API" time="0.073">
      <failure>Error: Can&apos;t find stylesheet to import.
  ╷
8 │ @forward &apos;./generated/fluid-spacing&apos;;
  │ ^^^^^^^^^^^^^^^^^^^^^^^^^^^^^^^^^^^^
  ╵
  node_modules/@carbon/layout/scss/_spacing.scss 8:1                          @forward
  packages/styles/scss/_spacing.scss 8:1                                      @use
  packages/styles/scss/components/form/_form.scss 9:1                         @forward
  packages/styles/scss/components/form/_index.scss 8:1                        @use
  packages/styles/scss/components/text-area/_text-area.scss 8:1               @forward
  packages/styles/scss/components/text-area/_index.scss 8:1                   @use
  packages/styles/scss/components/fluid-text-area/_fluid-text-area.scss 11:1  @forward
  packages/styles/scss/components/fluid-text-area/_index.scss 8:1             @use
  stdin 5:7                                                                   root stylesheet
    at Object.wrapException (/Users/chrisvelgersdyk/Desktop/carbon-coverall/carbon-coverall-poc/node_modules/sass/sass.dart.js:2161:43)
    at _EvaluateVisitor1._evaluate0$_loadStylesheet$4$baseUrl$forImport (/Users/chrisvelgersdyk/Desktop/carbon-coverall/carbon-coverall-poc/node_modules/sass/sass.dart.js:95086:19)
    at _EvaluateVisitor1._evaluate0$_loadStylesheet$3$baseUrl (/Users/chrisvelgersdyk/Desktop/carbon-coverall/carbon-coverall-poc/node_modules/sass/sass.dart.js:95112:19)
    at _EvaluateVisitor__loadModule_closure4.call$0 (/Users/chrisvelgersdyk/Desktop/carbon-coverall/carbon-coverall-poc/node_modules/sass/sass.dart.js:97026:19)
    at _EvaluateVisitor1._evaluate0$_withStackFrame$1$3 (/Users/chrisvelgersdyk/Desktop/carbon-coverall/carbon-coverall-poc/node_modules/sass/sass.dart.js:96565:25)
    at _EvaluateVisitor1._evaluate0$_withStackFrame$3 (/Users/chrisvelgersdyk/Desktop/carbon-coverall/carbon-coverall-poc/node_modules/sass/sass.dart.js:96571:19)
    at _EvaluateVisitor1._evaluate0$_loadModule$7$baseUrl$configuration$namesInErrors (/Users/chrisvelgersdyk/Desktop/carbon-coverall/carbon-coverall-poc/node_modules/sass/sass.dart.js:94481:13)
    at _EvaluateVisitor1._evaluate0$_loadModule$4 (/Users/chrisvelgersdyk/Desktop/carbon-coverall/carbon-coverall-poc/node_modules/sass/sass.dart.js:94487:19)
    at _EvaluateVisitor1.visitForwardRule$1 (/Users/chrisvelgersdyk/Desktop/carbon-coverall/carbon-coverall-poc/node_modules/sass/sass.dart.js:94899:15)
    at ForwardRule0.accept$1$1 (/Users/chrisvelgersdyk/Desktop/carbon-coverall/carbon-coverall-poc/node_modules/sass/sass.dart.js:99949:22)</failure>
    </testcase>
  </testsuite>
  <testsuite name="@carbon/react/scss" errors="0" failures="176" skipped="0" timestamp="2025-04-09T19:39:51" time="4.858" tests="207">
    <testcase classname="@carbon/react/scss  should be importable" name="@carbon/react/scss  should be importable" time="0.079">
      <failure>Error: expect(received).resolves.toBeDefined()

Received promise rejected instead of resolved
Rejected to value: [Error: Can&apos;t find stylesheet to import.
  ╷
8 │ @forward &apos;./generated/fluid-spacing&apos;;
  │ ^^^^^^^^^^^^^^^^^^^^^^^^^^^^^^^^^^^^
  ╵
  node_modules/@carbon/layout/scss/_spacing.scss 8:1  @forward
  node_modules/@carbon/styles/scss/_spacing.scss 8:1  @forward
  node_modules/@carbon/styles/index.scss 9:1          @forward
  packages/carbon-components-react/index.scss 9:1     @use
  stdin 2:1                                           root stylesheet]
    at expect (/Users/chrisvelgersdyk/Desktop/carbon-coverall/carbon-coverall-poc/node_modules/expect/build/index.js:128:15)
    at Object.expect (/Users/chrisvelgersdyk/Desktop/carbon-coverall/carbon-coverall-poc/packages/carbon-components-react/__tests__/scss-test.js:24:13)
    at Promise.then.completed (/Users/chrisvelgersdyk/Desktop/carbon-coverall/carbon-coverall-poc/node_modules/jest-circus/build/utils.js:333:28)
    at new Promise (&lt;anonymous&gt;)
    at callAsyncCircusFn (/Users/chrisvelgersdyk/Desktop/carbon-coverall/carbon-coverall-poc/node_modules/jest-circus/build/utils.js:259:10)
    at _callCircusTest (/Users/chrisvelgersdyk/Desktop/carbon-coverall/carbon-coverall-poc/node_modules/jest-circus/build/run.js:276:40)
    at processTicksAndRejections (node:internal/process/task_queues:95:5)
    at _runTest (/Users/chrisvelgersdyk/Desktop/carbon-coverall/carbon-coverall-poc/node_modules/jest-circus/build/run.js:208:3)
    at _runTestsForDescribeBlock (/Users/chrisvelgersdyk/Desktop/carbon-coverall/carbon-coverall-poc/node_modules/jest-circus/build/run.js:96:9)
    at _runTestsForDescribeBlock (/Users/chrisvelgersdyk/Desktop/carbon-coverall/carbon-coverall-poc/node_modules/jest-circus/build/run.js:90:9)</failure>
    </testcase>
    <testcase classname="@carbon/react/scss scss/breakpoint should be importable" name="@carbon/react/scss scss/breakpoint should be importable" time="0.039">
    </testcase>
    <testcase classname="@carbon/react/scss scss/colors should be importable" name="@carbon/react/scss scss/colors should be importable" time="0.004">
      <failure>Error: expect(received).resolves.toBeDefined()

Received promise rejected instead of resolved
Rejected to value: [Error: Can&apos;t find stylesheet to import.
  ╷
8 │ @forward &apos;@carbon/colors&apos;;
  │ ^^^^^^^^^^^^^^^^^^^^^^^^^
  ╵
  node_modules/@carbon/styles/scss/_colors.scss 8:1       @forward
  packages/carbon-components-react/scss/_colors.scss 9:1  @use
  stdin 2:1                                               root stylesheet]
    at expect (/Users/chrisvelgersdyk/Desktop/carbon-coverall/carbon-coverall-poc/node_modules/expect/build/index.js:128:15)
    at Object.expect (/Users/chrisvelgersdyk/Desktop/carbon-coverall/carbon-coverall-poc/packages/carbon-components-react/__tests__/scss-test.js:24:13)
    at Promise.then.completed (/Users/chrisvelgersdyk/Desktop/carbon-coverall/carbon-coverall-poc/node_modules/jest-circus/build/utils.js:333:28)
    at new Promise (&lt;anonymous&gt;)
    at callAsyncCircusFn (/Users/chrisvelgersdyk/Desktop/carbon-coverall/carbon-coverall-poc/node_modules/jest-circus/build/utils.js:259:10)
    at _callCircusTest (/Users/chrisvelgersdyk/Desktop/carbon-coverall/carbon-coverall-poc/node_modules/jest-circus/build/run.js:276:40)
    at processTicksAndRejections (node:internal/process/task_queues:95:5)
    at _runTest (/Users/chrisvelgersdyk/Desktop/carbon-coverall/carbon-coverall-poc/node_modules/jest-circus/build/run.js:208:3)
    at _runTestsForDescribeBlock (/Users/chrisvelgersdyk/Desktop/carbon-coverall/carbon-coverall-poc/node_modules/jest-circus/build/run.js:96:9)
    at _runTestsForDescribeBlock (/Users/chrisvelgersdyk/Desktop/carbon-coverall/carbon-coverall-poc/node_modules/jest-circus/build/run.js:90:9)</failure>
    </testcase>
    <testcase classname="@carbon/react/scss scss/config should be importable" name="@carbon/react/scss scss/config should be importable" time="0.006">
    </testcase>
    <testcase classname="@carbon/react/scss scss/feature-flags should be importable" name="@carbon/react/scss scss/feature-flags should be importable" time="0.006">
      <failure>Error: expect(received).resolves.toBeDefined()

Received promise rejected instead of resolved
Rejected to value: [Error: Can&apos;t find stylesheet to import.
  ╷
9 │ @use &apos;scss/generated/feature-flags&apos;;
  │ ^^^^^^^^^^^^^^^^^^^^^^^^^^^^^^^^^^^
  ╵
  node_modules/@carbon/feature-flags/index.scss 9:1              @forward
  node_modules/@carbon/styles/scss/_feature-flags.scss 8:1       @forward
  packages/carbon-components-react/scss/_feature-flags.scss 9:1  @use
  stdin 2:1                                                      root stylesheet]
    at expect (/Users/chrisvelgersdyk/Desktop/carbon-coverall/carbon-coverall-poc/node_modules/expect/build/index.js:128:15)
    at Object.expect (/Users/chrisvelgersdyk/Desktop/carbon-coverall/carbon-coverall-poc/packages/carbon-components-react/__tests__/scss-test.js:24:13)
    at Promise.then.completed (/Users/chrisvelgersdyk/Desktop/carbon-coverall/carbon-coverall-poc/node_modules/jest-circus/build/utils.js:333:28)
    at new Promise (&lt;anonymous&gt;)
    at callAsyncCircusFn (/Users/chrisvelgersdyk/Desktop/carbon-coverall/carbon-coverall-poc/node_modules/jest-circus/build/utils.js:259:10)
    at _callCircusTest (/Users/chrisvelgersdyk/Desktop/carbon-coverall/carbon-coverall-poc/node_modules/jest-circus/build/run.js:276:40)
    at processTicksAndRejections (node:internal/process/task_queues:95:5)
    at _runTest (/Users/chrisvelgersdyk/Desktop/carbon-coverall/carbon-coverall-poc/node_modules/jest-circus/build/run.js:208:3)
    at _runTestsForDescribeBlock (/Users/chrisvelgersdyk/Desktop/carbon-coverall/carbon-coverall-poc/node_modules/jest-circus/build/run.js:96:9)
    at _runTestsForDescribeBlock (/Users/chrisvelgersdyk/Desktop/carbon-coverall/carbon-coverall-poc/node_modules/jest-circus/build/run.js:90:9)</failure>
    </testcase>
    <testcase classname="@carbon/react/scss scss/layer should be importable" name="@carbon/react/scss scss/layer should be importable" time="0.017">
      <failure>Error: expect(received).resolves.toBeDefined()

Received promise rejected instead of resolved
Rejected to value: [Error: Can&apos;t find stylesheet to import.
  ╷
8 │ @forward &apos;generated/themes&apos;;
  │ ^^^^^^^^^^^^^^^^^^^^^^^^^^^
  ╵
  node_modules/@carbon/themes/scss/compat/_themes.scss 8:1     @use
  node_modules/@carbon/styles/scss/compat/_themes.scss 9:1     @use
  node_modules/@carbon/styles/scss/theme/_theme.scss 12:1      @use
  node_modules/@carbon/styles/scss/layer/_layer-sets.scss 9:1  @forward
  node_modules/@carbon/styles/scss/_layer.scss 8:1             @forward
  packages/carbon-components-react/scss/_layer.scss 9:1        @use
  stdin 2:1                                                    root stylesheet]
    at expect (/Users/chrisvelgersdyk/Desktop/carbon-coverall/carbon-coverall-poc/node_modules/expect/build/index.js:128:15)
    at Object.expect (/Users/chrisvelgersdyk/Desktop/carbon-coverall/carbon-coverall-poc/packages/carbon-components-react/__tests__/scss-test.js:24:13)
    at Promise.then.completed (/Users/chrisvelgersdyk/Desktop/carbon-coverall/carbon-coverall-poc/node_modules/jest-circus/build/utils.js:333:28)
    at new Promise (&lt;anonymous&gt;)
    at callAsyncCircusFn (/Users/chrisvelgersdyk/Desktop/carbon-coverall/carbon-coverall-poc/node_modules/jest-circus/build/utils.js:259:10)
    at _callCircusTest (/Users/chrisvelgersdyk/Desktop/carbon-coverall/carbon-coverall-poc/node_modules/jest-circus/build/run.js:276:40)
    at processTicksAndRejections (node:internal/process/task_queues:95:5)
    at _runTest (/Users/chrisvelgersdyk/Desktop/carbon-coverall/carbon-coverall-poc/node_modules/jest-circus/build/run.js:208:3)
    at _runTestsForDescribeBlock (/Users/chrisvelgersdyk/Desktop/carbon-coverall/carbon-coverall-poc/node_modules/jest-circus/build/run.js:96:9)
    at _runTestsForDescribeBlock (/Users/chrisvelgersdyk/Desktop/carbon-coverall/carbon-coverall-poc/node_modules/jest-circus/build/run.js:90:9)</failure>
    </testcase>
    <testcase classname="@carbon/react/scss scss/layout should be importable" name="@carbon/react/scss scss/layout should be importable" time="0.038">
      <failure>Error: expect(received).resolves.toBeDefined()

Received promise rejected instead of resolved
Rejected to value: [Error: Can&apos;t find stylesheet to import.
  ╷
8 │ @forward &apos;./generated/fluid-spacing&apos;;
  │ ^^^^^^^^^^^^^^^^^^^^^^^^^^^^^^^^^^^^
  ╵
  node_modules/@carbon/layout/scss/_spacing.scss 8:1      @forward
  node_modules/@carbon/styles/scss/_spacing.scss 8:1      @use
  node_modules/@carbon/styles/scss/_layout.scss 14:1      @forward
  packages/carbon-components-react/scss/_layout.scss 9:1  @use
  stdin 2:1                                               root stylesheet]
    at expect (/Users/chrisvelgersdyk/Desktop/carbon-coverall/carbon-coverall-poc/node_modules/expect/build/index.js:128:15)
    at Object.expect (/Users/chrisvelgersdyk/Desktop/carbon-coverall/carbon-coverall-poc/packages/carbon-components-react/__tests__/scss-test.js:24:13)
    at Promise.then.completed (/Users/chrisvelgersdyk/Desktop/carbon-coverall/carbon-coverall-poc/node_modules/jest-circus/build/utils.js:333:28)
    at new Promise (&lt;anonymous&gt;)
    at callAsyncCircusFn (/Users/chrisvelgersdyk/Desktop/carbon-coverall/carbon-coverall-poc/node_modules/jest-circus/build/utils.js:259:10)
    at _callCircusTest (/Users/chrisvelgersdyk/Desktop/carbon-coverall/carbon-coverall-poc/node_modules/jest-circus/build/run.js:276:40)
    at processTicksAndRejections (node:internal/process/task_queues:95:5)
    at _runTest (/Users/chrisvelgersdyk/Desktop/carbon-coverall/carbon-coverall-poc/node_modules/jest-circus/build/run.js:208:3)
    at _runTestsForDescribeBlock (/Users/chrisvelgersdyk/Desktop/carbon-coverall/carbon-coverall-poc/node_modules/jest-circus/build/run.js:96:9)
    at _runTestsForDescribeBlock (/Users/chrisvelgersdyk/Desktop/carbon-coverall/carbon-coverall-poc/node_modules/jest-circus/build/run.js:90:9)</failure>
    </testcase>
    <testcase classname="@carbon/react/scss scss/motion should be importable" name="@carbon/react/scss scss/motion should be importable" time="0.014">
    </testcase>
    <testcase classname="@carbon/react/scss scss/reset should be importable" name="@carbon/react/scss scss/reset should be importable" time="0.011">
      <failure>Error: expect(received).resolves.toBeDefined()

Received promise rejected instead of resolved
Rejected to value: [Error: Can&apos;t find stylesheet to import.
  ╷
9 │ @use &apos;scss/generated/feature-flags&apos;;
  │ ^^^^^^^^^^^^^^^^^^^^^^^^^^^^^^^^^^^
  ╵
  node_modules/@carbon/feature-flags/index.scss 9:1         @forward
  node_modules/@carbon/styles/scss/_feature-flags.scss 8:1  @use
  node_modules/@carbon/styles/scss/type/_index.scss 8:1     @use
  node_modules/@carbon/styles/scss/_reset.scss 9:1          @forward
  packages/carbon-components-react/scss/_reset.scss 9:1     @use
  stdin 2:1                                                 root stylesheet]
    at expect (/Users/chrisvelgersdyk/Desktop/carbon-coverall/carbon-coverall-poc/node_modules/expect/build/index.js:128:15)
    at Object.expect (/Users/chrisvelgersdyk/Desktop/carbon-coverall/carbon-coverall-poc/packages/carbon-components-react/__tests__/scss-test.js:24:13)
    at Promise.then.completed (/Users/chrisvelgersdyk/Desktop/carbon-coverall/carbon-coverall-poc/node_modules/jest-circus/build/utils.js:333:28)
    at new Promise (&lt;anonymous&gt;)
    at callAsyncCircusFn (/Users/chrisvelgersdyk/Desktop/carbon-coverall/carbon-coverall-poc/node_modules/jest-circus/build/utils.js:259:10)
    at _callCircusTest (/Users/chrisvelgersdyk/Desktop/carbon-coverall/carbon-coverall-poc/node_modules/jest-circus/build/run.js:276:40)
    at processTicksAndRejections (node:internal/process/task_queues:95:5)
    at _runTest (/Users/chrisvelgersdyk/Desktop/carbon-coverall/carbon-coverall-poc/node_modules/jest-circus/build/run.js:208:3)
    at _runTestsForDescribeBlock (/Users/chrisvelgersdyk/Desktop/carbon-coverall/carbon-coverall-poc/node_modules/jest-circus/build/run.js:96:9)
    at _runTestsForDescribeBlock (/Users/chrisvelgersdyk/Desktop/carbon-coverall/carbon-coverall-poc/node_modules/jest-circus/build/run.js:90:9)</failure>
    </testcase>
    <testcase classname="@carbon/react/scss scss/spacing should be importable" name="@carbon/react/scss scss/spacing should be importable" time="0.003">
      <failure>Error: expect(received).resolves.toBeDefined()

Received promise rejected instead of resolved
Rejected to value: [Error: Can&apos;t find stylesheet to import.
  ╷
8 │ @forward &apos;./generated/fluid-spacing&apos;;
  │ ^^^^^^^^^^^^^^^^^^^^^^^^^^^^^^^^^^^^
  ╵
  node_modules/@carbon/layout/scss/_spacing.scss 8:1       @forward
  node_modules/@carbon/styles/scss/_spacing.scss 8:1       @forward
  packages/carbon-components-react/scss/_spacing.scss 9:1  @use
  stdin 2:1                                                root stylesheet]
    at expect (/Users/chrisvelgersdyk/Desktop/carbon-coverall/carbon-coverall-poc/node_modules/expect/build/index.js:128:15)
    at Object.expect (/Users/chrisvelgersdyk/Desktop/carbon-coverall/carbon-coverall-poc/packages/carbon-components-react/__tests__/scss-test.js:24:13)
    at Promise.then.completed (/Users/chrisvelgersdyk/Desktop/carbon-coverall/carbon-coverall-poc/node_modules/jest-circus/build/utils.js:333:28)
    at new Promise (&lt;anonymous&gt;)
    at callAsyncCircusFn (/Users/chrisvelgersdyk/Desktop/carbon-coverall/carbon-coverall-poc/node_modules/jest-circus/build/utils.js:259:10)
    at _callCircusTest (/Users/chrisvelgersdyk/Desktop/carbon-coverall/carbon-coverall-poc/node_modules/jest-circus/build/run.js:276:40)
    at processTicksAndRejections (node:internal/process/task_queues:95:5)
    at _runTest (/Users/chrisvelgersdyk/Desktop/carbon-coverall/carbon-coverall-poc/node_modules/jest-circus/build/run.js:208:3)
    at _runTestsForDescribeBlock (/Users/chrisvelgersdyk/Desktop/carbon-coverall/carbon-coverall-poc/node_modules/jest-circus/build/run.js:96:9)
    at _runTestsForDescribeBlock (/Users/chrisvelgersdyk/Desktop/carbon-coverall/carbon-coverall-poc/node_modules/jest-circus/build/run.js:90:9)</failure>
    </testcase>
    <testcase classname="@carbon/react/scss scss/theme should be importable" name="@carbon/react/scss scss/theme should be importable" time="0.006">
      <failure>Error: expect(received).resolves.toBeDefined()

Received promise rejected instead of resolved
Rejected to value: [Error: Can&apos;t find stylesheet to import.
  ╷
8 │ @forward &apos;generated/themes&apos;;
  │ ^^^^^^^^^^^^^^^^^^^^^^^^^^^
  ╵
  node_modules/@carbon/themes/scss/compat/_themes.scss 8:1  @use
  node_modules/@carbon/styles/scss/compat/_themes.scss 9:1  @use
  node_modules/@carbon/styles/scss/theme/_theme.scss 12:1   @forward
  node_modules/@carbon/styles/scss/_theme.scss 8:1          @forward
  packages/carbon-components-react/scss/_theme.scss 9:1     @use
  stdin 2:1                                                 root stylesheet]
    at expect (/Users/chrisvelgersdyk/Desktop/carbon-coverall/carbon-coverall-poc/node_modules/expect/build/index.js:128:15)
    at Object.expect (/Users/chrisvelgersdyk/Desktop/carbon-coverall/carbon-coverall-poc/packages/carbon-components-react/__tests__/scss-test.js:24:13)
    at Promise.then.completed (/Users/chrisvelgersdyk/Desktop/carbon-coverall/carbon-coverall-poc/node_modules/jest-circus/build/utils.js:333:28)
    at new Promise (&lt;anonymous&gt;)
    at callAsyncCircusFn (/Users/chrisvelgersdyk/Desktop/carbon-coverall/carbon-coverall-poc/node_modules/jest-circus/build/utils.js:259:10)
    at _callCircusTest (/Users/chrisvelgersdyk/Desktop/carbon-coverall/carbon-coverall-poc/node_modules/jest-circus/build/run.js:276:40)
    at processTicksAndRejections (node:internal/process/task_queues:95:5)
    at _runTest (/Users/chrisvelgersdyk/Desktop/carbon-coverall/carbon-coverall-poc/node_modules/jest-circus/build/run.js:208:3)
    at _runTestsForDescribeBlock (/Users/chrisvelgersdyk/Desktop/carbon-coverall/carbon-coverall-poc/node_modules/jest-circus/build/run.js:96:9)
    at _runTestsForDescribeBlock (/Users/chrisvelgersdyk/Desktop/carbon-coverall/carbon-coverall-poc/node_modules/jest-circus/build/run.js:90:9)</failure>
    </testcase>
    <testcase classname="@carbon/react/scss scss/themes should be importable" name="@carbon/react/scss scss/themes should be importable" time="0.01">
      <failure>Error: expect(received).resolves.toBeDefined()

Received promise rejected instead of resolved
Rejected to value: [Error: Can&apos;t find stylesheet to import.
  ╷
8 │ @forward &apos;generated/themes&apos;;
  │ ^^^^^^^^^^^^^^^^^^^^^^^^^^^
  ╵
  node_modules/@carbon/themes/scss/_themes.scss 8:1       @forward
  node_modules/@carbon/styles/scss/_themes.scss 9:1       @forward
  packages/carbon-components-react/scss/_themes.scss 9:1  @use
  stdin 2:1                                               root stylesheet]
    at expect (/Users/chrisvelgersdyk/Desktop/carbon-coverall/carbon-coverall-poc/node_modules/expect/build/index.js:128:15)
    at Object.expect (/Users/chrisvelgersdyk/Desktop/carbon-coverall/carbon-coverall-poc/packages/carbon-components-react/__tests__/scss-test.js:24:13)
    at Promise.then.completed (/Users/chrisvelgersdyk/Desktop/carbon-coverall/carbon-coverall-poc/node_modules/jest-circus/build/utils.js:333:28)
    at new Promise (&lt;anonymous&gt;)
    at callAsyncCircusFn (/Users/chrisvelgersdyk/Desktop/carbon-coverall/carbon-coverall-poc/node_modules/jest-circus/build/utils.js:259:10)
    at _callCircusTest (/Users/chrisvelgersdyk/Desktop/carbon-coverall/carbon-coverall-poc/node_modules/jest-circus/build/run.js:276:40)
    at processTicksAndRejections (node:internal/process/task_queues:95:5)
    at _runTest (/Users/chrisvelgersdyk/Desktop/carbon-coverall/carbon-coverall-poc/node_modules/jest-circus/build/run.js:208:3)
    at _runTestsForDescribeBlock (/Users/chrisvelgersdyk/Desktop/carbon-coverall/carbon-coverall-poc/node_modules/jest-circus/build/run.js:96:9)
    at _runTestsForDescribeBlock (/Users/chrisvelgersdyk/Desktop/carbon-coverall/carbon-coverall-poc/node_modules/jest-circus/build/run.js:90:9)</failure>
    </testcase>
    <testcase classname="@carbon/react/scss scss/zone should be importable" name="@carbon/react/scss scss/zone should be importable" time="0.011">
      <failure>Error: expect(received).resolves.toBeDefined()

Received promise rejected instead of resolved
Rejected to value: [Error: Can&apos;t find stylesheet to import.
  ╷
8 │ @forward &apos;generated/themes&apos;;
  │ ^^^^^^^^^^^^^^^^^^^^^^^^^^^
  ╵
  node_modules/@carbon/themes/scss/_themes.scss 8:1     @forward
  node_modules/@carbon/styles/scss/_themes.scss 9:1     @use
  node_modules/@carbon/styles/scss/_zone.scss 11:1      @forward
  packages/carbon-components-react/scss/_zone.scss 9:1  @use
  stdin 2:1                                             root stylesheet]
    at expect (/Users/chrisvelgersdyk/Desktop/carbon-coverall/carbon-coverall-poc/node_modules/expect/build/index.js:128:15)
    at Object.expect (/Users/chrisvelgersdyk/Desktop/carbon-coverall/carbon-coverall-poc/packages/carbon-components-react/__tests__/scss-test.js:24:13)
    at Promise.then.completed (/Users/chrisvelgersdyk/Desktop/carbon-coverall/carbon-coverall-poc/node_modules/jest-circus/build/utils.js:333:28)
    at new Promise (&lt;anonymous&gt;)
    at callAsyncCircusFn (/Users/chrisvelgersdyk/Desktop/carbon-coverall/carbon-coverall-poc/node_modules/jest-circus/build/utils.js:259:10)
    at _callCircusTest (/Users/chrisvelgersdyk/Desktop/carbon-coverall/carbon-coverall-poc/node_modules/jest-circus/build/run.js:276:40)
    at processTicksAndRejections (node:internal/process/task_queues:95:5)
    at _runTest (/Users/chrisvelgersdyk/Desktop/carbon-coverall/carbon-coverall-poc/node_modules/jest-circus/build/run.js:208:3)
    at _runTestsForDescribeBlock (/Users/chrisvelgersdyk/Desktop/carbon-coverall/carbon-coverall-poc/node_modules/jest-circus/build/run.js:96:9)
    at _runTestsForDescribeBlock (/Users/chrisvelgersdyk/Desktop/carbon-coverall/carbon-coverall-poc/node_modules/jest-circus/build/run.js:90:9)</failure>
    </testcase>
    <testcase classname="@carbon/react/scss scss/compat/theme should be importable" name="@carbon/react/scss scss/compat/theme should be importable" time="0.014">
      <failure>Error: expect(received).resolves.toBeDefined()

Received promise rejected instead of resolved
Rejected to value: [Error: Can&apos;t find stylesheet to import.
  ╷
8 │ @forward &apos;generated/themes&apos;;
  │ ^^^^^^^^^^^^^^^^^^^^^^^^^^^
  ╵
  node_modules/@carbon/themes/scss/compat/_themes.scss 8:1      @use
  node_modules/@carbon/styles/scss/compat/_themes.scss 9:1      @use
  node_modules/@carbon/styles/scss/theme/_theme.scss 12:1       @forward
  node_modules/@carbon/styles/scss/_theme.scss 8:1              @forward
  node_modules/@carbon/styles/scss/compat/_theme.scss 8:1       @forward
  packages/carbon-components-react/scss/compat/_theme.scss 9:1  @use
  stdin 2:1                                                     root stylesheet]
    at expect (/Users/chrisvelgersdyk/Desktop/carbon-coverall/carbon-coverall-poc/node_modules/expect/build/index.js:128:15)
    at Object.expect (/Users/chrisvelgersdyk/Desktop/carbon-coverall/carbon-coverall-poc/packages/carbon-components-react/__tests__/scss-test.js:24:13)
    at Promise.then.completed (/Users/chrisvelgersdyk/Desktop/carbon-coverall/carbon-coverall-poc/node_modules/jest-circus/build/utils.js:333:28)
    at new Promise (&lt;anonymous&gt;)
    at callAsyncCircusFn (/Users/chrisvelgersdyk/Desktop/carbon-coverall/carbon-coverall-poc/node_modules/jest-circus/build/utils.js:259:10)
    at _callCircusTest (/Users/chrisvelgersdyk/Desktop/carbon-coverall/carbon-coverall-poc/node_modules/jest-circus/build/run.js:276:40)
    at processTicksAndRejections (node:internal/process/task_queues:95:5)
    at _runTest (/Users/chrisvelgersdyk/Desktop/carbon-coverall/carbon-coverall-poc/node_modules/jest-circus/build/run.js:208:3)
    at _runTestsForDescribeBlock (/Users/chrisvelgersdyk/Desktop/carbon-coverall/carbon-coverall-poc/node_modules/jest-circus/build/run.js:96:9)
    at _runTestsForDescribeBlock (/Users/chrisvelgersdyk/Desktop/carbon-coverall/carbon-coverall-poc/node_modules/jest-circus/build/run.js:90:9)</failure>
    </testcase>
    <testcase classname="@carbon/react/scss scss/compat/themes should be importable" name="@carbon/react/scss scss/compat/themes should be importable" time="0.002">
      <failure>Error: expect(received).resolves.toBeDefined()

Received promise rejected instead of resolved
Rejected to value: [Error: Can&apos;t find stylesheet to import.
  ╷
8 │ @forward &apos;generated/themes&apos;;
  │ ^^^^^^^^^^^^^^^^^^^^^^^^^^^
  ╵
  node_modules/@carbon/themes/scss/compat/_themes.scss 8:1       @use
  node_modules/@carbon/styles/scss/compat/_themes.scss 9:1       @forward
  packages/carbon-components-react/scss/compat/_themes.scss 9:1  @use
  stdin 2:1                                                      root stylesheet]
    at expect (/Users/chrisvelgersdyk/Desktop/carbon-coverall/carbon-coverall-poc/node_modules/expect/build/index.js:128:15)
    at Object.expect (/Users/chrisvelgersdyk/Desktop/carbon-coverall/carbon-coverall-poc/packages/carbon-components-react/__tests__/scss-test.js:24:13)
    at Promise.then.completed (/Users/chrisvelgersdyk/Desktop/carbon-coverall/carbon-coverall-poc/node_modules/jest-circus/build/utils.js:333:28)
    at new Promise (&lt;anonymous&gt;)
    at callAsyncCircusFn (/Users/chrisvelgersdyk/Desktop/carbon-coverall/carbon-coverall-poc/node_modules/jest-circus/build/utils.js:259:10)
    at _callCircusTest (/Users/chrisvelgersdyk/Desktop/carbon-coverall/carbon-coverall-poc/node_modules/jest-circus/build/run.js:276:40)
    at processTicksAndRejections (node:internal/process/task_queues:95:5)
    at _runTest (/Users/chrisvelgersdyk/Desktop/carbon-coverall/carbon-coverall-poc/node_modules/jest-circus/build/run.js:208:3)
    at _runTestsForDescribeBlock (/Users/chrisvelgersdyk/Desktop/carbon-coverall/carbon-coverall-poc/node_modules/jest-circus/build/run.js:96:9)
    at _runTestsForDescribeBlock (/Users/chrisvelgersdyk/Desktop/carbon-coverall/carbon-coverall-poc/node_modules/jest-circus/build/run.js:90:9)</failure>
    </testcase>
    <testcase classname="@carbon/react/scss scss/components should be importable" name="@carbon/react/scss scss/components should be importable" time="0.025">
      <failure>Error: expect(received).resolves.toBeDefined()

Received promise rejected instead of resolved
Rejected to value: [Error: Can&apos;t find stylesheet to import.
  ╷
8 │ @forward &apos;generated/themes&apos;;
  │ ^^^^^^^^^^^^^^^^^^^^^^^^^^^
  ╵
  node_modules/@carbon/themes/scss/compat/_themes.scss 8:1                    @use
  node_modules/@carbon/styles/scss/compat/_themes.scss 9:1                    @use
  node_modules/@carbon/styles/scss/theme/_theme.scss 12:1                     @forward
  node_modules/@carbon/styles/scss/_theme.scss 8:1                            @use
  node_modules/@carbon/styles/scss/components/accordion/_accordion.scss 11:1  @forward
  node_modules/@carbon/styles/scss/components/accordion/_index.scss 8:1       @use
  node_modules/@carbon/styles/scss/components/_index.scss 8:1                 @forward
  packages/carbon-components-react/scss/components/_index.scss 9:1            @use
  stdin 2:1                                                                   root stylesheet]
    at expect (/Users/chrisvelgersdyk/Desktop/carbon-coverall/carbon-coverall-poc/node_modules/expect/build/index.js:128:15)
    at Object.expect (/Users/chrisvelgersdyk/Desktop/carbon-coverall/carbon-coverall-poc/packages/carbon-components-react/__tests__/scss-test.js:24:13)
    at Promise.then.completed (/Users/chrisvelgersdyk/Desktop/carbon-coverall/carbon-coverall-poc/node_modules/jest-circus/build/utils.js:333:28)
    at new Promise (&lt;anonymous&gt;)
    at callAsyncCircusFn (/Users/chrisvelgersdyk/Desktop/carbon-coverall/carbon-coverall-poc/node_modules/jest-circus/build/utils.js:259:10)
    at _callCircusTest (/Users/chrisvelgersdyk/Desktop/carbon-coverall/carbon-coverall-poc/node_modules/jest-circus/build/run.js:276:40)
    at processTicksAndRejections (node:internal/process/task_queues:95:5)
    at _runTest (/Users/chrisvelgersdyk/Desktop/carbon-coverall/carbon-coverall-poc/node_modules/jest-circus/build/run.js:208:3)
    at _runTestsForDescribeBlock (/Users/chrisvelgersdyk/Desktop/carbon-coverall/carbon-coverall-poc/node_modules/jest-circus/build/run.js:96:9)
    at _runTestsForDescribeBlock (/Users/chrisvelgersdyk/Desktop/carbon-coverall/carbon-coverall-poc/node_modules/jest-circus/build/run.js:90:9)</failure>
    </testcase>
    <testcase classname="@carbon/react/scss scss/components/accordion/accordion should be importable" name="@carbon/react/scss scss/components/accordion/accordion should be importable" time="0.047">
      <failure>Error: expect(received).resolves.toBeDefined()

Received promise rejected instead of resolved
Rejected to value: [Error: Can&apos;t find stylesheet to import.
  ╷
8 │ @forward &apos;generated/themes&apos;;
  │ ^^^^^^^^^^^^^^^^^^^^^^^^^^^
  ╵
  node_modules/@carbon/themes/scss/compat/_themes.scss 8:1                        @use
  node_modules/@carbon/styles/scss/compat/_themes.scss 9:1                        @use
  node_modules/@carbon/styles/scss/theme/_theme.scss 12:1                         @forward
  node_modules/@carbon/styles/scss/_theme.scss 8:1                                @use
  node_modules/@carbon/styles/scss/components/accordion/_accordion.scss 11:1      @forward
  packages/carbon-components-react/scss/components/accordion/_accordion.scss 9:1  @use
  stdin 2:1                                                                       root stylesheet]
    at expect (/Users/chrisvelgersdyk/Desktop/carbon-coverall/carbon-coverall-poc/node_modules/expect/build/index.js:128:15)
    at Object.expect (/Users/chrisvelgersdyk/Desktop/carbon-coverall/carbon-coverall-poc/packages/carbon-components-react/__tests__/scss-test.js:24:13)
    at Promise.then.completed (/Users/chrisvelgersdyk/Desktop/carbon-coverall/carbon-coverall-poc/node_modules/jest-circus/build/utils.js:333:28)
    at new Promise (&lt;anonymous&gt;)
    at callAsyncCircusFn (/Users/chrisvelgersdyk/Desktop/carbon-coverall/carbon-coverall-poc/node_modules/jest-circus/build/utils.js:259:10)
    at _callCircusTest (/Users/chrisvelgersdyk/Desktop/carbon-coverall/carbon-coverall-poc/node_modules/jest-circus/build/run.js:276:40)
    at processTicksAndRejections (node:internal/process/task_queues:95:5)
    at _runTest (/Users/chrisvelgersdyk/Desktop/carbon-coverall/carbon-coverall-poc/node_modules/jest-circus/build/run.js:208:3)
    at _runTestsForDescribeBlock (/Users/chrisvelgersdyk/Desktop/carbon-coverall/carbon-coverall-poc/node_modules/jest-circus/build/run.js:96:9)
    at _runTestsForDescribeBlock (/Users/chrisvelgersdyk/Desktop/carbon-coverall/carbon-coverall-poc/node_modules/jest-circus/build/run.js:90:9)</failure>
    </testcase>
    <testcase classname="@carbon/react/scss scss/components/accordion should be importable" name="@carbon/react/scss scss/components/accordion should be importable" time="0.08">
      <failure>Error: expect(received).resolves.toBeDefined()

Received promise rejected instead of resolved
Rejected to value: [Error: Can&apos;t find stylesheet to import.
  ╷
8 │ @forward &apos;generated/themes&apos;;
  │ ^^^^^^^^^^^^^^^^^^^^^^^^^^^
  ╵
  node_modules/@carbon/themes/scss/compat/_themes.scss 8:1                    @use
  node_modules/@carbon/styles/scss/compat/_themes.scss 9:1                    @use
  node_modules/@carbon/styles/scss/theme/_theme.scss 12:1                     @forward
  node_modules/@carbon/styles/scss/_theme.scss 8:1                            @use
  node_modules/@carbon/styles/scss/components/accordion/_accordion.scss 11:1  @forward
  node_modules/@carbon/styles/scss/components/accordion/_index.scss 8:1       @forward
  packages/carbon-components-react/scss/components/accordion/_index.scss 9:1  @use
  stdin 2:1                                                                   root stylesheet]
    at expect (/Users/chrisvelgersdyk/Desktop/carbon-coverall/carbon-coverall-poc/node_modules/expect/build/index.js:128:15)
    at Object.expect (/Users/chrisvelgersdyk/Desktop/carbon-coverall/carbon-coverall-poc/packages/carbon-components-react/__tests__/scss-test.js:24:13)
    at Promise.then.completed (/Users/chrisvelgersdyk/Desktop/carbon-coverall/carbon-coverall-poc/node_modules/jest-circus/build/utils.js:333:28)
    at new Promise (&lt;anonymous&gt;)
    at callAsyncCircusFn (/Users/chrisvelgersdyk/Desktop/carbon-coverall/carbon-coverall-poc/node_modules/jest-circus/build/utils.js:259:10)
    at _callCircusTest (/Users/chrisvelgersdyk/Desktop/carbon-coverall/carbon-coverall-poc/node_modules/jest-circus/build/run.js:276:40)
    at processTicksAndRejections (node:internal/process/task_queues:95:5)
    at _runTest (/Users/chrisvelgersdyk/Desktop/carbon-coverall/carbon-coverall-poc/node_modules/jest-circus/build/run.js:208:3)
    at _runTestsForDescribeBlock (/Users/chrisvelgersdyk/Desktop/carbon-coverall/carbon-coverall-poc/node_modules/jest-circus/build/run.js:96:9)
    at _runTestsForDescribeBlock (/Users/chrisvelgersdyk/Desktop/carbon-coverall/carbon-coverall-poc/node_modules/jest-circus/build/run.js:90:9)</failure>
    </testcase>
    <testcase classname="@carbon/react/scss scss/components/ai-label/ai-label should be importable" name="@carbon/react/scss scss/components/ai-label/ai-label should be importable" time="0.051">
      <failure>Error: expect(received).resolves.toBeDefined()

Received promise rejected instead of resolved
Rejected to value: [Error: Can&apos;t find stylesheet to import.
  ╷
8 │ @forward &apos;@carbon/colors&apos;;
  │ ^^^^^^^^^^^^^^^^^^^^^^^^^
  ╵
  node_modules/@carbon/styles/scss/_colors.scss 8:1                             @use
  node_modules/@carbon/styles/scss/components/slug/_slug.scss 9:1               @forward
  node_modules/@carbon/styles/scss/components/slug/_index.scss 8:1              @use
  node_modules/@carbon/styles/scss/components/ai-label/_ai-label.scss 11:1      @forward
  packages/carbon-components-react/scss/components/ai-label/_ai-label.scss 9:1  @use
  stdin 2:1                                                                     root stylesheet]
    at expect (/Users/chrisvelgersdyk/Desktop/carbon-coverall/carbon-coverall-poc/node_modules/expect/build/index.js:128:15)
    at Object.expect (/Users/chrisvelgersdyk/Desktop/carbon-coverall/carbon-coverall-poc/packages/carbon-components-react/__tests__/scss-test.js:24:13)
    at Promise.then.completed (/Users/chrisvelgersdyk/Desktop/carbon-coverall/carbon-coverall-poc/node_modules/jest-circus/build/utils.js:333:28)
    at new Promise (&lt;anonymous&gt;)
    at callAsyncCircusFn (/Users/chrisvelgersdyk/Desktop/carbon-coverall/carbon-coverall-poc/node_modules/jest-circus/build/utils.js:259:10)
    at _callCircusTest (/Users/chrisvelgersdyk/Desktop/carbon-coverall/carbon-coverall-poc/node_modules/jest-circus/build/run.js:276:40)
    at processTicksAndRejections (node:internal/process/task_queues:95:5)
    at _runTest (/Users/chrisvelgersdyk/Desktop/carbon-coverall/carbon-coverall-poc/node_modules/jest-circus/build/run.js:208:3)
    at _runTestsForDescribeBlock (/Users/chrisvelgersdyk/Desktop/carbon-coverall/carbon-coverall-poc/node_modules/jest-circus/build/run.js:96:9)
    at _runTestsForDescribeBlock (/Users/chrisvelgersdyk/Desktop/carbon-coverall/carbon-coverall-poc/node_modules/jest-circus/build/run.js:90:9)</failure>
    </testcase>
    <testcase classname="@carbon/react/scss scss/components/ai-label should be importable" name="@carbon/react/scss scss/components/ai-label should be importable" time="0.049">
      <failure>Error: expect(received).resolves.toBeDefined()

Received promise rejected instead of resolved
Rejected to value: [Error: Can&apos;t find stylesheet to import.
  ╷
8 │ @forward &apos;@carbon/colors&apos;;
  │ ^^^^^^^^^^^^^^^^^^^^^^^^^
  ╵
  node_modules/@carbon/styles/scss/_colors.scss 8:1                          @use
  node_modules/@carbon/styles/scss/components/slug/_slug.scss 9:1            @forward
  node_modules/@carbon/styles/scss/components/slug/_index.scss 8:1           @use
  node_modules/@carbon/styles/scss/components/ai-label/_ai-label.scss 11:1   @forward
  node_modules/@carbon/styles/scss/components/ai-label/_index.scss 8:1       @forward
  packages/carbon-components-react/scss/components/ai-label/_index.scss 9:1  @use
  stdin 2:1                                                                  root stylesheet]
    at expect (/Users/chrisvelgersdyk/Desktop/carbon-coverall/carbon-coverall-poc/node_modules/expect/build/index.js:128:15)
    at Object.expect (/Users/chrisvelgersdyk/Desktop/carbon-coverall/carbon-coverall-poc/packages/carbon-components-react/__tests__/scss-test.js:24:13)
    at Promise.then.completed (/Users/chrisvelgersdyk/Desktop/carbon-coverall/carbon-coverall-poc/node_modules/jest-circus/build/utils.js:333:28)
    at new Promise (&lt;anonymous&gt;)
    at callAsyncCircusFn (/Users/chrisvelgersdyk/Desktop/carbon-coverall/carbon-coverall-poc/node_modules/jest-circus/build/utils.js:259:10)
    at _callCircusTest (/Users/chrisvelgersdyk/Desktop/carbon-coverall/carbon-coverall-poc/node_modules/jest-circus/build/run.js:276:40)
    at processTicksAndRejections (node:internal/process/task_queues:95:5)
    at _runTest (/Users/chrisvelgersdyk/Desktop/carbon-coverall/carbon-coverall-poc/node_modules/jest-circus/build/run.js:208:3)
    at _runTestsForDescribeBlock (/Users/chrisvelgersdyk/Desktop/carbon-coverall/carbon-coverall-poc/node_modules/jest-circus/build/run.js:96:9)
    at _runTestsForDescribeBlock (/Users/chrisvelgersdyk/Desktop/carbon-coverall/carbon-coverall-poc/node_modules/jest-circus/build/run.js:90:9)</failure>
    </testcase>
    <testcase classname="@carbon/react/scss scss/components/aspect-ratio/aspect-ratio should be importable" name="@carbon/react/scss scss/components/aspect-ratio/aspect-ratio should be importable" time="0.011">
    </testcase>
    <testcase classname="@carbon/react/scss scss/components/aspect-ratio should be importable" name="@carbon/react/scss scss/components/aspect-ratio should be importable" time="0.018">
    </testcase>
    <testcase classname="@carbon/react/scss scss/components/badge-indicator/badge-indicator should be importable" name="@carbon/react/scss scss/components/badge-indicator/badge-indicator should be importable" time="0.008">
      <failure>Error: expect(received).resolves.toBeDefined()

Received promise rejected instead of resolved
Rejected to value: [Error: Can&apos;t find stylesheet to import.
  ╷
8 │ @forward &apos;./generated/fluid-spacing&apos;;
  │ ^^^^^^^^^^^^^^^^^^^^^^^^^^^^^^^^^^^^
  ╵
  node_modules/@carbon/layout/scss/_spacing.scss 8:1                                          @forward
  node_modules/@carbon/styles/scss/_spacing.scss 8:1                                          @use
  node_modules/@carbon/styles/scss/components/badge-indicator/_badge-indicator.scss 13:1      @forward
  packages/carbon-components-react/scss/components/badge-indicator/_badge-indicator.scss 9:1  @use
  stdin 2:1                                                                                   root stylesheet]
    at expect (/Users/chrisvelgersdyk/Desktop/carbon-coverall/carbon-coverall-poc/node_modules/expect/build/index.js:128:15)
    at Object.expect (/Users/chrisvelgersdyk/Desktop/carbon-coverall/carbon-coverall-poc/packages/carbon-components-react/__tests__/scss-test.js:24:13)
    at Promise.then.completed (/Users/chrisvelgersdyk/Desktop/carbon-coverall/carbon-coverall-poc/node_modules/jest-circus/build/utils.js:333:28)
    at new Promise (&lt;anonymous&gt;)
    at callAsyncCircusFn (/Users/chrisvelgersdyk/Desktop/carbon-coverall/carbon-coverall-poc/node_modules/jest-circus/build/utils.js:259:10)
    at _callCircusTest (/Users/chrisvelgersdyk/Desktop/carbon-coverall/carbon-coverall-poc/node_modules/jest-circus/build/run.js:276:40)
    at processTicksAndRejections (node:internal/process/task_queues:95:5)
    at _runTest (/Users/chrisvelgersdyk/Desktop/carbon-coverall/carbon-coverall-poc/node_modules/jest-circus/build/run.js:208:3)
    at _runTestsForDescribeBlock (/Users/chrisvelgersdyk/Desktop/carbon-coverall/carbon-coverall-poc/node_modules/jest-circus/build/run.js:96:9)
    at _runTestsForDescribeBlock (/Users/chrisvelgersdyk/Desktop/carbon-coverall/carbon-coverall-poc/node_modules/jest-circus/build/run.js:90:9)</failure>
    </testcase>
    <testcase classname="@carbon/react/scss scss/components/badge-indicator should be importable" name="@carbon/react/scss scss/components/badge-indicator should be importable" time="0.006">
      <failure>Error: expect(received).resolves.toBeDefined()

Received promise rejected instead of resolved
Rejected to value: [Error: Can&apos;t find stylesheet to import.
  ╷
8 │ @forward &apos;./generated/fluid-spacing&apos;;
  │ ^^^^^^^^^^^^^^^^^^^^^^^^^^^^^^^^^^^^
  ╵
  node_modules/@carbon/layout/scss/_spacing.scss 8:1                                      @forward
  node_modules/@carbon/styles/scss/_spacing.scss 8:1                                      @use
  node_modules/@carbon/styles/scss/components/badge-indicator/_badge-indicator.scss 13:1  @forward
  node_modules/@carbon/styles/scss/components/badge-indicator/_index.scss 8:1             @forward
  packages/carbon-components-react/scss/components/badge-indicator/_index.scss 9:1        @use
  stdin 2:1                                                                               root stylesheet]
    at expect (/Users/chrisvelgersdyk/Desktop/carbon-coverall/carbon-coverall-poc/node_modules/expect/build/index.js:128:15)
    at Object.expect (/Users/chrisvelgersdyk/Desktop/carbon-coverall/carbon-coverall-poc/packages/carbon-components-react/__tests__/scss-test.js:24:13)
    at Promise.then.completed (/Users/chrisvelgersdyk/Desktop/carbon-coverall/carbon-coverall-poc/node_modules/jest-circus/build/utils.js:333:28)
    at new Promise (&lt;anonymous&gt;)
    at callAsyncCircusFn (/Users/chrisvelgersdyk/Desktop/carbon-coverall/carbon-coverall-poc/node_modules/jest-circus/build/utils.js:259:10)
    at _callCircusTest (/Users/chrisvelgersdyk/Desktop/carbon-coverall/carbon-coverall-poc/node_modules/jest-circus/build/run.js:276:40)
    at processTicksAndRejections (node:internal/process/task_queues:95:5)
    at _runTest (/Users/chrisvelgersdyk/Desktop/carbon-coverall/carbon-coverall-poc/node_modules/jest-circus/build/run.js:208:3)
    at _runTestsForDescribeBlock (/Users/chrisvelgersdyk/Desktop/carbon-coverall/carbon-coverall-poc/node_modules/jest-circus/build/run.js:96:9)
    at _runTestsForDescribeBlock (/Users/chrisvelgersdyk/Desktop/carbon-coverall/carbon-coverall-poc/node_modules/jest-circus/build/run.js:90:9)</failure>
    </testcase>
    <testcase classname="@carbon/react/scss scss/components/breadcrumb/breadcrumb should be importable" name="@carbon/react/scss scss/components/breadcrumb/breadcrumb should be importable" time="0.01">
      <failure>Error: expect(received).resolves.toBeDefined()

Received promise rejected instead of resolved
Rejected to value: [Error: Can&apos;t find stylesheet to import.
  ╷
8 │ @forward &apos;./generated/fluid-spacing&apos;;
  │ ^^^^^^^^^^^^^^^^^^^^^^^^^^^^^^^^^^^^
  ╵
  node_modules/@carbon/layout/scss/_spacing.scss 8:1                                 @forward
  node_modules/@carbon/styles/scss/_spacing.scss 8:1                                 @use
  node_modules/@carbon/styles/scss/components/button/_vars.scss 8:1                  @forward
  node_modules/@carbon/styles/scss/components/button/_index.scss 8:1                 @use
  node_modules/@carbon/styles/scss/components/overflow-menu/_overflow-menu.scss 8:1  @forward
  node_modules/@carbon/styles/scss/components/overflow-menu/_index.scss 8:1          @use
  node_modules/@carbon/styles/scss/components/breadcrumb/_breadcrumb.scss 8:1        @forward
  packages/carbon-components-react/scss/components/breadcrumb/_breadcrumb.scss 9:1   @use
  stdin 2:1                                                                          root stylesheet]
    at expect (/Users/chrisvelgersdyk/Desktop/carbon-coverall/carbon-coverall-poc/node_modules/expect/build/index.js:128:15)
    at Object.expect (/Users/chrisvelgersdyk/Desktop/carbon-coverall/carbon-coverall-poc/packages/carbon-components-react/__tests__/scss-test.js:24:13)
    at Promise.then.completed (/Users/chrisvelgersdyk/Desktop/carbon-coverall/carbon-coverall-poc/node_modules/jest-circus/build/utils.js:333:28)
    at new Promise (&lt;anonymous&gt;)
    at callAsyncCircusFn (/Users/chrisvelgersdyk/Desktop/carbon-coverall/carbon-coverall-poc/node_modules/jest-circus/build/utils.js:259:10)
    at _callCircusTest (/Users/chrisvelgersdyk/Desktop/carbon-coverall/carbon-coverall-poc/node_modules/jest-circus/build/run.js:276:40)
    at processTicksAndRejections (node:internal/process/task_queues:95:5)
    at _runTest (/Users/chrisvelgersdyk/Desktop/carbon-coverall/carbon-coverall-poc/node_modules/jest-circus/build/run.js:208:3)
    at _runTestsForDescribeBlock (/Users/chrisvelgersdyk/Desktop/carbon-coverall/carbon-coverall-poc/node_modules/jest-circus/build/run.js:96:9)
    at _runTestsForDescribeBlock (/Users/chrisvelgersdyk/Desktop/carbon-coverall/carbon-coverall-poc/node_modules/jest-circus/build/run.js:90:9)</failure>
    </testcase>
    <testcase classname="@carbon/react/scss scss/components/breadcrumb should be importable" name="@carbon/react/scss scss/components/breadcrumb should be importable" time="0.012">
      <failure>Error: expect(received).resolves.toBeDefined()

Received promise rejected instead of resolved
Rejected to value: [Error: Can&apos;t find stylesheet to import.
  ╷
8 │ @forward &apos;./generated/fluid-spacing&apos;;
  │ ^^^^^^^^^^^^^^^^^^^^^^^^^^^^^^^^^^^^
  ╵
  node_modules/@carbon/layout/scss/_spacing.scss 8:1                                 @forward
  node_modules/@carbon/styles/scss/_spacing.scss 8:1                                 @use
  node_modules/@carbon/styles/scss/components/button/_vars.scss 8:1                  @forward
  node_modules/@carbon/styles/scss/components/button/_index.scss 8:1                 @use
  node_modules/@carbon/styles/scss/components/overflow-menu/_overflow-menu.scss 8:1  @forward
  node_modules/@carbon/styles/scss/components/overflow-menu/_index.scss 8:1          @use
  node_modules/@carbon/styles/scss/components/breadcrumb/_breadcrumb.scss 8:1        @forward
  node_modules/@carbon/styles/scss/components/breadcrumb/_index.scss 8:1             @forward
  packages/carbon-components-react/scss/components/breadcrumb/_index.scss 9:1        @use
  stdin 2:1                                                                          root stylesheet]
    at expect (/Users/chrisvelgersdyk/Desktop/carbon-coverall/carbon-coverall-poc/node_modules/expect/build/index.js:128:15)
    at Object.expect (/Users/chrisvelgersdyk/Desktop/carbon-coverall/carbon-coverall-poc/packages/carbon-components-react/__tests__/scss-test.js:24:13)
    at Promise.then.completed (/Users/chrisvelgersdyk/Desktop/carbon-coverall/carbon-coverall-poc/node_modules/jest-circus/build/utils.js:333:28)
    at new Promise (&lt;anonymous&gt;)
    at callAsyncCircusFn (/Users/chrisvelgersdyk/Desktop/carbon-coverall/carbon-coverall-poc/node_modules/jest-circus/build/utils.js:259:10)
    at _callCircusTest (/Users/chrisvelgersdyk/Desktop/carbon-coverall/carbon-coverall-poc/node_modules/jest-circus/build/run.js:276:40)
    at processTicksAndRejections (node:internal/process/task_queues:95:5)
    at _runTest (/Users/chrisvelgersdyk/Desktop/carbon-coverall/carbon-coverall-poc/node_modules/jest-circus/build/run.js:208:3)
    at _runTestsForDescribeBlock (/Users/chrisvelgersdyk/Desktop/carbon-coverall/carbon-coverall-poc/node_modules/jest-circus/build/run.js:96:9)
    at _runTestsForDescribeBlock (/Users/chrisvelgersdyk/Desktop/carbon-coverall/carbon-coverall-poc/node_modules/jest-circus/build/run.js:90:9)</failure>
    </testcase>
    <testcase classname="@carbon/react/scss scss/components/button/button should be importable" name="@carbon/react/scss scss/components/button/button should be importable" time="0.01">
      <failure>Error: expect(received).resolves.toBeDefined()

Received promise rejected instead of resolved
Rejected to value: [Error: Can&apos;t find stylesheet to import.
  ╷
8 │ @forward &apos;generated/themes&apos;;
  │ ^^^^^^^^^^^^^^^^^^^^^^^^^^^
  ╵
  node_modules/@carbon/themes/scss/_themes.scss 8:1                         @forward
  node_modules/@carbon/styles/scss/_themes.scss 9:1                         @use
  node_modules/@carbon/styles/scss/components/button/_tokens.scss 10:1      @use
  node_modules/@carbon/styles/scss/components/button/_button.scss 8:1       @forward
  packages/carbon-components-react/scss/components/button/_button.scss 9:1  @use
  stdin 2:1                                                                 root stylesheet]
    at expect (/Users/chrisvelgersdyk/Desktop/carbon-coverall/carbon-coverall-poc/node_modules/expect/build/index.js:128:15)
    at Object.expect (/Users/chrisvelgersdyk/Desktop/carbon-coverall/carbon-coverall-poc/packages/carbon-components-react/__tests__/scss-test.js:24:13)
    at Promise.then.completed (/Users/chrisvelgersdyk/Desktop/carbon-coverall/carbon-coverall-poc/node_modules/jest-circus/build/utils.js:333:28)
    at new Promise (&lt;anonymous&gt;)
    at callAsyncCircusFn (/Users/chrisvelgersdyk/Desktop/carbon-coverall/carbon-coverall-poc/node_modules/jest-circus/build/utils.js:259:10)
    at _callCircusTest (/Users/chrisvelgersdyk/Desktop/carbon-coverall/carbon-coverall-poc/node_modules/jest-circus/build/run.js:276:40)
    at processTicksAndRejections (node:internal/process/task_queues:95:5)
    at _runTest (/Users/chrisvelgersdyk/Desktop/carbon-coverall/carbon-coverall-poc/node_modules/jest-circus/build/run.js:208:3)
    at _runTestsForDescribeBlock (/Users/chrisvelgersdyk/Desktop/carbon-coverall/carbon-coverall-poc/node_modules/jest-circus/build/run.js:96:9)
    at _runTestsForDescribeBlock (/Users/chrisvelgersdyk/Desktop/carbon-coverall/carbon-coverall-poc/node_modules/jest-circus/build/run.js:90:9)</failure>
    </testcase>
    <testcase classname="@carbon/react/scss scss/components/button should be importable" name="@carbon/react/scss scss/components/button should be importable" time="0.004">
      <failure>Error: expect(received).resolves.toBeDefined()

Received promise rejected instead of resolved
Rejected to value: [Error: Can&apos;t find stylesheet to import.
  ╷
8 │ @forward &apos;./generated/fluid-spacing&apos;;
  │ ^^^^^^^^^^^^^^^^^^^^^^^^^^^^^^^^^^^^
  ╵
  node_modules/@carbon/layout/scss/_spacing.scss 8:1                       @forward
  node_modules/@carbon/styles/scss/_spacing.scss 8:1                       @use
  node_modules/@carbon/styles/scss/components/button/_vars.scss 8:1        @forward
  node_modules/@carbon/styles/scss/components/button/_index.scss 8:1       @forward
  packages/carbon-components-react/scss/components/button/_index.scss 9:1  @use
  stdin 2:1                                                                root stylesheet]
    at expect (/Users/chrisvelgersdyk/Desktop/carbon-coverall/carbon-coverall-poc/node_modules/expect/build/index.js:128:15)
    at Object.expect (/Users/chrisvelgersdyk/Desktop/carbon-coverall/carbon-coverall-poc/packages/carbon-components-react/__tests__/scss-test.js:24:13)
    at Promise.then.completed (/Users/chrisvelgersdyk/Desktop/carbon-coverall/carbon-coverall-poc/node_modules/jest-circus/build/utils.js:333:28)
    at new Promise (&lt;anonymous&gt;)
    at callAsyncCircusFn (/Users/chrisvelgersdyk/Desktop/carbon-coverall/carbon-coverall-poc/node_modules/jest-circus/build/utils.js:259:10)
    at _callCircusTest (/Users/chrisvelgersdyk/Desktop/carbon-coverall/carbon-coverall-poc/node_modules/jest-circus/build/run.js:276:40)
    at processTicksAndRejections (node:internal/process/task_queues:95:5)
    at _runTest (/Users/chrisvelgersdyk/Desktop/carbon-coverall/carbon-coverall-poc/node_modules/jest-circus/build/run.js:208:3)
    at _runTestsForDescribeBlock (/Users/chrisvelgersdyk/Desktop/carbon-coverall/carbon-coverall-poc/node_modules/jest-circus/build/run.js:96:9)
    at _runTestsForDescribeBlock (/Users/chrisvelgersdyk/Desktop/carbon-coverall/carbon-coverall-poc/node_modules/jest-circus/build/run.js:90:9)</failure>
    </testcase>
    <testcase classname="@carbon/react/scss scss/components/button/tokens should be importable" name="@carbon/react/scss scss/components/button/tokens should be importable" time="0.012">
      <failure>Error: expect(received).resolves.toBeDefined()

Received promise rejected instead of resolved
Rejected to value: [Error: Can&apos;t find stylesheet to import.
  ╷
8 │ @forward &apos;generated/themes&apos;;
  │ ^^^^^^^^^^^^^^^^^^^^^^^^^^^
  ╵
  node_modules/@carbon/themes/scss/_themes.scss 8:1                         @forward
  node_modules/@carbon/styles/scss/_themes.scss 9:1                         @use
  node_modules/@carbon/styles/scss/components/button/_tokens.scss 10:1      @forward
  packages/carbon-components-react/scss/components/button/_tokens.scss 9:1  @use
  stdin 2:1                                                                 root stylesheet]
    at expect (/Users/chrisvelgersdyk/Desktop/carbon-coverall/carbon-coverall-poc/node_modules/expect/build/index.js:128:15)
    at Object.expect (/Users/chrisvelgersdyk/Desktop/carbon-coverall/carbon-coverall-poc/packages/carbon-components-react/__tests__/scss-test.js:24:13)
    at Promise.then.completed (/Users/chrisvelgersdyk/Desktop/carbon-coverall/carbon-coverall-poc/node_modules/jest-circus/build/utils.js:333:28)
    at new Promise (&lt;anonymous&gt;)
    at callAsyncCircusFn (/Users/chrisvelgersdyk/Desktop/carbon-coverall/carbon-coverall-poc/node_modules/jest-circus/build/utils.js:259:10)
    at _callCircusTest (/Users/chrisvelgersdyk/Desktop/carbon-coverall/carbon-coverall-poc/node_modules/jest-circus/build/run.js:276:40)
    at processTicksAndRejections (node:internal/process/task_queues:95:5)
    at _runTest (/Users/chrisvelgersdyk/Desktop/carbon-coverall/carbon-coverall-poc/node_modules/jest-circus/build/run.js:208:3)
    at _runTestsForDescribeBlock (/Users/chrisvelgersdyk/Desktop/carbon-coverall/carbon-coverall-poc/node_modules/jest-circus/build/run.js:96:9)
    at _runTestsForDescribeBlock (/Users/chrisvelgersdyk/Desktop/carbon-coverall/carbon-coverall-poc/node_modules/jest-circus/build/run.js:90:9)</failure>
    </testcase>
    <testcase classname="@carbon/react/scss scss/components/chat-button/chat-button should be importable" name="@carbon/react/scss scss/components/chat-button/chat-button should be importable" time="0.004">
      <failure>Error: expect(received).resolves.toBeDefined()

Received promise rejected instead of resolved
Rejected to value: [Error: Can&apos;t find stylesheet to import.
  ╷
8 │ @forward &apos;./generated/fluid-spacing&apos;;
  │ ^^^^^^^^^^^^^^^^^^^^^^^^^^^^^^^^^^^^
  ╵
  node_modules/@carbon/layout/scss/_spacing.scss 8:1                                  @forward
  node_modules/@carbon/styles/scss/_spacing.scss 8:1                                  @use
  node_modules/@carbon/styles/scss/components/button/_vars.scss 8:1                   @forward
  node_modules/@carbon/styles/scss/components/button/_index.scss 8:1                  @use
  node_modules/@carbon/styles/scss/components/chat-button/_chat-button.scss 8:1       @forward
  packages/carbon-components-react/scss/components/chat-button/_chat-button.scss 9:1  @use
  stdin 2:1                                                                           root stylesheet]
    at expect (/Users/chrisvelgersdyk/Desktop/carbon-coverall/carbon-coverall-poc/node_modules/expect/build/index.js:128:15)
    at Object.expect (/Users/chrisvelgersdyk/Desktop/carbon-coverall/carbon-coverall-poc/packages/carbon-components-react/__tests__/scss-test.js:24:13)
    at Promise.then.completed (/Users/chrisvelgersdyk/Desktop/carbon-coverall/carbon-coverall-poc/node_modules/jest-circus/build/utils.js:333:28)
    at new Promise (&lt;anonymous&gt;)
    at callAsyncCircusFn (/Users/chrisvelgersdyk/Desktop/carbon-coverall/carbon-coverall-poc/node_modules/jest-circus/build/utils.js:259:10)
    at _callCircusTest (/Users/chrisvelgersdyk/Desktop/carbon-coverall/carbon-coverall-poc/node_modules/jest-circus/build/run.js:276:40)
    at processTicksAndRejections (node:internal/process/task_queues:95:5)
    at _runTest (/Users/chrisvelgersdyk/Desktop/carbon-coverall/carbon-coverall-poc/node_modules/jest-circus/build/run.js:208:3)
    at _runTestsForDescribeBlock (/Users/chrisvelgersdyk/Desktop/carbon-coverall/carbon-coverall-poc/node_modules/jest-circus/build/run.js:96:9)
    at _runTestsForDescribeBlock (/Users/chrisvelgersdyk/Desktop/carbon-coverall/carbon-coverall-poc/node_modules/jest-circus/build/run.js:90:9)</failure>
    </testcase>
    <testcase classname="@carbon/react/scss scss/components/chat-button should be importable" name="@carbon/react/scss scss/components/chat-button should be importable" time="0.004">
      <failure>Error: expect(received).resolves.toBeDefined()

Received promise rejected instead of resolved
Rejected to value: [Error: Can&apos;t find stylesheet to import.
  ╷
8 │ @forward &apos;./generated/fluid-spacing&apos;;
  │ ^^^^^^^^^^^^^^^^^^^^^^^^^^^^^^^^^^^^
  ╵
  node_modules/@carbon/layout/scss/_spacing.scss 8:1                             @forward
  node_modules/@carbon/styles/scss/_spacing.scss 8:1                             @use
  node_modules/@carbon/styles/scss/components/button/_vars.scss 8:1              @forward
  node_modules/@carbon/styles/scss/components/button/_index.scss 8:1             @use
  node_modules/@carbon/styles/scss/components/chat-button/_chat-button.scss 8:1  @forward
  node_modules/@carbon/styles/scss/components/chat-button/_index.scss 8:1        @forward
  packages/carbon-components-react/scss/components/chat-button/_index.scss 9:1   @use
  stdin 2:1                                                                      root stylesheet]
    at expect (/Users/chrisvelgersdyk/Desktop/carbon-coverall/carbon-coverall-poc/node_modules/expect/build/index.js:128:15)
    at Object.expect (/Users/chrisvelgersdyk/Desktop/carbon-coverall/carbon-coverall-poc/packages/carbon-components-react/__tests__/scss-test.js:24:13)
    at Promise.then.completed (/Users/chrisvelgersdyk/Desktop/carbon-coverall/carbon-coverall-poc/node_modules/jest-circus/build/utils.js:333:28)
    at new Promise (&lt;anonymous&gt;)
    at callAsyncCircusFn (/Users/chrisvelgersdyk/Desktop/carbon-coverall/carbon-coverall-poc/node_modules/jest-circus/build/utils.js:259:10)
    at _callCircusTest (/Users/chrisvelgersdyk/Desktop/carbon-coverall/carbon-coverall-poc/node_modules/jest-circus/build/run.js:276:40)
    at processTicksAndRejections (node:internal/process/task_queues:95:5)
    at _runTest (/Users/chrisvelgersdyk/Desktop/carbon-coverall/carbon-coverall-poc/node_modules/jest-circus/build/run.js:208:3)
    at _runTestsForDescribeBlock (/Users/chrisvelgersdyk/Desktop/carbon-coverall/carbon-coverall-poc/node_modules/jest-circus/build/run.js:96:9)
    at _runTestsForDescribeBlock (/Users/chrisvelgersdyk/Desktop/carbon-coverall/carbon-coverall-poc/node_modules/jest-circus/build/run.js:90:9)</failure>
    </testcase>
    <testcase classname="@carbon/react/scss scss/components/checkbox/checkbox should be importable" name="@carbon/react/scss scss/components/checkbox/checkbox should be importable" time="0.012">
      <failure>Error: expect(received).resolves.toBeDefined()

Received promise rejected instead of resolved
Rejected to value: [Error: Can&apos;t find stylesheet to import.
  ╷
8 │ @forward &apos;./generated/fluid-spacing&apos;;
  │ ^^^^^^^^^^^^^^^^^^^^^^^^^^^^^^^^^^^^
  ╵
  node_modules/@carbon/layout/scss/_spacing.scss 8:1                            @forward
  node_modules/@carbon/styles/scss/_spacing.scss 8:1                            @use
  node_modules/@carbon/styles/scss/components/form/_form.scss 9:1               @forward
  node_modules/@carbon/styles/scss/components/form/_index.scss 8:1              @use
  node_modules/@carbon/styles/scss/components/checkbox/_checkbox.scss 8:1       @forward
  packages/carbon-components-react/scss/components/checkbox/_checkbox.scss 9:1  @use
  stdin 2:1                                                                     root stylesheet]
    at expect (/Users/chrisvelgersdyk/Desktop/carbon-coverall/carbon-coverall-poc/node_modules/expect/build/index.js:128:15)
    at Object.expect (/Users/chrisvelgersdyk/Desktop/carbon-coverall/carbon-coverall-poc/packages/carbon-components-react/__tests__/scss-test.js:24:13)
    at Promise.then.completed (/Users/chrisvelgersdyk/Desktop/carbon-coverall/carbon-coverall-poc/node_modules/jest-circus/build/utils.js:333:28)
    at new Promise (&lt;anonymous&gt;)
    at callAsyncCircusFn (/Users/chrisvelgersdyk/Desktop/carbon-coverall/carbon-coverall-poc/node_modules/jest-circus/build/utils.js:259:10)
    at _callCircusTest (/Users/chrisvelgersdyk/Desktop/carbon-coverall/carbon-coverall-poc/node_modules/jest-circus/build/run.js:276:40)
    at processTicksAndRejections (node:internal/process/task_queues:95:5)
    at _runTest (/Users/chrisvelgersdyk/Desktop/carbon-coverall/carbon-coverall-poc/node_modules/jest-circus/build/run.js:208:3)
    at _runTestsForDescribeBlock (/Users/chrisvelgersdyk/Desktop/carbon-coverall/carbon-coverall-poc/node_modules/jest-circus/build/run.js:96:9)
    at _runTestsForDescribeBlock (/Users/chrisvelgersdyk/Desktop/carbon-coverall/carbon-coverall-poc/node_modules/jest-circus/build/run.js:90:9)</failure>
    </testcase>
    <testcase classname="@carbon/react/scss scss/components/checkbox should be importable" name="@carbon/react/scss scss/components/checkbox should be importable" time="0.011">
      <failure>Error: expect(received).resolves.toBeDefined()

Received promise rejected instead of resolved
Rejected to value: [Error: Can&apos;t find stylesheet to import.
  ╷
8 │ @forward &apos;./generated/fluid-spacing&apos;;
  │ ^^^^^^^^^^^^^^^^^^^^^^^^^^^^^^^^^^^^
  ╵
  node_modules/@carbon/layout/scss/_spacing.scss 8:1                         @forward
  node_modules/@carbon/styles/scss/_spacing.scss 8:1                         @use
  node_modules/@carbon/styles/scss/components/form/_form.scss 9:1            @forward
  node_modules/@carbon/styles/scss/components/form/_index.scss 8:1           @use
  node_modules/@carbon/styles/scss/components/checkbox/_checkbox.scss 8:1    @forward
  node_modules/@carbon/styles/scss/components/checkbox/_index.scss 8:1       @forward
  packages/carbon-components-react/scss/components/checkbox/_index.scss 9:1  @use
  stdin 2:1                                                                  root stylesheet]
    at expect (/Users/chrisvelgersdyk/Desktop/carbon-coverall/carbon-coverall-poc/node_modules/expect/build/index.js:128:15)
    at Object.expect (/Users/chrisvelgersdyk/Desktop/carbon-coverall/carbon-coverall-poc/packages/carbon-components-react/__tests__/scss-test.js:24:13)
    at Promise.then.completed (/Users/chrisvelgersdyk/Desktop/carbon-coverall/carbon-coverall-poc/node_modules/jest-circus/build/utils.js:333:28)
    at new Promise (&lt;anonymous&gt;)
    at callAsyncCircusFn (/Users/chrisvelgersdyk/Desktop/carbon-coverall/carbon-coverall-poc/node_modules/jest-circus/build/utils.js:259:10)
    at _callCircusTest (/Users/chrisvelgersdyk/Desktop/carbon-coverall/carbon-coverall-poc/node_modules/jest-circus/build/run.js:276:40)
    at processTicksAndRejections (node:internal/process/task_queues:95:5)
    at _runTest (/Users/chrisvelgersdyk/Desktop/carbon-coverall/carbon-coverall-poc/node_modules/jest-circus/build/run.js:208:3)
    at _runTestsForDescribeBlock (/Users/chrisvelgersdyk/Desktop/carbon-coverall/carbon-coverall-poc/node_modules/jest-circus/build/run.js:96:9)
    at _runTestsForDescribeBlock (/Users/chrisvelgersdyk/Desktop/carbon-coverall/carbon-coverall-poc/node_modules/jest-circus/build/run.js:90:9)</failure>
    </testcase>
    <testcase classname="@carbon/react/scss scss/components/code-snippet/code-snippet should be importable" name="@carbon/react/scss scss/components/code-snippet/code-snippet should be importable" time="0.01">
      <failure>Error: expect(received).resolves.toBeDefined()

Received promise rejected instead of resolved
Rejected to value: [Error: Can&apos;t find stylesheet to import.
  ╷
8 │ @forward &apos;generated/themes&apos;;
  │ ^^^^^^^^^^^^^^^^^^^^^^^^^^^
  ╵
  node_modules/@carbon/themes/scss/compat/_themes.scss 8:1                              @use
  node_modules/@carbon/styles/scss/compat/_themes.scss 9:1                              @use
  node_modules/@carbon/styles/scss/theme/_theme.scss 12:1                               @forward
  node_modules/@carbon/styles/scss/_theme.scss 8:1                                      @use
  node_modules/@carbon/styles/scss/components/code-snippet/_mixins.scss 8:1             @use
  node_modules/@carbon/styles/scss/components/code-snippet/_code-snippet.scss 8:1       @forward
  packages/carbon-components-react/scss/components/code-snippet/_code-snippet.scss 9:1  @use
  stdin 2:1                                                                             root stylesheet]
    at expect (/Users/chrisvelgersdyk/Desktop/carbon-coverall/carbon-coverall-poc/node_modules/expect/build/index.js:128:15)
    at Object.expect (/Users/chrisvelgersdyk/Desktop/carbon-coverall/carbon-coverall-poc/packages/carbon-components-react/__tests__/scss-test.js:24:13)
    at Promise.then.completed (/Users/chrisvelgersdyk/Desktop/carbon-coverall/carbon-coverall-poc/node_modules/jest-circus/build/utils.js:333:28)
    at new Promise (&lt;anonymous&gt;)
    at callAsyncCircusFn (/Users/chrisvelgersdyk/Desktop/carbon-coverall/carbon-coverall-poc/node_modules/jest-circus/build/utils.js:259:10)
    at _callCircusTest (/Users/chrisvelgersdyk/Desktop/carbon-coverall/carbon-coverall-poc/node_modules/jest-circus/build/run.js:276:40)
    at processTicksAndRejections (node:internal/process/task_queues:95:5)
    at _runTest (/Users/chrisvelgersdyk/Desktop/carbon-coverall/carbon-coverall-poc/node_modules/jest-circus/build/run.js:208:3)
    at _runTestsForDescribeBlock (/Users/chrisvelgersdyk/Desktop/carbon-coverall/carbon-coverall-poc/node_modules/jest-circus/build/run.js:96:9)
    at _runTestsForDescribeBlock (/Users/chrisvelgersdyk/Desktop/carbon-coverall/carbon-coverall-poc/node_modules/jest-circus/build/run.js:90:9)</failure>
    </testcase>
    <testcase classname="@carbon/react/scss scss/components/code-snippet should be importable" name="@carbon/react/scss scss/components/code-snippet should be importable" time="0.01">
      <failure>Error: expect(received).resolves.toBeDefined()

Received promise rejected instead of resolved
Rejected to value: [Error: Can&apos;t find stylesheet to import.
  ╷
8 │ @forward &apos;generated/themes&apos;;
  │ ^^^^^^^^^^^^^^^^^^^^^^^^^^^
  ╵
  node_modules/@carbon/themes/scss/compat/_themes.scss 8:1                         @use
  node_modules/@carbon/styles/scss/compat/_themes.scss 9:1                         @use
  node_modules/@carbon/styles/scss/theme/_theme.scss 12:1                          @forward
  node_modules/@carbon/styles/scss/_theme.scss 8:1                                 @use
  node_modules/@carbon/styles/scss/components/code-snippet/_mixins.scss 8:1        @use
  node_modules/@carbon/styles/scss/components/code-snippet/_code-snippet.scss 8:1  @forward
  node_modules/@carbon/styles/scss/components/code-snippet/_index.scss 8:1         @forward
  packages/carbon-components-react/scss/components/code-snippet/_index.scss 9:1    @use
  stdin 2:1                                                                        root stylesheet]
    at expect (/Users/chrisvelgersdyk/Desktop/carbon-coverall/carbon-coverall-poc/node_modules/expect/build/index.js:128:15)
    at Object.expect (/Users/chrisvelgersdyk/Desktop/carbon-coverall/carbon-coverall-poc/packages/carbon-components-react/__tests__/scss-test.js:24:13)
    at Promise.then.completed (/Users/chrisvelgersdyk/Desktop/carbon-coverall/carbon-coverall-poc/node_modules/jest-circus/build/utils.js:333:28)
    at new Promise (&lt;anonymous&gt;)
    at callAsyncCircusFn (/Users/chrisvelgersdyk/Desktop/carbon-coverall/carbon-coverall-poc/node_modules/jest-circus/build/utils.js:259:10)
    at _callCircusTest (/Users/chrisvelgersdyk/Desktop/carbon-coverall/carbon-coverall-poc/node_modules/jest-circus/build/run.js:276:40)
    at processTicksAndRejections (node:internal/process/task_queues:95:5)
    at _runTest (/Users/chrisvelgersdyk/Desktop/carbon-coverall/carbon-coverall-poc/node_modules/jest-circus/build/run.js:208:3)
    at _runTestsForDescribeBlock (/Users/chrisvelgersdyk/Desktop/carbon-coverall/carbon-coverall-poc/node_modules/jest-circus/build/run.js:96:9)
    at _runTestsForDescribeBlock (/Users/chrisvelgersdyk/Desktop/carbon-coverall/carbon-coverall-poc/node_modules/jest-circus/build/run.js:90:9)</failure>
    </testcase>
    <testcase classname="@carbon/react/scss scss/components/combo-box/combo-box should be importable" name="@carbon/react/scss scss/components/combo-box/combo-box should be importable" time="0.045">
      <failure>Error: expect(received).resolves.toBeDefined()

Received promise rejected instead of resolved
Rejected to value: [Error: Can&apos;t find stylesheet to import.
  ╷
8 │ @forward &apos;generated/themes&apos;;
  │ ^^^^^^^^^^^^^^^^^^^^^^^^^^^
  ╵
  node_modules/@carbon/themes/scss/_themes.scss 8:1                               @forward
  node_modules/@carbon/styles/scss/_themes.scss 9:1                               @use
  node_modules/@carbon/styles/scss/components/button/_tokens.scss 10:1            @use
  node_modules/@carbon/styles/scss/components/list-box/_list-box.scss 8:1         @forward
  node_modules/@carbon/styles/scss/components/list-box/_index.scss 8:1            @use
  node_modules/@carbon/styles/scss/components/combo-box/_combo-box.scss 8:1       @forward
  packages/carbon-components-react/scss/components/combo-box/_combo-box.scss 9:1  @use
  stdin 2:1                                                                       root stylesheet]
    at expect (/Users/chrisvelgersdyk/Desktop/carbon-coverall/carbon-coverall-poc/node_modules/expect/build/index.js:128:15)
    at Object.expect (/Users/chrisvelgersdyk/Desktop/carbon-coverall/carbon-coverall-poc/packages/carbon-components-react/__tests__/scss-test.js:24:13)
    at Promise.then.completed (/Users/chrisvelgersdyk/Desktop/carbon-coverall/carbon-coverall-poc/node_modules/jest-circus/build/utils.js:333:28)
    at new Promise (&lt;anonymous&gt;)
    at callAsyncCircusFn (/Users/chrisvelgersdyk/Desktop/carbon-coverall/carbon-coverall-poc/node_modules/jest-circus/build/utils.js:259:10)
    at _callCircusTest (/Users/chrisvelgersdyk/Desktop/carbon-coverall/carbon-coverall-poc/node_modules/jest-circus/build/run.js:276:40)
    at processTicksAndRejections (node:internal/process/task_queues:95:5)
    at _runTest (/Users/chrisvelgersdyk/Desktop/carbon-coverall/carbon-coverall-poc/node_modules/jest-circus/build/run.js:208:3)
    at _runTestsForDescribeBlock (/Users/chrisvelgersdyk/Desktop/carbon-coverall/carbon-coverall-poc/node_modules/jest-circus/build/run.js:96:9)
    at _runTestsForDescribeBlock (/Users/chrisvelgersdyk/Desktop/carbon-coverall/carbon-coverall-poc/node_modules/jest-circus/build/run.js:90:9)</failure>
    </testcase>
    <testcase classname="@carbon/react/scss scss/components/combo-box should be importable" name="@carbon/react/scss scss/components/combo-box should be importable" time="0.068">
      <failure>Error: expect(received).resolves.toBeDefined()

Received promise rejected instead of resolved
Rejected to value: [Error: Can&apos;t find stylesheet to import.
  ╷
8 │ @forward &apos;generated/themes&apos;;
  │ ^^^^^^^^^^^^^^^^^^^^^^^^^^^
  ╵
  node_modules/@carbon/themes/scss/_themes.scss 8:1                           @forward
  node_modules/@carbon/styles/scss/_themes.scss 9:1                           @use
  node_modules/@carbon/styles/scss/components/button/_tokens.scss 10:1        @use
  node_modules/@carbon/styles/scss/components/list-box/_list-box.scss 8:1     @forward
  node_modules/@carbon/styles/scss/components/list-box/_index.scss 8:1        @use
  node_modules/@carbon/styles/scss/components/combo-box/_combo-box.scss 8:1   @forward
  node_modules/@carbon/styles/scss/components/combo-box/_index.scss 8:1       @forward
  packages/carbon-components-react/scss/components/combo-box/_index.scss 9:1  @use
  stdin 2:1                                                                   root stylesheet]
    at expect (/Users/chrisvelgersdyk/Desktop/carbon-coverall/carbon-coverall-poc/node_modules/expect/build/index.js:128:15)
    at Object.expect (/Users/chrisvelgersdyk/Desktop/carbon-coverall/carbon-coverall-poc/packages/carbon-components-react/__tests__/scss-test.js:24:13)
    at Promise.then.completed (/Users/chrisvelgersdyk/Desktop/carbon-coverall/carbon-coverall-poc/node_modules/jest-circus/build/utils.js:333:28)
    at new Promise (&lt;anonymous&gt;)
    at callAsyncCircusFn (/Users/chrisvelgersdyk/Desktop/carbon-coverall/carbon-coverall-poc/node_modules/jest-circus/build/utils.js:259:10)
    at _callCircusTest (/Users/chrisvelgersdyk/Desktop/carbon-coverall/carbon-coverall-poc/node_modules/jest-circus/build/run.js:276:40)
    at processTicksAndRejections (node:internal/process/task_queues:95:5)
    at _runTest (/Users/chrisvelgersdyk/Desktop/carbon-coverall/carbon-coverall-poc/node_modules/jest-circus/build/run.js:208:3)
    at _runTestsForDescribeBlock (/Users/chrisvelgersdyk/Desktop/carbon-coverall/carbon-coverall-poc/node_modules/jest-circus/build/run.js:96:9)
    at _runTestsForDescribeBlock (/Users/chrisvelgersdyk/Desktop/carbon-coverall/carbon-coverall-poc/node_modules/jest-circus/build/run.js:90:9)</failure>
    </testcase>
    <testcase classname="@carbon/react/scss scss/components/contained-list/contained-list should be importable" name="@carbon/react/scss scss/components/contained-list/contained-list should be importable" time="0.015">
      <failure>Error: expect(received).resolves.toBeDefined()

Received promise rejected instead of resolved
Rejected to value: [Error: Can&apos;t find stylesheet to import.
  ╷
8 │ @forward &apos;./generated/fluid-spacing&apos;;
  │ ^^^^^^^^^^^^^^^^^^^^^^^^^^^^^^^^^^^^
  ╵
  node_modules/@carbon/layout/scss/_spacing.scss 8:1                                        @forward
  node_modules/@carbon/styles/scss/_spacing.scss 8:1                                        @use
  node_modules/@carbon/styles/scss/components/button/_vars.scss 8:1                         @forward
  node_modules/@carbon/styles/scss/components/button/_index.scss 8:1                        @use
  node_modules/@carbon/styles/scss/components/contained-list/_contained-list.scss 10:1      @forward
  packages/carbon-components-react/scss/components/contained-list/_contained-list.scss 9:1  @use
  stdin 2:1                                                                                 root stylesheet]
    at expect (/Users/chrisvelgersdyk/Desktop/carbon-coverall/carbon-coverall-poc/node_modules/expect/build/index.js:128:15)
    at Object.expect (/Users/chrisvelgersdyk/Desktop/carbon-coverall/carbon-coverall-poc/packages/carbon-components-react/__tests__/scss-test.js:24:13)
    at Promise.then.completed (/Users/chrisvelgersdyk/Desktop/carbon-coverall/carbon-coverall-poc/node_modules/jest-circus/build/utils.js:333:28)
    at new Promise (&lt;anonymous&gt;)
    at callAsyncCircusFn (/Users/chrisvelgersdyk/Desktop/carbon-coverall/carbon-coverall-poc/node_modules/jest-circus/build/utils.js:259:10)
    at _callCircusTest (/Users/chrisvelgersdyk/Desktop/carbon-coverall/carbon-coverall-poc/node_modules/jest-circus/build/run.js:276:40)
    at processTicksAndRejections (node:internal/process/task_queues:95:5)
    at _runTest (/Users/chrisvelgersdyk/Desktop/carbon-coverall/carbon-coverall-poc/node_modules/jest-circus/build/run.js:208:3)
    at _runTestsForDescribeBlock (/Users/chrisvelgersdyk/Desktop/carbon-coverall/carbon-coverall-poc/node_modules/jest-circus/build/run.js:96:9)
    at _runTestsForDescribeBlock (/Users/chrisvelgersdyk/Desktop/carbon-coverall/carbon-coverall-poc/node_modules/jest-circus/build/run.js:90:9)</failure>
    </testcase>
    <testcase classname="@carbon/react/scss scss/components/contained-list should be importable" name="@carbon/react/scss scss/components/contained-list should be importable" time="0.007">
      <failure>Error: expect(received).resolves.toBeDefined()

Received promise rejected instead of resolved
Rejected to value: [Error: Can&apos;t find stylesheet to import.
  ╷
8 │ @forward &apos;./generated/fluid-spacing&apos;;
  │ ^^^^^^^^^^^^^^^^^^^^^^^^^^^^^^^^^^^^
  ╵
  node_modules/@carbon/layout/scss/_spacing.scss 8:1                                    @forward
  node_modules/@carbon/styles/scss/_spacing.scss 8:1                                    @use
  node_modules/@carbon/styles/scss/components/button/_vars.scss 8:1                     @forward
  node_modules/@carbon/styles/scss/components/button/_index.scss 8:1                    @use
  node_modules/@carbon/styles/scss/components/contained-list/_contained-list.scss 10:1  @forward
  node_modules/@carbon/styles/scss/components/contained-list/_index.scss 8:1            @forward
  packages/carbon-components-react/scss/components/contained-list/_index.scss 9:1       @use
  stdin 2:1                                                                             root stylesheet]
    at expect (/Users/chrisvelgersdyk/Desktop/carbon-coverall/carbon-coverall-poc/node_modules/expect/build/index.js:128:15)
    at Object.expect (/Users/chrisvelgersdyk/Desktop/carbon-coverall/carbon-coverall-poc/packages/carbon-components-react/__tests__/scss-test.js:24:13)
    at Promise.then.completed (/Users/chrisvelgersdyk/Desktop/carbon-coverall/carbon-coverall-poc/node_modules/jest-circus/build/utils.js:333:28)
    at new Promise (&lt;anonymous&gt;)
    at callAsyncCircusFn (/Users/chrisvelgersdyk/Desktop/carbon-coverall/carbon-coverall-poc/node_modules/jest-circus/build/utils.js:259:10)
    at _callCircusTest (/Users/chrisvelgersdyk/Desktop/carbon-coverall/carbon-coverall-poc/node_modules/jest-circus/build/run.js:276:40)
    at processTicksAndRejections (node:internal/process/task_queues:95:5)
    at _runTest (/Users/chrisvelgersdyk/Desktop/carbon-coverall/carbon-coverall-poc/node_modules/jest-circus/build/run.js:208:3)
    at _runTestsForDescribeBlock (/Users/chrisvelgersdyk/Desktop/carbon-coverall/carbon-coverall-poc/node_modules/jest-circus/build/run.js:96:9)
    at _runTestsForDescribeBlock (/Users/chrisvelgersdyk/Desktop/carbon-coverall/carbon-coverall-poc/node_modules/jest-circus/build/run.js:90:9)</failure>
    </testcase>
    <testcase classname="@carbon/react/scss scss/components/content-switcher/content-switcher should be importable" name="@carbon/react/scss scss/components/content-switcher/content-switcher should be importable" time="0.005">
      <failure>Error: expect(received).resolves.toBeDefined()

Received promise rejected instead of resolved
Rejected to value: [Error: Can&apos;t find stylesheet to import.
  ╷
8 │ @forward &apos;./generated/fluid-spacing&apos;;
  │ ^^^^^^^^^^^^^^^^^^^^^^^^^^^^^^^^^^^^
  ╵
  node_modules/@carbon/layout/scss/_spacing.scss 8:1                                            @forward
  node_modules/@carbon/styles/scss/_spacing.scss 8:1                                            @use
  node_modules/@carbon/styles/scss/components/button/_vars.scss 8:1                             @forward
  node_modules/@carbon/styles/scss/components/button/_index.scss 8:1                            @use
  node_modules/@carbon/styles/scss/components/content-switcher/_content-switcher.scss 8:1       @forward
  packages/carbon-components-react/scss/components/content-switcher/_content-switcher.scss 9:1  @use
  stdin 2:1                                                                                     root stylesheet]
    at expect (/Users/chrisvelgersdyk/Desktop/carbon-coverall/carbon-coverall-poc/node_modules/expect/build/index.js:128:15)
    at Object.expect (/Users/chrisvelgersdyk/Desktop/carbon-coverall/carbon-coverall-poc/packages/carbon-components-react/__tests__/scss-test.js:24:13)
    at Promise.then.completed (/Users/chrisvelgersdyk/Desktop/carbon-coverall/carbon-coverall-poc/node_modules/jest-circus/build/utils.js:333:28)
    at new Promise (&lt;anonymous&gt;)
    at callAsyncCircusFn (/Users/chrisvelgersdyk/Desktop/carbon-coverall/carbon-coverall-poc/node_modules/jest-circus/build/utils.js:259:10)
    at _callCircusTest (/Users/chrisvelgersdyk/Desktop/carbon-coverall/carbon-coverall-poc/node_modules/jest-circus/build/run.js:276:40)
    at processTicksAndRejections (node:internal/process/task_queues:95:5)
    at _runTest (/Users/chrisvelgersdyk/Desktop/carbon-coverall/carbon-coverall-poc/node_modules/jest-circus/build/run.js:208:3)
    at _runTestsForDescribeBlock (/Users/chrisvelgersdyk/Desktop/carbon-coverall/carbon-coverall-poc/node_modules/jest-circus/build/run.js:96:9)
    at _runTestsForDescribeBlock (/Users/chrisvelgersdyk/Desktop/carbon-coverall/carbon-coverall-poc/node_modules/jest-circus/build/run.js:90:9)</failure>
    </testcase>
    <testcase classname="@carbon/react/scss scss/components/content-switcher should be importable" name="@carbon/react/scss scss/components/content-switcher should be importable" time="0.006">
      <failure>Error: expect(received).resolves.toBeDefined()

Received promise rejected instead of resolved
Rejected to value: [Error: Can&apos;t find stylesheet to import.
  ╷
8 │ @forward &apos;./generated/fluid-spacing&apos;;
  │ ^^^^^^^^^^^^^^^^^^^^^^^^^^^^^^^^^^^^
  ╵
  node_modules/@carbon/layout/scss/_spacing.scss 8:1                                       @forward
  node_modules/@carbon/styles/scss/_spacing.scss 8:1                                       @use
  node_modules/@carbon/styles/scss/components/button/_vars.scss 8:1                        @forward
  node_modules/@carbon/styles/scss/components/button/_index.scss 8:1                       @use
  node_modules/@carbon/styles/scss/components/content-switcher/_content-switcher.scss 8:1  @forward
  node_modules/@carbon/styles/scss/components/content-switcher/_index.scss 8:1             @forward
  packages/carbon-components-react/scss/components/content-switcher/_index.scss 9:1        @use
  stdin 2:1                                                                                root stylesheet]
    at expect (/Users/chrisvelgersdyk/Desktop/carbon-coverall/carbon-coverall-poc/node_modules/expect/build/index.js:128:15)
    at Object.expect (/Users/chrisvelgersdyk/Desktop/carbon-coverall/carbon-coverall-poc/packages/carbon-components-react/__tests__/scss-test.js:24:13)
    at Promise.then.completed (/Users/chrisvelgersdyk/Desktop/carbon-coverall/carbon-coverall-poc/node_modules/jest-circus/build/utils.js:333:28)
    at new Promise (&lt;anonymous&gt;)
    at callAsyncCircusFn (/Users/chrisvelgersdyk/Desktop/carbon-coverall/carbon-coverall-poc/node_modules/jest-circus/build/utils.js:259:10)
    at _callCircusTest (/Users/chrisvelgersdyk/Desktop/carbon-coverall/carbon-coverall-poc/node_modules/jest-circus/build/run.js:276:40)
    at processTicksAndRejections (node:internal/process/task_queues:95:5)
    at _runTest (/Users/chrisvelgersdyk/Desktop/carbon-coverall/carbon-coverall-poc/node_modules/jest-circus/build/run.js:208:3)
    at _runTestsForDescribeBlock (/Users/chrisvelgersdyk/Desktop/carbon-coverall/carbon-coverall-poc/node_modules/jest-circus/build/run.js:96:9)
    at _runTestsForDescribeBlock (/Users/chrisvelgersdyk/Desktop/carbon-coverall/carbon-coverall-poc/node_modules/jest-circus/build/run.js:90:9)</failure>
    </testcase>
    <testcase classname="@carbon/react/scss scss/components/copy-button/copy-button should be importable" name="@carbon/react/scss scss/components/copy-button/copy-button should be importable" time="0.004">
      <failure>Error: expect(received).resolves.toBeDefined()

Received promise rejected instead of resolved
Rejected to value: [Error: Can&apos;t find stylesheet to import.
  ╷
8 │ @forward &apos;./generated/fluid-spacing&apos;;
  │ ^^^^^^^^^^^^^^^^^^^^^^^^^^^^^^^^^^^^
  ╵
  node_modules/@carbon/layout/scss/_spacing.scss 8:1                                  @forward
  node_modules/@carbon/styles/scss/_spacing.scss 8:1                                  @use
  node_modules/@carbon/styles/scss/components/button/_vars.scss 8:1                   @forward
  node_modules/@carbon/styles/scss/components/button/_index.scss 8:1                  @use
  node_modules/@carbon/styles/scss/components/copy-button/_copy-button.scss 8:1       @forward
  packages/carbon-components-react/scss/components/copy-button/_copy-button.scss 9:1  @use
  stdin 2:1                                                                           root stylesheet]
    at expect (/Users/chrisvelgersdyk/Desktop/carbon-coverall/carbon-coverall-poc/node_modules/expect/build/index.js:128:15)
    at Object.expect (/Users/chrisvelgersdyk/Desktop/carbon-coverall/carbon-coverall-poc/packages/carbon-components-react/__tests__/scss-test.js:24:13)
    at Promise.then.completed (/Users/chrisvelgersdyk/Desktop/carbon-coverall/carbon-coverall-poc/node_modules/jest-circus/build/utils.js:333:28)
    at new Promise (&lt;anonymous&gt;)
    at callAsyncCircusFn (/Users/chrisvelgersdyk/Desktop/carbon-coverall/carbon-coverall-poc/node_modules/jest-circus/build/utils.js:259:10)
    at _callCircusTest (/Users/chrisvelgersdyk/Desktop/carbon-coverall/carbon-coverall-poc/node_modules/jest-circus/build/run.js:276:40)
    at processTicksAndRejections (node:internal/process/task_queues:95:5)
    at _runTest (/Users/chrisvelgersdyk/Desktop/carbon-coverall/carbon-coverall-poc/node_modules/jest-circus/build/run.js:208:3)
    at _runTestsForDescribeBlock (/Users/chrisvelgersdyk/Desktop/carbon-coverall/carbon-coverall-poc/node_modules/jest-circus/build/run.js:96:9)
    at _runTestsForDescribeBlock (/Users/chrisvelgersdyk/Desktop/carbon-coverall/carbon-coverall-poc/node_modules/jest-circus/build/run.js:90:9)</failure>
    </testcase>
    <testcase classname="@carbon/react/scss scss/components/copy-button should be importable" name="@carbon/react/scss scss/components/copy-button should be importable" time="0.004">
      <failure>Error: expect(received).resolves.toBeDefined()

Received promise rejected instead of resolved
Rejected to value: [Error: Can&apos;t find stylesheet to import.
  ╷
8 │ @forward &apos;./generated/fluid-spacing&apos;;
  │ ^^^^^^^^^^^^^^^^^^^^^^^^^^^^^^^^^^^^
  ╵
  node_modules/@carbon/layout/scss/_spacing.scss 8:1                             @forward
  node_modules/@carbon/styles/scss/_spacing.scss 8:1                             @use
  node_modules/@carbon/styles/scss/components/button/_vars.scss 8:1              @forward
  node_modules/@carbon/styles/scss/components/button/_index.scss 8:1             @use
  node_modules/@carbon/styles/scss/components/copy-button/_copy-button.scss 8:1  @forward
  node_modules/@carbon/styles/scss/components/copy-button/_index.scss 8:1        @forward
  packages/carbon-components-react/scss/components/copy-button/_index.scss 9:1   @use
  stdin 2:1                                                                      root stylesheet]
    at expect (/Users/chrisvelgersdyk/Desktop/carbon-coverall/carbon-coverall-poc/node_modules/expect/build/index.js:128:15)
    at Object.expect (/Users/chrisvelgersdyk/Desktop/carbon-coverall/carbon-coverall-poc/packages/carbon-components-react/__tests__/scss-test.js:24:13)
    at Promise.then.completed (/Users/chrisvelgersdyk/Desktop/carbon-coverall/carbon-coverall-poc/node_modules/jest-circus/build/utils.js:333:28)
    at new Promise (&lt;anonymous&gt;)
    at callAsyncCircusFn (/Users/chrisvelgersdyk/Desktop/carbon-coverall/carbon-coverall-poc/node_modules/jest-circus/build/utils.js:259:10)
    at _callCircusTest (/Users/chrisvelgersdyk/Desktop/carbon-coverall/carbon-coverall-poc/node_modules/jest-circus/build/run.js:276:40)
    at processTicksAndRejections (node:internal/process/task_queues:95:5)
    at _runTest (/Users/chrisvelgersdyk/Desktop/carbon-coverall/carbon-coverall-poc/node_modules/jest-circus/build/run.js:208:3)
    at _runTestsForDescribeBlock (/Users/chrisvelgersdyk/Desktop/carbon-coverall/carbon-coverall-poc/node_modules/jest-circus/build/run.js:96:9)
    at _runTestsForDescribeBlock (/Users/chrisvelgersdyk/Desktop/carbon-coverall/carbon-coverall-poc/node_modules/jest-circus/build/run.js:90:9)</failure>
    </testcase>
    <testcase classname="@carbon/react/scss scss/components/data-table/data-table should be importable" name="@carbon/react/scss scss/components/data-table/data-table should be importable" time="0.029">
      <failure>Error: expect(received).resolves.toBeDefined()

Received promise rejected instead of resolved
Rejected to value: [Error: Can&apos;t find stylesheet to import.
  ╷
8 │ @forward &apos;generated/themes&apos;;
  │ ^^^^^^^^^^^^^^^^^^^^^^^^^^^
  ╵
  node_modules/@carbon/themes/scss/compat/_themes.scss 8:1                          @use
  node_modules/@carbon/styles/scss/compat/_themes.scss 9:1                          @use
  node_modules/@carbon/styles/scss/theme/_theme.scss 12:1                           @forward
  node_modules/@carbon/styles/scss/_theme.scss 8:1                                  @use
  node_modules/@carbon/styles/scss/components/data-table/_vars.scss 8:1             @use
  node_modules/@carbon/styles/scss/components/data-table/_data-table.scss 9:1       @forward
  packages/carbon-components-react/scss/components/data-table/_data-table.scss 9:1  @use
  stdin 2:1                                                                         root stylesheet]
    at expect (/Users/chrisvelgersdyk/Desktop/carbon-coverall/carbon-coverall-poc/node_modules/expect/build/index.js:128:15)
    at Object.expect (/Users/chrisvelgersdyk/Desktop/carbon-coverall/carbon-coverall-poc/packages/carbon-components-react/__tests__/scss-test.js:24:13)
    at Promise.then.completed (/Users/chrisvelgersdyk/Desktop/carbon-coverall/carbon-coverall-poc/node_modules/jest-circus/build/utils.js:333:28)
    at new Promise (&lt;anonymous&gt;)
    at callAsyncCircusFn (/Users/chrisvelgersdyk/Desktop/carbon-coverall/carbon-coverall-poc/node_modules/jest-circus/build/utils.js:259:10)
    at _callCircusTest (/Users/chrisvelgersdyk/Desktop/carbon-coverall/carbon-coverall-poc/node_modules/jest-circus/build/run.js:276:40)
    at processTicksAndRejections (node:internal/process/task_queues:95:5)
    at _runTest (/Users/chrisvelgersdyk/Desktop/carbon-coverall/carbon-coverall-poc/node_modules/jest-circus/build/run.js:208:3)
    at _runTestsForDescribeBlock (/Users/chrisvelgersdyk/Desktop/carbon-coverall/carbon-coverall-poc/node_modules/jest-circus/build/run.js:96:9)
    at _runTestsForDescribeBlock (/Users/chrisvelgersdyk/Desktop/carbon-coverall/carbon-coverall-poc/node_modules/jest-circus/build/run.js:90:9)</failure>
    </testcase>
    <testcase classname="@carbon/react/scss scss/components/data-table should be importable" name="@carbon/react/scss scss/components/data-table should be importable" time="0.012">
      <failure>Error: expect(received).resolves.toBeDefined()

Received promise rejected instead of resolved
Rejected to value: [Error: Can&apos;t find stylesheet to import.
  ╷
8 │ @forward &apos;generated/themes&apos;;
  │ ^^^^^^^^^^^^^^^^^^^^^^^^^^^
  ╵
  node_modules/@carbon/themes/scss/compat/_themes.scss 8:1                     @use
  node_modules/@carbon/styles/scss/compat/_themes.scss 9:1                     @use
  node_modules/@carbon/styles/scss/theme/_theme.scss 12:1                      @forward
  node_modules/@carbon/styles/scss/_theme.scss 8:1                             @use
  node_modules/@carbon/styles/scss/components/data-table/_vars.scss 8:1        @forward
  node_modules/@carbon/styles/scss/components/data-table/_index.scss 8:1       @forward
  packages/carbon-components-react/scss/components/data-table/_index.scss 9:1  @use
  stdin 2:1                                                                    root stylesheet]
    at expect (/Users/chrisvelgersdyk/Desktop/carbon-coverall/carbon-coverall-poc/node_modules/expect/build/index.js:128:15)
    at Object.expect (/Users/chrisvelgersdyk/Desktop/carbon-coverall/carbon-coverall-poc/packages/carbon-components-react/__tests__/scss-test.js:24:13)
    at Promise.then.completed (/Users/chrisvelgersdyk/Desktop/carbon-coverall/carbon-coverall-poc/node_modules/jest-circus/build/utils.js:333:28)
    at new Promise (&lt;anonymous&gt;)
    at callAsyncCircusFn (/Users/chrisvelgersdyk/Desktop/carbon-coverall/carbon-coverall-poc/node_modules/jest-circus/build/utils.js:259:10)
    at _callCircusTest (/Users/chrisvelgersdyk/Desktop/carbon-coverall/carbon-coverall-poc/node_modules/jest-circus/build/run.js:276:40)
    at processTicksAndRejections (node:internal/process/task_queues:95:5)
    at _runTest (/Users/chrisvelgersdyk/Desktop/carbon-coverall/carbon-coverall-poc/node_modules/jest-circus/build/run.js:208:3)
    at _runTestsForDescribeBlock (/Users/chrisvelgersdyk/Desktop/carbon-coverall/carbon-coverall-poc/node_modules/jest-circus/build/run.js:96:9)
    at _runTestsForDescribeBlock (/Users/chrisvelgersdyk/Desktop/carbon-coverall/carbon-coverall-poc/node_modules/jest-circus/build/run.js:90:9)</failure>
    </testcase>
    <testcase classname="@carbon/react/scss scss/components/data-table/action/data-table-action should be importable" name="@carbon/react/scss scss/components/data-table/action/data-table-action should be importable" time="0.009">
      <failure>Error: expect(received).resolves.toBeDefined()

Received promise rejected instead of resolved
Rejected to value: [Error: Can&apos;t find stylesheet to import.
  ╷
8 │ @forward &apos;./generated/fluid-spacing&apos;;
  │ ^^^^^^^^^^^^^^^^^^^^^^^^^^^^^^^^^^^^
  ╵
  node_modules/@carbon/layout/scss/_spacing.scss 8:1                                              @forward
  node_modules/@carbon/styles/scss/_spacing.scss 8:1                                              @use
  node_modules/@carbon/styles/scss/components/button/_vars.scss 8:1                               @forward
  node_modules/@carbon/styles/scss/components/button/_index.scss 8:1                              @use
  node_modules/@carbon/styles/scss/components/data-table/action/_data-table-action.scss 8:1       @forward
  packages/carbon-components-react/scss/components/data-table/action/_data-table-action.scss 9:1  @use
  stdin 2:1                                                                                       root stylesheet]
    at expect (/Users/chrisvelgersdyk/Desktop/carbon-coverall/carbon-coverall-poc/node_modules/expect/build/index.js:128:15)
    at Object.expect (/Users/chrisvelgersdyk/Desktop/carbon-coverall/carbon-coverall-poc/packages/carbon-components-react/__tests__/scss-test.js:24:13)
    at Promise.then.completed (/Users/chrisvelgersdyk/Desktop/carbon-coverall/carbon-coverall-poc/node_modules/jest-circus/build/utils.js:333:28)
    at new Promise (&lt;anonymous&gt;)
    at callAsyncCircusFn (/Users/chrisvelgersdyk/Desktop/carbon-coverall/carbon-coverall-poc/node_modules/jest-circus/build/utils.js:259:10)
    at _callCircusTest (/Users/chrisvelgersdyk/Desktop/carbon-coverall/carbon-coverall-poc/node_modules/jest-circus/build/run.js:276:40)
    at processTicksAndRejections (node:internal/process/task_queues:95:5)
    at _runTest (/Users/chrisvelgersdyk/Desktop/carbon-coverall/carbon-coverall-poc/node_modules/jest-circus/build/run.js:208:3)
    at _runTestsForDescribeBlock (/Users/chrisvelgersdyk/Desktop/carbon-coverall/carbon-coverall-poc/node_modules/jest-circus/build/run.js:96:9)
    at _runTestsForDescribeBlock (/Users/chrisvelgersdyk/Desktop/carbon-coverall/carbon-coverall-poc/node_modules/jest-circus/build/run.js:90:9)</failure>
    </testcase>
    <testcase classname="@carbon/react/scss scss/components/data-table/action should be importable" name="@carbon/react/scss scss/components/data-table/action should be importable" time="0.081">
      <failure>Error: expect(received).resolves.toBeDefined()

Received promise rejected instead of resolved
Rejected to value: [Error: Can&apos;t find stylesheet to import.
  ╷
8 │ @forward &apos;./generated/fluid-spacing&apos;;
  │ ^^^^^^^^^^^^^^^^^^^^^^^^^^^^^^^^^^^^
  ╵
  node_modules/@carbon/layout/scss/_spacing.scss 8:1                                         @forward
  node_modules/@carbon/styles/scss/_spacing.scss 8:1                                         @use
  node_modules/@carbon/styles/scss/components/button/_vars.scss 8:1                          @forward
  node_modules/@carbon/styles/scss/components/button/_index.scss 8:1                         @use
  node_modules/@carbon/styles/scss/components/data-table/action/_data-table-action.scss 8:1  @forward
  node_modules/@carbon/styles/scss/components/data-table/action/_index.scss 8:1              @forward
  packages/carbon-components-react/scss/components/data-table/action/_index.scss 9:1         @use
  stdin 2:1                                                                                  root stylesheet]
    at expect (/Users/chrisvelgersdyk/Desktop/carbon-coverall/carbon-coverall-poc/node_modules/expect/build/index.js:128:15)
    at Object.expect (/Users/chrisvelgersdyk/Desktop/carbon-coverall/carbon-coverall-poc/packages/carbon-components-react/__tests__/scss-test.js:24:13)
    at Promise.then.completed (/Users/chrisvelgersdyk/Desktop/carbon-coverall/carbon-coverall-poc/node_modules/jest-circus/build/utils.js:333:28)
    at new Promise (&lt;anonymous&gt;)
    at callAsyncCircusFn (/Users/chrisvelgersdyk/Desktop/carbon-coverall/carbon-coverall-poc/node_modules/jest-circus/build/utils.js:259:10)
    at _callCircusTest (/Users/chrisvelgersdyk/Desktop/carbon-coverall/carbon-coverall-poc/node_modules/jest-circus/build/run.js:276:40)
    at processTicksAndRejections (node:internal/process/task_queues:95:5)
    at _runTest (/Users/chrisvelgersdyk/Desktop/carbon-coverall/carbon-coverall-poc/node_modules/jest-circus/build/run.js:208:3)
    at _runTestsForDescribeBlock (/Users/chrisvelgersdyk/Desktop/carbon-coverall/carbon-coverall-poc/node_modules/jest-circus/build/run.js:96:9)
    at _runTestsForDescribeBlock (/Users/chrisvelgersdyk/Desktop/carbon-coverall/carbon-coverall-poc/node_modules/jest-circus/build/run.js:90:9)</failure>
    </testcase>
    <testcase classname="@carbon/react/scss scss/components/data-table/expandable/data-table-expandable should be importable" name="@carbon/react/scss scss/components/data-table/expandable/data-table-expandable should be importable" time="0.016">
      <failure>Error: expect(received).resolves.toBeDefined()

Received promise rejected instead of resolved
Rejected to value: [Error: Can&apos;t find stylesheet to import.
  ╷
8 │ @forward &apos;./generated/fluid-spacing&apos;;
  │ ^^^^^^^^^^^^^^^^^^^^^^^^^^^^^^^^^^^^
  ╵
  node_modules/@carbon/layout/scss/_spacing.scss 8:1                                                      @forward
  node_modules/@carbon/styles/scss/_spacing.scss 8:1                                                      @use
  node_modules/@carbon/styles/scss/components/button/_vars.scss 8:1                                       @forward
  node_modules/@carbon/styles/scss/components/button/_index.scss 8:1                                      @use
  node_modules/@carbon/styles/scss/components/data-table/action/_data-table-action.scss 8:1               @forward
  node_modules/@carbon/styles/scss/components/data-table/action/_index.scss 8:1                           @use
  node_modules/@carbon/styles/scss/components/data-table/expandable/_data-table-expandable.scss 8:1       @forward
  packages/carbon-components-react/scss/components/data-table/expandable/_data-table-expandable.scss 9:1  @use
  stdin 2:1                                                                                               root stylesheet]
    at expect (/Users/chrisvelgersdyk/Desktop/carbon-coverall/carbon-coverall-poc/node_modules/expect/build/index.js:128:15)
    at Object.expect (/Users/chrisvelgersdyk/Desktop/carbon-coverall/carbon-coverall-poc/packages/carbon-components-react/__tests__/scss-test.js:24:13)
    at Promise.then.completed (/Users/chrisvelgersdyk/Desktop/carbon-coverall/carbon-coverall-poc/node_modules/jest-circus/build/utils.js:333:28)
    at new Promise (&lt;anonymous&gt;)
    at callAsyncCircusFn (/Users/chrisvelgersdyk/Desktop/carbon-coverall/carbon-coverall-poc/node_modules/jest-circus/build/utils.js:259:10)
    at _callCircusTest (/Users/chrisvelgersdyk/Desktop/carbon-coverall/carbon-coverall-poc/node_modules/jest-circus/build/run.js:276:40)
    at processTicksAndRejections (node:internal/process/task_queues:95:5)
    at _runTest (/Users/chrisvelgersdyk/Desktop/carbon-coverall/carbon-coverall-poc/node_modules/jest-circus/build/run.js:208:3)
    at _runTestsForDescribeBlock (/Users/chrisvelgersdyk/Desktop/carbon-coverall/carbon-coverall-poc/node_modules/jest-circus/build/run.js:96:9)
    at _runTestsForDescribeBlock (/Users/chrisvelgersdyk/Desktop/carbon-coverall/carbon-coverall-poc/node_modules/jest-circus/build/run.js:90:9)</failure>
    </testcase>
    <testcase classname="@carbon/react/scss scss/components/data-table/expandable should be importable" name="@carbon/react/scss scss/components/data-table/expandable should be importable" time="0.024">
      <failure>Error: expect(received).resolves.toBeDefined()

Received promise rejected instead of resolved
Rejected to value: [Error: Can&apos;t find stylesheet to import.
  ╷
8 │ @forward &apos;./generated/fluid-spacing&apos;;
  │ ^^^^^^^^^^^^^^^^^^^^^^^^^^^^^^^^^^^^
  ╵
  node_modules/@carbon/layout/scss/_spacing.scss 8:1                                                 @forward
  node_modules/@carbon/styles/scss/_spacing.scss 8:1                                                 @use
  node_modules/@carbon/styles/scss/components/button/_vars.scss 8:1                                  @forward
  node_modules/@carbon/styles/scss/components/button/_index.scss 8:1                                 @use
  node_modules/@carbon/styles/scss/components/data-table/action/_data-table-action.scss 8:1          @forward
  node_modules/@carbon/styles/scss/components/data-table/action/_index.scss 8:1                      @use
  node_modules/@carbon/styles/scss/components/data-table/expandable/_data-table-expandable.scss 8:1  @forward
  node_modules/@carbon/styles/scss/components/data-table/expandable/_index.scss 8:1                  @forward
  packages/carbon-components-react/scss/components/data-table/expandable/_index.scss 9:1             @use
  stdin 2:1                                                                                          root stylesheet]
    at expect (/Users/chrisvelgersdyk/Desktop/carbon-coverall/carbon-coverall-poc/node_modules/expect/build/index.js:128:15)
    at Object.expect (/Users/chrisvelgersdyk/Desktop/carbon-coverall/carbon-coverall-poc/packages/carbon-components-react/__tests__/scss-test.js:24:13)
    at Promise.then.completed (/Users/chrisvelgersdyk/Desktop/carbon-coverall/carbon-coverall-poc/node_modules/jest-circus/build/utils.js:333:28)
    at new Promise (&lt;anonymous&gt;)
    at callAsyncCircusFn (/Users/chrisvelgersdyk/Desktop/carbon-coverall/carbon-coverall-poc/node_modules/jest-circus/build/utils.js:259:10)
    at _callCircusTest (/Users/chrisvelgersdyk/Desktop/carbon-coverall/carbon-coverall-poc/node_modules/jest-circus/build/run.js:276:40)
    at processTicksAndRejections (node:internal/process/task_queues:95:5)
    at _runTest (/Users/chrisvelgersdyk/Desktop/carbon-coverall/carbon-coverall-poc/node_modules/jest-circus/build/run.js:208:3)
    at _runTestsForDescribeBlock (/Users/chrisvelgersdyk/Desktop/carbon-coverall/carbon-coverall-poc/node_modules/jest-circus/build/run.js:96:9)
    at _runTestsForDescribeBlock (/Users/chrisvelgersdyk/Desktop/carbon-coverall/carbon-coverall-poc/node_modules/jest-circus/build/run.js:90:9)</failure>
    </testcase>
    <testcase classname="@carbon/react/scss scss/components/data-table/skeleton/data-table-skeleton should be importable" name="@carbon/react/scss scss/components/data-table/skeleton/data-table-skeleton should be importable" time="0.006">
      <failure>Error: expect(received).resolves.toBeDefined()

Received promise rejected instead of resolved
Rejected to value: [Error: Can&apos;t find stylesheet to import.
  ╷
8 │ @forward &apos;./generated/fluid-spacing&apos;;
  │ ^^^^^^^^^^^^^^^^^^^^^^^^^^^^^^^^^^^^
  ╵
  node_modules/@carbon/layout/scss/_spacing.scss 8:1                                                  @forward
  node_modules/@carbon/styles/scss/_spacing.scss 8:1                                                  @use
  node_modules/@carbon/styles/scss/components/data-table/skeleton/_data-table-skeleton.scss 9:1       @forward
  packages/carbon-components-react/scss/components/data-table/skeleton/_data-table-skeleton.scss 9:1  @use
  stdin 2:1                                                                                           root stylesheet]
    at expect (/Users/chrisvelgersdyk/Desktop/carbon-coverall/carbon-coverall-poc/node_modules/expect/build/index.js:128:15)
    at Object.expect (/Users/chrisvelgersdyk/Desktop/carbon-coverall/carbon-coverall-poc/packages/carbon-components-react/__tests__/scss-test.js:24:13)
    at Promise.then.completed (/Users/chrisvelgersdyk/Desktop/carbon-coverall/carbon-coverall-poc/node_modules/jest-circus/build/utils.js:333:28)
    at new Promise (&lt;anonymous&gt;)
    at callAsyncCircusFn (/Users/chrisvelgersdyk/Desktop/carbon-coverall/carbon-coverall-poc/node_modules/jest-circus/build/utils.js:259:10)
    at _callCircusTest (/Users/chrisvelgersdyk/Desktop/carbon-coverall/carbon-coverall-poc/node_modules/jest-circus/build/run.js:276:40)
    at processTicksAndRejections (node:internal/process/task_queues:95:5)
    at _runTest (/Users/chrisvelgersdyk/Desktop/carbon-coverall/carbon-coverall-poc/node_modules/jest-circus/build/run.js:208:3)
    at _runTestsForDescribeBlock (/Users/chrisvelgersdyk/Desktop/carbon-coverall/carbon-coverall-poc/node_modules/jest-circus/build/run.js:96:9)
    at _runTestsForDescribeBlock (/Users/chrisvelgersdyk/Desktop/carbon-coverall/carbon-coverall-poc/node_modules/jest-circus/build/run.js:90:9)</failure>
    </testcase>
    <testcase classname="@carbon/react/scss scss/components/data-table/skeleton should be importable" name="@carbon/react/scss scss/components/data-table/skeleton should be importable" time="0.009">
      <failure>Error: expect(received).resolves.toBeDefined()

Received promise rejected instead of resolved
Rejected to value: [Error: Can&apos;t find stylesheet to import.
  ╷
8 │ @forward &apos;./generated/fluid-spacing&apos;;
  │ ^^^^^^^^^^^^^^^^^^^^^^^^^^^^^^^^^^^^
  ╵
  node_modules/@carbon/layout/scss/_spacing.scss 8:1                                             @forward
  node_modules/@carbon/styles/scss/_spacing.scss 8:1                                             @use
  node_modules/@carbon/styles/scss/components/data-table/skeleton/_data-table-skeleton.scss 9:1  @forward
  node_modules/@carbon/styles/scss/components/data-table/skeleton/_index.scss 8:1                @forward
  packages/carbon-components-react/scss/components/data-table/skeleton/_index.scss 9:1           @use
  stdin 2:1                                                                                      root stylesheet]
    at expect (/Users/chrisvelgersdyk/Desktop/carbon-coverall/carbon-coverall-poc/node_modules/expect/build/index.js:128:15)
    at Object.expect (/Users/chrisvelgersdyk/Desktop/carbon-coverall/carbon-coverall-poc/packages/carbon-components-react/__tests__/scss-test.js:24:13)
    at Promise.then.completed (/Users/chrisvelgersdyk/Desktop/carbon-coverall/carbon-coverall-poc/node_modules/jest-circus/build/utils.js:333:28)
    at new Promise (&lt;anonymous&gt;)
    at callAsyncCircusFn (/Users/chrisvelgersdyk/Desktop/carbon-coverall/carbon-coverall-poc/node_modules/jest-circus/build/utils.js:259:10)
    at _callCircusTest (/Users/chrisvelgersdyk/Desktop/carbon-coverall/carbon-coverall-poc/node_modules/jest-circus/build/run.js:276:40)
    at processTicksAndRejections (node:internal/process/task_queues:95:5)
    at _runTest (/Users/chrisvelgersdyk/Desktop/carbon-coverall/carbon-coverall-poc/node_modules/jest-circus/build/run.js:208:3)
    at _runTestsForDescribeBlock (/Users/chrisvelgersdyk/Desktop/carbon-coverall/carbon-coverall-poc/node_modules/jest-circus/build/run.js:96:9)
    at _runTestsForDescribeBlock (/Users/chrisvelgersdyk/Desktop/carbon-coverall/carbon-coverall-poc/node_modules/jest-circus/build/run.js:90:9)</failure>
    </testcase>
    <testcase classname="@carbon/react/scss scss/components/data-table/sort/data-table-sort should be importable" name="@carbon/react/scss scss/components/data-table/sort/data-table-sort should be importable" time="0.012">
      <failure>Error: expect(received).resolves.toBeDefined()

Received promise rejected instead of resolved
Rejected to value: [Error: Can&apos;t find stylesheet to import.
  ╷
8 │ @forward &apos;generated/themes&apos;;
  │ ^^^^^^^^^^^^^^^^^^^^^^^^^^^
  ╵
  node_modules/@carbon/themes/scss/compat/_themes.scss 8:1                                    @use
  node_modules/@carbon/styles/scss/compat/_themes.scss 9:1                                    @use
  node_modules/@carbon/styles/scss/theme/_theme.scss 12:1                                     @forward
  node_modules/@carbon/styles/scss/_theme.scss 8:1                                            @use
  node_modules/@carbon/styles/scss/components/data-table/_vars.scss 8:1                       @use
  node_modules/@carbon/styles/scss/components/data-table/sort/_data-table-sort.scss 7:1       @forward
  packages/carbon-components-react/scss/components/data-table/sort/_data-table-sort.scss 9:1  @use
  stdin 2:1                                                                                   root stylesheet]
    at expect (/Users/chrisvelgersdyk/Desktop/carbon-coverall/carbon-coverall-poc/node_modules/expect/build/index.js:128:15)
    at Object.expect (/Users/chrisvelgersdyk/Desktop/carbon-coverall/carbon-coverall-poc/packages/carbon-components-react/__tests__/scss-test.js:24:13)
    at Promise.then.completed (/Users/chrisvelgersdyk/Desktop/carbon-coverall/carbon-coverall-poc/node_modules/jest-circus/build/utils.js:333:28)
    at new Promise (&lt;anonymous&gt;)
    at callAsyncCircusFn (/Users/chrisvelgersdyk/Desktop/carbon-coverall/carbon-coverall-poc/node_modules/jest-circus/build/utils.js:259:10)
    at _callCircusTest (/Users/chrisvelgersdyk/Desktop/carbon-coverall/carbon-coverall-poc/node_modules/jest-circus/build/run.js:276:40)
    at processTicksAndRejections (node:internal/process/task_queues:95:5)
    at _runTest (/Users/chrisvelgersdyk/Desktop/carbon-coverall/carbon-coverall-poc/node_modules/jest-circus/build/run.js:208:3)
    at _runTestsForDescribeBlock (/Users/chrisvelgersdyk/Desktop/carbon-coverall/carbon-coverall-poc/node_modules/jest-circus/build/run.js:96:9)
    at _runTestsForDescribeBlock (/Users/chrisvelgersdyk/Desktop/carbon-coverall/carbon-coverall-poc/node_modules/jest-circus/build/run.js:90:9)</failure>
    </testcase>
    <testcase classname="@carbon/react/scss scss/components/data-table/sort should be importable" name="@carbon/react/scss scss/components/data-table/sort should be importable" time="0.008">
      <failure>Error: expect(received).resolves.toBeDefined()

Received promise rejected instead of resolved
Rejected to value: [Error: Can&apos;t find stylesheet to import.
  ╷
8 │ @forward &apos;generated/themes&apos;;
  │ ^^^^^^^^^^^^^^^^^^^^^^^^^^^
  ╵
  node_modules/@carbon/themes/scss/compat/_themes.scss 8:1                               @use
  node_modules/@carbon/styles/scss/compat/_themes.scss 9:1                               @use
  node_modules/@carbon/styles/scss/theme/_theme.scss 12:1                                @forward
  node_modules/@carbon/styles/scss/_theme.scss 8:1                                       @use
  node_modules/@carbon/styles/scss/components/data-table/_vars.scss 8:1                  @use
  node_modules/@carbon/styles/scss/components/data-table/sort/_data-table-sort.scss 7:1  @forward
  node_modules/@carbon/styles/scss/components/data-table/sort/_index.scss 8:1            @forward
  packages/carbon-components-react/scss/components/data-table/sort/_index.scss 9:1       @use
  stdin 2:1                                                                              root stylesheet]
    at expect (/Users/chrisvelgersdyk/Desktop/carbon-coverall/carbon-coverall-poc/node_modules/expect/build/index.js:128:15)
    at Object.expect (/Users/chrisvelgersdyk/Desktop/carbon-coverall/carbon-coverall-poc/packages/carbon-components-react/__tests__/scss-test.js:24:13)
    at Promise.then.completed (/Users/chrisvelgersdyk/Desktop/carbon-coverall/carbon-coverall-poc/node_modules/jest-circus/build/utils.js:333:28)
    at new Promise (&lt;anonymous&gt;)
    at callAsyncCircusFn (/Users/chrisvelgersdyk/Desktop/carbon-coverall/carbon-coverall-poc/node_modules/jest-circus/build/utils.js:259:10)
    at _callCircusTest (/Users/chrisvelgersdyk/Desktop/carbon-coverall/carbon-coverall-poc/node_modules/jest-circus/build/run.js:276:40)
    at processTicksAndRejections (node:internal/process/task_queues:95:5)
    at _runTest (/Users/chrisvelgersdyk/Desktop/carbon-coverall/carbon-coverall-poc/node_modules/jest-circus/build/run.js:208:3)
    at _runTestsForDescribeBlock (/Users/chrisvelgersdyk/Desktop/carbon-coverall/carbon-coverall-poc/node_modules/jest-circus/build/run.js:96:9)
    at _runTestsForDescribeBlock (/Users/chrisvelgersdyk/Desktop/carbon-coverall/carbon-coverall-poc/node_modules/jest-circus/build/run.js:90:9)</failure>
    </testcase>
    <testcase classname="@carbon/react/scss scss/components/date-picker/date-picker should be importable" name="@carbon/react/scss scss/components/date-picker/date-picker should be importable" time="0.025">
      <failure>Error: expect(received).resolves.toBeDefined()

Received promise rejected instead of resolved
Rejected to value: [Error: Can&apos;t find stylesheet to import.
  ╷
8 │ @forward &apos;generated/themes&apos;;
  │ ^^^^^^^^^^^^^^^^^^^^^^^^^^^
  ╵
  node_modules/@carbon/themes/scss/compat/_themes.scss 8:1                            @use
  node_modules/@carbon/styles/scss/compat/_themes.scss 9:1                            @use
  node_modules/@carbon/styles/scss/theme/_theme.scss 12:1                             @forward
  node_modules/@carbon/styles/scss/_theme.scss 8:1                                    @use
  node_modules/@carbon/styles/scss/components/date-picker/_flatpickr.scss 9:1         @use
  node_modules/@carbon/styles/scss/components/date-picker/_date-picker.scss 8:1       @forward
  packages/carbon-components-react/scss/components/date-picker/_date-picker.scss 9:1  @use
  stdin 2:1                                                                           root stylesheet]
    at expect (/Users/chrisvelgersdyk/Desktop/carbon-coverall/carbon-coverall-poc/node_modules/expect/build/index.js:128:15)
    at Object.expect (/Users/chrisvelgersdyk/Desktop/carbon-coverall/carbon-coverall-poc/packages/carbon-components-react/__tests__/scss-test.js:24:13)
    at Promise.then.completed (/Users/chrisvelgersdyk/Desktop/carbon-coverall/carbon-coverall-poc/node_modules/jest-circus/build/utils.js:333:28)
    at new Promise (&lt;anonymous&gt;)
    at callAsyncCircusFn (/Users/chrisvelgersdyk/Desktop/carbon-coverall/carbon-coverall-poc/node_modules/jest-circus/build/utils.js:259:10)
    at _callCircusTest (/Users/chrisvelgersdyk/Desktop/carbon-coverall/carbon-coverall-poc/node_modules/jest-circus/build/run.js:276:40)
    at processTicksAndRejections (node:internal/process/task_queues:95:5)
    at _runTest (/Users/chrisvelgersdyk/Desktop/carbon-coverall/carbon-coverall-poc/node_modules/jest-circus/build/run.js:208:3)
    at _runTestsForDescribeBlock (/Users/chrisvelgersdyk/Desktop/carbon-coverall/carbon-coverall-poc/node_modules/jest-circus/build/run.js:96:9)
    at _runTestsForDescribeBlock (/Users/chrisvelgersdyk/Desktop/carbon-coverall/carbon-coverall-poc/node_modules/jest-circus/build/run.js:90:9)</failure>
    </testcase>
    <testcase classname="@carbon/react/scss scss/components/date-picker should be importable" name="@carbon/react/scss scss/components/date-picker should be importable" time="0.024">
      <failure>Error: expect(received).resolves.toBeDefined()

Received promise rejected instead of resolved
Rejected to value: [Error: Can&apos;t find stylesheet to import.
  ╷
8 │ @forward &apos;generated/themes&apos;;
  │ ^^^^^^^^^^^^^^^^^^^^^^^^^^^
  ╵
  node_modules/@carbon/themes/scss/compat/_themes.scss 8:1                       @use
  node_modules/@carbon/styles/scss/compat/_themes.scss 9:1                       @use
  node_modules/@carbon/styles/scss/theme/_theme.scss 12:1                        @forward
  node_modules/@carbon/styles/scss/_theme.scss 8:1                               @use
  node_modules/@carbon/styles/scss/components/date-picker/_flatpickr.scss 9:1    @use
  node_modules/@carbon/styles/scss/components/date-picker/_date-picker.scss 8:1  @forward
  node_modules/@carbon/styles/scss/components/date-picker/_index.scss 8:1        @forward
  packages/carbon-components-react/scss/components/date-picker/_index.scss 9:1   @use
  stdin 2:1                                                                      root stylesheet]
    at expect (/Users/chrisvelgersdyk/Desktop/carbon-coverall/carbon-coverall-poc/node_modules/expect/build/index.js:128:15)
    at Object.expect (/Users/chrisvelgersdyk/Desktop/carbon-coverall/carbon-coverall-poc/packages/carbon-components-react/__tests__/scss-test.js:24:13)
    at Promise.then.completed (/Users/chrisvelgersdyk/Desktop/carbon-coverall/carbon-coverall-poc/node_modules/jest-circus/build/utils.js:333:28)
    at new Promise (&lt;anonymous&gt;)
    at callAsyncCircusFn (/Users/chrisvelgersdyk/Desktop/carbon-coverall/carbon-coverall-poc/node_modules/jest-circus/build/utils.js:259:10)
    at _callCircusTest (/Users/chrisvelgersdyk/Desktop/carbon-coverall/carbon-coverall-poc/node_modules/jest-circus/build/run.js:276:40)
    at processTicksAndRejections (node:internal/process/task_queues:95:5)
    at _runTest (/Users/chrisvelgersdyk/Desktop/carbon-coverall/carbon-coverall-poc/node_modules/jest-circus/build/run.js:208:3)
    at _runTestsForDescribeBlock (/Users/chrisvelgersdyk/Desktop/carbon-coverall/carbon-coverall-poc/node_modules/jest-circus/build/run.js:96:9)
    at _runTestsForDescribeBlock (/Users/chrisvelgersdyk/Desktop/carbon-coverall/carbon-coverall-poc/node_modules/jest-circus/build/run.js:90:9)</failure>
    </testcase>
    <testcase classname="@carbon/react/scss scss/components/dropdown/dropdown should be importable" name="@carbon/react/scss scss/components/dropdown/dropdown should be importable" time="0.053">
      <failure>Error: expect(received).resolves.toBeDefined()

Received promise rejected instead of resolved
Rejected to value: [Error: Can&apos;t find stylesheet to import.
  ╷
8 │ @forward &apos;generated/themes&apos;;
  │ ^^^^^^^^^^^^^^^^^^^^^^^^^^^
  ╵
  node_modules/@carbon/themes/scss/_themes.scss 8:1                             @forward
  node_modules/@carbon/styles/scss/_themes.scss 9:1                             @use
  node_modules/@carbon/styles/scss/components/button/_tokens.scss 10:1          @use
  node_modules/@carbon/styles/scss/components/list-box/_list-box.scss 8:1       @forward
  node_modules/@carbon/styles/scss/components/list-box/_index.scss 8:1          @use
  node_modules/@carbon/styles/scss/components/dropdown/_dropdown.scss 8:1       @forward
  packages/carbon-components-react/scss/components/dropdown/_dropdown.scss 9:1  @use
  stdin 2:1                                                                     root stylesheet]
    at expect (/Users/chrisvelgersdyk/Desktop/carbon-coverall/carbon-coverall-poc/node_modules/expect/build/index.js:128:15)
    at Object.expect (/Users/chrisvelgersdyk/Desktop/carbon-coverall/carbon-coverall-poc/packages/carbon-components-react/__tests__/scss-test.js:24:13)
    at Promise.then.completed (/Users/chrisvelgersdyk/Desktop/carbon-coverall/carbon-coverall-poc/node_modules/jest-circus/build/utils.js:333:28)
    at new Promise (&lt;anonymous&gt;)
    at callAsyncCircusFn (/Users/chrisvelgersdyk/Desktop/carbon-coverall/carbon-coverall-poc/node_modules/jest-circus/build/utils.js:259:10)
    at _callCircusTest (/Users/chrisvelgersdyk/Desktop/carbon-coverall/carbon-coverall-poc/node_modules/jest-circus/build/run.js:276:40)
    at processTicksAndRejections (node:internal/process/task_queues:95:5)
    at _runTest (/Users/chrisvelgersdyk/Desktop/carbon-coverall/carbon-coverall-poc/node_modules/jest-circus/build/run.js:208:3)
    at _runTestsForDescribeBlock (/Users/chrisvelgersdyk/Desktop/carbon-coverall/carbon-coverall-poc/node_modules/jest-circus/build/run.js:96:9)
    at _runTestsForDescribeBlock (/Users/chrisvelgersdyk/Desktop/carbon-coverall/carbon-coverall-poc/node_modules/jest-circus/build/run.js:90:9)</failure>
    </testcase>
    <testcase classname="@carbon/react/scss scss/components/dropdown should be importable" name="@carbon/react/scss scss/components/dropdown should be importable" time="0.043">
      <failure>Error: expect(received).resolves.toBeDefined()

Received promise rejected instead of resolved
Rejected to value: [Error: Can&apos;t find stylesheet to import.
  ╷
8 │ @forward &apos;generated/themes&apos;;
  │ ^^^^^^^^^^^^^^^^^^^^^^^^^^^
  ╵
  node_modules/@carbon/themes/scss/_themes.scss 8:1                          @forward
  node_modules/@carbon/styles/scss/_themes.scss 9:1                          @use
  node_modules/@carbon/styles/scss/components/button/_tokens.scss 10:1       @use
  node_modules/@carbon/styles/scss/components/list-box/_list-box.scss 8:1    @forward
  node_modules/@carbon/styles/scss/components/list-box/_index.scss 8:1       @use
  node_modules/@carbon/styles/scss/components/dropdown/_dropdown.scss 8:1    @forward
  node_modules/@carbon/styles/scss/components/dropdown/_index.scss 8:1       @forward
  packages/carbon-components-react/scss/components/dropdown/_index.scss 9:1  @use
  stdin 2:1                                                                  root stylesheet]
    at expect (/Users/chrisvelgersdyk/Desktop/carbon-coverall/carbon-coverall-poc/node_modules/expect/build/index.js:128:15)
    at Object.expect (/Users/chrisvelgersdyk/Desktop/carbon-coverall/carbon-coverall-poc/packages/carbon-components-react/__tests__/scss-test.js:24:13)
    at Promise.then.completed (/Users/chrisvelgersdyk/Desktop/carbon-coverall/carbon-coverall-poc/node_modules/jest-circus/build/utils.js:333:28)
    at new Promise (&lt;anonymous&gt;)
    at callAsyncCircusFn (/Users/chrisvelgersdyk/Desktop/carbon-coverall/carbon-coverall-poc/node_modules/jest-circus/build/utils.js:259:10)
    at _callCircusTest (/Users/chrisvelgersdyk/Desktop/carbon-coverall/carbon-coverall-poc/node_modules/jest-circus/build/run.js:276:40)
    at processTicksAndRejections (node:internal/process/task_queues:95:5)
    at _runTest (/Users/chrisvelgersdyk/Desktop/carbon-coverall/carbon-coverall-poc/node_modules/jest-circus/build/run.js:208:3)
    at _runTestsForDescribeBlock (/Users/chrisvelgersdyk/Desktop/carbon-coverall/carbon-coverall-poc/node_modules/jest-circus/build/run.js:96:9)
    at _runTestsForDescribeBlock (/Users/chrisvelgersdyk/Desktop/carbon-coverall/carbon-coverall-poc/node_modules/jest-circus/build/run.js:90:9)</failure>
    </testcase>
    <testcase classname="@carbon/react/scss scss/components/file-uploader/file-uploader should be importable" name="@carbon/react/scss scss/components/file-uploader/file-uploader should be importable" time="0.03">
      <failure>Error: expect(received).resolves.toBeDefined()

Received promise rejected instead of resolved
Rejected to value: [Error: Can&apos;t find stylesheet to import.
  ╷
8 │ @forward &apos;./generated/fluid-spacing&apos;;
  │ ^^^^^^^^^^^^^^^^^^^^^^^^^^^^^^^^^^^^
  ╵
  node_modules/@carbon/layout/scss/_spacing.scss 8:1                                      @forward
  node_modules/@carbon/styles/scss/_spacing.scss 8:1                                      @use
  node_modules/@carbon/styles/scss/components/file-uploader/_file-uploader.scss 11:1      @forward
  packages/carbon-components-react/scss/components/file-uploader/_file-uploader.scss 9:1  @use
  stdin 2:1                                                                               root stylesheet]
    at expect (/Users/chrisvelgersdyk/Desktop/carbon-coverall/carbon-coverall-poc/node_modules/expect/build/index.js:128:15)
    at Object.expect (/Users/chrisvelgersdyk/Desktop/carbon-coverall/carbon-coverall-poc/packages/carbon-components-react/__tests__/scss-test.js:24:13)
    at Promise.then.completed (/Users/chrisvelgersdyk/Desktop/carbon-coverall/carbon-coverall-poc/node_modules/jest-circus/build/utils.js:333:28)
    at new Promise (&lt;anonymous&gt;)
    at callAsyncCircusFn (/Users/chrisvelgersdyk/Desktop/carbon-coverall/carbon-coverall-poc/node_modules/jest-circus/build/utils.js:259:10)
    at _callCircusTest (/Users/chrisvelgersdyk/Desktop/carbon-coverall/carbon-coverall-poc/node_modules/jest-circus/build/run.js:276:40)
    at processTicksAndRejections (node:internal/process/task_queues:95:5)
    at _runTest (/Users/chrisvelgersdyk/Desktop/carbon-coverall/carbon-coverall-poc/node_modules/jest-circus/build/run.js:208:3)
    at _runTestsForDescribeBlock (/Users/chrisvelgersdyk/Desktop/carbon-coverall/carbon-coverall-poc/node_modules/jest-circus/build/run.js:96:9)
    at _runTestsForDescribeBlock (/Users/chrisvelgersdyk/Desktop/carbon-coverall/carbon-coverall-poc/node_modules/jest-circus/build/run.js:90:9)</failure>
    </testcase>
    <testcase classname="@carbon/react/scss scss/components/file-uploader should be importable" name="@carbon/react/scss scss/components/file-uploader should be importable" time="0.021">
      <failure>Error: expect(received).resolves.toBeDefined()

Received promise rejected instead of resolved
Rejected to value: [Error: Can&apos;t find stylesheet to import.
  ╷
8 │ @forward &apos;./generated/fluid-spacing&apos;;
  │ ^^^^^^^^^^^^^^^^^^^^^^^^^^^^^^^^^^^^
  ╵
  node_modules/@carbon/layout/scss/_spacing.scss 8:1                                  @forward
  node_modules/@carbon/styles/scss/_spacing.scss 8:1                                  @use
  node_modules/@carbon/styles/scss/components/file-uploader/_file-uploader.scss 11:1  @forward
  node_modules/@carbon/styles/scss/components/file-uploader/_index.scss 8:1           @forward
  packages/carbon-components-react/scss/components/file-uploader/_index.scss 9:1      @use
  stdin 2:1                                                                           root stylesheet]
    at expect (/Users/chrisvelgersdyk/Desktop/carbon-coverall/carbon-coverall-poc/node_modules/expect/build/index.js:128:15)
    at Object.expect (/Users/chrisvelgersdyk/Desktop/carbon-coverall/carbon-coverall-poc/packages/carbon-components-react/__tests__/scss-test.js:24:13)
    at Promise.then.completed (/Users/chrisvelgersdyk/Desktop/carbon-coverall/carbon-coverall-poc/node_modules/jest-circus/build/utils.js:333:28)
    at new Promise (&lt;anonymous&gt;)
    at callAsyncCircusFn (/Users/chrisvelgersdyk/Desktop/carbon-coverall/carbon-coverall-poc/node_modules/jest-circus/build/utils.js:259:10)
    at _callCircusTest (/Users/chrisvelgersdyk/Desktop/carbon-coverall/carbon-coverall-poc/node_modules/jest-circus/build/run.js:276:40)
    at processTicksAndRejections (node:internal/process/task_queues:95:5)
    at _runTest (/Users/chrisvelgersdyk/Desktop/carbon-coverall/carbon-coverall-poc/node_modules/jest-circus/build/run.js:208:3)
    at _runTestsForDescribeBlock (/Users/chrisvelgersdyk/Desktop/carbon-coverall/carbon-coverall-poc/node_modules/jest-circus/build/run.js:96:9)
    at _runTestsForDescribeBlock (/Users/chrisvelgersdyk/Desktop/carbon-coverall/carbon-coverall-poc/node_modules/jest-circus/build/run.js:90:9)</failure>
    </testcase>
    <testcase classname="@carbon/react/scss scss/components/form/form should be importable" name="@carbon/react/scss scss/components/form/form should be importable" time="0.008">
      <failure>Error: expect(received).resolves.toBeDefined()

Received promise rejected instead of resolved
Rejected to value: [Error: Can&apos;t find stylesheet to import.
  ╷
8 │ @forward &apos;./generated/fluid-spacing&apos;;
  │ ^^^^^^^^^^^^^^^^^^^^^^^^^^^^^^^^^^^^
  ╵
  node_modules/@carbon/layout/scss/_spacing.scss 8:1                    @forward
  node_modules/@carbon/styles/scss/_spacing.scss 8:1                    @use
  node_modules/@carbon/styles/scss/components/form/_form.scss 9:1       @forward
  packages/carbon-components-react/scss/components/form/_form.scss 9:1  @use
  stdin 2:1                                                             root stylesheet]
    at expect (/Users/chrisvelgersdyk/Desktop/carbon-coverall/carbon-coverall-poc/node_modules/expect/build/index.js:128:15)
    at Object.expect (/Users/chrisvelgersdyk/Desktop/carbon-coverall/carbon-coverall-poc/packages/carbon-components-react/__tests__/scss-test.js:24:13)
    at Promise.then.completed (/Users/chrisvelgersdyk/Desktop/carbon-coverall/carbon-coverall-poc/node_modules/jest-circus/build/utils.js:333:28)
    at new Promise (&lt;anonymous&gt;)
    at callAsyncCircusFn (/Users/chrisvelgersdyk/Desktop/carbon-coverall/carbon-coverall-poc/node_modules/jest-circus/build/utils.js:259:10)
    at _callCircusTest (/Users/chrisvelgersdyk/Desktop/carbon-coverall/carbon-coverall-poc/node_modules/jest-circus/build/run.js:276:40)
    at processTicksAndRejections (node:internal/process/task_queues:95:5)
    at _runTest (/Users/chrisvelgersdyk/Desktop/carbon-coverall/carbon-coverall-poc/node_modules/jest-circus/build/run.js:208:3)
    at _runTestsForDescribeBlock (/Users/chrisvelgersdyk/Desktop/carbon-coverall/carbon-coverall-poc/node_modules/jest-circus/build/run.js:96:9)
    at _runTestsForDescribeBlock (/Users/chrisvelgersdyk/Desktop/carbon-coverall/carbon-coverall-poc/node_modules/jest-circus/build/run.js:90:9)</failure>
    </testcase>
    <testcase classname="@carbon/react/scss scss/components/form should be importable" name="@carbon/react/scss scss/components/form should be importable" time="0.009">
      <failure>Error: expect(received).resolves.toBeDefined()

Received promise rejected instead of resolved
Rejected to value: [Error: Can&apos;t find stylesheet to import.
  ╷
8 │ @forward &apos;./generated/fluid-spacing&apos;;
  │ ^^^^^^^^^^^^^^^^^^^^^^^^^^^^^^^^^^^^
  ╵
  node_modules/@carbon/layout/scss/_spacing.scss 8:1                     @forward
  node_modules/@carbon/styles/scss/_spacing.scss 8:1                     @use
  node_modules/@carbon/styles/scss/components/form/_form.scss 9:1        @forward
  node_modules/@carbon/styles/scss/components/form/_index.scss 8:1       @forward
  packages/carbon-components-react/scss/components/form/_index.scss 9:1  @use
  stdin 2:1                                                              root stylesheet]
    at expect (/Users/chrisvelgersdyk/Desktop/carbon-coverall/carbon-coverall-poc/node_modules/expect/build/index.js:128:15)
    at Object.expect (/Users/chrisvelgersdyk/Desktop/carbon-coverall/carbon-coverall-poc/packages/carbon-components-react/__tests__/scss-test.js:24:13)
    at Promise.then.completed (/Users/chrisvelgersdyk/Desktop/carbon-coverall/carbon-coverall-poc/node_modules/jest-circus/build/utils.js:333:28)
    at new Promise (&lt;anonymous&gt;)
    at callAsyncCircusFn (/Users/chrisvelgersdyk/Desktop/carbon-coverall/carbon-coverall-poc/node_modules/jest-circus/build/utils.js:259:10)
    at _callCircusTest (/Users/chrisvelgersdyk/Desktop/carbon-coverall/carbon-coverall-poc/node_modules/jest-circus/build/run.js:276:40)
    at processTicksAndRejections (node:internal/process/task_queues:95:5)
    at _runTest (/Users/chrisvelgersdyk/Desktop/carbon-coverall/carbon-coverall-poc/node_modules/jest-circus/build/run.js:208:3)
    at _runTestsForDescribeBlock (/Users/chrisvelgersdyk/Desktop/carbon-coverall/carbon-coverall-poc/node_modules/jest-circus/build/run.js:96:9)
    at _runTestsForDescribeBlock (/Users/chrisvelgersdyk/Desktop/carbon-coverall/carbon-coverall-poc/node_modules/jest-circus/build/run.js:90:9)</failure>
    </testcase>
    <testcase classname="@carbon/react/scss scss/components/fluid-combo-box/fluid-combo-box should be importable" name="@carbon/react/scss scss/components/fluid-combo-box/fluid-combo-box should be importable" time="0.006">
      <failure>Error: expect(received).resolves.toBeDefined()

Received promise rejected instead of resolved
Rejected to value: [Error: Can&apos;t find stylesheet to import.
  ╷
8 │ @forward &apos;./generated/fluid-spacing&apos;;
  │ ^^^^^^^^^^^^^^^^^^^^^^^^^^^^^^^^^^^^
  ╵
  node_modules/@carbon/layout/scss/_spacing.scss 8:1                                          @forward
  node_modules/@carbon/styles/scss/_spacing.scss 8:1                                          @use
  node_modules/@carbon/styles/scss/components/fluid-combo-box/_fluid-combo-box.scss 13:1      @forward
  packages/carbon-components-react/scss/components/fluid-combo-box/_fluid-combo-box.scss 9:1  @use
  stdin 2:1                                                                                   root stylesheet]
    at expect (/Users/chrisvelgersdyk/Desktop/carbon-coverall/carbon-coverall-poc/node_modules/expect/build/index.js:128:15)
    at Object.expect (/Users/chrisvelgersdyk/Desktop/carbon-coverall/carbon-coverall-poc/packages/carbon-components-react/__tests__/scss-test.js:24:13)
    at Promise.then.completed (/Users/chrisvelgersdyk/Desktop/carbon-coverall/carbon-coverall-poc/node_modules/jest-circus/build/utils.js:333:28)
    at new Promise (&lt;anonymous&gt;)
    at callAsyncCircusFn (/Users/chrisvelgersdyk/Desktop/carbon-coverall/carbon-coverall-poc/node_modules/jest-circus/build/utils.js:259:10)
    at _callCircusTest (/Users/chrisvelgersdyk/Desktop/carbon-coverall/carbon-coverall-poc/node_modules/jest-circus/build/run.js:276:40)
    at processTicksAndRejections (node:internal/process/task_queues:95:5)
    at _runTest (/Users/chrisvelgersdyk/Desktop/carbon-coverall/carbon-coverall-poc/node_modules/jest-circus/build/run.js:208:3)
    at _runTestsForDescribeBlock (/Users/chrisvelgersdyk/Desktop/carbon-coverall/carbon-coverall-poc/node_modules/jest-circus/build/run.js:96:9)
    at _runTestsForDescribeBlock (/Users/chrisvelgersdyk/Desktop/carbon-coverall/carbon-coverall-poc/node_modules/jest-circus/build/run.js:90:9)</failure>
    </testcase>
    <testcase classname="@carbon/react/scss scss/components/fluid-combo-box should be importable" name="@carbon/react/scss scss/components/fluid-combo-box should be importable" time="0.013">
      <failure>Error: expect(received).resolves.toBeDefined()

Received promise rejected instead of resolved
Rejected to value: [Error: Can&apos;t find stylesheet to import.
  ╷
8 │ @forward &apos;./generated/fluid-spacing&apos;;
  │ ^^^^^^^^^^^^^^^^^^^^^^^^^^^^^^^^^^^^
  ╵
  node_modules/@carbon/layout/scss/_spacing.scss 8:1                                      @forward
  node_modules/@carbon/styles/scss/_spacing.scss 8:1                                      @use
  node_modules/@carbon/styles/scss/components/fluid-combo-box/_fluid-combo-box.scss 13:1  @forward
  node_modules/@carbon/styles/scss/components/fluid-combo-box/_index.scss 8:1             @forward
  packages/carbon-components-react/scss/components/fluid-combo-box/_index.scss 9:1        @use
  stdin 2:1                                                                               root stylesheet]
    at expect (/Users/chrisvelgersdyk/Desktop/carbon-coverall/carbon-coverall-poc/node_modules/expect/build/index.js:128:15)
    at Object.expect (/Users/chrisvelgersdyk/Desktop/carbon-coverall/carbon-coverall-poc/packages/carbon-components-react/__tests__/scss-test.js:24:13)
    at Promise.then.completed (/Users/chrisvelgersdyk/Desktop/carbon-coverall/carbon-coverall-poc/node_modules/jest-circus/build/utils.js:333:28)
    at new Promise (&lt;anonymous&gt;)
    at callAsyncCircusFn (/Users/chrisvelgersdyk/Desktop/carbon-coverall/carbon-coverall-poc/node_modules/jest-circus/build/utils.js:259:10)
    at _callCircusTest (/Users/chrisvelgersdyk/Desktop/carbon-coverall/carbon-coverall-poc/node_modules/jest-circus/build/run.js:276:40)
    at processTicksAndRejections (node:internal/process/task_queues:95:5)
    at _runTest (/Users/chrisvelgersdyk/Desktop/carbon-coverall/carbon-coverall-poc/node_modules/jest-circus/build/run.js:208:3)
    at _runTestsForDescribeBlock (/Users/chrisvelgersdyk/Desktop/carbon-coverall/carbon-coverall-poc/node_modules/jest-circus/build/run.js:96:9)
    at _runTestsForDescribeBlock (/Users/chrisvelgersdyk/Desktop/carbon-coverall/carbon-coverall-poc/node_modules/jest-circus/build/run.js:90:9)</failure>
    </testcase>
    <testcase classname="@carbon/react/scss scss/components/fluid-date-picker/fluid-date-picker should be importable" name="@carbon/react/scss scss/components/fluid-date-picker/fluid-date-picker should be importable" time="0.025">
      <failure>Error: expect(received).resolves.toBeDefined()

Received promise rejected instead of resolved
Rejected to value: [Error: Can&apos;t find stylesheet to import.
  ╷
8 │ @forward &apos;./generated/fluid-spacing&apos;;
  │ ^^^^^^^^^^^^^^^^^^^^^^^^^^^^^^^^^^^^
  ╵
  node_modules/@carbon/layout/scss/_spacing.scss 8:1                                              @forward
  node_modules/@carbon/styles/scss/_spacing.scss 8:1                                              @use
  node_modules/@carbon/styles/scss/components/fluid-date-picker/_fluid-date-picker.scss 13:1      @forward
  packages/carbon-components-react/scss/components/fluid-date-picker/_fluid-date-picker.scss 9:1  @use
  stdin 2:1                                                                                       root stylesheet]
    at expect (/Users/chrisvelgersdyk/Desktop/carbon-coverall/carbon-coverall-poc/node_modules/expect/build/index.js:128:15)
    at Object.expect (/Users/chrisvelgersdyk/Desktop/carbon-coverall/carbon-coverall-poc/packages/carbon-components-react/__tests__/scss-test.js:24:13)
    at Promise.then.completed (/Users/chrisvelgersdyk/Desktop/carbon-coverall/carbon-coverall-poc/node_modules/jest-circus/build/utils.js:333:28)
    at new Promise (&lt;anonymous&gt;)
    at callAsyncCircusFn (/Users/chrisvelgersdyk/Desktop/carbon-coverall/carbon-coverall-poc/node_modules/jest-circus/build/utils.js:259:10)
    at _callCircusTest (/Users/chrisvelgersdyk/Desktop/carbon-coverall/carbon-coverall-poc/node_modules/jest-circus/build/run.js:276:40)
    at processTicksAndRejections (node:internal/process/task_queues:95:5)
    at _runTest (/Users/chrisvelgersdyk/Desktop/carbon-coverall/carbon-coverall-poc/node_modules/jest-circus/build/run.js:208:3)
    at _runTestsForDescribeBlock (/Users/chrisvelgersdyk/Desktop/carbon-coverall/carbon-coverall-poc/node_modules/jest-circus/build/run.js:96:9)
    at _runTestsForDescribeBlock (/Users/chrisvelgersdyk/Desktop/carbon-coverall/carbon-coverall-poc/node_modules/jest-circus/build/run.js:90:9)</failure>
    </testcase>
    <testcase classname="@carbon/react/scss scss/components/fluid-date-picker should be importable" name="@carbon/react/scss scss/components/fluid-date-picker should be importable" time="0.013">
      <failure>Error: expect(received).resolves.toBeDefined()

Received promise rejected instead of resolved
Rejected to value: [Error: Can&apos;t find stylesheet to import.
  ╷
8 │ @forward &apos;./generated/fluid-spacing&apos;;
  │ ^^^^^^^^^^^^^^^^^^^^^^^^^^^^^^^^^^^^
  ╵
  node_modules/@carbon/layout/scss/_spacing.scss 8:1                                          @forward
  node_modules/@carbon/styles/scss/_spacing.scss 8:1                                          @use
  node_modules/@carbon/styles/scss/components/fluid-date-picker/_fluid-date-picker.scss 13:1  @forward
  node_modules/@carbon/styles/scss/components/fluid-date-picker/_index.scss 8:1               @forward
  packages/carbon-components-react/scss/components/fluid-date-picker/_index.scss 9:1          @use
  stdin 2:1                                                                                   root stylesheet]
    at expect (/Users/chrisvelgersdyk/Desktop/carbon-coverall/carbon-coverall-poc/node_modules/expect/build/index.js:128:15)
    at Object.expect (/Users/chrisvelgersdyk/Desktop/carbon-coverall/carbon-coverall-poc/packages/carbon-components-react/__tests__/scss-test.js:24:13)
    at Promise.then.completed (/Users/chrisvelgersdyk/Desktop/carbon-coverall/carbon-coverall-poc/node_modules/jest-circus/build/utils.js:333:28)
    at new Promise (&lt;anonymous&gt;)
    at callAsyncCircusFn (/Users/chrisvelgersdyk/Desktop/carbon-coverall/carbon-coverall-poc/node_modules/jest-circus/build/utils.js:259:10)
    at _callCircusTest (/Users/chrisvelgersdyk/Desktop/carbon-coverall/carbon-coverall-poc/node_modules/jest-circus/build/run.js:276:40)
    at processTicksAndRejections (node:internal/process/task_queues:95:5)
    at _runTest (/Users/chrisvelgersdyk/Desktop/carbon-coverall/carbon-coverall-poc/node_modules/jest-circus/build/run.js:208:3)
    at _runTestsForDescribeBlock (/Users/chrisvelgersdyk/Desktop/carbon-coverall/carbon-coverall-poc/node_modules/jest-circus/build/run.js:96:9)
    at _runTestsForDescribeBlock (/Users/chrisvelgersdyk/Desktop/carbon-coverall/carbon-coverall-poc/node_modules/jest-circus/build/run.js:90:9)</failure>
    </testcase>
    <testcase classname="@carbon/react/scss scss/components/fluid-dropdown/fluid-dropdown should be importable" name="@carbon/react/scss scss/components/fluid-dropdown/fluid-dropdown should be importable" time="0.015">
      <failure>Error: expect(received).resolves.toBeDefined()

Received promise rejected instead of resolved
Rejected to value: [Error: Can&apos;t find stylesheet to import.
  ╷
8 │ @forward &apos;./generated/fluid-spacing&apos;;
  │ ^^^^^^^^^^^^^^^^^^^^^^^^^^^^^^^^^^^^
  ╵
  node_modules/@carbon/layout/scss/_spacing.scss 8:1                                        @forward
  node_modules/@carbon/styles/scss/_spacing.scss 8:1                                        @use
  node_modules/@carbon/styles/scss/components/fluid-dropdown/_fluid-dropdown.scss 13:1      @forward
  packages/carbon-components-react/scss/components/fluid-dropdown/_fluid-dropdown.scss 9:1  @use
  stdin 2:1                                                                                 root stylesheet]
    at expect (/Users/chrisvelgersdyk/Desktop/carbon-coverall/carbon-coverall-poc/node_modules/expect/build/index.js:128:15)
    at Object.expect (/Users/chrisvelgersdyk/Desktop/carbon-coverall/carbon-coverall-poc/packages/carbon-components-react/__tests__/scss-test.js:24:13)
    at Promise.then.completed (/Users/chrisvelgersdyk/Desktop/carbon-coverall/carbon-coverall-poc/node_modules/jest-circus/build/utils.js:333:28)
    at new Promise (&lt;anonymous&gt;)
    at callAsyncCircusFn (/Users/chrisvelgersdyk/Desktop/carbon-coverall/carbon-coverall-poc/node_modules/jest-circus/build/utils.js:259:10)
    at _callCircusTest (/Users/chrisvelgersdyk/Desktop/carbon-coverall/carbon-coverall-poc/node_modules/jest-circus/build/run.js:276:40)
    at processTicksAndRejections (node:internal/process/task_queues:95:5)
    at _runTest (/Users/chrisvelgersdyk/Desktop/carbon-coverall/carbon-coverall-poc/node_modules/jest-circus/build/run.js:208:3)
    at _runTestsForDescribeBlock (/Users/chrisvelgersdyk/Desktop/carbon-coverall/carbon-coverall-poc/node_modules/jest-circus/build/run.js:96:9)
    at _runTestsForDescribeBlock (/Users/chrisvelgersdyk/Desktop/carbon-coverall/carbon-coverall-poc/node_modules/jest-circus/build/run.js:90:9)</failure>
    </testcase>
    <testcase classname="@carbon/react/scss scss/components/fluid-dropdown should be importable" name="@carbon/react/scss scss/components/fluid-dropdown should be importable" time="0.018">
      <failure>Error: expect(received).resolves.toBeDefined()

Received promise rejected instead of resolved
Rejected to value: [Error: Can&apos;t find stylesheet to import.
  ╷
8 │ @forward &apos;./generated/fluid-spacing&apos;;
  │ ^^^^^^^^^^^^^^^^^^^^^^^^^^^^^^^^^^^^
  ╵
  node_modules/@carbon/layout/scss/_spacing.scss 8:1                                    @forward
  node_modules/@carbon/styles/scss/_spacing.scss 8:1                                    @use
  node_modules/@carbon/styles/scss/components/fluid-dropdown/_fluid-dropdown.scss 13:1  @forward
  node_modules/@carbon/styles/scss/components/fluid-dropdown/_index.scss 8:1            @forward
  packages/carbon-components-react/scss/components/fluid-dropdown/_index.scss 9:1       @use
  stdin 2:1                                                                             root stylesheet]
    at expect (/Users/chrisvelgersdyk/Desktop/carbon-coverall/carbon-coverall-poc/node_modules/expect/build/index.js:128:15)
    at Object.expect (/Users/chrisvelgersdyk/Desktop/carbon-coverall/carbon-coverall-poc/packages/carbon-components-react/__tests__/scss-test.js:24:13)
    at Promise.then.completed (/Users/chrisvelgersdyk/Desktop/carbon-coverall/carbon-coverall-poc/node_modules/jest-circus/build/utils.js:333:28)
    at new Promise (&lt;anonymous&gt;)
    at callAsyncCircusFn (/Users/chrisvelgersdyk/Desktop/carbon-coverall/carbon-coverall-poc/node_modules/jest-circus/build/utils.js:259:10)
    at _callCircusTest (/Users/chrisvelgersdyk/Desktop/carbon-coverall/carbon-coverall-poc/node_modules/jest-circus/build/run.js:276:40)
    at processTicksAndRejections (node:internal/process/task_queues:95:5)
    at _runTest (/Users/chrisvelgersdyk/Desktop/carbon-coverall/carbon-coverall-poc/node_modules/jest-circus/build/run.js:208:3)
    at _runTestsForDescribeBlock (/Users/chrisvelgersdyk/Desktop/carbon-coverall/carbon-coverall-poc/node_modules/jest-circus/build/run.js:96:9)
    at _runTestsForDescribeBlock (/Users/chrisvelgersdyk/Desktop/carbon-coverall/carbon-coverall-poc/node_modules/jest-circus/build/run.js:90:9)</failure>
    </testcase>
    <testcase classname="@carbon/react/scss scss/components/fluid-list-box/fluid-list-box should be importable" name="@carbon/react/scss scss/components/fluid-list-box/fluid-list-box should be importable" time="0.054">
      <failure>Error: expect(received).resolves.toBeDefined()

Received promise rejected instead of resolved
Rejected to value: [Error: Can&apos;t find stylesheet to import.
  ╷
8 │ @forward &apos;./generated/fluid-spacing&apos;;
  │ ^^^^^^^^^^^^^^^^^^^^^^^^^^^^^^^^^^^^
  ╵
  node_modules/@carbon/layout/scss/_spacing.scss 8:1                                        @forward
  node_modules/@carbon/styles/scss/_spacing.scss 8:1                                        @use
  node_modules/@carbon/styles/scss/components/fluid-list-box/_fluid-list-box.scss 13:1      @forward
  packages/carbon-components-react/scss/components/fluid-list-box/_fluid-list-box.scss 9:1  @use
  stdin 2:1                                                                                 root stylesheet]
    at expect (/Users/chrisvelgersdyk/Desktop/carbon-coverall/carbon-coverall-poc/node_modules/expect/build/index.js:128:15)
    at Object.expect (/Users/chrisvelgersdyk/Desktop/carbon-coverall/carbon-coverall-poc/packages/carbon-components-react/__tests__/scss-test.js:24:13)
    at Promise.then.completed (/Users/chrisvelgersdyk/Desktop/carbon-coverall/carbon-coverall-poc/node_modules/jest-circus/build/utils.js:333:28)
    at new Promise (&lt;anonymous&gt;)
    at callAsyncCircusFn (/Users/chrisvelgersdyk/Desktop/carbon-coverall/carbon-coverall-poc/node_modules/jest-circus/build/utils.js:259:10)
    at _callCircusTest (/Users/chrisvelgersdyk/Desktop/carbon-coverall/carbon-coverall-poc/node_modules/jest-circus/build/run.js:276:40)
    at processTicksAndRejections (node:internal/process/task_queues:95:5)
    at _runTest (/Users/chrisvelgersdyk/Desktop/carbon-coverall/carbon-coverall-poc/node_modules/jest-circus/build/run.js:208:3)
    at _runTestsForDescribeBlock (/Users/chrisvelgersdyk/Desktop/carbon-coverall/carbon-coverall-poc/node_modules/jest-circus/build/run.js:96:9)
    at _runTestsForDescribeBlock (/Users/chrisvelgersdyk/Desktop/carbon-coverall/carbon-coverall-poc/node_modules/jest-circus/build/run.js:90:9)</failure>
    </testcase>
    <testcase classname="@carbon/react/scss scss/components/fluid-list-box should be importable" name="@carbon/react/scss scss/components/fluid-list-box should be importable" time="0.008">
      <failure>Error: expect(received).resolves.toBeDefined()

Received promise rejected instead of resolved
Rejected to value: [Error: Can&apos;t find stylesheet to import.
  ╷
8 │ @forward &apos;./generated/fluid-spacing&apos;;
  │ ^^^^^^^^^^^^^^^^^^^^^^^^^^^^^^^^^^^^
  ╵
  node_modules/@carbon/layout/scss/_spacing.scss 8:1                                    @forward
  node_modules/@carbon/styles/scss/_spacing.scss 8:1                                    @use
  node_modules/@carbon/styles/scss/components/fluid-list-box/_fluid-list-box.scss 13:1  @forward
  node_modules/@carbon/styles/scss/components/fluid-list-box/_index.scss 8:1            @forward
  packages/carbon-components-react/scss/components/fluid-list-box/_index.scss 9:1       @use
  stdin 2:1                                                                             root stylesheet]
    at expect (/Users/chrisvelgersdyk/Desktop/carbon-coverall/carbon-coverall-poc/node_modules/expect/build/index.js:128:15)
    at Object.expect (/Users/chrisvelgersdyk/Desktop/carbon-coverall/carbon-coverall-poc/packages/carbon-components-react/__tests__/scss-test.js:24:13)
    at Promise.then.completed (/Users/chrisvelgersdyk/Desktop/carbon-coverall/carbon-coverall-poc/node_modules/jest-circus/build/utils.js:333:28)
    at new Promise (&lt;anonymous&gt;)
    at callAsyncCircusFn (/Users/chrisvelgersdyk/Desktop/carbon-coverall/carbon-coverall-poc/node_modules/jest-circus/build/utils.js:259:10)
    at _callCircusTest (/Users/chrisvelgersdyk/Desktop/carbon-coverall/carbon-coverall-poc/node_modules/jest-circus/build/run.js:276:40)
    at processTicksAndRejections (node:internal/process/task_queues:95:5)
    at _runTest (/Users/chrisvelgersdyk/Desktop/carbon-coverall/carbon-coverall-poc/node_modules/jest-circus/build/run.js:208:3)
    at _runTestsForDescribeBlock (/Users/chrisvelgersdyk/Desktop/carbon-coverall/carbon-coverall-poc/node_modules/jest-circus/build/run.js:96:9)
    at _runTestsForDescribeBlock (/Users/chrisvelgersdyk/Desktop/carbon-coverall/carbon-coverall-poc/node_modules/jest-circus/build/run.js:90:9)</failure>
    </testcase>
    <testcase classname="@carbon/react/scss scss/components/fluid-multiselect/fluid-multiselect should be importable" name="@carbon/react/scss scss/components/fluid-multiselect/fluid-multiselect should be importable" time="0.005">
      <failure>Error: expect(received).resolves.toBeDefined()

Received promise rejected instead of resolved
Rejected to value: [Error: Can&apos;t find stylesheet to import.
  ╷
8 │ @forward &apos;./generated/fluid-spacing&apos;;
  │ ^^^^^^^^^^^^^^^^^^^^^^^^^^^^^^^^^^^^
  ╵
  node_modules/@carbon/layout/scss/_spacing.scss 8:1                                              @forward
  node_modules/@carbon/styles/scss/_spacing.scss 8:1                                              @use
  node_modules/@carbon/styles/scss/components/fluid-multiselect/_fluid-multiselect.scss 13:1      @forward
  packages/carbon-components-react/scss/components/fluid-multiselect/_fluid-multiselect.scss 9:1  @use
  stdin 2:1                                                                                       root stylesheet]
    at expect (/Users/chrisvelgersdyk/Desktop/carbon-coverall/carbon-coverall-poc/node_modules/expect/build/index.js:128:15)
    at Object.expect (/Users/chrisvelgersdyk/Desktop/carbon-coverall/carbon-coverall-poc/packages/carbon-components-react/__tests__/scss-test.js:24:13)
    at Promise.then.completed (/Users/chrisvelgersdyk/Desktop/carbon-coverall/carbon-coverall-poc/node_modules/jest-circus/build/utils.js:333:28)
    at new Promise (&lt;anonymous&gt;)
    at callAsyncCircusFn (/Users/chrisvelgersdyk/Desktop/carbon-coverall/carbon-coverall-poc/node_modules/jest-circus/build/utils.js:259:10)
    at _callCircusTest (/Users/chrisvelgersdyk/Desktop/carbon-coverall/carbon-coverall-poc/node_modules/jest-circus/build/run.js:276:40)
    at processTicksAndRejections (node:internal/process/task_queues:95:5)
    at _runTest (/Users/chrisvelgersdyk/Desktop/carbon-coverall/carbon-coverall-poc/node_modules/jest-circus/build/run.js:208:3)
    at _runTestsForDescribeBlock (/Users/chrisvelgersdyk/Desktop/carbon-coverall/carbon-coverall-poc/node_modules/jest-circus/build/run.js:96:9)
    at _runTestsForDescribeBlock (/Users/chrisvelgersdyk/Desktop/carbon-coverall/carbon-coverall-poc/node_modules/jest-circus/build/run.js:90:9)</failure>
    </testcase>
    <testcase classname="@carbon/react/scss scss/components/fluid-multiselect should be importable" name="@carbon/react/scss scss/components/fluid-multiselect should be importable" time="0.006">
      <failure>Error: expect(received).resolves.toBeDefined()

Received promise rejected instead of resolved
Rejected to value: [Error: Can&apos;t find stylesheet to import.
  ╷
8 │ @forward &apos;./generated/fluid-spacing&apos;;
  │ ^^^^^^^^^^^^^^^^^^^^^^^^^^^^^^^^^^^^
  ╵
  node_modules/@carbon/layout/scss/_spacing.scss 8:1                                          @forward
  node_modules/@carbon/styles/scss/_spacing.scss 8:1                                          @use
  node_modules/@carbon/styles/scss/components/fluid-multiselect/_fluid-multiselect.scss 13:1  @forward
  node_modules/@carbon/styles/scss/components/fluid-multiselect/_index.scss 8:1               @forward
  packages/carbon-components-react/scss/components/fluid-multiselect/_index.scss 9:1          @use
  stdin 2:1                                                                                   root stylesheet]
    at expect (/Users/chrisvelgersdyk/Desktop/carbon-coverall/carbon-coverall-poc/node_modules/expect/build/index.js:128:15)
    at Object.expect (/Users/chrisvelgersdyk/Desktop/carbon-coverall/carbon-coverall-poc/packages/carbon-components-react/__tests__/scss-test.js:24:13)
    at Promise.then.completed (/Users/chrisvelgersdyk/Desktop/carbon-coverall/carbon-coverall-poc/node_modules/jest-circus/build/utils.js:333:28)
    at new Promise (&lt;anonymous&gt;)
    at callAsyncCircusFn (/Users/chrisvelgersdyk/Desktop/carbon-coverall/carbon-coverall-poc/node_modules/jest-circus/build/utils.js:259:10)
    at _callCircusTest (/Users/chrisvelgersdyk/Desktop/carbon-coverall/carbon-coverall-poc/node_modules/jest-circus/build/run.js:276:40)
    at processTicksAndRejections (node:internal/process/task_queues:95:5)
    at _runTest (/Users/chrisvelgersdyk/Desktop/carbon-coverall/carbon-coverall-poc/node_modules/jest-circus/build/run.js:208:3)
    at _runTestsForDescribeBlock (/Users/chrisvelgersdyk/Desktop/carbon-coverall/carbon-coverall-poc/node_modules/jest-circus/build/run.js:96:9)
    at _runTestsForDescribeBlock (/Users/chrisvelgersdyk/Desktop/carbon-coverall/carbon-coverall-poc/node_modules/jest-circus/build/run.js:90:9)</failure>
    </testcase>
    <testcase classname="@carbon/react/scss scss/components/fluid-number-input/fluid-number-input should be importable" name="@carbon/react/scss scss/components/fluid-number-input/fluid-number-input should be importable" time="0.008">
      <failure>Error: expect(received).resolves.toBeDefined()

Received promise rejected instead of resolved
Rejected to value: [Error: Can&apos;t find stylesheet to import.
  ╷
8 │ @forward &apos;./generated/fluid-spacing&apos;;
  │ ^^^^^^^^^^^^^^^^^^^^^^^^^^^^^^^^^^^^
  ╵
  node_modules/@carbon/layout/scss/_spacing.scss 8:1                                                @forward
  node_modules/@carbon/styles/scss/_spacing.scss 8:1                                                @use
  node_modules/@carbon/styles/scss/components/fluid-number-input/_fluid-number-input.scss 13:1      @forward
  packages/carbon-components-react/scss/components/fluid-number-input/_fluid-number-input.scss 9:1  @use
  stdin 2:1                                                                                         root stylesheet]
    at expect (/Users/chrisvelgersdyk/Desktop/carbon-coverall/carbon-coverall-poc/node_modules/expect/build/index.js:128:15)
    at Object.expect (/Users/chrisvelgersdyk/Desktop/carbon-coverall/carbon-coverall-poc/packages/carbon-components-react/__tests__/scss-test.js:24:13)
    at Promise.then.completed (/Users/chrisvelgersdyk/Desktop/carbon-coverall/carbon-coverall-poc/node_modules/jest-circus/build/utils.js:333:28)
    at new Promise (&lt;anonymous&gt;)
    at callAsyncCircusFn (/Users/chrisvelgersdyk/Desktop/carbon-coverall/carbon-coverall-poc/node_modules/jest-circus/build/utils.js:259:10)
    at _callCircusTest (/Users/chrisvelgersdyk/Desktop/carbon-coverall/carbon-coverall-poc/node_modules/jest-circus/build/run.js:276:40)
    at processTicksAndRejections (node:internal/process/task_queues:95:5)
    at _runTest (/Users/chrisvelgersdyk/Desktop/carbon-coverall/carbon-coverall-poc/node_modules/jest-circus/build/run.js:208:3)
    at _runTestsForDescribeBlock (/Users/chrisvelgersdyk/Desktop/carbon-coverall/carbon-coverall-poc/node_modules/jest-circus/build/run.js:96:9)
    at _runTestsForDescribeBlock (/Users/chrisvelgersdyk/Desktop/carbon-coverall/carbon-coverall-poc/node_modules/jest-circus/build/run.js:90:9)</failure>
    </testcase>
    <testcase classname="@carbon/react/scss scss/components/fluid-number-input should be importable" name="@carbon/react/scss scss/components/fluid-number-input should be importable" time="0.01">
      <failure>Error: expect(received).resolves.toBeDefined()

Received promise rejected instead of resolved
Rejected to value: [Error: Can&apos;t find stylesheet to import.
  ╷
8 │ @forward &apos;./generated/fluid-spacing&apos;;
  │ ^^^^^^^^^^^^^^^^^^^^^^^^^^^^^^^^^^^^
  ╵
  node_modules/@carbon/layout/scss/_spacing.scss 8:1                                            @forward
  node_modules/@carbon/styles/scss/_spacing.scss 8:1                                            @use
  node_modules/@carbon/styles/scss/components/fluid-number-input/_fluid-number-input.scss 13:1  @forward
  node_modules/@carbon/styles/scss/components/fluid-number-input/_index.scss 8:1                @forward
  packages/carbon-components-react/scss/components/fluid-number-input/_index.scss 9:1           @use
  stdin 2:1                                                                                     root stylesheet]
    at expect (/Users/chrisvelgersdyk/Desktop/carbon-coverall/carbon-coverall-poc/node_modules/expect/build/index.js:128:15)
    at Object.expect (/Users/chrisvelgersdyk/Desktop/carbon-coverall/carbon-coverall-poc/packages/carbon-components-react/__tests__/scss-test.js:24:13)
    at Promise.then.completed (/Users/chrisvelgersdyk/Desktop/carbon-coverall/carbon-coverall-poc/node_modules/jest-circus/build/utils.js:333:28)
    at new Promise (&lt;anonymous&gt;)
    at callAsyncCircusFn (/Users/chrisvelgersdyk/Desktop/carbon-coverall/carbon-coverall-poc/node_modules/jest-circus/build/utils.js:259:10)
    at _callCircusTest (/Users/chrisvelgersdyk/Desktop/carbon-coverall/carbon-coverall-poc/node_modules/jest-circus/build/run.js:276:40)
    at processTicksAndRejections (node:internal/process/task_queues:95:5)
    at _runTest (/Users/chrisvelgersdyk/Desktop/carbon-coverall/carbon-coverall-poc/node_modules/jest-circus/build/run.js:208:3)
    at _runTestsForDescribeBlock (/Users/chrisvelgersdyk/Desktop/carbon-coverall/carbon-coverall-poc/node_modules/jest-circus/build/run.js:96:9)
    at _runTestsForDescribeBlock (/Users/chrisvelgersdyk/Desktop/carbon-coverall/carbon-coverall-poc/node_modules/jest-circus/build/run.js:90:9)</failure>
    </testcase>
    <testcase classname="@carbon/react/scss scss/components/fluid-search/fluid-search should be importable" name="@carbon/react/scss scss/components/fluid-search/fluid-search should be importable" time="0.011">
      <failure>Error: expect(received).resolves.toBeDefined()

Received promise rejected instead of resolved
Rejected to value: [Error: Can&apos;t find stylesheet to import.
  ╷
8 │ @forward &apos;./generated/fluid-spacing&apos;;
  │ ^^^^^^^^^^^^^^^^^^^^^^^^^^^^^^^^^^^^
  ╵
  node_modules/@carbon/layout/scss/_spacing.scss 8:1                                    @forward
  node_modules/@carbon/styles/scss/_spacing.scss 8:1                                    @use
  node_modules/@carbon/styles/scss/components/fluid-search/_fluid-search.scss 13:1      @forward
  packages/carbon-components-react/scss/components/fluid-search/_fluid-search.scss 9:1  @use
  stdin 2:1                                                                             root stylesheet]
    at expect (/Users/chrisvelgersdyk/Desktop/carbon-coverall/carbon-coverall-poc/node_modules/expect/build/index.js:128:15)
    at Object.expect (/Users/chrisvelgersdyk/Desktop/carbon-coverall/carbon-coverall-poc/packages/carbon-components-react/__tests__/scss-test.js:24:13)
    at Promise.then.completed (/Users/chrisvelgersdyk/Desktop/carbon-coverall/carbon-coverall-poc/node_modules/jest-circus/build/utils.js:333:28)
    at new Promise (&lt;anonymous&gt;)
    at callAsyncCircusFn (/Users/chrisvelgersdyk/Desktop/carbon-coverall/carbon-coverall-poc/node_modules/jest-circus/build/utils.js:259:10)
    at _callCircusTest (/Users/chrisvelgersdyk/Desktop/carbon-coverall/carbon-coverall-poc/node_modules/jest-circus/build/run.js:276:40)
    at processTicksAndRejections (node:internal/process/task_queues:95:5)
    at _runTest (/Users/chrisvelgersdyk/Desktop/carbon-coverall/carbon-coverall-poc/node_modules/jest-circus/build/run.js:208:3)
    at _runTestsForDescribeBlock (/Users/chrisvelgersdyk/Desktop/carbon-coverall/carbon-coverall-poc/node_modules/jest-circus/build/run.js:96:9)
    at _runTestsForDescribeBlock (/Users/chrisvelgersdyk/Desktop/carbon-coverall/carbon-coverall-poc/node_modules/jest-circus/build/run.js:90:9)</failure>
    </testcase>
    <testcase classname="@carbon/react/scss scss/components/fluid-search should be importable" name="@carbon/react/scss scss/components/fluid-search should be importable" time="0.006">
      <failure>Error: expect(received).resolves.toBeDefined()

Received promise rejected instead of resolved
Rejected to value: [Error: Can&apos;t find stylesheet to import.
  ╷
8 │ @forward &apos;./generated/fluid-spacing&apos;;
  │ ^^^^^^^^^^^^^^^^^^^^^^^^^^^^^^^^^^^^
  ╵
  node_modules/@carbon/layout/scss/_spacing.scss 8:1                                @forward
  node_modules/@carbon/styles/scss/_spacing.scss 8:1                                @use
  node_modules/@carbon/styles/scss/components/fluid-search/_fluid-search.scss 13:1  @forward
  node_modules/@carbon/styles/scss/components/fluid-search/_index.scss 8:1          @forward
  packages/carbon-components-react/scss/components/fluid-search/_index.scss 9:1     @use
  stdin 2:1                                                                         root stylesheet]
    at expect (/Users/chrisvelgersdyk/Desktop/carbon-coverall/carbon-coverall-poc/node_modules/expect/build/index.js:128:15)
    at Object.expect (/Users/chrisvelgersdyk/Desktop/carbon-coverall/carbon-coverall-poc/packages/carbon-components-react/__tests__/scss-test.js:24:13)
    at Promise.then.completed (/Users/chrisvelgersdyk/Desktop/carbon-coverall/carbon-coverall-poc/node_modules/jest-circus/build/utils.js:333:28)
    at new Promise (&lt;anonymous&gt;)
    at callAsyncCircusFn (/Users/chrisvelgersdyk/Desktop/carbon-coverall/carbon-coverall-poc/node_modules/jest-circus/build/utils.js:259:10)
    at _callCircusTest (/Users/chrisvelgersdyk/Desktop/carbon-coverall/carbon-coverall-poc/node_modules/jest-circus/build/run.js:276:40)
    at processTicksAndRejections (node:internal/process/task_queues:95:5)
    at _runTest (/Users/chrisvelgersdyk/Desktop/carbon-coverall/carbon-coverall-poc/node_modules/jest-circus/build/run.js:208:3)
    at _runTestsForDescribeBlock (/Users/chrisvelgersdyk/Desktop/carbon-coverall/carbon-coverall-poc/node_modules/jest-circus/build/run.js:96:9)
    at _runTestsForDescribeBlock (/Users/chrisvelgersdyk/Desktop/carbon-coverall/carbon-coverall-poc/node_modules/jest-circus/build/run.js:90:9)</failure>
    </testcase>
    <testcase classname="@carbon/react/scss scss/components/fluid-select/fluid-select should be importable" name="@carbon/react/scss scss/components/fluid-select/fluid-select should be importable" time="0.007">
      <failure>Error: expect(received).resolves.toBeDefined()

Received promise rejected instead of resolved
Rejected to value: [Error: Can&apos;t find stylesheet to import.
  ╷
8 │ @forward &apos;./generated/fluid-spacing&apos;;
  │ ^^^^^^^^^^^^^^^^^^^^^^^^^^^^^^^^^^^^
  ╵
  node_modules/@carbon/layout/scss/_spacing.scss 8:1                                    @forward
  node_modules/@carbon/styles/scss/_spacing.scss 8:1                                    @use
  node_modules/@carbon/styles/scss/components/fluid-select/_fluid-select.scss 13:1      @forward
  packages/carbon-components-react/scss/components/fluid-select/_fluid-select.scss 9:1  @use
  stdin 2:1                                                                             root stylesheet]
    at expect (/Users/chrisvelgersdyk/Desktop/carbon-coverall/carbon-coverall-poc/node_modules/expect/build/index.js:128:15)
    at Object.expect (/Users/chrisvelgersdyk/Desktop/carbon-coverall/carbon-coverall-poc/packages/carbon-components-react/__tests__/scss-test.js:24:13)
    at Promise.then.completed (/Users/chrisvelgersdyk/Desktop/carbon-coverall/carbon-coverall-poc/node_modules/jest-circus/build/utils.js:333:28)
    at new Promise (&lt;anonymous&gt;)
    at callAsyncCircusFn (/Users/chrisvelgersdyk/Desktop/carbon-coverall/carbon-coverall-poc/node_modules/jest-circus/build/utils.js:259:10)
    at _callCircusTest (/Users/chrisvelgersdyk/Desktop/carbon-coverall/carbon-coverall-poc/node_modules/jest-circus/build/run.js:276:40)
    at processTicksAndRejections (node:internal/process/task_queues:95:5)
    at _runTest (/Users/chrisvelgersdyk/Desktop/carbon-coverall/carbon-coverall-poc/node_modules/jest-circus/build/run.js:208:3)
    at _runTestsForDescribeBlock (/Users/chrisvelgersdyk/Desktop/carbon-coverall/carbon-coverall-poc/node_modules/jest-circus/build/run.js:96:9)
    at _runTestsForDescribeBlock (/Users/chrisvelgersdyk/Desktop/carbon-coverall/carbon-coverall-poc/node_modules/jest-circus/build/run.js:90:9)</failure>
    </testcase>
    <testcase classname="@carbon/react/scss scss/components/fluid-select should be importable" name="@carbon/react/scss scss/components/fluid-select should be importable" time="0.006">
      <failure>Error: expect(received).resolves.toBeDefined()

Received promise rejected instead of resolved
Rejected to value: [Error: Can&apos;t find stylesheet to import.
  ╷
8 │ @forward &apos;./generated/fluid-spacing&apos;;
  │ ^^^^^^^^^^^^^^^^^^^^^^^^^^^^^^^^^^^^
  ╵
  node_modules/@carbon/layout/scss/_spacing.scss 8:1                                @forward
  node_modules/@carbon/styles/scss/_spacing.scss 8:1                                @use
  node_modules/@carbon/styles/scss/components/fluid-select/_fluid-select.scss 13:1  @forward
  node_modules/@carbon/styles/scss/components/fluid-select/_index.scss 8:1          @forward
  packages/carbon-components-react/scss/components/fluid-select/_index.scss 9:1     @use
  stdin 2:1                                                                         root stylesheet]
    at expect (/Users/chrisvelgersdyk/Desktop/carbon-coverall/carbon-coverall-poc/node_modules/expect/build/index.js:128:15)
    at Object.expect (/Users/chrisvelgersdyk/Desktop/carbon-coverall/carbon-coverall-poc/packages/carbon-components-react/__tests__/scss-test.js:24:13)
    at Promise.then.completed (/Users/chrisvelgersdyk/Desktop/carbon-coverall/carbon-coverall-poc/node_modules/jest-circus/build/utils.js:333:28)
    at new Promise (&lt;anonymous&gt;)
    at callAsyncCircusFn (/Users/chrisvelgersdyk/Desktop/carbon-coverall/carbon-coverall-poc/node_modules/jest-circus/build/utils.js:259:10)
    at _callCircusTest (/Users/chrisvelgersdyk/Desktop/carbon-coverall/carbon-coverall-poc/node_modules/jest-circus/build/run.js:276:40)
    at processTicksAndRejections (node:internal/process/task_queues:95:5)
    at _runTest (/Users/chrisvelgersdyk/Desktop/carbon-coverall/carbon-coverall-poc/node_modules/jest-circus/build/run.js:208:3)
    at _runTestsForDescribeBlock (/Users/chrisvelgersdyk/Desktop/carbon-coverall/carbon-coverall-poc/node_modules/jest-circus/build/run.js:96:9)
    at _runTestsForDescribeBlock (/Users/chrisvelgersdyk/Desktop/carbon-coverall/carbon-coverall-poc/node_modules/jest-circus/build/run.js:90:9)</failure>
    </testcase>
    <testcase classname="@carbon/react/scss scss/components/fluid-text-area/fluid-text-area should be importable" name="@carbon/react/scss scss/components/fluid-text-area/fluid-text-area should be importable" time="0.013">
      <failure>Error: expect(received).resolves.toBeDefined()

Received promise rejected instead of resolved
Rejected to value: [Error: Can&apos;t find stylesheet to import.
  ╷
8 │ @forward &apos;./generated/fluid-spacing&apos;;
  │ ^^^^^^^^^^^^^^^^^^^^^^^^^^^^^^^^^^^^
  ╵
  node_modules/@carbon/layout/scss/_spacing.scss 8:1                                          @forward
  node_modules/@carbon/styles/scss/_spacing.scss 8:1                                          @use
  node_modules/@carbon/styles/scss/components/form/_form.scss 9:1                             @forward
  node_modules/@carbon/styles/scss/components/form/_index.scss 8:1                            @use
  node_modules/@carbon/styles/scss/components/text-area/_text-area.scss 8:1                   @forward
  node_modules/@carbon/styles/scss/components/text-area/_index.scss 8:1                       @use
  node_modules/@carbon/styles/scss/components/fluid-text-area/_fluid-text-area.scss 11:1      @forward
  packages/carbon-components-react/scss/components/fluid-text-area/_fluid-text-area.scss 9:1  @use
  stdin 2:1                                                                                   root stylesheet]
    at expect (/Users/chrisvelgersdyk/Desktop/carbon-coverall/carbon-coverall-poc/node_modules/expect/build/index.js:128:15)
    at Object.expect (/Users/chrisvelgersdyk/Desktop/carbon-coverall/carbon-coverall-poc/packages/carbon-components-react/__tests__/scss-test.js:24:13)
    at Promise.then.completed (/Users/chrisvelgersdyk/Desktop/carbon-coverall/carbon-coverall-poc/node_modules/jest-circus/build/utils.js:333:28)
    at new Promise (&lt;anonymous&gt;)
    at callAsyncCircusFn (/Users/chrisvelgersdyk/Desktop/carbon-coverall/carbon-coverall-poc/node_modules/jest-circus/build/utils.js:259:10)
    at _callCircusTest (/Users/chrisvelgersdyk/Desktop/carbon-coverall/carbon-coverall-poc/node_modules/jest-circus/build/run.js:276:40)
    at processTicksAndRejections (node:internal/process/task_queues:95:5)
    at _runTest (/Users/chrisvelgersdyk/Desktop/carbon-coverall/carbon-coverall-poc/node_modules/jest-circus/build/run.js:208:3)
    at _runTestsForDescribeBlock (/Users/chrisvelgersdyk/Desktop/carbon-coverall/carbon-coverall-poc/node_modules/jest-circus/build/run.js:96:9)
    at _runTestsForDescribeBlock (/Users/chrisvelgersdyk/Desktop/carbon-coverall/carbon-coverall-poc/node_modules/jest-circus/build/run.js:90:9)</failure>
    </testcase>
    <testcase classname="@carbon/react/scss scss/components/fluid-text-area should be importable" name="@carbon/react/scss scss/components/fluid-text-area should be importable" time="0.012">
      <failure>Error: expect(received).resolves.toBeDefined()

Received promise rejected instead of resolved
Rejected to value: [Error: Can&apos;t find stylesheet to import.
  ╷
8 │ @forward &apos;./generated/fluid-spacing&apos;;
  │ ^^^^^^^^^^^^^^^^^^^^^^^^^^^^^^^^^^^^
  ╵
  node_modules/@carbon/layout/scss/_spacing.scss 8:1                                      @forward
  node_modules/@carbon/styles/scss/_spacing.scss 8:1                                      @use
  node_modules/@carbon/styles/scss/components/form/_form.scss 9:1                         @forward
  node_modules/@carbon/styles/scss/components/form/_index.scss 8:1                        @use
  node_modules/@carbon/styles/scss/components/text-area/_text-area.scss 8:1               @forward
  node_modules/@carbon/styles/scss/components/text-area/_index.scss 8:1                   @use
  node_modules/@carbon/styles/scss/components/fluid-text-area/_fluid-text-area.scss 11:1  @forward
  node_modules/@carbon/styles/scss/components/fluid-text-area/_index.scss 8:1             @forward
  packages/carbon-components-react/scss/components/fluid-text-area/_index.scss 9:1        @use
  stdin 2:1                                                                               root stylesheet]
    at expect (/Users/chrisvelgersdyk/Desktop/carbon-coverall/carbon-coverall-poc/node_modules/expect/build/index.js:128:15)
    at Object.expect (/Users/chrisvelgersdyk/Desktop/carbon-coverall/carbon-coverall-poc/packages/carbon-components-react/__tests__/scss-test.js:24:13)
    at Promise.then.completed (/Users/chrisvelgersdyk/Desktop/carbon-coverall/carbon-coverall-poc/node_modules/jest-circus/build/utils.js:333:28)
    at new Promise (&lt;anonymous&gt;)
    at callAsyncCircusFn (/Users/chrisvelgersdyk/Desktop/carbon-coverall/carbon-coverall-poc/node_modules/jest-circus/build/utils.js:259:10)
    at _callCircusTest (/Users/chrisvelgersdyk/Desktop/carbon-coverall/carbon-coverall-poc/node_modules/jest-circus/build/run.js:276:40)
    at processTicksAndRejections (node:internal/process/task_queues:95:5)
    at _runTest (/Users/chrisvelgersdyk/Desktop/carbon-coverall/carbon-coverall-poc/node_modules/jest-circus/build/run.js:208:3)
    at _runTestsForDescribeBlock (/Users/chrisvelgersdyk/Desktop/carbon-coverall/carbon-coverall-poc/node_modules/jest-circus/build/run.js:96:9)
    at _runTestsForDescribeBlock (/Users/chrisvelgersdyk/Desktop/carbon-coverall/carbon-coverall-poc/node_modules/jest-circus/build/run.js:90:9)</failure>
    </testcase>
    <testcase classname="@carbon/react/scss scss/components/fluid-text-input/fluid-text-input should be importable" name="@carbon/react/scss scss/components/fluid-text-input/fluid-text-input should be importable" time="0.006">
      <failure>Error: expect(received).resolves.toBeDefined()

Received promise rejected instead of resolved
Rejected to value: [Error: Can&apos;t find stylesheet to import.
  ╷
8 │ @forward &apos;./generated/fluid-spacing&apos;;
  │ ^^^^^^^^^^^^^^^^^^^^^^^^^^^^^^^^^^^^
  ╵
  node_modules/@carbon/layout/scss/_spacing.scss 8:1                                            @forward
  node_modules/@carbon/styles/scss/_spacing.scss 8:1                                            @use
  node_modules/@carbon/styles/scss/components/fluid-text-input/_fluid-text-input.scss 13:1      @forward
  packages/carbon-components-react/scss/components/fluid-text-input/_fluid-text-input.scss 9:1  @use
  stdin 2:1                                                                                     root stylesheet]
    at expect (/Users/chrisvelgersdyk/Desktop/carbon-coverall/carbon-coverall-poc/node_modules/expect/build/index.js:128:15)
    at Object.expect (/Users/chrisvelgersdyk/Desktop/carbon-coverall/carbon-coverall-poc/packages/carbon-components-react/__tests__/scss-test.js:24:13)
    at Promise.then.completed (/Users/chrisvelgersdyk/Desktop/carbon-coverall/carbon-coverall-poc/node_modules/jest-circus/build/utils.js:333:28)
    at new Promise (&lt;anonymous&gt;)
    at callAsyncCircusFn (/Users/chrisvelgersdyk/Desktop/carbon-coverall/carbon-coverall-poc/node_modules/jest-circus/build/utils.js:259:10)
    at _callCircusTest (/Users/chrisvelgersdyk/Desktop/carbon-coverall/carbon-coverall-poc/node_modules/jest-circus/build/run.js:276:40)
    at processTicksAndRejections (node:internal/process/task_queues:95:5)
    at _runTest (/Users/chrisvelgersdyk/Desktop/carbon-coverall/carbon-coverall-poc/node_modules/jest-circus/build/run.js:208:3)
    at _runTestsForDescribeBlock (/Users/chrisvelgersdyk/Desktop/carbon-coverall/carbon-coverall-poc/node_modules/jest-circus/build/run.js:96:9)
    at _runTestsForDescribeBlock (/Users/chrisvelgersdyk/Desktop/carbon-coverall/carbon-coverall-poc/node_modules/jest-circus/build/run.js:90:9)</failure>
    </testcase>
    <testcase classname="@carbon/react/scss scss/components/fluid-text-input should be importable" name="@carbon/react/scss scss/components/fluid-text-input should be importable" time="0.007">
      <failure>Error: expect(received).resolves.toBeDefined()

Received promise rejected instead of resolved
Rejected to value: [Error: Can&apos;t find stylesheet to import.
  ╷
8 │ @forward &apos;./generated/fluid-spacing&apos;;
  │ ^^^^^^^^^^^^^^^^^^^^^^^^^^^^^^^^^^^^
  ╵
  node_modules/@carbon/layout/scss/_spacing.scss 8:1                                        @forward
  node_modules/@carbon/styles/scss/_spacing.scss 8:1                                        @use
  node_modules/@carbon/styles/scss/components/fluid-text-input/_fluid-text-input.scss 13:1  @forward
  node_modules/@carbon/styles/scss/components/fluid-text-input/_index.scss 8:1              @forward
  packages/carbon-components-react/scss/components/fluid-text-input/_index.scss 9:1         @use
  stdin 2:1                                                                                 root stylesheet]
    at expect (/Users/chrisvelgersdyk/Desktop/carbon-coverall/carbon-coverall-poc/node_modules/expect/build/index.js:128:15)
    at Object.expect (/Users/chrisvelgersdyk/Desktop/carbon-coverall/carbon-coverall-poc/packages/carbon-components-react/__tests__/scss-test.js:24:13)
    at Promise.then.completed (/Users/chrisvelgersdyk/Desktop/carbon-coverall/carbon-coverall-poc/node_modules/jest-circus/build/utils.js:333:28)
    at new Promise (&lt;anonymous&gt;)
    at callAsyncCircusFn (/Users/chrisvelgersdyk/Desktop/carbon-coverall/carbon-coverall-poc/node_modules/jest-circus/build/utils.js:259:10)
    at _callCircusTest (/Users/chrisvelgersdyk/Desktop/carbon-coverall/carbon-coverall-poc/node_modules/jest-circus/build/run.js:276:40)
    at processTicksAndRejections (node:internal/process/task_queues:95:5)
    at _runTest (/Users/chrisvelgersdyk/Desktop/carbon-coverall/carbon-coverall-poc/node_modules/jest-circus/build/run.js:208:3)
    at _runTestsForDescribeBlock (/Users/chrisvelgersdyk/Desktop/carbon-coverall/carbon-coverall-poc/node_modules/jest-circus/build/run.js:96:9)
    at _runTestsForDescribeBlock (/Users/chrisvelgersdyk/Desktop/carbon-coverall/carbon-coverall-poc/node_modules/jest-circus/build/run.js:90:9)</failure>
    </testcase>
    <testcase classname="@carbon/react/scss scss/components/fluid-time-picker/fluid-time-picker should be importable" name="@carbon/react/scss scss/components/fluid-time-picker/fluid-time-picker should be importable" time="0.011">
      <failure>Error: expect(received).resolves.toBeDefined()

Received promise rejected instead of resolved
Rejected to value: [Error: Can&apos;t find stylesheet to import.
  ╷
8 │ @forward &apos;./generated/fluid-spacing&apos;;
  │ ^^^^^^^^^^^^^^^^^^^^^^^^^^^^^^^^^^^^
  ╵
  node_modules/@carbon/layout/scss/_spacing.scss 8:1                                              @forward
  node_modules/@carbon/styles/scss/_spacing.scss 8:1                                              @use
  node_modules/@carbon/styles/scss/components/fluid-time-picker/_fluid-time-picker.scss 13:1      @forward
  packages/carbon-components-react/scss/components/fluid-time-picker/_fluid-time-picker.scss 9:1  @use
  stdin 2:1                                                                                       root stylesheet]
    at expect (/Users/chrisvelgersdyk/Desktop/carbon-coverall/carbon-coverall-poc/node_modules/expect/build/index.js:128:15)
    at Object.expect (/Users/chrisvelgersdyk/Desktop/carbon-coverall/carbon-coverall-poc/packages/carbon-components-react/__tests__/scss-test.js:24:13)
    at Promise.then.completed (/Users/chrisvelgersdyk/Desktop/carbon-coverall/carbon-coverall-poc/node_modules/jest-circus/build/utils.js:333:28)
    at new Promise (&lt;anonymous&gt;)
    at callAsyncCircusFn (/Users/chrisvelgersdyk/Desktop/carbon-coverall/carbon-coverall-poc/node_modules/jest-circus/build/utils.js:259:10)
    at _callCircusTest (/Users/chrisvelgersdyk/Desktop/carbon-coverall/carbon-coverall-poc/node_modules/jest-circus/build/run.js:276:40)
    at processTicksAndRejections (node:internal/process/task_queues:95:5)
    at _runTest (/Users/chrisvelgersdyk/Desktop/carbon-coverall/carbon-coverall-poc/node_modules/jest-circus/build/run.js:208:3)
    at _runTestsForDescribeBlock (/Users/chrisvelgersdyk/Desktop/carbon-coverall/carbon-coverall-poc/node_modules/jest-circus/build/run.js:96:9)
    at _runTestsForDescribeBlock (/Users/chrisvelgersdyk/Desktop/carbon-coverall/carbon-coverall-poc/node_modules/jest-circus/build/run.js:90:9)</failure>
    </testcase>
    <testcase classname="@carbon/react/scss scss/components/fluid-time-picker should be importable" name="@carbon/react/scss scss/components/fluid-time-picker should be importable" time="0.012">
      <failure>Error: expect(received).resolves.toBeDefined()

Received promise rejected instead of resolved
Rejected to value: [Error: Can&apos;t find stylesheet to import.
  ╷
8 │ @forward &apos;./generated/fluid-spacing&apos;;
  │ ^^^^^^^^^^^^^^^^^^^^^^^^^^^^^^^^^^^^
  ╵
  node_modules/@carbon/layout/scss/_spacing.scss 8:1                                          @forward
  node_modules/@carbon/styles/scss/_spacing.scss 8:1                                          @use
  node_modules/@carbon/styles/scss/components/fluid-time-picker/_fluid-time-picker.scss 13:1  @forward
  node_modules/@carbon/styles/scss/components/fluid-time-picker/_index.scss 8:1               @forward
  packages/carbon-components-react/scss/components/fluid-time-picker/_index.scss 9:1          @use
  stdin 2:1                                                                                   root stylesheet]
    at expect (/Users/chrisvelgersdyk/Desktop/carbon-coverall/carbon-coverall-poc/node_modules/expect/build/index.js:128:15)
    at Object.expect (/Users/chrisvelgersdyk/Desktop/carbon-coverall/carbon-coverall-poc/packages/carbon-components-react/__tests__/scss-test.js:24:13)
    at Promise.then.completed (/Users/chrisvelgersdyk/Desktop/carbon-coverall/carbon-coverall-poc/node_modules/jest-circus/build/utils.js:333:28)
    at new Promise (&lt;anonymous&gt;)
    at callAsyncCircusFn (/Users/chrisvelgersdyk/Desktop/carbon-coverall/carbon-coverall-poc/node_modules/jest-circus/build/utils.js:259:10)
    at _callCircusTest (/Users/chrisvelgersdyk/Desktop/carbon-coverall/carbon-coverall-poc/node_modules/jest-circus/build/run.js:276:40)
    at processTicksAndRejections (node:internal/process/task_queues:95:5)
    at _runTest (/Users/chrisvelgersdyk/Desktop/carbon-coverall/carbon-coverall-poc/node_modules/jest-circus/build/run.js:208:3)
    at _runTestsForDescribeBlock (/Users/chrisvelgersdyk/Desktop/carbon-coverall/carbon-coverall-poc/node_modules/jest-circus/build/run.js:96:9)
    at _runTestsForDescribeBlock (/Users/chrisvelgersdyk/Desktop/carbon-coverall/carbon-coverall-poc/node_modules/jest-circus/build/run.js:90:9)</failure>
    </testcase>
    <testcase classname="@carbon/react/scss scss/components/icon-indicator/icon-indicator should be importable" name="@carbon/react/scss scss/components/icon-indicator/icon-indicator should be importable" time="0.006">
      <failure>Error: expect(received).resolves.toBeDefined()

Received promise rejected instead of resolved
Rejected to value: [Error: Can&apos;t find stylesheet to import.
  ╷
8 │ @forward &apos;generated/themes&apos;;
  │ ^^^^^^^^^^^^^^^^^^^^^^^^^^^
  ╵
  node_modules/@carbon/themes/scss/compat/_themes.scss 8:1                                  @use
  node_modules/@carbon/styles/scss/compat/_themes.scss 9:1                                  @use
  node_modules/@carbon/styles/scss/theme/_theme.scss 12:1                                   @forward
  node_modules/@carbon/styles/scss/_theme.scss 8:1                                          @use
  node_modules/@carbon/styles/scss/components/icon-indicator/_icon-indicator.scss 8:1       @forward
  packages/carbon-components-react/scss/components/icon-indicator/_icon-indicator.scss 9:1  @use
  stdin 2:1                                                                                 root stylesheet]
    at expect (/Users/chrisvelgersdyk/Desktop/carbon-coverall/carbon-coverall-poc/node_modules/expect/build/index.js:128:15)
    at Object.expect (/Users/chrisvelgersdyk/Desktop/carbon-coverall/carbon-coverall-poc/packages/carbon-components-react/__tests__/scss-test.js:24:13)
    at Promise.then.completed (/Users/chrisvelgersdyk/Desktop/carbon-coverall/carbon-coverall-poc/node_modules/jest-circus/build/utils.js:333:28)
    at new Promise (&lt;anonymous&gt;)
    at callAsyncCircusFn (/Users/chrisvelgersdyk/Desktop/carbon-coverall/carbon-coverall-poc/node_modules/jest-circus/build/utils.js:259:10)
    at _callCircusTest (/Users/chrisvelgersdyk/Desktop/carbon-coverall/carbon-coverall-poc/node_modules/jest-circus/build/run.js:276:40)
    at processTicksAndRejections (node:internal/process/task_queues:95:5)
    at _runTest (/Users/chrisvelgersdyk/Desktop/carbon-coverall/carbon-coverall-poc/node_modules/jest-circus/build/run.js:208:3)
    at _runTestsForDescribeBlock (/Users/chrisvelgersdyk/Desktop/carbon-coverall/carbon-coverall-poc/node_modules/jest-circus/build/run.js:96:9)
    at _runTestsForDescribeBlock (/Users/chrisvelgersdyk/Desktop/carbon-coverall/carbon-coverall-poc/node_modules/jest-circus/build/run.js:90:9)</failure>
    </testcase>
    <testcase classname="@carbon/react/scss scss/components/icon-indicator should be importable" name="@carbon/react/scss scss/components/icon-indicator should be importable" time="0.017">
      <failure>Error: expect(received).resolves.toBeDefined()

Received promise rejected instead of resolved
Rejected to value: [Error: Can&apos;t find stylesheet to import.
  ╷
8 │ @forward &apos;generated/themes&apos;;
  │ ^^^^^^^^^^^^^^^^^^^^^^^^^^^
  ╵
  node_modules/@carbon/themes/scss/compat/_themes.scss 8:1                             @use
  node_modules/@carbon/styles/scss/compat/_themes.scss 9:1                             @use
  node_modules/@carbon/styles/scss/theme/_theme.scss 12:1                              @forward
  node_modules/@carbon/styles/scss/_theme.scss 8:1                                     @use
  node_modules/@carbon/styles/scss/components/icon-indicator/_icon-indicator.scss 8:1  @forward
  node_modules/@carbon/styles/scss/components/icon-indicator/_index.scss 8:1           @forward
  packages/carbon-components-react/scss/components/icon-indicator/_index.scss 9:1      @use
  stdin 2:1                                                                            root stylesheet]
    at expect (/Users/chrisvelgersdyk/Desktop/carbon-coverall/carbon-coverall-poc/node_modules/expect/build/index.js:128:15)
    at Object.expect (/Users/chrisvelgersdyk/Desktop/carbon-coverall/carbon-coverall-poc/packages/carbon-components-react/__tests__/scss-test.js:24:13)
    at Promise.then.completed (/Users/chrisvelgersdyk/Desktop/carbon-coverall/carbon-coverall-poc/node_modules/jest-circus/build/utils.js:333:28)
    at new Promise (&lt;anonymous&gt;)
    at callAsyncCircusFn (/Users/chrisvelgersdyk/Desktop/carbon-coverall/carbon-coverall-poc/node_modules/jest-circus/build/utils.js:259:10)
    at _callCircusTest (/Users/chrisvelgersdyk/Desktop/carbon-coverall/carbon-coverall-poc/node_modules/jest-circus/build/run.js:276:40)
    at processTicksAndRejections (node:internal/process/task_queues:95:5)
    at _runTest (/Users/chrisvelgersdyk/Desktop/carbon-coverall/carbon-coverall-poc/node_modules/jest-circus/build/run.js:208:3)
    at _runTestsForDescribeBlock (/Users/chrisvelgersdyk/Desktop/carbon-coverall/carbon-coverall-poc/node_modules/jest-circus/build/run.js:96:9)
    at _runTestsForDescribeBlock (/Users/chrisvelgersdyk/Desktop/carbon-coverall/carbon-coverall-poc/node_modules/jest-circus/build/run.js:90:9)</failure>
    </testcase>
    <testcase classname="@carbon/react/scss scss/components/inline-loading should be importable" name="@carbon/react/scss scss/components/inline-loading should be importable" time="0.094">
      <failure>Error: expect(received).resolves.toBeDefined()

Received promise rejected instead of resolved
Rejected to value: [Error: Can&apos;t find stylesheet to import.
  ╷
8 │ @forward &apos;generated/themes&apos;;
  │ ^^^^^^^^^^^^^^^^^^^^^^^^^^^
  ╵
  node_modules/@carbon/themes/scss/compat/_themes.scss 8:1                             @use
  node_modules/@carbon/styles/scss/compat/_themes.scss 9:1                             @use
  node_modules/@carbon/styles/scss/theme/_theme.scss 12:1                              @use
  node_modules/@carbon/styles/scss/layer/_layer-sets.scss 9:1                          @forward
  node_modules/@carbon/styles/scss/_layer.scss 8:1                                     @use
  node_modules/@carbon/styles/scss/components/loading/_loading.scss 12:1               @forward
  node_modules/@carbon/styles/scss/components/loading/_index.scss 8:1                  @use
  node_modules/@carbon/styles/scss/components/inline-loading/_inline-loading.scss 9:1  @forward
  node_modules/@carbon/styles/scss/components/inline-loading/_index.scss 8:1           @forward
  packages/carbon-components-react/scss/components/inline-loading/_index.scss 9:1      @use
  stdin 2:1                                                                            root stylesheet]
    at expect (/Users/chrisvelgersdyk/Desktop/carbon-coverall/carbon-coverall-poc/node_modules/expect/build/index.js:128:15)
    at Object.expect (/Users/chrisvelgersdyk/Desktop/carbon-coverall/carbon-coverall-poc/packages/carbon-components-react/__tests__/scss-test.js:24:13)
    at Promise.then.completed (/Users/chrisvelgersdyk/Desktop/carbon-coverall/carbon-coverall-poc/node_modules/jest-circus/build/utils.js:333:28)
    at new Promise (&lt;anonymous&gt;)
    at callAsyncCircusFn (/Users/chrisvelgersdyk/Desktop/carbon-coverall/carbon-coverall-poc/node_modules/jest-circus/build/utils.js:259:10)
    at _callCircusTest (/Users/chrisvelgersdyk/Desktop/carbon-coverall/carbon-coverall-poc/node_modules/jest-circus/build/run.js:276:40)
    at processTicksAndRejections (node:internal/process/task_queues:95:5)
    at _runTest (/Users/chrisvelgersdyk/Desktop/carbon-coverall/carbon-coverall-poc/node_modules/jest-circus/build/run.js:208:3)
    at _runTestsForDescribeBlock (/Users/chrisvelgersdyk/Desktop/carbon-coverall/carbon-coverall-poc/node_modules/jest-circus/build/run.js:96:9)
    at _runTestsForDescribeBlock (/Users/chrisvelgersdyk/Desktop/carbon-coverall/carbon-coverall-poc/node_modules/jest-circus/build/run.js:90:9)</failure>
    </testcase>
    <testcase classname="@carbon/react/scss scss/components/inline-loading/inline-loading should be importable" name="@carbon/react/scss scss/components/inline-loading/inline-loading should be importable" time="0.051">
      <failure>Error: expect(received).resolves.toBeDefined()

Received promise rejected instead of resolved
Rejected to value: [Error: Can&apos;t find stylesheet to import.
  ╷
8 │ @forward &apos;generated/themes&apos;;
  │ ^^^^^^^^^^^^^^^^^^^^^^^^^^^
  ╵
  node_modules/@carbon/themes/scss/compat/_themes.scss 8:1                                  @use
  node_modules/@carbon/styles/scss/compat/_themes.scss 9:1                                  @use
  node_modules/@carbon/styles/scss/theme/_theme.scss 12:1                                   @use
  node_modules/@carbon/styles/scss/layer/_layer-sets.scss 9:1                               @forward
  node_modules/@carbon/styles/scss/_layer.scss 8:1                                          @use
  node_modules/@carbon/styles/scss/components/loading/_loading.scss 12:1                    @forward
  node_modules/@carbon/styles/scss/components/loading/_index.scss 8:1                       @use
  node_modules/@carbon/styles/scss/components/inline-loading/_inline-loading.scss 9:1       @forward
  packages/carbon-components-react/scss/components/inline-loading/_inline-loading.scss 9:1  @use
  stdin 2:1                                                                                 root stylesheet]
    at expect (/Users/chrisvelgersdyk/Desktop/carbon-coverall/carbon-coverall-poc/node_modules/expect/build/index.js:128:15)
    at Object.expect (/Users/chrisvelgersdyk/Desktop/carbon-coverall/carbon-coverall-poc/packages/carbon-components-react/__tests__/scss-test.js:24:13)
    at Promise.then.completed (/Users/chrisvelgersdyk/Desktop/carbon-coverall/carbon-coverall-poc/node_modules/jest-circus/build/utils.js:333:28)
    at new Promise (&lt;anonymous&gt;)
    at callAsyncCircusFn (/Users/chrisvelgersdyk/Desktop/carbon-coverall/carbon-coverall-poc/node_modules/jest-circus/build/utils.js:259:10)
    at _callCircusTest (/Users/chrisvelgersdyk/Desktop/carbon-coverall/carbon-coverall-poc/node_modules/jest-circus/build/run.js:276:40)
    at processTicksAndRejections (node:internal/process/task_queues:95:5)
    at _runTest (/Users/chrisvelgersdyk/Desktop/carbon-coverall/carbon-coverall-poc/node_modules/jest-circus/build/run.js:208:3)
    at _runTestsForDescribeBlock (/Users/chrisvelgersdyk/Desktop/carbon-coverall/carbon-coverall-poc/node_modules/jest-circus/build/run.js:96:9)
    at _runTestsForDescribeBlock (/Users/chrisvelgersdyk/Desktop/carbon-coverall/carbon-coverall-poc/node_modules/jest-circus/build/run.js:90:9)</failure>
    </testcase>
    <testcase classname="@carbon/react/scss scss/components/link should be importable" name="@carbon/react/scss scss/components/link should be importable" time="0.005">
      <failure>Error: expect(received).resolves.toBeDefined()

Received promise rejected instead of resolved
Rejected to value: [Error: Can&apos;t find stylesheet to import.
  ╷
8 │ @forward &apos;./generated/fluid-spacing&apos;;
  │ ^^^^^^^^^^^^^^^^^^^^^^^^^^^^^^^^^^^^
  ╵
  node_modules/@carbon/layout/scss/_spacing.scss 8:1                     @forward
  node_modules/@carbon/styles/scss/_spacing.scss 8:1                     @use
  node_modules/@carbon/styles/scss/components/link/_link.scss 10:1       @forward
  node_modules/@carbon/styles/scss/components/link/_index.scss 8:1       @forward
  packages/carbon-components-react/scss/components/link/_index.scss 9:1  @use
  stdin 2:1                                                              root stylesheet]
    at expect (/Users/chrisvelgersdyk/Desktop/carbon-coverall/carbon-coverall-poc/node_modules/expect/build/index.js:128:15)
    at Object.expect (/Users/chrisvelgersdyk/Desktop/carbon-coverall/carbon-coverall-poc/packages/carbon-components-react/__tests__/scss-test.js:24:13)
    at Promise.then.completed (/Users/chrisvelgersdyk/Desktop/carbon-coverall/carbon-coverall-poc/node_modules/jest-circus/build/utils.js:333:28)
    at new Promise (&lt;anonymous&gt;)
    at callAsyncCircusFn (/Users/chrisvelgersdyk/Desktop/carbon-coverall/carbon-coverall-poc/node_modules/jest-circus/build/utils.js:259:10)
    at _callCircusTest (/Users/chrisvelgersdyk/Desktop/carbon-coverall/carbon-coverall-poc/node_modules/jest-circus/build/run.js:276:40)
    at processTicksAndRejections (node:internal/process/task_queues:95:5)
    at _runTest (/Users/chrisvelgersdyk/Desktop/carbon-coverall/carbon-coverall-poc/node_modules/jest-circus/build/run.js:208:3)
    at _runTestsForDescribeBlock (/Users/chrisvelgersdyk/Desktop/carbon-coverall/carbon-coverall-poc/node_modules/jest-circus/build/run.js:96:9)
    at _runTestsForDescribeBlock (/Users/chrisvelgersdyk/Desktop/carbon-coverall/carbon-coverall-poc/node_modules/jest-circus/build/run.js:90:9)</failure>
    </testcase>
    <testcase classname="@carbon/react/scss scss/components/link/link should be importable" name="@carbon/react/scss scss/components/link/link should be importable" time="0.005">
      <failure>Error: expect(received).resolves.toBeDefined()

Received promise rejected instead of resolved
Rejected to value: [Error: Can&apos;t find stylesheet to import.
  ╷
8 │ @forward &apos;./generated/fluid-spacing&apos;;
  │ ^^^^^^^^^^^^^^^^^^^^^^^^^^^^^^^^^^^^
  ╵
  node_modules/@carbon/layout/scss/_spacing.scss 8:1                    @forward
  node_modules/@carbon/styles/scss/_spacing.scss 8:1                    @use
  node_modules/@carbon/styles/scss/components/link/_link.scss 10:1      @forward
  packages/carbon-components-react/scss/components/link/_link.scss 9:1  @use
  stdin 2:1                                                             root stylesheet]
    at expect (/Users/chrisvelgersdyk/Desktop/carbon-coverall/carbon-coverall-poc/node_modules/expect/build/index.js:128:15)
    at Object.expect (/Users/chrisvelgersdyk/Desktop/carbon-coverall/carbon-coverall-poc/packages/carbon-components-react/__tests__/scss-test.js:24:13)
    at Promise.then.completed (/Users/chrisvelgersdyk/Desktop/carbon-coverall/carbon-coverall-poc/node_modules/jest-circus/build/utils.js:333:28)
    at new Promise (&lt;anonymous&gt;)
    at callAsyncCircusFn (/Users/chrisvelgersdyk/Desktop/carbon-coverall/carbon-coverall-poc/node_modules/jest-circus/build/utils.js:259:10)
    at _callCircusTest (/Users/chrisvelgersdyk/Desktop/carbon-coverall/carbon-coverall-poc/node_modules/jest-circus/build/run.js:276:40)
    at processTicksAndRejections (node:internal/process/task_queues:95:5)
    at _runTest (/Users/chrisvelgersdyk/Desktop/carbon-coverall/carbon-coverall-poc/node_modules/jest-circus/build/run.js:208:3)
    at _runTestsForDescribeBlock (/Users/chrisvelgersdyk/Desktop/carbon-coverall/carbon-coverall-poc/node_modules/jest-circus/build/run.js:96:9)
    at _runTestsForDescribeBlock (/Users/chrisvelgersdyk/Desktop/carbon-coverall/carbon-coverall-poc/node_modules/jest-circus/build/run.js:90:9)</failure>
    </testcase>
    <testcase classname="@carbon/react/scss scss/components/list should be importable" name="@carbon/react/scss scss/components/list should be importable" time="0.005">
      <failure>Error: expect(received).resolves.toBeDefined()

Received promise rejected instead of resolved
Rejected to value: [Error: Can&apos;t find stylesheet to import.
  ╷
8 │ @forward &apos;./generated/fluid-spacing&apos;;
  │ ^^^^^^^^^^^^^^^^^^^^^^^^^^^^^^^^^^^^
  ╵
  node_modules/@carbon/layout/scss/_spacing.scss 8:1                     @forward
  node_modules/@carbon/styles/scss/_spacing.scss 8:1                     @use
  node_modules/@carbon/styles/scss/components/list/_list.scss 13:1       @forward
  node_modules/@carbon/styles/scss/components/list/_index.scss 8:1       @forward
  packages/carbon-components-react/scss/components/list/_index.scss 9:1  @use
  stdin 2:1                                                              root stylesheet]
    at expect (/Users/chrisvelgersdyk/Desktop/carbon-coverall/carbon-coverall-poc/node_modules/expect/build/index.js:128:15)
    at Object.expect (/Users/chrisvelgersdyk/Desktop/carbon-coverall/carbon-coverall-poc/packages/carbon-components-react/__tests__/scss-test.js:24:13)
    at Promise.then.completed (/Users/chrisvelgersdyk/Desktop/carbon-coverall/carbon-coverall-poc/node_modules/jest-circus/build/utils.js:333:28)
    at new Promise (&lt;anonymous&gt;)
    at callAsyncCircusFn (/Users/chrisvelgersdyk/Desktop/carbon-coverall/carbon-coverall-poc/node_modules/jest-circus/build/utils.js:259:10)
    at _callCircusTest (/Users/chrisvelgersdyk/Desktop/carbon-coverall/carbon-coverall-poc/node_modules/jest-circus/build/run.js:276:40)
    at processTicksAndRejections (node:internal/process/task_queues:95:5)
    at _runTest (/Users/chrisvelgersdyk/Desktop/carbon-coverall/carbon-coverall-poc/node_modules/jest-circus/build/run.js:208:3)
    at _runTestsForDescribeBlock (/Users/chrisvelgersdyk/Desktop/carbon-coverall/carbon-coverall-poc/node_modules/jest-circus/build/run.js:96:9)
    at _runTestsForDescribeBlock (/Users/chrisvelgersdyk/Desktop/carbon-coverall/carbon-coverall-poc/node_modules/jest-circus/build/run.js:90:9)</failure>
    </testcase>
    <testcase classname="@carbon/react/scss scss/components/list/list should be importable" name="@carbon/react/scss scss/components/list/list should be importable" time="0.004">
      <failure>Error: expect(received).resolves.toBeDefined()

Received promise rejected instead of resolved
Rejected to value: [Error: Can&apos;t find stylesheet to import.
  ╷
8 │ @forward &apos;./generated/fluid-spacing&apos;;
  │ ^^^^^^^^^^^^^^^^^^^^^^^^^^^^^^^^^^^^
  ╵
  node_modules/@carbon/layout/scss/_spacing.scss 8:1                    @forward
  node_modules/@carbon/styles/scss/_spacing.scss 8:1                    @use
  node_modules/@carbon/styles/scss/components/list/_list.scss 13:1      @forward
  packages/carbon-components-react/scss/components/list/_list.scss 9:1  @use
  stdin 2:1                                                             root stylesheet]
    at expect (/Users/chrisvelgersdyk/Desktop/carbon-coverall/carbon-coverall-poc/node_modules/expect/build/index.js:128:15)
    at Object.expect (/Users/chrisvelgersdyk/Desktop/carbon-coverall/carbon-coverall-poc/packages/carbon-components-react/__tests__/scss-test.js:24:13)
    at Promise.then.completed (/Users/chrisvelgersdyk/Desktop/carbon-coverall/carbon-coverall-poc/node_modules/jest-circus/build/utils.js:333:28)
    at new Promise (&lt;anonymous&gt;)
    at callAsyncCircusFn (/Users/chrisvelgersdyk/Desktop/carbon-coverall/carbon-coverall-poc/node_modules/jest-circus/build/utils.js:259:10)
    at _callCircusTest (/Users/chrisvelgersdyk/Desktop/carbon-coverall/carbon-coverall-poc/node_modules/jest-circus/build/run.js:276:40)
    at processTicksAndRejections (node:internal/process/task_queues:95:5)
    at _runTest (/Users/chrisvelgersdyk/Desktop/carbon-coverall/carbon-coverall-poc/node_modules/jest-circus/build/run.js:208:3)
    at _runTestsForDescribeBlock (/Users/chrisvelgersdyk/Desktop/carbon-coverall/carbon-coverall-poc/node_modules/jest-circus/build/run.js:96:9)
    at _runTestsForDescribeBlock (/Users/chrisvelgersdyk/Desktop/carbon-coverall/carbon-coverall-poc/node_modules/jest-circus/build/run.js:90:9)</failure>
    </testcase>
    <testcase classname="@carbon/react/scss scss/components/list-box should be importable" name="@carbon/react/scss scss/components/list-box should be importable" time="0.066">
      <failure>Error: expect(received).resolves.toBeDefined()

Received promise rejected instead of resolved
Rejected to value: [Error: Can&apos;t find stylesheet to import.
  ╷
8 │ @forward &apos;generated/themes&apos;;
  │ ^^^^^^^^^^^^^^^^^^^^^^^^^^^
  ╵
  node_modules/@carbon/themes/scss/_themes.scss 8:1                          @forward
  node_modules/@carbon/styles/scss/_themes.scss 9:1                          @use
  node_modules/@carbon/styles/scss/components/button/_tokens.scss 10:1       @use
  node_modules/@carbon/styles/scss/components/list-box/_list-box.scss 8:1    @forward
  node_modules/@carbon/styles/scss/components/list-box/_index.scss 8:1       @forward
  packages/carbon-components-react/scss/components/list-box/_index.scss 9:1  @use
  stdin 2:1                                                                  root stylesheet]
    at expect (/Users/chrisvelgersdyk/Desktop/carbon-coverall/carbon-coverall-poc/node_modules/expect/build/index.js:128:15)
    at Object.expect (/Users/chrisvelgersdyk/Desktop/carbon-coverall/carbon-coverall-poc/packages/carbon-components-react/__tests__/scss-test.js:24:13)
    at Promise.then.completed (/Users/chrisvelgersdyk/Desktop/carbon-coverall/carbon-coverall-poc/node_modules/jest-circus/build/utils.js:333:28)
    at new Promise (&lt;anonymous&gt;)
    at callAsyncCircusFn (/Users/chrisvelgersdyk/Desktop/carbon-coverall/carbon-coverall-poc/node_modules/jest-circus/build/utils.js:259:10)
    at _callCircusTest (/Users/chrisvelgersdyk/Desktop/carbon-coverall/carbon-coverall-poc/node_modules/jest-circus/build/run.js:276:40)
    at processTicksAndRejections (node:internal/process/task_queues:95:5)
    at _runTest (/Users/chrisvelgersdyk/Desktop/carbon-coverall/carbon-coverall-poc/node_modules/jest-circus/build/run.js:208:3)
    at _runTestsForDescribeBlock (/Users/chrisvelgersdyk/Desktop/carbon-coverall/carbon-coverall-poc/node_modules/jest-circus/build/run.js:96:9)
    at _runTestsForDescribeBlock (/Users/chrisvelgersdyk/Desktop/carbon-coverall/carbon-coverall-poc/node_modules/jest-circus/build/run.js:90:9)</failure>
    </testcase>
    <testcase classname="@carbon/react/scss scss/components/list-box/list-box should be importable" name="@carbon/react/scss scss/components/list-box/list-box should be importable" time="0.017">
      <failure>Error: expect(received).resolves.toBeDefined()

Received promise rejected instead of resolved
Rejected to value: [Error: Can&apos;t find stylesheet to import.
  ╷
8 │ @forward &apos;generated/themes&apos;;
  │ ^^^^^^^^^^^^^^^^^^^^^^^^^^^
  ╵
  node_modules/@carbon/themes/scss/_themes.scss 8:1                             @forward
  node_modules/@carbon/styles/scss/_themes.scss 9:1                             @use
  node_modules/@carbon/styles/scss/components/button/_tokens.scss 10:1          @use
  node_modules/@carbon/styles/scss/components/list-box/_list-box.scss 8:1       @forward
  packages/carbon-components-react/scss/components/list-box/_list-box.scss 9:1  @use
  stdin 2:1                                                                     root stylesheet]
    at expect (/Users/chrisvelgersdyk/Desktop/carbon-coverall/carbon-coverall-poc/node_modules/expect/build/index.js:128:15)
    at Object.expect (/Users/chrisvelgersdyk/Desktop/carbon-coverall/carbon-coverall-poc/packages/carbon-components-react/__tests__/scss-test.js:24:13)
    at Promise.then.completed (/Users/chrisvelgersdyk/Desktop/carbon-coverall/carbon-coverall-poc/node_modules/jest-circus/build/utils.js:333:28)
    at new Promise (&lt;anonymous&gt;)
    at callAsyncCircusFn (/Users/chrisvelgersdyk/Desktop/carbon-coverall/carbon-coverall-poc/node_modules/jest-circus/build/utils.js:259:10)
    at _callCircusTest (/Users/chrisvelgersdyk/Desktop/carbon-coverall/carbon-coverall-poc/node_modules/jest-circus/build/run.js:276:40)
    at processTicksAndRejections (node:internal/process/task_queues:95:5)
    at _runTest (/Users/chrisvelgersdyk/Desktop/carbon-coverall/carbon-coverall-poc/node_modules/jest-circus/build/run.js:208:3)
    at _runTestsForDescribeBlock (/Users/chrisvelgersdyk/Desktop/carbon-coverall/carbon-coverall-poc/node_modules/jest-circus/build/run.js:96:9)
    at _runTestsForDescribeBlock (/Users/chrisvelgersdyk/Desktop/carbon-coverall/carbon-coverall-poc/node_modules/jest-circus/build/run.js:90:9)</failure>
    </testcase>
    <testcase classname="@carbon/react/scss scss/components/loading should be importable" name="@carbon/react/scss scss/components/loading should be importable" time="0.023">
      <failure>Error: expect(received).resolves.toBeDefined()

Received promise rejected instead of resolved
Rejected to value: [Error: Can&apos;t find stylesheet to import.
  ╷
8 │ @forward &apos;generated/themes&apos;;
  │ ^^^^^^^^^^^^^^^^^^^^^^^^^^^
  ╵
  node_modules/@carbon/themes/scss/compat/_themes.scss 8:1                  @use
  node_modules/@carbon/styles/scss/compat/_themes.scss 9:1                  @use
  node_modules/@carbon/styles/scss/theme/_theme.scss 12:1                   @use
  node_modules/@carbon/styles/scss/layer/_layer-sets.scss 9:1               @forward
  node_modules/@carbon/styles/scss/_layer.scss 8:1                          @use
  node_modules/@carbon/styles/scss/components/loading/_loading.scss 12:1    @forward
  node_modules/@carbon/styles/scss/components/loading/_index.scss 8:1       @forward
  packages/carbon-components-react/scss/components/loading/_index.scss 9:1  @use
  stdin 2:1                                                                 root stylesheet]
    at expect (/Users/chrisvelgersdyk/Desktop/carbon-coverall/carbon-coverall-poc/node_modules/expect/build/index.js:128:15)
    at Object.expect (/Users/chrisvelgersdyk/Desktop/carbon-coverall/carbon-coverall-poc/packages/carbon-components-react/__tests__/scss-test.js:24:13)
    at Promise.then.completed (/Users/chrisvelgersdyk/Desktop/carbon-coverall/carbon-coverall-poc/node_modules/jest-circus/build/utils.js:333:28)
    at new Promise (&lt;anonymous&gt;)
    at callAsyncCircusFn (/Users/chrisvelgersdyk/Desktop/carbon-coverall/carbon-coverall-poc/node_modules/jest-circus/build/utils.js:259:10)
    at _callCircusTest (/Users/chrisvelgersdyk/Desktop/carbon-coverall/carbon-coverall-poc/node_modules/jest-circus/build/run.js:276:40)
    at processTicksAndRejections (node:internal/process/task_queues:95:5)
    at _runTest (/Users/chrisvelgersdyk/Desktop/carbon-coverall/carbon-coverall-poc/node_modules/jest-circus/build/run.js:208:3)
    at _runTestsForDescribeBlock (/Users/chrisvelgersdyk/Desktop/carbon-coverall/carbon-coverall-poc/node_modules/jest-circus/build/run.js:96:9)
    at _runTestsForDescribeBlock (/Users/chrisvelgersdyk/Desktop/carbon-coverall/carbon-coverall-poc/node_modules/jest-circus/build/run.js:90:9)</failure>
    </testcase>
    <testcase classname="@carbon/react/scss scss/components/loading/loading should be importable" name="@carbon/react/scss scss/components/loading/loading should be importable" time="0.014">
      <failure>Error: expect(received).resolves.toBeDefined()

Received promise rejected instead of resolved
Rejected to value: [Error: Can&apos;t find stylesheet to import.
  ╷
8 │ @forward &apos;generated/themes&apos;;
  │ ^^^^^^^^^^^^^^^^^^^^^^^^^^^
  ╵
  node_modules/@carbon/themes/scss/compat/_themes.scss 8:1                    @use
  node_modules/@carbon/styles/scss/compat/_themes.scss 9:1                    @use
  node_modules/@carbon/styles/scss/theme/_theme.scss 12:1                     @use
  node_modules/@carbon/styles/scss/layer/_layer-sets.scss 9:1                 @forward
  node_modules/@carbon/styles/scss/_layer.scss 8:1                            @use
  node_modules/@carbon/styles/scss/components/loading/_loading.scss 12:1      @forward
  packages/carbon-components-react/scss/components/loading/_loading.scss 9:1  @use
  stdin 2:1                                                                   root stylesheet]
    at expect (/Users/chrisvelgersdyk/Desktop/carbon-coverall/carbon-coverall-poc/node_modules/expect/build/index.js:128:15)
    at Object.expect (/Users/chrisvelgersdyk/Desktop/carbon-coverall/carbon-coverall-poc/packages/carbon-components-react/__tests__/scss-test.js:24:13)
    at Promise.then.completed (/Users/chrisvelgersdyk/Desktop/carbon-coverall/carbon-coverall-poc/node_modules/jest-circus/build/utils.js:333:28)
    at new Promise (&lt;anonymous&gt;)
    at callAsyncCircusFn (/Users/chrisvelgersdyk/Desktop/carbon-coverall/carbon-coverall-poc/node_modules/jest-circus/build/utils.js:259:10)
    at _callCircusTest (/Users/chrisvelgersdyk/Desktop/carbon-coverall/carbon-coverall-poc/node_modules/jest-circus/build/run.js:276:40)
    at processTicksAndRejections (node:internal/process/task_queues:95:5)
    at _runTest (/Users/chrisvelgersdyk/Desktop/carbon-coverall/carbon-coverall-poc/node_modules/jest-circus/build/run.js:208:3)
    at _runTestsForDescribeBlock (/Users/chrisvelgersdyk/Desktop/carbon-coverall/carbon-coverall-poc/node_modules/jest-circus/build/run.js:96:9)
    at _runTestsForDescribeBlock (/Users/chrisvelgersdyk/Desktop/carbon-coverall/carbon-coverall-poc/node_modules/jest-circus/build/run.js:90:9)</failure>
    </testcase>
    <testcase classname="@carbon/react/scss scss/components/menu should be importable" name="@carbon/react/scss scss/components/menu should be importable" time="0.007">
      <failure>Error: expect(received).resolves.toBeDefined()

Received promise rejected instead of resolved
Rejected to value: [Error: Can&apos;t find stylesheet to import.
  ╷
8 │ @forward &apos;generated/themes&apos;;
  │ ^^^^^^^^^^^^^^^^^^^^^^^^^^^
  ╵
  node_modules/@carbon/themes/scss/_themes.scss 8:1                      @forward
  node_modules/@carbon/styles/scss/_themes.scss 9:1                      @use
  node_modules/@carbon/styles/scss/components/button/_tokens.scss 10:1   @use
  node_modules/@carbon/styles/scss/components/menu/_menu.scss 8:1        @forward
  node_modules/@carbon/styles/scss/components/menu/_index.scss 8:1       @forward
  packages/carbon-components-react/scss/components/menu/_index.scss 9:1  @use
  stdin 2:1                                                              root stylesheet]
    at expect (/Users/chrisvelgersdyk/Desktop/carbon-coverall/carbon-coverall-poc/node_modules/expect/build/index.js:128:15)
    at Object.expect (/Users/chrisvelgersdyk/Desktop/carbon-coverall/carbon-coverall-poc/packages/carbon-components-react/__tests__/scss-test.js:24:13)
    at Promise.then.completed (/Users/chrisvelgersdyk/Desktop/carbon-coverall/carbon-coverall-poc/node_modules/jest-circus/build/utils.js:333:28)
    at new Promise (&lt;anonymous&gt;)
    at callAsyncCircusFn (/Users/chrisvelgersdyk/Desktop/carbon-coverall/carbon-coverall-poc/node_modules/jest-circus/build/utils.js:259:10)
    at _callCircusTest (/Users/chrisvelgersdyk/Desktop/carbon-coverall/carbon-coverall-poc/node_modules/jest-circus/build/run.js:276:40)
    at processTicksAndRejections (node:internal/process/task_queues:95:5)
    at _runTest (/Users/chrisvelgersdyk/Desktop/carbon-coverall/carbon-coverall-poc/node_modules/jest-circus/build/run.js:208:3)
    at _runTestsForDescribeBlock (/Users/chrisvelgersdyk/Desktop/carbon-coverall/carbon-coverall-poc/node_modules/jest-circus/build/run.js:96:9)
    at _runTestsForDescribeBlock (/Users/chrisvelgersdyk/Desktop/carbon-coverall/carbon-coverall-poc/node_modules/jest-circus/build/run.js:90:9)</failure>
    </testcase>
    <testcase classname="@carbon/react/scss scss/components/menu/menu should be importable" name="@carbon/react/scss scss/components/menu/menu should be importable" time="0.006">
      <failure>Error: expect(received).resolves.toBeDefined()

Received promise rejected instead of resolved
Rejected to value: [Error: Can&apos;t find stylesheet to import.
  ╷
8 │ @forward &apos;generated/themes&apos;;
  │ ^^^^^^^^^^^^^^^^^^^^^^^^^^^
  ╵
  node_modules/@carbon/themes/scss/_themes.scss 8:1                     @forward
  node_modules/@carbon/styles/scss/_themes.scss 9:1                     @use
  node_modules/@carbon/styles/scss/components/button/_tokens.scss 10:1  @use
  node_modules/@carbon/styles/scss/components/menu/_menu.scss 8:1       @forward
  packages/carbon-components-react/scss/components/menu/_menu.scss 9:1  @use
  stdin 2:1                                                             root stylesheet]
    at expect (/Users/chrisvelgersdyk/Desktop/carbon-coverall/carbon-coverall-poc/node_modules/expect/build/index.js:128:15)
    at Object.expect (/Users/chrisvelgersdyk/Desktop/carbon-coverall/carbon-coverall-poc/packages/carbon-components-react/__tests__/scss-test.js:24:13)
    at Promise.then.completed (/Users/chrisvelgersdyk/Desktop/carbon-coverall/carbon-coverall-poc/node_modules/jest-circus/build/utils.js:333:28)
    at new Promise (&lt;anonymous&gt;)
    at callAsyncCircusFn (/Users/chrisvelgersdyk/Desktop/carbon-coverall/carbon-coverall-poc/node_modules/jest-circus/build/utils.js:259:10)
    at _callCircusTest (/Users/chrisvelgersdyk/Desktop/carbon-coverall/carbon-coverall-poc/node_modules/jest-circus/build/run.js:276:40)
    at processTicksAndRejections (node:internal/process/task_queues:95:5)
    at _runTest (/Users/chrisvelgersdyk/Desktop/carbon-coverall/carbon-coverall-poc/node_modules/jest-circus/build/run.js:208:3)
    at _runTestsForDescribeBlock (/Users/chrisvelgersdyk/Desktop/carbon-coverall/carbon-coverall-poc/node_modules/jest-circus/build/run.js:96:9)
    at _runTestsForDescribeBlock (/Users/chrisvelgersdyk/Desktop/carbon-coverall/carbon-coverall-poc/node_modules/jest-circus/build/run.js:90:9)</failure>
    </testcase>
    <testcase classname="@carbon/react/scss scss/components/modal should be importable" name="@carbon/react/scss scss/components/modal should be importable" time="0.005">
      <failure>Error: expect(received).resolves.toBeDefined()

Received promise rejected instead of resolved
Rejected to value: [Error: Can&apos;t find stylesheet to import.
  ╷
8 │ @forward &apos;./generated/fluid-spacing&apos;;
  │ ^^^^^^^^^^^^^^^^^^^^^^^^^^^^^^^^^^^^
  ╵
  node_modules/@carbon/layout/scss/_spacing.scss 8:1                      @forward
  node_modules/@carbon/styles/scss/_spacing.scss 8:1                      @use
  node_modules/@carbon/styles/scss/components/button/_vars.scss 8:1       @forward
  node_modules/@carbon/styles/scss/components/button/_index.scss 8:1      @use
  node_modules/@carbon/styles/scss/components/modal/_modal.scss 8:1       @forward
  node_modules/@carbon/styles/scss/components/modal/_index.scss 8:1       @forward
  packages/carbon-components-react/scss/components/modal/_index.scss 9:1  @use
  stdin 2:1                                                               root stylesheet]
    at expect (/Users/chrisvelgersdyk/Desktop/carbon-coverall/carbon-coverall-poc/node_modules/expect/build/index.js:128:15)
    at Object.expect (/Users/chrisvelgersdyk/Desktop/carbon-coverall/carbon-coverall-poc/packages/carbon-components-react/__tests__/scss-test.js:24:13)
    at Promise.then.completed (/Users/chrisvelgersdyk/Desktop/carbon-coverall/carbon-coverall-poc/node_modules/jest-circus/build/utils.js:333:28)
    at new Promise (&lt;anonymous&gt;)
    at callAsyncCircusFn (/Users/chrisvelgersdyk/Desktop/carbon-coverall/carbon-coverall-poc/node_modules/jest-circus/build/utils.js:259:10)
    at _callCircusTest (/Users/chrisvelgersdyk/Desktop/carbon-coverall/carbon-coverall-poc/node_modules/jest-circus/build/run.js:276:40)
    at processTicksAndRejections (node:internal/process/task_queues:95:5)
    at _runTest (/Users/chrisvelgersdyk/Desktop/carbon-coverall/carbon-coverall-poc/node_modules/jest-circus/build/run.js:208:3)
    at _runTestsForDescribeBlock (/Users/chrisvelgersdyk/Desktop/carbon-coverall/carbon-coverall-poc/node_modules/jest-circus/build/run.js:96:9)
    at _runTestsForDescribeBlock (/Users/chrisvelgersdyk/Desktop/carbon-coverall/carbon-coverall-poc/node_modules/jest-circus/build/run.js:90:9)</failure>
    </testcase>
    <testcase classname="@carbon/react/scss scss/components/modal/modal should be importable" name="@carbon/react/scss scss/components/modal/modal should be importable" time="0.005">
      <failure>Error: expect(received).resolves.toBeDefined()

Received promise rejected instead of resolved
Rejected to value: [Error: Can&apos;t find stylesheet to import.
  ╷
8 │ @forward &apos;./generated/fluid-spacing&apos;;
  │ ^^^^^^^^^^^^^^^^^^^^^^^^^^^^^^^^^^^^
  ╵
  node_modules/@carbon/layout/scss/_spacing.scss 8:1                      @forward
  node_modules/@carbon/styles/scss/_spacing.scss 8:1                      @use
  node_modules/@carbon/styles/scss/components/button/_vars.scss 8:1       @forward
  node_modules/@carbon/styles/scss/components/button/_index.scss 8:1      @use
  node_modules/@carbon/styles/scss/components/modal/_modal.scss 8:1       @forward
  packages/carbon-components-react/scss/components/modal/_modal.scss 9:1  @use
  stdin 2:1                                                               root stylesheet]
    at expect (/Users/chrisvelgersdyk/Desktop/carbon-coverall/carbon-coverall-poc/node_modules/expect/build/index.js:128:15)
    at Object.expect (/Users/chrisvelgersdyk/Desktop/carbon-coverall/carbon-coverall-poc/packages/carbon-components-react/__tests__/scss-test.js:24:13)
    at Promise.then.completed (/Users/chrisvelgersdyk/Desktop/carbon-coverall/carbon-coverall-poc/node_modules/jest-circus/build/utils.js:333:28)
    at new Promise (&lt;anonymous&gt;)
    at callAsyncCircusFn (/Users/chrisvelgersdyk/Desktop/carbon-coverall/carbon-coverall-poc/node_modules/jest-circus/build/utils.js:259:10)
    at _callCircusTest (/Users/chrisvelgersdyk/Desktop/carbon-coverall/carbon-coverall-poc/node_modules/jest-circus/build/run.js:276:40)
    at processTicksAndRejections (node:internal/process/task_queues:95:5)
    at _runTest (/Users/chrisvelgersdyk/Desktop/carbon-coverall/carbon-coverall-poc/node_modules/jest-circus/build/run.js:208:3)
    at _runTestsForDescribeBlock (/Users/chrisvelgersdyk/Desktop/carbon-coverall/carbon-coverall-poc/node_modules/jest-circus/build/run.js:96:9)
    at _runTestsForDescribeBlock (/Users/chrisvelgersdyk/Desktop/carbon-coverall/carbon-coverall-poc/node_modules/jest-circus/build/run.js:90:9)</failure>
    </testcase>
    <testcase classname="@carbon/react/scss scss/components/multiselect should be importable" name="@carbon/react/scss scss/components/multiselect should be importable" time="0.061">
      <failure>Error: expect(received).resolves.toBeDefined()

Received promise rejected instead of resolved
Rejected to value: [Error: Can&apos;t find stylesheet to import.
  ╷
8 │ @forward &apos;./generated/fluid-spacing&apos;;
  │ ^^^^^^^^^^^^^^^^^^^^^^^^^^^^^^^^^^^^
  ╵
  node_modules/@carbon/layout/scss/_spacing.scss 8:1                             @forward
  node_modules/@carbon/styles/scss/_spacing.scss 8:1                             @use
  node_modules/@carbon/styles/scss/components/form/_form.scss 9:1                @forward
  node_modules/@carbon/styles/scss/components/form/_index.scss 8:1               @use
  node_modules/@carbon/styles/scss/components/checkbox/_checkbox.scss 8:1        @forward
  node_modules/@carbon/styles/scss/components/checkbox/_index.scss 8:1           @use
  node_modules/@carbon/styles/scss/components/multiselect/_multiselect.scss 8:1  @forward
  node_modules/@carbon/styles/scss/components/multiselect/_index.scss 8:1        @forward
  packages/carbon-components-react/scss/components/multiselect/_index.scss 9:1   @use
  stdin 2:1                                                                      root stylesheet]
    at expect (/Users/chrisvelgersdyk/Desktop/carbon-coverall/carbon-coverall-poc/node_modules/expect/build/index.js:128:15)
    at Object.expect (/Users/chrisvelgersdyk/Desktop/carbon-coverall/carbon-coverall-poc/packages/carbon-components-react/__tests__/scss-test.js:24:13)
    at Promise.then.completed (/Users/chrisvelgersdyk/Desktop/carbon-coverall/carbon-coverall-poc/node_modules/jest-circus/build/utils.js:333:28)
    at new Promise (&lt;anonymous&gt;)
    at callAsyncCircusFn (/Users/chrisvelgersdyk/Desktop/carbon-coverall/carbon-coverall-poc/node_modules/jest-circus/build/utils.js:259:10)
    at _callCircusTest (/Users/chrisvelgersdyk/Desktop/carbon-coverall/carbon-coverall-poc/node_modules/jest-circus/build/run.js:276:40)
    at processTicksAndRejections (node:internal/process/task_queues:95:5)
    at _runTest (/Users/chrisvelgersdyk/Desktop/carbon-coverall/carbon-coverall-poc/node_modules/jest-circus/build/run.js:208:3)
    at _runTestsForDescribeBlock (/Users/chrisvelgersdyk/Desktop/carbon-coverall/carbon-coverall-poc/node_modules/jest-circus/build/run.js:96:9)
    at _runTestsForDescribeBlock (/Users/chrisvelgersdyk/Desktop/carbon-coverall/carbon-coverall-poc/node_modules/jest-circus/build/run.js:90:9)</failure>
    </testcase>
    <testcase classname="@carbon/react/scss scss/components/multiselect/multiselect should be importable" name="@carbon/react/scss scss/components/multiselect/multiselect should be importable" time="0.01">
      <failure>Error: expect(received).resolves.toBeDefined()

Received promise rejected instead of resolved
Rejected to value: [Error: Can&apos;t find stylesheet to import.
  ╷
8 │ @forward &apos;./generated/fluid-spacing&apos;;
  │ ^^^^^^^^^^^^^^^^^^^^^^^^^^^^^^^^^^^^
  ╵
  node_modules/@carbon/layout/scss/_spacing.scss 8:1                                  @forward
  node_modules/@carbon/styles/scss/_spacing.scss 8:1                                  @use
  node_modules/@carbon/styles/scss/components/form/_form.scss 9:1                     @forward
  node_modules/@carbon/styles/scss/components/form/_index.scss 8:1                    @use
  node_modules/@carbon/styles/scss/components/checkbox/_checkbox.scss 8:1             @forward
  node_modules/@carbon/styles/scss/components/checkbox/_index.scss 8:1                @use
  node_modules/@carbon/styles/scss/components/multiselect/_multiselect.scss 8:1       @forward
  packages/carbon-components-react/scss/components/multiselect/_multiselect.scss 9:1  @use
  stdin 2:1                                                                           root stylesheet]
    at expect (/Users/chrisvelgersdyk/Desktop/carbon-coverall/carbon-coverall-poc/node_modules/expect/build/index.js:128:15)
    at Object.expect (/Users/chrisvelgersdyk/Desktop/carbon-coverall/carbon-coverall-poc/packages/carbon-components-react/__tests__/scss-test.js:24:13)
    at Promise.then.completed (/Users/chrisvelgersdyk/Desktop/carbon-coverall/carbon-coverall-poc/node_modules/jest-circus/build/utils.js:333:28)
    at new Promise (&lt;anonymous&gt;)
    at callAsyncCircusFn (/Users/chrisvelgersdyk/Desktop/carbon-coverall/carbon-coverall-poc/node_modules/jest-circus/build/utils.js:259:10)
    at _callCircusTest (/Users/chrisvelgersdyk/Desktop/carbon-coverall/carbon-coverall-poc/node_modules/jest-circus/build/run.js:276:40)
    at processTicksAndRejections (node:internal/process/task_queues:95:5)
    at _runTest (/Users/chrisvelgersdyk/Desktop/carbon-coverall/carbon-coverall-poc/node_modules/jest-circus/build/run.js:208:3)
    at _runTestsForDescribeBlock (/Users/chrisvelgersdyk/Desktop/carbon-coverall/carbon-coverall-poc/node_modules/jest-circus/build/run.js:96:9)
    at _runTestsForDescribeBlock (/Users/chrisvelgersdyk/Desktop/carbon-coverall/carbon-coverall-poc/node_modules/jest-circus/build/run.js:90:9)</failure>
    </testcase>
    <testcase classname="@carbon/react/scss scss/components/notification/actionable-notification should be importable" name="@carbon/react/scss scss/components/notification/actionable-notification should be importable" time="0.008">
      <failure>Error: expect(received).resolves.toBeDefined()

Received promise rejected instead of resolved
Rejected to value: [Error: Can&apos;t find stylesheet to import.
  ╷
8 │ @forward &apos;./generated/fluid-spacing&apos;;
  │ ^^^^^^^^^^^^^^^^^^^^^^^^^^^^^^^^^^^^
  ╵
  node_modules/@carbon/layout/scss/_spacing.scss 8:1                                               @forward
  node_modules/@carbon/styles/scss/_spacing.scss 8:1                                               @use
  node_modules/@carbon/styles/scss/components/button/_vars.scss 8:1                                @forward
  node_modules/@carbon/styles/scss/components/button/_index.scss 8:1                               @use
  node_modules/@carbon/styles/scss/components/notification/_actionable-notification.scss 8:1       @forward
  packages/carbon-components-react/scss/components/notification/_actionable-notification.scss 9:1  @use
  stdin 2:1                                                                                        root stylesheet]
    at expect (/Users/chrisvelgersdyk/Desktop/carbon-coverall/carbon-coverall-poc/node_modules/expect/build/index.js:128:15)
    at Object.expect (/Users/chrisvelgersdyk/Desktop/carbon-coverall/carbon-coverall-poc/packages/carbon-components-react/__tests__/scss-test.js:24:13)
    at Promise.then.completed (/Users/chrisvelgersdyk/Desktop/carbon-coverall/carbon-coverall-poc/node_modules/jest-circus/build/utils.js:333:28)
    at new Promise (&lt;anonymous&gt;)
    at callAsyncCircusFn (/Users/chrisvelgersdyk/Desktop/carbon-coverall/carbon-coverall-poc/node_modules/jest-circus/build/utils.js:259:10)
    at _callCircusTest (/Users/chrisvelgersdyk/Desktop/carbon-coverall/carbon-coverall-poc/node_modules/jest-circus/build/run.js:276:40)
    at processTicksAndRejections (node:internal/process/task_queues:95:5)
    at _runTest (/Users/chrisvelgersdyk/Desktop/carbon-coverall/carbon-coverall-poc/node_modules/jest-circus/build/run.js:208:3)
    at _runTestsForDescribeBlock (/Users/chrisvelgersdyk/Desktop/carbon-coverall/carbon-coverall-poc/node_modules/jest-circus/build/run.js:96:9)
    at _runTestsForDescribeBlock (/Users/chrisvelgersdyk/Desktop/carbon-coverall/carbon-coverall-poc/node_modules/jest-circus/build/run.js:90:9)</failure>
    </testcase>
    <testcase classname="@carbon/react/scss scss/components/notification should be importable" name="@carbon/react/scss scss/components/notification should be importable" time="0.017">
      <failure>Error: expect(received).resolves.toBeDefined()

Received promise rejected instead of resolved
Rejected to value: [Error: Can&apos;t find stylesheet to import.
  ╷
8 │ @forward &apos;@carbon/colors&apos;;
  │ ^^^^^^^^^^^^^^^^^^^^^^^^^
  ╵
  node_modules/@carbon/styles/scss/_colors.scss 8:1                              @use
  node_modules/@carbon/styles/scss/components/notification/_tokens.scss 12:1     @forward
  node_modules/@carbon/styles/scss/components/notification/_index.scss 8:1       @forward
  packages/carbon-components-react/scss/components/notification/_index.scss 9:1  @use
  stdin 2:1                                                                      root stylesheet]
    at expect (/Users/chrisvelgersdyk/Desktop/carbon-coverall/carbon-coverall-poc/node_modules/expect/build/index.js:128:15)
    at Object.expect (/Users/chrisvelgersdyk/Desktop/carbon-coverall/carbon-coverall-poc/packages/carbon-components-react/__tests__/scss-test.js:24:13)
    at Promise.then.completed (/Users/chrisvelgersdyk/Desktop/carbon-coverall/carbon-coverall-poc/node_modules/jest-circus/build/utils.js:333:28)
    at new Promise (&lt;anonymous&gt;)
    at callAsyncCircusFn (/Users/chrisvelgersdyk/Desktop/carbon-coverall/carbon-coverall-poc/node_modules/jest-circus/build/utils.js:259:10)
    at _callCircusTest (/Users/chrisvelgersdyk/Desktop/carbon-coverall/carbon-coverall-poc/node_modules/jest-circus/build/run.js:276:40)
    at processTicksAndRejections (node:internal/process/task_queues:95:5)
    at _runTest (/Users/chrisvelgersdyk/Desktop/carbon-coverall/carbon-coverall-poc/node_modules/jest-circus/build/run.js:208:3)
    at _runTestsForDescribeBlock (/Users/chrisvelgersdyk/Desktop/carbon-coverall/carbon-coverall-poc/node_modules/jest-circus/build/run.js:96:9)
    at _runTestsForDescribeBlock (/Users/chrisvelgersdyk/Desktop/carbon-coverall/carbon-coverall-poc/node_modules/jest-circus/build/run.js:90:9)</failure>
    </testcase>
    <testcase classname="@carbon/react/scss scss/components/notification/inline-notification should be importable" name="@carbon/react/scss scss/components/notification/inline-notification should be importable" time="0.016">
      <failure>Error: expect(received).resolves.toBeDefined()

Received promise rejected instead of resolved
Rejected to value: [Error: Can&apos;t find stylesheet to import.
  ╷
8 │ @forward &apos;@carbon/colors&apos;;
  │ ^^^^^^^^^^^^^^^^^^^^^^^^^
  ╵
  node_modules/@carbon/styles/scss/_colors.scss 8:1                                            @use
  node_modules/@carbon/styles/scss/components/notification/_inline-notification.scss 9:1       @forward
  packages/carbon-components-react/scss/components/notification/_inline-notification.scss 9:1  @use
  stdin 2:1                                                                                    root stylesheet]
    at expect (/Users/chrisvelgersdyk/Desktop/carbon-coverall/carbon-coverall-poc/node_modules/expect/build/index.js:128:15)
    at Object.expect (/Users/chrisvelgersdyk/Desktop/carbon-coverall/carbon-coverall-poc/packages/carbon-components-react/__tests__/scss-test.js:24:13)
    at Promise.then.completed (/Users/chrisvelgersdyk/Desktop/carbon-coverall/carbon-coverall-poc/node_modules/jest-circus/build/utils.js:333:28)
    at new Promise (&lt;anonymous&gt;)
    at callAsyncCircusFn (/Users/chrisvelgersdyk/Desktop/carbon-coverall/carbon-coverall-poc/node_modules/jest-circus/build/utils.js:259:10)
    at _callCircusTest (/Users/chrisvelgersdyk/Desktop/carbon-coverall/carbon-coverall-poc/node_modules/jest-circus/build/run.js:276:40)
    at processTicksAndRejections (node:internal/process/task_queues:95:5)
    at _runTest (/Users/chrisvelgersdyk/Desktop/carbon-coverall/carbon-coverall-poc/node_modules/jest-circus/build/run.js:208:3)
    at _runTestsForDescribeBlock (/Users/chrisvelgersdyk/Desktop/carbon-coverall/carbon-coverall-poc/node_modules/jest-circus/build/run.js:96:9)
    at _runTestsForDescribeBlock (/Users/chrisvelgersdyk/Desktop/carbon-coverall/carbon-coverall-poc/node_modules/jest-circus/build/run.js:90:9)</failure>
    </testcase>
    <testcase classname="@carbon/react/scss scss/components/notification/toast-notification should be importable" name="@carbon/react/scss scss/components/notification/toast-notification should be importable" time="0.02">
      <failure>Error: expect(received).resolves.toBeDefined()

Received promise rejected instead of resolved
Rejected to value: [Error: Can&apos;t find stylesheet to import.
  ╷
8 │ @forward &apos;@carbon/colors&apos;;
  │ ^^^^^^^^^^^^^^^^^^^^^^^^^
  ╵
  node_modules/@carbon/styles/scss/_colors.scss 8:1                                           @use
  node_modules/@carbon/styles/scss/components/notification/_tokens.scss 12:1                  @use
  node_modules/@carbon/styles/scss/components/notification/_toast-notification.scss 9:1       @forward
  packages/carbon-components-react/scss/components/notification/_toast-notification.scss 9:1  @use
  stdin 2:1                                                                                   root stylesheet]
    at expect (/Users/chrisvelgersdyk/Desktop/carbon-coverall/carbon-coverall-poc/node_modules/expect/build/index.js:128:15)
    at Object.expect (/Users/chrisvelgersdyk/Desktop/carbon-coverall/carbon-coverall-poc/packages/carbon-components-react/__tests__/scss-test.js:24:13)
    at Promise.then.completed (/Users/chrisvelgersdyk/Desktop/carbon-coverall/carbon-coverall-poc/node_modules/jest-circus/build/utils.js:333:28)
    at new Promise (&lt;anonymous&gt;)
    at callAsyncCircusFn (/Users/chrisvelgersdyk/Desktop/carbon-coverall/carbon-coverall-poc/node_modules/jest-circus/build/utils.js:259:10)
    at _callCircusTest (/Users/chrisvelgersdyk/Desktop/carbon-coverall/carbon-coverall-poc/node_modules/jest-circus/build/run.js:276:40)
    at processTicksAndRejections (node:internal/process/task_queues:95:5)
    at _runTest (/Users/chrisvelgersdyk/Desktop/carbon-coverall/carbon-coverall-poc/node_modules/jest-circus/build/run.js:208:3)
    at _runTestsForDescribeBlock (/Users/chrisvelgersdyk/Desktop/carbon-coverall/carbon-coverall-poc/node_modules/jest-circus/build/run.js:96:9)
    at _runTestsForDescribeBlock (/Users/chrisvelgersdyk/Desktop/carbon-coverall/carbon-coverall-poc/node_modules/jest-circus/build/run.js:90:9)</failure>
    </testcase>
    <testcase classname="@carbon/react/scss scss/components/notification/tokens should be importable" name="@carbon/react/scss scss/components/notification/tokens should be importable" time="0.016">
      <failure>Error: expect(received).resolves.toBeDefined()

Received promise rejected instead of resolved
Rejected to value: [Error: Can&apos;t find stylesheet to import.
  ╷
8 │ @forward &apos;@carbon/colors&apos;;
  │ ^^^^^^^^^^^^^^^^^^^^^^^^^
  ╵
  node_modules/@carbon/styles/scss/_colors.scss 8:1                               @use
  node_modules/@carbon/styles/scss/components/notification/_tokens.scss 12:1      @forward
  packages/carbon-components-react/scss/components/notification/_tokens.scss 9:1  @use
  stdin 2:1                                                                       root stylesheet]
    at expect (/Users/chrisvelgersdyk/Desktop/carbon-coverall/carbon-coverall-poc/node_modules/expect/build/index.js:128:15)
    at Object.expect (/Users/chrisvelgersdyk/Desktop/carbon-coverall/carbon-coverall-poc/packages/carbon-components-react/__tests__/scss-test.js:24:13)
    at Promise.then.completed (/Users/chrisvelgersdyk/Desktop/carbon-coverall/carbon-coverall-poc/node_modules/jest-circus/build/utils.js:333:28)
    at new Promise (&lt;anonymous&gt;)
    at callAsyncCircusFn (/Users/chrisvelgersdyk/Desktop/carbon-coverall/carbon-coverall-poc/node_modules/jest-circus/build/utils.js:259:10)
    at _callCircusTest (/Users/chrisvelgersdyk/Desktop/carbon-coverall/carbon-coverall-poc/node_modules/jest-circus/build/run.js:276:40)
    at processTicksAndRejections (node:internal/process/task_queues:95:5)
    at _runTest (/Users/chrisvelgersdyk/Desktop/carbon-coverall/carbon-coverall-poc/node_modules/jest-circus/build/run.js:208:3)
    at _runTestsForDescribeBlock (/Users/chrisvelgersdyk/Desktop/carbon-coverall/carbon-coverall-poc/node_modules/jest-circus/build/run.js:96:9)
    at _runTestsForDescribeBlock (/Users/chrisvelgersdyk/Desktop/carbon-coverall/carbon-coverall-poc/node_modules/jest-circus/build/run.js:90:9)</failure>
    </testcase>
    <testcase classname="@carbon/react/scss scss/components/number-input should be importable" name="@carbon/react/scss scss/components/number-input should be importable" time="0.047">
      <failure>Error: expect(received).resolves.toBeDefined()

Received promise rejected instead of resolved
Rejected to value: [Error: Can&apos;t find stylesheet to import.
  ╷
8 │ @forward &apos;./generated/fluid-spacing&apos;;
  │ ^^^^^^^^^^^^^^^^^^^^^^^^^^^^^^^^^^^^
  ╵
  node_modules/@carbon/layout/scss/_spacing.scss 8:1                               @forward
  node_modules/@carbon/styles/scss/_spacing.scss 8:1                               @use
  node_modules/@carbon/styles/scss/components/form/_form.scss 9:1                  @forward
  node_modules/@carbon/styles/scss/components/form/_index.scss 8:1                 @use
  node_modules/@carbon/styles/scss/components/number-input/_number-input.scss 8:1  @forward
  node_modules/@carbon/styles/scss/components/number-input/_index.scss 8:1         @forward
  packages/carbon-components-react/scss/components/number-input/_index.scss 9:1    @use
  stdin 2:1                                                                        root stylesheet]
    at expect (/Users/chrisvelgersdyk/Desktop/carbon-coverall/carbon-coverall-poc/node_modules/expect/build/index.js:128:15)
    at Object.expect (/Users/chrisvelgersdyk/Desktop/carbon-coverall/carbon-coverall-poc/packages/carbon-components-react/__tests__/scss-test.js:24:13)
    at Promise.then.completed (/Users/chrisvelgersdyk/Desktop/carbon-coverall/carbon-coverall-poc/node_modules/jest-circus/build/utils.js:333:28)
    at new Promise (&lt;anonymous&gt;)
    at callAsyncCircusFn (/Users/chrisvelgersdyk/Desktop/carbon-coverall/carbon-coverall-poc/node_modules/jest-circus/build/utils.js:259:10)
    at _callCircusTest (/Users/chrisvelgersdyk/Desktop/carbon-coverall/carbon-coverall-poc/node_modules/jest-circus/build/run.js:276:40)
    at processTicksAndRejections (node:internal/process/task_queues:95:5)
    at _runTest (/Users/chrisvelgersdyk/Desktop/carbon-coverall/carbon-coverall-poc/node_modules/jest-circus/build/run.js:208:3)
    at _runTestsForDescribeBlock (/Users/chrisvelgersdyk/Desktop/carbon-coverall/carbon-coverall-poc/node_modules/jest-circus/build/run.js:96:9)
    at _runTestsForDescribeBlock (/Users/chrisvelgersdyk/Desktop/carbon-coverall/carbon-coverall-poc/node_modules/jest-circus/build/run.js:90:9)</failure>
    </testcase>
    <testcase classname="@carbon/react/scss scss/components/number-input/number-input should be importable" name="@carbon/react/scss scss/components/number-input/number-input should be importable" time="0.016">
      <failure>Error: expect(received).resolves.toBeDefined()

Received promise rejected instead of resolved
Rejected to value: [Error: Can&apos;t find stylesheet to import.
  ╷
8 │ @forward &apos;./generated/fluid-spacing&apos;;
  │ ^^^^^^^^^^^^^^^^^^^^^^^^^^^^^^^^^^^^
  ╵
  node_modules/@carbon/layout/scss/_spacing.scss 8:1                                    @forward
  node_modules/@carbon/styles/scss/_spacing.scss 8:1                                    @use
  node_modules/@carbon/styles/scss/components/form/_form.scss 9:1                       @forward
  node_modules/@carbon/styles/scss/components/form/_index.scss 8:1                      @use
  node_modules/@carbon/styles/scss/components/number-input/_number-input.scss 8:1       @forward
  packages/carbon-components-react/scss/components/number-input/_number-input.scss 9:1  @use
  stdin 2:1                                                                             root stylesheet]
    at expect (/Users/chrisvelgersdyk/Desktop/carbon-coverall/carbon-coverall-poc/node_modules/expect/build/index.js:128:15)
    at Object.expect (/Users/chrisvelgersdyk/Desktop/carbon-coverall/carbon-coverall-poc/packages/carbon-components-react/__tests__/scss-test.js:24:13)
    at Promise.then.completed (/Users/chrisvelgersdyk/Desktop/carbon-coverall/carbon-coverall-poc/node_modules/jest-circus/build/utils.js:333:28)
    at new Promise (&lt;anonymous&gt;)
    at callAsyncCircusFn (/Users/chrisvelgersdyk/Desktop/carbon-coverall/carbon-coverall-poc/node_modules/jest-circus/build/utils.js:259:10)
    at _callCircusTest (/Users/chrisvelgersdyk/Desktop/carbon-coverall/carbon-coverall-poc/node_modules/jest-circus/build/run.js:276:40)
    at processTicksAndRejections (node:internal/process/task_queues:95:5)
    at _runTest (/Users/chrisvelgersdyk/Desktop/carbon-coverall/carbon-coverall-poc/node_modules/jest-circus/build/run.js:208:3)
    at _runTestsForDescribeBlock (/Users/chrisvelgersdyk/Desktop/carbon-coverall/carbon-coverall-poc/node_modules/jest-circus/build/run.js:96:9)
    at _runTestsForDescribeBlock (/Users/chrisvelgersdyk/Desktop/carbon-coverall/carbon-coverall-poc/node_modules/jest-circus/build/run.js:90:9)</failure>
    </testcase>
    <testcase classname="@carbon/react/scss scss/components/overflow-menu should be importable" name="@carbon/react/scss scss/components/overflow-menu should be importable" time="0.005">
      <failure>Error: expect(received).resolves.toBeDefined()

Received promise rejected instead of resolved
Rejected to value: [Error: Can&apos;t find stylesheet to import.
  ╷
8 │ @forward &apos;./generated/fluid-spacing&apos;;
  │ ^^^^^^^^^^^^^^^^^^^^^^^^^^^^^^^^^^^^
  ╵
  node_modules/@carbon/layout/scss/_spacing.scss 8:1                                 @forward
  node_modules/@carbon/styles/scss/_spacing.scss 8:1                                 @use
  node_modules/@carbon/styles/scss/components/button/_vars.scss 8:1                  @forward
  node_modules/@carbon/styles/scss/components/button/_index.scss 8:1                 @use
  node_modules/@carbon/styles/scss/components/overflow-menu/_overflow-menu.scss 8:1  @forward
  node_modules/@carbon/styles/scss/components/overflow-menu/_index.scss 8:1          @forward
  packages/carbon-components-react/scss/components/overflow-menu/_index.scss 9:1     @use
  stdin 2:1                                                                          root stylesheet]
    at expect (/Users/chrisvelgersdyk/Desktop/carbon-coverall/carbon-coverall-poc/node_modules/expect/build/index.js:128:15)
    at Object.expect (/Users/chrisvelgersdyk/Desktop/carbon-coverall/carbon-coverall-poc/packages/carbon-components-react/__tests__/scss-test.js:24:13)
    at Promise.then.completed (/Users/chrisvelgersdyk/Desktop/carbon-coverall/carbon-coverall-poc/node_modules/jest-circus/build/utils.js:333:28)
    at new Promise (&lt;anonymous&gt;)
    at callAsyncCircusFn (/Users/chrisvelgersdyk/Desktop/carbon-coverall/carbon-coverall-poc/node_modules/jest-circus/build/utils.js:259:10)
    at _callCircusTest (/Users/chrisvelgersdyk/Desktop/carbon-coverall/carbon-coverall-poc/node_modules/jest-circus/build/run.js:276:40)
    at processTicksAndRejections (node:internal/process/task_queues:95:5)
    at _runTest (/Users/chrisvelgersdyk/Desktop/carbon-coverall/carbon-coverall-poc/node_modules/jest-circus/build/run.js:208:3)
    at _runTestsForDescribeBlock (/Users/chrisvelgersdyk/Desktop/carbon-coverall/carbon-coverall-poc/node_modules/jest-circus/build/run.js:96:9)
    at _runTestsForDescribeBlock (/Users/chrisvelgersdyk/Desktop/carbon-coverall/carbon-coverall-poc/node_modules/jest-circus/build/run.js:90:9)</failure>
    </testcase>
    <testcase classname="@carbon/react/scss scss/components/overflow-menu/overflow-menu should be importable" name="@carbon/react/scss scss/components/overflow-menu/overflow-menu should be importable" time="0.005">
      <failure>Error: expect(received).resolves.toBeDefined()

Received promise rejected instead of resolved
Rejected to value: [Error: Can&apos;t find stylesheet to import.
  ╷
8 │ @forward &apos;./generated/fluid-spacing&apos;;
  │ ^^^^^^^^^^^^^^^^^^^^^^^^^^^^^^^^^^^^
  ╵
  node_modules/@carbon/layout/scss/_spacing.scss 8:1                                      @forward
  node_modules/@carbon/styles/scss/_spacing.scss 8:1                                      @use
  node_modules/@carbon/styles/scss/components/button/_vars.scss 8:1                       @forward
  node_modules/@carbon/styles/scss/components/button/_index.scss 8:1                      @use
  node_modules/@carbon/styles/scss/components/overflow-menu/_overflow-menu.scss 8:1       @forward
  packages/carbon-components-react/scss/components/overflow-menu/_overflow-menu.scss 9:1  @use
  stdin 2:1                                                                               root stylesheet]
    at expect (/Users/chrisvelgersdyk/Desktop/carbon-coverall/carbon-coverall-poc/node_modules/expect/build/index.js:128:15)
    at Object.expect (/Users/chrisvelgersdyk/Desktop/carbon-coverall/carbon-coverall-poc/packages/carbon-components-react/__tests__/scss-test.js:24:13)
    at Promise.then.completed (/Users/chrisvelgersdyk/Desktop/carbon-coverall/carbon-coverall-poc/node_modules/jest-circus/build/utils.js:333:28)
    at new Promise (&lt;anonymous&gt;)
    at callAsyncCircusFn (/Users/chrisvelgersdyk/Desktop/carbon-coverall/carbon-coverall-poc/node_modules/jest-circus/build/utils.js:259:10)
    at _callCircusTest (/Users/chrisvelgersdyk/Desktop/carbon-coverall/carbon-coverall-poc/node_modules/jest-circus/build/run.js:276:40)
    at processTicksAndRejections (node:internal/process/task_queues:95:5)
    at _runTest (/Users/chrisvelgersdyk/Desktop/carbon-coverall/carbon-coverall-poc/node_modules/jest-circus/build/run.js:208:3)
    at _runTestsForDescribeBlock (/Users/chrisvelgersdyk/Desktop/carbon-coverall/carbon-coverall-poc/node_modules/jest-circus/build/run.js:96:9)
    at _runTestsForDescribeBlock (/Users/chrisvelgersdyk/Desktop/carbon-coverall/carbon-coverall-poc/node_modules/jest-circus/build/run.js:90:9)</failure>
    </testcase>
    <testcase classname="@carbon/react/scss scss/components/pagination should be importable" name="@carbon/react/scss scss/components/pagination should be importable" time="0.005">
      <failure>Error: expect(received).resolves.toBeDefined()

Received promise rejected instead of resolved
Rejected to value: [Error: Can&apos;t find stylesheet to import.
  ╷
8 │ @forward &apos;./generated/fluid-spacing&apos;;
  │ ^^^^^^^^^^^^^^^^^^^^^^^^^^^^^^^^^^^^
  ╵
  node_modules/@carbon/layout/scss/_spacing.scss 8:1                           @forward
  node_modules/@carbon/styles/scss/_spacing.scss 8:1                           @use
  node_modules/@carbon/styles/scss/components/button/_vars.scss 8:1            @forward
  node_modules/@carbon/styles/scss/components/button/_index.scss 8:1           @use
  node_modules/@carbon/styles/scss/components/pagination/_pagination.scss 8:1  @forward
  node_modules/@carbon/styles/scss/components/pagination/_index.scss 8:1       @forward
  packages/carbon-components-react/scss/components/pagination/_index.scss 9:1  @use
  stdin 2:1                                                                    root stylesheet]
    at expect (/Users/chrisvelgersdyk/Desktop/carbon-coverall/carbon-coverall-poc/node_modules/expect/build/index.js:128:15)
    at Object.expect (/Users/chrisvelgersdyk/Desktop/carbon-coverall/carbon-coverall-poc/packages/carbon-components-react/__tests__/scss-test.js:24:13)
    at Promise.then.completed (/Users/chrisvelgersdyk/Desktop/carbon-coverall/carbon-coverall-poc/node_modules/jest-circus/build/utils.js:333:28)
    at new Promise (&lt;anonymous&gt;)
    at callAsyncCircusFn (/Users/chrisvelgersdyk/Desktop/carbon-coverall/carbon-coverall-poc/node_modules/jest-circus/build/utils.js:259:10)
    at _callCircusTest (/Users/chrisvelgersdyk/Desktop/carbon-coverall/carbon-coverall-poc/node_modules/jest-circus/build/run.js:276:40)
    at processTicksAndRejections (node:internal/process/task_queues:95:5)
    at _runTest (/Users/chrisvelgersdyk/Desktop/carbon-coverall/carbon-coverall-poc/node_modules/jest-circus/build/run.js:208:3)
    at _runTestsForDescribeBlock (/Users/chrisvelgersdyk/Desktop/carbon-coverall/carbon-coverall-poc/node_modules/jest-circus/build/run.js:96:9)
    at _runTestsForDescribeBlock (/Users/chrisvelgersdyk/Desktop/carbon-coverall/carbon-coverall-poc/node_modules/jest-circus/build/run.js:90:9)</failure>
    </testcase>
    <testcase classname="@carbon/react/scss scss/components/pagination/pagination should be importable" name="@carbon/react/scss scss/components/pagination/pagination should be importable" time="0.005">
      <failure>Error: expect(received).resolves.toBeDefined()

Received promise rejected instead of resolved
Rejected to value: [Error: Can&apos;t find stylesheet to import.
  ╷
8 │ @forward &apos;./generated/fluid-spacing&apos;;
  │ ^^^^^^^^^^^^^^^^^^^^^^^^^^^^^^^^^^^^
  ╵
  node_modules/@carbon/layout/scss/_spacing.scss 8:1                                @forward
  node_modules/@carbon/styles/scss/_spacing.scss 8:1                                @use
  node_modules/@carbon/styles/scss/components/button/_vars.scss 8:1                 @forward
  node_modules/@carbon/styles/scss/components/button/_index.scss 8:1                @use
  node_modules/@carbon/styles/scss/components/pagination/_pagination.scss 8:1       @forward
  packages/carbon-components-react/scss/components/pagination/_pagination.scss 9:1  @use
  stdin 2:1                                                                         root stylesheet]
    at expect (/Users/chrisvelgersdyk/Desktop/carbon-coverall/carbon-coverall-poc/node_modules/expect/build/index.js:128:15)
    at Object.expect (/Users/chrisvelgersdyk/Desktop/carbon-coverall/carbon-coverall-poc/packages/carbon-components-react/__tests__/scss-test.js:24:13)
    at Promise.then.completed (/Users/chrisvelgersdyk/Desktop/carbon-coverall/carbon-coverall-poc/node_modules/jest-circus/build/utils.js:333:28)
    at new Promise (&lt;anonymous&gt;)
    at callAsyncCircusFn (/Users/chrisvelgersdyk/Desktop/carbon-coverall/carbon-coverall-poc/node_modules/jest-circus/build/utils.js:259:10)
    at _callCircusTest (/Users/chrisvelgersdyk/Desktop/carbon-coverall/carbon-coverall-poc/node_modules/jest-circus/build/run.js:276:40)
    at processTicksAndRejections (node:internal/process/task_queues:95:5)
    at _runTest (/Users/chrisvelgersdyk/Desktop/carbon-coverall/carbon-coverall-poc/node_modules/jest-circus/build/run.js:208:3)
    at _runTestsForDescribeBlock (/Users/chrisvelgersdyk/Desktop/carbon-coverall/carbon-coverall-poc/node_modules/jest-circus/build/run.js:96:9)
    at _runTestsForDescribeBlock (/Users/chrisvelgersdyk/Desktop/carbon-coverall/carbon-coverall-poc/node_modules/jest-circus/build/run.js:90:9)</failure>
    </testcase>
    <testcase classname="@carbon/react/scss scss/components/pagination/unstable_pagination should be importable" name="@carbon/react/scss scss/components/pagination/unstable_pagination should be importable" time="0.011">
      <failure>Error: expect(received).resolves.toBeDefined()

Received promise rejected instead of resolved
Rejected to value: [Error: Can&apos;t find stylesheet to import.
  ╷
8 │ @forward &apos;./generated/fluid-spacing&apos;;
  │ ^^^^^^^^^^^^^^^^^^^^^^^^^^^^^^^^^^^^
  ╵
  node_modules/@carbon/layout/scss/_spacing.scss 8:1                                         @forward
  node_modules/@carbon/styles/scss/_spacing.scss 8:1                                         @use
  node_modules/@carbon/styles/scss/components/pagination/_unstable_pagination.scss 11:1      @forward
  packages/carbon-components-react/scss/components/pagination/_unstable_pagination.scss 9:1  @use
  stdin 2:1                                                                                  root stylesheet]
    at expect (/Users/chrisvelgersdyk/Desktop/carbon-coverall/carbon-coverall-poc/node_modules/expect/build/index.js:128:15)
    at Object.expect (/Users/chrisvelgersdyk/Desktop/carbon-coverall/carbon-coverall-poc/packages/carbon-components-react/__tests__/scss-test.js:24:13)
    at Promise.then.completed (/Users/chrisvelgersdyk/Desktop/carbon-coverall/carbon-coverall-poc/node_modules/jest-circus/build/utils.js:333:28)
    at new Promise (&lt;anonymous&gt;)
    at callAsyncCircusFn (/Users/chrisvelgersdyk/Desktop/carbon-coverall/carbon-coverall-poc/node_modules/jest-circus/build/utils.js:259:10)
    at _callCircusTest (/Users/chrisvelgersdyk/Desktop/carbon-coverall/carbon-coverall-poc/node_modules/jest-circus/build/run.js:276:40)
    at processTicksAndRejections (node:internal/process/task_queues:95:5)
    at _runTest (/Users/chrisvelgersdyk/Desktop/carbon-coverall/carbon-coverall-poc/node_modules/jest-circus/build/run.js:208:3)
    at _runTestsForDescribeBlock (/Users/chrisvelgersdyk/Desktop/carbon-coverall/carbon-coverall-poc/node_modules/jest-circus/build/run.js:96:9)
    at _runTestsForDescribeBlock (/Users/chrisvelgersdyk/Desktop/carbon-coverall/carbon-coverall-poc/node_modules/jest-circus/build/run.js:90:9)</failure>
    </testcase>
    <testcase classname="@carbon/react/scss scss/components/pagination-nav should be importable" name="@carbon/react/scss scss/components/pagination-nav should be importable" time="0.008">
      <failure>Error: expect(received).resolves.toBeDefined()

Received promise rejected instead of resolved
Rejected to value: [Error: Can&apos;t find stylesheet to import.
  ╷
8 │ @forward &apos;./generated/fluid-spacing&apos;;
  │ ^^^^^^^^^^^^^^^^^^^^^^^^^^^^^^^^^^^^
  ╵
  node_modules/@carbon/layout/scss/_spacing.scss 8:1                                   @forward
  node_modules/@carbon/styles/scss/_spacing.scss 8:1                                   @use
  node_modules/@carbon/styles/scss/components/pagination-nav/_mixins.scss 9:1          @use
  node_modules/@carbon/styles/scss/components/pagination-nav/_pagination-nav.scss 8:1  @forward
  node_modules/@carbon/styles/scss/components/pagination-nav/_index.scss 8:1           @forward
  packages/carbon-components-react/scss/components/pagination-nav/_index.scss 9:1      @use
  stdin 2:1                                                                            root stylesheet]
    at expect (/Users/chrisvelgersdyk/Desktop/carbon-coverall/carbon-coverall-poc/node_modules/expect/build/index.js:128:15)
    at Object.expect (/Users/chrisvelgersdyk/Desktop/carbon-coverall/carbon-coverall-poc/packages/carbon-components-react/__tests__/scss-test.js:24:13)
    at Promise.then.completed (/Users/chrisvelgersdyk/Desktop/carbon-coverall/carbon-coverall-poc/node_modules/jest-circus/build/utils.js:333:28)
    at new Promise (&lt;anonymous&gt;)
    at callAsyncCircusFn (/Users/chrisvelgersdyk/Desktop/carbon-coverall/carbon-coverall-poc/node_modules/jest-circus/build/utils.js:259:10)
    at _callCircusTest (/Users/chrisvelgersdyk/Desktop/carbon-coverall/carbon-coverall-poc/node_modules/jest-circus/build/run.js:276:40)
    at processTicksAndRejections (node:internal/process/task_queues:95:5)
    at _runTest (/Users/chrisvelgersdyk/Desktop/carbon-coverall/carbon-coverall-poc/node_modules/jest-circus/build/run.js:208:3)
    at _runTestsForDescribeBlock (/Users/chrisvelgersdyk/Desktop/carbon-coverall/carbon-coverall-poc/node_modules/jest-circus/build/run.js:96:9)
    at _runTestsForDescribeBlock (/Users/chrisvelgersdyk/Desktop/carbon-coverall/carbon-coverall-poc/node_modules/jest-circus/build/run.js:90:9)</failure>
    </testcase>
    <testcase classname="@carbon/react/scss scss/components/pagination-nav/pagination-nav should be importable" name="@carbon/react/scss scss/components/pagination-nav/pagination-nav should be importable" time="0.006">
      <failure>Error: expect(received).resolves.toBeDefined()

Received promise rejected instead of resolved
Rejected to value: [Error: Can&apos;t find stylesheet to import.
  ╷
8 │ @forward &apos;./generated/fluid-spacing&apos;;
  │ ^^^^^^^^^^^^^^^^^^^^^^^^^^^^^^^^^^^^
  ╵
  node_modules/@carbon/layout/scss/_spacing.scss 8:1                                        @forward
  node_modules/@carbon/styles/scss/_spacing.scss 8:1                                        @use
  node_modules/@carbon/styles/scss/components/pagination-nav/_mixins.scss 9:1               @use
  node_modules/@carbon/styles/scss/components/pagination-nav/_pagination-nav.scss 8:1       @forward
  packages/carbon-components-react/scss/components/pagination-nav/_pagination-nav.scss 9:1  @use
  stdin 2:1                                                                                 root stylesheet]
    at expect (/Users/chrisvelgersdyk/Desktop/carbon-coverall/carbon-coverall-poc/node_modules/expect/build/index.js:128:15)
    at Object.expect (/Users/chrisvelgersdyk/Desktop/carbon-coverall/carbon-coverall-poc/packages/carbon-components-react/__tests__/scss-test.js:24:13)
    at Promise.then.completed (/Users/chrisvelgersdyk/Desktop/carbon-coverall/carbon-coverall-poc/node_modules/jest-circus/build/utils.js:333:28)
    at new Promise (&lt;anonymous&gt;)
    at callAsyncCircusFn (/Users/chrisvelgersdyk/Desktop/carbon-coverall/carbon-coverall-poc/node_modules/jest-circus/build/utils.js:259:10)
    at _callCircusTest (/Users/chrisvelgersdyk/Desktop/carbon-coverall/carbon-coverall-poc/node_modules/jest-circus/build/run.js:276:40)
    at processTicksAndRejections (node:internal/process/task_queues:95:5)
    at _runTest (/Users/chrisvelgersdyk/Desktop/carbon-coverall/carbon-coverall-poc/node_modules/jest-circus/build/run.js:208:3)
    at _runTestsForDescribeBlock (/Users/chrisvelgersdyk/Desktop/carbon-coverall/carbon-coverall-poc/node_modules/jest-circus/build/run.js:96:9)
    at _runTestsForDescribeBlock (/Users/chrisvelgersdyk/Desktop/carbon-coverall/carbon-coverall-poc/node_modules/jest-circus/build/run.js:90:9)</failure>
    </testcase>
    <testcase classname="@carbon/react/scss scss/components/popover should be importable" name="@carbon/react/scss scss/components/popover should be importable" time="0.065">
      <failure>Error: expect(received).resolves.toBeDefined()

Received promise rejected instead of resolved
Rejected to value: [Error: Can&apos;t find stylesheet to import.
  ╷
8 │ @forward &apos;generated/themes&apos;;
  │ ^^^^^^^^^^^^^^^^^^^^^^^^^^^
  ╵
  node_modules/@carbon/themes/scss/compat/_themes.scss 8:1                  @use
  node_modules/@carbon/styles/scss/compat/_themes.scss 9:1                  @use
  node_modules/@carbon/styles/scss/theme/_theme.scss 12:1                   @use
  node_modules/@carbon/styles/scss/layer/_layer-sets.scss 9:1               @forward
  node_modules/@carbon/styles/scss/_layer.scss 8:1                          @use
  node_modules/@carbon/styles/scss/components/popover/_popover.scss 9:1     @forward
  node_modules/@carbon/styles/scss/components/popover/_index.scss 8:1       @forward
  packages/carbon-components-react/scss/components/popover/_index.scss 9:1  @use
  stdin 2:1                                                                 root stylesheet]
    at expect (/Users/chrisvelgersdyk/Desktop/carbon-coverall/carbon-coverall-poc/node_modules/expect/build/index.js:128:15)
    at Object.expect (/Users/chrisvelgersdyk/Desktop/carbon-coverall/carbon-coverall-poc/packages/carbon-components-react/__tests__/scss-test.js:24:13)
    at Promise.then.completed (/Users/chrisvelgersdyk/Desktop/carbon-coverall/carbon-coverall-poc/node_modules/jest-circus/build/utils.js:333:28)
    at new Promise (&lt;anonymous&gt;)
    at callAsyncCircusFn (/Users/chrisvelgersdyk/Desktop/carbon-coverall/carbon-coverall-poc/node_modules/jest-circus/build/utils.js:259:10)
    at _callCircusTest (/Users/chrisvelgersdyk/Desktop/carbon-coverall/carbon-coverall-poc/node_modules/jest-circus/build/run.js:276:40)
    at processTicksAndRejections (node:internal/process/task_queues:95:5)
    at _runTest (/Users/chrisvelgersdyk/Desktop/carbon-coverall/carbon-coverall-poc/node_modules/jest-circus/build/run.js:208:3)
    at _runTestsForDescribeBlock (/Users/chrisvelgersdyk/Desktop/carbon-coverall/carbon-coverall-poc/node_modules/jest-circus/build/run.js:96:9)
    at _runTestsForDescribeBlock (/Users/chrisvelgersdyk/Desktop/carbon-coverall/carbon-coverall-poc/node_modules/jest-circus/build/run.js:90:9)</failure>
    </testcase>
    <testcase classname="@carbon/react/scss scss/components/popover/popover should be importable" name="@carbon/react/scss scss/components/popover/popover should be importable" time="0.015">
      <failure>Error: expect(received).resolves.toBeDefined()

Received promise rejected instead of resolved
Rejected to value: [Error: Can&apos;t find stylesheet to import.
  ╷
8 │ @forward &apos;generated/themes&apos;;
  │ ^^^^^^^^^^^^^^^^^^^^^^^^^^^
  ╵
  node_modules/@carbon/themes/scss/compat/_themes.scss 8:1                    @use
  node_modules/@carbon/styles/scss/compat/_themes.scss 9:1                    @use
  node_modules/@carbon/styles/scss/theme/_theme.scss 12:1                     @use
  node_modules/@carbon/styles/scss/layer/_layer-sets.scss 9:1                 @forward
  node_modules/@carbon/styles/scss/_layer.scss 8:1                            @use
  node_modules/@carbon/styles/scss/components/popover/_popover.scss 9:1       @forward
  packages/carbon-components-react/scss/components/popover/_popover.scss 9:1  @use
  stdin 2:1                                                                   root stylesheet]
    at expect (/Users/chrisvelgersdyk/Desktop/carbon-coverall/carbon-coverall-poc/node_modules/expect/build/index.js:128:15)
    at Object.expect (/Users/chrisvelgersdyk/Desktop/carbon-coverall/carbon-coverall-poc/packages/carbon-components-react/__tests__/scss-test.js:24:13)
    at Promise.then.completed (/Users/chrisvelgersdyk/Desktop/carbon-coverall/carbon-coverall-poc/node_modules/jest-circus/build/utils.js:333:28)
    at new Promise (&lt;anonymous&gt;)
    at callAsyncCircusFn (/Users/chrisvelgersdyk/Desktop/carbon-coverall/carbon-coverall-poc/node_modules/jest-circus/build/utils.js:259:10)
    at _callCircusTest (/Users/chrisvelgersdyk/Desktop/carbon-coverall/carbon-coverall-poc/node_modules/jest-circus/build/run.js:276:40)
    at processTicksAndRejections (node:internal/process/task_queues:95:5)
    at _runTest (/Users/chrisvelgersdyk/Desktop/carbon-coverall/carbon-coverall-poc/node_modules/jest-circus/build/run.js:208:3)
    at _runTestsForDescribeBlock (/Users/chrisvelgersdyk/Desktop/carbon-coverall/carbon-coverall-poc/node_modules/jest-circus/build/run.js:96:9)
    at _runTestsForDescribeBlock (/Users/chrisvelgersdyk/Desktop/carbon-coverall/carbon-coverall-poc/node_modules/jest-circus/build/run.js:90:9)</failure>
    </testcase>
    <testcase classname="@carbon/react/scss scss/components/progress-bar should be importable" name="@carbon/react/scss scss/components/progress-bar should be importable" time="0.007">
      <failure>Error: expect(received).resolves.toBeDefined()

Received promise rejected instead of resolved
Rejected to value: [Error: Can&apos;t find stylesheet to import.
  ╷
8 │ @forward &apos;generated/themes&apos;;
  │ ^^^^^^^^^^^^^^^^^^^^^^^^^^^
  ╵
  node_modules/@carbon/themes/scss/compat/_themes.scss 8:1                         @use
  node_modules/@carbon/styles/scss/compat/_themes.scss 9:1                         @use
  node_modules/@carbon/styles/scss/theme/_theme.scss 12:1                          @use
  node_modules/@carbon/styles/scss/layer/_layer-sets.scss 9:1                      @forward
  node_modules/@carbon/styles/scss/_layer.scss 8:1                                 @use
  node_modules/@carbon/styles/scss/components/progress-bar/_progress-bar.scss 9:1  @forward
  node_modules/@carbon/styles/scss/components/progress-bar/_index.scss 8:1         @forward
  packages/carbon-components-react/scss/components/progress-bar/_index.scss 9:1    @use
  stdin 2:1                                                                        root stylesheet]
    at expect (/Users/chrisvelgersdyk/Desktop/carbon-coverall/carbon-coverall-poc/node_modules/expect/build/index.js:128:15)
    at Object.expect (/Users/chrisvelgersdyk/Desktop/carbon-coverall/carbon-coverall-poc/packages/carbon-components-react/__tests__/scss-test.js:24:13)
    at Promise.then.completed (/Users/chrisvelgersdyk/Desktop/carbon-coverall/carbon-coverall-poc/node_modules/jest-circus/build/utils.js:333:28)
    at new Promise (&lt;anonymous&gt;)
    at callAsyncCircusFn (/Users/chrisvelgersdyk/Desktop/carbon-coverall/carbon-coverall-poc/node_modules/jest-circus/build/utils.js:259:10)
    at _callCircusTest (/Users/chrisvelgersdyk/Desktop/carbon-coverall/carbon-coverall-poc/node_modules/jest-circus/build/run.js:276:40)
    at processTicksAndRejections (node:internal/process/task_queues:95:5)
    at _runTest (/Users/chrisvelgersdyk/Desktop/carbon-coverall/carbon-coverall-poc/node_modules/jest-circus/build/run.js:208:3)
    at _runTestsForDescribeBlock (/Users/chrisvelgersdyk/Desktop/carbon-coverall/carbon-coverall-poc/node_modules/jest-circus/build/run.js:96:9)
    at _runTestsForDescribeBlock (/Users/chrisvelgersdyk/Desktop/carbon-coverall/carbon-coverall-poc/node_modules/jest-circus/build/run.js:90:9)</failure>
    </testcase>
    <testcase classname="@carbon/react/scss scss/components/progress-bar/progress-bar should be importable" name="@carbon/react/scss scss/components/progress-bar/progress-bar should be importable" time="0.008">
      <failure>Error: expect(received).resolves.toBeDefined()

Received promise rejected instead of resolved
Rejected to value: [Error: Can&apos;t find stylesheet to import.
  ╷
8 │ @forward &apos;generated/themes&apos;;
  │ ^^^^^^^^^^^^^^^^^^^^^^^^^^^
  ╵
  node_modules/@carbon/themes/scss/compat/_themes.scss 8:1                              @use
  node_modules/@carbon/styles/scss/compat/_themes.scss 9:1                              @use
  node_modules/@carbon/styles/scss/theme/_theme.scss 12:1                               @use
  node_modules/@carbon/styles/scss/layer/_layer-sets.scss 9:1                           @forward
  node_modules/@carbon/styles/scss/_layer.scss 8:1                                      @use
  node_modules/@carbon/styles/scss/components/progress-bar/_progress-bar.scss 9:1       @forward
  packages/carbon-components-react/scss/components/progress-bar/_progress-bar.scss 9:1  @use
  stdin 2:1                                                                             root stylesheet]
    at expect (/Users/chrisvelgersdyk/Desktop/carbon-coverall/carbon-coverall-poc/node_modules/expect/build/index.js:128:15)
    at Object.expect (/Users/chrisvelgersdyk/Desktop/carbon-coverall/carbon-coverall-poc/packages/carbon-components-react/__tests__/scss-test.js:24:13)
    at Promise.then.completed (/Users/chrisvelgersdyk/Desktop/carbon-coverall/carbon-coverall-poc/node_modules/jest-circus/build/utils.js:333:28)
    at new Promise (&lt;anonymous&gt;)
    at callAsyncCircusFn (/Users/chrisvelgersdyk/Desktop/carbon-coverall/carbon-coverall-poc/node_modules/jest-circus/build/utils.js:259:10)
    at _callCircusTest (/Users/chrisvelgersdyk/Desktop/carbon-coverall/carbon-coverall-poc/node_modules/jest-circus/build/run.js:276:40)
    at processTicksAndRejections (node:internal/process/task_queues:95:5)
    at _runTest (/Users/chrisvelgersdyk/Desktop/carbon-coverall/carbon-coverall-poc/node_modules/jest-circus/build/run.js:208:3)
    at _runTestsForDescribeBlock (/Users/chrisvelgersdyk/Desktop/carbon-coverall/carbon-coverall-poc/node_modules/jest-circus/build/run.js:96:9)
    at _runTestsForDescribeBlock (/Users/chrisvelgersdyk/Desktop/carbon-coverall/carbon-coverall-poc/node_modules/jest-circus/build/run.js:90:9)</failure>
    </testcase>
    <testcase classname="@carbon/react/scss scss/components/progress-indicator should be importable" name="@carbon/react/scss scss/components/progress-indicator should be importable" time="0.005">
      <failure>Error: expect(received).resolves.toBeDefined()

Received promise rejected instead of resolved
Rejected to value: [Error: Can&apos;t find stylesheet to import.
  ╷
8 │ @forward &apos;./generated/fluid-spacing&apos;;
  │ ^^^^^^^^^^^^^^^^^^^^^^^^^^^^^^^^^^^^
  ╵
  node_modules/@carbon/layout/scss/_spacing.scss 8:1                                           @forward
  node_modules/@carbon/styles/scss/_spacing.scss 8:1                                           @use
  node_modules/@carbon/styles/scss/components/button/_vars.scss 8:1                            @forward
  node_modules/@carbon/styles/scss/components/button/_index.scss 8:1                           @use
  node_modules/@carbon/styles/scss/components/progress-indicator/_progress-indicator.scss 8:1  @forward
  node_modules/@carbon/styles/scss/components/progress-indicator/_index.scss 8:1               @forward
  packages/carbon-components-react/scss/components/progress-indicator/_index.scss 9:1          @use
  stdin 2:1                                                                                    root stylesheet]
    at expect (/Users/chrisvelgersdyk/Desktop/carbon-coverall/carbon-coverall-poc/node_modules/expect/build/index.js:128:15)
    at Object.expect (/Users/chrisvelgersdyk/Desktop/carbon-coverall/carbon-coverall-poc/packages/carbon-components-react/__tests__/scss-test.js:24:13)
    at Promise.then.completed (/Users/chrisvelgersdyk/Desktop/carbon-coverall/carbon-coverall-poc/node_modules/jest-circus/build/utils.js:333:28)
    at new Promise (&lt;anonymous&gt;)
    at callAsyncCircusFn (/Users/chrisvelgersdyk/Desktop/carbon-coverall/carbon-coverall-poc/node_modules/jest-circus/build/utils.js:259:10)
    at _callCircusTest (/Users/chrisvelgersdyk/Desktop/carbon-coverall/carbon-coverall-poc/node_modules/jest-circus/build/run.js:276:40)
    at processTicksAndRejections (node:internal/process/task_queues:95:5)
    at _runTest (/Users/chrisvelgersdyk/Desktop/carbon-coverall/carbon-coverall-poc/node_modules/jest-circus/build/run.js:208:3)
    at _runTestsForDescribeBlock (/Users/chrisvelgersdyk/Desktop/carbon-coverall/carbon-coverall-poc/node_modules/jest-circus/build/run.js:96:9)
    at _runTestsForDescribeBlock (/Users/chrisvelgersdyk/Desktop/carbon-coverall/carbon-coverall-poc/node_modules/jest-circus/build/run.js:90:9)</failure>
    </testcase>
    <testcase classname="@carbon/react/scss scss/components/progress-indicator/progress-indicator should be importable" name="@carbon/react/scss scss/components/progress-indicator/progress-indicator should be importable" time="0.005">
      <failure>Error: expect(received).resolves.toBeDefined()

Received promise rejected instead of resolved
Rejected to value: [Error: Can&apos;t find stylesheet to import.
  ╷
8 │ @forward &apos;./generated/fluid-spacing&apos;;
  │ ^^^^^^^^^^^^^^^^^^^^^^^^^^^^^^^^^^^^
  ╵
  node_modules/@carbon/layout/scss/_spacing.scss 8:1                                                @forward
  node_modules/@carbon/styles/scss/_spacing.scss 8:1                                                @use
  node_modules/@carbon/styles/scss/components/button/_vars.scss 8:1                                 @forward
  node_modules/@carbon/styles/scss/components/button/_index.scss 8:1                                @use
  node_modules/@carbon/styles/scss/components/progress-indicator/_progress-indicator.scss 8:1       @forward
  packages/carbon-components-react/scss/components/progress-indicator/_progress-indicator.scss 9:1  @use
  stdin 2:1                                                                                         root stylesheet]
    at expect (/Users/chrisvelgersdyk/Desktop/carbon-coverall/carbon-coverall-poc/node_modules/expect/build/index.js:128:15)
    at Object.expect (/Users/chrisvelgersdyk/Desktop/carbon-coverall/carbon-coverall-poc/packages/carbon-components-react/__tests__/scss-test.js:24:13)
    at Promise.then.completed (/Users/chrisvelgersdyk/Desktop/carbon-coverall/carbon-coverall-poc/node_modules/jest-circus/build/utils.js:333:28)
    at new Promise (&lt;anonymous&gt;)
    at callAsyncCircusFn (/Users/chrisvelgersdyk/Desktop/carbon-coverall/carbon-coverall-poc/node_modules/jest-circus/build/utils.js:259:10)
    at _callCircusTest (/Users/chrisvelgersdyk/Desktop/carbon-coverall/carbon-coverall-poc/node_modules/jest-circus/build/run.js:276:40)
    at processTicksAndRejections (node:internal/process/task_queues:95:5)
    at _runTest (/Users/chrisvelgersdyk/Desktop/carbon-coverall/carbon-coverall-poc/node_modules/jest-circus/build/run.js:208:3)
    at _runTestsForDescribeBlock (/Users/chrisvelgersdyk/Desktop/carbon-coverall/carbon-coverall-poc/node_modules/jest-circus/build/run.js:96:9)
    at _runTestsForDescribeBlock (/Users/chrisvelgersdyk/Desktop/carbon-coverall/carbon-coverall-poc/node_modules/jest-circus/build/run.js:90:9)</failure>
    </testcase>
    <testcase classname="@carbon/react/scss scss/components/radio-button should be importable" name="@carbon/react/scss scss/components/radio-button should be importable" time="0.009">
      <failure>Error: expect(received).resolves.toBeDefined()

Received promise rejected instead of resolved
Rejected to value: [Error: Can&apos;t find stylesheet to import.
  ╷
8 │ @forward &apos;./generated/fluid-spacing&apos;;
  │ ^^^^^^^^^^^^^^^^^^^^^^^^^^^^^^^^^^^^
  ╵
  node_modules/@carbon/layout/scss/_spacing.scss 8:1                                @forward
  node_modules/@carbon/styles/scss/_spacing.scss 8:1                                @use
  node_modules/@carbon/styles/scss/components/form/_form.scss 9:1                   @forward
  node_modules/@carbon/styles/scss/components/form/_index.scss 8:1                  @use
  node_modules/@carbon/styles/scss/components/radio-button/_radio-button.scss 12:1  @forward
  node_modules/@carbon/styles/scss/components/radio-button/_index.scss 8:1          @forward
  packages/carbon-components-react/scss/components/radio-button/_index.scss 9:1     @use
  stdin 2:1                                                                         root stylesheet]
    at expect (/Users/chrisvelgersdyk/Desktop/carbon-coverall/carbon-coverall-poc/node_modules/expect/build/index.js:128:15)
    at Object.expect (/Users/chrisvelgersdyk/Desktop/carbon-coverall/carbon-coverall-poc/packages/carbon-components-react/__tests__/scss-test.js:24:13)
    at Promise.then.completed (/Users/chrisvelgersdyk/Desktop/carbon-coverall/carbon-coverall-poc/node_modules/jest-circus/build/utils.js:333:28)
    at new Promise (&lt;anonymous&gt;)
    at callAsyncCircusFn (/Users/chrisvelgersdyk/Desktop/carbon-coverall/carbon-coverall-poc/node_modules/jest-circus/build/utils.js:259:10)
    at _callCircusTest (/Users/chrisvelgersdyk/Desktop/carbon-coverall/carbon-coverall-poc/node_modules/jest-circus/build/run.js:276:40)
    at processTicksAndRejections (node:internal/process/task_queues:95:5)
    at _runTest (/Users/chrisvelgersdyk/Desktop/carbon-coverall/carbon-coverall-poc/node_modules/jest-circus/build/run.js:208:3)
    at _runTestsForDescribeBlock (/Users/chrisvelgersdyk/Desktop/carbon-coverall/carbon-coverall-poc/node_modules/jest-circus/build/run.js:96:9)
    at _runTestsForDescribeBlock (/Users/chrisvelgersdyk/Desktop/carbon-coverall/carbon-coverall-poc/node_modules/jest-circus/build/run.js:90:9)</failure>
    </testcase>
    <testcase classname="@carbon/react/scss scss/components/radio-button/radio-button should be importable" name="@carbon/react/scss scss/components/radio-button/radio-button should be importable" time="0.01">
      <failure>Error: expect(received).resolves.toBeDefined()

Received promise rejected instead of resolved
Rejected to value: [Error: Can&apos;t find stylesheet to import.
  ╷
8 │ @forward &apos;./generated/fluid-spacing&apos;;
  │ ^^^^^^^^^^^^^^^^^^^^^^^^^^^^^^^^^^^^
  ╵
  node_modules/@carbon/layout/scss/_spacing.scss 8:1                                    @forward
  node_modules/@carbon/styles/scss/_spacing.scss 8:1                                    @use
  node_modules/@carbon/styles/scss/components/form/_form.scss 9:1                       @forward
  node_modules/@carbon/styles/scss/components/form/_index.scss 8:1                      @use
  node_modules/@carbon/styles/scss/components/radio-button/_radio-button.scss 12:1      @forward
  packages/carbon-components-react/scss/components/radio-button/_radio-button.scss 9:1  @use
  stdin 2:1                                                                             root stylesheet]
    at expect (/Users/chrisvelgersdyk/Desktop/carbon-coverall/carbon-coverall-poc/node_modules/expect/build/index.js:128:15)
    at Object.expect (/Users/chrisvelgersdyk/Desktop/carbon-coverall/carbon-coverall-poc/packages/carbon-components-react/__tests__/scss-test.js:24:13)
    at Promise.then.completed (/Users/chrisvelgersdyk/Desktop/carbon-coverall/carbon-coverall-poc/node_modules/jest-circus/build/utils.js:333:28)
    at new Promise (&lt;anonymous&gt;)
    at callAsyncCircusFn (/Users/chrisvelgersdyk/Desktop/carbon-coverall/carbon-coverall-poc/node_modules/jest-circus/build/utils.js:259:10)
    at _callCircusTest (/Users/chrisvelgersdyk/Desktop/carbon-coverall/carbon-coverall-poc/node_modules/jest-circus/build/run.js:276:40)
    at processTicksAndRejections (node:internal/process/task_queues:95:5)
    at _runTest (/Users/chrisvelgersdyk/Desktop/carbon-coverall/carbon-coverall-poc/node_modules/jest-circus/build/run.js:208:3)
    at _runTestsForDescribeBlock (/Users/chrisvelgersdyk/Desktop/carbon-coverall/carbon-coverall-poc/node_modules/jest-circus/build/run.js:96:9)
    at _runTestsForDescribeBlock (/Users/chrisvelgersdyk/Desktop/carbon-coverall/carbon-coverall-poc/node_modules/jest-circus/build/run.js:90:9)</failure>
    </testcase>
    <testcase classname="@carbon/react/scss scss/components/search should be importable" name="@carbon/react/scss scss/components/search should be importable" time="0.011">
      <failure>Error: expect(received).resolves.toBeDefined()

Received promise rejected instead of resolved
Rejected to value: [Error: Can&apos;t find stylesheet to import.
  ╷
8 │ @forward &apos;./generated/fluid-spacing&apos;;
  │ ^^^^^^^^^^^^^^^^^^^^^^^^^^^^^^^^^^^^
  ╵
  node_modules/@carbon/layout/scss/_spacing.scss 8:1                            @forward
  node_modules/@carbon/styles/scss/_spacing.scss 8:1                            @use
  node_modules/@carbon/styles/scss/components/form/_form.scss 9:1               @forward
  node_modules/@carbon/styles/scss/components/form/_index.scss 8:1              @use
  node_modules/@carbon/styles/scss/components/text-input/_text-input.scss 11:1  @forward
  node_modules/@carbon/styles/scss/components/text-input/_index.scss 8:1        @use
  node_modules/@carbon/styles/scss/components/search/_search.scss 12:1          @forward
  node_modules/@carbon/styles/scss/components/search/_index.scss 8:1            @forward
  packages/carbon-components-react/scss/components/search/_index.scss 9:1       @use
  stdin 2:1                                                                     root stylesheet]
    at expect (/Users/chrisvelgersdyk/Desktop/carbon-coverall/carbon-coverall-poc/node_modules/expect/build/index.js:128:15)
    at Object.expect (/Users/chrisvelgersdyk/Desktop/carbon-coverall/carbon-coverall-poc/packages/carbon-components-react/__tests__/scss-test.js:24:13)
    at Promise.then.completed (/Users/chrisvelgersdyk/Desktop/carbon-coverall/carbon-coverall-poc/node_modules/jest-circus/build/utils.js:333:28)
    at new Promise (&lt;anonymous&gt;)
    at callAsyncCircusFn (/Users/chrisvelgersdyk/Desktop/carbon-coverall/carbon-coverall-poc/node_modules/jest-circus/build/utils.js:259:10)
    at _callCircusTest (/Users/chrisvelgersdyk/Desktop/carbon-coverall/carbon-coverall-poc/node_modules/jest-circus/build/run.js:276:40)
    at processTicksAndRejections (node:internal/process/task_queues:95:5)
    at _runTest (/Users/chrisvelgersdyk/Desktop/carbon-coverall/carbon-coverall-poc/node_modules/jest-circus/build/run.js:208:3)
    at _runTestsForDescribeBlock (/Users/chrisvelgersdyk/Desktop/carbon-coverall/carbon-coverall-poc/node_modules/jest-circus/build/run.js:96:9)
    at _runTestsForDescribeBlock (/Users/chrisvelgersdyk/Desktop/carbon-coverall/carbon-coverall-poc/node_modules/jest-circus/build/run.js:90:9)</failure>
    </testcase>
    <testcase classname="@carbon/react/scss scss/components/search/search should be importable" name="@carbon/react/scss scss/components/search/search should be importable" time="0.013">
      <failure>Error: expect(received).resolves.toBeDefined()

Received promise rejected instead of resolved
Rejected to value: [Error: Can&apos;t find stylesheet to import.
  ╷
8 │ @forward &apos;./generated/fluid-spacing&apos;;
  │ ^^^^^^^^^^^^^^^^^^^^^^^^^^^^^^^^^^^^
  ╵
  node_modules/@carbon/layout/scss/_spacing.scss 8:1                            @forward
  node_modules/@carbon/styles/scss/_spacing.scss 8:1                            @use
  node_modules/@carbon/styles/scss/components/form/_form.scss 9:1               @forward
  node_modules/@carbon/styles/scss/components/form/_index.scss 8:1              @use
  node_modules/@carbon/styles/scss/components/text-input/_text-input.scss 11:1  @forward
  node_modules/@carbon/styles/scss/components/text-input/_index.scss 8:1        @use
  node_modules/@carbon/styles/scss/components/search/_search.scss 12:1          @forward
  packages/carbon-components-react/scss/components/search/_search.scss 9:1      @use
  stdin 2:1                                                                     root stylesheet]
    at expect (/Users/chrisvelgersdyk/Desktop/carbon-coverall/carbon-coverall-poc/node_modules/expect/build/index.js:128:15)
    at Object.expect (/Users/chrisvelgersdyk/Desktop/carbon-coverall/carbon-coverall-poc/packages/carbon-components-react/__tests__/scss-test.js:24:13)
    at Promise.then.completed (/Users/chrisvelgersdyk/Desktop/carbon-coverall/carbon-coverall-poc/node_modules/jest-circus/build/utils.js:333:28)
    at new Promise (&lt;anonymous&gt;)
    at callAsyncCircusFn (/Users/chrisvelgersdyk/Desktop/carbon-coverall/carbon-coverall-poc/node_modules/jest-circus/build/utils.js:259:10)
    at _callCircusTest (/Users/chrisvelgersdyk/Desktop/carbon-coverall/carbon-coverall-poc/node_modules/jest-circus/build/run.js:276:40)
    at processTicksAndRejections (node:internal/process/task_queues:95:5)
    at _runTest (/Users/chrisvelgersdyk/Desktop/carbon-coverall/carbon-coverall-poc/node_modules/jest-circus/build/run.js:208:3)
    at _runTestsForDescribeBlock (/Users/chrisvelgersdyk/Desktop/carbon-coverall/carbon-coverall-poc/node_modules/jest-circus/build/run.js:96:9)
    at _runTestsForDescribeBlock (/Users/chrisvelgersdyk/Desktop/carbon-coverall/carbon-coverall-poc/node_modules/jest-circus/build/run.js:90:9)</failure>
    </testcase>
    <testcase classname="@carbon/react/scss scss/components/select should be importable" name="@carbon/react/scss scss/components/select should be importable" time="0.047">
      <failure>Error: expect(received).resolves.toBeDefined()

Received promise rejected instead of resolved
Rejected to value: [Error: Can&apos;t find stylesheet to import.
  ╷
8 │ @forward &apos;./generated/fluid-spacing&apos;;
  │ ^^^^^^^^^^^^^^^^^^^^^^^^^^^^^^^^^^^^
  ╵
  node_modules/@carbon/layout/scss/_spacing.scss 8:1                       @forward
  node_modules/@carbon/styles/scss/_spacing.scss 8:1                       @use
  node_modules/@carbon/styles/scss/components/form/_form.scss 9:1          @forward
  node_modules/@carbon/styles/scss/components/form/_index.scss 8:1         @use
  node_modules/@carbon/styles/scss/components/select/_select.scss 8:1      @forward
  node_modules/@carbon/styles/scss/components/select/_index.scss 8:1       @forward
  packages/carbon-components-react/scss/components/select/_index.scss 9:1  @use
  stdin 2:1                                                                root stylesheet]
    at expect (/Users/chrisvelgersdyk/Desktop/carbon-coverall/carbon-coverall-poc/node_modules/expect/build/index.js:128:15)
    at Object.expect (/Users/chrisvelgersdyk/Desktop/carbon-coverall/carbon-coverall-poc/packages/carbon-components-react/__tests__/scss-test.js:24:13)
    at Promise.then.completed (/Users/chrisvelgersdyk/Desktop/carbon-coverall/carbon-coverall-poc/node_modules/jest-circus/build/utils.js:333:28)
    at new Promise (&lt;anonymous&gt;)
    at callAsyncCircusFn (/Users/chrisvelgersdyk/Desktop/carbon-coverall/carbon-coverall-poc/node_modules/jest-circus/build/utils.js:259:10)
    at _callCircusTest (/Users/chrisvelgersdyk/Desktop/carbon-coverall/carbon-coverall-poc/node_modules/jest-circus/build/run.js:276:40)
    at processTicksAndRejections (node:internal/process/task_queues:95:5)
    at _runTest (/Users/chrisvelgersdyk/Desktop/carbon-coverall/carbon-coverall-poc/node_modules/jest-circus/build/run.js:208:3)
    at _runTestsForDescribeBlock (/Users/chrisvelgersdyk/Desktop/carbon-coverall/carbon-coverall-poc/node_modules/jest-circus/build/run.js:96:9)
    at _runTestsForDescribeBlock (/Users/chrisvelgersdyk/Desktop/carbon-coverall/carbon-coverall-poc/node_modules/jest-circus/build/run.js:90:9)</failure>
    </testcase>
    <testcase classname="@carbon/react/scss scss/components/select/select should be importable" name="@carbon/react/scss scss/components/select/select should be importable" time="0.013">
      <failure>Error: expect(received).resolves.toBeDefined()

Received promise rejected instead of resolved
Rejected to value: [Error: Can&apos;t find stylesheet to import.
  ╷
8 │ @forward &apos;./generated/fluid-spacing&apos;;
  │ ^^^^^^^^^^^^^^^^^^^^^^^^^^^^^^^^^^^^
  ╵
  node_modules/@carbon/layout/scss/_spacing.scss 8:1                        @forward
  node_modules/@carbon/styles/scss/_spacing.scss 8:1                        @use
  node_modules/@carbon/styles/scss/components/form/_form.scss 9:1           @forward
  node_modules/@carbon/styles/scss/components/form/_index.scss 8:1          @use
  node_modules/@carbon/styles/scss/components/select/_select.scss 8:1       @forward
  packages/carbon-components-react/scss/components/select/_select.scss 9:1  @use
  stdin 2:1                                                                 root stylesheet]
    at expect (/Users/chrisvelgersdyk/Desktop/carbon-coverall/carbon-coverall-poc/node_modules/expect/build/index.js:128:15)
    at Object.expect (/Users/chrisvelgersdyk/Desktop/carbon-coverall/carbon-coverall-poc/packages/carbon-components-react/__tests__/scss-test.js:24:13)
    at Promise.then.completed (/Users/chrisvelgersdyk/Desktop/carbon-coverall/carbon-coverall-poc/node_modules/jest-circus/build/utils.js:333:28)
    at new Promise (&lt;anonymous&gt;)
    at callAsyncCircusFn (/Users/chrisvelgersdyk/Desktop/carbon-coverall/carbon-coverall-poc/node_modules/jest-circus/build/utils.js:259:10)
    at _callCircusTest (/Users/chrisvelgersdyk/Desktop/carbon-coverall/carbon-coverall-poc/node_modules/jest-circus/build/run.js:276:40)
    at processTicksAndRejections (node:internal/process/task_queues:95:5)
    at _runTest (/Users/chrisvelgersdyk/Desktop/carbon-coverall/carbon-coverall-poc/node_modules/jest-circus/build/run.js:208:3)
    at _runTestsForDescribeBlock (/Users/chrisvelgersdyk/Desktop/carbon-coverall/carbon-coverall-poc/node_modules/jest-circus/build/run.js:96:9)
    at _runTestsForDescribeBlock (/Users/chrisvelgersdyk/Desktop/carbon-coverall/carbon-coverall-poc/node_modules/jest-circus/build/run.js:90:9)</failure>
    </testcase>
    <testcase classname="@carbon/react/scss scss/components/skeleton-styles should be importable" name="@carbon/react/scss scss/components/skeleton-styles should be importable" time="0.006">
      <failure>Error: expect(received).resolves.toBeDefined()

Received promise rejected instead of resolved
Rejected to value: [Error: Can&apos;t find stylesheet to import.
  ╷
8 │ @forward &apos;generated/themes&apos;;
  │ ^^^^^^^^^^^^^^^^^^^^^^^^^^^
  ╵
  node_modules/@carbon/themes/scss/compat/_themes.scss 8:1                               @use
  node_modules/@carbon/styles/scss/compat/_themes.scss 9:1                               @use
  node_modules/@carbon/styles/scss/theme/_theme.scss 12:1                                @forward
  node_modules/@carbon/styles/scss/_theme.scss 8:1                                       @use
  node_modules/@carbon/styles/scss/utilities/_skeleton.scss 9:1                          @use
  node_modules/@carbon/styles/scss/components/skeleton-styles/_skeleton-styles.scss 9:1  @forward
  node_modules/@carbon/styles/scss/components/skeleton-styles/_index.scss 8:1            @forward
  packages/carbon-components-react/scss/components/skeleton-styles/_index.scss 9:1       @use
  stdin 2:1                                                                              root stylesheet]
    at expect (/Users/chrisvelgersdyk/Desktop/carbon-coverall/carbon-coverall-poc/node_modules/expect/build/index.js:128:15)
    at Object.expect (/Users/chrisvelgersdyk/Desktop/carbon-coverall/carbon-coverall-poc/packages/carbon-components-react/__tests__/scss-test.js:24:13)
    at Promise.then.completed (/Users/chrisvelgersdyk/Desktop/carbon-coverall/carbon-coverall-poc/node_modules/jest-circus/build/utils.js:333:28)
    at new Promise (&lt;anonymous&gt;)
    at callAsyncCircusFn (/Users/chrisvelgersdyk/Desktop/carbon-coverall/carbon-coverall-poc/node_modules/jest-circus/build/utils.js:259:10)
    at _callCircusTest (/Users/chrisvelgersdyk/Desktop/carbon-coverall/carbon-coverall-poc/node_modules/jest-circus/build/run.js:276:40)
    at processTicksAndRejections (node:internal/process/task_queues:95:5)
    at _runTest (/Users/chrisvelgersdyk/Desktop/carbon-coverall/carbon-coverall-poc/node_modules/jest-circus/build/run.js:208:3)
    at _runTestsForDescribeBlock (/Users/chrisvelgersdyk/Desktop/carbon-coverall/carbon-coverall-poc/node_modules/jest-circus/build/run.js:96:9)
    at _runTestsForDescribeBlock (/Users/chrisvelgersdyk/Desktop/carbon-coverall/carbon-coverall-poc/node_modules/jest-circus/build/run.js:90:9)</failure>
    </testcase>
    <testcase classname="@carbon/react/scss scss/components/skeleton-styles/skeleton-styles should be importable" name="@carbon/react/scss scss/components/skeleton-styles/skeleton-styles should be importable" time="0.007">
      <failure>Error: expect(received).resolves.toBeDefined()

Received promise rejected instead of resolved
Rejected to value: [Error: Can&apos;t find stylesheet to import.
  ╷
8 │ @forward &apos;generated/themes&apos;;
  │ ^^^^^^^^^^^^^^^^^^^^^^^^^^^
  ╵
  node_modules/@carbon/themes/scss/compat/_themes.scss 8:1                                    @use
  node_modules/@carbon/styles/scss/compat/_themes.scss 9:1                                    @use
  node_modules/@carbon/styles/scss/theme/_theme.scss 12:1                                     @forward
  node_modules/@carbon/styles/scss/_theme.scss 8:1                                            @use
  node_modules/@carbon/styles/scss/utilities/_skeleton.scss 9:1                               @use
  node_modules/@carbon/styles/scss/components/skeleton-styles/_skeleton-styles.scss 9:1       @forward
  packages/carbon-components-react/scss/components/skeleton-styles/_skeleton-styles.scss 9:1  @use
  stdin 2:1                                                                                   root stylesheet]
    at expect (/Users/chrisvelgersdyk/Desktop/carbon-coverall/carbon-coverall-poc/node_modules/expect/build/index.js:128:15)
    at Object.expect (/Users/chrisvelgersdyk/Desktop/carbon-coverall/carbon-coverall-poc/packages/carbon-components-react/__tests__/scss-test.js:24:13)
    at Promise.then.completed (/Users/chrisvelgersdyk/Desktop/carbon-coverall/carbon-coverall-poc/node_modules/jest-circus/build/utils.js:333:28)
    at new Promise (&lt;anonymous&gt;)
    at callAsyncCircusFn (/Users/chrisvelgersdyk/Desktop/carbon-coverall/carbon-coverall-poc/node_modules/jest-circus/build/utils.js:259:10)
    at _callCircusTest (/Users/chrisvelgersdyk/Desktop/carbon-coverall/carbon-coverall-poc/node_modules/jest-circus/build/run.js:276:40)
    at processTicksAndRejections (node:internal/process/task_queues:95:5)
    at _runTest (/Users/chrisvelgersdyk/Desktop/carbon-coverall/carbon-coverall-poc/node_modules/jest-circus/build/run.js:208:3)
    at _runTestsForDescribeBlock (/Users/chrisvelgersdyk/Desktop/carbon-coverall/carbon-coverall-poc/node_modules/jest-circus/build/run.js:96:9)
    at _runTestsForDescribeBlock (/Users/chrisvelgersdyk/Desktop/carbon-coverall/carbon-coverall-poc/node_modules/jest-circus/build/run.js:90:9)</failure>
    </testcase>
    <testcase classname="@carbon/react/scss scss/components/skeleton-styles/ai-skeleton-styles should be importable" name="@carbon/react/scss scss/components/skeleton-styles/ai-skeleton-styles should be importable" time="0.006">
      <failure>Error: expect(received).resolves.toBeDefined()

Received promise rejected instead of resolved
Rejected to value: [Error: Can&apos;t find stylesheet to import.
  ╷
8 │ @forward &apos;generated/themes&apos;;
  │ ^^^^^^^^^^^^^^^^^^^^^^^^^^^
  ╵
  node_modules/@carbon/themes/scss/compat/_themes.scss 8:1                                       @use
  node_modules/@carbon/styles/scss/compat/_themes.scss 9:1                                       @use
  node_modules/@carbon/styles/scss/theme/_theme.scss 12:1                                        @forward
  node_modules/@carbon/styles/scss/_theme.scss 8:1                                               @use
  node_modules/@carbon/styles/scss/components/skeleton-styles/_ai-skeleton-styles.scss 9:1       @forward
  packages/carbon-components-react/scss/components/skeleton-styles/_ai-skeleton-styles.scss 9:1  @use
  stdin 2:1                                                                                      root stylesheet]
    at expect (/Users/chrisvelgersdyk/Desktop/carbon-coverall/carbon-coverall-poc/node_modules/expect/build/index.js:128:15)
    at Object.expect (/Users/chrisvelgersdyk/Desktop/carbon-coverall/carbon-coverall-poc/packages/carbon-components-react/__tests__/scss-test.js:24:13)
    at Promise.then.completed (/Users/chrisvelgersdyk/Desktop/carbon-coverall/carbon-coverall-poc/node_modules/jest-circus/build/utils.js:333:28)
    at new Promise (&lt;anonymous&gt;)
    at callAsyncCircusFn (/Users/chrisvelgersdyk/Desktop/carbon-coverall/carbon-coverall-poc/node_modules/jest-circus/build/utils.js:259:10)
    at _callCircusTest (/Users/chrisvelgersdyk/Desktop/carbon-coverall/carbon-coverall-poc/node_modules/jest-circus/build/run.js:276:40)
    at processTicksAndRejections (node:internal/process/task_queues:95:5)
    at _runTest (/Users/chrisvelgersdyk/Desktop/carbon-coverall/carbon-coverall-poc/node_modules/jest-circus/build/run.js:208:3)
    at _runTestsForDescribeBlock (/Users/chrisvelgersdyk/Desktop/carbon-coverall/carbon-coverall-poc/node_modules/jest-circus/build/run.js:96:9)
    at _runTestsForDescribeBlock (/Users/chrisvelgersdyk/Desktop/carbon-coverall/carbon-coverall-poc/node_modules/jest-circus/build/run.js:90:9)</failure>
    </testcase>
    <testcase classname="@carbon/react/scss scss/components/slider should be importable" name="@carbon/react/scss scss/components/slider should be importable" time="0.009">
      <failure>Error: expect(received).resolves.toBeDefined()

Received promise rejected instead of resolved
Rejected to value: [Error: Can&apos;t find stylesheet to import.
  ╷
8 │ @forward &apos;./generated/fluid-spacing&apos;;
  │ ^^^^^^^^^^^^^^^^^^^^^^^^^^^^^^^^^^^^
  ╵
  node_modules/@carbon/layout/scss/_spacing.scss 8:1                       @forward
  node_modules/@carbon/styles/scss/_spacing.scss 8:1                       @use
  node_modules/@carbon/styles/scss/components/form/_form.scss 9:1          @forward
  node_modules/@carbon/styles/scss/components/form/_index.scss 8:1         @use
  node_modules/@carbon/styles/scss/components/slider/_slider.scss 12:1     @forward
  node_modules/@carbon/styles/scss/components/slider/_index.scss 8:1       @forward
  packages/carbon-components-react/scss/components/slider/_index.scss 9:1  @use
  stdin 2:1                                                                root stylesheet]
    at expect (/Users/chrisvelgersdyk/Desktop/carbon-coverall/carbon-coverall-poc/node_modules/expect/build/index.js:128:15)
    at Object.expect (/Users/chrisvelgersdyk/Desktop/carbon-coverall/carbon-coverall-poc/packages/carbon-components-react/__tests__/scss-test.js:24:13)
    at Promise.then.completed (/Users/chrisvelgersdyk/Desktop/carbon-coverall/carbon-coverall-poc/node_modules/jest-circus/build/utils.js:333:28)
    at new Promise (&lt;anonymous&gt;)
    at callAsyncCircusFn (/Users/chrisvelgersdyk/Desktop/carbon-coverall/carbon-coverall-poc/node_modules/jest-circus/build/utils.js:259:10)
    at _callCircusTest (/Users/chrisvelgersdyk/Desktop/carbon-coverall/carbon-coverall-poc/node_modules/jest-circus/build/run.js:276:40)
    at processTicksAndRejections (node:internal/process/task_queues:95:5)
    at _runTest (/Users/chrisvelgersdyk/Desktop/carbon-coverall/carbon-coverall-poc/node_modules/jest-circus/build/run.js:208:3)
    at _runTestsForDescribeBlock (/Users/chrisvelgersdyk/Desktop/carbon-coverall/carbon-coverall-poc/node_modules/jest-circus/build/run.js:96:9)
    at _runTestsForDescribeBlock (/Users/chrisvelgersdyk/Desktop/carbon-coverall/carbon-coverall-poc/node_modules/jest-circus/build/run.js:90:9)</failure>
    </testcase>
    <testcase classname="@carbon/react/scss scss/components/slider/slider should be importable" name="@carbon/react/scss scss/components/slider/slider should be importable" time="0.011">
      <failure>Error: expect(received).resolves.toBeDefined()

Received promise rejected instead of resolved
Rejected to value: [Error: Can&apos;t find stylesheet to import.
  ╷
8 │ @forward &apos;./generated/fluid-spacing&apos;;
  │ ^^^^^^^^^^^^^^^^^^^^^^^^^^^^^^^^^^^^
  ╵
  node_modules/@carbon/layout/scss/_spacing.scss 8:1                        @forward
  node_modules/@carbon/styles/scss/_spacing.scss 8:1                        @use
  node_modules/@carbon/styles/scss/components/form/_form.scss 9:1           @forward
  node_modules/@carbon/styles/scss/components/form/_index.scss 8:1          @use
  node_modules/@carbon/styles/scss/components/slider/_slider.scss 12:1      @forward
  packages/carbon-components-react/scss/components/slider/_slider.scss 9:1  @use
  stdin 2:1                                                                 root stylesheet]
    at expect (/Users/chrisvelgersdyk/Desktop/carbon-coverall/carbon-coverall-poc/node_modules/expect/build/index.js:128:15)
    at Object.expect (/Users/chrisvelgersdyk/Desktop/carbon-coverall/carbon-coverall-poc/packages/carbon-components-react/__tests__/scss-test.js:24:13)
    at Promise.then.completed (/Users/chrisvelgersdyk/Desktop/carbon-coverall/carbon-coverall-poc/node_modules/jest-circus/build/utils.js:333:28)
    at new Promise (&lt;anonymous&gt;)
    at callAsyncCircusFn (/Users/chrisvelgersdyk/Desktop/carbon-coverall/carbon-coverall-poc/node_modules/jest-circus/build/utils.js:259:10)
    at _callCircusTest (/Users/chrisvelgersdyk/Desktop/carbon-coverall/carbon-coverall-poc/node_modules/jest-circus/build/run.js:276:40)
    at processTicksAndRejections (node:internal/process/task_queues:95:5)
    at _runTest (/Users/chrisvelgersdyk/Desktop/carbon-coverall/carbon-coverall-poc/node_modules/jest-circus/build/run.js:208:3)
    at _runTestsForDescribeBlock (/Users/chrisvelgersdyk/Desktop/carbon-coverall/carbon-coverall-poc/node_modules/jest-circus/build/run.js:96:9)
    at _runTestsForDescribeBlock (/Users/chrisvelgersdyk/Desktop/carbon-coverall/carbon-coverall-poc/node_modules/jest-circus/build/run.js:90:9)</failure>
    </testcase>
    <testcase classname="@carbon/react/scss scss/components/slug should be importable" name="@carbon/react/scss scss/components/slug should be importable" time="0.01">
      <failure>Error: expect(received).resolves.toBeDefined()

Received promise rejected instead of resolved
Rejected to value: [Error: Can&apos;t find stylesheet to import.
  ╷
8 │ @forward &apos;@carbon/colors&apos;;
  │ ^^^^^^^^^^^^^^^^^^^^^^^^^
  ╵
  node_modules/@carbon/styles/scss/_colors.scss 8:1                      @use
  node_modules/@carbon/styles/scss/components/slug/_slug.scss 9:1        @forward
  node_modules/@carbon/styles/scss/components/slug/_index.scss 8:1       @forward
  packages/carbon-components-react/scss/components/slug/_index.scss 9:1  @use
  stdin 2:1                                                              root stylesheet]
    at expect (/Users/chrisvelgersdyk/Desktop/carbon-coverall/carbon-coverall-poc/node_modules/expect/build/index.js:128:15)
    at Object.expect (/Users/chrisvelgersdyk/Desktop/carbon-coverall/carbon-coverall-poc/packages/carbon-components-react/__tests__/scss-test.js:24:13)
    at Promise.then.completed (/Users/chrisvelgersdyk/Desktop/carbon-coverall/carbon-coverall-poc/node_modules/jest-circus/build/utils.js:333:28)
    at new Promise (&lt;anonymous&gt;)
    at callAsyncCircusFn (/Users/chrisvelgersdyk/Desktop/carbon-coverall/carbon-coverall-poc/node_modules/jest-circus/build/utils.js:259:10)
    at _callCircusTest (/Users/chrisvelgersdyk/Desktop/carbon-coverall/carbon-coverall-poc/node_modules/jest-circus/build/run.js:276:40)
    at processTicksAndRejections (node:internal/process/task_queues:95:5)
    at _runTest (/Users/chrisvelgersdyk/Desktop/carbon-coverall/carbon-coverall-poc/node_modules/jest-circus/build/run.js:208:3)
    at _runTestsForDescribeBlock (/Users/chrisvelgersdyk/Desktop/carbon-coverall/carbon-coverall-poc/node_modules/jest-circus/build/run.js:96:9)
    at _runTestsForDescribeBlock (/Users/chrisvelgersdyk/Desktop/carbon-coverall/carbon-coverall-poc/node_modules/jest-circus/build/run.js:90:9)</failure>
    </testcase>
    <testcase classname="@carbon/react/scss scss/components/slug/slug should be importable" name="@carbon/react/scss scss/components/slug/slug should be importable" time="0.02">
      <failure>Error: expect(received).resolves.toBeDefined()

Received promise rejected instead of resolved
Rejected to value: [Error: Can&apos;t find stylesheet to import.
  ╷
8 │ @forward &apos;@carbon/colors&apos;;
  │ ^^^^^^^^^^^^^^^^^^^^^^^^^
  ╵
  node_modules/@carbon/styles/scss/_colors.scss 8:1                     @use
  node_modules/@carbon/styles/scss/components/slug/_slug.scss 9:1       @forward
  packages/carbon-components-react/scss/components/slug/_slug.scss 9:1  @use
  stdin 2:1                                                             root stylesheet]
    at expect (/Users/chrisvelgersdyk/Desktop/carbon-coverall/carbon-coverall-poc/node_modules/expect/build/index.js:128:15)
    at Object.expect (/Users/chrisvelgersdyk/Desktop/carbon-coverall/carbon-coverall-poc/packages/carbon-components-react/__tests__/scss-test.js:24:13)
    at Promise.then.completed (/Users/chrisvelgersdyk/Desktop/carbon-coverall/carbon-coverall-poc/node_modules/jest-circus/build/utils.js:333:28)
    at new Promise (&lt;anonymous&gt;)
    at callAsyncCircusFn (/Users/chrisvelgersdyk/Desktop/carbon-coverall/carbon-coverall-poc/node_modules/jest-circus/build/utils.js:259:10)
    at _callCircusTest (/Users/chrisvelgersdyk/Desktop/carbon-coverall/carbon-coverall-poc/node_modules/jest-circus/build/run.js:276:40)
    at processTicksAndRejections (node:internal/process/task_queues:95:5)
    at _runTest (/Users/chrisvelgersdyk/Desktop/carbon-coverall/carbon-coverall-poc/node_modules/jest-circus/build/run.js:208:3)
    at _runTestsForDescribeBlock (/Users/chrisvelgersdyk/Desktop/carbon-coverall/carbon-coverall-poc/node_modules/jest-circus/build/run.js:96:9)
    at _runTestsForDescribeBlock (/Users/chrisvelgersdyk/Desktop/carbon-coverall/carbon-coverall-poc/node_modules/jest-circus/build/run.js:90:9)</failure>
    </testcase>
    <testcase classname="@carbon/react/scss scss/components/stack should be importable" name="@carbon/react/scss scss/components/stack should be importable" time="0.006">
      <failure>Error: expect(received).resolves.toBeDefined()

Received promise rejected instead of resolved
Rejected to value: [Error: Can&apos;t find stylesheet to import.
  ╷
8 │ @forward &apos;./generated/fluid-spacing&apos;;
  │ ^^^^^^^^^^^^^^^^^^^^^^^^^^^^^^^^^^^^
  ╵
  node_modules/@carbon/layout/scss/_spacing.scss 8:1                      @forward
  node_modules/@carbon/styles/scss/_spacing.scss 8:1                      @use
  node_modules/@carbon/styles/scss/components/stack/_stack.scss 9:1       @forward
  node_modules/@carbon/styles/scss/components/stack/_index.scss 8:1       @forward
  packages/carbon-components-react/scss/components/stack/_index.scss 9:1  @use
  stdin 2:1                                                               root stylesheet]
    at expect (/Users/chrisvelgersdyk/Desktop/carbon-coverall/carbon-coverall-poc/node_modules/expect/build/index.js:128:15)
    at Object.expect (/Users/chrisvelgersdyk/Desktop/carbon-coverall/carbon-coverall-poc/packages/carbon-components-react/__tests__/scss-test.js:24:13)
    at Promise.then.completed (/Users/chrisvelgersdyk/Desktop/carbon-coverall/carbon-coverall-poc/node_modules/jest-circus/build/utils.js:333:28)
    at new Promise (&lt;anonymous&gt;)
    at callAsyncCircusFn (/Users/chrisvelgersdyk/Desktop/carbon-coverall/carbon-coverall-poc/node_modules/jest-circus/build/utils.js:259:10)
    at _callCircusTest (/Users/chrisvelgersdyk/Desktop/carbon-coverall/carbon-coverall-poc/node_modules/jest-circus/build/run.js:276:40)
    at processTicksAndRejections (node:internal/process/task_queues:95:5)
    at _runTest (/Users/chrisvelgersdyk/Desktop/carbon-coverall/carbon-coverall-poc/node_modules/jest-circus/build/run.js:208:3)
    at _runTestsForDescribeBlock (/Users/chrisvelgersdyk/Desktop/carbon-coverall/carbon-coverall-poc/node_modules/jest-circus/build/run.js:96:9)
    at _runTestsForDescribeBlock (/Users/chrisvelgersdyk/Desktop/carbon-coverall/carbon-coverall-poc/node_modules/jest-circus/build/run.js:90:9)</failure>
    </testcase>
    <testcase classname="@carbon/react/scss scss/components/stack/stack should be importable" name="@carbon/react/scss scss/components/stack/stack should be importable" time="0.003">
      <failure>Error: expect(received).resolves.toBeDefined()

Received promise rejected instead of resolved
Rejected to value: [Error: Can&apos;t find stylesheet to import.
  ╷
8 │ @forward &apos;./generated/fluid-spacing&apos;;
  │ ^^^^^^^^^^^^^^^^^^^^^^^^^^^^^^^^^^^^
  ╵
  node_modules/@carbon/layout/scss/_spacing.scss 8:1                      @forward
  node_modules/@carbon/styles/scss/_spacing.scss 8:1                      @use
  node_modules/@carbon/styles/scss/components/stack/_stack.scss 9:1       @forward
  packages/carbon-components-react/scss/components/stack/_stack.scss 9:1  @use
  stdin 2:1                                                               root stylesheet]
    at expect (/Users/chrisvelgersdyk/Desktop/carbon-coverall/carbon-coverall-poc/node_modules/expect/build/index.js:128:15)
    at Object.expect (/Users/chrisvelgersdyk/Desktop/carbon-coverall/carbon-coverall-poc/packages/carbon-components-react/__tests__/scss-test.js:24:13)
    at Promise.then.completed (/Users/chrisvelgersdyk/Desktop/carbon-coverall/carbon-coverall-poc/node_modules/jest-circus/build/utils.js:333:28)
    at new Promise (&lt;anonymous&gt;)
    at callAsyncCircusFn (/Users/chrisvelgersdyk/Desktop/carbon-coverall/carbon-coverall-poc/node_modules/jest-circus/build/utils.js:259:10)
    at _callCircusTest (/Users/chrisvelgersdyk/Desktop/carbon-coverall/carbon-coverall-poc/node_modules/jest-circus/build/run.js:276:40)
    at processTicksAndRejections (node:internal/process/task_queues:95:5)
    at _runTest (/Users/chrisvelgersdyk/Desktop/carbon-coverall/carbon-coverall-poc/node_modules/jest-circus/build/run.js:208:3)
    at _runTestsForDescribeBlock (/Users/chrisvelgersdyk/Desktop/carbon-coverall/carbon-coverall-poc/node_modules/jest-circus/build/run.js:96:9)
    at _runTestsForDescribeBlock (/Users/chrisvelgersdyk/Desktop/carbon-coverall/carbon-coverall-poc/node_modules/jest-circus/build/run.js:90:9)</failure>
    </testcase>
    <testcase classname="@carbon/react/scss scss/components/structured-list should be importable" name="@carbon/react/scss scss/components/structured-list should be importable" time="0.004">
      <failure>Error: expect(received).resolves.toBeDefined()

Received promise rejected instead of resolved
Rejected to value: [Error: Can&apos;t find stylesheet to import.
  ╷
8 │ @forward &apos;./generated/fluid-spacing&apos;;
  │ ^^^^^^^^^^^^^^^^^^^^^^^^^^^^^^^^^^^^
  ╵
  node_modules/@carbon/layout/scss/_spacing.scss 8:1                                     @forward
  node_modules/@carbon/styles/scss/_spacing.scss 8:1                                     @use
  node_modules/@carbon/styles/scss/components/structured-list/_mixins.scss 8:1           @use
  node_modules/@carbon/styles/scss/components/structured-list/_structured-list.scss 8:1  @forward
  node_modules/@carbon/styles/scss/components/structured-list/_index.scss 8:1            @forward
  packages/carbon-components-react/scss/components/structured-list/_index.scss 9:1       @use
  stdin 2:1                                                                              root stylesheet]
    at expect (/Users/chrisvelgersdyk/Desktop/carbon-coverall/carbon-coverall-poc/node_modules/expect/build/index.js:128:15)
    at Object.expect (/Users/chrisvelgersdyk/Desktop/carbon-coverall/carbon-coverall-poc/packages/carbon-components-react/__tests__/scss-test.js:24:13)
    at Promise.then.completed (/Users/chrisvelgersdyk/Desktop/carbon-coverall/carbon-coverall-poc/node_modules/jest-circus/build/utils.js:333:28)
    at new Promise (&lt;anonymous&gt;)
    at callAsyncCircusFn (/Users/chrisvelgersdyk/Desktop/carbon-coverall/carbon-coverall-poc/node_modules/jest-circus/build/utils.js:259:10)
    at _callCircusTest (/Users/chrisvelgersdyk/Desktop/carbon-coverall/carbon-coverall-poc/node_modules/jest-circus/build/run.js:276:40)
    at processTicksAndRejections (node:internal/process/task_queues:95:5)
    at _runTest (/Users/chrisvelgersdyk/Desktop/carbon-coverall/carbon-coverall-poc/node_modules/jest-circus/build/run.js:208:3)
    at _runTestsForDescribeBlock (/Users/chrisvelgersdyk/Desktop/carbon-coverall/carbon-coverall-poc/node_modules/jest-circus/build/run.js:96:9)
    at _runTestsForDescribeBlock (/Users/chrisvelgersdyk/Desktop/carbon-coverall/carbon-coverall-poc/node_modules/jest-circus/build/run.js:90:9)</failure>
    </testcase>
    <testcase classname="@carbon/react/scss scss/components/structured-list/structured-list should be importable" name="@carbon/react/scss scss/components/structured-list/structured-list should be importable" time="0.009">
      <failure>Error: expect(received).resolves.toBeDefined()

Received promise rejected instead of resolved
Rejected to value: [Error: Can&apos;t find stylesheet to import.
  ╷
8 │ @forward &apos;./generated/fluid-spacing&apos;;
  │ ^^^^^^^^^^^^^^^^^^^^^^^^^^^^^^^^^^^^
  ╵
  node_modules/@carbon/layout/scss/_spacing.scss 8:1                                          @forward
  node_modules/@carbon/styles/scss/_spacing.scss 8:1                                          @use
  node_modules/@carbon/styles/scss/components/structured-list/_mixins.scss 8:1                @use
  node_modules/@carbon/styles/scss/components/structured-list/_structured-list.scss 8:1       @forward
  packages/carbon-components-react/scss/components/structured-list/_structured-list.scss 9:1  @use
  stdin 2:1                                                                                   root stylesheet]
    at expect (/Users/chrisvelgersdyk/Desktop/carbon-coverall/carbon-coverall-poc/node_modules/expect/build/index.js:128:15)
    at Object.expect (/Users/chrisvelgersdyk/Desktop/carbon-coverall/carbon-coverall-poc/packages/carbon-components-react/__tests__/scss-test.js:24:13)
    at Promise.then.completed (/Users/chrisvelgersdyk/Desktop/carbon-coverall/carbon-coverall-poc/node_modules/jest-circus/build/utils.js:333:28)
    at new Promise (&lt;anonymous&gt;)
    at callAsyncCircusFn (/Users/chrisvelgersdyk/Desktop/carbon-coverall/carbon-coverall-poc/node_modules/jest-circus/build/utils.js:259:10)
    at _callCircusTest (/Users/chrisvelgersdyk/Desktop/carbon-coverall/carbon-coverall-poc/node_modules/jest-circus/build/run.js:276:40)
    at processTicksAndRejections (node:internal/process/task_queues:95:5)
    at _runTest (/Users/chrisvelgersdyk/Desktop/carbon-coverall/carbon-coverall-poc/node_modules/jest-circus/build/run.js:208:3)
    at _runTestsForDescribeBlock (/Users/chrisvelgersdyk/Desktop/carbon-coverall/carbon-coverall-poc/node_modules/jest-circus/build/run.js:96:9)
    at _runTestsForDescribeBlock (/Users/chrisvelgersdyk/Desktop/carbon-coverall/carbon-coverall-poc/node_modules/jest-circus/build/run.js:90:9)</failure>
    </testcase>
    <testcase classname="@carbon/react/scss scss/components/tabs should be importable" name="@carbon/react/scss scss/components/tabs should be importable" time="0.01">
      <failure>Error: expect(received).resolves.toBeDefined()

Received promise rejected instead of resolved
Rejected to value: [Error: Can&apos;t find stylesheet to import.
  ╷
8 │ @forward &apos;generated/themes&apos;;
  │ ^^^^^^^^^^^^^^^^^^^^^^^^^^^
  ╵
  node_modules/@carbon/themes/scss/compat/_themes.scss 8:1               @use
  node_modules/@carbon/styles/scss/compat/_themes.scss 9:1               @use
  node_modules/@carbon/styles/scss/theme/_theme.scss 12:1                @forward
  node_modules/@carbon/styles/scss/_theme.scss 8:1                       @use
  node_modules/@carbon/styles/scss/components/tabs/_vars.scss 10:1       @use
  node_modules/@carbon/styles/scss/components/tabs/_tabs.scss 12:1       @forward
  node_modules/@carbon/styles/scss/components/tabs/_index.scss 8:1       @forward
  packages/carbon-components-react/scss/components/tabs/_index.scss 9:1  @use
  stdin 2:1                                                              root stylesheet]
    at expect (/Users/chrisvelgersdyk/Desktop/carbon-coverall/carbon-coverall-poc/node_modules/expect/build/index.js:128:15)
    at Object.expect (/Users/chrisvelgersdyk/Desktop/carbon-coverall/carbon-coverall-poc/packages/carbon-components-react/__tests__/scss-test.js:24:13)
    at Promise.then.completed (/Users/chrisvelgersdyk/Desktop/carbon-coverall/carbon-coverall-poc/node_modules/jest-circus/build/utils.js:333:28)
    at new Promise (&lt;anonymous&gt;)
    at callAsyncCircusFn (/Users/chrisvelgersdyk/Desktop/carbon-coverall/carbon-coverall-poc/node_modules/jest-circus/build/utils.js:259:10)
    at _callCircusTest (/Users/chrisvelgersdyk/Desktop/carbon-coverall/carbon-coverall-poc/node_modules/jest-circus/build/run.js:276:40)
    at processTicksAndRejections (node:internal/process/task_queues:95:5)
    at _runTest (/Users/chrisvelgersdyk/Desktop/carbon-coverall/carbon-coverall-poc/node_modules/jest-circus/build/run.js:208:3)
    at _runTestsForDescribeBlock (/Users/chrisvelgersdyk/Desktop/carbon-coverall/carbon-coverall-poc/node_modules/jest-circus/build/run.js:96:9)
    at _runTestsForDescribeBlock (/Users/chrisvelgersdyk/Desktop/carbon-coverall/carbon-coverall-poc/node_modules/jest-circus/build/run.js:90:9)</failure>
    </testcase>
    <testcase classname="@carbon/react/scss scss/components/tabs/tabs should be importable" name="@carbon/react/scss scss/components/tabs/tabs should be importable" time="0.048">
      <failure>Error: expect(received).resolves.toBeDefined()

Received promise rejected instead of resolved
Rejected to value: [Error: Can&apos;t find stylesheet to import.
  ╷
8 │ @forward &apos;generated/themes&apos;;
  │ ^^^^^^^^^^^^^^^^^^^^^^^^^^^
  ╵
  node_modules/@carbon/themes/scss/compat/_themes.scss 8:1              @use
  node_modules/@carbon/styles/scss/compat/_themes.scss 9:1              @use
  node_modules/@carbon/styles/scss/theme/_theme.scss 12:1               @forward
  node_modules/@carbon/styles/scss/_theme.scss 8:1                      @use
  node_modules/@carbon/styles/scss/components/tabs/_vars.scss 10:1      @use
  node_modules/@carbon/styles/scss/components/tabs/_tabs.scss 12:1      @forward
  packages/carbon-components-react/scss/components/tabs/_tabs.scss 9:1  @use
  stdin 2:1                                                             root stylesheet]
    at expect (/Users/chrisvelgersdyk/Desktop/carbon-coverall/carbon-coverall-poc/node_modules/expect/build/index.js:128:15)
    at Object.expect (/Users/chrisvelgersdyk/Desktop/carbon-coverall/carbon-coverall-poc/packages/carbon-components-react/__tests__/scss-test.js:24:13)
    at Promise.then.completed (/Users/chrisvelgersdyk/Desktop/carbon-coverall/carbon-coverall-poc/node_modules/jest-circus/build/utils.js:333:28)
    at new Promise (&lt;anonymous&gt;)
    at callAsyncCircusFn (/Users/chrisvelgersdyk/Desktop/carbon-coverall/carbon-coverall-poc/node_modules/jest-circus/build/utils.js:259:10)
    at _callCircusTest (/Users/chrisvelgersdyk/Desktop/carbon-coverall/carbon-coverall-poc/node_modules/jest-circus/build/run.js:276:40)
    at processTicksAndRejections (node:internal/process/task_queues:95:5)
    at _runTest (/Users/chrisvelgersdyk/Desktop/carbon-coverall/carbon-coverall-poc/node_modules/jest-circus/build/run.js:208:3)
    at _runTestsForDescribeBlock (/Users/chrisvelgersdyk/Desktop/carbon-coverall/carbon-coverall-poc/node_modules/jest-circus/build/run.js:96:9)
    at _runTestsForDescribeBlock (/Users/chrisvelgersdyk/Desktop/carbon-coverall/carbon-coverall-poc/node_modules/jest-circus/build/run.js:90:9)</failure>
    </testcase>
    <testcase classname="@carbon/react/scss scss/components/tag should be importable" name="@carbon/react/scss scss/components/tag should be importable" time="0.012">
      <failure>Error: expect(received).resolves.toBeDefined()

Received promise rejected instead of resolved
Rejected to value: [Error: Can&apos;t find stylesheet to import.
  ╷
8 │ @forward &apos;generated/themes&apos;;
  │ ^^^^^^^^^^^^^^^^^^^^^^^^^^^
  ╵
  node_modules/@carbon/themes/scss/compat/_themes.scss 8:1              @use
  node_modules/@carbon/styles/scss/compat/_themes.scss 9:1              @use
  node_modules/@carbon/styles/scss/theme/_theme.scss 12:1               @forward
  node_modules/@carbon/styles/scss/_theme.scss 8:1                      @use
  node_modules/@carbon/styles/scss/components/tag/_tag.scss 8:1         @forward
  node_modules/@carbon/styles/scss/components/tag/_index.scss 8:1       @forward
  packages/carbon-components-react/scss/components/tag/_index.scss 9:1  @use
  stdin 2:1                                                             root stylesheet]
    at expect (/Users/chrisvelgersdyk/Desktop/carbon-coverall/carbon-coverall-poc/node_modules/expect/build/index.js:128:15)
    at Object.expect (/Users/chrisvelgersdyk/Desktop/carbon-coverall/carbon-coverall-poc/packages/carbon-components-react/__tests__/scss-test.js:24:13)
    at Promise.then.completed (/Users/chrisvelgersdyk/Desktop/carbon-coverall/carbon-coverall-poc/node_modules/jest-circus/build/utils.js:333:28)
    at new Promise (&lt;anonymous&gt;)
    at callAsyncCircusFn (/Users/chrisvelgersdyk/Desktop/carbon-coverall/carbon-coverall-poc/node_modules/jest-circus/build/utils.js:259:10)
    at _callCircusTest (/Users/chrisvelgersdyk/Desktop/carbon-coverall/carbon-coverall-poc/node_modules/jest-circus/build/run.js:276:40)
    at processTicksAndRejections (node:internal/process/task_queues:95:5)
    at _runTest (/Users/chrisvelgersdyk/Desktop/carbon-coverall/carbon-coverall-poc/node_modules/jest-circus/build/run.js:208:3)
    at _runTestsForDescribeBlock (/Users/chrisvelgersdyk/Desktop/carbon-coverall/carbon-coverall-poc/node_modules/jest-circus/build/run.js:96:9)
    at _runTestsForDescribeBlock (/Users/chrisvelgersdyk/Desktop/carbon-coverall/carbon-coverall-poc/node_modules/jest-circus/build/run.js:90:9)</failure>
    </testcase>
    <testcase classname="@carbon/react/scss scss/components/tag/tag should be importable" name="@carbon/react/scss scss/components/tag/tag should be importable" time="0.014">
      <failure>Error: expect(received).resolves.toBeDefined()

Received promise rejected instead of resolved
Rejected to value: [Error: Can&apos;t find stylesheet to import.
  ╷
8 │ @forward &apos;generated/themes&apos;;
  │ ^^^^^^^^^^^^^^^^^^^^^^^^^^^
  ╵
  node_modules/@carbon/themes/scss/compat/_themes.scss 8:1            @use
  node_modules/@carbon/styles/scss/compat/_themes.scss 9:1            @use
  node_modules/@carbon/styles/scss/theme/_theme.scss 12:1             @forward
  node_modules/@carbon/styles/scss/_theme.scss 8:1                    @use
  node_modules/@carbon/styles/scss/components/tag/_tag.scss 8:1       @forward
  packages/carbon-components-react/scss/components/tag/_tag.scss 9:1  @use
  stdin 2:1                                                           root stylesheet]
    at expect (/Users/chrisvelgersdyk/Desktop/carbon-coverall/carbon-coverall-poc/node_modules/expect/build/index.js:128:15)
    at Object.expect (/Users/chrisvelgersdyk/Desktop/carbon-coverall/carbon-coverall-poc/packages/carbon-components-react/__tests__/scss-test.js:24:13)
    at Promise.then.completed (/Users/chrisvelgersdyk/Desktop/carbon-coverall/carbon-coverall-poc/node_modules/jest-circus/build/utils.js:333:28)
    at new Promise (&lt;anonymous&gt;)
    at callAsyncCircusFn (/Users/chrisvelgersdyk/Desktop/carbon-coverall/carbon-coverall-poc/node_modules/jest-circus/build/utils.js:259:10)
    at _callCircusTest (/Users/chrisvelgersdyk/Desktop/carbon-coverall/carbon-coverall-poc/node_modules/jest-circus/build/run.js:276:40)
    at processTicksAndRejections (node:internal/process/task_queues:95:5)
    at _runTest (/Users/chrisvelgersdyk/Desktop/carbon-coverall/carbon-coverall-poc/node_modules/jest-circus/build/run.js:208:3)
    at _runTestsForDescribeBlock (/Users/chrisvelgersdyk/Desktop/carbon-coverall/carbon-coverall-poc/node_modules/jest-circus/build/run.js:96:9)
    at _runTestsForDescribeBlock (/Users/chrisvelgersdyk/Desktop/carbon-coverall/carbon-coverall-poc/node_modules/jest-circus/build/run.js:90:9)</failure>
    </testcase>
    <testcase classname="@carbon/react/scss scss/components/tag/tokens should be importable" name="@carbon/react/scss scss/components/tag/tokens should be importable" time="0.012">
      <failure>Error: expect(received).resolves.toBeDefined()

Received promise rejected instead of resolved
Rejected to value: [Error: Can&apos;t find stylesheet to import.
  ╷
8 │ @forward &apos;@carbon/colors&apos;;
  │ ^^^^^^^^^^^^^^^^^^^^^^^^^
  ╵
  node_modules/@carbon/styles/scss/_colors.scss 8:1                      @use
  node_modules/@carbon/styles/scss/components/tag/_tokens.scss 11:1      @forward
  packages/carbon-components-react/scss/components/tag/_tokens.scss 9:1  @use
  stdin 2:1                                                              root stylesheet]
    at expect (/Users/chrisvelgersdyk/Desktop/carbon-coverall/carbon-coverall-poc/node_modules/expect/build/index.js:128:15)
    at Object.expect (/Users/chrisvelgersdyk/Desktop/carbon-coverall/carbon-coverall-poc/packages/carbon-components-react/__tests__/scss-test.js:24:13)
    at Promise.then.completed (/Users/chrisvelgersdyk/Desktop/carbon-coverall/carbon-coverall-poc/node_modules/jest-circus/build/utils.js:333:28)
    at new Promise (&lt;anonymous&gt;)
    at callAsyncCircusFn (/Users/chrisvelgersdyk/Desktop/carbon-coverall/carbon-coverall-poc/node_modules/jest-circus/build/utils.js:259:10)
    at _callCircusTest (/Users/chrisvelgersdyk/Desktop/carbon-coverall/carbon-coverall-poc/node_modules/jest-circus/build/run.js:276:40)
    at processTicksAndRejections (node:internal/process/task_queues:95:5)
    at _runTest (/Users/chrisvelgersdyk/Desktop/carbon-coverall/carbon-coverall-poc/node_modules/jest-circus/build/run.js:208:3)
    at _runTestsForDescribeBlock (/Users/chrisvelgersdyk/Desktop/carbon-coverall/carbon-coverall-poc/node_modules/jest-circus/build/run.js:96:9)
    at _runTestsForDescribeBlock (/Users/chrisvelgersdyk/Desktop/carbon-coverall/carbon-coverall-poc/node_modules/jest-circus/build/run.js:90:9)</failure>
    </testcase>
    <testcase classname="@carbon/react/scss scss/components/text-area should be importable" name="@carbon/react/scss scss/components/text-area should be importable" time="0.009">
      <failure>Error: expect(received).resolves.toBeDefined()

Received promise rejected instead of resolved
Rejected to value: [Error: Can&apos;t find stylesheet to import.
  ╷
8 │ @forward &apos;./generated/fluid-spacing&apos;;
  │ ^^^^^^^^^^^^^^^^^^^^^^^^^^^^^^^^^^^^
  ╵
  node_modules/@carbon/layout/scss/_spacing.scss 8:1                          @forward
  node_modules/@carbon/styles/scss/_spacing.scss 8:1                          @use
  node_modules/@carbon/styles/scss/components/form/_form.scss 9:1             @forward
  node_modules/@carbon/styles/scss/components/form/_index.scss 8:1            @use
  node_modules/@carbon/styles/scss/components/text-area/_text-area.scss 8:1   @forward
  node_modules/@carbon/styles/scss/components/text-area/_index.scss 8:1       @forward
  packages/carbon-components-react/scss/components/text-area/_index.scss 9:1  @use
  stdin 2:1                                                                   root stylesheet]
    at expect (/Users/chrisvelgersdyk/Desktop/carbon-coverall/carbon-coverall-poc/node_modules/expect/build/index.js:128:15)
    at Object.expect (/Users/chrisvelgersdyk/Desktop/carbon-coverall/carbon-coverall-poc/packages/carbon-components-react/__tests__/scss-test.js:24:13)
    at Promise.then.completed (/Users/chrisvelgersdyk/Desktop/carbon-coverall/carbon-coverall-poc/node_modules/jest-circus/build/utils.js:333:28)
    at new Promise (&lt;anonymous&gt;)
    at callAsyncCircusFn (/Users/chrisvelgersdyk/Desktop/carbon-coverall/carbon-coverall-poc/node_modules/jest-circus/build/utils.js:259:10)
    at _callCircusTest (/Users/chrisvelgersdyk/Desktop/carbon-coverall/carbon-coverall-poc/node_modules/jest-circus/build/run.js:276:40)
    at processTicksAndRejections (node:internal/process/task_queues:95:5)
    at _runTest (/Users/chrisvelgersdyk/Desktop/carbon-coverall/carbon-coverall-poc/node_modules/jest-circus/build/run.js:208:3)
    at _runTestsForDescribeBlock (/Users/chrisvelgersdyk/Desktop/carbon-coverall/carbon-coverall-poc/node_modules/jest-circus/build/run.js:96:9)
    at _runTestsForDescribeBlock (/Users/chrisvelgersdyk/Desktop/carbon-coverall/carbon-coverall-poc/node_modules/jest-circus/build/run.js:90:9)</failure>
    </testcase>
    <testcase classname="@carbon/react/scss scss/components/text-area/text-area should be importable" name="@carbon/react/scss scss/components/text-area/text-area should be importable" time="0.006">
      <failure>Error: expect(received).resolves.toBeDefined()

Received promise rejected instead of resolved
Rejected to value: [Error: Can&apos;t find stylesheet to import.
  ╷
8 │ @forward &apos;./generated/fluid-spacing&apos;;
  │ ^^^^^^^^^^^^^^^^^^^^^^^^^^^^^^^^^^^^
  ╵
  node_modules/@carbon/layout/scss/_spacing.scss 8:1                              @forward
  node_modules/@carbon/styles/scss/_spacing.scss 8:1                              @use
  node_modules/@carbon/styles/scss/components/form/_form.scss 9:1                 @forward
  node_modules/@carbon/styles/scss/components/form/_index.scss 8:1                @use
  node_modules/@carbon/styles/scss/components/text-area/_text-area.scss 8:1       @forward
  packages/carbon-components-react/scss/components/text-area/_text-area.scss 9:1  @use
  stdin 2:1                                                                       root stylesheet]
    at expect (/Users/chrisvelgersdyk/Desktop/carbon-coverall/carbon-coverall-poc/node_modules/expect/build/index.js:128:15)
    at Object.expect (/Users/chrisvelgersdyk/Desktop/carbon-coverall/carbon-coverall-poc/packages/carbon-components-react/__tests__/scss-test.js:24:13)
    at Promise.then.completed (/Users/chrisvelgersdyk/Desktop/carbon-coverall/carbon-coverall-poc/node_modules/jest-circus/build/utils.js:333:28)
    at new Promise (&lt;anonymous&gt;)
    at callAsyncCircusFn (/Users/chrisvelgersdyk/Desktop/carbon-coverall/carbon-coverall-poc/node_modules/jest-circus/build/utils.js:259:10)
    at _callCircusTest (/Users/chrisvelgersdyk/Desktop/carbon-coverall/carbon-coverall-poc/node_modules/jest-circus/build/run.js:276:40)
    at processTicksAndRejections (node:internal/process/task_queues:95:5)
    at _runTest (/Users/chrisvelgersdyk/Desktop/carbon-coverall/carbon-coverall-poc/node_modules/jest-circus/build/run.js:208:3)
    at _runTestsForDescribeBlock (/Users/chrisvelgersdyk/Desktop/carbon-coverall/carbon-coverall-poc/node_modules/jest-circus/build/run.js:96:9)
    at _runTestsForDescribeBlock (/Users/chrisvelgersdyk/Desktop/carbon-coverall/carbon-coverall-poc/node_modules/jest-circus/build/run.js:90:9)</failure>
    </testcase>
    <testcase classname="@carbon/react/scss scss/components/text-input should be importable" name="@carbon/react/scss scss/components/text-input should be importable" time="0.009">
      <failure>Error: expect(received).resolves.toBeDefined()

Received promise rejected instead of resolved
Rejected to value: [Error: Can&apos;t find stylesheet to import.
  ╷
8 │ @forward &apos;./generated/fluid-spacing&apos;;
  │ ^^^^^^^^^^^^^^^^^^^^^^^^^^^^^^^^^^^^
  ╵
  node_modules/@carbon/layout/scss/_spacing.scss 8:1                            @forward
  node_modules/@carbon/styles/scss/_spacing.scss 8:1                            @use
  node_modules/@carbon/styles/scss/components/form/_form.scss 9:1               @forward
  node_modules/@carbon/styles/scss/components/form/_index.scss 8:1              @use
  node_modules/@carbon/styles/scss/components/text-input/_text-input.scss 11:1  @forward
  node_modules/@carbon/styles/scss/components/text-input/_index.scss 8:1        @forward
  packages/carbon-components-react/scss/components/text-input/_index.scss 9:1   @use
  stdin 2:1                                                                     root stylesheet]
    at expect (/Users/chrisvelgersdyk/Desktop/carbon-coverall/carbon-coverall-poc/node_modules/expect/build/index.js:128:15)
    at Object.expect (/Users/chrisvelgersdyk/Desktop/carbon-coverall/carbon-coverall-poc/packages/carbon-components-react/__tests__/scss-test.js:24:13)
    at Promise.then.completed (/Users/chrisvelgersdyk/Desktop/carbon-coverall/carbon-coverall-poc/node_modules/jest-circus/build/utils.js:333:28)
    at new Promise (&lt;anonymous&gt;)
    at callAsyncCircusFn (/Users/chrisvelgersdyk/Desktop/carbon-coverall/carbon-coverall-poc/node_modules/jest-circus/build/utils.js:259:10)
    at _callCircusTest (/Users/chrisvelgersdyk/Desktop/carbon-coverall/carbon-coverall-poc/node_modules/jest-circus/build/run.js:276:40)
    at processTicksAndRejections (node:internal/process/task_queues:95:5)
    at _runTest (/Users/chrisvelgersdyk/Desktop/carbon-coverall/carbon-coverall-poc/node_modules/jest-circus/build/run.js:208:3)
    at _runTestsForDescribeBlock (/Users/chrisvelgersdyk/Desktop/carbon-coverall/carbon-coverall-poc/node_modules/jest-circus/build/run.js:96:9)
    at _runTestsForDescribeBlock (/Users/chrisvelgersdyk/Desktop/carbon-coverall/carbon-coverall-poc/node_modules/jest-circus/build/run.js:90:9)</failure>
    </testcase>
    <testcase classname="@carbon/react/scss scss/components/text-input/text-input should be importable" name="@carbon/react/scss scss/components/text-input/text-input should be importable" time="0.008">
      <failure>Error: expect(received).resolves.toBeDefined()

Received promise rejected instead of resolved
Rejected to value: [Error: Can&apos;t find stylesheet to import.
  ╷
8 │ @forward &apos;./generated/fluid-spacing&apos;;
  │ ^^^^^^^^^^^^^^^^^^^^^^^^^^^^^^^^^^^^
  ╵
  node_modules/@carbon/layout/scss/_spacing.scss 8:1                                @forward
  node_modules/@carbon/styles/scss/_spacing.scss 8:1                                @use
  node_modules/@carbon/styles/scss/components/form/_form.scss 9:1                   @forward
  node_modules/@carbon/styles/scss/components/form/_index.scss 8:1                  @use
  node_modules/@carbon/styles/scss/components/text-input/_text-input.scss 11:1      @forward
  packages/carbon-components-react/scss/components/text-input/_text-input.scss 9:1  @use
  stdin 2:1                                                                         root stylesheet]
    at expect (/Users/chrisvelgersdyk/Desktop/carbon-coverall/carbon-coverall-poc/node_modules/expect/build/index.js:128:15)
    at Object.expect (/Users/chrisvelgersdyk/Desktop/carbon-coverall/carbon-coverall-poc/packages/carbon-components-react/__tests__/scss-test.js:24:13)
    at Promise.then.completed (/Users/chrisvelgersdyk/Desktop/carbon-coverall/carbon-coverall-poc/node_modules/jest-circus/build/utils.js:333:28)
    at new Promise (&lt;anonymous&gt;)
    at callAsyncCircusFn (/Users/chrisvelgersdyk/Desktop/carbon-coverall/carbon-coverall-poc/node_modules/jest-circus/build/utils.js:259:10)
    at _callCircusTest (/Users/chrisvelgersdyk/Desktop/carbon-coverall/carbon-coverall-poc/node_modules/jest-circus/build/run.js:276:40)
    at processTicksAndRejections (node:internal/process/task_queues:95:5)
    at _runTest (/Users/chrisvelgersdyk/Desktop/carbon-coverall/carbon-coverall-poc/node_modules/jest-circus/build/run.js:208:3)
    at _runTestsForDescribeBlock (/Users/chrisvelgersdyk/Desktop/carbon-coverall/carbon-coverall-poc/node_modules/jest-circus/build/run.js:96:9)
    at _runTestsForDescribeBlock (/Users/chrisvelgersdyk/Desktop/carbon-coverall/carbon-coverall-poc/node_modules/jest-circus/build/run.js:90:9)</failure>
    </testcase>
    <testcase classname="@carbon/react/scss scss/components/tile should be importable" name="@carbon/react/scss scss/components/tile should be importable" time="0.017">
      <failure>Error: expect(received).resolves.toBeDefined()

Received promise rejected instead of resolved
Rejected to value: [Error: Can&apos;t find stylesheet to import.
  ╷
8 │ @forward &apos;generated/themes&apos;;
  │ ^^^^^^^^^^^^^^^^^^^^^^^^^^^
  ╵
  node_modules/@carbon/themes/scss/_themes.scss 8:1                      @forward
  node_modules/@carbon/styles/scss/_themes.scss 9:1                      @use
  node_modules/@carbon/styles/scss/components/button/_tokens.scss 10:1   @use
  node_modules/@carbon/styles/scss/components/tile/_tile.scss 8:1        @forward
  node_modules/@carbon/styles/scss/components/tile/_index.scss 8:1       @forward
  packages/carbon-components-react/scss/components/tile/_index.scss 9:1  @use
  stdin 2:1                                                              root stylesheet]
    at expect (/Users/chrisvelgersdyk/Desktop/carbon-coverall/carbon-coverall-poc/node_modules/expect/build/index.js:128:15)
    at Object.expect (/Users/chrisvelgersdyk/Desktop/carbon-coverall/carbon-coverall-poc/packages/carbon-components-react/__tests__/scss-test.js:24:13)
    at Promise.then.completed (/Users/chrisvelgersdyk/Desktop/carbon-coverall/carbon-coverall-poc/node_modules/jest-circus/build/utils.js:333:28)
    at new Promise (&lt;anonymous&gt;)
    at callAsyncCircusFn (/Users/chrisvelgersdyk/Desktop/carbon-coverall/carbon-coverall-poc/node_modules/jest-circus/build/utils.js:259:10)
    at _callCircusTest (/Users/chrisvelgersdyk/Desktop/carbon-coverall/carbon-coverall-poc/node_modules/jest-circus/build/run.js:276:40)
    at processTicksAndRejections (node:internal/process/task_queues:95:5)
    at _runTest (/Users/chrisvelgersdyk/Desktop/carbon-coverall/carbon-coverall-poc/node_modules/jest-circus/build/run.js:208:3)
    at _runTestsForDescribeBlock (/Users/chrisvelgersdyk/Desktop/carbon-coverall/carbon-coverall-poc/node_modules/jest-circus/build/run.js:96:9)
    at _runTestsForDescribeBlock (/Users/chrisvelgersdyk/Desktop/carbon-coverall/carbon-coverall-poc/node_modules/jest-circus/build/run.js:90:9)</failure>
    </testcase>
    <testcase classname="@carbon/react/scss scss/components/tile/tile should be importable" name="@carbon/react/scss scss/components/tile/tile should be importable" time="0.011">
      <failure>Error: expect(received).resolves.toBeDefined()

Received promise rejected instead of resolved
Rejected to value: [Error: Can&apos;t find stylesheet to import.
  ╷
8 │ @forward &apos;generated/themes&apos;;
  │ ^^^^^^^^^^^^^^^^^^^^^^^^^^^
  ╵
  node_modules/@carbon/themes/scss/_themes.scss 8:1                     @forward
  node_modules/@carbon/styles/scss/_themes.scss 9:1                     @use
  node_modules/@carbon/styles/scss/components/button/_tokens.scss 10:1  @use
  node_modules/@carbon/styles/scss/components/tile/_tile.scss 8:1       @forward
  packages/carbon-components-react/scss/components/tile/_tile.scss 9:1  @use
  stdin 2:1                                                             root stylesheet]
    at expect (/Users/chrisvelgersdyk/Desktop/carbon-coverall/carbon-coverall-poc/node_modules/expect/build/index.js:128:15)
    at Object.expect (/Users/chrisvelgersdyk/Desktop/carbon-coverall/carbon-coverall-poc/packages/carbon-components-react/__tests__/scss-test.js:24:13)
    at Promise.then.completed (/Users/chrisvelgersdyk/Desktop/carbon-coverall/carbon-coverall-poc/node_modules/jest-circus/build/utils.js:333:28)
    at new Promise (&lt;anonymous&gt;)
    at callAsyncCircusFn (/Users/chrisvelgersdyk/Desktop/carbon-coverall/carbon-coverall-poc/node_modules/jest-circus/build/utils.js:259:10)
    at _callCircusTest (/Users/chrisvelgersdyk/Desktop/carbon-coverall/carbon-coverall-poc/node_modules/jest-circus/build/run.js:276:40)
    at processTicksAndRejections (node:internal/process/task_queues:95:5)
    at _runTest (/Users/chrisvelgersdyk/Desktop/carbon-coverall/carbon-coverall-poc/node_modules/jest-circus/build/run.js:208:3)
    at _runTestsForDescribeBlock (/Users/chrisvelgersdyk/Desktop/carbon-coverall/carbon-coverall-poc/node_modules/jest-circus/build/run.js:96:9)
    at _runTestsForDescribeBlock (/Users/chrisvelgersdyk/Desktop/carbon-coverall/carbon-coverall-poc/node_modules/jest-circus/build/run.js:90:9)</failure>
    </testcase>
    <testcase classname="@carbon/react/scss scss/components/time-picker should be importable" name="@carbon/react/scss scss/components/time-picker should be importable" time="0.042">
      <failure>Error: expect(received).resolves.toBeDefined()

Received promise rejected instead of resolved
Rejected to value: [Error: Can&apos;t find stylesheet to import.
  ╷
8 │ @forward &apos;./generated/fluid-spacing&apos;;
  │ ^^^^^^^^^^^^^^^^^^^^^^^^^^^^^^^^^^^^
  ╵
  node_modules/@carbon/layout/scss/_spacing.scss 8:1                             @forward
  node_modules/@carbon/styles/scss/_spacing.scss 8:1                             @use
  node_modules/@carbon/styles/scss/components/form/_form.scss 9:1                @forward
  node_modules/@carbon/styles/scss/components/form/_index.scss 8:1               @use
  node_modules/@carbon/styles/scss/components/text-input/_text-input.scss 11:1   @forward
  node_modules/@carbon/styles/scss/components/text-input/_index.scss 8:1         @use
  node_modules/@carbon/styles/scss/components/time-picker/_time-picker.scss 8:1  @forward
  node_modules/@carbon/styles/scss/components/time-picker/_index.scss 8:1        @forward
  packages/carbon-components-react/scss/components/time-picker/_index.scss 9:1   @use
  stdin 2:1                                                                      root stylesheet]
    at expect (/Users/chrisvelgersdyk/Desktop/carbon-coverall/carbon-coverall-poc/node_modules/expect/build/index.js:128:15)
    at Object.expect (/Users/chrisvelgersdyk/Desktop/carbon-coverall/carbon-coverall-poc/packages/carbon-components-react/__tests__/scss-test.js:24:13)
    at Promise.then.completed (/Users/chrisvelgersdyk/Desktop/carbon-coverall/carbon-coverall-poc/node_modules/jest-circus/build/utils.js:333:28)
    at new Promise (&lt;anonymous&gt;)
    at callAsyncCircusFn (/Users/chrisvelgersdyk/Desktop/carbon-coverall/carbon-coverall-poc/node_modules/jest-circus/build/utils.js:259:10)
    at _callCircusTest (/Users/chrisvelgersdyk/Desktop/carbon-coverall/carbon-coverall-poc/node_modules/jest-circus/build/run.js:276:40)
    at processTicksAndRejections (node:internal/process/task_queues:95:5)
    at _runTest (/Users/chrisvelgersdyk/Desktop/carbon-coverall/carbon-coverall-poc/node_modules/jest-circus/build/run.js:208:3)
    at _runTestsForDescribeBlock (/Users/chrisvelgersdyk/Desktop/carbon-coverall/carbon-coverall-poc/node_modules/jest-circus/build/run.js:96:9)
    at _runTestsForDescribeBlock (/Users/chrisvelgersdyk/Desktop/carbon-coverall/carbon-coverall-poc/node_modules/jest-circus/build/run.js:90:9)</failure>
    </testcase>
    <testcase classname="@carbon/react/scss scss/components/time-picker/time-picker should be importable" name="@carbon/react/scss scss/components/time-picker/time-picker should be importable" time="0.049">
      <failure>Error: expect(received).resolves.toBeDefined()

Received promise rejected instead of resolved
Rejected to value: [Error: Can&apos;t find stylesheet to import.
  ╷
8 │ @forward &apos;./generated/fluid-spacing&apos;;
  │ ^^^^^^^^^^^^^^^^^^^^^^^^^^^^^^^^^^^^
  ╵
  node_modules/@carbon/layout/scss/_spacing.scss 8:1                                  @forward
  node_modules/@carbon/styles/scss/_spacing.scss 8:1                                  @use
  node_modules/@carbon/styles/scss/components/form/_form.scss 9:1                     @forward
  node_modules/@carbon/styles/scss/components/form/_index.scss 8:1                    @use
  node_modules/@carbon/styles/scss/components/text-input/_text-input.scss 11:1        @forward
  node_modules/@carbon/styles/scss/components/text-input/_index.scss 8:1              @use
  node_modules/@carbon/styles/scss/components/time-picker/_time-picker.scss 8:1       @forward
  packages/carbon-components-react/scss/components/time-picker/_time-picker.scss 9:1  @use
  stdin 2:1                                                                           root stylesheet]
    at expect (/Users/chrisvelgersdyk/Desktop/carbon-coverall/carbon-coverall-poc/node_modules/expect/build/index.js:128:15)
    at Object.expect (/Users/chrisvelgersdyk/Desktop/carbon-coverall/carbon-coverall-poc/packages/carbon-components-react/__tests__/scss-test.js:24:13)
    at Promise.then.completed (/Users/chrisvelgersdyk/Desktop/carbon-coverall/carbon-coverall-poc/node_modules/jest-circus/build/utils.js:333:28)
    at new Promise (&lt;anonymous&gt;)
    at callAsyncCircusFn (/Users/chrisvelgersdyk/Desktop/carbon-coverall/carbon-coverall-poc/node_modules/jest-circus/build/utils.js:259:10)
    at _callCircusTest (/Users/chrisvelgersdyk/Desktop/carbon-coverall/carbon-coverall-poc/node_modules/jest-circus/build/run.js:276:40)
    at processTicksAndRejections (node:internal/process/task_queues:95:5)
    at _runTest (/Users/chrisvelgersdyk/Desktop/carbon-coverall/carbon-coverall-poc/node_modules/jest-circus/build/run.js:208:3)
    at _runTestsForDescribeBlock (/Users/chrisvelgersdyk/Desktop/carbon-coverall/carbon-coverall-poc/node_modules/jest-circus/build/run.js:96:9)
    at _runTestsForDescribeBlock (/Users/chrisvelgersdyk/Desktop/carbon-coverall/carbon-coverall-poc/node_modules/jest-circus/build/run.js:90:9)</failure>
    </testcase>
    <testcase classname="@carbon/react/scss scss/components/toggle should be importable" name="@carbon/react/scss scss/components/toggle should be importable" time="0.019">
      <failure>Error: expect(received).resolves.toBeDefined()

Received promise rejected instead of resolved
Rejected to value: [Error: Can&apos;t find stylesheet to import.
  ╷
8 │ @forward &apos;./generated/fluid-spacing&apos;;
  │ ^^^^^^^^^^^^^^^^^^^^^^^^^^^^^^^^^^^^
  ╵
  node_modules/@carbon/layout/scss/_spacing.scss 8:1                       @forward
  node_modules/@carbon/styles/scss/_spacing.scss 8:1                       @use
  node_modules/@carbon/styles/scss/components/toggle/_toggle.scss 10:1     @forward
  node_modules/@carbon/styles/scss/components/toggle/_index.scss 8:1       @forward
  packages/carbon-components-react/scss/components/toggle/_index.scss 9:1  @use
  stdin 2:1                                                                root stylesheet]
    at expect (/Users/chrisvelgersdyk/Desktop/carbon-coverall/carbon-coverall-poc/node_modules/expect/build/index.js:128:15)
    at Object.expect (/Users/chrisvelgersdyk/Desktop/carbon-coverall/carbon-coverall-poc/packages/carbon-components-react/__tests__/scss-test.js:24:13)
    at Promise.then.completed (/Users/chrisvelgersdyk/Desktop/carbon-coverall/carbon-coverall-poc/node_modules/jest-circus/build/utils.js:333:28)
    at new Promise (&lt;anonymous&gt;)
    at callAsyncCircusFn (/Users/chrisvelgersdyk/Desktop/carbon-coverall/carbon-coverall-poc/node_modules/jest-circus/build/utils.js:259:10)
    at _callCircusTest (/Users/chrisvelgersdyk/Desktop/carbon-coverall/carbon-coverall-poc/node_modules/jest-circus/build/run.js:276:40)
    at processTicksAndRejections (node:internal/process/task_queues:95:5)
    at _runTest (/Users/chrisvelgersdyk/Desktop/carbon-coverall/carbon-coverall-poc/node_modules/jest-circus/build/run.js:208:3)
    at _runTestsForDescribeBlock (/Users/chrisvelgersdyk/Desktop/carbon-coverall/carbon-coverall-poc/node_modules/jest-circus/build/run.js:96:9)
    at _runTestsForDescribeBlock (/Users/chrisvelgersdyk/Desktop/carbon-coverall/carbon-coverall-poc/node_modules/jest-circus/build/run.js:90:9)</failure>
    </testcase>
    <testcase classname="@carbon/react/scss scss/components/toggle/toggle should be importable" name="@carbon/react/scss scss/components/toggle/toggle should be importable" time="0.007">
      <failure>Error: expect(received).resolves.toBeDefined()

Received promise rejected instead of resolved
Rejected to value: [Error: Can&apos;t find stylesheet to import.
  ╷
8 │ @forward &apos;./generated/fluid-spacing&apos;;
  │ ^^^^^^^^^^^^^^^^^^^^^^^^^^^^^^^^^^^^
  ╵
  node_modules/@carbon/layout/scss/_spacing.scss 8:1                        @forward
  node_modules/@carbon/styles/scss/_spacing.scss 8:1                        @use
  node_modules/@carbon/styles/scss/components/toggle/_toggle.scss 10:1      @forward
  packages/carbon-components-react/scss/components/toggle/_toggle.scss 9:1  @use
  stdin 2:1                                                                 root stylesheet]
    at expect (/Users/chrisvelgersdyk/Desktop/carbon-coverall/carbon-coverall-poc/node_modules/expect/build/index.js:128:15)
    at Object.expect (/Users/chrisvelgersdyk/Desktop/carbon-coverall/carbon-coverall-poc/packages/carbon-components-react/__tests__/scss-test.js:24:13)
    at Promise.then.completed (/Users/chrisvelgersdyk/Desktop/carbon-coverall/carbon-coverall-poc/node_modules/jest-circus/build/utils.js:333:28)
    at new Promise (&lt;anonymous&gt;)
    at callAsyncCircusFn (/Users/chrisvelgersdyk/Desktop/carbon-coverall/carbon-coverall-poc/node_modules/jest-circus/build/utils.js:259:10)
    at _callCircusTest (/Users/chrisvelgersdyk/Desktop/carbon-coverall/carbon-coverall-poc/node_modules/jest-circus/build/run.js:276:40)
    at processTicksAndRejections (node:internal/process/task_queues:95:5)
    at _runTest (/Users/chrisvelgersdyk/Desktop/carbon-coverall/carbon-coverall-poc/node_modules/jest-circus/build/run.js:208:3)
    at _runTestsForDescribeBlock (/Users/chrisvelgersdyk/Desktop/carbon-coverall/carbon-coverall-poc/node_modules/jest-circus/build/run.js:96:9)
    at _runTestsForDescribeBlock (/Users/chrisvelgersdyk/Desktop/carbon-coverall/carbon-coverall-poc/node_modules/jest-circus/build/run.js:90:9)</failure>
    </testcase>
    <testcase classname="@carbon/react/scss scss/components/toggletip should be importable" name="@carbon/react/scss scss/components/toggletip should be importable" time="0.003">
      <failure>Error: expect(received).resolves.toBeDefined()

Received promise rejected instead of resolved
Rejected to value: [Error: Can&apos;t find stylesheet to import.
  ╷
8 │ @forward &apos;./generated/fluid-spacing&apos;;
  │ ^^^^^^^^^^^^^^^^^^^^^^^^^^^^^^^^^^^^
  ╵
  node_modules/@carbon/layout/scss/_spacing.scss 8:1                          @forward
  node_modules/@carbon/styles/scss/_spacing.scss 8:1                          @use
  node_modules/@carbon/styles/scss/components/button/_vars.scss 8:1           @forward
  node_modules/@carbon/styles/scss/components/button/_index.scss 8:1          @use
  node_modules/@carbon/styles/scss/components/toggletip/_toggletip.scss 8:1   @forward
  node_modules/@carbon/styles/scss/components/toggletip/_index.scss 8:1       @forward
  packages/carbon-components-react/scss/components/toggletip/_index.scss 9:1  @use
  stdin 2:1                                                                   root stylesheet]
    at expect (/Users/chrisvelgersdyk/Desktop/carbon-coverall/carbon-coverall-poc/node_modules/expect/build/index.js:128:15)
    at Object.expect (/Users/chrisvelgersdyk/Desktop/carbon-coverall/carbon-coverall-poc/packages/carbon-components-react/__tests__/scss-test.js:24:13)
    at Promise.then.completed (/Users/chrisvelgersdyk/Desktop/carbon-coverall/carbon-coverall-poc/node_modules/jest-circus/build/utils.js:333:28)
    at new Promise (&lt;anonymous&gt;)
    at callAsyncCircusFn (/Users/chrisvelgersdyk/Desktop/carbon-coverall/carbon-coverall-poc/node_modules/jest-circus/build/utils.js:259:10)
    at _callCircusTest (/Users/chrisvelgersdyk/Desktop/carbon-coverall/carbon-coverall-poc/node_modules/jest-circus/build/run.js:276:40)
    at processTicksAndRejections (node:internal/process/task_queues:95:5)
    at _runTest (/Users/chrisvelgersdyk/Desktop/carbon-coverall/carbon-coverall-poc/node_modules/jest-circus/build/run.js:208:3)
    at _runTestsForDescribeBlock (/Users/chrisvelgersdyk/Desktop/carbon-coverall/carbon-coverall-poc/node_modules/jest-circus/build/run.js:96:9)
    at _runTestsForDescribeBlock (/Users/chrisvelgersdyk/Desktop/carbon-coverall/carbon-coverall-poc/node_modules/jest-circus/build/run.js:90:9)</failure>
    </testcase>
    <testcase classname="@carbon/react/scss scss/components/toggletip/toggletip should be importable" name="@carbon/react/scss scss/components/toggletip/toggletip should be importable" time="0.004">
      <failure>Error: expect(received).resolves.toBeDefined()

Received promise rejected instead of resolved
Rejected to value: [Error: Can&apos;t find stylesheet to import.
  ╷
8 │ @forward &apos;./generated/fluid-spacing&apos;;
  │ ^^^^^^^^^^^^^^^^^^^^^^^^^^^^^^^^^^^^
  ╵
  node_modules/@carbon/layout/scss/_spacing.scss 8:1                              @forward
  node_modules/@carbon/styles/scss/_spacing.scss 8:1                              @use
  node_modules/@carbon/styles/scss/components/button/_vars.scss 8:1               @forward
  node_modules/@carbon/styles/scss/components/button/_index.scss 8:1              @use
  node_modules/@carbon/styles/scss/components/toggletip/_toggletip.scss 8:1       @forward
  packages/carbon-components-react/scss/components/toggletip/_toggletip.scss 9:1  @use
  stdin 2:1                                                                       root stylesheet]
    at expect (/Users/chrisvelgersdyk/Desktop/carbon-coverall/carbon-coverall-poc/node_modules/expect/build/index.js:128:15)
    at Object.expect (/Users/chrisvelgersdyk/Desktop/carbon-coverall/carbon-coverall-poc/packages/carbon-components-react/__tests__/scss-test.js:24:13)
    at Promise.then.completed (/Users/chrisvelgersdyk/Desktop/carbon-coverall/carbon-coverall-poc/node_modules/jest-circus/build/utils.js:333:28)
    at new Promise (&lt;anonymous&gt;)
    at callAsyncCircusFn (/Users/chrisvelgersdyk/Desktop/carbon-coverall/carbon-coverall-poc/node_modules/jest-circus/build/utils.js:259:10)
    at _callCircusTest (/Users/chrisvelgersdyk/Desktop/carbon-coverall/carbon-coverall-poc/node_modules/jest-circus/build/run.js:276:40)
    at processTicksAndRejections (node:internal/process/task_queues:95:5)
    at _runTest (/Users/chrisvelgersdyk/Desktop/carbon-coverall/carbon-coverall-poc/node_modules/jest-circus/build/run.js:208:3)
    at _runTestsForDescribeBlock (/Users/chrisvelgersdyk/Desktop/carbon-coverall/carbon-coverall-poc/node_modules/jest-circus/build/run.js:96:9)
    at _runTestsForDescribeBlock (/Users/chrisvelgersdyk/Desktop/carbon-coverall/carbon-coverall-poc/node_modules/jest-circus/build/run.js:90:9)</failure>
    </testcase>
    <testcase classname="@carbon/react/scss scss/components/tooltip should be importable" name="@carbon/react/scss scss/components/tooltip should be importable" time="0.051">
      <failure>Error: expect(received).resolves.toBeDefined()

Received promise rejected instead of resolved
Rejected to value: [Error: Can&apos;t find stylesheet to import.
  ╷
8 │ @forward &apos;generated/themes&apos;;
  │ ^^^^^^^^^^^^^^^^^^^^^^^^^^^
  ╵
  node_modules/@carbon/themes/scss/compat/_themes.scss 8:1                  @use
  node_modules/@carbon/styles/scss/compat/_themes.scss 9:1                  @use
  node_modules/@carbon/styles/scss/theme/_theme.scss 12:1                   @use
  node_modules/@carbon/styles/scss/layer/_layer-sets.scss 9:1               @forward
  node_modules/@carbon/styles/scss/_layer.scss 8:1                          @use
  node_modules/@carbon/styles/scss/components/popover/_popover.scss 9:1     @forward
  node_modules/@carbon/styles/scss/components/popover/_index.scss 8:1       @use
  node_modules/@carbon/styles/scss/components/tooltip/_tooltip.scss 8:1     @forward
  node_modules/@carbon/styles/scss/components/tooltip/_index.scss 8:1       @forward
  packages/carbon-components-react/scss/components/tooltip/_index.scss 9:1  @use
  stdin 2:1                                                                 root stylesheet]
    at expect (/Users/chrisvelgersdyk/Desktop/carbon-coverall/carbon-coverall-poc/node_modules/expect/build/index.js:128:15)
    at Object.expect (/Users/chrisvelgersdyk/Desktop/carbon-coverall/carbon-coverall-poc/packages/carbon-components-react/__tests__/scss-test.js:24:13)
    at Promise.then.completed (/Users/chrisvelgersdyk/Desktop/carbon-coverall/carbon-coverall-poc/node_modules/jest-circus/build/utils.js:333:28)
    at new Promise (&lt;anonymous&gt;)
    at callAsyncCircusFn (/Users/chrisvelgersdyk/Desktop/carbon-coverall/carbon-coverall-poc/node_modules/jest-circus/build/utils.js:259:10)
    at _callCircusTest (/Users/chrisvelgersdyk/Desktop/carbon-coverall/carbon-coverall-poc/node_modules/jest-circus/build/run.js:276:40)
    at processTicksAndRejections (node:internal/process/task_queues:95:5)
    at _runTest (/Users/chrisvelgersdyk/Desktop/carbon-coverall/carbon-coverall-poc/node_modules/jest-circus/build/run.js:208:3)
    at _runTestsForDescribeBlock (/Users/chrisvelgersdyk/Desktop/carbon-coverall/carbon-coverall-poc/node_modules/jest-circus/build/run.js:96:9)
    at _runTestsForDescribeBlock (/Users/chrisvelgersdyk/Desktop/carbon-coverall/carbon-coverall-poc/node_modules/jest-circus/build/run.js:90:9)</failure>
    </testcase>
    <testcase classname="@carbon/react/scss scss/components/tooltip/tooltip should be importable" name="@carbon/react/scss scss/components/tooltip/tooltip should be importable" time="0.018">
      <failure>Error: expect(received).resolves.toBeDefined()

Received promise rejected instead of resolved
Rejected to value: [Error: Can&apos;t find stylesheet to import.
  ╷
8 │ @forward &apos;generated/themes&apos;;
  │ ^^^^^^^^^^^^^^^^^^^^^^^^^^^
  ╵
  node_modules/@carbon/themes/scss/compat/_themes.scss 8:1                    @use
  node_modules/@carbon/styles/scss/compat/_themes.scss 9:1                    @use
  node_modules/@carbon/styles/scss/theme/_theme.scss 12:1                     @use
  node_modules/@carbon/styles/scss/layer/_layer-sets.scss 9:1                 @forward
  node_modules/@carbon/styles/scss/_layer.scss 8:1                            @use
  node_modules/@carbon/styles/scss/components/popover/_popover.scss 9:1       @forward
  node_modules/@carbon/styles/scss/components/popover/_index.scss 8:1         @use
  node_modules/@carbon/styles/scss/components/tooltip/_tooltip.scss 8:1       @forward
  packages/carbon-components-react/scss/components/tooltip/_tooltip.scss 9:1  @use
  stdin 2:1                                                                   root stylesheet]
    at expect (/Users/chrisvelgersdyk/Desktop/carbon-coverall/carbon-coverall-poc/node_modules/expect/build/index.js:128:15)
    at Object.expect (/Users/chrisvelgersdyk/Desktop/carbon-coverall/carbon-coverall-poc/packages/carbon-components-react/__tests__/scss-test.js:24:13)
    at Promise.then.completed (/Users/chrisvelgersdyk/Desktop/carbon-coverall/carbon-coverall-poc/node_modules/jest-circus/build/utils.js:333:28)
    at new Promise (&lt;anonymous&gt;)
    at callAsyncCircusFn (/Users/chrisvelgersdyk/Desktop/carbon-coverall/carbon-coverall-poc/node_modules/jest-circus/build/utils.js:259:10)
    at _callCircusTest (/Users/chrisvelgersdyk/Desktop/carbon-coverall/carbon-coverall-poc/node_modules/jest-circus/build/run.js:276:40)
    at processTicksAndRejections (node:internal/process/task_queues:95:5)
    at _runTest (/Users/chrisvelgersdyk/Desktop/carbon-coverall/carbon-coverall-poc/node_modules/jest-circus/build/run.js:208:3)
    at _runTestsForDescribeBlock (/Users/chrisvelgersdyk/Desktop/carbon-coverall/carbon-coverall-poc/node_modules/jest-circus/build/run.js:96:9)
    at _runTestsForDescribeBlock (/Users/chrisvelgersdyk/Desktop/carbon-coverall/carbon-coverall-poc/node_modules/jest-circus/build/run.js:90:9)</failure>
    </testcase>
    <testcase classname="@carbon/react/scss scss/components/treeview should be importable" name="@carbon/react/scss scss/components/treeview should be importable" time="0.008">
      <failure>Error: expect(received).resolves.toBeDefined()

Received promise rejected instead of resolved
Rejected to value: [Error: Can&apos;t find stylesheet to import.
  ╷
8 │ @forward &apos;./generated/fluid-spacing&apos;;
  │ ^^^^^^^^^^^^^^^^^^^^^^^^^^^^^^^^^^^^
  ╵
  node_modules/@carbon/layout/scss/_spacing.scss 8:1                         @forward
  node_modules/@carbon/styles/scss/_spacing.scss 8:1                         @use
  node_modules/@carbon/styles/scss/components/form/_form.scss 9:1            @forward
  node_modules/@carbon/styles/scss/components/form/_index.scss 8:1           @use
  node_modules/@carbon/styles/scss/components/treeview/_treeview.scss 8:1    @forward
  node_modules/@carbon/styles/scss/components/treeview/_index.scss 8:1       @forward
  packages/carbon-components-react/scss/components/treeview/_index.scss 9:1  @use
  stdin 2:1                                                                  root stylesheet]
    at expect (/Users/chrisvelgersdyk/Desktop/carbon-coverall/carbon-coverall-poc/node_modules/expect/build/index.js:128:15)
    at Object.expect (/Users/chrisvelgersdyk/Desktop/carbon-coverall/carbon-coverall-poc/packages/carbon-components-react/__tests__/scss-test.js:24:13)
    at Promise.then.completed (/Users/chrisvelgersdyk/Desktop/carbon-coverall/carbon-coverall-poc/node_modules/jest-circus/build/utils.js:333:28)
    at new Promise (&lt;anonymous&gt;)
    at callAsyncCircusFn (/Users/chrisvelgersdyk/Desktop/carbon-coverall/carbon-coverall-poc/node_modules/jest-circus/build/utils.js:259:10)
    at _callCircusTest (/Users/chrisvelgersdyk/Desktop/carbon-coverall/carbon-coverall-poc/node_modules/jest-circus/build/run.js:276:40)
    at processTicksAndRejections (node:internal/process/task_queues:95:5)
    at _runTest (/Users/chrisvelgersdyk/Desktop/carbon-coverall/carbon-coverall-poc/node_modules/jest-circus/build/run.js:208:3)
    at _runTestsForDescribeBlock (/Users/chrisvelgersdyk/Desktop/carbon-coverall/carbon-coverall-poc/node_modules/jest-circus/build/run.js:96:9)
    at _runTestsForDescribeBlock (/Users/chrisvelgersdyk/Desktop/carbon-coverall/carbon-coverall-poc/node_modules/jest-circus/build/run.js:90:9)</failure>
    </testcase>
    <testcase classname="@carbon/react/scss scss/components/treeview/treeview should be importable" name="@carbon/react/scss scss/components/treeview/treeview should be importable" time="0.006">
      <failure>Error: expect(received).resolves.toBeDefined()

Received promise rejected instead of resolved
Rejected to value: [Error: Can&apos;t find stylesheet to import.
  ╷
8 │ @forward &apos;./generated/fluid-spacing&apos;;
  │ ^^^^^^^^^^^^^^^^^^^^^^^^^^^^^^^^^^^^
  ╵
  node_modules/@carbon/layout/scss/_spacing.scss 8:1                            @forward
  node_modules/@carbon/styles/scss/_spacing.scss 8:1                            @use
  node_modules/@carbon/styles/scss/components/form/_form.scss 9:1               @forward
  node_modules/@carbon/styles/scss/components/form/_index.scss 8:1              @use
  node_modules/@carbon/styles/scss/components/treeview/_treeview.scss 8:1       @forward
  packages/carbon-components-react/scss/components/treeview/_treeview.scss 9:1  @use
  stdin 2:1                                                                     root stylesheet]
    at expect (/Users/chrisvelgersdyk/Desktop/carbon-coverall/carbon-coverall-poc/node_modules/expect/build/index.js:128:15)
    at Object.expect (/Users/chrisvelgersdyk/Desktop/carbon-coverall/carbon-coverall-poc/packages/carbon-components-react/__tests__/scss-test.js:24:13)
    at Promise.then.completed (/Users/chrisvelgersdyk/Desktop/carbon-coverall/carbon-coverall-poc/node_modules/jest-circus/build/utils.js:333:28)
    at new Promise (&lt;anonymous&gt;)
    at callAsyncCircusFn (/Users/chrisvelgersdyk/Desktop/carbon-coverall/carbon-coverall-poc/node_modules/jest-circus/build/utils.js:259:10)
    at _callCircusTest (/Users/chrisvelgersdyk/Desktop/carbon-coverall/carbon-coverall-poc/node_modules/jest-circus/build/run.js:276:40)
    at processTicksAndRejections (node:internal/process/task_queues:95:5)
    at _runTest (/Users/chrisvelgersdyk/Desktop/carbon-coverall/carbon-coverall-poc/node_modules/jest-circus/build/run.js:208:3)
    at _runTestsForDescribeBlock (/Users/chrisvelgersdyk/Desktop/carbon-coverall/carbon-coverall-poc/node_modules/jest-circus/build/run.js:96:9)
    at _runTestsForDescribeBlock (/Users/chrisvelgersdyk/Desktop/carbon-coverall/carbon-coverall-poc/node_modules/jest-circus/build/run.js:90:9)</failure>
    </testcase>
    <testcase classname="@carbon/react/scss scss/components/ui-shell should be importable" name="@carbon/react/scss scss/components/ui-shell should be importable" time="0.047">
      <failure>Error: expect(received).resolves.toBeDefined()

Received promise rejected instead of resolved
Rejected to value: [Error: Can&apos;t find stylesheet to import.
  ╷
8 │ @forward &apos;generated/themes&apos;;
  │ ^^^^^^^^^^^^^^^^^^^^^^^^^^^
  ╵
  node_modules/@carbon/themes/scss/compat/_themes.scss 8:1                         @use
  node_modules/@carbon/styles/scss/compat/_themes.scss 9:1                         @use
  node_modules/@carbon/styles/scss/theme/_theme.scss 12:1                          @forward
  node_modules/@carbon/styles/scss/_theme.scss 8:1                                 @use
  node_modules/@carbon/styles/scss/components/ui-shell/content/_content.scss 10:1  @forward
  node_modules/@carbon/styles/scss/components/ui-shell/content/_index.scss 8:1     @use
  node_modules/@carbon/styles/scss/components/ui-shell/_ui-shell.scss 8:1          @forward
  node_modules/@carbon/styles/scss/components/ui-shell/_index.scss 8:1             @forward
  packages/carbon-components-react/scss/components/ui-shell/_index.scss 9:1        @use
  stdin 2:1                                                                        root stylesheet]
    at expect (/Users/chrisvelgersdyk/Desktop/carbon-coverall/carbon-coverall-poc/node_modules/expect/build/index.js:128:15)
    at Object.expect (/Users/chrisvelgersdyk/Desktop/carbon-coverall/carbon-coverall-poc/packages/carbon-components-react/__tests__/scss-test.js:24:13)
    at Promise.then.completed (/Users/chrisvelgersdyk/Desktop/carbon-coverall/carbon-coverall-poc/node_modules/jest-circus/build/utils.js:333:28)
    at new Promise (&lt;anonymous&gt;)
    at callAsyncCircusFn (/Users/chrisvelgersdyk/Desktop/carbon-coverall/carbon-coverall-poc/node_modules/jest-circus/build/utils.js:259:10)
    at _callCircusTest (/Users/chrisvelgersdyk/Desktop/carbon-coverall/carbon-coverall-poc/node_modules/jest-circus/build/run.js:276:40)
    at processTicksAndRejections (node:internal/process/task_queues:95:5)
    at _runTest (/Users/chrisvelgersdyk/Desktop/carbon-coverall/carbon-coverall-poc/node_modules/jest-circus/build/run.js:208:3)
    at _runTestsForDescribeBlock (/Users/chrisvelgersdyk/Desktop/carbon-coverall/carbon-coverall-poc/node_modules/jest-circus/build/run.js:96:9)
    at _runTestsForDescribeBlock (/Users/chrisvelgersdyk/Desktop/carbon-coverall/carbon-coverall-poc/node_modules/jest-circus/build/run.js:90:9)</failure>
    </testcase>
    <testcase classname="@carbon/react/scss scss/components/ui-shell/ui-shell should be importable" name="@carbon/react/scss scss/components/ui-shell/ui-shell should be importable" time="0.011">
      <failure>Error: expect(received).resolves.toBeDefined()

Received promise rejected instead of resolved
Rejected to value: [Error: Can&apos;t find stylesheet to import.
  ╷
8 │ @forward &apos;generated/themes&apos;;
  │ ^^^^^^^^^^^^^^^^^^^^^^^^^^^
  ╵
  node_modules/@carbon/themes/scss/compat/_themes.scss 8:1                         @use
  node_modules/@carbon/styles/scss/compat/_themes.scss 9:1                         @use
  node_modules/@carbon/styles/scss/theme/_theme.scss 12:1                          @forward
  node_modules/@carbon/styles/scss/_theme.scss 8:1                                 @use
  node_modules/@carbon/styles/scss/components/ui-shell/content/_content.scss 10:1  @forward
  node_modules/@carbon/styles/scss/components/ui-shell/content/_index.scss 8:1     @use
  node_modules/@carbon/styles/scss/components/ui-shell/_ui-shell.scss 8:1          @forward
  packages/carbon-components-react/scss/components/ui-shell/_ui-shell.scss 9:1     @use
  stdin 2:1                                                                        root stylesheet]
    at expect (/Users/chrisvelgersdyk/Desktop/carbon-coverall/carbon-coverall-poc/node_modules/expect/build/index.js:128:15)
    at Object.expect (/Users/chrisvelgersdyk/Desktop/carbon-coverall/carbon-coverall-poc/packages/carbon-components-react/__tests__/scss-test.js:24:13)
    at Promise.then.completed (/Users/chrisvelgersdyk/Desktop/carbon-coverall/carbon-coverall-poc/node_modules/jest-circus/build/utils.js:333:28)
    at new Promise (&lt;anonymous&gt;)
    at callAsyncCircusFn (/Users/chrisvelgersdyk/Desktop/carbon-coverall/carbon-coverall-poc/node_modules/jest-circus/build/utils.js:259:10)
    at _callCircusTest (/Users/chrisvelgersdyk/Desktop/carbon-coverall/carbon-coverall-poc/node_modules/jest-circus/build/run.js:276:40)
    at processTicksAndRejections (node:internal/process/task_queues:95:5)
    at _runTest (/Users/chrisvelgersdyk/Desktop/carbon-coverall/carbon-coverall-poc/node_modules/jest-circus/build/run.js:208:3)
    at _runTestsForDescribeBlock (/Users/chrisvelgersdyk/Desktop/carbon-coverall/carbon-coverall-poc/node_modules/jest-circus/build/run.js:96:9)
    at _runTestsForDescribeBlock (/Users/chrisvelgersdyk/Desktop/carbon-coverall/carbon-coverall-poc/node_modules/jest-circus/build/run.js:90:9)</failure>
    </testcase>
    <testcase classname="@carbon/react/scss scss/components/ui-shell/content/content should be importable" name="@carbon/react/scss scss/components/ui-shell/content/content should be importable" time="0.006">
      <failure>Error: expect(received).resolves.toBeDefined()

Received promise rejected instead of resolved
Rejected to value: [Error: Can&apos;t find stylesheet to import.
  ╷
8 │ @forward &apos;generated/themes&apos;;
  │ ^^^^^^^^^^^^^^^^^^^^^^^^^^^
  ╵
  node_modules/@carbon/themes/scss/compat/_themes.scss 8:1                             @use
  node_modules/@carbon/styles/scss/compat/_themes.scss 9:1                             @use
  node_modules/@carbon/styles/scss/theme/_theme.scss 12:1                              @forward
  node_modules/@carbon/styles/scss/_theme.scss 8:1                                     @use
  node_modules/@carbon/styles/scss/components/ui-shell/content/_content.scss 10:1      @forward
  packages/carbon-components-react/scss/components/ui-shell/content/_content.scss 9:1  @use
  stdin 2:1                                                                            root stylesheet]
    at expect (/Users/chrisvelgersdyk/Desktop/carbon-coverall/carbon-coverall-poc/node_modules/expect/build/index.js:128:15)
    at Object.expect (/Users/chrisvelgersdyk/Desktop/carbon-coverall/carbon-coverall-poc/packages/carbon-components-react/__tests__/scss-test.js:24:13)
    at Promise.then.completed (/Users/chrisvelgersdyk/Desktop/carbon-coverall/carbon-coverall-poc/node_modules/jest-circus/build/utils.js:333:28)
    at new Promise (&lt;anonymous&gt;)
    at callAsyncCircusFn (/Users/chrisvelgersdyk/Desktop/carbon-coverall/carbon-coverall-poc/node_modules/jest-circus/build/utils.js:259:10)
    at _callCircusTest (/Users/chrisvelgersdyk/Desktop/carbon-coverall/carbon-coverall-poc/node_modules/jest-circus/build/run.js:276:40)
    at processTicksAndRejections (node:internal/process/task_queues:95:5)
    at _runTest (/Users/chrisvelgersdyk/Desktop/carbon-coverall/carbon-coverall-poc/node_modules/jest-circus/build/run.js:208:3)
    at _runTestsForDescribeBlock (/Users/chrisvelgersdyk/Desktop/carbon-coverall/carbon-coverall-poc/node_modules/jest-circus/build/run.js:96:9)
    at _runTestsForDescribeBlock (/Users/chrisvelgersdyk/Desktop/carbon-coverall/carbon-coverall-poc/node_modules/jest-circus/build/run.js:90:9)</failure>
    </testcase>
    <testcase classname="@carbon/react/scss scss/components/ui-shell/content should be importable" name="@carbon/react/scss scss/components/ui-shell/content should be importable" time="0.005">
      <failure>Error: expect(received).resolves.toBeDefined()

Received promise rejected instead of resolved
Rejected to value: [Error: Can&apos;t find stylesheet to import.
  ╷
8 │ @forward &apos;generated/themes&apos;;
  │ ^^^^^^^^^^^^^^^^^^^^^^^^^^^
  ╵
  node_modules/@carbon/themes/scss/compat/_themes.scss 8:1                           @use
  node_modules/@carbon/styles/scss/compat/_themes.scss 9:1                           @use
  node_modules/@carbon/styles/scss/theme/_theme.scss 12:1                            @forward
  node_modules/@carbon/styles/scss/_theme.scss 8:1                                   @use
  node_modules/@carbon/styles/scss/components/ui-shell/content/_content.scss 10:1    @forward
  node_modules/@carbon/styles/scss/components/ui-shell/content/_index.scss 8:1       @forward
  packages/carbon-components-react/scss/components/ui-shell/content/_index.scss 9:1  @use
  stdin 2:1                                                                          root stylesheet]
    at expect (/Users/chrisvelgersdyk/Desktop/carbon-coverall/carbon-coverall-poc/node_modules/expect/build/index.js:128:15)
    at Object.expect (/Users/chrisvelgersdyk/Desktop/carbon-coverall/carbon-coverall-poc/packages/carbon-components-react/__tests__/scss-test.js:24:13)
    at Promise.then.completed (/Users/chrisvelgersdyk/Desktop/carbon-coverall/carbon-coverall-poc/node_modules/jest-circus/build/utils.js:333:28)
    at new Promise (&lt;anonymous&gt;)
    at callAsyncCircusFn (/Users/chrisvelgersdyk/Desktop/carbon-coverall/carbon-coverall-poc/node_modules/jest-circus/build/utils.js:259:10)
    at _callCircusTest (/Users/chrisvelgersdyk/Desktop/carbon-coverall/carbon-coverall-poc/node_modules/jest-circus/build/run.js:276:40)
    at processTicksAndRejections (node:internal/process/task_queues:95:5)
    at _runTest (/Users/chrisvelgersdyk/Desktop/carbon-coverall/carbon-coverall-poc/node_modules/jest-circus/build/run.js:208:3)
    at _runTestsForDescribeBlock (/Users/chrisvelgersdyk/Desktop/carbon-coverall/carbon-coverall-poc/node_modules/jest-circus/build/run.js:96:9)
    at _runTestsForDescribeBlock (/Users/chrisvelgersdyk/Desktop/carbon-coverall/carbon-coverall-poc/node_modules/jest-circus/build/run.js:90:9)</failure>
    </testcase>
    <testcase classname="@carbon/react/scss scss/components/ui-shell/header/header should be importable" name="@carbon/react/scss scss/components/ui-shell/header/header should be importable" time="0.005">
      <failure>Error: expect(received).resolves.toBeDefined()

Received promise rejected instead of resolved
Rejected to value: [Error: Can&apos;t find stylesheet to import.
  ╷
8 │ @forward &apos;./generated/fluid-spacing&apos;;
  │ ^^^^^^^^^^^^^^^^^^^^^^^^^^^^^^^^^^^^
  ╵
  node_modules/@carbon/layout/scss/_spacing.scss 8:1                                 @forward
  node_modules/@carbon/styles/scss/_spacing.scss 8:1                                 @use
  node_modules/@carbon/styles/scss/components/button/_vars.scss 8:1                  @forward
  node_modules/@carbon/styles/scss/components/button/_index.scss 8:1                 @use
  node_modules/@carbon/styles/scss/components/ui-shell/header/_header.scss 8:1       @forward
  packages/carbon-components-react/scss/components/ui-shell/header/_header.scss 9:1  @use
  stdin 2:1                                                                          root stylesheet]
    at expect (/Users/chrisvelgersdyk/Desktop/carbon-coverall/carbon-coverall-poc/node_modules/expect/build/index.js:128:15)
    at Object.expect (/Users/chrisvelgersdyk/Desktop/carbon-coverall/carbon-coverall-poc/packages/carbon-components-react/__tests__/scss-test.js:24:13)
    at Promise.then.completed (/Users/chrisvelgersdyk/Desktop/carbon-coverall/carbon-coverall-poc/node_modules/jest-circus/build/utils.js:333:28)
    at new Promise (&lt;anonymous&gt;)
    at callAsyncCircusFn (/Users/chrisvelgersdyk/Desktop/carbon-coverall/carbon-coverall-poc/node_modules/jest-circus/build/utils.js:259:10)
    at _callCircusTest (/Users/chrisvelgersdyk/Desktop/carbon-coverall/carbon-coverall-poc/node_modules/jest-circus/build/run.js:276:40)
    at processTicksAndRejections (node:internal/process/task_queues:95:5)
    at _runTest (/Users/chrisvelgersdyk/Desktop/carbon-coverall/carbon-coverall-poc/node_modules/jest-circus/build/run.js:208:3)
    at _runTestsForDescribeBlock (/Users/chrisvelgersdyk/Desktop/carbon-coverall/carbon-coverall-poc/node_modules/jest-circus/build/run.js:96:9)
    at _runTestsForDescribeBlock (/Users/chrisvelgersdyk/Desktop/carbon-coverall/carbon-coverall-poc/node_modules/jest-circus/build/run.js:90:9)</failure>
    </testcase>
    <testcase classname="@carbon/react/scss scss/components/ui-shell/header should be importable" name="@carbon/react/scss scss/components/ui-shell/header should be importable" time="0.006">
      <failure>Error: expect(received).resolves.toBeDefined()

Received promise rejected instead of resolved
Rejected to value: [Error: Can&apos;t find stylesheet to import.
  ╷
8 │ @forward &apos;./generated/fluid-spacing&apos;;
  │ ^^^^^^^^^^^^^^^^^^^^^^^^^^^^^^^^^^^^
  ╵
  node_modules/@carbon/layout/scss/_spacing.scss 8:1                                @forward
  node_modules/@carbon/styles/scss/_spacing.scss 8:1                                @use
  node_modules/@carbon/styles/scss/components/button/_vars.scss 8:1                 @forward
  node_modules/@carbon/styles/scss/components/button/_index.scss 8:1                @use
  node_modules/@carbon/styles/scss/components/ui-shell/header/_header.scss 8:1      @forward
  node_modules/@carbon/styles/scss/components/ui-shell/header/_index.scss 8:1       @forward
  packages/carbon-components-react/scss/components/ui-shell/header/_index.scss 9:1  @use
  stdin 2:1                                                                         root stylesheet]
    at expect (/Users/chrisvelgersdyk/Desktop/carbon-coverall/carbon-coverall-poc/node_modules/expect/build/index.js:128:15)
    at Object.expect (/Users/chrisvelgersdyk/Desktop/carbon-coverall/carbon-coverall-poc/packages/carbon-components-react/__tests__/scss-test.js:24:13)
    at Promise.then.completed (/Users/chrisvelgersdyk/Desktop/carbon-coverall/carbon-coverall-poc/node_modules/jest-circus/build/utils.js:333:28)
    at new Promise (&lt;anonymous&gt;)
    at callAsyncCircusFn (/Users/chrisvelgersdyk/Desktop/carbon-coverall/carbon-coverall-poc/node_modules/jest-circus/build/utils.js:259:10)
    at _callCircusTest (/Users/chrisvelgersdyk/Desktop/carbon-coverall/carbon-coverall-poc/node_modules/jest-circus/build/run.js:276:40)
    at processTicksAndRejections (node:internal/process/task_queues:95:5)
    at _runTest (/Users/chrisvelgersdyk/Desktop/carbon-coverall/carbon-coverall-poc/node_modules/jest-circus/build/run.js:208:3)
    at _runTestsForDescribeBlock (/Users/chrisvelgersdyk/Desktop/carbon-coverall/carbon-coverall-poc/node_modules/jest-circus/build/run.js:96:9)
    at _runTestsForDescribeBlock (/Users/chrisvelgersdyk/Desktop/carbon-coverall/carbon-coverall-poc/node_modules/jest-circus/build/run.js:90:9)</failure>
    </testcase>
    <testcase classname="@carbon/react/scss scss/components/ui-shell/header-panel/header-panel should be importable" name="@carbon/react/scss scss/components/ui-shell/header-panel/header-panel should be importable" time="0.013">
      <failure>Error: expect(received).resolves.toBeDefined()

Received promise rejected instead of resolved
Rejected to value: [Error: Can&apos;t find stylesheet to import.
  ╷
8 │ @forward &apos;generated/themes&apos;;
  │ ^^^^^^^^^^^^^^^^^^^^^^^^^^^
  ╵
  node_modules/@carbon/themes/scss/compat/_themes.scss 8:1                                       @use
  node_modules/@carbon/styles/scss/compat/_themes.scss 9:1                                       @use
  node_modules/@carbon/styles/scss/theme/_theme.scss 12:1                                        @use
  node_modules/@carbon/styles/scss/layer/_layer-sets.scss 9:1                                    @forward
  node_modules/@carbon/styles/scss/_layer.scss 8:1                                               @use
  node_modules/@carbon/styles/scss/components/ui-shell/header-panel/_header-panel.scss 10:1      @forward
  packages/carbon-components-react/scss/components/ui-shell/header-panel/_header-panel.scss 9:1  @use
  stdin 2:1                                                                                      root stylesheet]
    at expect (/Users/chrisvelgersdyk/Desktop/carbon-coverall/carbon-coverall-poc/node_modules/expect/build/index.js:128:15)
    at Object.expect (/Users/chrisvelgersdyk/Desktop/carbon-coverall/carbon-coverall-poc/packages/carbon-components-react/__tests__/scss-test.js:24:13)
    at Promise.then.completed (/Users/chrisvelgersdyk/Desktop/carbon-coverall/carbon-coverall-poc/node_modules/jest-circus/build/utils.js:333:28)
    at new Promise (&lt;anonymous&gt;)
    at callAsyncCircusFn (/Users/chrisvelgersdyk/Desktop/carbon-coverall/carbon-coverall-poc/node_modules/jest-circus/build/utils.js:259:10)
    at _callCircusTest (/Users/chrisvelgersdyk/Desktop/carbon-coverall/carbon-coverall-poc/node_modules/jest-circus/build/run.js:276:40)
    at processTicksAndRejections (node:internal/process/task_queues:95:5)
    at _runTest (/Users/chrisvelgersdyk/Desktop/carbon-coverall/carbon-coverall-poc/node_modules/jest-circus/build/run.js:208:3)
    at _runTestsForDescribeBlock (/Users/chrisvelgersdyk/Desktop/carbon-coverall/carbon-coverall-poc/node_modules/jest-circus/build/run.js:96:9)
    at _runTestsForDescribeBlock (/Users/chrisvelgersdyk/Desktop/carbon-coverall/carbon-coverall-poc/node_modules/jest-circus/build/run.js:90:9)</failure>
    </testcase>
    <testcase classname="@carbon/react/scss scss/components/ui-shell/header-panel should be importable" name="@carbon/react/scss scss/components/ui-shell/header-panel should be importable" time="0.007">
      <failure>Error: expect(received).resolves.toBeDefined()

Received promise rejected instead of resolved
Rejected to value: [Error: Can&apos;t find stylesheet to import.
  ╷
8 │ @forward &apos;generated/themes&apos;;
  │ ^^^^^^^^^^^^^^^^^^^^^^^^^^^
  ╵
  node_modules/@carbon/themes/scss/compat/_themes.scss 8:1                                   @use
  node_modules/@carbon/styles/scss/compat/_themes.scss 9:1                                   @use
  node_modules/@carbon/styles/scss/theme/_theme.scss 12:1                                    @use
  node_modules/@carbon/styles/scss/layer/_layer-sets.scss 9:1                                @forward
  node_modules/@carbon/styles/scss/_layer.scss 8:1                                           @use
  node_modules/@carbon/styles/scss/components/ui-shell/header-panel/_header-panel.scss 10:1  @forward
  node_modules/@carbon/styles/scss/components/ui-shell/header-panel/_index.scss 8:1          @forward
  packages/carbon-components-react/scss/components/ui-shell/header-panel/_index.scss 9:1     @use
  stdin 2:1                                                                                  root stylesheet]
    at expect (/Users/chrisvelgersdyk/Desktop/carbon-coverall/carbon-coverall-poc/node_modules/expect/build/index.js:128:15)
    at Object.expect (/Users/chrisvelgersdyk/Desktop/carbon-coverall/carbon-coverall-poc/packages/carbon-components-react/__tests__/scss-test.js:24:13)
    at Promise.then.completed (/Users/chrisvelgersdyk/Desktop/carbon-coverall/carbon-coverall-poc/node_modules/jest-circus/build/utils.js:333:28)
    at new Promise (&lt;anonymous&gt;)
    at callAsyncCircusFn (/Users/chrisvelgersdyk/Desktop/carbon-coverall/carbon-coverall-poc/node_modules/jest-circus/build/utils.js:259:10)
    at _callCircusTest (/Users/chrisvelgersdyk/Desktop/carbon-coverall/carbon-coverall-poc/node_modules/jest-circus/build/run.js:276:40)
    at processTicksAndRejections (node:internal/process/task_queues:95:5)
    at _runTest (/Users/chrisvelgersdyk/Desktop/carbon-coverall/carbon-coverall-poc/node_modules/jest-circus/build/run.js:208:3)
    at _runTestsForDescribeBlock (/Users/chrisvelgersdyk/Desktop/carbon-coverall/carbon-coverall-poc/node_modules/jest-circus/build/run.js:96:9)
    at _runTestsForDescribeBlock (/Users/chrisvelgersdyk/Desktop/carbon-coverall/carbon-coverall-poc/node_modules/jest-circus/build/run.js:90:9)</failure>
    </testcase>
    <testcase classname="@carbon/react/scss scss/components/ui-shell/side-nav should be importable" name="@carbon/react/scss scss/components/ui-shell/side-nav should be importable" time="0.024">
      <failure>Error: expect(received).resolves.toBeDefined()

Received promise rejected instead of resolved
Rejected to value: [Error: Can&apos;t find stylesheet to import.
  ╷
8 │ @forward &apos;generated/themes&apos;;
  │ ^^^^^^^^^^^^^^^^^^^^^^^^^^^
  ╵
  node_modules/@carbon/themes/scss/compat/_themes.scss 8:1                            @use
  node_modules/@carbon/styles/scss/compat/_themes.scss 9:1                            @use
  node_modules/@carbon/styles/scss/theme/_theme.scss 12:1                             @use
  node_modules/@carbon/styles/scss/layer/_layer-sets.scss 9:1                         @forward
  node_modules/@carbon/styles/scss/_layer.scss 8:1                                    @use
  node_modules/@carbon/styles/scss/components/ui-shell/side-nav/_side-nav.scss 12:1   @forward
  node_modules/@carbon/styles/scss/components/ui-shell/side-nav/_index.scss 8:1       @forward
  packages/carbon-components-react/scss/components/ui-shell/side-nav/_index.scss 9:1  @use
  stdin 2:1                                                                           root stylesheet]
    at expect (/Users/chrisvelgersdyk/Desktop/carbon-coverall/carbon-coverall-poc/node_modules/expect/build/index.js:128:15)
    at Object.expect (/Users/chrisvelgersdyk/Desktop/carbon-coverall/carbon-coverall-poc/packages/carbon-components-react/__tests__/scss-test.js:24:13)
    at Promise.then.completed (/Users/chrisvelgersdyk/Desktop/carbon-coverall/carbon-coverall-poc/node_modules/jest-circus/build/utils.js:333:28)
    at new Promise (&lt;anonymous&gt;)
    at callAsyncCircusFn (/Users/chrisvelgersdyk/Desktop/carbon-coverall/carbon-coverall-poc/node_modules/jest-circus/build/utils.js:259:10)
    at _callCircusTest (/Users/chrisvelgersdyk/Desktop/carbon-coverall/carbon-coverall-poc/node_modules/jest-circus/build/run.js:276:40)
    at processTicksAndRejections (node:internal/process/task_queues:95:5)
    at _runTest (/Users/chrisvelgersdyk/Desktop/carbon-coverall/carbon-coverall-poc/node_modules/jest-circus/build/run.js:208:3)
    at _runTestsForDescribeBlock (/Users/chrisvelgersdyk/Desktop/carbon-coverall/carbon-coverall-poc/node_modules/jest-circus/build/run.js:96:9)
    at _runTestsForDescribeBlock (/Users/chrisvelgersdyk/Desktop/carbon-coverall/carbon-coverall-poc/node_modules/jest-circus/build/run.js:90:9)</failure>
    </testcase>
    <testcase classname="@carbon/react/scss scss/components/ui-shell/side-nav/side-nav should be importable" name="@carbon/react/scss scss/components/ui-shell/side-nav/side-nav should be importable" time="0.017">
      <failure>Error: expect(received).resolves.toBeDefined()

Received promise rejected instead of resolved
Rejected to value: [Error: Can&apos;t find stylesheet to import.
  ╷
8 │ @forward &apos;generated/themes&apos;;
  │ ^^^^^^^^^^^^^^^^^^^^^^^^^^^
  ╵
  node_modules/@carbon/themes/scss/compat/_themes.scss 8:1                               @use
  node_modules/@carbon/styles/scss/compat/_themes.scss 9:1                               @use
  node_modules/@carbon/styles/scss/theme/_theme.scss 12:1                                @use
  node_modules/@carbon/styles/scss/layer/_layer-sets.scss 9:1                            @forward
  node_modules/@carbon/styles/scss/_layer.scss 8:1                                       @use
  node_modules/@carbon/styles/scss/components/ui-shell/side-nav/_side-nav.scss 12:1      @forward
  packages/carbon-components-react/scss/components/ui-shell/side-nav/_side-nav.scss 9:1  @use
  stdin 2:1                                                                              root stylesheet]
    at expect (/Users/chrisvelgersdyk/Desktop/carbon-coverall/carbon-coverall-poc/node_modules/expect/build/index.js:128:15)
    at Object.expect (/Users/chrisvelgersdyk/Desktop/carbon-coverall/carbon-coverall-poc/packages/carbon-components-react/__tests__/scss-test.js:24:13)
    at Promise.then.completed (/Users/chrisvelgersdyk/Desktop/carbon-coverall/carbon-coverall-poc/node_modules/jest-circus/build/utils.js:333:28)
    at new Promise (&lt;anonymous&gt;)
    at callAsyncCircusFn (/Users/chrisvelgersdyk/Desktop/carbon-coverall/carbon-coverall-poc/node_modules/jest-circus/build/utils.js:259:10)
    at _callCircusTest (/Users/chrisvelgersdyk/Desktop/carbon-coverall/carbon-coverall-poc/node_modules/jest-circus/build/run.js:276:40)
    at processTicksAndRejections (node:internal/process/task_queues:95:5)
    at _runTest (/Users/chrisvelgersdyk/Desktop/carbon-coverall/carbon-coverall-poc/node_modules/jest-circus/build/run.js:208:3)
    at _runTestsForDescribeBlock (/Users/chrisvelgersdyk/Desktop/carbon-coverall/carbon-coverall-poc/node_modules/jest-circus/build/run.js:96:9)
    at _runTestsForDescribeBlock (/Users/chrisvelgersdyk/Desktop/carbon-coverall/carbon-coverall-poc/node_modules/jest-circus/build/run.js:90:9)</failure>
    </testcase>
    <testcase classname="@carbon/react/scss scss/components/ui-shell/switcher should be importable" name="@carbon/react/scss scss/components/ui-shell/switcher should be importable" time="0.004">
      <failure>Error: expect(received).resolves.toBeDefined()

Received promise rejected instead of resolved
Rejected to value: [Error: Can&apos;t find stylesheet to import.
  ╷
8 │ @forward &apos;./generated/fluid-spacing&apos;;
  │ ^^^^^^^^^^^^^^^^^^^^^^^^^^^^^^^^^^^^
  ╵
  node_modules/@carbon/layout/scss/_spacing.scss 8:1                                  @forward
  node_modules/@carbon/styles/scss/_spacing.scss 8:1                                  @use
  node_modules/@carbon/styles/scss/components/ui-shell/switcher/_switcher.scss 9:1    @forward
  node_modules/@carbon/styles/scss/components/ui-shell/switcher/_index.scss 8:1       @forward
  packages/carbon-components-react/scss/components/ui-shell/switcher/_index.scss 9:1  @use
  stdin 2:1                                                                           root stylesheet]
    at expect (/Users/chrisvelgersdyk/Desktop/carbon-coverall/carbon-coverall-poc/node_modules/expect/build/index.js:128:15)
    at Object.expect (/Users/chrisvelgersdyk/Desktop/carbon-coverall/carbon-coverall-poc/packages/carbon-components-react/__tests__/scss-test.js:24:13)
    at Promise.then.completed (/Users/chrisvelgersdyk/Desktop/carbon-coverall/carbon-coverall-poc/node_modules/jest-circus/build/utils.js:333:28)
    at new Promise (&lt;anonymous&gt;)
    at callAsyncCircusFn (/Users/chrisvelgersdyk/Desktop/carbon-coverall/carbon-coverall-poc/node_modules/jest-circus/build/utils.js:259:10)
    at _callCircusTest (/Users/chrisvelgersdyk/Desktop/carbon-coverall/carbon-coverall-poc/node_modules/jest-circus/build/run.js:276:40)
    at processTicksAndRejections (node:internal/process/task_queues:95:5)
    at _runTest (/Users/chrisvelgersdyk/Desktop/carbon-coverall/carbon-coverall-poc/node_modules/jest-circus/build/run.js:208:3)
    at _runTestsForDescribeBlock (/Users/chrisvelgersdyk/Desktop/carbon-coverall/carbon-coverall-poc/node_modules/jest-circus/build/run.js:96:9)
    at _runTestsForDescribeBlock (/Users/chrisvelgersdyk/Desktop/carbon-coverall/carbon-coverall-poc/node_modules/jest-circus/build/run.js:90:9)</failure>
    </testcase>
    <testcase classname="@carbon/react/scss scss/components/ui-shell/switcher/switcher should be importable" name="@carbon/react/scss scss/components/ui-shell/switcher/switcher should be importable" time="0.006">
      <failure>Error: expect(received).resolves.toBeDefined()

Received promise rejected instead of resolved
Rejected to value: [Error: Can&apos;t find stylesheet to import.
  ╷
8 │ @forward &apos;./generated/fluid-spacing&apos;;
  │ ^^^^^^^^^^^^^^^^^^^^^^^^^^^^^^^^^^^^
  ╵
  node_modules/@carbon/layout/scss/_spacing.scss 8:1                                     @forward
  node_modules/@carbon/styles/scss/_spacing.scss 8:1                                     @use
  node_modules/@carbon/styles/scss/components/ui-shell/switcher/_switcher.scss 9:1       @forward
  packages/carbon-components-react/scss/components/ui-shell/switcher/_switcher.scss 9:1  @use
  stdin 2:1                                                                              root stylesheet]
    at expect (/Users/chrisvelgersdyk/Desktop/carbon-coverall/carbon-coverall-poc/node_modules/expect/build/index.js:128:15)
    at Object.expect (/Users/chrisvelgersdyk/Desktop/carbon-coverall/carbon-coverall-poc/packages/carbon-components-react/__tests__/scss-test.js:24:13)
    at Promise.then.completed (/Users/chrisvelgersdyk/Desktop/carbon-coverall/carbon-coverall-poc/node_modules/jest-circus/build/utils.js:333:28)
    at new Promise (&lt;anonymous&gt;)
    at callAsyncCircusFn (/Users/chrisvelgersdyk/Desktop/carbon-coverall/carbon-coverall-poc/node_modules/jest-circus/build/utils.js:259:10)
    at _callCircusTest (/Users/chrisvelgersdyk/Desktop/carbon-coverall/carbon-coverall-poc/node_modules/jest-circus/build/run.js:276:40)
    at processTicksAndRejections (node:internal/process/task_queues:95:5)
    at _runTest (/Users/chrisvelgersdyk/Desktop/carbon-coverall/carbon-coverall-poc/node_modules/jest-circus/build/run.js:208:3)
    at _runTestsForDescribeBlock (/Users/chrisvelgersdyk/Desktop/carbon-coverall/carbon-coverall-poc/node_modules/jest-circus/build/run.js:96:9)
    at _runTestsForDescribeBlock (/Users/chrisvelgersdyk/Desktop/carbon-coverall/carbon-coverall-poc/node_modules/jest-circus/build/run.js:90:9)</failure>
    </testcase>
    <testcase classname="@carbon/react/scss scss/fonts should be importable" name="@carbon/react/scss scss/fonts should be importable" time="0.103">
    </testcase>
    <testcase classname="@carbon/react/scss scss/fonts/mono should be importable" name="@carbon/react/scss scss/fonts/mono should be importable" time="0.007">
    </testcase>
    <testcase classname="@carbon/react/scss scss/fonts/sans-arabic should be importable" name="@carbon/react/scss scss/fonts/sans-arabic should be importable" time="0.007">
    </testcase>
    <testcase classname="@carbon/react/scss scss/fonts/sans-devanagari should be importable" name="@carbon/react/scss scss/fonts/sans-devanagari should be importable" time="0.011">
    </testcase>
    <testcase classname="@carbon/react/scss scss/fonts/sans-hebrew should be importable" name="@carbon/react/scss scss/fonts/sans-hebrew should be importable" time="0.004">
    </testcase>
    <testcase classname="@carbon/react/scss scss/fonts/sans-thai-looped should be importable" name="@carbon/react/scss scss/fonts/sans-thai-looped should be importable" time="0.005">
    </testcase>
    <testcase classname="@carbon/react/scss scss/fonts/sans-thai should be importable" name="@carbon/react/scss scss/fonts/sans-thai should be importable" time="0.004">
    </testcase>
    <testcase classname="@carbon/react/scss scss/fonts/sans should be importable" name="@carbon/react/scss scss/fonts/sans should be importable" time="0.005">
    </testcase>
    <testcase classname="@carbon/react/scss scss/fonts/serif should be importable" name="@carbon/react/scss scss/fonts/serif should be importable" time="0.006">
    </testcase>
    <testcase classname="@carbon/react/scss scss/fonts/src should be importable" name="@carbon/react/scss scss/fonts/src should be importable" time="0.003">
    </testcase>
    <testcase classname="@carbon/react/scss scss/grid/css-grid should be importable" name="@carbon/react/scss scss/grid/css-grid should be importable" time="0.197">
    </testcase>
    <testcase classname="@carbon/react/scss scss/grid/flexbox should be importable" name="@carbon/react/scss scss/grid/flexbox should be importable" time="0.134">
    </testcase>
    <testcase classname="@carbon/react/scss scss/grid/mixins should be importable" name="@carbon/react/scss scss/grid/mixins should be importable" time="0.013">
    </testcase>
    <testcase classname="@carbon/react/scss scss/grid should be importable" name="@carbon/react/scss scss/grid should be importable" time="0.122">
    </testcase>
    <testcase classname="@carbon/react/scss scss/type should be importable" name="@carbon/react/scss scss/type should be importable" time="0.005">
      <failure>Error: expect(received).resolves.toBeDefined()

Received promise rejected instead of resolved
Rejected to value: [Error: Can&apos;t find stylesheet to import.
  ╷
9 │ @use &apos;scss/generated/feature-flags&apos;;
  │ ^^^^^^^^^^^^^^^^^^^^^^^^^^^^^^^^^^^
  ╵
  node_modules/@carbon/feature-flags/index.scss 9:1           @forward
  node_modules/@carbon/styles/scss/_feature-flags.scss 8:1    @use
  node_modules/@carbon/styles/scss/type/_index.scss 8:1       @forward
  packages/carbon-components-react/scss/type/_index.scss 9:1  @use
  stdin 2:1                                                   root stylesheet]
    at expect (/Users/chrisvelgersdyk/Desktop/carbon-coverall/carbon-coverall-poc/node_modules/expect/build/index.js:128:15)
    at Object.expect (/Users/chrisvelgersdyk/Desktop/carbon-coverall/carbon-coverall-poc/packages/carbon-components-react/__tests__/scss-test.js:24:13)
    at Promise.then.completed (/Users/chrisvelgersdyk/Desktop/carbon-coverall/carbon-coverall-poc/node_modules/jest-circus/build/utils.js:333:28)
    at new Promise (&lt;anonymous&gt;)
    at callAsyncCircusFn (/Users/chrisvelgersdyk/Desktop/carbon-coverall/carbon-coverall-poc/node_modules/jest-circus/build/utils.js:259:10)
    at _callCircusTest (/Users/chrisvelgersdyk/Desktop/carbon-coverall/carbon-coverall-poc/node_modules/jest-circus/build/run.js:276:40)
    at processTicksAndRejections (node:internal/process/task_queues:95:5)
    at _runTest (/Users/chrisvelgersdyk/Desktop/carbon-coverall/carbon-coverall-poc/node_modules/jest-circus/build/run.js:208:3)
    at _runTestsForDescribeBlock (/Users/chrisvelgersdyk/Desktop/carbon-coverall/carbon-coverall-poc/node_modules/jest-circus/build/run.js:96:9)
    at _runTestsForDescribeBlock (/Users/chrisvelgersdyk/Desktop/carbon-coverall/carbon-coverall-poc/node_modules/jest-circus/build/run.js:90:9)</failure>
    </testcase>
    <testcase classname="@carbon/react/scss scss/type/reset should be importable" name="@carbon/react/scss scss/type/reset should be importable" time="0.004">
      <failure>Error: expect(received).resolves.toBeDefined()

Received promise rejected instead of resolved
Rejected to value: [Error: Can&apos;t find stylesheet to import.
  ╷
8 │ @forward &apos;./generated/fluid-spacing&apos;;
  │ ^^^^^^^^^^^^^^^^^^^^^^^^^^^^^^^^^^^^
  ╵
  node_modules/@carbon/layout/scss/_spacing.scss 8:1          @forward
  node_modules/@carbon/layout/index.scss 9:1                  @use
  node_modules/@carbon/type/scss/_reset.scss 10:1             @forward
  node_modules/@carbon/styles/scss/type/_reset.scss 8:1       @forward
  packages/carbon-components-react/scss/type/_reset.scss 9:1  @use
  stdin 2:1                                                   root stylesheet]
    at expect (/Users/chrisvelgersdyk/Desktop/carbon-coverall/carbon-coverall-poc/node_modules/expect/build/index.js:128:15)
    at Object.expect (/Users/chrisvelgersdyk/Desktop/carbon-coverall/carbon-coverall-poc/packages/carbon-components-react/__tests__/scss-test.js:24:13)
    at Promise.then.completed (/Users/chrisvelgersdyk/Desktop/carbon-coverall/carbon-coverall-poc/node_modules/jest-circus/build/utils.js:333:28)
    at new Promise (&lt;anonymous&gt;)
    at callAsyncCircusFn (/Users/chrisvelgersdyk/Desktop/carbon-coverall/carbon-coverall-poc/node_modules/jest-circus/build/utils.js:259:10)
    at _callCircusTest (/Users/chrisvelgersdyk/Desktop/carbon-coverall/carbon-coverall-poc/node_modules/jest-circus/build/run.js:276:40)
    at processTicksAndRejections (node:internal/process/task_queues:95:5)
    at _runTest (/Users/chrisvelgersdyk/Desktop/carbon-coverall/carbon-coverall-poc/node_modules/jest-circus/build/run.js:208:3)
    at _runTestsForDescribeBlock (/Users/chrisvelgersdyk/Desktop/carbon-coverall/carbon-coverall-poc/node_modules/jest-circus/build/run.js:96:9)
    at _runTestsForDescribeBlock (/Users/chrisvelgersdyk/Desktop/carbon-coverall/carbon-coverall-poc/node_modules/jest-circus/build/run.js:90:9)</failure>
    </testcase>
    <testcase classname="@carbon/react/scss scss/utilities/ai-gradient should be importable" name="@carbon/react/scss scss/utilities/ai-gradient should be importable" time="0.015">
      <failure>Error: expect(received).resolves.toBeDefined()

Received promise rejected instead of resolved
Rejected to value: [Error: Can&apos;t find stylesheet to import.
  ╷
8 │ @forward &apos;generated/themes&apos;;
  │ ^^^^^^^^^^^^^^^^^^^^^^^^^^^
  ╵
  node_modules/@carbon/themes/scss/compat/_themes.scss 8:1               @use
  node_modules/@carbon/styles/scss/compat/_themes.scss 9:1               @use
  node_modules/@carbon/styles/scss/theme/_theme.scss 12:1                @forward
  node_modules/@carbon/styles/scss/_theme.scss 8:1                       @use
  node_modules/@carbon/styles/scss/utilities/_ai-gradient.scss 8:1       @forward
  packages/carbon-components-react/scss/utilities/_ai-gradient.scss 9:1  @use
  stdin 2:1                                                              root stylesheet]
    at expect (/Users/chrisvelgersdyk/Desktop/carbon-coverall/carbon-coverall-poc/node_modules/expect/build/index.js:128:15)
    at Object.expect (/Users/chrisvelgersdyk/Desktop/carbon-coverall/carbon-coverall-poc/packages/carbon-components-react/__tests__/scss-test.js:24:13)
    at Promise.then.completed (/Users/chrisvelgersdyk/Desktop/carbon-coverall/carbon-coverall-poc/node_modules/jest-circus/build/utils.js:333:28)
    at new Promise (&lt;anonymous&gt;)
    at callAsyncCircusFn (/Users/chrisvelgersdyk/Desktop/carbon-coverall/carbon-coverall-poc/node_modules/jest-circus/build/utils.js:259:10)
    at _callCircusTest (/Users/chrisvelgersdyk/Desktop/carbon-coverall/carbon-coverall-poc/node_modules/jest-circus/build/run.js:276:40)
    at processTicksAndRejections (node:internal/process/task_queues:95:5)
    at _runTest (/Users/chrisvelgersdyk/Desktop/carbon-coverall/carbon-coverall-poc/node_modules/jest-circus/build/run.js:208:3)
    at _runTestsForDescribeBlock (/Users/chrisvelgersdyk/Desktop/carbon-coverall/carbon-coverall-poc/node_modules/jest-circus/build/run.js:96:9)
    at _runTestsForDescribeBlock (/Users/chrisvelgersdyk/Desktop/carbon-coverall/carbon-coverall-poc/node_modules/jest-circus/build/run.js:90:9)</failure>
    </testcase>
    <testcase classname="@carbon/react/scss scss/utilities/box-shadow should be importable" name="@carbon/react/scss scss/utilities/box-shadow should be importable" time="0.01">
      <failure>Error: expect(received).resolves.toBeDefined()

Received promise rejected instead of resolved
Rejected to value: [Error: Can&apos;t find stylesheet to import.
  ╷
8 │ @forward &apos;generated/themes&apos;;
  │ ^^^^^^^^^^^^^^^^^^^^^^^^^^^
  ╵
  node_modules/@carbon/themes/scss/compat/_themes.scss 8:1              @use
  node_modules/@carbon/styles/scss/compat/_themes.scss 9:1              @use
  node_modules/@carbon/styles/scss/theme/_theme.scss 12:1               @forward
  node_modules/@carbon/styles/scss/_theme.scss 8:1                      @use
  node_modules/@carbon/styles/scss/utilities/_box-shadow.scss 8:1       @forward
  packages/carbon-components-react/scss/utilities/_box-shadow.scss 9:1  @use
  stdin 2:1                                                             root stylesheet]
    at expect (/Users/chrisvelgersdyk/Desktop/carbon-coverall/carbon-coverall-poc/node_modules/expect/build/index.js:128:15)
    at Object.expect (/Users/chrisvelgersdyk/Desktop/carbon-coverall/carbon-coverall-poc/packages/carbon-components-react/__tests__/scss-test.js:24:13)
    at Promise.then.completed (/Users/chrisvelgersdyk/Desktop/carbon-coverall/carbon-coverall-poc/node_modules/jest-circus/build/utils.js:333:28)
    at new Promise (&lt;anonymous&gt;)
    at callAsyncCircusFn (/Users/chrisvelgersdyk/Desktop/carbon-coverall/carbon-coverall-poc/node_modules/jest-circus/build/utils.js:259:10)
    at _callCircusTest (/Users/chrisvelgersdyk/Desktop/carbon-coverall/carbon-coverall-poc/node_modules/jest-circus/build/run.js:276:40)
    at processTicksAndRejections (node:internal/process/task_queues:95:5)
    at _runTest (/Users/chrisvelgersdyk/Desktop/carbon-coverall/carbon-coverall-poc/node_modules/jest-circus/build/run.js:208:3)
    at _runTestsForDescribeBlock (/Users/chrisvelgersdyk/Desktop/carbon-coverall/carbon-coverall-poc/node_modules/jest-circus/build/run.js:96:9)
    at _runTestsForDescribeBlock (/Users/chrisvelgersdyk/Desktop/carbon-coverall/carbon-coverall-poc/node_modules/jest-circus/build/run.js:90:9)</failure>
    </testcase>
    <testcase classname="@carbon/react/scss scss/utilities/button-reset should be importable" name="@carbon/react/scss scss/utilities/button-reset should be importable" time="0.002">
    </testcase>
    <testcase classname="@carbon/react/scss scss/utilities/component-reset should be importable" name="@carbon/react/scss scss/utilities/component-reset should be importable" time="0.001">
    </testcase>
    <testcase classname="@carbon/react/scss scss/utilities/component-tokens should be importable" name="@carbon/react/scss scss/utilities/component-tokens should be importable" time="0.004">
      <failure>Error: expect(received).resolves.toBeDefined()

Received promise rejected instead of resolved
Rejected to value: [Error: Can&apos;t find stylesheet to import.
  ╷
8 │ @forward &apos;generated/themes&apos;;
  │ ^^^^^^^^^^^^^^^^^^^^^^^^^^^
  ╵
  node_modules/@carbon/themes/scss/_themes.scss 8:1                           @forward
  node_modules/@carbon/styles/scss/_themes.scss 9:1                           @use
  node_modules/@carbon/styles/scss/utilities/_component-tokens.scss 12:1      @forward
  packages/carbon-components-react/scss/utilities/_component-tokens.scss 9:1  @use
  stdin 2:1                                                                   root stylesheet]
    at expect (/Users/chrisvelgersdyk/Desktop/carbon-coverall/carbon-coverall-poc/node_modules/expect/build/index.js:128:15)
    at Object.expect (/Users/chrisvelgersdyk/Desktop/carbon-coverall/carbon-coverall-poc/packages/carbon-components-react/__tests__/scss-test.js:24:13)
    at Promise.then.completed (/Users/chrisvelgersdyk/Desktop/carbon-coverall/carbon-coverall-poc/node_modules/jest-circus/build/utils.js:333:28)
    at new Promise (&lt;anonymous&gt;)
    at callAsyncCircusFn (/Users/chrisvelgersdyk/Desktop/carbon-coverall/carbon-coverall-poc/node_modules/jest-circus/build/utils.js:259:10)
    at _callCircusTest (/Users/chrisvelgersdyk/Desktop/carbon-coverall/carbon-coverall-poc/node_modules/jest-circus/build/run.js:276:40)
    at processTicksAndRejections (node:internal/process/task_queues:95:5)
    at _runTest (/Users/chrisvelgersdyk/Desktop/carbon-coverall/carbon-coverall-poc/node_modules/jest-circus/build/run.js:208:3)
    at _runTestsForDescribeBlock (/Users/chrisvelgersdyk/Desktop/carbon-coverall/carbon-coverall-poc/node_modules/jest-circus/build/run.js:96:9)
    at _runTestsForDescribeBlock (/Users/chrisvelgersdyk/Desktop/carbon-coverall/carbon-coverall-poc/node_modules/jest-circus/build/run.js:90:9)</failure>
    </testcase>
    <testcase classname="@carbon/react/scss scss/utilities/convert should be importable" name="@carbon/react/scss scss/utilities/convert should be importable" time="0.007">
    </testcase>
    <testcase classname="@carbon/react/scss scss/utilities/custom-property should be importable" name="@carbon/react/scss scss/utilities/custom-property should be importable" time="0.006">
    </testcase>
    <testcase classname="@carbon/react/scss scss/utilities/focus-outline should be importable" name="@carbon/react/scss scss/utilities/focus-outline should be importable" time="0.014">
      <failure>Error: expect(received).resolves.toBeDefined()

Received promise rejected instead of resolved
Rejected to value: [Error: Can&apos;t find stylesheet to import.
  ╷
8 │ @forward &apos;generated/themes&apos;;
  │ ^^^^^^^^^^^^^^^^^^^^^^^^^^^
  ╵
  node_modules/@carbon/themes/scss/compat/_themes.scss 8:1                 @use
  node_modules/@carbon/styles/scss/compat/_themes.scss 9:1                 @use
  node_modules/@carbon/styles/scss/theme/_theme.scss 12:1                  @forward
  node_modules/@carbon/styles/scss/_theme.scss 8:1                         @use
  node_modules/@carbon/styles/scss/utilities/_focus-outline.scss 8:1       @forward
  packages/carbon-components-react/scss/utilities/_focus-outline.scss 9:1  @use
  stdin 2:1                                                                root stylesheet]
    at expect (/Users/chrisvelgersdyk/Desktop/carbon-coverall/carbon-coverall-poc/node_modules/expect/build/index.js:128:15)
    at Object.expect (/Users/chrisvelgersdyk/Desktop/carbon-coverall/carbon-coverall-poc/packages/carbon-components-react/__tests__/scss-test.js:24:13)
    at Promise.then.completed (/Users/chrisvelgersdyk/Desktop/carbon-coverall/carbon-coverall-poc/node_modules/jest-circus/build/utils.js:333:28)
    at new Promise (&lt;anonymous&gt;)
    at callAsyncCircusFn (/Users/chrisvelgersdyk/Desktop/carbon-coverall/carbon-coverall-poc/node_modules/jest-circus/build/utils.js:259:10)
    at _callCircusTest (/Users/chrisvelgersdyk/Desktop/carbon-coverall/carbon-coverall-poc/node_modules/jest-circus/build/run.js:276:40)
    at processTicksAndRejections (node:internal/process/task_queues:95:5)
    at _runTest (/Users/chrisvelgersdyk/Desktop/carbon-coverall/carbon-coverall-poc/node_modules/jest-circus/build/run.js:208:3)
    at _runTestsForDescribeBlock (/Users/chrisvelgersdyk/Desktop/carbon-coverall/carbon-coverall-poc/node_modules/jest-circus/build/run.js:96:9)
    at _runTestsForDescribeBlock (/Users/chrisvelgersdyk/Desktop/carbon-coverall/carbon-coverall-poc/node_modules/jest-circus/build/run.js:90:9)</failure>
    </testcase>
    <testcase classname="@carbon/react/scss scss/utilities/hide-at-breakpoint should be importable" name="@carbon/react/scss scss/utilities/hide-at-breakpoint should be importable" time="0.005">
    </testcase>
    <testcase classname="@carbon/react/scss scss/utilities/high-contrast-mode should be importable" name="@carbon/react/scss scss/utilities/high-contrast-mode should be importable" time="0.001">
    </testcase>
    <testcase classname="@carbon/react/scss scss/utilities should be importable" name="@carbon/react/scss scss/utilities should be importable" time="0.005">
      <failure>Error: expect(received).resolves.toBeDefined()

Received promise rejected instead of resolved
Rejected to value: [Error: Can&apos;t find stylesheet to import.
  ╷
8 │ @forward &apos;generated/themes&apos;;
  │ ^^^^^^^^^^^^^^^^^^^^^^^^^^^
  ╵
  node_modules/@carbon/themes/scss/compat/_themes.scss 8:1          @use
  node_modules/@carbon/styles/scss/compat/_themes.scss 9:1          @use
  node_modules/@carbon/styles/scss/theme/_theme.scss 12:1           @forward
  node_modules/@carbon/styles/scss/_theme.scss 8:1                  @use
  node_modules/@carbon/styles/scss/utilities/_ai-gradient.scss 8:1  @forward
  node_modules/@carbon/styles/scss/utilities/_index.scss 8:1        @forward
  packages/carbon-components-react/scss/utilities/_index.scss 9:1   @use
  stdin 2:1                                                         root stylesheet]
    at expect (/Users/chrisvelgersdyk/Desktop/carbon-coverall/carbon-coverall-poc/node_modules/expect/build/index.js:128:15)
    at Object.expect (/Users/chrisvelgersdyk/Desktop/carbon-coverall/carbon-coverall-poc/packages/carbon-components-react/__tests__/scss-test.js:24:13)
    at Promise.then.completed (/Users/chrisvelgersdyk/Desktop/carbon-coverall/carbon-coverall-poc/node_modules/jest-circus/build/utils.js:333:28)
    at new Promise (&lt;anonymous&gt;)
    at callAsyncCircusFn (/Users/chrisvelgersdyk/Desktop/carbon-coverall/carbon-coverall-poc/node_modules/jest-circus/build/utils.js:259:10)
    at _callCircusTest (/Users/chrisvelgersdyk/Desktop/carbon-coverall/carbon-coverall-poc/node_modules/jest-circus/build/run.js:276:40)
    at processTicksAndRejections (node:internal/process/task_queues:95:5)
    at _runTest (/Users/chrisvelgersdyk/Desktop/carbon-coverall/carbon-coverall-poc/node_modules/jest-circus/build/run.js:208:3)
    at _runTestsForDescribeBlock (/Users/chrisvelgersdyk/Desktop/carbon-coverall/carbon-coverall-poc/node_modules/jest-circus/build/run.js:96:9)
    at _runTestsForDescribeBlock (/Users/chrisvelgersdyk/Desktop/carbon-coverall/carbon-coverall-poc/node_modules/jest-circus/build/run.js:90:9)</failure>
    </testcase>
    <testcase classname="@carbon/react/scss scss/utilities/keyframes should be importable" name="@carbon/react/scss scss/utilities/keyframes should be importable" time="0.003">
    </testcase>
    <testcase classname="@carbon/react/scss scss/utilities/layout should be importable" name="@carbon/react/scss scss/utilities/layout should be importable" time="0.005">
      <failure>Error: expect(received).resolves.toBeDefined()

Received promise rejected instead of resolved
Rejected to value: [Error: Can&apos;t find stylesheet to import.
  ╷
8 │ @forward &apos;./generated/fluid-spacing&apos;;
  │ ^^^^^^^^^^^^^^^^^^^^^^^^^^^^^^^^^^^^
  ╵
  node_modules/@carbon/layout/scss/_spacing.scss 8:1                @forward
  node_modules/@carbon/styles/scss/_spacing.scss 8:1                @use
  node_modules/@carbon/styles/scss/_layout.scss 14:1                @use
  node_modules/@carbon/styles/scss/utilities/_layout.scss 11:1      @forward
  packages/carbon-components-react/scss/utilities/_layout.scss 9:1  @use
  stdin 2:1                                                         root stylesheet]
    at expect (/Users/chrisvelgersdyk/Desktop/carbon-coverall/carbon-coverall-poc/node_modules/expect/build/index.js:128:15)
    at Object.expect (/Users/chrisvelgersdyk/Desktop/carbon-coverall/carbon-coverall-poc/packages/carbon-components-react/__tests__/scss-test.js:24:13)
    at Promise.then.completed (/Users/chrisvelgersdyk/Desktop/carbon-coverall/carbon-coverall-poc/node_modules/jest-circus/build/utils.js:333:28)
    at new Promise (&lt;anonymous&gt;)
    at callAsyncCircusFn (/Users/chrisvelgersdyk/Desktop/carbon-coverall/carbon-coverall-poc/node_modules/jest-circus/build/utils.js:259:10)
    at _callCircusTest (/Users/chrisvelgersdyk/Desktop/carbon-coverall/carbon-coverall-poc/node_modules/jest-circus/build/run.js:276:40)
    at processTicksAndRejections (node:internal/process/task_queues:95:5)
    at _runTest (/Users/chrisvelgersdyk/Desktop/carbon-coverall/carbon-coverall-poc/node_modules/jest-circus/build/run.js:208:3)
    at _runTestsForDescribeBlock (/Users/chrisvelgersdyk/Desktop/carbon-coverall/carbon-coverall-poc/node_modules/jest-circus/build/run.js:96:9)
    at _runTestsForDescribeBlock (/Users/chrisvelgersdyk/Desktop/carbon-coverall/carbon-coverall-poc/node_modules/jest-circus/build/run.js:90:9)</failure>
    </testcase>
    <testcase classname="@carbon/react/scss scss/utilities/placeholder-colors should be importable" name="@carbon/react/scss scss/utilities/placeholder-colors should be importable" time="0.007">
      <failure>Error: expect(received).resolves.toBeDefined()

Received promise rejected instead of resolved
Rejected to value: [Error: Can&apos;t find stylesheet to import.
  ╷
8 │ @forward &apos;generated/themes&apos;;
  │ ^^^^^^^^^^^^^^^^^^^^^^^^^^^
  ╵
  node_modules/@carbon/themes/scss/compat/_themes.scss 8:1                      @use
  node_modules/@carbon/styles/scss/compat/_themes.scss 9:1                      @use
  node_modules/@carbon/styles/scss/theme/_theme.scss 12:1                       @forward
  node_modules/@carbon/styles/scss/_theme.scss 8:1                              @use
  node_modules/@carbon/styles/scss/utilities/_placeholder-colors.scss 8:1       @forward
  packages/carbon-components-react/scss/utilities/_placeholder-colors.scss 9:1  @use
  stdin 2:1                                                                     root stylesheet]
    at expect (/Users/chrisvelgersdyk/Desktop/carbon-coverall/carbon-coverall-poc/node_modules/expect/build/index.js:128:15)
    at Object.expect (/Users/chrisvelgersdyk/Desktop/carbon-coverall/carbon-coverall-poc/packages/carbon-components-react/__tests__/scss-test.js:24:13)
    at Promise.then.completed (/Users/chrisvelgersdyk/Desktop/carbon-coverall/carbon-coverall-poc/node_modules/jest-circus/build/utils.js:333:28)
    at new Promise (&lt;anonymous&gt;)
    at callAsyncCircusFn (/Users/chrisvelgersdyk/Desktop/carbon-coverall/carbon-coverall-poc/node_modules/jest-circus/build/utils.js:259:10)
    at _callCircusTest (/Users/chrisvelgersdyk/Desktop/carbon-coverall/carbon-coverall-poc/node_modules/jest-circus/build/run.js:276:40)
    at processTicksAndRejections (node:internal/process/task_queues:95:5)
    at _runTest (/Users/chrisvelgersdyk/Desktop/carbon-coverall/carbon-coverall-poc/node_modules/jest-circus/build/run.js:208:3)
    at _runTestsForDescribeBlock (/Users/chrisvelgersdyk/Desktop/carbon-coverall/carbon-coverall-poc/node_modules/jest-circus/build/run.js:96:9)
    at _runTestsForDescribeBlock (/Users/chrisvelgersdyk/Desktop/carbon-coverall/carbon-coverall-poc/node_modules/jest-circus/build/run.js:90:9)</failure>
    </testcase>
    <testcase classname="@carbon/react/scss scss/utilities/rotate should be importable" name="@carbon/react/scss scss/utilities/rotate should be importable" time="0.002">
    </testcase>
    <testcase classname="@carbon/react/scss scss/utilities/skeleton should be importable" name="@carbon/react/scss scss/utilities/skeleton should be importable" time="0.01">
      <failure>Error: expect(received).resolves.toBeDefined()

Received promise rejected instead of resolved
Rejected to value: [Error: Can&apos;t find stylesheet to import.
  ╷
8 │ @forward &apos;generated/themes&apos;;
  │ ^^^^^^^^^^^^^^^^^^^^^^^^^^^
  ╵
  node_modules/@carbon/themes/scss/compat/_themes.scss 8:1            @use
  node_modules/@carbon/styles/scss/compat/_themes.scss 9:1            @use
  node_modules/@carbon/styles/scss/theme/_theme.scss 12:1             @forward
  node_modules/@carbon/styles/scss/_theme.scss 8:1                    @use
  node_modules/@carbon/styles/scss/utilities/_skeleton.scss 9:1       @forward
  packages/carbon-components-react/scss/utilities/_skeleton.scss 9:1  @use
  stdin 2:1                                                           root stylesheet]
    at expect (/Users/chrisvelgersdyk/Desktop/carbon-coverall/carbon-coverall-poc/node_modules/expect/build/index.js:128:15)
    at Object.expect (/Users/chrisvelgersdyk/Desktop/carbon-coverall/carbon-coverall-poc/packages/carbon-components-react/__tests__/scss-test.js:24:13)
    at Promise.then.completed (/Users/chrisvelgersdyk/Desktop/carbon-coverall/carbon-coverall-poc/node_modules/jest-circus/build/utils.js:333:28)
    at new Promise (&lt;anonymous&gt;)
    at callAsyncCircusFn (/Users/chrisvelgersdyk/Desktop/carbon-coverall/carbon-coverall-poc/node_modules/jest-circus/build/utils.js:259:10)
    at _callCircusTest (/Users/chrisvelgersdyk/Desktop/carbon-coverall/carbon-coverall-poc/node_modules/jest-circus/build/run.js:276:40)
    at processTicksAndRejections (node:internal/process/task_queues:95:5)
    at _runTest (/Users/chrisvelgersdyk/Desktop/carbon-coverall/carbon-coverall-poc/node_modules/jest-circus/build/run.js:208:3)
    at _runTestsForDescribeBlock (/Users/chrisvelgersdyk/Desktop/carbon-coverall/carbon-coverall-poc/node_modules/jest-circus/build/run.js:96:9)
    at _runTestsForDescribeBlock (/Users/chrisvelgersdyk/Desktop/carbon-coverall/carbon-coverall-poc/node_modules/jest-circus/build/run.js:90:9)</failure>
    </testcase>
    <testcase classname="@carbon/react/scss scss/utilities/text-overflow should be importable" name="@carbon/react/scss scss/utilities/text-overflow should be importable" time="0.002">
    </testcase>
    <testcase classname="@carbon/react/scss scss/utilities/text-truncate should be importable" name="@carbon/react/scss scss/utilities/text-truncate should be importable" time="0.001">
    </testcase>
    <testcase classname="@carbon/react/scss scss/utilities/visually-hidden should be importable" name="@carbon/react/scss scss/utilities/visually-hidden should be importable" time="0.003">
    </testcase>
    <testcase classname="@carbon/react/scss scss/utilities/z-index should be importable" name="@carbon/react/scss scss/utilities/z-index should be importable" time="0.001">
    </testcase>
  </testsuite>
  <testsuite name="scss/components/tooltip" errors="0" failures="1" skipped="0" timestamp="2025-04-09T19:39:56" time="0.234" tests="1">
    <testcase classname="scss/components/tooltip Public API" name="scss/components/tooltip Public API" time="0.087">
      <failure>Error: Can&apos;t find stylesheet to import.
  ╷
8 │ @forward &apos;generated/themes&apos;;
  │ ^^^^^^^^^^^^^^^^^^^^^^^^^^^
  ╵
  node_modules/@carbon/themes/scss/compat/_themes.scss 8:1   @use
  packages/styles/scss/compat/_themes.scss 9:1               @use
  packages/styles/scss/theme/_theme.scss 12:1                @use
  packages/styles/scss/layer/_layer-sets.scss 9:1            @forward
  packages/styles/scss/_layer.scss 8:1                       @use
  packages/styles/scss/components/popover/_popover.scss 9:1  @forward
  packages/styles/scss/components/popover/_index.scss 8:1    @use
  packages/styles/scss/components/tooltip/_tooltip.scss 8:1  @use
  stdin 4:7                                                  root stylesheet
    at Object.wrapException (/Users/chrisvelgersdyk/Desktop/carbon-coverall/carbon-coverall-poc/node_modules/sass/sass.dart.js:2161:43)
    at _EvaluateVisitor1._evaluate0$_loadStylesheet$4$baseUrl$forImport (/Users/chrisvelgersdyk/Desktop/carbon-coverall/carbon-coverall-poc/node_modules/sass/sass.dart.js:95086:19)
    at _EvaluateVisitor1._evaluate0$_loadStylesheet$3$baseUrl (/Users/chrisvelgersdyk/Desktop/carbon-coverall/carbon-coverall-poc/node_modules/sass/sass.dart.js:95112:19)
    at _EvaluateVisitor__loadModule_closure4.call$0 (/Users/chrisvelgersdyk/Desktop/carbon-coverall/carbon-coverall-poc/node_modules/sass/sass.dart.js:97026:19)
    at _EvaluateVisitor1._evaluate0$_withStackFrame$1$3 (/Users/chrisvelgersdyk/Desktop/carbon-coverall/carbon-coverall-poc/node_modules/sass/sass.dart.js:96565:25)
    at _EvaluateVisitor1._evaluate0$_withStackFrame$3 (/Users/chrisvelgersdyk/Desktop/carbon-coverall/carbon-coverall-poc/node_modules/sass/sass.dart.js:96571:19)
    at _EvaluateVisitor1._evaluate0$_loadModule$7$baseUrl$configuration$namesInErrors (/Users/chrisvelgersdyk/Desktop/carbon-coverall/carbon-coverall-poc/node_modules/sass/sass.dart.js:94481:13)
    at _EvaluateVisitor1._evaluate0$_loadModule$4 (/Users/chrisvelgersdyk/Desktop/carbon-coverall/carbon-coverall-poc/node_modules/sass/sass.dart.js:94487:19)
    at _EvaluateVisitor1.visitForwardRule$1 (/Users/chrisvelgersdyk/Desktop/carbon-coverall/carbon-coverall-poc/node_modules/sass/sass.dart.js:94899:15)
    at ForwardRule0.accept$1$1 (/Users/chrisvelgersdyk/Desktop/carbon-coverall/carbon-coverall-poc/node_modules/sass/sass.dart.js:99949:22)</failure>
    </testcase>
  </testsuite>
  <testsuite name="@carbon/styles/scss/colors" errors="0" failures="1" skipped="0" timestamp="2025-04-09T19:39:56" time="0.226" tests="1">
    <testcase classname="@carbon/styles/scss/colors Public API" name="@carbon/styles/scss/colors Public API" time="0.032">
      <failure>Error: Can&apos;t find stylesheet to import.
  ╷
8 │ @forward &apos;@carbon/colors&apos;;
  │ ^^^^^^^^^^^^^^^^^^^^^^^^^
  ╵
  packages/styles/scss/_colors.scss 8:1  @use
  stdin 4:7                              root stylesheet
    at Object.wrapException (/Users/chrisvelgersdyk/Desktop/carbon-coverall/carbon-coverall-poc/node_modules/sass/sass.dart.js:2161:43)
    at _EvaluateVisitor1._evaluate0$_loadStylesheet$4$baseUrl$forImport (/Users/chrisvelgersdyk/Desktop/carbon-coverall/carbon-coverall-poc/node_modules/sass/sass.dart.js:95086:19)
    at _EvaluateVisitor1._evaluate0$_loadStylesheet$3$baseUrl (/Users/chrisvelgersdyk/Desktop/carbon-coverall/carbon-coverall-poc/node_modules/sass/sass.dart.js:95112:19)
    at _EvaluateVisitor__loadModule_closure4.call$0 (/Users/chrisvelgersdyk/Desktop/carbon-coverall/carbon-coverall-poc/node_modules/sass/sass.dart.js:97026:19)
    at _EvaluateVisitor1._evaluate0$_withStackFrame$1$3 (/Users/chrisvelgersdyk/Desktop/carbon-coverall/carbon-coverall-poc/node_modules/sass/sass.dart.js:96565:25)
    at _EvaluateVisitor1._evaluate0$_withStackFrame$3 (/Users/chrisvelgersdyk/Desktop/carbon-coverall/carbon-coverall-poc/node_modules/sass/sass.dart.js:96571:19)
    at _EvaluateVisitor1._evaluate0$_loadModule$7$baseUrl$configuration$namesInErrors (/Users/chrisvelgersdyk/Desktop/carbon-coverall/carbon-coverall-poc/node_modules/sass/sass.dart.js:94481:13)
    at _EvaluateVisitor1._evaluate0$_loadModule$4 (/Users/chrisvelgersdyk/Desktop/carbon-coverall/carbon-coverall-poc/node_modules/sass/sass.dart.js:94487:19)
    at _EvaluateVisitor1.visitForwardRule$1 (/Users/chrisvelgersdyk/Desktop/carbon-coverall/carbon-coverall-poc/node_modules/sass/sass.dart.js:94899:15)
    at ForwardRule0.accept$1$1 (/Users/chrisvelgersdyk/Desktop/carbon-coverall/carbon-coverall-poc/node_modules/sass/sass.dart.js:99949:22)</failure>
    </testcase>
  </testsuite>
  <testsuite name="@carbon/styles/scss/reset" errors="0" failures="1" skipped="0" timestamp="2025-04-09T19:39:56" time="0.299" tests="1">
    <testcase classname="@carbon/styles/scss/reset Public API" name="@carbon/styles/scss/reset Public API" time="0.082">
      <failure>Error: Can&apos;t find stylesheet to import.
  ╷
9 │ @use &apos;scss/generated/feature-flags&apos;;
  │ ^^^^^^^^^^^^^^^^^^^^^^^^^^^^^^^^^^^
  ╵
  node_modules/@carbon/feature-flags/index.scss 9:1  @forward
  packages/styles/scss/_feature-flags.scss 8:1       @use
  packages/styles/scss/type/_index.scss 8:1          @use
  packages/styles/scss/_reset.scss 9:1               @use
  stdin 4:7                                          root stylesheet
    at Object.wrapException (/Users/chrisvelgersdyk/Desktop/carbon-coverall/carbon-coverall-poc/node_modules/sass/sass.dart.js:2161:43)
    at _EvaluateVisitor1._evaluate0$_loadStylesheet$4$baseUrl$forImport (/Users/chrisvelgersdyk/Desktop/carbon-coverall/carbon-coverall-poc/node_modules/sass/sass.dart.js:95086:19)
    at _EvaluateVisitor1._evaluate0$_loadStylesheet$3$baseUrl (/Users/chrisvelgersdyk/Desktop/carbon-coverall/carbon-coverall-poc/node_modules/sass/sass.dart.js:95112:19)
    at _EvaluateVisitor__loadModule_closure4.call$0 (/Users/chrisvelgersdyk/Desktop/carbon-coverall/carbon-coverall-poc/node_modules/sass/sass.dart.js:97026:19)
    at _EvaluateVisitor1._evaluate0$_withStackFrame$1$3 (/Users/chrisvelgersdyk/Desktop/carbon-coverall/carbon-coverall-poc/node_modules/sass/sass.dart.js:96565:25)
    at _EvaluateVisitor1._evaluate0$_withStackFrame$3 (/Users/chrisvelgersdyk/Desktop/carbon-coverall/carbon-coverall-poc/node_modules/sass/sass.dart.js:96571:19)
    at _EvaluateVisitor1._evaluate0$_loadModule$7$baseUrl$configuration$namesInErrors (/Users/chrisvelgersdyk/Desktop/carbon-coverall/carbon-coverall-poc/node_modules/sass/sass.dart.js:94481:13)
    at _EvaluateVisitor1._evaluate0$_loadModule$5$configuration (/Users/chrisvelgersdyk/Desktop/carbon-coverall/carbon-coverall-poc/node_modules/sass/sass.dart.js:94484:19)
    at _EvaluateVisitor1.visitUseRule$1 (/Users/chrisvelgersdyk/Desktop/carbon-coverall/carbon-coverall-poc/node_modules/sass/sass.dart.js:95457:13)
    at UseRule0.accept$1$1 (/Users/chrisvelgersdyk/Desktop/carbon-coverall/carbon-coverall-poc/node_modules/sass/sass.dart.js:115346:22)</failure>
    </testcase>
  </testsuite>
  <testsuite name="scss/components/search" errors="0" failures="1" skipped="0" timestamp="2025-04-09T19:39:56" time="0.349" tests="1">
    <testcase classname="scss/components/search Public API" name="scss/components/search Public API" time="0.145">
      <failure>Error: Can&apos;t find stylesheet to import.
  ╷
8 │ @forward &apos;./generated/fluid-spacing&apos;;
  │ ^^^^^^^^^^^^^^^^^^^^^^^^^^^^^^^^^^^^
  ╵
  node_modules/@carbon/layout/scss/_spacing.scss 8:1                @forward
  packages/styles/scss/_spacing.scss 8:1                            @use
  packages/styles/scss/components/form/_form.scss 9:1               @forward
  packages/styles/scss/components/form/_index.scss 8:1              @use
  packages/styles/scss/components/text-input/_text-input.scss 11:1  @forward
  packages/styles/scss/components/text-input/_index.scss 8:1        @use
  packages/styles/scss/components/search/_search.scss 12:1          @forward
  packages/styles/scss/components/search/_index.scss 8:1            @use
  stdin 4:7                                                         root stylesheet
    at Object.wrapException (/Users/chrisvelgersdyk/Desktop/carbon-coverall/carbon-coverall-poc/node_modules/sass/sass.dart.js:2161:43)
    at _EvaluateVisitor1._evaluate0$_loadStylesheet$4$baseUrl$forImport (/Users/chrisvelgersdyk/Desktop/carbon-coverall/carbon-coverall-poc/node_modules/sass/sass.dart.js:95086:19)
    at _EvaluateVisitor1._evaluate0$_loadStylesheet$3$baseUrl (/Users/chrisvelgersdyk/Desktop/carbon-coverall/carbon-coverall-poc/node_modules/sass/sass.dart.js:95112:19)
    at _EvaluateVisitor__loadModule_closure4.call$0 (/Users/chrisvelgersdyk/Desktop/carbon-coverall/carbon-coverall-poc/node_modules/sass/sass.dart.js:97026:19)
    at _EvaluateVisitor1._evaluate0$_withStackFrame$1$3 (/Users/chrisvelgersdyk/Desktop/carbon-coverall/carbon-coverall-poc/node_modules/sass/sass.dart.js:96565:25)
    at _EvaluateVisitor1._evaluate0$_withStackFrame$3 (/Users/chrisvelgersdyk/Desktop/carbon-coverall/carbon-coverall-poc/node_modules/sass/sass.dart.js:96571:19)
    at _EvaluateVisitor1._evaluate0$_loadModule$7$baseUrl$configuration$namesInErrors (/Users/chrisvelgersdyk/Desktop/carbon-coverall/carbon-coverall-poc/node_modules/sass/sass.dart.js:94481:13)
    at _EvaluateVisitor1._evaluate0$_loadModule$4 (/Users/chrisvelgersdyk/Desktop/carbon-coverall/carbon-coverall-poc/node_modules/sass/sass.dart.js:94487:19)
    at _EvaluateVisitor1.visitForwardRule$1 (/Users/chrisvelgersdyk/Desktop/carbon-coverall/carbon-coverall-poc/node_modules/sass/sass.dart.js:94899:15)
    at ForwardRule0.accept$1$1 (/Users/chrisvelgersdyk/Desktop/carbon-coverall/carbon-coverall-poc/node_modules/sass/sass.dart.js:99949:22)</failure>
    </testcase>
  </testsuite>
  <testsuite name="scss/components/loading" errors="0" failures="1" skipped="0" timestamp="2025-04-09T19:39:56" time="0.256" tests="1">
    <testcase classname="scss/components/loading Public API" name="scss/components/loading Public API" time="0.095">
      <failure>Error: Can&apos;t find stylesheet to import.
  ╷
8 │ @forward &apos;generated/themes&apos;;
  │ ^^^^^^^^^^^^^^^^^^^^^^^^^^^
  ╵
  node_modules/@carbon/themes/scss/compat/_themes.scss 8:1    @use
  packages/styles/scss/compat/_themes.scss 9:1                @use
  packages/styles/scss/theme/_theme.scss 12:1                 @use
  packages/styles/scss/layer/_layer-sets.scss 9:1             @forward
  packages/styles/scss/_layer.scss 8:1                        @use
  packages/styles/scss/components/loading/_loading.scss 12:1  @forward
  packages/styles/scss/components/loading/_index.scss 8:1     @use
  stdin 4:7                                                   root stylesheet
    at Object.wrapException (/Users/chrisvelgersdyk/Desktop/carbon-coverall/carbon-coverall-poc/node_modules/sass/sass.dart.js:2161:43)
    at _EvaluateVisitor1._evaluate0$_loadStylesheet$4$baseUrl$forImport (/Users/chrisvelgersdyk/Desktop/carbon-coverall/carbon-coverall-poc/node_modules/sass/sass.dart.js:95086:19)
    at _EvaluateVisitor1._evaluate0$_loadStylesheet$3$baseUrl (/Users/chrisvelgersdyk/Desktop/carbon-coverall/carbon-coverall-poc/node_modules/sass/sass.dart.js:95112:19)
    at _EvaluateVisitor__loadModule_closure4.call$0 (/Users/chrisvelgersdyk/Desktop/carbon-coverall/carbon-coverall-poc/node_modules/sass/sass.dart.js:97026:19)
    at _EvaluateVisitor1._evaluate0$_withStackFrame$1$3 (/Users/chrisvelgersdyk/Desktop/carbon-coverall/carbon-coverall-poc/node_modules/sass/sass.dart.js:96565:25)
    at _EvaluateVisitor1._evaluate0$_withStackFrame$3 (/Users/chrisvelgersdyk/Desktop/carbon-coverall/carbon-coverall-poc/node_modules/sass/sass.dart.js:96571:19)
    at _EvaluateVisitor1._evaluate0$_loadModule$7$baseUrl$configuration$namesInErrors (/Users/chrisvelgersdyk/Desktop/carbon-coverall/carbon-coverall-poc/node_modules/sass/sass.dart.js:94481:13)
    at _EvaluateVisitor1._evaluate0$_loadModule$4 (/Users/chrisvelgersdyk/Desktop/carbon-coverall/carbon-coverall-poc/node_modules/sass/sass.dart.js:94487:19)
    at _EvaluateVisitor1.visitForwardRule$1 (/Users/chrisvelgersdyk/Desktop/carbon-coverall/carbon-coverall-poc/node_modules/sass/sass.dart.js:94899:15)
    at ForwardRule0.accept$1$1 (/Users/chrisvelgersdyk/Desktop/carbon-coverall/carbon-coverall-poc/node_modules/sass/sass.dart.js:99949:22)</failure>
    </testcase>
  </testsuite>
  <testsuite name="scss/components/select" errors="0" failures="1" skipped="0" timestamp="2025-04-09T19:39:56" time="0.313" tests="1">
    <testcase classname="scss/components/select Public API" name="scss/components/select Public API" time="0.176">
      <failure>Error: Can&apos;t find stylesheet to import.
  ╷
8 │ @forward &apos;./generated/fluid-spacing&apos;;
  │ ^^^^^^^^^^^^^^^^^^^^^^^^^^^^^^^^^^^^
  ╵
  node_modules/@carbon/layout/scss/_spacing.scss 8:1       @forward
  packages/styles/scss/_spacing.scss 8:1                   @use
  packages/styles/scss/components/form/_form.scss 9:1      @forward
  packages/styles/scss/components/form/_index.scss 8:1     @use
  packages/styles/scss/components/select/_select.scss 8:1  @forward
  packages/styles/scss/components/select/_index.scss 8:1   @use
  stdin 4:7                                                root stylesheet
    at Object.wrapException (/Users/chrisvelgersdyk/Desktop/carbon-coverall/carbon-coverall-poc/node_modules/sass/sass.dart.js:2161:43)
    at _EvaluateVisitor1._evaluate0$_loadStylesheet$4$baseUrl$forImport (/Users/chrisvelgersdyk/Desktop/carbon-coverall/carbon-coverall-poc/node_modules/sass/sass.dart.js:95086:19)
    at _EvaluateVisitor1._evaluate0$_loadStylesheet$3$baseUrl (/Users/chrisvelgersdyk/Desktop/carbon-coverall/carbon-coverall-poc/node_modules/sass/sass.dart.js:95112:19)
    at _EvaluateVisitor__loadModule_closure4.call$0 (/Users/chrisvelgersdyk/Desktop/carbon-coverall/carbon-coverall-poc/node_modules/sass/sass.dart.js:97026:19)
    at _EvaluateVisitor1._evaluate0$_withStackFrame$1$3 (/Users/chrisvelgersdyk/Desktop/carbon-coverall/carbon-coverall-poc/node_modules/sass/sass.dart.js:96565:25)
    at _EvaluateVisitor1._evaluate0$_withStackFrame$3 (/Users/chrisvelgersdyk/Desktop/carbon-coverall/carbon-coverall-poc/node_modules/sass/sass.dart.js:96571:19)
    at _EvaluateVisitor1._evaluate0$_loadModule$7$baseUrl$configuration$namesInErrors (/Users/chrisvelgersdyk/Desktop/carbon-coverall/carbon-coverall-poc/node_modules/sass/sass.dart.js:94481:13)
    at _EvaluateVisitor1._evaluate0$_loadModule$4 (/Users/chrisvelgersdyk/Desktop/carbon-coverall/carbon-coverall-poc/node_modules/sass/sass.dart.js:94487:19)
    at _EvaluateVisitor1.visitForwardRule$1 (/Users/chrisvelgersdyk/Desktop/carbon-coverall/carbon-coverall-poc/node_modules/sass/sass.dart.js:94899:15)
    at ForwardRule0.accept$1$1 (/Users/chrisvelgersdyk/Desktop/carbon-coverall/carbon-coverall-poc/node_modules/sass/sass.dart.js:99949:22)</failure>
    </testcase>
  </testsuite>
  <testsuite name="scss/components/fluid-dropdown" errors="0" failures="1" skipped="0" timestamp="2025-04-09T19:39:56" time="0.245" tests="1">
    <testcase classname="scss/components/fluid-dropdown Public API" name="scss/components/fluid-dropdown Public API" time="0.074">
      <failure>Error: Can&apos;t find stylesheet to import.
  ╷
8 │ @forward &apos;./generated/fluid-spacing&apos;;
  │ ^^^^^^^^^^^^^^^^^^^^^^^^^^^^^^^^^^^^
  ╵
  node_modules/@carbon/layout/scss/_spacing.scss 8:1                        @forward
  packages/styles/scss/_spacing.scss 8:1                                    @use
  packages/styles/scss/components/fluid-dropdown/_fluid-dropdown.scss 13:1  @forward
  packages/styles/scss/components/fluid-dropdown/_index.scss 8:1            @use
  stdin 5:7                                                                 root stylesheet
    at Object.wrapException (/Users/chrisvelgersdyk/Desktop/carbon-coverall/carbon-coverall-poc/node_modules/sass/sass.dart.js:2161:43)
    at _EvaluateVisitor1._evaluate0$_loadStylesheet$4$baseUrl$forImport (/Users/chrisvelgersdyk/Desktop/carbon-coverall/carbon-coverall-poc/node_modules/sass/sass.dart.js:95086:19)
    at _EvaluateVisitor1._evaluate0$_loadStylesheet$3$baseUrl (/Users/chrisvelgersdyk/Desktop/carbon-coverall/carbon-coverall-poc/node_modules/sass/sass.dart.js:95112:19)
    at _EvaluateVisitor__loadModule_closure4.call$0 (/Users/chrisvelgersdyk/Desktop/carbon-coverall/carbon-coverall-poc/node_modules/sass/sass.dart.js:97026:19)
    at _EvaluateVisitor1._evaluate0$_withStackFrame$1$3 (/Users/chrisvelgersdyk/Desktop/carbon-coverall/carbon-coverall-poc/node_modules/sass/sass.dart.js:96565:25)
    at _EvaluateVisitor1._evaluate0$_withStackFrame$3 (/Users/chrisvelgersdyk/Desktop/carbon-coverall/carbon-coverall-poc/node_modules/sass/sass.dart.js:96571:19)
    at _EvaluateVisitor1._evaluate0$_loadModule$7$baseUrl$configuration$namesInErrors (/Users/chrisvelgersdyk/Desktop/carbon-coverall/carbon-coverall-poc/node_modules/sass/sass.dart.js:94481:13)
    at _EvaluateVisitor1._evaluate0$_loadModule$4 (/Users/chrisvelgersdyk/Desktop/carbon-coverall/carbon-coverall-poc/node_modules/sass/sass.dart.js:94487:19)
    at _EvaluateVisitor1.visitForwardRule$1 (/Users/chrisvelgersdyk/Desktop/carbon-coverall/carbon-coverall-poc/node_modules/sass/sass.dart.js:94899:15)
    at ForwardRule0.accept$1$1 (/Users/chrisvelgersdyk/Desktop/carbon-coverall/carbon-coverall-poc/node_modules/sass/sass.dart.js:99949:22)</failure>
    </testcase>
  </testsuite>
  <testsuite name="scss/components/modal" errors="0" failures="1" skipped="0" timestamp="2025-04-09T19:39:56" time="0.361" tests="1">
    <testcase classname="scss/components/modal Public API" name="scss/components/modal Public API" time="0.036">
      <failure>Error: Can&apos;t find stylesheet to import.
  ╷
8 │ @forward &apos;./generated/fluid-spacing&apos;;
  │ ^^^^^^^^^^^^^^^^^^^^^^^^^^^^^^^^^^^^
  ╵
  node_modules/@carbon/layout/scss/_spacing.scss 8:1      @forward
  packages/styles/scss/_spacing.scss 8:1                  @use
  packages/styles/scss/components/button/_vars.scss 8:1   @forward
  packages/styles/scss/components/button/_index.scss 8:1  @use
  packages/styles/scss/components/modal/_modal.scss 8:1   @forward
  packages/styles/scss/components/modal/_index.scss 8:1   @use
  stdin 5:8                                               root stylesheet
    at Object.wrapException (/Users/chrisvelgersdyk/Desktop/carbon-coverall/carbon-coverall-poc/node_modules/sass/sass.dart.js:2161:43)
    at _EvaluateVisitor1._evaluate0$_loadStylesheet$4$baseUrl$forImport (/Users/chrisvelgersdyk/Desktop/carbon-coverall/carbon-coverall-poc/node_modules/sass/sass.dart.js:95086:19)
    at _EvaluateVisitor1._evaluate0$_loadStylesheet$3$baseUrl (/Users/chrisvelgersdyk/Desktop/carbon-coverall/carbon-coverall-poc/node_modules/sass/sass.dart.js:95112:19)
    at _EvaluateVisitor__loadModule_closure4.call$0 (/Users/chrisvelgersdyk/Desktop/carbon-coverall/carbon-coverall-poc/node_modules/sass/sass.dart.js:97026:19)
    at _EvaluateVisitor1._evaluate0$_withStackFrame$1$3 (/Users/chrisvelgersdyk/Desktop/carbon-coverall/carbon-coverall-poc/node_modules/sass/sass.dart.js:96565:25)
    at _EvaluateVisitor1._evaluate0$_withStackFrame$3 (/Users/chrisvelgersdyk/Desktop/carbon-coverall/carbon-coverall-poc/node_modules/sass/sass.dart.js:96571:19)
    at _EvaluateVisitor1._evaluate0$_loadModule$7$baseUrl$configuration$namesInErrors (/Users/chrisvelgersdyk/Desktop/carbon-coverall/carbon-coverall-poc/node_modules/sass/sass.dart.js:94481:13)
    at _EvaluateVisitor1._evaluate0$_loadModule$4 (/Users/chrisvelgersdyk/Desktop/carbon-coverall/carbon-coverall-poc/node_modules/sass/sass.dart.js:94487:19)
    at _EvaluateVisitor1.visitForwardRule$1 (/Users/chrisvelgersdyk/Desktop/carbon-coverall/carbon-coverall-poc/node_modules/sass/sass.dart.js:94899:15)
    at ForwardRule0.accept$1$1 (/Users/chrisvelgersdyk/Desktop/carbon-coverall/carbon-coverall-poc/node_modules/sass/sass.dart.js:99949:22)</failure>
    </testcase>
  </testsuite>
  <testsuite name="scss/components/multiselect" errors="0" failures="1" skipped="0" timestamp="2025-04-09T19:39:56" time="0.219" tests="1">
    <testcase classname="scss/components/multiselect Public API" name="scss/components/multiselect Public API" time="0.085">
      <failure>Error: Can&apos;t find stylesheet to import.
  ╷
8 │ @forward &apos;./generated/fluid-spacing&apos;;
  │ ^^^^^^^^^^^^^^^^^^^^^^^^^^^^^^^^^^^^
  ╵
  node_modules/@carbon/layout/scss/_spacing.scss 8:1                 @forward
  packages/styles/scss/_spacing.scss 8:1                             @use
  packages/styles/scss/components/form/_form.scss 9:1                @forward
  packages/styles/scss/components/form/_index.scss 8:1               @use
  packages/styles/scss/components/checkbox/_checkbox.scss 8:1        @forward
  packages/styles/scss/components/checkbox/_index.scss 8:1           @use
  packages/styles/scss/components/multiselect/_multiselect.scss 8:1  @forward
  packages/styles/scss/components/multiselect/_index.scss 8:1        @use
  stdin 5:7                                                          root stylesheet
    at Object.wrapException (/Users/chrisvelgersdyk/Desktop/carbon-coverall/carbon-coverall-poc/node_modules/sass/sass.dart.js:2161:43)
    at _EvaluateVisitor1._evaluate0$_loadStylesheet$4$baseUrl$forImport (/Users/chrisvelgersdyk/Desktop/carbon-coverall/carbon-coverall-poc/node_modules/sass/sass.dart.js:95086:19)
    at _EvaluateVisitor1._evaluate0$_loadStylesheet$3$baseUrl (/Users/chrisvelgersdyk/Desktop/carbon-coverall/carbon-coverall-poc/node_modules/sass/sass.dart.js:95112:19)
    at _EvaluateVisitor__loadModule_closure4.call$0 (/Users/chrisvelgersdyk/Desktop/carbon-coverall/carbon-coverall-poc/node_modules/sass/sass.dart.js:97026:19)
    at _EvaluateVisitor1._evaluate0$_withStackFrame$1$3 (/Users/chrisvelgersdyk/Desktop/carbon-coverall/carbon-coverall-poc/node_modules/sass/sass.dart.js:96565:25)
    at _EvaluateVisitor1._evaluate0$_withStackFrame$3 (/Users/chrisvelgersdyk/Desktop/carbon-coverall/carbon-coverall-poc/node_modules/sass/sass.dart.js:96571:19)
    at _EvaluateVisitor1._evaluate0$_loadModule$7$baseUrl$configuration$namesInErrors (/Users/chrisvelgersdyk/Desktop/carbon-coverall/carbon-coverall-poc/node_modules/sass/sass.dart.js:94481:13)
    at _EvaluateVisitor1._evaluate0$_loadModule$4 (/Users/chrisvelgersdyk/Desktop/carbon-coverall/carbon-coverall-poc/node_modules/sass/sass.dart.js:94487:19)
    at _EvaluateVisitor1.visitForwardRule$1 (/Users/chrisvelgersdyk/Desktop/carbon-coverall/carbon-coverall-poc/node_modules/sass/sass.dart.js:94899:15)
    at ForwardRule0.accept$1$1 (/Users/chrisvelgersdyk/Desktop/carbon-coverall/carbon-coverall-poc/node_modules/sass/sass.dart.js:99949:22)</failure>
    </testcase>
  </testsuite>
  <testsuite name="scss/components/copy-button" errors="0" failures="1" skipped="0" timestamp="2025-04-09T19:39:56" time="0.223" tests="1">
    <testcase classname="scss/components/copy-button Public API" name="scss/components/copy-button Public API" time="0.042">
      <failure>Error: Can&apos;t find stylesheet to import.
  ╷
8 │ @forward &apos;./generated/fluid-spacing&apos;;
  │ ^^^^^^^^^^^^^^^^^^^^^^^^^^^^^^^^^^^^
  ╵
  node_modules/@carbon/layout/scss/_spacing.scss 8:1                 @forward
  packages/styles/scss/_spacing.scss 8:1                             @use
  packages/styles/scss/components/button/_vars.scss 8:1              @forward
  packages/styles/scss/components/button/_index.scss 8:1             @use
  packages/styles/scss/components/copy-button/_copy-button.scss 8:1  @forward
  packages/styles/scss/components/copy-button/_index.scss 8:1        @use
  stdin 5:7                                                          root stylesheet
    at Object.wrapException (/Users/chrisvelgersdyk/Desktop/carbon-coverall/carbon-coverall-poc/node_modules/sass/sass.dart.js:2161:43)
    at _EvaluateVisitor1._evaluate0$_loadStylesheet$4$baseUrl$forImport (/Users/chrisvelgersdyk/Desktop/carbon-coverall/carbon-coverall-poc/node_modules/sass/sass.dart.js:95086:19)
    at _EvaluateVisitor1._evaluate0$_loadStylesheet$3$baseUrl (/Users/chrisvelgersdyk/Desktop/carbon-coverall/carbon-coverall-poc/node_modules/sass/sass.dart.js:95112:19)
    at _EvaluateVisitor__loadModule_closure4.call$0 (/Users/chrisvelgersdyk/Desktop/carbon-coverall/carbon-coverall-poc/node_modules/sass/sass.dart.js:97026:19)
    at _EvaluateVisitor1._evaluate0$_withStackFrame$1$3 (/Users/chrisvelgersdyk/Desktop/carbon-coverall/carbon-coverall-poc/node_modules/sass/sass.dart.js:96565:25)
    at _EvaluateVisitor1._evaluate0$_withStackFrame$3 (/Users/chrisvelgersdyk/Desktop/carbon-coverall/carbon-coverall-poc/node_modules/sass/sass.dart.js:96571:19)
    at _EvaluateVisitor1._evaluate0$_loadModule$7$baseUrl$configuration$namesInErrors (/Users/chrisvelgersdyk/Desktop/carbon-coverall/carbon-coverall-poc/node_modules/sass/sass.dart.js:94481:13)
    at _EvaluateVisitor1._evaluate0$_loadModule$4 (/Users/chrisvelgersdyk/Desktop/carbon-coverall/carbon-coverall-poc/node_modules/sass/sass.dart.js:94487:19)
    at _EvaluateVisitor1.visitForwardRule$1 (/Users/chrisvelgersdyk/Desktop/carbon-coverall/carbon-coverall-poc/node_modules/sass/sass.dart.js:94899:15)
    at ForwardRule0.accept$1$1 (/Users/chrisvelgersdyk/Desktop/carbon-coverall/carbon-coverall-poc/node_modules/sass/sass.dart.js:99949:22)</failure>
    </testcase>
  </testsuite>
  <testsuite name="scss/components/progress-bar" errors="0" failures="1" skipped="0" timestamp="2025-04-09T19:39:56" time="0.253" tests="1">
    <testcase classname="scss/components/progress-bar Public API" name="scss/components/progress-bar Public API" time="0.061">
      <failure>Error: Can&apos;t find stylesheet to import.
  ╷
8 │ @forward &apos;generated/themes&apos;;
  │ ^^^^^^^^^^^^^^^^^^^^^^^^^^^
  ╵
  node_modules/@carbon/themes/scss/compat/_themes.scss 8:1             @use
  packages/styles/scss/compat/_themes.scss 9:1                         @use
  packages/styles/scss/theme/_theme.scss 12:1                          @use
  packages/styles/scss/layer/_layer-sets.scss 9:1                      @forward
  packages/styles/scss/_layer.scss 8:1                                 @use
  packages/styles/scss/components/progress-bar/_progress-bar.scss 9:1  @forward
  packages/styles/scss/components/progress-bar/_index.scss 8:1         @use
  stdin 4:7                                                            root stylesheet
    at Object.wrapException (/Users/chrisvelgersdyk/Desktop/carbon-coverall/carbon-coverall-poc/node_modules/sass/sass.dart.js:2161:43)
    at _EvaluateVisitor1._evaluate0$_loadStylesheet$4$baseUrl$forImport (/Users/chrisvelgersdyk/Desktop/carbon-coverall/carbon-coverall-poc/node_modules/sass/sass.dart.js:95086:19)
    at _EvaluateVisitor1._evaluate0$_loadStylesheet$3$baseUrl (/Users/chrisvelgersdyk/Desktop/carbon-coverall/carbon-coverall-poc/node_modules/sass/sass.dart.js:95112:19)
    at _EvaluateVisitor__loadModule_closure4.call$0 (/Users/chrisvelgersdyk/Desktop/carbon-coverall/carbon-coverall-poc/node_modules/sass/sass.dart.js:97026:19)
    at _EvaluateVisitor1._evaluate0$_withStackFrame$1$3 (/Users/chrisvelgersdyk/Desktop/carbon-coverall/carbon-coverall-poc/node_modules/sass/sass.dart.js:96565:25)
    at _EvaluateVisitor1._evaluate0$_withStackFrame$3 (/Users/chrisvelgersdyk/Desktop/carbon-coverall/carbon-coverall-poc/node_modules/sass/sass.dart.js:96571:19)
    at _EvaluateVisitor1._evaluate0$_loadModule$7$baseUrl$configuration$namesInErrors (/Users/chrisvelgersdyk/Desktop/carbon-coverall/carbon-coverall-poc/node_modules/sass/sass.dart.js:94481:13)
    at _EvaluateVisitor1._evaluate0$_loadModule$4 (/Users/chrisvelgersdyk/Desktop/carbon-coverall/carbon-coverall-poc/node_modules/sass/sass.dart.js:94487:19)
    at _EvaluateVisitor1.visitForwardRule$1 (/Users/chrisvelgersdyk/Desktop/carbon-coverall/carbon-coverall-poc/node_modules/sass/sass.dart.js:94899:15)
    at ForwardRule0.accept$1$1 (/Users/chrisvelgersdyk/Desktop/carbon-coverall/carbon-coverall-poc/node_modules/sass/sass.dart.js:99949:22)</failure>
    </testcase>
  </testsuite>
  <testsuite name="@carbon/feature-flags" errors="0" failures="10" skipped="0" timestamp="2025-04-09T19:39:56" time="0.229" tests="10">
    <testcase classname="@carbon/feature-flags add should add the given flag and set whether its enabled" name="@carbon/feature-flags add should add the given flag and set whether its enabled" time="0.002">
      <failure>Error: Cannot find module &apos;./generated/feature-flags&apos; from &apos;packages/feature-flags/src/index.js&apos;
    at Resolver._throwModNotFoundError (/Users/chrisvelgersdyk/Desktop/carbon-coverall/carbon-coverall-poc/node_modules/jest-resolve/build/resolver.js:491:11)
    at Resolver.resolveModule (/Users/chrisvelgersdyk/Desktop/carbon-coverall/carbon-coverall-poc/node_modules/jest-resolve/build/resolver.js:413:10)
    at Resolver._getVirtualMockPath (/Users/chrisvelgersdyk/Desktop/carbon-coverall/carbon-coverall-poc/node_modules/jest-resolve/build/resolver.js:733:14)
    at Resolver._getAbsolutePath (/Users/chrisvelgersdyk/Desktop/carbon-coverall/carbon-coverall-poc/node_modules/jest-resolve/build/resolver.js:690:14)
    at Resolver.getModuleID (/Users/chrisvelgersdyk/Desktop/carbon-coverall/carbon-coverall-poc/node_modules/jest-resolve/build/resolver.js:617:31)
    at Runtime._shouldMockCjs (/Users/chrisvelgersdyk/Desktop/carbon-coverall/carbon-coverall-poc/node_modules/jest-runtime/build/index.js:1962:37)
    at Runtime.requireModuleOrMock (/Users/chrisvelgersdyk/Desktop/carbon-coverall/carbon-coverall-poc/node_modules/jest-runtime/build/index.js:1241:14)
    at Object.require (/Users/chrisvelgersdyk/Desktop/carbon-coverall/carbon-coverall-poc/packages/feature-flags/src/index.js:8:1)
    at Runtime._execModule (/Users/chrisvelgersdyk/Desktop/carbon-coverall/carbon-coverall-poc/node_modules/jest-runtime/build/index.js:1691:24)
    at Runtime._loadModule (/Users/chrisvelgersdyk/Desktop/carbon-coverall/carbon-coverall-poc/node_modules/jest-runtime/build/index.js:1222:12)
    at Runtime.requireModule (/Users/chrisvelgersdyk/Desktop/carbon-coverall/carbon-coverall-poc/node_modules/jest-runtime/build/index.js:1046:12)
    at Runtime.requireModuleOrMock (/Users/chrisvelgersdyk/Desktop/carbon-coverall/carbon-coverall-poc/node_modules/jest-runtime/build/index.js:1247:21)
    at Object.require (/Users/chrisvelgersdyk/Desktop/carbon-coverall/carbon-coverall-poc/packages/feature-flags/src/__tests__/feature-flags-test.js:13:20)
    at Promise.then.completed (/Users/chrisvelgersdyk/Desktop/carbon-coverall/carbon-coverall-poc/node_modules/jest-circus/build/utils.js:333:28)
    at new Promise (&lt;anonymous&gt;)
    at callAsyncCircusFn (/Users/chrisvelgersdyk/Desktop/carbon-coverall/carbon-coverall-poc/node_modules/jest-circus/build/utils.js:259:10)
    at _callCircusHook (/Users/chrisvelgersdyk/Desktop/carbon-coverall/carbon-coverall-poc/node_modules/jest-circus/build/run.js:239:40)
    at processTicksAndRejections (node:internal/process/task_queues:95:5)
    at _runTest (/Users/chrisvelgersdyk/Desktop/carbon-coverall/carbon-coverall-poc/node_modules/jest-circus/build/run.js:201:5)
    at _runTestsForDescribeBlock (/Users/chrisvelgersdyk/Desktop/carbon-coverall/carbon-coverall-poc/node_modules/jest-circus/build/run.js:96:9)
    at _runTestsForDescribeBlock (/Users/chrisvelgersdyk/Desktop/carbon-coverall/carbon-coverall-poc/node_modules/jest-circus/build/run.js:90:9)
    at _runTestsForDescribeBlock (/Users/chrisvelgersdyk/Desktop/carbon-coverall/carbon-coverall-poc/node_modules/jest-circus/build/run.js:90:9)
    at run (/Users/chrisvelgersdyk/Desktop/carbon-coverall/carbon-coverall-poc/node_modules/jest-circus/build/run.js:31:3)
    at runAndTransformResultsToJestFormat (/Users/chrisvelgersdyk/Desktop/carbon-coverall/carbon-coverall-poc/node_modules/jest-circus/build/legacy-code-todo-rewrite/jestAdapterInit.js:135:21)
    at jestAdapter (/Users/chrisvelgersdyk/Desktop/carbon-coverall/carbon-coverall-poc/node_modules/jest-circus/build/legacy-code-todo-rewrite/jestAdapter.js:92:19)
    at runTestInternal (/Users/chrisvelgersdyk/Desktop/carbon-coverall/carbon-coverall-poc/node_modules/jest-runner/build/runTest.js:411:16)
    at runTest (/Users/chrisvelgersdyk/Desktop/carbon-coverall/carbon-coverall-poc/node_modules/jest-runner/build/runTest.js:499:34)
    at Object.worker (/Users/chrisvelgersdyk/Desktop/carbon-coverall/carbon-coverall-poc/node_modules/jest-runner/build/testWorker.js:133:12)</failure>
    </testcase>
    <testcase classname="@carbon/feature-flags add should throw if a duplicate flag name is given" name="@carbon/feature-flags add should throw if a duplicate flag name is given" time="0.001">
      <failure>Error: Cannot find module &apos;./generated/feature-flags&apos; from &apos;packages/feature-flags/src/index.js&apos;
    at Resolver._throwModNotFoundError (/Users/chrisvelgersdyk/Desktop/carbon-coverall/carbon-coverall-poc/node_modules/jest-resolve/build/resolver.js:491:11)
    at Resolver.resolveModule (/Users/chrisvelgersdyk/Desktop/carbon-coverall/carbon-coverall-poc/node_modules/jest-resolve/build/resolver.js:413:10)
    at Resolver._getVirtualMockPath (/Users/chrisvelgersdyk/Desktop/carbon-coverall/carbon-coverall-poc/node_modules/jest-resolve/build/resolver.js:733:14)
    at Resolver._getAbsolutePath (/Users/chrisvelgersdyk/Desktop/carbon-coverall/carbon-coverall-poc/node_modules/jest-resolve/build/resolver.js:690:14)
    at Resolver.getModuleID (/Users/chrisvelgersdyk/Desktop/carbon-coverall/carbon-coverall-poc/node_modules/jest-resolve/build/resolver.js:617:31)
    at Runtime._shouldMockCjs (/Users/chrisvelgersdyk/Desktop/carbon-coverall/carbon-coverall-poc/node_modules/jest-runtime/build/index.js:1962:37)
    at Runtime.requireModuleOrMock (/Users/chrisvelgersdyk/Desktop/carbon-coverall/carbon-coverall-poc/node_modules/jest-runtime/build/index.js:1241:14)
    at Object.require (/Users/chrisvelgersdyk/Desktop/carbon-coverall/carbon-coverall-poc/packages/feature-flags/src/index.js:8:1)
    at Runtime._execModule (/Users/chrisvelgersdyk/Desktop/carbon-coverall/carbon-coverall-poc/node_modules/jest-runtime/build/index.js:1691:24)
    at Runtime._loadModule (/Users/chrisvelgersdyk/Desktop/carbon-coverall/carbon-coverall-poc/node_modules/jest-runtime/build/index.js:1222:12)
    at Runtime.requireModule (/Users/chrisvelgersdyk/Desktop/carbon-coverall/carbon-coverall-poc/node_modules/jest-runtime/build/index.js:1046:12)
    at Runtime.requireModuleOrMock (/Users/chrisvelgersdyk/Desktop/carbon-coverall/carbon-coverall-poc/node_modules/jest-runtime/build/index.js:1247:21)
    at Object.require (/Users/chrisvelgersdyk/Desktop/carbon-coverall/carbon-coverall-poc/packages/feature-flags/src/__tests__/feature-flags-test.js:13:20)
    at Promise.then.completed (/Users/chrisvelgersdyk/Desktop/carbon-coverall/carbon-coverall-poc/node_modules/jest-circus/build/utils.js:333:28)
    at new Promise (&lt;anonymous&gt;)
    at callAsyncCircusFn (/Users/chrisvelgersdyk/Desktop/carbon-coverall/carbon-coverall-poc/node_modules/jest-circus/build/utils.js:259:10)
    at _callCircusHook (/Users/chrisvelgersdyk/Desktop/carbon-coverall/carbon-coverall-poc/node_modules/jest-circus/build/run.js:239:40)
    at processTicksAndRejections (node:internal/process/task_queues:95:5)
    at _runTest (/Users/chrisvelgersdyk/Desktop/carbon-coverall/carbon-coverall-poc/node_modules/jest-circus/build/run.js:201:5)
    at _runTestsForDescribeBlock (/Users/chrisvelgersdyk/Desktop/carbon-coverall/carbon-coverall-poc/node_modules/jest-circus/build/run.js:96:9)
    at _runTestsForDescribeBlock (/Users/chrisvelgersdyk/Desktop/carbon-coverall/carbon-coverall-poc/node_modules/jest-circus/build/run.js:90:9)
    at _runTestsForDescribeBlock (/Users/chrisvelgersdyk/Desktop/carbon-coverall/carbon-coverall-poc/node_modules/jest-circus/build/run.js:90:9)
    at run (/Users/chrisvelgersdyk/Desktop/carbon-coverall/carbon-coverall-poc/node_modules/jest-circus/build/run.js:31:3)
    at runAndTransformResultsToJestFormat (/Users/chrisvelgersdyk/Desktop/carbon-coverall/carbon-coverall-poc/node_modules/jest-circus/build/legacy-code-todo-rewrite/jestAdapterInit.js:135:21)
    at jestAdapter (/Users/chrisvelgersdyk/Desktop/carbon-coverall/carbon-coverall-poc/node_modules/jest-circus/build/legacy-code-todo-rewrite/jestAdapter.js:92:19)
    at runTestInternal (/Users/chrisvelgersdyk/Desktop/carbon-coverall/carbon-coverall-poc/node_modules/jest-runner/build/runTest.js:411:16)
    at runTest (/Users/chrisvelgersdyk/Desktop/carbon-coverall/carbon-coverall-poc/node_modules/jest-runner/build/runTest.js:499:34)
    at Object.worker (/Users/chrisvelgersdyk/Desktop/carbon-coverall/carbon-coverall-poc/node_modules/jest-runner/build/testWorker.js:133:12)</failure>
    </testcase>
    <testcase classname="@carbon/feature-flags enable should enable the given feature flag" name="@carbon/feature-flags enable should enable the given feature flag" time="0.001">
      <failure>Error: Cannot find module &apos;./generated/feature-flags&apos; from &apos;packages/feature-flags/src/index.js&apos;
    at Resolver._throwModNotFoundError (/Users/chrisvelgersdyk/Desktop/carbon-coverall/carbon-coverall-poc/node_modules/jest-resolve/build/resolver.js:491:11)
    at Resolver.resolveModule (/Users/chrisvelgersdyk/Desktop/carbon-coverall/carbon-coverall-poc/node_modules/jest-resolve/build/resolver.js:413:10)
    at Resolver._getVirtualMockPath (/Users/chrisvelgersdyk/Desktop/carbon-coverall/carbon-coverall-poc/node_modules/jest-resolve/build/resolver.js:733:14)
    at Resolver._getAbsolutePath (/Users/chrisvelgersdyk/Desktop/carbon-coverall/carbon-coverall-poc/node_modules/jest-resolve/build/resolver.js:690:14)
    at Resolver.getModuleID (/Users/chrisvelgersdyk/Desktop/carbon-coverall/carbon-coverall-poc/node_modules/jest-resolve/build/resolver.js:617:31)
    at Runtime._shouldMockCjs (/Users/chrisvelgersdyk/Desktop/carbon-coverall/carbon-coverall-poc/node_modules/jest-runtime/build/index.js:1962:37)
    at Runtime.requireModuleOrMock (/Users/chrisvelgersdyk/Desktop/carbon-coverall/carbon-coverall-poc/node_modules/jest-runtime/build/index.js:1241:14)
    at Object.require (/Users/chrisvelgersdyk/Desktop/carbon-coverall/carbon-coverall-poc/packages/feature-flags/src/index.js:8:1)
    at Runtime._execModule (/Users/chrisvelgersdyk/Desktop/carbon-coverall/carbon-coverall-poc/node_modules/jest-runtime/build/index.js:1691:24)
    at Runtime._loadModule (/Users/chrisvelgersdyk/Desktop/carbon-coverall/carbon-coverall-poc/node_modules/jest-runtime/build/index.js:1222:12)
    at Runtime.requireModule (/Users/chrisvelgersdyk/Desktop/carbon-coverall/carbon-coverall-poc/node_modules/jest-runtime/build/index.js:1046:12)
    at Runtime.requireModuleOrMock (/Users/chrisvelgersdyk/Desktop/carbon-coverall/carbon-coverall-poc/node_modules/jest-runtime/build/index.js:1247:21)
    at Object.require (/Users/chrisvelgersdyk/Desktop/carbon-coverall/carbon-coverall-poc/packages/feature-flags/src/__tests__/feature-flags-test.js:13:20)
    at Promise.then.completed (/Users/chrisvelgersdyk/Desktop/carbon-coverall/carbon-coverall-poc/node_modules/jest-circus/build/utils.js:333:28)
    at new Promise (&lt;anonymous&gt;)
    at callAsyncCircusFn (/Users/chrisvelgersdyk/Desktop/carbon-coverall/carbon-coverall-poc/node_modules/jest-circus/build/utils.js:259:10)
    at _callCircusHook (/Users/chrisvelgersdyk/Desktop/carbon-coverall/carbon-coverall-poc/node_modules/jest-circus/build/run.js:239:40)
    at processTicksAndRejections (node:internal/process/task_queues:95:5)
    at _runTest (/Users/chrisvelgersdyk/Desktop/carbon-coverall/carbon-coverall-poc/node_modules/jest-circus/build/run.js:201:5)
    at _runTestsForDescribeBlock (/Users/chrisvelgersdyk/Desktop/carbon-coverall/carbon-coverall-poc/node_modules/jest-circus/build/run.js:96:9)
    at _runTestsForDescribeBlock (/Users/chrisvelgersdyk/Desktop/carbon-coverall/carbon-coverall-poc/node_modules/jest-circus/build/run.js:90:9)
    at _runTestsForDescribeBlock (/Users/chrisvelgersdyk/Desktop/carbon-coverall/carbon-coverall-poc/node_modules/jest-circus/build/run.js:90:9)
    at run (/Users/chrisvelgersdyk/Desktop/carbon-coverall/carbon-coverall-poc/node_modules/jest-circus/build/run.js:31:3)
    at runAndTransformResultsToJestFormat (/Users/chrisvelgersdyk/Desktop/carbon-coverall/carbon-coverall-poc/node_modules/jest-circus/build/legacy-code-todo-rewrite/jestAdapterInit.js:135:21)
    at jestAdapter (/Users/chrisvelgersdyk/Desktop/carbon-coverall/carbon-coverall-poc/node_modules/jest-circus/build/legacy-code-todo-rewrite/jestAdapter.js:92:19)
    at runTestInternal (/Users/chrisvelgersdyk/Desktop/carbon-coverall/carbon-coverall-poc/node_modules/jest-runner/build/runTest.js:411:16)
    at runTest (/Users/chrisvelgersdyk/Desktop/carbon-coverall/carbon-coverall-poc/node_modules/jest-runner/build/runTest.js:499:34)
    at Object.worker (/Users/chrisvelgersdyk/Desktop/carbon-coverall/carbon-coverall-poc/node_modules/jest-runner/build/testWorker.js:133:12)</failure>
    </testcase>
    <testcase classname="@carbon/feature-flags enable should throw if the given flag does not exist" name="@carbon/feature-flags enable should throw if the given flag does not exist" time="0.001">
      <failure>Error: Cannot find module &apos;./generated/feature-flags&apos; from &apos;packages/feature-flags/src/index.js&apos;
    at Resolver._throwModNotFoundError (/Users/chrisvelgersdyk/Desktop/carbon-coverall/carbon-coverall-poc/node_modules/jest-resolve/build/resolver.js:491:11)
    at Resolver.resolveModule (/Users/chrisvelgersdyk/Desktop/carbon-coverall/carbon-coverall-poc/node_modules/jest-resolve/build/resolver.js:413:10)
    at Resolver._getVirtualMockPath (/Users/chrisvelgersdyk/Desktop/carbon-coverall/carbon-coverall-poc/node_modules/jest-resolve/build/resolver.js:733:14)
    at Resolver._getAbsolutePath (/Users/chrisvelgersdyk/Desktop/carbon-coverall/carbon-coverall-poc/node_modules/jest-resolve/build/resolver.js:690:14)
    at Resolver.getModuleID (/Users/chrisvelgersdyk/Desktop/carbon-coverall/carbon-coverall-poc/node_modules/jest-resolve/build/resolver.js:617:31)
    at Runtime._shouldMockCjs (/Users/chrisvelgersdyk/Desktop/carbon-coverall/carbon-coverall-poc/node_modules/jest-runtime/build/index.js:1962:37)
    at Runtime.requireModuleOrMock (/Users/chrisvelgersdyk/Desktop/carbon-coverall/carbon-coverall-poc/node_modules/jest-runtime/build/index.js:1241:14)
    at Object.require (/Users/chrisvelgersdyk/Desktop/carbon-coverall/carbon-coverall-poc/packages/feature-flags/src/index.js:8:1)
    at Runtime._execModule (/Users/chrisvelgersdyk/Desktop/carbon-coverall/carbon-coverall-poc/node_modules/jest-runtime/build/index.js:1691:24)
    at Runtime._loadModule (/Users/chrisvelgersdyk/Desktop/carbon-coverall/carbon-coverall-poc/node_modules/jest-runtime/build/index.js:1222:12)
    at Runtime.requireModule (/Users/chrisvelgersdyk/Desktop/carbon-coverall/carbon-coverall-poc/node_modules/jest-runtime/build/index.js:1046:12)
    at Runtime.requireModuleOrMock (/Users/chrisvelgersdyk/Desktop/carbon-coverall/carbon-coverall-poc/node_modules/jest-runtime/build/index.js:1247:21)
    at Object.require (/Users/chrisvelgersdyk/Desktop/carbon-coverall/carbon-coverall-poc/packages/feature-flags/src/__tests__/feature-flags-test.js:13:20)
    at Promise.then.completed (/Users/chrisvelgersdyk/Desktop/carbon-coverall/carbon-coverall-poc/node_modules/jest-circus/build/utils.js:333:28)
    at new Promise (&lt;anonymous&gt;)
    at callAsyncCircusFn (/Users/chrisvelgersdyk/Desktop/carbon-coverall/carbon-coverall-poc/node_modules/jest-circus/build/utils.js:259:10)
    at _callCircusHook (/Users/chrisvelgersdyk/Desktop/carbon-coverall/carbon-coverall-poc/node_modules/jest-circus/build/run.js:239:40)
    at processTicksAndRejections (node:internal/process/task_queues:95:5)
    at _runTest (/Users/chrisvelgersdyk/Desktop/carbon-coverall/carbon-coverall-poc/node_modules/jest-circus/build/run.js:201:5)
    at _runTestsForDescribeBlock (/Users/chrisvelgersdyk/Desktop/carbon-coverall/carbon-coverall-poc/node_modules/jest-circus/build/run.js:96:9)
    at _runTestsForDescribeBlock (/Users/chrisvelgersdyk/Desktop/carbon-coverall/carbon-coverall-poc/node_modules/jest-circus/build/run.js:90:9)
    at _runTestsForDescribeBlock (/Users/chrisvelgersdyk/Desktop/carbon-coverall/carbon-coverall-poc/node_modules/jest-circus/build/run.js:90:9)
    at run (/Users/chrisvelgersdyk/Desktop/carbon-coverall/carbon-coverall-poc/node_modules/jest-circus/build/run.js:31:3)
    at runAndTransformResultsToJestFormat (/Users/chrisvelgersdyk/Desktop/carbon-coverall/carbon-coverall-poc/node_modules/jest-circus/build/legacy-code-todo-rewrite/jestAdapterInit.js:135:21)
    at jestAdapter (/Users/chrisvelgersdyk/Desktop/carbon-coverall/carbon-coverall-poc/node_modules/jest-circus/build/legacy-code-todo-rewrite/jestAdapter.js:92:19)
    at runTestInternal (/Users/chrisvelgersdyk/Desktop/carbon-coverall/carbon-coverall-poc/node_modules/jest-runner/build/runTest.js:411:16)
    at runTest (/Users/chrisvelgersdyk/Desktop/carbon-coverall/carbon-coverall-poc/node_modules/jest-runner/build/runTest.js:499:34)
    at Object.worker (/Users/chrisvelgersdyk/Desktop/carbon-coverall/carbon-coverall-poc/node_modules/jest-runner/build/testWorker.js:133:12)</failure>
    </testcase>
    <testcase classname="@carbon/feature-flags disable should disable the given feature flag" name="@carbon/feature-flags disable should disable the given feature flag" time="0">
      <failure>Error: Cannot find module &apos;./generated/feature-flags&apos; from &apos;packages/feature-flags/src/index.js&apos;
    at Resolver._throwModNotFoundError (/Users/chrisvelgersdyk/Desktop/carbon-coverall/carbon-coverall-poc/node_modules/jest-resolve/build/resolver.js:491:11)
    at Resolver.resolveModule (/Users/chrisvelgersdyk/Desktop/carbon-coverall/carbon-coverall-poc/node_modules/jest-resolve/build/resolver.js:413:10)
    at Resolver._getVirtualMockPath (/Users/chrisvelgersdyk/Desktop/carbon-coverall/carbon-coverall-poc/node_modules/jest-resolve/build/resolver.js:733:14)
    at Resolver._getAbsolutePath (/Users/chrisvelgersdyk/Desktop/carbon-coverall/carbon-coverall-poc/node_modules/jest-resolve/build/resolver.js:690:14)
    at Resolver.getModuleID (/Users/chrisvelgersdyk/Desktop/carbon-coverall/carbon-coverall-poc/node_modules/jest-resolve/build/resolver.js:617:31)
    at Runtime._shouldMockCjs (/Users/chrisvelgersdyk/Desktop/carbon-coverall/carbon-coverall-poc/node_modules/jest-runtime/build/index.js:1962:37)
    at Runtime.requireModuleOrMock (/Users/chrisvelgersdyk/Desktop/carbon-coverall/carbon-coverall-poc/node_modules/jest-runtime/build/index.js:1241:14)
    at Object.require (/Users/chrisvelgersdyk/Desktop/carbon-coverall/carbon-coverall-poc/packages/feature-flags/src/index.js:8:1)
    at Runtime._execModule (/Users/chrisvelgersdyk/Desktop/carbon-coverall/carbon-coverall-poc/node_modules/jest-runtime/build/index.js:1691:24)
    at Runtime._loadModule (/Users/chrisvelgersdyk/Desktop/carbon-coverall/carbon-coverall-poc/node_modules/jest-runtime/build/index.js:1222:12)
    at Runtime.requireModule (/Users/chrisvelgersdyk/Desktop/carbon-coverall/carbon-coverall-poc/node_modules/jest-runtime/build/index.js:1046:12)
    at Runtime.requireModuleOrMock (/Users/chrisvelgersdyk/Desktop/carbon-coverall/carbon-coverall-poc/node_modules/jest-runtime/build/index.js:1247:21)
    at Object.require (/Users/chrisvelgersdyk/Desktop/carbon-coverall/carbon-coverall-poc/packages/feature-flags/src/__tests__/feature-flags-test.js:13:20)
    at Promise.then.completed (/Users/chrisvelgersdyk/Desktop/carbon-coverall/carbon-coverall-poc/node_modules/jest-circus/build/utils.js:333:28)
    at new Promise (&lt;anonymous&gt;)
    at callAsyncCircusFn (/Users/chrisvelgersdyk/Desktop/carbon-coverall/carbon-coverall-poc/node_modules/jest-circus/build/utils.js:259:10)
    at _callCircusHook (/Users/chrisvelgersdyk/Desktop/carbon-coverall/carbon-coverall-poc/node_modules/jest-circus/build/run.js:239:40)
    at processTicksAndRejections (node:internal/process/task_queues:95:5)
    at _runTest (/Users/chrisvelgersdyk/Desktop/carbon-coverall/carbon-coverall-poc/node_modules/jest-circus/build/run.js:201:5)
    at _runTestsForDescribeBlock (/Users/chrisvelgersdyk/Desktop/carbon-coverall/carbon-coverall-poc/node_modules/jest-circus/build/run.js:96:9)
    at _runTestsForDescribeBlock (/Users/chrisvelgersdyk/Desktop/carbon-coverall/carbon-coverall-poc/node_modules/jest-circus/build/run.js:90:9)
    at _runTestsForDescribeBlock (/Users/chrisvelgersdyk/Desktop/carbon-coverall/carbon-coverall-poc/node_modules/jest-circus/build/run.js:90:9)
    at run (/Users/chrisvelgersdyk/Desktop/carbon-coverall/carbon-coverall-poc/node_modules/jest-circus/build/run.js:31:3)
    at runAndTransformResultsToJestFormat (/Users/chrisvelgersdyk/Desktop/carbon-coverall/carbon-coverall-poc/node_modules/jest-circus/build/legacy-code-todo-rewrite/jestAdapterInit.js:135:21)
    at jestAdapter (/Users/chrisvelgersdyk/Desktop/carbon-coverall/carbon-coverall-poc/node_modules/jest-circus/build/legacy-code-todo-rewrite/jestAdapter.js:92:19)
    at runTestInternal (/Users/chrisvelgersdyk/Desktop/carbon-coverall/carbon-coverall-poc/node_modules/jest-runner/build/runTest.js:411:16)
    at runTest (/Users/chrisvelgersdyk/Desktop/carbon-coverall/carbon-coverall-poc/node_modules/jest-runner/build/runTest.js:499:34)
    at Object.worker (/Users/chrisvelgersdyk/Desktop/carbon-coverall/carbon-coverall-poc/node_modules/jest-runner/build/testWorker.js:133:12)</failure>
    </testcase>
    <testcase classname="@carbon/feature-flags disable should throw if the given flag does not exist" name="@carbon/feature-flags disable should throw if the given flag does not exist" time="0.001">
      <failure>Error: Cannot find module &apos;./generated/feature-flags&apos; from &apos;packages/feature-flags/src/index.js&apos;
    at Resolver._throwModNotFoundError (/Users/chrisvelgersdyk/Desktop/carbon-coverall/carbon-coverall-poc/node_modules/jest-resolve/build/resolver.js:491:11)
    at Resolver.resolveModule (/Users/chrisvelgersdyk/Desktop/carbon-coverall/carbon-coverall-poc/node_modules/jest-resolve/build/resolver.js:413:10)
    at Resolver._getVirtualMockPath (/Users/chrisvelgersdyk/Desktop/carbon-coverall/carbon-coverall-poc/node_modules/jest-resolve/build/resolver.js:733:14)
    at Resolver._getAbsolutePath (/Users/chrisvelgersdyk/Desktop/carbon-coverall/carbon-coverall-poc/node_modules/jest-resolve/build/resolver.js:690:14)
    at Resolver.getModuleID (/Users/chrisvelgersdyk/Desktop/carbon-coverall/carbon-coverall-poc/node_modules/jest-resolve/build/resolver.js:617:31)
    at Runtime._shouldMockCjs (/Users/chrisvelgersdyk/Desktop/carbon-coverall/carbon-coverall-poc/node_modules/jest-runtime/build/index.js:1962:37)
    at Runtime.requireModuleOrMock (/Users/chrisvelgersdyk/Desktop/carbon-coverall/carbon-coverall-poc/node_modules/jest-runtime/build/index.js:1241:14)
    at Object.require (/Users/chrisvelgersdyk/Desktop/carbon-coverall/carbon-coverall-poc/packages/feature-flags/src/index.js:8:1)
    at Runtime._execModule (/Users/chrisvelgersdyk/Desktop/carbon-coverall/carbon-coverall-poc/node_modules/jest-runtime/build/index.js:1691:24)
    at Runtime._loadModule (/Users/chrisvelgersdyk/Desktop/carbon-coverall/carbon-coverall-poc/node_modules/jest-runtime/build/index.js:1222:12)
    at Runtime.requireModule (/Users/chrisvelgersdyk/Desktop/carbon-coverall/carbon-coverall-poc/node_modules/jest-runtime/build/index.js:1046:12)
    at Runtime.requireModuleOrMock (/Users/chrisvelgersdyk/Desktop/carbon-coverall/carbon-coverall-poc/node_modules/jest-runtime/build/index.js:1247:21)
    at Object.require (/Users/chrisvelgersdyk/Desktop/carbon-coverall/carbon-coverall-poc/packages/feature-flags/src/__tests__/feature-flags-test.js:13:20)
    at Promise.then.completed (/Users/chrisvelgersdyk/Desktop/carbon-coverall/carbon-coverall-poc/node_modules/jest-circus/build/utils.js:333:28)
    at new Promise (&lt;anonymous&gt;)
    at callAsyncCircusFn (/Users/chrisvelgersdyk/Desktop/carbon-coverall/carbon-coverall-poc/node_modules/jest-circus/build/utils.js:259:10)
    at _callCircusHook (/Users/chrisvelgersdyk/Desktop/carbon-coverall/carbon-coverall-poc/node_modules/jest-circus/build/run.js:239:40)
    at processTicksAndRejections (node:internal/process/task_queues:95:5)
    at _runTest (/Users/chrisvelgersdyk/Desktop/carbon-coverall/carbon-coverall-poc/node_modules/jest-circus/build/run.js:201:5)
    at _runTestsForDescribeBlock (/Users/chrisvelgersdyk/Desktop/carbon-coverall/carbon-coverall-poc/node_modules/jest-circus/build/run.js:96:9)
    at _runTestsForDescribeBlock (/Users/chrisvelgersdyk/Desktop/carbon-coverall/carbon-coverall-poc/node_modules/jest-circus/build/run.js:90:9)
    at _runTestsForDescribeBlock (/Users/chrisvelgersdyk/Desktop/carbon-coverall/carbon-coverall-poc/node_modules/jest-circus/build/run.js:90:9)
    at run (/Users/chrisvelgersdyk/Desktop/carbon-coverall/carbon-coverall-poc/node_modules/jest-circus/build/run.js:31:3)
    at runAndTransformResultsToJestFormat (/Users/chrisvelgersdyk/Desktop/carbon-coverall/carbon-coverall-poc/node_modules/jest-circus/build/legacy-code-todo-rewrite/jestAdapterInit.js:135:21)
    at jestAdapter (/Users/chrisvelgersdyk/Desktop/carbon-coverall/carbon-coverall-poc/node_modules/jest-circus/build/legacy-code-todo-rewrite/jestAdapter.js:92:19)
    at runTestInternal (/Users/chrisvelgersdyk/Desktop/carbon-coverall/carbon-coverall-poc/node_modules/jest-runner/build/runTest.js:411:16)
    at runTest (/Users/chrisvelgersdyk/Desktop/carbon-coverall/carbon-coverall-poc/node_modules/jest-runner/build/runTest.js:499:34)
    at Object.worker (/Users/chrisvelgersdyk/Desktop/carbon-coverall/carbon-coverall-poc/node_modules/jest-runner/build/testWorker.js:133:12)</failure>
    </testcase>
    <testcase classname="@carbon/feature-flags enabled should return whether a flag is enabled or disabled" name="@carbon/feature-flags enabled should return whether a flag is enabled or disabled" time="0">
      <failure>Error: Cannot find module &apos;./generated/feature-flags&apos; from &apos;packages/feature-flags/src/index.js&apos;
    at Resolver._throwModNotFoundError (/Users/chrisvelgersdyk/Desktop/carbon-coverall/carbon-coverall-poc/node_modules/jest-resolve/build/resolver.js:491:11)
    at Resolver.resolveModule (/Users/chrisvelgersdyk/Desktop/carbon-coverall/carbon-coverall-poc/node_modules/jest-resolve/build/resolver.js:413:10)
    at Resolver._getVirtualMockPath (/Users/chrisvelgersdyk/Desktop/carbon-coverall/carbon-coverall-poc/node_modules/jest-resolve/build/resolver.js:733:14)
    at Resolver._getAbsolutePath (/Users/chrisvelgersdyk/Desktop/carbon-coverall/carbon-coverall-poc/node_modules/jest-resolve/build/resolver.js:690:14)
    at Resolver.getModuleID (/Users/chrisvelgersdyk/Desktop/carbon-coverall/carbon-coverall-poc/node_modules/jest-resolve/build/resolver.js:617:31)
    at Runtime._shouldMockCjs (/Users/chrisvelgersdyk/Desktop/carbon-coverall/carbon-coverall-poc/node_modules/jest-runtime/build/index.js:1962:37)
    at Runtime.requireModuleOrMock (/Users/chrisvelgersdyk/Desktop/carbon-coverall/carbon-coverall-poc/node_modules/jest-runtime/build/index.js:1241:14)
    at Object.require (/Users/chrisvelgersdyk/Desktop/carbon-coverall/carbon-coverall-poc/packages/feature-flags/src/index.js:8:1)
    at Runtime._execModule (/Users/chrisvelgersdyk/Desktop/carbon-coverall/carbon-coverall-poc/node_modules/jest-runtime/build/index.js:1691:24)
    at Runtime._loadModule (/Users/chrisvelgersdyk/Desktop/carbon-coverall/carbon-coverall-poc/node_modules/jest-runtime/build/index.js:1222:12)
    at Runtime.requireModule (/Users/chrisvelgersdyk/Desktop/carbon-coverall/carbon-coverall-poc/node_modules/jest-runtime/build/index.js:1046:12)
    at Runtime.requireModuleOrMock (/Users/chrisvelgersdyk/Desktop/carbon-coverall/carbon-coverall-poc/node_modules/jest-runtime/build/index.js:1247:21)
    at Object.require (/Users/chrisvelgersdyk/Desktop/carbon-coverall/carbon-coverall-poc/packages/feature-flags/src/__tests__/feature-flags-test.js:13:20)
    at Promise.then.completed (/Users/chrisvelgersdyk/Desktop/carbon-coverall/carbon-coverall-poc/node_modules/jest-circus/build/utils.js:333:28)
    at new Promise (&lt;anonymous&gt;)
    at callAsyncCircusFn (/Users/chrisvelgersdyk/Desktop/carbon-coverall/carbon-coverall-poc/node_modules/jest-circus/build/utils.js:259:10)
    at _callCircusHook (/Users/chrisvelgersdyk/Desktop/carbon-coverall/carbon-coverall-poc/node_modules/jest-circus/build/run.js:239:40)
    at processTicksAndRejections (node:internal/process/task_queues:95:5)
    at _runTest (/Users/chrisvelgersdyk/Desktop/carbon-coverall/carbon-coverall-poc/node_modules/jest-circus/build/run.js:201:5)
    at _runTestsForDescribeBlock (/Users/chrisvelgersdyk/Desktop/carbon-coverall/carbon-coverall-poc/node_modules/jest-circus/build/run.js:96:9)
    at _runTestsForDescribeBlock (/Users/chrisvelgersdyk/Desktop/carbon-coverall/carbon-coverall-poc/node_modules/jest-circus/build/run.js:90:9)
    at _runTestsForDescribeBlock (/Users/chrisvelgersdyk/Desktop/carbon-coverall/carbon-coverall-poc/node_modules/jest-circus/build/run.js:90:9)
    at run (/Users/chrisvelgersdyk/Desktop/carbon-coverall/carbon-coverall-poc/node_modules/jest-circus/build/run.js:31:3)
    at runAndTransformResultsToJestFormat (/Users/chrisvelgersdyk/Desktop/carbon-coverall/carbon-coverall-poc/node_modules/jest-circus/build/legacy-code-todo-rewrite/jestAdapterInit.js:135:21)
    at jestAdapter (/Users/chrisvelgersdyk/Desktop/carbon-coverall/carbon-coverall-poc/node_modules/jest-circus/build/legacy-code-todo-rewrite/jestAdapter.js:92:19)
    at runTestInternal (/Users/chrisvelgersdyk/Desktop/carbon-coverall/carbon-coverall-poc/node_modules/jest-runner/build/runTest.js:411:16)
    at runTest (/Users/chrisvelgersdyk/Desktop/carbon-coverall/carbon-coverall-poc/node_modules/jest-runner/build/runTest.js:499:34)
    at Object.worker (/Users/chrisvelgersdyk/Desktop/carbon-coverall/carbon-coverall-poc/node_modules/jest-runner/build/testWorker.js:133:12)</failure>
    </testcase>
    <testcase classname="@carbon/feature-flags enabled should throw if the given flag does not exist" name="@carbon/feature-flags enabled should throw if the given flag does not exist" time="0">
      <failure>Error: Cannot find module &apos;./generated/feature-flags&apos; from &apos;packages/feature-flags/src/index.js&apos;
    at Resolver._throwModNotFoundError (/Users/chrisvelgersdyk/Desktop/carbon-coverall/carbon-coverall-poc/node_modules/jest-resolve/build/resolver.js:491:11)
    at Resolver.resolveModule (/Users/chrisvelgersdyk/Desktop/carbon-coverall/carbon-coverall-poc/node_modules/jest-resolve/build/resolver.js:413:10)
    at Resolver._getVirtualMockPath (/Users/chrisvelgersdyk/Desktop/carbon-coverall/carbon-coverall-poc/node_modules/jest-resolve/build/resolver.js:733:14)
    at Resolver._getAbsolutePath (/Users/chrisvelgersdyk/Desktop/carbon-coverall/carbon-coverall-poc/node_modules/jest-resolve/build/resolver.js:690:14)
    at Resolver.getModuleID (/Users/chrisvelgersdyk/Desktop/carbon-coverall/carbon-coverall-poc/node_modules/jest-resolve/build/resolver.js:617:31)
    at Runtime._shouldMockCjs (/Users/chrisvelgersdyk/Desktop/carbon-coverall/carbon-coverall-poc/node_modules/jest-runtime/build/index.js:1962:37)
    at Runtime.requireModuleOrMock (/Users/chrisvelgersdyk/Desktop/carbon-coverall/carbon-coverall-poc/node_modules/jest-runtime/build/index.js:1241:14)
    at Object.require (/Users/chrisvelgersdyk/Desktop/carbon-coverall/carbon-coverall-poc/packages/feature-flags/src/index.js:8:1)
    at Runtime._execModule (/Users/chrisvelgersdyk/Desktop/carbon-coverall/carbon-coverall-poc/node_modules/jest-runtime/build/index.js:1691:24)
    at Runtime._loadModule (/Users/chrisvelgersdyk/Desktop/carbon-coverall/carbon-coverall-poc/node_modules/jest-runtime/build/index.js:1222:12)
    at Runtime.requireModule (/Users/chrisvelgersdyk/Desktop/carbon-coverall/carbon-coverall-poc/node_modules/jest-runtime/build/index.js:1046:12)
    at Runtime.requireModuleOrMock (/Users/chrisvelgersdyk/Desktop/carbon-coverall/carbon-coverall-poc/node_modules/jest-runtime/build/index.js:1247:21)
    at Object.require (/Users/chrisvelgersdyk/Desktop/carbon-coverall/carbon-coverall-poc/packages/feature-flags/src/__tests__/feature-flags-test.js:13:20)
    at Promise.then.completed (/Users/chrisvelgersdyk/Desktop/carbon-coverall/carbon-coverall-poc/node_modules/jest-circus/build/utils.js:333:28)
    at new Promise (&lt;anonymous&gt;)
    at callAsyncCircusFn (/Users/chrisvelgersdyk/Desktop/carbon-coverall/carbon-coverall-poc/node_modules/jest-circus/build/utils.js:259:10)
    at _callCircusHook (/Users/chrisvelgersdyk/Desktop/carbon-coverall/carbon-coverall-poc/node_modules/jest-circus/build/run.js:239:40)
    at processTicksAndRejections (node:internal/process/task_queues:95:5)
    at _runTest (/Users/chrisvelgersdyk/Desktop/carbon-coverall/carbon-coverall-poc/node_modules/jest-circus/build/run.js:201:5)
    at _runTestsForDescribeBlock (/Users/chrisvelgersdyk/Desktop/carbon-coverall/carbon-coverall-poc/node_modules/jest-circus/build/run.js:96:9)
    at _runTestsForDescribeBlock (/Users/chrisvelgersdyk/Desktop/carbon-coverall/carbon-coverall-poc/node_modules/jest-circus/build/run.js:90:9)
    at _runTestsForDescribeBlock (/Users/chrisvelgersdyk/Desktop/carbon-coverall/carbon-coverall-poc/node_modules/jest-circus/build/run.js:90:9)
    at run (/Users/chrisvelgersdyk/Desktop/carbon-coverall/carbon-coverall-poc/node_modules/jest-circus/build/run.js:31:3)
    at runAndTransformResultsToJestFormat (/Users/chrisvelgersdyk/Desktop/carbon-coverall/carbon-coverall-poc/node_modules/jest-circus/build/legacy-code-todo-rewrite/jestAdapterInit.js:135:21)
    at jestAdapter (/Users/chrisvelgersdyk/Desktop/carbon-coverall/carbon-coverall-poc/node_modules/jest-circus/build/legacy-code-todo-rewrite/jestAdapter.js:92:19)
    at runTestInternal (/Users/chrisvelgersdyk/Desktop/carbon-coverall/carbon-coverall-poc/node_modules/jest-runner/build/runTest.js:411:16)
    at runTest (/Users/chrisvelgersdyk/Desktop/carbon-coverall/carbon-coverall-poc/node_modules/jest-runner/build/runTest.js:499:34)
    at Object.worker (/Users/chrisvelgersdyk/Desktop/carbon-coverall/carbon-coverall-poc/node_modules/jest-runner/build/testWorker.js:133:12)</failure>
    </testcase>
    <testcase classname="@carbon/feature-flags merge should set each feature flag given" name="@carbon/feature-flags merge should set each feature flag given" time="0.001">
      <failure>Error: Cannot find module &apos;./generated/feature-flags&apos; from &apos;packages/feature-flags/src/index.js&apos;
    at Resolver._throwModNotFoundError (/Users/chrisvelgersdyk/Desktop/carbon-coverall/carbon-coverall-poc/node_modules/jest-resolve/build/resolver.js:491:11)
    at Resolver.resolveModule (/Users/chrisvelgersdyk/Desktop/carbon-coverall/carbon-coverall-poc/node_modules/jest-resolve/build/resolver.js:413:10)
    at Resolver._getVirtualMockPath (/Users/chrisvelgersdyk/Desktop/carbon-coverall/carbon-coverall-poc/node_modules/jest-resolve/build/resolver.js:733:14)
    at Resolver._getAbsolutePath (/Users/chrisvelgersdyk/Desktop/carbon-coverall/carbon-coverall-poc/node_modules/jest-resolve/build/resolver.js:690:14)
    at Resolver.getModuleID (/Users/chrisvelgersdyk/Desktop/carbon-coverall/carbon-coverall-poc/node_modules/jest-resolve/build/resolver.js:617:31)
    at Runtime._shouldMockCjs (/Users/chrisvelgersdyk/Desktop/carbon-coverall/carbon-coverall-poc/node_modules/jest-runtime/build/index.js:1962:37)
    at Runtime.requireModuleOrMock (/Users/chrisvelgersdyk/Desktop/carbon-coverall/carbon-coverall-poc/node_modules/jest-runtime/build/index.js:1241:14)
    at Object.require (/Users/chrisvelgersdyk/Desktop/carbon-coverall/carbon-coverall-poc/packages/feature-flags/src/index.js:8:1)
    at Runtime._execModule (/Users/chrisvelgersdyk/Desktop/carbon-coverall/carbon-coverall-poc/node_modules/jest-runtime/build/index.js:1691:24)
    at Runtime._loadModule (/Users/chrisvelgersdyk/Desktop/carbon-coverall/carbon-coverall-poc/node_modules/jest-runtime/build/index.js:1222:12)
    at Runtime.requireModule (/Users/chrisvelgersdyk/Desktop/carbon-coverall/carbon-coverall-poc/node_modules/jest-runtime/build/index.js:1046:12)
    at Runtime.requireModuleOrMock (/Users/chrisvelgersdyk/Desktop/carbon-coverall/carbon-coverall-poc/node_modules/jest-runtime/build/index.js:1247:21)
    at Object.require (/Users/chrisvelgersdyk/Desktop/carbon-coverall/carbon-coverall-poc/packages/feature-flags/src/__tests__/feature-flags-test.js:13:20)
    at Promise.then.completed (/Users/chrisvelgersdyk/Desktop/carbon-coverall/carbon-coverall-poc/node_modules/jest-circus/build/utils.js:333:28)
    at new Promise (&lt;anonymous&gt;)
    at callAsyncCircusFn (/Users/chrisvelgersdyk/Desktop/carbon-coverall/carbon-coverall-poc/node_modules/jest-circus/build/utils.js:259:10)
    at _callCircusHook (/Users/chrisvelgersdyk/Desktop/carbon-coverall/carbon-coverall-poc/node_modules/jest-circus/build/run.js:239:40)
    at processTicksAndRejections (node:internal/process/task_queues:95:5)
    at _runTest (/Users/chrisvelgersdyk/Desktop/carbon-coverall/carbon-coverall-poc/node_modules/jest-circus/build/run.js:201:5)
    at _runTestsForDescribeBlock (/Users/chrisvelgersdyk/Desktop/carbon-coverall/carbon-coverall-poc/node_modules/jest-circus/build/run.js:96:9)
    at _runTestsForDescribeBlock (/Users/chrisvelgersdyk/Desktop/carbon-coverall/carbon-coverall-poc/node_modules/jest-circus/build/run.js:90:9)
    at _runTestsForDescribeBlock (/Users/chrisvelgersdyk/Desktop/carbon-coverall/carbon-coverall-poc/node_modules/jest-circus/build/run.js:90:9)
    at run (/Users/chrisvelgersdyk/Desktop/carbon-coverall/carbon-coverall-poc/node_modules/jest-circus/build/run.js:31:3)
    at runAndTransformResultsToJestFormat (/Users/chrisvelgersdyk/Desktop/carbon-coverall/carbon-coverall-poc/node_modules/jest-circus/build/legacy-code-todo-rewrite/jestAdapterInit.js:135:21)
    at jestAdapter (/Users/chrisvelgersdyk/Desktop/carbon-coverall/carbon-coverall-poc/node_modules/jest-circus/build/legacy-code-todo-rewrite/jestAdapter.js:92:19)
    at runTestInternal (/Users/chrisvelgersdyk/Desktop/carbon-coverall/carbon-coverall-poc/node_modules/jest-runner/build/runTest.js:411:16)
    at runTest (/Users/chrisvelgersdyk/Desktop/carbon-coverall/carbon-coverall-poc/node_modules/jest-runner/build/runTest.js:499:34)
    at Object.worker (/Users/chrisvelgersdyk/Desktop/carbon-coverall/carbon-coverall-poc/node_modules/jest-runner/build/testWorker.js:133:12)</failure>
    </testcase>
    <testcase classname="@carbon/feature-flags merge should override duplicate keys with the given flag" name="@carbon/feature-flags merge should override duplicate keys with the given flag" time="0">
      <failure>Error: Cannot find module &apos;./generated/feature-flags&apos; from &apos;packages/feature-flags/src/index.js&apos;
    at Resolver._throwModNotFoundError (/Users/chrisvelgersdyk/Desktop/carbon-coverall/carbon-coverall-poc/node_modules/jest-resolve/build/resolver.js:491:11)
    at Resolver.resolveModule (/Users/chrisvelgersdyk/Desktop/carbon-coverall/carbon-coverall-poc/node_modules/jest-resolve/build/resolver.js:413:10)
    at Resolver._getVirtualMockPath (/Users/chrisvelgersdyk/Desktop/carbon-coverall/carbon-coverall-poc/node_modules/jest-resolve/build/resolver.js:733:14)
    at Resolver._getAbsolutePath (/Users/chrisvelgersdyk/Desktop/carbon-coverall/carbon-coverall-poc/node_modules/jest-resolve/build/resolver.js:690:14)
    at Resolver.getModuleID (/Users/chrisvelgersdyk/Desktop/carbon-coverall/carbon-coverall-poc/node_modules/jest-resolve/build/resolver.js:617:31)
    at Runtime._shouldMockCjs (/Users/chrisvelgersdyk/Desktop/carbon-coverall/carbon-coverall-poc/node_modules/jest-runtime/build/index.js:1962:37)
    at Runtime.requireModuleOrMock (/Users/chrisvelgersdyk/Desktop/carbon-coverall/carbon-coverall-poc/node_modules/jest-runtime/build/index.js:1241:14)
    at Object.require (/Users/chrisvelgersdyk/Desktop/carbon-coverall/carbon-coverall-poc/packages/feature-flags/src/index.js:8:1)
    at Runtime._execModule (/Users/chrisvelgersdyk/Desktop/carbon-coverall/carbon-coverall-poc/node_modules/jest-runtime/build/index.js:1691:24)
    at Runtime._loadModule (/Users/chrisvelgersdyk/Desktop/carbon-coverall/carbon-coverall-poc/node_modules/jest-runtime/build/index.js:1222:12)
    at Runtime.requireModule (/Users/chrisvelgersdyk/Desktop/carbon-coverall/carbon-coverall-poc/node_modules/jest-runtime/build/index.js:1046:12)
    at Runtime.requireModuleOrMock (/Users/chrisvelgersdyk/Desktop/carbon-coverall/carbon-coverall-poc/node_modules/jest-runtime/build/index.js:1247:21)
    at Object.require (/Users/chrisvelgersdyk/Desktop/carbon-coverall/carbon-coverall-poc/packages/feature-flags/src/__tests__/feature-flags-test.js:13:20)
    at Promise.then.completed (/Users/chrisvelgersdyk/Desktop/carbon-coverall/carbon-coverall-poc/node_modules/jest-circus/build/utils.js:333:28)
    at new Promise (&lt;anonymous&gt;)
    at callAsyncCircusFn (/Users/chrisvelgersdyk/Desktop/carbon-coverall/carbon-coverall-poc/node_modules/jest-circus/build/utils.js:259:10)
    at _callCircusHook (/Users/chrisvelgersdyk/Desktop/carbon-coverall/carbon-coverall-poc/node_modules/jest-circus/build/run.js:239:40)
    at processTicksAndRejections (node:internal/process/task_queues:95:5)
    at _runTest (/Users/chrisvelgersdyk/Desktop/carbon-coverall/carbon-coverall-poc/node_modules/jest-circus/build/run.js:201:5)
    at _runTestsForDescribeBlock (/Users/chrisvelgersdyk/Desktop/carbon-coverall/carbon-coverall-poc/node_modules/jest-circus/build/run.js:96:9)
    at _runTestsForDescribeBlock (/Users/chrisvelgersdyk/Desktop/carbon-coverall/carbon-coverall-poc/node_modules/jest-circus/build/run.js:90:9)
    at _runTestsForDescribeBlock (/Users/chrisvelgersdyk/Desktop/carbon-coverall/carbon-coverall-poc/node_modules/jest-circus/build/run.js:90:9)
    at run (/Users/chrisvelgersdyk/Desktop/carbon-coverall/carbon-coverall-poc/node_modules/jest-circus/build/run.js:31:3)
    at runAndTransformResultsToJestFormat (/Users/chrisvelgersdyk/Desktop/carbon-coverall/carbon-coverall-poc/node_modules/jest-circus/build/legacy-code-todo-rewrite/jestAdapterInit.js:135:21)
    at jestAdapter (/Users/chrisvelgersdyk/Desktop/carbon-coverall/carbon-coverall-poc/node_modules/jest-circus/build/legacy-code-todo-rewrite/jestAdapter.js:92:19)
    at runTestInternal (/Users/chrisvelgersdyk/Desktop/carbon-coverall/carbon-coverall-poc/node_modules/jest-runner/build/runTest.js:411:16)
    at runTest (/Users/chrisvelgersdyk/Desktop/carbon-coverall/carbon-coverall-poc/node_modules/jest-runner/build/runTest.js:499:34)
    at Object.worker (/Users/chrisvelgersdyk/Desktop/carbon-coverall/carbon-coverall-poc/node_modules/jest-runner/build/testWorker.js:133:12)</failure>
    </testcase>
  </testsuite>
  <testsuite name="scss/components/fluid-text-input" errors="0" failures="1" skipped="0" timestamp="2025-04-09T19:39:56" time="0.21" tests="1">
    <testcase classname="scss/components/fluid-text-input Public API" name="scss/components/fluid-text-input Public API" time="0.108">
      <failure>Error: Can&apos;t find stylesheet to import.
  ╷
8 │ @forward &apos;./generated/fluid-spacing&apos;;
  │ ^^^^^^^^^^^^^^^^^^^^^^^^^^^^^^^^^^^^
  ╵
  node_modules/@carbon/layout/scss/_spacing.scss 8:1                            @forward
  packages/styles/scss/_spacing.scss 8:1                                        @use
  packages/styles/scss/components/fluid-text-input/_fluid-text-input.scss 13:1  @forward
  packages/styles/scss/components/fluid-text-input/_index.scss 8:1              @use
  stdin 5:7                                                                     root stylesheet
    at Object.wrapException (/Users/chrisvelgersdyk/Desktop/carbon-coverall/carbon-coverall-poc/node_modules/sass/sass.dart.js:2161:43)
    at _EvaluateVisitor1._evaluate0$_loadStylesheet$4$baseUrl$forImport (/Users/chrisvelgersdyk/Desktop/carbon-coverall/carbon-coverall-poc/node_modules/sass/sass.dart.js:95086:19)
    at _EvaluateVisitor1._evaluate0$_loadStylesheet$3$baseUrl (/Users/chrisvelgersdyk/Desktop/carbon-coverall/carbon-coverall-poc/node_modules/sass/sass.dart.js:95112:19)
    at _EvaluateVisitor__loadModule_closure4.call$0 (/Users/chrisvelgersdyk/Desktop/carbon-coverall/carbon-coverall-poc/node_modules/sass/sass.dart.js:97026:19)
    at _EvaluateVisitor1._evaluate0$_withStackFrame$1$3 (/Users/chrisvelgersdyk/Desktop/carbon-coverall/carbon-coverall-poc/node_modules/sass/sass.dart.js:96565:25)
    at _EvaluateVisitor1._evaluate0$_withStackFrame$3 (/Users/chrisvelgersdyk/Desktop/carbon-coverall/carbon-coverall-poc/node_modules/sass/sass.dart.js:96571:19)
    at _EvaluateVisitor1._evaluate0$_loadModule$7$baseUrl$configuration$namesInErrors (/Users/chrisvelgersdyk/Desktop/carbon-coverall/carbon-coverall-poc/node_modules/sass/sass.dart.js:94481:13)
    at _EvaluateVisitor1._evaluate0$_loadModule$4 (/Users/chrisvelgersdyk/Desktop/carbon-coverall/carbon-coverall-poc/node_modules/sass/sass.dart.js:94487:19)
    at _EvaluateVisitor1.visitForwardRule$1 (/Users/chrisvelgersdyk/Desktop/carbon-coverall/carbon-coverall-poc/node_modules/sass/sass.dart.js:94899:15)
    at ForwardRule0.accept$1$1 (/Users/chrisvelgersdyk/Desktop/carbon-coverall/carbon-coverall-poc/node_modules/sass/sass.dart.js:99949:22)</failure>
    </testcase>
  </testsuite>
  <testsuite name="scss/components/fluid-search" errors="0" failures="1" skipped="0" timestamp="2025-04-09T19:39:56" time="0.241" tests="1">
    <testcase classname="scss/components/fluid-search Public API" name="scss/components/fluid-search Public API" time="0.07">
      <failure>Error: Can&apos;t find stylesheet to import.
  ╷
8 │ @forward &apos;./generated/fluid-spacing&apos;;
  │ ^^^^^^^^^^^^^^^^^^^^^^^^^^^^^^^^^^^^
  ╵
  node_modules/@carbon/layout/scss/_spacing.scss 8:1                    @forward
  packages/styles/scss/_spacing.scss 8:1                                @use
  packages/styles/scss/components/fluid-search/_fluid-search.scss 13:1  @forward
  packages/styles/scss/components/fluid-search/_index.scss 8:1          @use
  stdin 5:7                                                             root stylesheet
    at Object.wrapException (/Users/chrisvelgersdyk/Desktop/carbon-coverall/carbon-coverall-poc/node_modules/sass/sass.dart.js:2161:43)
    at _EvaluateVisitor1._evaluate0$_loadStylesheet$4$baseUrl$forImport (/Users/chrisvelgersdyk/Desktop/carbon-coverall/carbon-coverall-poc/node_modules/sass/sass.dart.js:95086:19)
    at _EvaluateVisitor1._evaluate0$_loadStylesheet$3$baseUrl (/Users/chrisvelgersdyk/Desktop/carbon-coverall/carbon-coverall-poc/node_modules/sass/sass.dart.js:95112:19)
    at _EvaluateVisitor__loadModule_closure4.call$0 (/Users/chrisvelgersdyk/Desktop/carbon-coverall/carbon-coverall-poc/node_modules/sass/sass.dart.js:97026:19)
    at _EvaluateVisitor1._evaluate0$_withStackFrame$1$3 (/Users/chrisvelgersdyk/Desktop/carbon-coverall/carbon-coverall-poc/node_modules/sass/sass.dart.js:96565:25)
    at _EvaluateVisitor1._evaluate0$_withStackFrame$3 (/Users/chrisvelgersdyk/Desktop/carbon-coverall/carbon-coverall-poc/node_modules/sass/sass.dart.js:96571:19)
    at _EvaluateVisitor1._evaluate0$_loadModule$7$baseUrl$configuration$namesInErrors (/Users/chrisvelgersdyk/Desktop/carbon-coverall/carbon-coverall-poc/node_modules/sass/sass.dart.js:94481:13)
    at _EvaluateVisitor1._evaluate0$_loadModule$4 (/Users/chrisvelgersdyk/Desktop/carbon-coverall/carbon-coverall-poc/node_modules/sass/sass.dart.js:94487:19)
    at _EvaluateVisitor1.visitForwardRule$1 (/Users/chrisvelgersdyk/Desktop/carbon-coverall/carbon-coverall-poc/node_modules/sass/sass.dart.js:94899:15)
    at ForwardRule0.accept$1$1 (/Users/chrisvelgersdyk/Desktop/carbon-coverall/carbon-coverall-poc/node_modules/sass/sass.dart.js:99949:22)</failure>
    </testcase>
  </testsuite>
  <testsuite name="@carbon/styles" errors="0" failures="177" skipped="0" timestamp="2025-04-09T19:39:51" time="5.572" tests="210">
    <testcase classname="@carbon/styles index.scss should be importable" name="@carbon/styles index.scss should be importable" time="0.109">
      <failure>Error: expect(received).resolves.toBeDefined()

Received promise rejected instead of resolved
Rejected to value: [Error: Can&apos;t find stylesheet to import.
  ╷
8 │ @forward &apos;./generated/fluid-spacing&apos;;
  │ ^^^^^^^^^^^^^^^^^^^^^^^^^^^^^^^^^^^^
  ╵
  node_modules/@carbon/layout/scss/_spacing.scss 8:1  @forward
  packages/styles/scss/_spacing.scss 8:1              @forward
  packages/styles/index.scss 9:1                      @use
  stdin 2:1                                           root stylesheet]
    at expect (/Users/chrisvelgersdyk/Desktop/carbon-coverall/carbon-coverall-poc/node_modules/expect/build/index.js:128:15)
    at Object.expect (/Users/chrisvelgersdyk/Desktop/carbon-coverall/carbon-coverall-poc/packages/styles/__tests__/styles-test.js:24:13)
    at Promise.then.completed (/Users/chrisvelgersdyk/Desktop/carbon-coverall/carbon-coverall-poc/node_modules/jest-circus/build/utils.js:333:28)
    at new Promise (&lt;anonymous&gt;)
    at callAsyncCircusFn (/Users/chrisvelgersdyk/Desktop/carbon-coverall/carbon-coverall-poc/node_modules/jest-circus/build/utils.js:259:10)
    at _callCircusTest (/Users/chrisvelgersdyk/Desktop/carbon-coverall/carbon-coverall-poc/node_modules/jest-circus/build/run.js:276:40)
    at processTicksAndRejections (node:internal/process/task_queues:95:5)
    at _runTest (/Users/chrisvelgersdyk/Desktop/carbon-coverall/carbon-coverall-poc/node_modules/jest-circus/build/run.js:208:3)
    at _runTestsForDescribeBlock (/Users/chrisvelgersdyk/Desktop/carbon-coverall/carbon-coverall-poc/node_modules/jest-circus/build/run.js:96:9)
    at _runTestsForDescribeBlock (/Users/chrisvelgersdyk/Desktop/carbon-coverall/carbon-coverall-poc/node_modules/jest-circus/build/run.js:90:9)</failure>
    </testcase>
    <testcase classname="@carbon/styles scss/_breakpoint.scss should be importable" name="@carbon/styles scss/_breakpoint.scss should be importable" time="0.045">
    </testcase>
    <testcase classname="@carbon/styles scss/_colors.scss should be importable" name="@carbon/styles scss/_colors.scss should be importable" time="0.004">
      <failure>Error: expect(received).resolves.toBeDefined()

Received promise rejected instead of resolved
Rejected to value: [Error: Can&apos;t find stylesheet to import.
  ╷
8 │ @forward &apos;@carbon/colors&apos;;
  │ ^^^^^^^^^^^^^^^^^^^^^^^^^
  ╵
  packages/styles/scss/_colors.scss 8:1  @use
  stdin 2:1                              root stylesheet]
    at expect (/Users/chrisvelgersdyk/Desktop/carbon-coverall/carbon-coverall-poc/node_modules/expect/build/index.js:128:15)
    at Object.expect (/Users/chrisvelgersdyk/Desktop/carbon-coverall/carbon-coverall-poc/packages/styles/__tests__/styles-test.js:24:13)
    at Promise.then.completed (/Users/chrisvelgersdyk/Desktop/carbon-coverall/carbon-coverall-poc/node_modules/jest-circus/build/utils.js:333:28)
    at new Promise (&lt;anonymous&gt;)
    at callAsyncCircusFn (/Users/chrisvelgersdyk/Desktop/carbon-coverall/carbon-coverall-poc/node_modules/jest-circus/build/utils.js:259:10)
    at _callCircusTest (/Users/chrisvelgersdyk/Desktop/carbon-coverall/carbon-coverall-poc/node_modules/jest-circus/build/run.js:276:40)
    at processTicksAndRejections (node:internal/process/task_queues:95:5)
    at _runTest (/Users/chrisvelgersdyk/Desktop/carbon-coverall/carbon-coverall-poc/node_modules/jest-circus/build/run.js:208:3)
    at _runTestsForDescribeBlock (/Users/chrisvelgersdyk/Desktop/carbon-coverall/carbon-coverall-poc/node_modules/jest-circus/build/run.js:96:9)
    at _runTestsForDescribeBlock (/Users/chrisvelgersdyk/Desktop/carbon-coverall/carbon-coverall-poc/node_modules/jest-circus/build/run.js:90:9)</failure>
    </testcase>
    <testcase classname="@carbon/styles scss/_config.scss should be importable" name="@carbon/styles scss/_config.scss should be importable" time="0.008">
    </testcase>
    <testcase classname="@carbon/styles scss/_feature-flags.scss should be importable" name="@carbon/styles scss/_feature-flags.scss should be importable" time="0.004">
      <failure>Error: expect(received).resolves.toBeDefined()

Received promise rejected instead of resolved
Rejected to value: [Error: Can&apos;t find stylesheet to import.
  ╷
9 │ @use &apos;scss/generated/feature-flags&apos;;
  │ ^^^^^^^^^^^^^^^^^^^^^^^^^^^^^^^^^^^
  ╵
  node_modules/@carbon/feature-flags/index.scss 9:1  @forward
  packages/styles/scss/_feature-flags.scss 8:1       @use
  stdin 2:1                                          root stylesheet]
    at expect (/Users/chrisvelgersdyk/Desktop/carbon-coverall/carbon-coverall-poc/node_modules/expect/build/index.js:128:15)
    at Object.expect (/Users/chrisvelgersdyk/Desktop/carbon-coverall/carbon-coverall-poc/packages/styles/__tests__/styles-test.js:24:13)
    at Promise.then.completed (/Users/chrisvelgersdyk/Desktop/carbon-coverall/carbon-coverall-poc/node_modules/jest-circus/build/utils.js:333:28)
    at new Promise (&lt;anonymous&gt;)
    at callAsyncCircusFn (/Users/chrisvelgersdyk/Desktop/carbon-coverall/carbon-coverall-poc/node_modules/jest-circus/build/utils.js:259:10)
    at _callCircusTest (/Users/chrisvelgersdyk/Desktop/carbon-coverall/carbon-coverall-poc/node_modules/jest-circus/build/run.js:276:40)
    at processTicksAndRejections (node:internal/process/task_queues:95:5)
    at _runTest (/Users/chrisvelgersdyk/Desktop/carbon-coverall/carbon-coverall-poc/node_modules/jest-circus/build/run.js:208:3)
    at _runTestsForDescribeBlock (/Users/chrisvelgersdyk/Desktop/carbon-coverall/carbon-coverall-poc/node_modules/jest-circus/build/run.js:96:9)
    at _runTestsForDescribeBlock (/Users/chrisvelgersdyk/Desktop/carbon-coverall/carbon-coverall-poc/node_modules/jest-circus/build/run.js:90:9)</failure>
    </testcase>
    <testcase classname="@carbon/styles scss/_layer.scss should be importable" name="@carbon/styles scss/_layer.scss should be importable" time="0.02">
      <failure>Error: expect(received).resolves.toBeDefined()

Received promise rejected instead of resolved
Rejected to value: [Error: Can&apos;t find stylesheet to import.
  ╷
8 │ @forward &apos;generated/themes&apos;;
  │ ^^^^^^^^^^^^^^^^^^^^^^^^^^^
  ╵
  node_modules/@carbon/themes/scss/compat/_themes.scss 8:1  @use
  packages/styles/scss/compat/_themes.scss 9:1              @use
  packages/styles/scss/theme/_theme.scss 12:1               @use
  packages/styles/scss/layer/_layer-sets.scss 9:1           @forward
  packages/styles/scss/_layer.scss 8:1                      @use
  stdin 2:1                                                 root stylesheet]
    at expect (/Users/chrisvelgersdyk/Desktop/carbon-coverall/carbon-coverall-poc/node_modules/expect/build/index.js:128:15)
    at Object.expect (/Users/chrisvelgersdyk/Desktop/carbon-coverall/carbon-coverall-poc/packages/styles/__tests__/styles-test.js:24:13)
    at Promise.then.completed (/Users/chrisvelgersdyk/Desktop/carbon-coverall/carbon-coverall-poc/node_modules/jest-circus/build/utils.js:333:28)
    at new Promise (&lt;anonymous&gt;)
    at callAsyncCircusFn (/Users/chrisvelgersdyk/Desktop/carbon-coverall/carbon-coverall-poc/node_modules/jest-circus/build/utils.js:259:10)
    at _callCircusTest (/Users/chrisvelgersdyk/Desktop/carbon-coverall/carbon-coverall-poc/node_modules/jest-circus/build/run.js:276:40)
    at processTicksAndRejections (node:internal/process/task_queues:95:5)
    at _runTest (/Users/chrisvelgersdyk/Desktop/carbon-coverall/carbon-coverall-poc/node_modules/jest-circus/build/run.js:208:3)
    at _runTestsForDescribeBlock (/Users/chrisvelgersdyk/Desktop/carbon-coverall/carbon-coverall-poc/node_modules/jest-circus/build/run.js:96:9)
    at _runTestsForDescribeBlock (/Users/chrisvelgersdyk/Desktop/carbon-coverall/carbon-coverall-poc/node_modules/jest-circus/build/run.js:90:9)</failure>
    </testcase>
    <testcase classname="@carbon/styles scss/_layout.scss should be importable" name="@carbon/styles scss/_layout.scss should be importable" time="0.023">
      <failure>Error: expect(received).resolves.toBeDefined()

Received promise rejected instead of resolved
Rejected to value: [Error: Can&apos;t find stylesheet to import.
  ╷
8 │ @forward &apos;./generated/fluid-spacing&apos;;
  │ ^^^^^^^^^^^^^^^^^^^^^^^^^^^^^^^^^^^^
  ╵
  node_modules/@carbon/layout/scss/_spacing.scss 8:1  @forward
  packages/styles/scss/_spacing.scss 8:1              @use
  packages/styles/scss/_layout.scss 14:1              @use
  stdin 2:1                                           root stylesheet]
    at expect (/Users/chrisvelgersdyk/Desktop/carbon-coverall/carbon-coverall-poc/node_modules/expect/build/index.js:128:15)
    at Object.expect (/Users/chrisvelgersdyk/Desktop/carbon-coverall/carbon-coverall-poc/packages/styles/__tests__/styles-test.js:24:13)
    at Promise.then.completed (/Users/chrisvelgersdyk/Desktop/carbon-coverall/carbon-coverall-poc/node_modules/jest-circus/build/utils.js:333:28)
    at new Promise (&lt;anonymous&gt;)
    at callAsyncCircusFn (/Users/chrisvelgersdyk/Desktop/carbon-coverall/carbon-coverall-poc/node_modules/jest-circus/build/utils.js:259:10)
    at _callCircusTest (/Users/chrisvelgersdyk/Desktop/carbon-coverall/carbon-coverall-poc/node_modules/jest-circus/build/run.js:276:40)
    at processTicksAndRejections (node:internal/process/task_queues:95:5)
    at _runTest (/Users/chrisvelgersdyk/Desktop/carbon-coverall/carbon-coverall-poc/node_modules/jest-circus/build/run.js:208:3)
    at _runTestsForDescribeBlock (/Users/chrisvelgersdyk/Desktop/carbon-coverall/carbon-coverall-poc/node_modules/jest-circus/build/run.js:96:9)
    at _runTestsForDescribeBlock (/Users/chrisvelgersdyk/Desktop/carbon-coverall/carbon-coverall-poc/node_modules/jest-circus/build/run.js:90:9)</failure>
    </testcase>
    <testcase classname="@carbon/styles scss/_motion.scss should be importable" name="@carbon/styles scss/_motion.scss should be importable" time="0.003">
    </testcase>
    <testcase classname="@carbon/styles scss/_reset.scss should be importable" name="@carbon/styles scss/_reset.scss should be importable" time="0.026">
      <failure>Error: expect(received).resolves.toBeDefined()

Received promise rejected instead of resolved
Rejected to value: [Error: Can&apos;t find stylesheet to import.
  ╷
9 │ @use &apos;scss/generated/feature-flags&apos;;
  │ ^^^^^^^^^^^^^^^^^^^^^^^^^^^^^^^^^^^
  ╵
  node_modules/@carbon/feature-flags/index.scss 9:1  @forward
  packages/styles/scss/_feature-flags.scss 8:1       @use
  packages/styles/scss/type/_index.scss 8:1          @use
  packages/styles/scss/_reset.scss 9:1               @use
  stdin 2:1                                          root stylesheet]
    at expect (/Users/chrisvelgersdyk/Desktop/carbon-coverall/carbon-coverall-poc/node_modules/expect/build/index.js:128:15)
    at Object.expect (/Users/chrisvelgersdyk/Desktop/carbon-coverall/carbon-coverall-poc/packages/styles/__tests__/styles-test.js:24:13)
    at Promise.then.completed (/Users/chrisvelgersdyk/Desktop/carbon-coverall/carbon-coverall-poc/node_modules/jest-circus/build/utils.js:333:28)
    at new Promise (&lt;anonymous&gt;)
    at callAsyncCircusFn (/Users/chrisvelgersdyk/Desktop/carbon-coverall/carbon-coverall-poc/node_modules/jest-circus/build/utils.js:259:10)
    at _callCircusTest (/Users/chrisvelgersdyk/Desktop/carbon-coverall/carbon-coverall-poc/node_modules/jest-circus/build/run.js:276:40)
    at processTicksAndRejections (node:internal/process/task_queues:95:5)
    at _runTest (/Users/chrisvelgersdyk/Desktop/carbon-coverall/carbon-coverall-poc/node_modules/jest-circus/build/run.js:208:3)
    at _runTestsForDescribeBlock (/Users/chrisvelgersdyk/Desktop/carbon-coverall/carbon-coverall-poc/node_modules/jest-circus/build/run.js:96:9)
    at _runTestsForDescribeBlock (/Users/chrisvelgersdyk/Desktop/carbon-coverall/carbon-coverall-poc/node_modules/jest-circus/build/run.js:90:9)</failure>
    </testcase>
    <testcase classname="@carbon/styles scss/_spacing.scss should be importable" name="@carbon/styles scss/_spacing.scss should be importable" time="0.003">
      <failure>Error: expect(received).resolves.toBeDefined()

Received promise rejected instead of resolved
Rejected to value: [Error: Can&apos;t find stylesheet to import.
  ╷
8 │ @forward &apos;./generated/fluid-spacing&apos;;
  │ ^^^^^^^^^^^^^^^^^^^^^^^^^^^^^^^^^^^^
  ╵
  node_modules/@carbon/layout/scss/_spacing.scss 8:1  @forward
  packages/styles/scss/_spacing.scss 8:1              @use
  stdin 2:1                                           root stylesheet]
    at expect (/Users/chrisvelgersdyk/Desktop/carbon-coverall/carbon-coverall-poc/node_modules/expect/build/index.js:128:15)
    at Object.expect (/Users/chrisvelgersdyk/Desktop/carbon-coverall/carbon-coverall-poc/packages/styles/__tests__/styles-test.js:24:13)
    at Promise.then.completed (/Users/chrisvelgersdyk/Desktop/carbon-coverall/carbon-coverall-poc/node_modules/jest-circus/build/utils.js:333:28)
    at new Promise (&lt;anonymous&gt;)
    at callAsyncCircusFn (/Users/chrisvelgersdyk/Desktop/carbon-coverall/carbon-coverall-poc/node_modules/jest-circus/build/utils.js:259:10)
    at _callCircusTest (/Users/chrisvelgersdyk/Desktop/carbon-coverall/carbon-coverall-poc/node_modules/jest-circus/build/run.js:276:40)
    at processTicksAndRejections (node:internal/process/task_queues:95:5)
    at _runTest (/Users/chrisvelgersdyk/Desktop/carbon-coverall/carbon-coverall-poc/node_modules/jest-circus/build/run.js:208:3)
    at _runTestsForDescribeBlock (/Users/chrisvelgersdyk/Desktop/carbon-coverall/carbon-coverall-poc/node_modules/jest-circus/build/run.js:96:9)
    at _runTestsForDescribeBlock (/Users/chrisvelgersdyk/Desktop/carbon-coverall/carbon-coverall-poc/node_modules/jest-circus/build/run.js:90:9)</failure>
    </testcase>
    <testcase classname="@carbon/styles scss/_theme.scss should be importable" name="@carbon/styles scss/_theme.scss should be importable" time="0.006">
      <failure>Error: expect(received).resolves.toBeDefined()

Received promise rejected instead of resolved
Rejected to value: [Error: Can&apos;t find stylesheet to import.
  ╷
8 │ @forward &apos;generated/themes&apos;;
  │ ^^^^^^^^^^^^^^^^^^^^^^^^^^^
  ╵
  node_modules/@carbon/themes/scss/compat/_themes.scss 8:1  @use
  packages/styles/scss/compat/_themes.scss 9:1              @use
  packages/styles/scss/theme/_theme.scss 12:1               @forward
  packages/styles/scss/_theme.scss 8:1                      @use
  stdin 2:1                                                 root stylesheet]
    at expect (/Users/chrisvelgersdyk/Desktop/carbon-coverall/carbon-coverall-poc/node_modules/expect/build/index.js:128:15)
    at Object.expect (/Users/chrisvelgersdyk/Desktop/carbon-coverall/carbon-coverall-poc/packages/styles/__tests__/styles-test.js:24:13)
    at Promise.then.completed (/Users/chrisvelgersdyk/Desktop/carbon-coverall/carbon-coverall-poc/node_modules/jest-circus/build/utils.js:333:28)
    at new Promise (&lt;anonymous&gt;)
    at callAsyncCircusFn (/Users/chrisvelgersdyk/Desktop/carbon-coverall/carbon-coverall-poc/node_modules/jest-circus/build/utils.js:259:10)
    at _callCircusTest (/Users/chrisvelgersdyk/Desktop/carbon-coverall/carbon-coverall-poc/node_modules/jest-circus/build/run.js:276:40)
    at processTicksAndRejections (node:internal/process/task_queues:95:5)
    at _runTest (/Users/chrisvelgersdyk/Desktop/carbon-coverall/carbon-coverall-poc/node_modules/jest-circus/build/run.js:208:3)
    at _runTestsForDescribeBlock (/Users/chrisvelgersdyk/Desktop/carbon-coverall/carbon-coverall-poc/node_modules/jest-circus/build/run.js:96:9)
    at _runTestsForDescribeBlock (/Users/chrisvelgersdyk/Desktop/carbon-coverall/carbon-coverall-poc/node_modules/jest-circus/build/run.js:90:9)</failure>
    </testcase>
    <testcase classname="@carbon/styles scss/_themes.scss should be importable" name="@carbon/styles scss/_themes.scss should be importable" time="0.032">
      <failure>Error: expect(received).resolves.toBeDefined()

Received promise rejected instead of resolved
Rejected to value: [Error: Can&apos;t find stylesheet to import.
  ╷
8 │ @forward &apos;generated/themes&apos;;
  │ ^^^^^^^^^^^^^^^^^^^^^^^^^^^
  ╵
  node_modules/@carbon/themes/scss/_themes.scss 8:1  @forward
  packages/styles/scss/_themes.scss 9:1              @use
  stdin 2:1                                          root stylesheet]
    at expect (/Users/chrisvelgersdyk/Desktop/carbon-coverall/carbon-coverall-poc/node_modules/expect/build/index.js:128:15)
    at Object.expect (/Users/chrisvelgersdyk/Desktop/carbon-coverall/carbon-coverall-poc/packages/styles/__tests__/styles-test.js:24:13)
    at Promise.then.completed (/Users/chrisvelgersdyk/Desktop/carbon-coverall/carbon-coverall-poc/node_modules/jest-circus/build/utils.js:333:28)
    at new Promise (&lt;anonymous&gt;)
    at callAsyncCircusFn (/Users/chrisvelgersdyk/Desktop/carbon-coverall/carbon-coverall-poc/node_modules/jest-circus/build/utils.js:259:10)
    at _callCircusTest (/Users/chrisvelgersdyk/Desktop/carbon-coverall/carbon-coverall-poc/node_modules/jest-circus/build/run.js:276:40)
    at processTicksAndRejections (node:internal/process/task_queues:95:5)
    at _runTest (/Users/chrisvelgersdyk/Desktop/carbon-coverall/carbon-coverall-poc/node_modules/jest-circus/build/run.js:208:3)
    at _runTestsForDescribeBlock (/Users/chrisvelgersdyk/Desktop/carbon-coverall/carbon-coverall-poc/node_modules/jest-circus/build/run.js:96:9)
    at _runTestsForDescribeBlock (/Users/chrisvelgersdyk/Desktop/carbon-coverall/carbon-coverall-poc/node_modules/jest-circus/build/run.js:90:9)</failure>
    </testcase>
    <testcase classname="@carbon/styles scss/_zone.scss should be importable" name="@carbon/styles scss/_zone.scss should be importable" time="0.019">
      <failure>Error: expect(received).resolves.toBeDefined()

Received promise rejected instead of resolved
Rejected to value: [Error: Can&apos;t find stylesheet to import.
  ╷
8 │ @forward &apos;generated/themes&apos;;
  │ ^^^^^^^^^^^^^^^^^^^^^^^^^^^
  ╵
  node_modules/@carbon/themes/scss/_themes.scss 8:1  @forward
  packages/styles/scss/_themes.scss 9:1              @use
  packages/styles/scss/_zone.scss 11:1               @use
  stdin 2:1                                          root stylesheet]
    at expect (/Users/chrisvelgersdyk/Desktop/carbon-coverall/carbon-coverall-poc/node_modules/expect/build/index.js:128:15)
    at Object.expect (/Users/chrisvelgersdyk/Desktop/carbon-coverall/carbon-coverall-poc/packages/styles/__tests__/styles-test.js:24:13)
    at Promise.then.completed (/Users/chrisvelgersdyk/Desktop/carbon-coverall/carbon-coverall-poc/node_modules/jest-circus/build/utils.js:333:28)
    at new Promise (&lt;anonymous&gt;)
    at callAsyncCircusFn (/Users/chrisvelgersdyk/Desktop/carbon-coverall/carbon-coverall-poc/node_modules/jest-circus/build/utils.js:259:10)
    at _callCircusTest (/Users/chrisvelgersdyk/Desktop/carbon-coverall/carbon-coverall-poc/node_modules/jest-circus/build/run.js:276:40)
    at processTicksAndRejections (node:internal/process/task_queues:95:5)
    at _runTest (/Users/chrisvelgersdyk/Desktop/carbon-coverall/carbon-coverall-poc/node_modules/jest-circus/build/run.js:208:3)
    at _runTestsForDescribeBlock (/Users/chrisvelgersdyk/Desktop/carbon-coverall/carbon-coverall-poc/node_modules/jest-circus/build/run.js:96:9)
    at _runTestsForDescribeBlock (/Users/chrisvelgersdyk/Desktop/carbon-coverall/carbon-coverall-poc/node_modules/jest-circus/build/run.js:90:9)</failure>
    </testcase>
    <testcase classname="@carbon/styles scss/compat/_theme.scss should be importable" name="@carbon/styles scss/compat/_theme.scss should be importable" time="0.044">
      <failure>Error: expect(received).resolves.toBeDefined()

Received promise rejected instead of resolved
Rejected to value: [Error: Can&apos;t find stylesheet to import.
  ╷
8 │ @forward &apos;generated/themes&apos;;
  │ ^^^^^^^^^^^^^^^^^^^^^^^^^^^
  ╵
  node_modules/@carbon/themes/scss/compat/_themes.scss 8:1  @use
  packages/styles/scss/compat/_themes.scss 9:1              @use
  packages/styles/scss/theme/_theme.scss 12:1               @forward
  packages/styles/scss/_theme.scss 8:1                      @forward
  packages/styles/scss/compat/_theme.scss 8:1               @use
  stdin 2:1                                                 root stylesheet]
    at expect (/Users/chrisvelgersdyk/Desktop/carbon-coverall/carbon-coverall-poc/node_modules/expect/build/index.js:128:15)
    at Object.expect (/Users/chrisvelgersdyk/Desktop/carbon-coverall/carbon-coverall-poc/packages/styles/__tests__/styles-test.js:24:13)
    at Promise.then.completed (/Users/chrisvelgersdyk/Desktop/carbon-coverall/carbon-coverall-poc/node_modules/jest-circus/build/utils.js:333:28)
    at new Promise (&lt;anonymous&gt;)
    at callAsyncCircusFn (/Users/chrisvelgersdyk/Desktop/carbon-coverall/carbon-coverall-poc/node_modules/jest-circus/build/utils.js:259:10)
    at _callCircusTest (/Users/chrisvelgersdyk/Desktop/carbon-coverall/carbon-coverall-poc/node_modules/jest-circus/build/run.js:276:40)
    at processTicksAndRejections (node:internal/process/task_queues:95:5)
    at _runTest (/Users/chrisvelgersdyk/Desktop/carbon-coverall/carbon-coverall-poc/node_modules/jest-circus/build/run.js:208:3)
    at _runTestsForDescribeBlock (/Users/chrisvelgersdyk/Desktop/carbon-coverall/carbon-coverall-poc/node_modules/jest-circus/build/run.js:96:9)
    at _runTestsForDescribeBlock (/Users/chrisvelgersdyk/Desktop/carbon-coverall/carbon-coverall-poc/node_modules/jest-circus/build/run.js:90:9)</failure>
    </testcase>
    <testcase classname="@carbon/styles scss/compat/_themes.scss should be importable" name="@carbon/styles scss/compat/_themes.scss should be importable" time="0.004">
      <failure>Error: expect(received).resolves.toBeDefined()

Received promise rejected instead of resolved
Rejected to value: [Error: Can&apos;t find stylesheet to import.
  ╷
8 │ @forward &apos;generated/themes&apos;;
  │ ^^^^^^^^^^^^^^^^^^^^^^^^^^^
  ╵
  node_modules/@carbon/themes/scss/compat/_themes.scss 8:1  @use
  packages/styles/scss/compat/_themes.scss 9:1              @use
  stdin 2:1                                                 root stylesheet]
    at expect (/Users/chrisvelgersdyk/Desktop/carbon-coverall/carbon-coverall-poc/node_modules/expect/build/index.js:128:15)
    at Object.expect (/Users/chrisvelgersdyk/Desktop/carbon-coverall/carbon-coverall-poc/packages/styles/__tests__/styles-test.js:24:13)
    at Promise.then.completed (/Users/chrisvelgersdyk/Desktop/carbon-coverall/carbon-coverall-poc/node_modules/jest-circus/build/utils.js:333:28)
    at new Promise (&lt;anonymous&gt;)
    at callAsyncCircusFn (/Users/chrisvelgersdyk/Desktop/carbon-coverall/carbon-coverall-poc/node_modules/jest-circus/build/utils.js:259:10)
    at _callCircusTest (/Users/chrisvelgersdyk/Desktop/carbon-coverall/carbon-coverall-poc/node_modules/jest-circus/build/run.js:276:40)
    at processTicksAndRejections (node:internal/process/task_queues:95:5)
    at _runTest (/Users/chrisvelgersdyk/Desktop/carbon-coverall/carbon-coverall-poc/node_modules/jest-circus/build/run.js:208:3)
    at _runTestsForDescribeBlock (/Users/chrisvelgersdyk/Desktop/carbon-coverall/carbon-coverall-poc/node_modules/jest-circus/build/run.js:96:9)
    at _runTestsForDescribeBlock (/Users/chrisvelgersdyk/Desktop/carbon-coverall/carbon-coverall-poc/node_modules/jest-circus/build/run.js:90:9)</failure>
    </testcase>
    <testcase classname="@carbon/styles scss/components/_index.scss should be importable" name="@carbon/styles scss/components/_index.scss should be importable" time="0.037">
      <failure>Error: expect(received).resolves.toBeDefined()

Received promise rejected instead of resolved
Rejected to value: [Error: Can&apos;t find stylesheet to import.
  ╷
8 │ @forward &apos;generated/themes&apos;;
  │ ^^^^^^^^^^^^^^^^^^^^^^^^^^^
  ╵
  node_modules/@carbon/themes/scss/compat/_themes.scss 8:1        @use
  packages/styles/scss/compat/_themes.scss 9:1                    @use
  packages/styles/scss/theme/_theme.scss 12:1                     @forward
  packages/styles/scss/_theme.scss 8:1                            @use
  packages/styles/scss/components/accordion/_accordion.scss 11:1  @forward
  packages/styles/scss/components/accordion/_index.scss 8:1       @use
  packages/styles/scss/components/_index.scss 8:1                 @use
  stdin 2:1                                                       root stylesheet]
    at expect (/Users/chrisvelgersdyk/Desktop/carbon-coverall/carbon-coverall-poc/node_modules/expect/build/index.js:128:15)
    at Object.expect (/Users/chrisvelgersdyk/Desktop/carbon-coverall/carbon-coverall-poc/packages/styles/__tests__/styles-test.js:24:13)
    at Promise.then.completed (/Users/chrisvelgersdyk/Desktop/carbon-coverall/carbon-coverall-poc/node_modules/jest-circus/build/utils.js:333:28)
    at new Promise (&lt;anonymous&gt;)
    at callAsyncCircusFn (/Users/chrisvelgersdyk/Desktop/carbon-coverall/carbon-coverall-poc/node_modules/jest-circus/build/utils.js:259:10)
    at _callCircusTest (/Users/chrisvelgersdyk/Desktop/carbon-coverall/carbon-coverall-poc/node_modules/jest-circus/build/run.js:276:40)
    at processTicksAndRejections (node:internal/process/task_queues:95:5)
    at _runTest (/Users/chrisvelgersdyk/Desktop/carbon-coverall/carbon-coverall-poc/node_modules/jest-circus/build/run.js:208:3)
    at _runTestsForDescribeBlock (/Users/chrisvelgersdyk/Desktop/carbon-coverall/carbon-coverall-poc/node_modules/jest-circus/build/run.js:96:9)
    at _runTestsForDescribeBlock (/Users/chrisvelgersdyk/Desktop/carbon-coverall/carbon-coverall-poc/node_modules/jest-circus/build/run.js:90:9)</failure>
    </testcase>
    <testcase classname="@carbon/styles scss/components/accordion/_accordion.scss should be importable" name="@carbon/styles scss/components/accordion/_accordion.scss should be importable" time="0.038">
      <failure>Error: expect(received).resolves.toBeDefined()

Received promise rejected instead of resolved
Rejected to value: [Error: Can&apos;t find stylesheet to import.
  ╷
8 │ @forward &apos;generated/themes&apos;;
  │ ^^^^^^^^^^^^^^^^^^^^^^^^^^^
  ╵
  node_modules/@carbon/themes/scss/compat/_themes.scss 8:1        @use
  packages/styles/scss/compat/_themes.scss 9:1                    @use
  packages/styles/scss/theme/_theme.scss 12:1                     @forward
  packages/styles/scss/_theme.scss 8:1                            @use
  packages/styles/scss/components/accordion/_accordion.scss 11:1  @use
  stdin 2:1                                                       root stylesheet]
    at expect (/Users/chrisvelgersdyk/Desktop/carbon-coverall/carbon-coverall-poc/node_modules/expect/build/index.js:128:15)
    at Object.expect (/Users/chrisvelgersdyk/Desktop/carbon-coverall/carbon-coverall-poc/packages/styles/__tests__/styles-test.js:24:13)
    at Promise.then.completed (/Users/chrisvelgersdyk/Desktop/carbon-coverall/carbon-coverall-poc/node_modules/jest-circus/build/utils.js:333:28)
    at new Promise (&lt;anonymous&gt;)
    at callAsyncCircusFn (/Users/chrisvelgersdyk/Desktop/carbon-coverall/carbon-coverall-poc/node_modules/jest-circus/build/utils.js:259:10)
    at _callCircusTest (/Users/chrisvelgersdyk/Desktop/carbon-coverall/carbon-coverall-poc/node_modules/jest-circus/build/run.js:276:40)
    at processTicksAndRejections (node:internal/process/task_queues:95:5)
    at _runTest (/Users/chrisvelgersdyk/Desktop/carbon-coverall/carbon-coverall-poc/node_modules/jest-circus/build/run.js:208:3)
    at _runTestsForDescribeBlock (/Users/chrisvelgersdyk/Desktop/carbon-coverall/carbon-coverall-poc/node_modules/jest-circus/build/run.js:96:9)
    at _runTestsForDescribeBlock (/Users/chrisvelgersdyk/Desktop/carbon-coverall/carbon-coverall-poc/node_modules/jest-circus/build/run.js:90:9)</failure>
    </testcase>
    <testcase classname="@carbon/styles scss/components/accordion/_index.scss should be importable" name="@carbon/styles scss/components/accordion/_index.scss should be importable" time="0.031">
      <failure>Error: expect(received).resolves.toBeDefined()

Received promise rejected instead of resolved
Rejected to value: [Error: Can&apos;t find stylesheet to import.
  ╷
8 │ @forward &apos;generated/themes&apos;;
  │ ^^^^^^^^^^^^^^^^^^^^^^^^^^^
  ╵
  node_modules/@carbon/themes/scss/compat/_themes.scss 8:1        @use
  packages/styles/scss/compat/_themes.scss 9:1                    @use
  packages/styles/scss/theme/_theme.scss 12:1                     @forward
  packages/styles/scss/_theme.scss 8:1                            @use
  packages/styles/scss/components/accordion/_accordion.scss 11:1  @forward
  packages/styles/scss/components/accordion/_index.scss 8:1       @use
  stdin 2:1                                                       root stylesheet]
    at expect (/Users/chrisvelgersdyk/Desktop/carbon-coverall/carbon-coverall-poc/node_modules/expect/build/index.js:128:15)
    at Object.expect (/Users/chrisvelgersdyk/Desktop/carbon-coverall/carbon-coverall-poc/packages/styles/__tests__/styles-test.js:24:13)
    at Promise.then.completed (/Users/chrisvelgersdyk/Desktop/carbon-coverall/carbon-coverall-poc/node_modules/jest-circus/build/utils.js:333:28)
    at new Promise (&lt;anonymous&gt;)
    at callAsyncCircusFn (/Users/chrisvelgersdyk/Desktop/carbon-coverall/carbon-coverall-poc/node_modules/jest-circus/build/utils.js:259:10)
    at _callCircusTest (/Users/chrisvelgersdyk/Desktop/carbon-coverall/carbon-coverall-poc/node_modules/jest-circus/build/run.js:276:40)
    at processTicksAndRejections (node:internal/process/task_queues:95:5)
    at _runTest (/Users/chrisvelgersdyk/Desktop/carbon-coverall/carbon-coverall-poc/node_modules/jest-circus/build/run.js:208:3)
    at _runTestsForDescribeBlock (/Users/chrisvelgersdyk/Desktop/carbon-coverall/carbon-coverall-poc/node_modules/jest-circus/build/run.js:96:9)
    at _runTestsForDescribeBlock (/Users/chrisvelgersdyk/Desktop/carbon-coverall/carbon-coverall-poc/node_modules/jest-circus/build/run.js:90:9)</failure>
    </testcase>
    <testcase classname="@carbon/styles scss/components/ai-label/_ai-label.scss should be importable" name="@carbon/styles scss/components/ai-label/_ai-label.scss should be importable" time="0.043">
      <failure>Error: expect(received).resolves.toBeDefined()

Received promise rejected instead of resolved
Rejected to value: [Error: Can&apos;t find stylesheet to import.
  ╷
8 │ @forward &apos;@carbon/colors&apos;;
  │ ^^^^^^^^^^^^^^^^^^^^^^^^^
  ╵
  packages/styles/scss/_colors.scss 8:1                         @use
  packages/styles/scss/components/slug/_slug.scss 9:1           @forward
  packages/styles/scss/components/slug/_index.scss 8:1          @use
  packages/styles/scss/components/ai-label/_ai-label.scss 11:1  @use
  stdin 2:1                                                     root stylesheet]
    at expect (/Users/chrisvelgersdyk/Desktop/carbon-coverall/carbon-coverall-poc/node_modules/expect/build/index.js:128:15)
    at Object.expect (/Users/chrisvelgersdyk/Desktop/carbon-coverall/carbon-coverall-poc/packages/styles/__tests__/styles-test.js:24:13)
    at Promise.then.completed (/Users/chrisvelgersdyk/Desktop/carbon-coverall/carbon-coverall-poc/node_modules/jest-circus/build/utils.js:333:28)
    at new Promise (&lt;anonymous&gt;)
    at callAsyncCircusFn (/Users/chrisvelgersdyk/Desktop/carbon-coverall/carbon-coverall-poc/node_modules/jest-circus/build/utils.js:259:10)
    at _callCircusTest (/Users/chrisvelgersdyk/Desktop/carbon-coverall/carbon-coverall-poc/node_modules/jest-circus/build/run.js:276:40)
    at processTicksAndRejections (node:internal/process/task_queues:95:5)
    at _runTest (/Users/chrisvelgersdyk/Desktop/carbon-coverall/carbon-coverall-poc/node_modules/jest-circus/build/run.js:208:3)
    at _runTestsForDescribeBlock (/Users/chrisvelgersdyk/Desktop/carbon-coverall/carbon-coverall-poc/node_modules/jest-circus/build/run.js:96:9)
    at _runTestsForDescribeBlock (/Users/chrisvelgersdyk/Desktop/carbon-coverall/carbon-coverall-poc/node_modules/jest-circus/build/run.js:90:9)</failure>
    </testcase>
    <testcase classname="@carbon/styles scss/components/ai-label/_index.scss should be importable" name="@carbon/styles scss/components/ai-label/_index.scss should be importable" time="0.082">
      <failure>Error: expect(received).resolves.toBeDefined()

Received promise rejected instead of resolved
Rejected to value: [Error: Can&apos;t find stylesheet to import.
  ╷
8 │ @forward &apos;@carbon/colors&apos;;
  │ ^^^^^^^^^^^^^^^^^^^^^^^^^
  ╵
  packages/styles/scss/_colors.scss 8:1                         @use
  packages/styles/scss/components/slug/_slug.scss 9:1           @forward
  packages/styles/scss/components/slug/_index.scss 8:1          @use
  packages/styles/scss/components/ai-label/_ai-label.scss 11:1  @forward
  packages/styles/scss/components/ai-label/_index.scss 8:1      @use
  stdin 2:1                                                     root stylesheet]
    at expect (/Users/chrisvelgersdyk/Desktop/carbon-coverall/carbon-coverall-poc/node_modules/expect/build/index.js:128:15)
    at Object.expect (/Users/chrisvelgersdyk/Desktop/carbon-coverall/carbon-coverall-poc/packages/styles/__tests__/styles-test.js:24:13)
    at Promise.then.completed (/Users/chrisvelgersdyk/Desktop/carbon-coverall/carbon-coverall-poc/node_modules/jest-circus/build/utils.js:333:28)
    at new Promise (&lt;anonymous&gt;)
    at callAsyncCircusFn (/Users/chrisvelgersdyk/Desktop/carbon-coverall/carbon-coverall-poc/node_modules/jest-circus/build/utils.js:259:10)
    at _callCircusTest (/Users/chrisvelgersdyk/Desktop/carbon-coverall/carbon-coverall-poc/node_modules/jest-circus/build/run.js:276:40)
    at processTicksAndRejections (node:internal/process/task_queues:95:5)
    at _runTest (/Users/chrisvelgersdyk/Desktop/carbon-coverall/carbon-coverall-poc/node_modules/jest-circus/build/run.js:208:3)
    at _runTestsForDescribeBlock (/Users/chrisvelgersdyk/Desktop/carbon-coverall/carbon-coverall-poc/node_modules/jest-circus/build/run.js:96:9)
    at _runTestsForDescribeBlock (/Users/chrisvelgersdyk/Desktop/carbon-coverall/carbon-coverall-poc/node_modules/jest-circus/build/run.js:90:9)</failure>
    </testcase>
    <testcase classname="@carbon/styles scss/components/aspect-ratio/_aspect-ratio.scss should be importable" name="@carbon/styles scss/components/aspect-ratio/_aspect-ratio.scss should be importable" time="0.004">
    </testcase>
    <testcase classname="@carbon/styles scss/components/aspect-ratio/_index.scss should be importable" name="@carbon/styles scss/components/aspect-ratio/_index.scss should be importable" time="0.041">
    </testcase>
    <testcase classname="@carbon/styles scss/components/badge-indicator/_badge-indicator.scss should be importable" name="@carbon/styles scss/components/badge-indicator/_badge-indicator.scss should be importable" time="0.01">
      <failure>Error: expect(received).resolves.toBeDefined()

Received promise rejected instead of resolved
Rejected to value: [Error: Can&apos;t find stylesheet to import.
  ╷
8 │ @forward &apos;./generated/fluid-spacing&apos;;
  │ ^^^^^^^^^^^^^^^^^^^^^^^^^^^^^^^^^^^^
  ╵
  node_modules/@carbon/layout/scss/_spacing.scss 8:1                          @forward
  packages/styles/scss/_spacing.scss 8:1                                      @use
  packages/styles/scss/components/badge-indicator/_badge-indicator.scss 13:1  @use
  stdin 2:1                                                                   root stylesheet]
    at expect (/Users/chrisvelgersdyk/Desktop/carbon-coverall/carbon-coverall-poc/node_modules/expect/build/index.js:128:15)
    at Object.expect (/Users/chrisvelgersdyk/Desktop/carbon-coverall/carbon-coverall-poc/packages/styles/__tests__/styles-test.js:24:13)
    at Promise.then.completed (/Users/chrisvelgersdyk/Desktop/carbon-coverall/carbon-coverall-poc/node_modules/jest-circus/build/utils.js:333:28)
    at new Promise (&lt;anonymous&gt;)
    at callAsyncCircusFn (/Users/chrisvelgersdyk/Desktop/carbon-coverall/carbon-coverall-poc/node_modules/jest-circus/build/utils.js:259:10)
    at _callCircusTest (/Users/chrisvelgersdyk/Desktop/carbon-coverall/carbon-coverall-poc/node_modules/jest-circus/build/run.js:276:40)
    at processTicksAndRejections (node:internal/process/task_queues:95:5)
    at _runTest (/Users/chrisvelgersdyk/Desktop/carbon-coverall/carbon-coverall-poc/node_modules/jest-circus/build/run.js:208:3)
    at _runTestsForDescribeBlock (/Users/chrisvelgersdyk/Desktop/carbon-coverall/carbon-coverall-poc/node_modules/jest-circus/build/run.js:96:9)
    at _runTestsForDescribeBlock (/Users/chrisvelgersdyk/Desktop/carbon-coverall/carbon-coverall-poc/node_modules/jest-circus/build/run.js:90:9)</failure>
    </testcase>
    <testcase classname="@carbon/styles scss/components/badge-indicator/_index.scss should be importable" name="@carbon/styles scss/components/badge-indicator/_index.scss should be importable" time="0.008">
      <failure>Error: expect(received).resolves.toBeDefined()

Received promise rejected instead of resolved
Rejected to value: [Error: Can&apos;t find stylesheet to import.
  ╷
8 │ @forward &apos;./generated/fluid-spacing&apos;;
  │ ^^^^^^^^^^^^^^^^^^^^^^^^^^^^^^^^^^^^
  ╵
  node_modules/@carbon/layout/scss/_spacing.scss 8:1                          @forward
  packages/styles/scss/_spacing.scss 8:1                                      @use
  packages/styles/scss/components/badge-indicator/_badge-indicator.scss 13:1  @forward
  packages/styles/scss/components/badge-indicator/_index.scss 8:1             @use
  stdin 2:1                                                                   root stylesheet]
    at expect (/Users/chrisvelgersdyk/Desktop/carbon-coverall/carbon-coverall-poc/node_modules/expect/build/index.js:128:15)
    at Object.expect (/Users/chrisvelgersdyk/Desktop/carbon-coverall/carbon-coverall-poc/packages/styles/__tests__/styles-test.js:24:13)
    at Promise.then.completed (/Users/chrisvelgersdyk/Desktop/carbon-coverall/carbon-coverall-poc/node_modules/jest-circus/build/utils.js:333:28)
    at new Promise (&lt;anonymous&gt;)
    at callAsyncCircusFn (/Users/chrisvelgersdyk/Desktop/carbon-coverall/carbon-coverall-poc/node_modules/jest-circus/build/utils.js:259:10)
    at _callCircusTest (/Users/chrisvelgersdyk/Desktop/carbon-coverall/carbon-coverall-poc/node_modules/jest-circus/build/run.js:276:40)
    at processTicksAndRejections (node:internal/process/task_queues:95:5)
    at _runTest (/Users/chrisvelgersdyk/Desktop/carbon-coverall/carbon-coverall-poc/node_modules/jest-circus/build/run.js:208:3)
    at _runTestsForDescribeBlock (/Users/chrisvelgersdyk/Desktop/carbon-coverall/carbon-coverall-poc/node_modules/jest-circus/build/run.js:96:9)
    at _runTestsForDescribeBlock (/Users/chrisvelgersdyk/Desktop/carbon-coverall/carbon-coverall-poc/node_modules/jest-circus/build/run.js:90:9)</failure>
    </testcase>
    <testcase classname="@carbon/styles scss/components/breadcrumb/_breadcrumb.scss should be importable" name="@carbon/styles scss/components/breadcrumb/_breadcrumb.scss should be importable" time="0.011">
      <failure>Error: expect(received).resolves.toBeDefined()

Received promise rejected instead of resolved
Rejected to value: [Error: Can&apos;t find stylesheet to import.
  ╷
8 │ @forward &apos;./generated/fluid-spacing&apos;;
  │ ^^^^^^^^^^^^^^^^^^^^^^^^^^^^^^^^^^^^
  ╵
  node_modules/@carbon/layout/scss/_spacing.scss 8:1                     @forward
  packages/styles/scss/_spacing.scss 8:1                                 @use
  packages/styles/scss/components/button/_vars.scss 8:1                  @forward
  packages/styles/scss/components/button/_index.scss 8:1                 @use
  packages/styles/scss/components/overflow-menu/_overflow-menu.scss 8:1  @forward
  packages/styles/scss/components/overflow-menu/_index.scss 8:1          @use
  packages/styles/scss/components/breadcrumb/_breadcrumb.scss 8:1        @use
  stdin 2:1                                                              root stylesheet]
    at expect (/Users/chrisvelgersdyk/Desktop/carbon-coverall/carbon-coverall-poc/node_modules/expect/build/index.js:128:15)
    at Object.expect (/Users/chrisvelgersdyk/Desktop/carbon-coverall/carbon-coverall-poc/packages/styles/__tests__/styles-test.js:24:13)
    at Promise.then.completed (/Users/chrisvelgersdyk/Desktop/carbon-coverall/carbon-coverall-poc/node_modules/jest-circus/build/utils.js:333:28)
    at new Promise (&lt;anonymous&gt;)
    at callAsyncCircusFn (/Users/chrisvelgersdyk/Desktop/carbon-coverall/carbon-coverall-poc/node_modules/jest-circus/build/utils.js:259:10)
    at _callCircusTest (/Users/chrisvelgersdyk/Desktop/carbon-coverall/carbon-coverall-poc/node_modules/jest-circus/build/run.js:276:40)
    at processTicksAndRejections (node:internal/process/task_queues:95:5)
    at _runTest (/Users/chrisvelgersdyk/Desktop/carbon-coverall/carbon-coverall-poc/node_modules/jest-circus/build/run.js:208:3)
    at _runTestsForDescribeBlock (/Users/chrisvelgersdyk/Desktop/carbon-coverall/carbon-coverall-poc/node_modules/jest-circus/build/run.js:96:9)
    at _runTestsForDescribeBlock (/Users/chrisvelgersdyk/Desktop/carbon-coverall/carbon-coverall-poc/node_modules/jest-circus/build/run.js:90:9)</failure>
    </testcase>
    <testcase classname="@carbon/styles scss/components/breadcrumb/_index.scss should be importable" name="@carbon/styles scss/components/breadcrumb/_index.scss should be importable" time="0.014">
      <failure>Error: expect(received).resolves.toBeDefined()

Received promise rejected instead of resolved
Rejected to value: [Error: Can&apos;t find stylesheet to import.
  ╷
8 │ @forward &apos;./generated/fluid-spacing&apos;;
  │ ^^^^^^^^^^^^^^^^^^^^^^^^^^^^^^^^^^^^
  ╵
  node_modules/@carbon/layout/scss/_spacing.scss 8:1                     @forward
  packages/styles/scss/_spacing.scss 8:1                                 @use
  packages/styles/scss/components/button/_vars.scss 8:1                  @forward
  packages/styles/scss/components/button/_index.scss 8:1                 @use
  packages/styles/scss/components/overflow-menu/_overflow-menu.scss 8:1  @forward
  packages/styles/scss/components/overflow-menu/_index.scss 8:1          @use
  packages/styles/scss/components/breadcrumb/_breadcrumb.scss 8:1        @forward
  packages/styles/scss/components/breadcrumb/_index.scss 8:1             @use
  stdin 2:1                                                              root stylesheet]
    at expect (/Users/chrisvelgersdyk/Desktop/carbon-coverall/carbon-coverall-poc/node_modules/expect/build/index.js:128:15)
    at Object.expect (/Users/chrisvelgersdyk/Desktop/carbon-coverall/carbon-coverall-poc/packages/styles/__tests__/styles-test.js:24:13)
    at Promise.then.completed (/Users/chrisvelgersdyk/Desktop/carbon-coverall/carbon-coverall-poc/node_modules/jest-circus/build/utils.js:333:28)
    at new Promise (&lt;anonymous&gt;)
    at callAsyncCircusFn (/Users/chrisvelgersdyk/Desktop/carbon-coverall/carbon-coverall-poc/node_modules/jest-circus/build/utils.js:259:10)
    at _callCircusTest (/Users/chrisvelgersdyk/Desktop/carbon-coverall/carbon-coverall-poc/node_modules/jest-circus/build/run.js:276:40)
    at processTicksAndRejections (node:internal/process/task_queues:95:5)
    at _runTest (/Users/chrisvelgersdyk/Desktop/carbon-coverall/carbon-coverall-poc/node_modules/jest-circus/build/run.js:208:3)
    at _runTestsForDescribeBlock (/Users/chrisvelgersdyk/Desktop/carbon-coverall/carbon-coverall-poc/node_modules/jest-circus/build/run.js:96:9)
    at _runTestsForDescribeBlock (/Users/chrisvelgersdyk/Desktop/carbon-coverall/carbon-coverall-poc/node_modules/jest-circus/build/run.js:90:9)</failure>
    </testcase>
    <testcase classname="@carbon/styles scss/components/button/_button.scss should be importable" name="@carbon/styles scss/components/button/_button.scss should be importable" time="0.056">
      <failure>Error: expect(received).resolves.toBeDefined()

Received promise rejected instead of resolved
Rejected to value: [Error: Can&apos;t find stylesheet to import.
  ╷
8 │ @forward &apos;generated/themes&apos;;
  │ ^^^^^^^^^^^^^^^^^^^^^^^^^^^
  ╵
  node_modules/@carbon/themes/scss/_themes.scss 8:1         @forward
  packages/styles/scss/_themes.scss 9:1                     @use
  packages/styles/scss/components/button/_tokens.scss 10:1  @use
  packages/styles/scss/components/button/_button.scss 8:1   @use
  stdin 2:1                                                 root stylesheet]
    at expect (/Users/chrisvelgersdyk/Desktop/carbon-coverall/carbon-coverall-poc/node_modules/expect/build/index.js:128:15)
    at Object.expect (/Users/chrisvelgersdyk/Desktop/carbon-coverall/carbon-coverall-poc/packages/styles/__tests__/styles-test.js:24:13)
    at Promise.then.completed (/Users/chrisvelgersdyk/Desktop/carbon-coverall/carbon-coverall-poc/node_modules/jest-circus/build/utils.js:333:28)
    at new Promise (&lt;anonymous&gt;)
    at callAsyncCircusFn (/Users/chrisvelgersdyk/Desktop/carbon-coverall/carbon-coverall-poc/node_modules/jest-circus/build/utils.js:259:10)
    at _callCircusTest (/Users/chrisvelgersdyk/Desktop/carbon-coverall/carbon-coverall-poc/node_modules/jest-circus/build/run.js:276:40)
    at processTicksAndRejections (node:internal/process/task_queues:95:5)
    at _runTest (/Users/chrisvelgersdyk/Desktop/carbon-coverall/carbon-coverall-poc/node_modules/jest-circus/build/run.js:208:3)
    at _runTestsForDescribeBlock (/Users/chrisvelgersdyk/Desktop/carbon-coverall/carbon-coverall-poc/node_modules/jest-circus/build/run.js:96:9)
    at _runTestsForDescribeBlock (/Users/chrisvelgersdyk/Desktop/carbon-coverall/carbon-coverall-poc/node_modules/jest-circus/build/run.js:90:9)</failure>
    </testcase>
    <testcase classname="@carbon/styles scss/components/button/_index.scss should be importable" name="@carbon/styles scss/components/button/_index.scss should be importable" time="0.003">
      <failure>Error: expect(received).resolves.toBeDefined()

Received promise rejected instead of resolved
Rejected to value: [Error: Can&apos;t find stylesheet to import.
  ╷
8 │ @forward &apos;./generated/fluid-spacing&apos;;
  │ ^^^^^^^^^^^^^^^^^^^^^^^^^^^^^^^^^^^^
  ╵
  node_modules/@carbon/layout/scss/_spacing.scss 8:1      @forward
  packages/styles/scss/_spacing.scss 8:1                  @use
  packages/styles/scss/components/button/_vars.scss 8:1   @forward
  packages/styles/scss/components/button/_index.scss 8:1  @use
  stdin 2:1                                               root stylesheet]
    at expect (/Users/chrisvelgersdyk/Desktop/carbon-coverall/carbon-coverall-poc/node_modules/expect/build/index.js:128:15)
    at Object.expect (/Users/chrisvelgersdyk/Desktop/carbon-coverall/carbon-coverall-poc/packages/styles/__tests__/styles-test.js:24:13)
    at Promise.then.completed (/Users/chrisvelgersdyk/Desktop/carbon-coverall/carbon-coverall-poc/node_modules/jest-circus/build/utils.js:333:28)
    at new Promise (&lt;anonymous&gt;)
    at callAsyncCircusFn (/Users/chrisvelgersdyk/Desktop/carbon-coverall/carbon-coverall-poc/node_modules/jest-circus/build/utils.js:259:10)
    at _callCircusTest (/Users/chrisvelgersdyk/Desktop/carbon-coverall/carbon-coverall-poc/node_modules/jest-circus/build/run.js:276:40)
    at processTicksAndRejections (node:internal/process/task_queues:95:5)
    at _runTest (/Users/chrisvelgersdyk/Desktop/carbon-coverall/carbon-coverall-poc/node_modules/jest-circus/build/run.js:208:3)
    at _runTestsForDescribeBlock (/Users/chrisvelgersdyk/Desktop/carbon-coverall/carbon-coverall-poc/node_modules/jest-circus/build/run.js:96:9)
    at _runTestsForDescribeBlock (/Users/chrisvelgersdyk/Desktop/carbon-coverall/carbon-coverall-poc/node_modules/jest-circus/build/run.js:90:9)</failure>
    </testcase>
    <testcase classname="@carbon/styles scss/components/button/_tokens.scss should be importable" name="@carbon/styles scss/components/button/_tokens.scss should be importable" time="0.009">
      <failure>Error: expect(received).resolves.toBeDefined()

Received promise rejected instead of resolved
Rejected to value: [Error: Can&apos;t find stylesheet to import.
  ╷
8 │ @forward &apos;generated/themes&apos;;
  │ ^^^^^^^^^^^^^^^^^^^^^^^^^^^
  ╵
  node_modules/@carbon/themes/scss/_themes.scss 8:1         @forward
  packages/styles/scss/_themes.scss 9:1                     @use
  packages/styles/scss/components/button/_tokens.scss 10:1  @use
  stdin 2:1                                                 root stylesheet]
    at expect (/Users/chrisvelgersdyk/Desktop/carbon-coverall/carbon-coverall-poc/node_modules/expect/build/index.js:128:15)
    at Object.expect (/Users/chrisvelgersdyk/Desktop/carbon-coverall/carbon-coverall-poc/packages/styles/__tests__/styles-test.js:24:13)
    at Promise.then.completed (/Users/chrisvelgersdyk/Desktop/carbon-coverall/carbon-coverall-poc/node_modules/jest-circus/build/utils.js:333:28)
    at new Promise (&lt;anonymous&gt;)
    at callAsyncCircusFn (/Users/chrisvelgersdyk/Desktop/carbon-coverall/carbon-coverall-poc/node_modules/jest-circus/build/utils.js:259:10)
    at _callCircusTest (/Users/chrisvelgersdyk/Desktop/carbon-coverall/carbon-coverall-poc/node_modules/jest-circus/build/run.js:276:40)
    at processTicksAndRejections (node:internal/process/task_queues:95:5)
    at _runTest (/Users/chrisvelgersdyk/Desktop/carbon-coverall/carbon-coverall-poc/node_modules/jest-circus/build/run.js:208:3)
    at _runTestsForDescribeBlock (/Users/chrisvelgersdyk/Desktop/carbon-coverall/carbon-coverall-poc/node_modules/jest-circus/build/run.js:96:9)
    at _runTestsForDescribeBlock (/Users/chrisvelgersdyk/Desktop/carbon-coverall/carbon-coverall-poc/node_modules/jest-circus/build/run.js:90:9)</failure>
    </testcase>
    <testcase classname="@carbon/styles scss/components/chat-button/_chat-button.scss should be importable" name="@carbon/styles scss/components/chat-button/_chat-button.scss should be importable" time="0.006">
      <failure>Error: expect(received).resolves.toBeDefined()

Received promise rejected instead of resolved
Rejected to value: [Error: Can&apos;t find stylesheet to import.
  ╷
8 │ @forward &apos;./generated/fluid-spacing&apos;;
  │ ^^^^^^^^^^^^^^^^^^^^^^^^^^^^^^^^^^^^
  ╵
  node_modules/@carbon/layout/scss/_spacing.scss 8:1                 @forward
  packages/styles/scss/_spacing.scss 8:1                             @use
  packages/styles/scss/components/button/_vars.scss 8:1              @forward
  packages/styles/scss/components/button/_index.scss 8:1             @use
  packages/styles/scss/components/chat-button/_chat-button.scss 8:1  @use
  stdin 2:1                                                          root stylesheet]
    at expect (/Users/chrisvelgersdyk/Desktop/carbon-coverall/carbon-coverall-poc/node_modules/expect/build/index.js:128:15)
    at Object.expect (/Users/chrisvelgersdyk/Desktop/carbon-coverall/carbon-coverall-poc/packages/styles/__tests__/styles-test.js:24:13)
    at Promise.then.completed (/Users/chrisvelgersdyk/Desktop/carbon-coverall/carbon-coverall-poc/node_modules/jest-circus/build/utils.js:333:28)
    at new Promise (&lt;anonymous&gt;)
    at callAsyncCircusFn (/Users/chrisvelgersdyk/Desktop/carbon-coverall/carbon-coverall-poc/node_modules/jest-circus/build/utils.js:259:10)
    at _callCircusTest (/Users/chrisvelgersdyk/Desktop/carbon-coverall/carbon-coverall-poc/node_modules/jest-circus/build/run.js:276:40)
    at processTicksAndRejections (node:internal/process/task_queues:95:5)
    at _runTest (/Users/chrisvelgersdyk/Desktop/carbon-coverall/carbon-coverall-poc/node_modules/jest-circus/build/run.js:208:3)
    at _runTestsForDescribeBlock (/Users/chrisvelgersdyk/Desktop/carbon-coverall/carbon-coverall-poc/node_modules/jest-circus/build/run.js:96:9)
    at _runTestsForDescribeBlock (/Users/chrisvelgersdyk/Desktop/carbon-coverall/carbon-coverall-poc/node_modules/jest-circus/build/run.js:90:9)</failure>
    </testcase>
    <testcase classname="@carbon/styles scss/components/chat-button/_index.scss should be importable" name="@carbon/styles scss/components/chat-button/_index.scss should be importable" time="0.004">
      <failure>Error: expect(received).resolves.toBeDefined()

Received promise rejected instead of resolved
Rejected to value: [Error: Can&apos;t find stylesheet to import.
  ╷
8 │ @forward &apos;./generated/fluid-spacing&apos;;
  │ ^^^^^^^^^^^^^^^^^^^^^^^^^^^^^^^^^^^^
  ╵
  node_modules/@carbon/layout/scss/_spacing.scss 8:1                 @forward
  packages/styles/scss/_spacing.scss 8:1                             @use
  packages/styles/scss/components/button/_vars.scss 8:1              @forward
  packages/styles/scss/components/button/_index.scss 8:1             @use
  packages/styles/scss/components/chat-button/_chat-button.scss 8:1  @forward
  packages/styles/scss/components/chat-button/_index.scss 8:1        @use
  stdin 2:1                                                          root stylesheet]
    at expect (/Users/chrisvelgersdyk/Desktop/carbon-coverall/carbon-coverall-poc/node_modules/expect/build/index.js:128:15)
    at Object.expect (/Users/chrisvelgersdyk/Desktop/carbon-coverall/carbon-coverall-poc/packages/styles/__tests__/styles-test.js:24:13)
    at Promise.then.completed (/Users/chrisvelgersdyk/Desktop/carbon-coverall/carbon-coverall-poc/node_modules/jest-circus/build/utils.js:333:28)
    at new Promise (&lt;anonymous&gt;)
    at callAsyncCircusFn (/Users/chrisvelgersdyk/Desktop/carbon-coverall/carbon-coverall-poc/node_modules/jest-circus/build/utils.js:259:10)
    at _callCircusTest (/Users/chrisvelgersdyk/Desktop/carbon-coverall/carbon-coverall-poc/node_modules/jest-circus/build/run.js:276:40)
    at processTicksAndRejections (node:internal/process/task_queues:95:5)
    at _runTest (/Users/chrisvelgersdyk/Desktop/carbon-coverall/carbon-coverall-poc/node_modules/jest-circus/build/run.js:208:3)
    at _runTestsForDescribeBlock (/Users/chrisvelgersdyk/Desktop/carbon-coverall/carbon-coverall-poc/node_modules/jest-circus/build/run.js:96:9)
    at _runTestsForDescribeBlock (/Users/chrisvelgersdyk/Desktop/carbon-coverall/carbon-coverall-poc/node_modules/jest-circus/build/run.js:90:9)</failure>
    </testcase>
    <testcase classname="@carbon/styles scss/components/checkbox/_checkbox.scss should be importable" name="@carbon/styles scss/components/checkbox/_checkbox.scss should be importable" time="0.016">
      <failure>Error: expect(received).resolves.toBeDefined()

Received promise rejected instead of resolved
Rejected to value: [Error: Can&apos;t find stylesheet to import.
  ╷
8 │ @forward &apos;./generated/fluid-spacing&apos;;
  │ ^^^^^^^^^^^^^^^^^^^^^^^^^^^^^^^^^^^^
  ╵
  node_modules/@carbon/layout/scss/_spacing.scss 8:1           @forward
  packages/styles/scss/_spacing.scss 8:1                       @use
  packages/styles/scss/components/form/_form.scss 9:1          @forward
  packages/styles/scss/components/form/_index.scss 8:1         @use
  packages/styles/scss/components/checkbox/_checkbox.scss 8:1  @use
  stdin 2:1                                                    root stylesheet]
    at expect (/Users/chrisvelgersdyk/Desktop/carbon-coverall/carbon-coverall-poc/node_modules/expect/build/index.js:128:15)
    at Object.expect (/Users/chrisvelgersdyk/Desktop/carbon-coverall/carbon-coverall-poc/packages/styles/__tests__/styles-test.js:24:13)
    at Promise.then.completed (/Users/chrisvelgersdyk/Desktop/carbon-coverall/carbon-coverall-poc/node_modules/jest-circus/build/utils.js:333:28)
    at new Promise (&lt;anonymous&gt;)
    at callAsyncCircusFn (/Users/chrisvelgersdyk/Desktop/carbon-coverall/carbon-coverall-poc/node_modules/jest-circus/build/utils.js:259:10)
    at _callCircusTest (/Users/chrisvelgersdyk/Desktop/carbon-coverall/carbon-coverall-poc/node_modules/jest-circus/build/run.js:276:40)
    at processTicksAndRejections (node:internal/process/task_queues:95:5)
    at _runTest (/Users/chrisvelgersdyk/Desktop/carbon-coverall/carbon-coverall-poc/node_modules/jest-circus/build/run.js:208:3)
    at _runTestsForDescribeBlock (/Users/chrisvelgersdyk/Desktop/carbon-coverall/carbon-coverall-poc/node_modules/jest-circus/build/run.js:96:9)
    at _runTestsForDescribeBlock (/Users/chrisvelgersdyk/Desktop/carbon-coverall/carbon-coverall-poc/node_modules/jest-circus/build/run.js:90:9)</failure>
    </testcase>
    <testcase classname="@carbon/styles scss/components/checkbox/_index.scss should be importable" name="@carbon/styles scss/components/checkbox/_index.scss should be importable" time="0.019">
      <failure>Error: expect(received).resolves.toBeDefined()

Received promise rejected instead of resolved
Rejected to value: [Error: Can&apos;t find stylesheet to import.
  ╷
8 │ @forward &apos;./generated/fluid-spacing&apos;;
  │ ^^^^^^^^^^^^^^^^^^^^^^^^^^^^^^^^^^^^
  ╵
  node_modules/@carbon/layout/scss/_spacing.scss 8:1           @forward
  packages/styles/scss/_spacing.scss 8:1                       @use
  packages/styles/scss/components/form/_form.scss 9:1          @forward
  packages/styles/scss/components/form/_index.scss 8:1         @use
  packages/styles/scss/components/checkbox/_checkbox.scss 8:1  @forward
  packages/styles/scss/components/checkbox/_index.scss 8:1     @use
  stdin 2:1                                                    root stylesheet]
    at expect (/Users/chrisvelgersdyk/Desktop/carbon-coverall/carbon-coverall-poc/node_modules/expect/build/index.js:128:15)
    at Object.expect (/Users/chrisvelgersdyk/Desktop/carbon-coverall/carbon-coverall-poc/packages/styles/__tests__/styles-test.js:24:13)
    at Promise.then.completed (/Users/chrisvelgersdyk/Desktop/carbon-coverall/carbon-coverall-poc/node_modules/jest-circus/build/utils.js:333:28)
    at new Promise (&lt;anonymous&gt;)
    at callAsyncCircusFn (/Users/chrisvelgersdyk/Desktop/carbon-coverall/carbon-coverall-poc/node_modules/jest-circus/build/utils.js:259:10)
    at _callCircusTest (/Users/chrisvelgersdyk/Desktop/carbon-coverall/carbon-coverall-poc/node_modules/jest-circus/build/run.js:276:40)
    at processTicksAndRejections (node:internal/process/task_queues:95:5)
    at _runTest (/Users/chrisvelgersdyk/Desktop/carbon-coverall/carbon-coverall-poc/node_modules/jest-circus/build/run.js:208:3)
    at _runTestsForDescribeBlock (/Users/chrisvelgersdyk/Desktop/carbon-coverall/carbon-coverall-poc/node_modules/jest-circus/build/run.js:96:9)
    at _runTestsForDescribeBlock (/Users/chrisvelgersdyk/Desktop/carbon-coverall/carbon-coverall-poc/node_modules/jest-circus/build/run.js:90:9)</failure>
    </testcase>
    <testcase classname="@carbon/styles scss/components/code-snippet/_code-snippet.scss should be importable" name="@carbon/styles scss/components/code-snippet/_code-snippet.scss should be importable" time="0.036">
      <failure>Error: expect(received).resolves.toBeDefined()

Received promise rejected instead of resolved
Rejected to value: [Error: Can&apos;t find stylesheet to import.
  ╷
8 │ @forward &apos;generated/themes&apos;;
  │ ^^^^^^^^^^^^^^^^^^^^^^^^^^^
  ╵
  node_modules/@carbon/themes/scss/compat/_themes.scss 8:1             @use
  packages/styles/scss/compat/_themes.scss 9:1                         @use
  packages/styles/scss/theme/_theme.scss 12:1                          @forward
  packages/styles/scss/_theme.scss 8:1                                 @use
  packages/styles/scss/components/code-snippet/_mixins.scss 8:1        @use
  packages/styles/scss/components/code-snippet/_code-snippet.scss 8:1  @use
  stdin 2:1                                                            root stylesheet]
    at expect (/Users/chrisvelgersdyk/Desktop/carbon-coverall/carbon-coverall-poc/node_modules/expect/build/index.js:128:15)
    at Object.expect (/Users/chrisvelgersdyk/Desktop/carbon-coverall/carbon-coverall-poc/packages/styles/__tests__/styles-test.js:24:13)
    at Promise.then.completed (/Users/chrisvelgersdyk/Desktop/carbon-coverall/carbon-coverall-poc/node_modules/jest-circus/build/utils.js:333:28)
    at new Promise (&lt;anonymous&gt;)
    at callAsyncCircusFn (/Users/chrisvelgersdyk/Desktop/carbon-coverall/carbon-coverall-poc/node_modules/jest-circus/build/utils.js:259:10)
    at _callCircusTest (/Users/chrisvelgersdyk/Desktop/carbon-coverall/carbon-coverall-poc/node_modules/jest-circus/build/run.js:276:40)
    at processTicksAndRejections (node:internal/process/task_queues:95:5)
    at _runTest (/Users/chrisvelgersdyk/Desktop/carbon-coverall/carbon-coverall-poc/node_modules/jest-circus/build/run.js:208:3)
    at _runTestsForDescribeBlock (/Users/chrisvelgersdyk/Desktop/carbon-coverall/carbon-coverall-poc/node_modules/jest-circus/build/run.js:96:9)
    at _runTestsForDescribeBlock (/Users/chrisvelgersdyk/Desktop/carbon-coverall/carbon-coverall-poc/node_modules/jest-circus/build/run.js:90:9)</failure>
    </testcase>
    <testcase classname="@carbon/styles scss/components/code-snippet/_index.scss should be importable" name="@carbon/styles scss/components/code-snippet/_index.scss should be importable" time="0.016">
      <failure>Error: expect(received).resolves.toBeDefined()

Received promise rejected instead of resolved
Rejected to value: [Error: Can&apos;t find stylesheet to import.
  ╷
8 │ @forward &apos;generated/themes&apos;;
  │ ^^^^^^^^^^^^^^^^^^^^^^^^^^^
  ╵
  node_modules/@carbon/themes/scss/compat/_themes.scss 8:1             @use
  packages/styles/scss/compat/_themes.scss 9:1                         @use
  packages/styles/scss/theme/_theme.scss 12:1                          @forward
  packages/styles/scss/_theme.scss 8:1                                 @use
  packages/styles/scss/components/code-snippet/_mixins.scss 8:1        @use
  packages/styles/scss/components/code-snippet/_code-snippet.scss 8:1  @forward
  packages/styles/scss/components/code-snippet/_index.scss 8:1         @use
  stdin 2:1                                                            root stylesheet]
    at expect (/Users/chrisvelgersdyk/Desktop/carbon-coverall/carbon-coverall-poc/node_modules/expect/build/index.js:128:15)
    at Object.expect (/Users/chrisvelgersdyk/Desktop/carbon-coverall/carbon-coverall-poc/packages/styles/__tests__/styles-test.js:24:13)
    at Promise.then.completed (/Users/chrisvelgersdyk/Desktop/carbon-coverall/carbon-coverall-poc/node_modules/jest-circus/build/utils.js:333:28)
    at new Promise (&lt;anonymous&gt;)
    at callAsyncCircusFn (/Users/chrisvelgersdyk/Desktop/carbon-coverall/carbon-coverall-poc/node_modules/jest-circus/build/utils.js:259:10)
    at _callCircusTest (/Users/chrisvelgersdyk/Desktop/carbon-coverall/carbon-coverall-poc/node_modules/jest-circus/build/run.js:276:40)
    at processTicksAndRejections (node:internal/process/task_queues:95:5)
    at _runTest (/Users/chrisvelgersdyk/Desktop/carbon-coverall/carbon-coverall-poc/node_modules/jest-circus/build/run.js:208:3)
    at _runTestsForDescribeBlock (/Users/chrisvelgersdyk/Desktop/carbon-coverall/carbon-coverall-poc/node_modules/jest-circus/build/run.js:96:9)
    at _runTestsForDescribeBlock (/Users/chrisvelgersdyk/Desktop/carbon-coverall/carbon-coverall-poc/node_modules/jest-circus/build/run.js:90:9)</failure>
    </testcase>
    <testcase classname="@carbon/styles scss/components/combo-box/_combo-box.scss should be importable" name="@carbon/styles scss/components/combo-box/_combo-box.scss should be importable" time="0.08">
      <failure>Error: expect(received).resolves.toBeDefined()

Received promise rejected instead of resolved
Rejected to value: [Error: Can&apos;t find stylesheet to import.
  ╷
8 │ @forward &apos;generated/themes&apos;;
  │ ^^^^^^^^^^^^^^^^^^^^^^^^^^^
  ╵
  node_modules/@carbon/themes/scss/_themes.scss 8:1              @forward
  packages/styles/scss/_themes.scss 9:1                          @use
  packages/styles/scss/components/button/_tokens.scss 10:1       @use
  packages/styles/scss/components/list-box/_list-box.scss 8:1    @forward
  packages/styles/scss/components/list-box/_index.scss 8:1       @use
  packages/styles/scss/components/combo-box/_combo-box.scss 8:1  @use
  stdin 2:1                                                      root stylesheet]
    at expect (/Users/chrisvelgersdyk/Desktop/carbon-coverall/carbon-coverall-poc/node_modules/expect/build/index.js:128:15)
    at Object.expect (/Users/chrisvelgersdyk/Desktop/carbon-coverall/carbon-coverall-poc/packages/styles/__tests__/styles-test.js:24:13)
    at Promise.then.completed (/Users/chrisvelgersdyk/Desktop/carbon-coverall/carbon-coverall-poc/node_modules/jest-circus/build/utils.js:333:28)
    at new Promise (&lt;anonymous&gt;)
    at callAsyncCircusFn (/Users/chrisvelgersdyk/Desktop/carbon-coverall/carbon-coverall-poc/node_modules/jest-circus/build/utils.js:259:10)
    at _callCircusTest (/Users/chrisvelgersdyk/Desktop/carbon-coverall/carbon-coverall-poc/node_modules/jest-circus/build/run.js:276:40)
    at processTicksAndRejections (node:internal/process/task_queues:95:5)
    at _runTest (/Users/chrisvelgersdyk/Desktop/carbon-coverall/carbon-coverall-poc/node_modules/jest-circus/build/run.js:208:3)
    at _runTestsForDescribeBlock (/Users/chrisvelgersdyk/Desktop/carbon-coverall/carbon-coverall-poc/node_modules/jest-circus/build/run.js:96:9)
    at _runTestsForDescribeBlock (/Users/chrisvelgersdyk/Desktop/carbon-coverall/carbon-coverall-poc/node_modules/jest-circus/build/run.js:90:9)</failure>
    </testcase>
    <testcase classname="@carbon/styles scss/components/combo-box/_index.scss should be importable" name="@carbon/styles scss/components/combo-box/_index.scss should be importable" time="0.047">
      <failure>Error: expect(received).resolves.toBeDefined()

Received promise rejected instead of resolved
Rejected to value: [Error: Can&apos;t find stylesheet to import.
  ╷
8 │ @forward &apos;generated/themes&apos;;
  │ ^^^^^^^^^^^^^^^^^^^^^^^^^^^
  ╵
  node_modules/@carbon/themes/scss/_themes.scss 8:1              @forward
  packages/styles/scss/_themes.scss 9:1                          @use
  packages/styles/scss/components/button/_tokens.scss 10:1       @use
  packages/styles/scss/components/list-box/_list-box.scss 8:1    @forward
  packages/styles/scss/components/list-box/_index.scss 8:1       @use
  packages/styles/scss/components/combo-box/_combo-box.scss 8:1  @forward
  packages/styles/scss/components/combo-box/_index.scss 8:1      @use
  stdin 2:1                                                      root stylesheet]
    at expect (/Users/chrisvelgersdyk/Desktop/carbon-coverall/carbon-coverall-poc/node_modules/expect/build/index.js:128:15)
    at Object.expect (/Users/chrisvelgersdyk/Desktop/carbon-coverall/carbon-coverall-poc/packages/styles/__tests__/styles-test.js:24:13)
    at Promise.then.completed (/Users/chrisvelgersdyk/Desktop/carbon-coverall/carbon-coverall-poc/node_modules/jest-circus/build/utils.js:333:28)
    at new Promise (&lt;anonymous&gt;)
    at callAsyncCircusFn (/Users/chrisvelgersdyk/Desktop/carbon-coverall/carbon-coverall-poc/node_modules/jest-circus/build/utils.js:259:10)
    at _callCircusTest (/Users/chrisvelgersdyk/Desktop/carbon-coverall/carbon-coverall-poc/node_modules/jest-circus/build/run.js:276:40)
    at processTicksAndRejections (node:internal/process/task_queues:95:5)
    at _runTest (/Users/chrisvelgersdyk/Desktop/carbon-coverall/carbon-coverall-poc/node_modules/jest-circus/build/run.js:208:3)
    at _runTestsForDescribeBlock (/Users/chrisvelgersdyk/Desktop/carbon-coverall/carbon-coverall-poc/node_modules/jest-circus/build/run.js:96:9)
    at _runTestsForDescribeBlock (/Users/chrisvelgersdyk/Desktop/carbon-coverall/carbon-coverall-poc/node_modules/jest-circus/build/run.js:90:9)</failure>
    </testcase>
    <testcase classname="@carbon/styles scss/components/contained-list/_contained-list.scss should be importable" name="@carbon/styles scss/components/contained-list/_contained-list.scss should be importable" time="0.019">
      <failure>Error: expect(received).resolves.toBeDefined()

Received promise rejected instead of resolved
Rejected to value: [Error: Can&apos;t find stylesheet to import.
  ╷
8 │ @forward &apos;./generated/fluid-spacing&apos;;
  │ ^^^^^^^^^^^^^^^^^^^^^^^^^^^^^^^^^^^^
  ╵
  node_modules/@carbon/layout/scss/_spacing.scss 8:1                        @forward
  packages/styles/scss/_spacing.scss 8:1                                    @use
  packages/styles/scss/components/button/_vars.scss 8:1                     @forward
  packages/styles/scss/components/button/_index.scss 8:1                    @use
  packages/styles/scss/components/contained-list/_contained-list.scss 10:1  @use
  stdin 2:1                                                                 root stylesheet]
    at expect (/Users/chrisvelgersdyk/Desktop/carbon-coverall/carbon-coverall-poc/node_modules/expect/build/index.js:128:15)
    at Object.expect (/Users/chrisvelgersdyk/Desktop/carbon-coverall/carbon-coverall-poc/packages/styles/__tests__/styles-test.js:24:13)
    at Promise.then.completed (/Users/chrisvelgersdyk/Desktop/carbon-coverall/carbon-coverall-poc/node_modules/jest-circus/build/utils.js:333:28)
    at new Promise (&lt;anonymous&gt;)
    at callAsyncCircusFn (/Users/chrisvelgersdyk/Desktop/carbon-coverall/carbon-coverall-poc/node_modules/jest-circus/build/utils.js:259:10)
    at _callCircusTest (/Users/chrisvelgersdyk/Desktop/carbon-coverall/carbon-coverall-poc/node_modules/jest-circus/build/run.js:276:40)
    at processTicksAndRejections (node:internal/process/task_queues:95:5)
    at _runTest (/Users/chrisvelgersdyk/Desktop/carbon-coverall/carbon-coverall-poc/node_modules/jest-circus/build/run.js:208:3)
    at _runTestsForDescribeBlock (/Users/chrisvelgersdyk/Desktop/carbon-coverall/carbon-coverall-poc/node_modules/jest-circus/build/run.js:96:9)
    at _runTestsForDescribeBlock (/Users/chrisvelgersdyk/Desktop/carbon-coverall/carbon-coverall-poc/node_modules/jest-circus/build/run.js:90:9)</failure>
    </testcase>
    <testcase classname="@carbon/styles scss/components/contained-list/_index.scss should be importable" name="@carbon/styles scss/components/contained-list/_index.scss should be importable" time="0.008">
      <failure>Error: expect(received).resolves.toBeDefined()

Received promise rejected instead of resolved
Rejected to value: [Error: Can&apos;t find stylesheet to import.
  ╷
8 │ @forward &apos;./generated/fluid-spacing&apos;;
  │ ^^^^^^^^^^^^^^^^^^^^^^^^^^^^^^^^^^^^
  ╵
  node_modules/@carbon/layout/scss/_spacing.scss 8:1                        @forward
  packages/styles/scss/_spacing.scss 8:1                                    @use
  packages/styles/scss/components/button/_vars.scss 8:1                     @forward
  packages/styles/scss/components/button/_index.scss 8:1                    @use
  packages/styles/scss/components/contained-list/_contained-list.scss 10:1  @forward
  packages/styles/scss/components/contained-list/_index.scss 8:1            @use
  stdin 2:1                                                                 root stylesheet]
    at expect (/Users/chrisvelgersdyk/Desktop/carbon-coverall/carbon-coverall-poc/node_modules/expect/build/index.js:128:15)
    at Object.expect (/Users/chrisvelgersdyk/Desktop/carbon-coverall/carbon-coverall-poc/packages/styles/__tests__/styles-test.js:24:13)
    at Promise.then.completed (/Users/chrisvelgersdyk/Desktop/carbon-coverall/carbon-coverall-poc/node_modules/jest-circus/build/utils.js:333:28)
    at new Promise (&lt;anonymous&gt;)
    at callAsyncCircusFn (/Users/chrisvelgersdyk/Desktop/carbon-coverall/carbon-coverall-poc/node_modules/jest-circus/build/utils.js:259:10)
    at _callCircusTest (/Users/chrisvelgersdyk/Desktop/carbon-coverall/carbon-coverall-poc/node_modules/jest-circus/build/run.js:276:40)
    at processTicksAndRejections (node:internal/process/task_queues:95:5)
    at _runTest (/Users/chrisvelgersdyk/Desktop/carbon-coverall/carbon-coverall-poc/node_modules/jest-circus/build/run.js:208:3)
    at _runTestsForDescribeBlock (/Users/chrisvelgersdyk/Desktop/carbon-coverall/carbon-coverall-poc/node_modules/jest-circus/build/run.js:96:9)
    at _runTestsForDescribeBlock (/Users/chrisvelgersdyk/Desktop/carbon-coverall/carbon-coverall-poc/node_modules/jest-circus/build/run.js:90:9)</failure>
    </testcase>
    <testcase classname="@carbon/styles scss/components/content-switcher/_content-switcher.scss should be importable" name="@carbon/styles scss/components/content-switcher/_content-switcher.scss should be importable" time="0.019">
      <failure>Error: expect(received).resolves.toBeDefined()

Received promise rejected instead of resolved
Rejected to value: [Error: Can&apos;t find stylesheet to import.
  ╷
8 │ @forward &apos;./generated/fluid-spacing&apos;;
  │ ^^^^^^^^^^^^^^^^^^^^^^^^^^^^^^^^^^^^
  ╵
  node_modules/@carbon/layout/scss/_spacing.scss 8:1                           @forward
  packages/styles/scss/_spacing.scss 8:1                                       @use
  packages/styles/scss/components/button/_vars.scss 8:1                        @forward
  packages/styles/scss/components/button/_index.scss 8:1                       @use
  packages/styles/scss/components/content-switcher/_content-switcher.scss 8:1  @use
  stdin 2:1                                                                    root stylesheet]
    at expect (/Users/chrisvelgersdyk/Desktop/carbon-coverall/carbon-coverall-poc/node_modules/expect/build/index.js:128:15)
    at Object.expect (/Users/chrisvelgersdyk/Desktop/carbon-coverall/carbon-coverall-poc/packages/styles/__tests__/styles-test.js:24:13)
    at Promise.then.completed (/Users/chrisvelgersdyk/Desktop/carbon-coverall/carbon-coverall-poc/node_modules/jest-circus/build/utils.js:333:28)
    at new Promise (&lt;anonymous&gt;)
    at callAsyncCircusFn (/Users/chrisvelgersdyk/Desktop/carbon-coverall/carbon-coverall-poc/node_modules/jest-circus/build/utils.js:259:10)
    at _callCircusTest (/Users/chrisvelgersdyk/Desktop/carbon-coverall/carbon-coverall-poc/node_modules/jest-circus/build/run.js:276:40)
    at processTicksAndRejections (node:internal/process/task_queues:95:5)
    at _runTest (/Users/chrisvelgersdyk/Desktop/carbon-coverall/carbon-coverall-poc/node_modules/jest-circus/build/run.js:208:3)
    at _runTestsForDescribeBlock (/Users/chrisvelgersdyk/Desktop/carbon-coverall/carbon-coverall-poc/node_modules/jest-circus/build/run.js:96:9)
    at _runTestsForDescribeBlock (/Users/chrisvelgersdyk/Desktop/carbon-coverall/carbon-coverall-poc/node_modules/jest-circus/build/run.js:90:9)</failure>
    </testcase>
    <testcase classname="@carbon/styles scss/components/content-switcher/_index.scss should be importable" name="@carbon/styles scss/components/content-switcher/_index.scss should be importable" time="0.017">
      <failure>Error: expect(received).resolves.toBeDefined()

Received promise rejected instead of resolved
Rejected to value: [Error: Can&apos;t find stylesheet to import.
  ╷
8 │ @forward &apos;./generated/fluid-spacing&apos;;
  │ ^^^^^^^^^^^^^^^^^^^^^^^^^^^^^^^^^^^^
  ╵
  node_modules/@carbon/layout/scss/_spacing.scss 8:1                           @forward
  packages/styles/scss/_spacing.scss 8:1                                       @use
  packages/styles/scss/components/button/_vars.scss 8:1                        @forward
  packages/styles/scss/components/button/_index.scss 8:1                       @use
  packages/styles/scss/components/content-switcher/_content-switcher.scss 8:1  @forward
  packages/styles/scss/components/content-switcher/_index.scss 8:1             @use
  stdin 2:1                                                                    root stylesheet]
    at expect (/Users/chrisvelgersdyk/Desktop/carbon-coverall/carbon-coverall-poc/node_modules/expect/build/index.js:128:15)
    at Object.expect (/Users/chrisvelgersdyk/Desktop/carbon-coverall/carbon-coverall-poc/packages/styles/__tests__/styles-test.js:24:13)
    at Promise.then.completed (/Users/chrisvelgersdyk/Desktop/carbon-coverall/carbon-coverall-poc/node_modules/jest-circus/build/utils.js:333:28)
    at new Promise (&lt;anonymous&gt;)
    at callAsyncCircusFn (/Users/chrisvelgersdyk/Desktop/carbon-coverall/carbon-coverall-poc/node_modules/jest-circus/build/utils.js:259:10)
    at _callCircusTest (/Users/chrisvelgersdyk/Desktop/carbon-coverall/carbon-coverall-poc/node_modules/jest-circus/build/run.js:276:40)
    at processTicksAndRejections (node:internal/process/task_queues:95:5)
    at _runTest (/Users/chrisvelgersdyk/Desktop/carbon-coverall/carbon-coverall-poc/node_modules/jest-circus/build/run.js:208:3)
    at _runTestsForDescribeBlock (/Users/chrisvelgersdyk/Desktop/carbon-coverall/carbon-coverall-poc/node_modules/jest-circus/build/run.js:96:9)
    at _runTestsForDescribeBlock (/Users/chrisvelgersdyk/Desktop/carbon-coverall/carbon-coverall-poc/node_modules/jest-circus/build/run.js:90:9)</failure>
    </testcase>
    <testcase classname="@carbon/styles scss/components/copy-button/_copy-button.scss should be importable" name="@carbon/styles scss/components/copy-button/_copy-button.scss should be importable" time="0.009">
      <failure>Error: expect(received).resolves.toBeDefined()

Received promise rejected instead of resolved
Rejected to value: [Error: Can&apos;t find stylesheet to import.
  ╷
8 │ @forward &apos;./generated/fluid-spacing&apos;;
  │ ^^^^^^^^^^^^^^^^^^^^^^^^^^^^^^^^^^^^
  ╵
  node_modules/@carbon/layout/scss/_spacing.scss 8:1                 @forward
  packages/styles/scss/_spacing.scss 8:1                             @use
  packages/styles/scss/components/button/_vars.scss 8:1              @forward
  packages/styles/scss/components/button/_index.scss 8:1             @use
  packages/styles/scss/components/copy-button/_copy-button.scss 8:1  @use
  stdin 2:1                                                          root stylesheet]
    at expect (/Users/chrisvelgersdyk/Desktop/carbon-coverall/carbon-coverall-poc/node_modules/expect/build/index.js:128:15)
    at Object.expect (/Users/chrisvelgersdyk/Desktop/carbon-coverall/carbon-coverall-poc/packages/styles/__tests__/styles-test.js:24:13)
    at Promise.then.completed (/Users/chrisvelgersdyk/Desktop/carbon-coverall/carbon-coverall-poc/node_modules/jest-circus/build/utils.js:333:28)
    at new Promise (&lt;anonymous&gt;)
    at callAsyncCircusFn (/Users/chrisvelgersdyk/Desktop/carbon-coverall/carbon-coverall-poc/node_modules/jest-circus/build/utils.js:259:10)
    at _callCircusTest (/Users/chrisvelgersdyk/Desktop/carbon-coverall/carbon-coverall-poc/node_modules/jest-circus/build/run.js:276:40)
    at processTicksAndRejections (node:internal/process/task_queues:95:5)
    at _runTest (/Users/chrisvelgersdyk/Desktop/carbon-coverall/carbon-coverall-poc/node_modules/jest-circus/build/run.js:208:3)
    at _runTestsForDescribeBlock (/Users/chrisvelgersdyk/Desktop/carbon-coverall/carbon-coverall-poc/node_modules/jest-circus/build/run.js:96:9)
    at _runTestsForDescribeBlock (/Users/chrisvelgersdyk/Desktop/carbon-coverall/carbon-coverall-poc/node_modules/jest-circus/build/run.js:90:9)</failure>
    </testcase>
    <testcase classname="@carbon/styles scss/components/copy-button/_index.scss should be importable" name="@carbon/styles scss/components/copy-button/_index.scss should be importable" time="0.007">
      <failure>Error: expect(received).resolves.toBeDefined()

Received promise rejected instead of resolved
Rejected to value: [Error: Can&apos;t find stylesheet to import.
  ╷
8 │ @forward &apos;./generated/fluid-spacing&apos;;
  │ ^^^^^^^^^^^^^^^^^^^^^^^^^^^^^^^^^^^^
  ╵
  node_modules/@carbon/layout/scss/_spacing.scss 8:1                 @forward
  packages/styles/scss/_spacing.scss 8:1                             @use
  packages/styles/scss/components/button/_vars.scss 8:1              @forward
  packages/styles/scss/components/button/_index.scss 8:1             @use
  packages/styles/scss/components/copy-button/_copy-button.scss 8:1  @forward
  packages/styles/scss/components/copy-button/_index.scss 8:1        @use
  stdin 2:1                                                          root stylesheet]
    at expect (/Users/chrisvelgersdyk/Desktop/carbon-coverall/carbon-coverall-poc/node_modules/expect/build/index.js:128:15)
    at Object.expect (/Users/chrisvelgersdyk/Desktop/carbon-coverall/carbon-coverall-poc/packages/styles/__tests__/styles-test.js:24:13)
    at Promise.then.completed (/Users/chrisvelgersdyk/Desktop/carbon-coverall/carbon-coverall-poc/node_modules/jest-circus/build/utils.js:333:28)
    at new Promise (&lt;anonymous&gt;)
    at callAsyncCircusFn (/Users/chrisvelgersdyk/Desktop/carbon-coverall/carbon-coverall-poc/node_modules/jest-circus/build/utils.js:259:10)
    at _callCircusTest (/Users/chrisvelgersdyk/Desktop/carbon-coverall/carbon-coverall-poc/node_modules/jest-circus/build/run.js:276:40)
    at processTicksAndRejections (node:internal/process/task_queues:95:5)
    at _runTest (/Users/chrisvelgersdyk/Desktop/carbon-coverall/carbon-coverall-poc/node_modules/jest-circus/build/run.js:208:3)
    at _runTestsForDescribeBlock (/Users/chrisvelgersdyk/Desktop/carbon-coverall/carbon-coverall-poc/node_modules/jest-circus/build/run.js:96:9)
    at _runTestsForDescribeBlock (/Users/chrisvelgersdyk/Desktop/carbon-coverall/carbon-coverall-poc/node_modules/jest-circus/build/run.js:90:9)</failure>
    </testcase>
    <testcase classname="@carbon/styles scss/components/data-table/_data-table.scss should be importable" name="@carbon/styles scss/components/data-table/_data-table.scss should be importable" time="0.033">
      <failure>Error: expect(received).resolves.toBeDefined()

Received promise rejected instead of resolved
Rejected to value: [Error: Can&apos;t find stylesheet to import.
  ╷
8 │ @forward &apos;generated/themes&apos;;
  │ ^^^^^^^^^^^^^^^^^^^^^^^^^^^
  ╵
  node_modules/@carbon/themes/scss/compat/_themes.scss 8:1         @use
  packages/styles/scss/compat/_themes.scss 9:1                     @use
  packages/styles/scss/theme/_theme.scss 12:1                      @forward
  packages/styles/scss/_theme.scss 8:1                             @use
  packages/styles/scss/components/data-table/_vars.scss 8:1        @use
  packages/styles/scss/components/data-table/_data-table.scss 9:1  @use
  stdin 2:1                                                        root stylesheet]
    at expect (/Users/chrisvelgersdyk/Desktop/carbon-coverall/carbon-coverall-poc/node_modules/expect/build/index.js:128:15)
    at Object.expect (/Users/chrisvelgersdyk/Desktop/carbon-coverall/carbon-coverall-poc/packages/styles/__tests__/styles-test.js:24:13)
    at Promise.then.completed (/Users/chrisvelgersdyk/Desktop/carbon-coverall/carbon-coverall-poc/node_modules/jest-circus/build/utils.js:333:28)
    at new Promise (&lt;anonymous&gt;)
    at callAsyncCircusFn (/Users/chrisvelgersdyk/Desktop/carbon-coverall/carbon-coverall-poc/node_modules/jest-circus/build/utils.js:259:10)
    at _callCircusTest (/Users/chrisvelgersdyk/Desktop/carbon-coverall/carbon-coverall-poc/node_modules/jest-circus/build/run.js:276:40)
    at processTicksAndRejections (node:internal/process/task_queues:95:5)
    at _runTest (/Users/chrisvelgersdyk/Desktop/carbon-coverall/carbon-coverall-poc/node_modules/jest-circus/build/run.js:208:3)
    at _runTestsForDescribeBlock (/Users/chrisvelgersdyk/Desktop/carbon-coverall/carbon-coverall-poc/node_modules/jest-circus/build/run.js:96:9)
    at _runTestsForDescribeBlock (/Users/chrisvelgersdyk/Desktop/carbon-coverall/carbon-coverall-poc/node_modules/jest-circus/build/run.js:90:9)</failure>
    </testcase>
    <testcase classname="@carbon/styles scss/components/data-table/_index.scss should be importable" name="@carbon/styles scss/components/data-table/_index.scss should be importable" time="0.006">
      <failure>Error: expect(received).resolves.toBeDefined()

Received promise rejected instead of resolved
Rejected to value: [Error: Can&apos;t find stylesheet to import.
  ╷
8 │ @forward &apos;generated/themes&apos;;
  │ ^^^^^^^^^^^^^^^^^^^^^^^^^^^
  ╵
  node_modules/@carbon/themes/scss/compat/_themes.scss 8:1    @use
  packages/styles/scss/compat/_themes.scss 9:1                @use
  packages/styles/scss/theme/_theme.scss 12:1                 @forward
  packages/styles/scss/_theme.scss 8:1                        @use
  packages/styles/scss/components/data-table/_vars.scss 8:1   @forward
  packages/styles/scss/components/data-table/_index.scss 8:1  @use
  stdin 2:1                                                   root stylesheet]
    at expect (/Users/chrisvelgersdyk/Desktop/carbon-coverall/carbon-coverall-poc/node_modules/expect/build/index.js:128:15)
    at Object.expect (/Users/chrisvelgersdyk/Desktop/carbon-coverall/carbon-coverall-poc/packages/styles/__tests__/styles-test.js:24:13)
    at Promise.then.completed (/Users/chrisvelgersdyk/Desktop/carbon-coverall/carbon-coverall-poc/node_modules/jest-circus/build/utils.js:333:28)
    at new Promise (&lt;anonymous&gt;)
    at callAsyncCircusFn (/Users/chrisvelgersdyk/Desktop/carbon-coverall/carbon-coverall-poc/node_modules/jest-circus/build/utils.js:259:10)
    at _callCircusTest (/Users/chrisvelgersdyk/Desktop/carbon-coverall/carbon-coverall-poc/node_modules/jest-circus/build/run.js:276:40)
    at processTicksAndRejections (node:internal/process/task_queues:95:5)
    at _runTest (/Users/chrisvelgersdyk/Desktop/carbon-coverall/carbon-coverall-poc/node_modules/jest-circus/build/run.js:208:3)
    at _runTestsForDescribeBlock (/Users/chrisvelgersdyk/Desktop/carbon-coverall/carbon-coverall-poc/node_modules/jest-circus/build/run.js:96:9)
    at _runTestsForDescribeBlock (/Users/chrisvelgersdyk/Desktop/carbon-coverall/carbon-coverall-poc/node_modules/jest-circus/build/run.js:90:9)</failure>
    </testcase>
    <testcase classname="@carbon/styles scss/components/data-table/action/_data-table-action.scss should be importable" name="@carbon/styles scss/components/data-table/action/_data-table-action.scss should be importable" time="0.014">
      <failure>Error: expect(received).resolves.toBeDefined()

Received promise rejected instead of resolved
Rejected to value: [Error: Can&apos;t find stylesheet to import.
  ╷
8 │ @forward &apos;./generated/fluid-spacing&apos;;
  │ ^^^^^^^^^^^^^^^^^^^^^^^^^^^^^^^^^^^^
  ╵
  node_modules/@carbon/layout/scss/_spacing.scss 8:1                             @forward
  packages/styles/scss/_spacing.scss 8:1                                         @use
  packages/styles/scss/components/button/_vars.scss 8:1                          @forward
  packages/styles/scss/components/button/_index.scss 8:1                         @use
  packages/styles/scss/components/data-table/action/_data-table-action.scss 8:1  @use
  stdin 2:1                                                                      root stylesheet]
    at expect (/Users/chrisvelgersdyk/Desktop/carbon-coverall/carbon-coverall-poc/node_modules/expect/build/index.js:128:15)
    at Object.expect (/Users/chrisvelgersdyk/Desktop/carbon-coverall/carbon-coverall-poc/packages/styles/__tests__/styles-test.js:24:13)
    at Promise.then.completed (/Users/chrisvelgersdyk/Desktop/carbon-coverall/carbon-coverall-poc/node_modules/jest-circus/build/utils.js:333:28)
    at new Promise (&lt;anonymous&gt;)
    at callAsyncCircusFn (/Users/chrisvelgersdyk/Desktop/carbon-coverall/carbon-coverall-poc/node_modules/jest-circus/build/utils.js:259:10)
    at _callCircusTest (/Users/chrisvelgersdyk/Desktop/carbon-coverall/carbon-coverall-poc/node_modules/jest-circus/build/run.js:276:40)
    at processTicksAndRejections (node:internal/process/task_queues:95:5)
    at _runTest (/Users/chrisvelgersdyk/Desktop/carbon-coverall/carbon-coverall-poc/node_modules/jest-circus/build/run.js:208:3)
    at _runTestsForDescribeBlock (/Users/chrisvelgersdyk/Desktop/carbon-coverall/carbon-coverall-poc/node_modules/jest-circus/build/run.js:96:9)
    at _runTestsForDescribeBlock (/Users/chrisvelgersdyk/Desktop/carbon-coverall/carbon-coverall-poc/node_modules/jest-circus/build/run.js:90:9)</failure>
    </testcase>
    <testcase classname="@carbon/styles scss/components/data-table/action/_index.scss should be importable" name="@carbon/styles scss/components/data-table/action/_index.scss should be importable" time="0.023">
      <failure>Error: expect(received).resolves.toBeDefined()

Received promise rejected instead of resolved
Rejected to value: [Error: Can&apos;t find stylesheet to import.
  ╷
8 │ @forward &apos;./generated/fluid-spacing&apos;;
  │ ^^^^^^^^^^^^^^^^^^^^^^^^^^^^^^^^^^^^
  ╵
  node_modules/@carbon/layout/scss/_spacing.scss 8:1                             @forward
  packages/styles/scss/_spacing.scss 8:1                                         @use
  packages/styles/scss/components/button/_vars.scss 8:1                          @forward
  packages/styles/scss/components/button/_index.scss 8:1                         @use
  packages/styles/scss/components/data-table/action/_data-table-action.scss 8:1  @forward
  packages/styles/scss/components/data-table/action/_index.scss 8:1              @use
  stdin 2:1                                                                      root stylesheet]
    at expect (/Users/chrisvelgersdyk/Desktop/carbon-coverall/carbon-coverall-poc/node_modules/expect/build/index.js:128:15)
    at Object.expect (/Users/chrisvelgersdyk/Desktop/carbon-coverall/carbon-coverall-poc/packages/styles/__tests__/styles-test.js:24:13)
    at Promise.then.completed (/Users/chrisvelgersdyk/Desktop/carbon-coverall/carbon-coverall-poc/node_modules/jest-circus/build/utils.js:333:28)
    at new Promise (&lt;anonymous&gt;)
    at callAsyncCircusFn (/Users/chrisvelgersdyk/Desktop/carbon-coverall/carbon-coverall-poc/node_modules/jest-circus/build/utils.js:259:10)
    at _callCircusTest (/Users/chrisvelgersdyk/Desktop/carbon-coverall/carbon-coverall-poc/node_modules/jest-circus/build/run.js:276:40)
    at processTicksAndRejections (node:internal/process/task_queues:95:5)
    at _runTest (/Users/chrisvelgersdyk/Desktop/carbon-coverall/carbon-coverall-poc/node_modules/jest-circus/build/run.js:208:3)
    at _runTestsForDescribeBlock (/Users/chrisvelgersdyk/Desktop/carbon-coverall/carbon-coverall-poc/node_modules/jest-circus/build/run.js:96:9)
    at _runTestsForDescribeBlock (/Users/chrisvelgersdyk/Desktop/carbon-coverall/carbon-coverall-poc/node_modules/jest-circus/build/run.js:90:9)</failure>
    </testcase>
    <testcase classname="@carbon/styles scss/components/data-table/expandable/_data-table-expandable.scss should be importable" name="@carbon/styles scss/components/data-table/expandable/_data-table-expandable.scss should be importable" time="0.025">
      <failure>Error: expect(received).resolves.toBeDefined()

Received promise rejected instead of resolved
Rejected to value: [Error: Can&apos;t find stylesheet to import.
  ╷
8 │ @forward &apos;./generated/fluid-spacing&apos;;
  │ ^^^^^^^^^^^^^^^^^^^^^^^^^^^^^^^^^^^^
  ╵
  node_modules/@carbon/layout/scss/_spacing.scss 8:1                                     @forward
  packages/styles/scss/_spacing.scss 8:1                                                 @use
  packages/styles/scss/components/button/_vars.scss 8:1                                  @forward
  packages/styles/scss/components/button/_index.scss 8:1                                 @use
  packages/styles/scss/components/data-table/action/_data-table-action.scss 8:1          @forward
  packages/styles/scss/components/data-table/action/_index.scss 8:1                      @use
  packages/styles/scss/components/data-table/expandable/_data-table-expandable.scss 8:1  @use
  stdin 2:1                                                                              root stylesheet]
    at expect (/Users/chrisvelgersdyk/Desktop/carbon-coverall/carbon-coverall-poc/node_modules/expect/build/index.js:128:15)
    at Object.expect (/Users/chrisvelgersdyk/Desktop/carbon-coverall/carbon-coverall-poc/packages/styles/__tests__/styles-test.js:24:13)
    at Promise.then.completed (/Users/chrisvelgersdyk/Desktop/carbon-coverall/carbon-coverall-poc/node_modules/jest-circus/build/utils.js:333:28)
    at new Promise (&lt;anonymous&gt;)
    at callAsyncCircusFn (/Users/chrisvelgersdyk/Desktop/carbon-coverall/carbon-coverall-poc/node_modules/jest-circus/build/utils.js:259:10)
    at _callCircusTest (/Users/chrisvelgersdyk/Desktop/carbon-coverall/carbon-coverall-poc/node_modules/jest-circus/build/run.js:276:40)
    at processTicksAndRejections (node:internal/process/task_queues:95:5)
    at _runTest (/Users/chrisvelgersdyk/Desktop/carbon-coverall/carbon-coverall-poc/node_modules/jest-circus/build/run.js:208:3)
    at _runTestsForDescribeBlock (/Users/chrisvelgersdyk/Desktop/carbon-coverall/carbon-coverall-poc/node_modules/jest-circus/build/run.js:96:9)
    at _runTestsForDescribeBlock (/Users/chrisvelgersdyk/Desktop/carbon-coverall/carbon-coverall-poc/node_modules/jest-circus/build/run.js:90:9)</failure>
    </testcase>
    <testcase classname="@carbon/styles scss/components/data-table/expandable/_index.scss should be importable" name="@carbon/styles scss/components/data-table/expandable/_index.scss should be importable" time="0.031">
      <failure>Error: expect(received).resolves.toBeDefined()

Received promise rejected instead of resolved
Rejected to value: [Error: Can&apos;t find stylesheet to import.
  ╷
8 │ @forward &apos;./generated/fluid-spacing&apos;;
  │ ^^^^^^^^^^^^^^^^^^^^^^^^^^^^^^^^^^^^
  ╵
  node_modules/@carbon/layout/scss/_spacing.scss 8:1                                     @forward
  packages/styles/scss/_spacing.scss 8:1                                                 @use
  packages/styles/scss/components/button/_vars.scss 8:1                                  @forward
  packages/styles/scss/components/button/_index.scss 8:1                                 @use
  packages/styles/scss/components/data-table/action/_data-table-action.scss 8:1          @forward
  packages/styles/scss/components/data-table/action/_index.scss 8:1                      @use
  packages/styles/scss/components/data-table/expandable/_data-table-expandable.scss 8:1  @forward
  packages/styles/scss/components/data-table/expandable/_index.scss 8:1                  @use
  stdin 2:1                                                                              root stylesheet]
    at expect (/Users/chrisvelgersdyk/Desktop/carbon-coverall/carbon-coverall-poc/node_modules/expect/build/index.js:128:15)
    at Object.expect (/Users/chrisvelgersdyk/Desktop/carbon-coverall/carbon-coverall-poc/packages/styles/__tests__/styles-test.js:24:13)
    at Promise.then.completed (/Users/chrisvelgersdyk/Desktop/carbon-coverall/carbon-coverall-poc/node_modules/jest-circus/build/utils.js:333:28)
    at new Promise (&lt;anonymous&gt;)
    at callAsyncCircusFn (/Users/chrisvelgersdyk/Desktop/carbon-coverall/carbon-coverall-poc/node_modules/jest-circus/build/utils.js:259:10)
    at _callCircusTest (/Users/chrisvelgersdyk/Desktop/carbon-coverall/carbon-coverall-poc/node_modules/jest-circus/build/run.js:276:40)
    at processTicksAndRejections (node:internal/process/task_queues:95:5)
    at _runTest (/Users/chrisvelgersdyk/Desktop/carbon-coverall/carbon-coverall-poc/node_modules/jest-circus/build/run.js:208:3)
    at _runTestsForDescribeBlock (/Users/chrisvelgersdyk/Desktop/carbon-coverall/carbon-coverall-poc/node_modules/jest-circus/build/run.js:96:9)
    at _runTestsForDescribeBlock (/Users/chrisvelgersdyk/Desktop/carbon-coverall/carbon-coverall-poc/node_modules/jest-circus/build/run.js:90:9)</failure>
    </testcase>
    <testcase classname="@carbon/styles scss/components/data-table/skeleton/_data-table-skeleton.scss should be importable" name="@carbon/styles scss/components/data-table/skeleton/_data-table-skeleton.scss should be importable" time="0.008">
      <failure>Error: expect(received).resolves.toBeDefined()

Received promise rejected instead of resolved
Rejected to value: [Error: Can&apos;t find stylesheet to import.
  ╷
8 │ @forward &apos;./generated/fluid-spacing&apos;;
  │ ^^^^^^^^^^^^^^^^^^^^^^^^^^^^^^^^^^^^
  ╵
  node_modules/@carbon/layout/scss/_spacing.scss 8:1                                 @forward
  packages/styles/scss/_spacing.scss 8:1                                             @use
  packages/styles/scss/components/data-table/skeleton/_data-table-skeleton.scss 9:1  @use
  stdin 2:1                                                                          root stylesheet]
    at expect (/Users/chrisvelgersdyk/Desktop/carbon-coverall/carbon-coverall-poc/node_modules/expect/build/index.js:128:15)
    at Object.expect (/Users/chrisvelgersdyk/Desktop/carbon-coverall/carbon-coverall-poc/packages/styles/__tests__/styles-test.js:24:13)
    at Promise.then.completed (/Users/chrisvelgersdyk/Desktop/carbon-coverall/carbon-coverall-poc/node_modules/jest-circus/build/utils.js:333:28)
    at new Promise (&lt;anonymous&gt;)
    at callAsyncCircusFn (/Users/chrisvelgersdyk/Desktop/carbon-coverall/carbon-coverall-poc/node_modules/jest-circus/build/utils.js:259:10)
    at _callCircusTest (/Users/chrisvelgersdyk/Desktop/carbon-coverall/carbon-coverall-poc/node_modules/jest-circus/build/run.js:276:40)
    at processTicksAndRejections (node:internal/process/task_queues:95:5)
    at _runTest (/Users/chrisvelgersdyk/Desktop/carbon-coverall/carbon-coverall-poc/node_modules/jest-circus/build/run.js:208:3)
    at _runTestsForDescribeBlock (/Users/chrisvelgersdyk/Desktop/carbon-coverall/carbon-coverall-poc/node_modules/jest-circus/build/run.js:96:9)
    at _runTestsForDescribeBlock (/Users/chrisvelgersdyk/Desktop/carbon-coverall/carbon-coverall-poc/node_modules/jest-circus/build/run.js:90:9)</failure>
    </testcase>
    <testcase classname="@carbon/styles scss/components/data-table/skeleton/_index.scss should be importable" name="@carbon/styles scss/components/data-table/skeleton/_index.scss should be importable" time="0.007">
      <failure>Error: expect(received).resolves.toBeDefined()

Received promise rejected instead of resolved
Rejected to value: [Error: Can&apos;t find stylesheet to import.
  ╷
8 │ @forward &apos;./generated/fluid-spacing&apos;;
  │ ^^^^^^^^^^^^^^^^^^^^^^^^^^^^^^^^^^^^
  ╵
  node_modules/@carbon/layout/scss/_spacing.scss 8:1                                 @forward
  packages/styles/scss/_spacing.scss 8:1                                             @use
  packages/styles/scss/components/data-table/skeleton/_data-table-skeleton.scss 9:1  @forward
  packages/styles/scss/components/data-table/skeleton/_index.scss 8:1                @use
  stdin 2:1                                                                          root stylesheet]
    at expect (/Users/chrisvelgersdyk/Desktop/carbon-coverall/carbon-coverall-poc/node_modules/expect/build/index.js:128:15)
    at Object.expect (/Users/chrisvelgersdyk/Desktop/carbon-coverall/carbon-coverall-poc/packages/styles/__tests__/styles-test.js:24:13)
    at Promise.then.completed (/Users/chrisvelgersdyk/Desktop/carbon-coverall/carbon-coverall-poc/node_modules/jest-circus/build/utils.js:333:28)
    at new Promise (&lt;anonymous&gt;)
    at callAsyncCircusFn (/Users/chrisvelgersdyk/Desktop/carbon-coverall/carbon-coverall-poc/node_modules/jest-circus/build/utils.js:259:10)
    at _callCircusTest (/Users/chrisvelgersdyk/Desktop/carbon-coverall/carbon-coverall-poc/node_modules/jest-circus/build/run.js:276:40)
    at processTicksAndRejections (node:internal/process/task_queues:95:5)
    at _runTest (/Users/chrisvelgersdyk/Desktop/carbon-coverall/carbon-coverall-poc/node_modules/jest-circus/build/run.js:208:3)
    at _runTestsForDescribeBlock (/Users/chrisvelgersdyk/Desktop/carbon-coverall/carbon-coverall-poc/node_modules/jest-circus/build/run.js:96:9)
    at _runTestsForDescribeBlock (/Users/chrisvelgersdyk/Desktop/carbon-coverall/carbon-coverall-poc/node_modules/jest-circus/build/run.js:90:9)</failure>
    </testcase>
    <testcase classname="@carbon/styles scss/components/data-table/sort/_data-table-sort.scss should be importable" name="@carbon/styles scss/components/data-table/sort/_data-table-sort.scss should be importable" time="0.019">
      <failure>Error: expect(received).resolves.toBeDefined()

Received promise rejected instead of resolved
Rejected to value: [Error: Can&apos;t find stylesheet to import.
  ╷
8 │ @forward &apos;generated/themes&apos;;
  │ ^^^^^^^^^^^^^^^^^^^^^^^^^^^
  ╵
  node_modules/@carbon/themes/scss/compat/_themes.scss 8:1                   @use
  packages/styles/scss/compat/_themes.scss 9:1                               @use
  packages/styles/scss/theme/_theme.scss 12:1                                @forward
  packages/styles/scss/_theme.scss 8:1                                       @use
  packages/styles/scss/components/data-table/_vars.scss 8:1                  @use
  packages/styles/scss/components/data-table/sort/_data-table-sort.scss 7:1  @use
  stdin 2:1                                                                  root stylesheet]
    at expect (/Users/chrisvelgersdyk/Desktop/carbon-coverall/carbon-coverall-poc/node_modules/expect/build/index.js:128:15)
    at Object.expect (/Users/chrisvelgersdyk/Desktop/carbon-coverall/carbon-coverall-poc/packages/styles/__tests__/styles-test.js:24:13)
    at Promise.then.completed (/Users/chrisvelgersdyk/Desktop/carbon-coverall/carbon-coverall-poc/node_modules/jest-circus/build/utils.js:333:28)
    at new Promise (&lt;anonymous&gt;)
    at callAsyncCircusFn (/Users/chrisvelgersdyk/Desktop/carbon-coverall/carbon-coverall-poc/node_modules/jest-circus/build/utils.js:259:10)
    at _callCircusTest (/Users/chrisvelgersdyk/Desktop/carbon-coverall/carbon-coverall-poc/node_modules/jest-circus/build/run.js:276:40)
    at processTicksAndRejections (node:internal/process/task_queues:95:5)
    at _runTest (/Users/chrisvelgersdyk/Desktop/carbon-coverall/carbon-coverall-poc/node_modules/jest-circus/build/run.js:208:3)
    at _runTestsForDescribeBlock (/Users/chrisvelgersdyk/Desktop/carbon-coverall/carbon-coverall-poc/node_modules/jest-circus/build/run.js:96:9)
    at _runTestsForDescribeBlock (/Users/chrisvelgersdyk/Desktop/carbon-coverall/carbon-coverall-poc/node_modules/jest-circus/build/run.js:90:9)</failure>
    </testcase>
    <testcase classname="@carbon/styles scss/components/data-table/sort/_index.scss should be importable" name="@carbon/styles scss/components/data-table/sort/_index.scss should be importable" time="0.035">
      <failure>Error: expect(received).resolves.toBeDefined()

Received promise rejected instead of resolved
Rejected to value: [Error: Can&apos;t find stylesheet to import.
  ╷
8 │ @forward &apos;generated/themes&apos;;
  │ ^^^^^^^^^^^^^^^^^^^^^^^^^^^
  ╵
  node_modules/@carbon/themes/scss/compat/_themes.scss 8:1                   @use
  packages/styles/scss/compat/_themes.scss 9:1                               @use
  packages/styles/scss/theme/_theme.scss 12:1                                @forward
  packages/styles/scss/_theme.scss 8:1                                       @use
  packages/styles/scss/components/data-table/_vars.scss 8:1                  @use
  packages/styles/scss/components/data-table/sort/_data-table-sort.scss 7:1  @forward
  packages/styles/scss/components/data-table/sort/_index.scss 8:1            @use
  stdin 2:1                                                                  root stylesheet]
    at expect (/Users/chrisvelgersdyk/Desktop/carbon-coverall/carbon-coverall-poc/node_modules/expect/build/index.js:128:15)
    at Object.expect (/Users/chrisvelgersdyk/Desktop/carbon-coverall/carbon-coverall-poc/packages/styles/__tests__/styles-test.js:24:13)
    at Promise.then.completed (/Users/chrisvelgersdyk/Desktop/carbon-coverall/carbon-coverall-poc/node_modules/jest-circus/build/utils.js:333:28)
    at new Promise (&lt;anonymous&gt;)
    at callAsyncCircusFn (/Users/chrisvelgersdyk/Desktop/carbon-coverall/carbon-coverall-poc/node_modules/jest-circus/build/utils.js:259:10)
    at _callCircusTest (/Users/chrisvelgersdyk/Desktop/carbon-coverall/carbon-coverall-poc/node_modules/jest-circus/build/run.js:276:40)
    at processTicksAndRejections (node:internal/process/task_queues:95:5)
    at _runTest (/Users/chrisvelgersdyk/Desktop/carbon-coverall/carbon-coverall-poc/node_modules/jest-circus/build/run.js:208:3)
    at _runTestsForDescribeBlock (/Users/chrisvelgersdyk/Desktop/carbon-coverall/carbon-coverall-poc/node_modules/jest-circus/build/run.js:96:9)
    at _runTestsForDescribeBlock (/Users/chrisvelgersdyk/Desktop/carbon-coverall/carbon-coverall-poc/node_modules/jest-circus/build/run.js:90:9)</failure>
    </testcase>
    <testcase classname="@carbon/styles scss/components/date-picker/_date-picker.scss should be importable" name="@carbon/styles scss/components/date-picker/_date-picker.scss should be importable" time="0.015">
      <failure>Error: expect(received).resolves.toBeDefined()

Received promise rejected instead of resolved
Rejected to value: [Error: Can&apos;t find stylesheet to import.
  ╷
8 │ @forward &apos;generated/themes&apos;;
  │ ^^^^^^^^^^^^^^^^^^^^^^^^^^^
  ╵
  node_modules/@carbon/themes/scss/compat/_themes.scss 8:1           @use
  packages/styles/scss/compat/_themes.scss 9:1                       @use
  packages/styles/scss/theme/_theme.scss 12:1                        @forward
  packages/styles/scss/_theme.scss 8:1                               @use
  packages/styles/scss/components/date-picker/_flatpickr.scss 9:1    @use
  packages/styles/scss/components/date-picker/_date-picker.scss 8:1  @use
  stdin 2:1                                                          root stylesheet]
    at expect (/Users/chrisvelgersdyk/Desktop/carbon-coverall/carbon-coverall-poc/node_modules/expect/build/index.js:128:15)
    at Object.expect (/Users/chrisvelgersdyk/Desktop/carbon-coverall/carbon-coverall-poc/packages/styles/__tests__/styles-test.js:24:13)
    at Promise.then.completed (/Users/chrisvelgersdyk/Desktop/carbon-coverall/carbon-coverall-poc/node_modules/jest-circus/build/utils.js:333:28)
    at new Promise (&lt;anonymous&gt;)
    at callAsyncCircusFn (/Users/chrisvelgersdyk/Desktop/carbon-coverall/carbon-coverall-poc/node_modules/jest-circus/build/utils.js:259:10)
    at _callCircusTest (/Users/chrisvelgersdyk/Desktop/carbon-coverall/carbon-coverall-poc/node_modules/jest-circus/build/run.js:276:40)
    at processTicksAndRejections (node:internal/process/task_queues:95:5)
    at _runTest (/Users/chrisvelgersdyk/Desktop/carbon-coverall/carbon-coverall-poc/node_modules/jest-circus/build/run.js:208:3)
    at _runTestsForDescribeBlock (/Users/chrisvelgersdyk/Desktop/carbon-coverall/carbon-coverall-poc/node_modules/jest-circus/build/run.js:96:9)
    at _runTestsForDescribeBlock (/Users/chrisvelgersdyk/Desktop/carbon-coverall/carbon-coverall-poc/node_modules/jest-circus/build/run.js:90:9)</failure>
    </testcase>
    <testcase classname="@carbon/styles scss/components/date-picker/_index.scss should be importable" name="@carbon/styles scss/components/date-picker/_index.scss should be importable" time="0.03">
      <failure>Error: expect(received).resolves.toBeDefined()

Received promise rejected instead of resolved
Rejected to value: [Error: Can&apos;t find stylesheet to import.
  ╷
8 │ @forward &apos;generated/themes&apos;;
  │ ^^^^^^^^^^^^^^^^^^^^^^^^^^^
  ╵
  node_modules/@carbon/themes/scss/compat/_themes.scss 8:1           @use
  packages/styles/scss/compat/_themes.scss 9:1                       @use
  packages/styles/scss/theme/_theme.scss 12:1                        @forward
  packages/styles/scss/_theme.scss 8:1                               @use
  packages/styles/scss/components/date-picker/_flatpickr.scss 9:1    @use
  packages/styles/scss/components/date-picker/_date-picker.scss 8:1  @forward
  packages/styles/scss/components/date-picker/_index.scss 8:1        @use
  stdin 2:1                                                          root stylesheet]
    at expect (/Users/chrisvelgersdyk/Desktop/carbon-coverall/carbon-coverall-poc/node_modules/expect/build/index.js:128:15)
    at Object.expect (/Users/chrisvelgersdyk/Desktop/carbon-coverall/carbon-coverall-poc/packages/styles/__tests__/styles-test.js:24:13)
    at Promise.then.completed (/Users/chrisvelgersdyk/Desktop/carbon-coverall/carbon-coverall-poc/node_modules/jest-circus/build/utils.js:333:28)
    at new Promise (&lt;anonymous&gt;)
    at callAsyncCircusFn (/Users/chrisvelgersdyk/Desktop/carbon-coverall/carbon-coverall-poc/node_modules/jest-circus/build/utils.js:259:10)
    at _callCircusTest (/Users/chrisvelgersdyk/Desktop/carbon-coverall/carbon-coverall-poc/node_modules/jest-circus/build/run.js:276:40)
    at processTicksAndRejections (node:internal/process/task_queues:95:5)
    at _runTest (/Users/chrisvelgersdyk/Desktop/carbon-coverall/carbon-coverall-poc/node_modules/jest-circus/build/run.js:208:3)
    at _runTestsForDescribeBlock (/Users/chrisvelgersdyk/Desktop/carbon-coverall/carbon-coverall-poc/node_modules/jest-circus/build/run.js:96:9)
    at _runTestsForDescribeBlock (/Users/chrisvelgersdyk/Desktop/carbon-coverall/carbon-coverall-poc/node_modules/jest-circus/build/run.js:90:9)</failure>
    </testcase>
    <testcase classname="@carbon/styles scss/components/dropdown/_dropdown.scss should be importable" name="@carbon/styles scss/components/dropdown/_dropdown.scss should be importable" time="0.034">
      <failure>Error: expect(received).resolves.toBeDefined()

Received promise rejected instead of resolved
Rejected to value: [Error: Can&apos;t find stylesheet to import.
  ╷
8 │ @forward &apos;generated/themes&apos;;
  │ ^^^^^^^^^^^^^^^^^^^^^^^^^^^
  ╵
  node_modules/@carbon/themes/scss/_themes.scss 8:1            @forward
  packages/styles/scss/_themes.scss 9:1                        @use
  packages/styles/scss/components/button/_tokens.scss 10:1     @use
  packages/styles/scss/components/list-box/_list-box.scss 8:1  @forward
  packages/styles/scss/components/list-box/_index.scss 8:1     @use
  packages/styles/scss/components/dropdown/_dropdown.scss 8:1  @use
  stdin 2:1                                                    root stylesheet]
    at expect (/Users/chrisvelgersdyk/Desktop/carbon-coverall/carbon-coverall-poc/node_modules/expect/build/index.js:128:15)
    at Object.expect (/Users/chrisvelgersdyk/Desktop/carbon-coverall/carbon-coverall-poc/packages/styles/__tests__/styles-test.js:24:13)
    at Promise.then.completed (/Users/chrisvelgersdyk/Desktop/carbon-coverall/carbon-coverall-poc/node_modules/jest-circus/build/utils.js:333:28)
    at new Promise (&lt;anonymous&gt;)
    at callAsyncCircusFn (/Users/chrisvelgersdyk/Desktop/carbon-coverall/carbon-coverall-poc/node_modules/jest-circus/build/utils.js:259:10)
    at _callCircusTest (/Users/chrisvelgersdyk/Desktop/carbon-coverall/carbon-coverall-poc/node_modules/jest-circus/build/run.js:276:40)
    at processTicksAndRejections (node:internal/process/task_queues:95:5)
    at _runTest (/Users/chrisvelgersdyk/Desktop/carbon-coverall/carbon-coverall-poc/node_modules/jest-circus/build/run.js:208:3)
    at _runTestsForDescribeBlock (/Users/chrisvelgersdyk/Desktop/carbon-coverall/carbon-coverall-poc/node_modules/jest-circus/build/run.js:96:9)
    at _runTestsForDescribeBlock (/Users/chrisvelgersdyk/Desktop/carbon-coverall/carbon-coverall-poc/node_modules/jest-circus/build/run.js:90:9)</failure>
    </testcase>
    <testcase classname="@carbon/styles scss/components/dropdown/_index.scss should be importable" name="@carbon/styles scss/components/dropdown/_index.scss should be importable" time="0.043">
      <failure>Error: expect(received).resolves.toBeDefined()

Received promise rejected instead of resolved
Rejected to value: [Error: Can&apos;t find stylesheet to import.
  ╷
8 │ @forward &apos;generated/themes&apos;;
  │ ^^^^^^^^^^^^^^^^^^^^^^^^^^^
  ╵
  node_modules/@carbon/themes/scss/_themes.scss 8:1            @forward
  packages/styles/scss/_themes.scss 9:1                        @use
  packages/styles/scss/components/button/_tokens.scss 10:1     @use
  packages/styles/scss/components/list-box/_list-box.scss 8:1  @forward
  packages/styles/scss/components/list-box/_index.scss 8:1     @use
  packages/styles/scss/components/dropdown/_dropdown.scss 8:1  @forward
  packages/styles/scss/components/dropdown/_index.scss 8:1     @use
  stdin 2:1                                                    root stylesheet]
    at expect (/Users/chrisvelgersdyk/Desktop/carbon-coverall/carbon-coverall-poc/node_modules/expect/build/index.js:128:15)
    at Object.expect (/Users/chrisvelgersdyk/Desktop/carbon-coverall/carbon-coverall-poc/packages/styles/__tests__/styles-test.js:24:13)
    at Promise.then.completed (/Users/chrisvelgersdyk/Desktop/carbon-coverall/carbon-coverall-poc/node_modules/jest-circus/build/utils.js:333:28)
    at new Promise (&lt;anonymous&gt;)
    at callAsyncCircusFn (/Users/chrisvelgersdyk/Desktop/carbon-coverall/carbon-coverall-poc/node_modules/jest-circus/build/utils.js:259:10)
    at _callCircusTest (/Users/chrisvelgersdyk/Desktop/carbon-coverall/carbon-coverall-poc/node_modules/jest-circus/build/run.js:276:40)
    at processTicksAndRejections (node:internal/process/task_queues:95:5)
    at _runTest (/Users/chrisvelgersdyk/Desktop/carbon-coverall/carbon-coverall-poc/node_modules/jest-circus/build/run.js:208:3)
    at _runTestsForDescribeBlock (/Users/chrisvelgersdyk/Desktop/carbon-coverall/carbon-coverall-poc/node_modules/jest-circus/build/run.js:96:9)
    at _runTestsForDescribeBlock (/Users/chrisvelgersdyk/Desktop/carbon-coverall/carbon-coverall-poc/node_modules/jest-circus/build/run.js:90:9)</failure>
    </testcase>
    <testcase classname="@carbon/styles scss/components/file-uploader/_file-uploader.scss should be importable" name="@carbon/styles scss/components/file-uploader/_file-uploader.scss should be importable" time="0.045">
      <failure>Error: expect(received).resolves.toBeDefined()

Received promise rejected instead of resolved
Rejected to value: [Error: Can&apos;t find stylesheet to import.
  ╷
8 │ @forward &apos;./generated/fluid-spacing&apos;;
  │ ^^^^^^^^^^^^^^^^^^^^^^^^^^^^^^^^^^^^
  ╵
  node_modules/@carbon/layout/scss/_spacing.scss 8:1                      @forward
  packages/styles/scss/_spacing.scss 8:1                                  @use
  packages/styles/scss/components/file-uploader/_file-uploader.scss 11:1  @use
  stdin 2:1                                                               root stylesheet]
    at expect (/Users/chrisvelgersdyk/Desktop/carbon-coverall/carbon-coverall-poc/node_modules/expect/build/index.js:128:15)
    at Object.expect (/Users/chrisvelgersdyk/Desktop/carbon-coverall/carbon-coverall-poc/packages/styles/__tests__/styles-test.js:24:13)
    at Promise.then.completed (/Users/chrisvelgersdyk/Desktop/carbon-coverall/carbon-coverall-poc/node_modules/jest-circus/build/utils.js:333:28)
    at new Promise (&lt;anonymous&gt;)
    at callAsyncCircusFn (/Users/chrisvelgersdyk/Desktop/carbon-coverall/carbon-coverall-poc/node_modules/jest-circus/build/utils.js:259:10)
    at _callCircusTest (/Users/chrisvelgersdyk/Desktop/carbon-coverall/carbon-coverall-poc/node_modules/jest-circus/build/run.js:276:40)
    at processTicksAndRejections (node:internal/process/task_queues:95:5)
    at _runTest (/Users/chrisvelgersdyk/Desktop/carbon-coverall/carbon-coverall-poc/node_modules/jest-circus/build/run.js:208:3)
    at _runTestsForDescribeBlock (/Users/chrisvelgersdyk/Desktop/carbon-coverall/carbon-coverall-poc/node_modules/jest-circus/build/run.js:96:9)
    at _runTestsForDescribeBlock (/Users/chrisvelgersdyk/Desktop/carbon-coverall/carbon-coverall-poc/node_modules/jest-circus/build/run.js:90:9)</failure>
    </testcase>
    <testcase classname="@carbon/styles scss/components/file-uploader/_index.scss should be importable" name="@carbon/styles scss/components/file-uploader/_index.scss should be importable" time="0.057">
      <failure>Error: expect(received).resolves.toBeDefined()

Received promise rejected instead of resolved
Rejected to value: [Error: Can&apos;t find stylesheet to import.
  ╷
8 │ @forward &apos;./generated/fluid-spacing&apos;;
  │ ^^^^^^^^^^^^^^^^^^^^^^^^^^^^^^^^^^^^
  ╵
  node_modules/@carbon/layout/scss/_spacing.scss 8:1                      @forward
  packages/styles/scss/_spacing.scss 8:1                                  @use
  packages/styles/scss/components/file-uploader/_file-uploader.scss 11:1  @forward
  packages/styles/scss/components/file-uploader/_index.scss 8:1           @use
  stdin 2:1                                                               root stylesheet]
    at expect (/Users/chrisvelgersdyk/Desktop/carbon-coverall/carbon-coverall-poc/node_modules/expect/build/index.js:128:15)
    at Object.expect (/Users/chrisvelgersdyk/Desktop/carbon-coverall/carbon-coverall-poc/packages/styles/__tests__/styles-test.js:24:13)
    at Promise.then.completed (/Users/chrisvelgersdyk/Desktop/carbon-coverall/carbon-coverall-poc/node_modules/jest-circus/build/utils.js:333:28)
    at new Promise (&lt;anonymous&gt;)
    at callAsyncCircusFn (/Users/chrisvelgersdyk/Desktop/carbon-coverall/carbon-coverall-poc/node_modules/jest-circus/build/utils.js:259:10)
    at _callCircusTest (/Users/chrisvelgersdyk/Desktop/carbon-coverall/carbon-coverall-poc/node_modules/jest-circus/build/run.js:276:40)
    at processTicksAndRejections (node:internal/process/task_queues:95:5)
    at _runTest (/Users/chrisvelgersdyk/Desktop/carbon-coverall/carbon-coverall-poc/node_modules/jest-circus/build/run.js:208:3)
    at _runTestsForDescribeBlock (/Users/chrisvelgersdyk/Desktop/carbon-coverall/carbon-coverall-poc/node_modules/jest-circus/build/run.js:96:9)
    at _runTestsForDescribeBlock (/Users/chrisvelgersdyk/Desktop/carbon-coverall/carbon-coverall-poc/node_modules/jest-circus/build/run.js:90:9)</failure>
    </testcase>
    <testcase classname="@carbon/styles scss/components/form/_form.scss should be importable" name="@carbon/styles scss/components/form/_form.scss should be importable" time="0.019">
      <failure>Error: expect(received).resolves.toBeDefined()

Received promise rejected instead of resolved
Rejected to value: [Error: Can&apos;t find stylesheet to import.
  ╷
8 │ @forward &apos;./generated/fluid-spacing&apos;;
  │ ^^^^^^^^^^^^^^^^^^^^^^^^^^^^^^^^^^^^
  ╵
  node_modules/@carbon/layout/scss/_spacing.scss 8:1   @forward
  packages/styles/scss/_spacing.scss 8:1               @use
  packages/styles/scss/components/form/_form.scss 9:1  @use
  stdin 2:1                                            root stylesheet]
    at expect (/Users/chrisvelgersdyk/Desktop/carbon-coverall/carbon-coverall-poc/node_modules/expect/build/index.js:128:15)
    at Object.expect (/Users/chrisvelgersdyk/Desktop/carbon-coverall/carbon-coverall-poc/packages/styles/__tests__/styles-test.js:24:13)
    at Promise.then.completed (/Users/chrisvelgersdyk/Desktop/carbon-coverall/carbon-coverall-poc/node_modules/jest-circus/build/utils.js:333:28)
    at new Promise (&lt;anonymous&gt;)
    at callAsyncCircusFn (/Users/chrisvelgersdyk/Desktop/carbon-coverall/carbon-coverall-poc/node_modules/jest-circus/build/utils.js:259:10)
    at _callCircusTest (/Users/chrisvelgersdyk/Desktop/carbon-coverall/carbon-coverall-poc/node_modules/jest-circus/build/run.js:276:40)
    at processTicksAndRejections (node:internal/process/task_queues:95:5)
    at _runTest (/Users/chrisvelgersdyk/Desktop/carbon-coverall/carbon-coverall-poc/node_modules/jest-circus/build/run.js:208:3)
    at _runTestsForDescribeBlock (/Users/chrisvelgersdyk/Desktop/carbon-coverall/carbon-coverall-poc/node_modules/jest-circus/build/run.js:96:9)
    at _runTestsForDescribeBlock (/Users/chrisvelgersdyk/Desktop/carbon-coverall/carbon-coverall-poc/node_modules/jest-circus/build/run.js:90:9)</failure>
    </testcase>
    <testcase classname="@carbon/styles scss/components/form/_index.scss should be importable" name="@carbon/styles scss/components/form/_index.scss should be importable" time="0.079">
      <failure>Error: expect(received).resolves.toBeDefined()

Received promise rejected instead of resolved
Rejected to value: [Error: Can&apos;t find stylesheet to import.
  ╷
8 │ @forward &apos;./generated/fluid-spacing&apos;;
  │ ^^^^^^^^^^^^^^^^^^^^^^^^^^^^^^^^^^^^
  ╵
  node_modules/@carbon/layout/scss/_spacing.scss 8:1    @forward
  packages/styles/scss/_spacing.scss 8:1                @use
  packages/styles/scss/components/form/_form.scss 9:1   @forward
  packages/styles/scss/components/form/_index.scss 8:1  @use
  stdin 2:1                                             root stylesheet]
    at expect (/Users/chrisvelgersdyk/Desktop/carbon-coverall/carbon-coverall-poc/node_modules/expect/build/index.js:128:15)
    at Object.expect (/Users/chrisvelgersdyk/Desktop/carbon-coverall/carbon-coverall-poc/packages/styles/__tests__/styles-test.js:24:13)
    at Promise.then.completed (/Users/chrisvelgersdyk/Desktop/carbon-coverall/carbon-coverall-poc/node_modules/jest-circus/build/utils.js:333:28)
    at new Promise (&lt;anonymous&gt;)
    at callAsyncCircusFn (/Users/chrisvelgersdyk/Desktop/carbon-coverall/carbon-coverall-poc/node_modules/jest-circus/build/utils.js:259:10)
    at _callCircusTest (/Users/chrisvelgersdyk/Desktop/carbon-coverall/carbon-coverall-poc/node_modules/jest-circus/build/run.js:276:40)
    at processTicksAndRejections (node:internal/process/task_queues:95:5)
    at _runTest (/Users/chrisvelgersdyk/Desktop/carbon-coverall/carbon-coverall-poc/node_modules/jest-circus/build/run.js:208:3)
    at _runTestsForDescribeBlock (/Users/chrisvelgersdyk/Desktop/carbon-coverall/carbon-coverall-poc/node_modules/jest-circus/build/run.js:96:9)
    at _runTestsForDescribeBlock (/Users/chrisvelgersdyk/Desktop/carbon-coverall/carbon-coverall-poc/node_modules/jest-circus/build/run.js:90:9)</failure>
    </testcase>
    <testcase classname="@carbon/styles scss/components/fluid-combo-box/_fluid-combo-box.scss should be importable" name="@carbon/styles scss/components/fluid-combo-box/_fluid-combo-box.scss should be importable" time="0.008">
      <failure>Error: expect(received).resolves.toBeDefined()

Received promise rejected instead of resolved
Rejected to value: [Error: Can&apos;t find stylesheet to import.
  ╷
8 │ @forward &apos;./generated/fluid-spacing&apos;;
  │ ^^^^^^^^^^^^^^^^^^^^^^^^^^^^^^^^^^^^
  ╵
  node_modules/@carbon/layout/scss/_spacing.scss 8:1                          @forward
  packages/styles/scss/_spacing.scss 8:1                                      @use
  packages/styles/scss/components/fluid-combo-box/_fluid-combo-box.scss 13:1  @use
  stdin 2:1                                                                   root stylesheet]
    at expect (/Users/chrisvelgersdyk/Desktop/carbon-coverall/carbon-coverall-poc/node_modules/expect/build/index.js:128:15)
    at Object.expect (/Users/chrisvelgersdyk/Desktop/carbon-coverall/carbon-coverall-poc/packages/styles/__tests__/styles-test.js:24:13)
    at Promise.then.completed (/Users/chrisvelgersdyk/Desktop/carbon-coverall/carbon-coverall-poc/node_modules/jest-circus/build/utils.js:333:28)
    at new Promise (&lt;anonymous&gt;)
    at callAsyncCircusFn (/Users/chrisvelgersdyk/Desktop/carbon-coverall/carbon-coverall-poc/node_modules/jest-circus/build/utils.js:259:10)
    at _callCircusTest (/Users/chrisvelgersdyk/Desktop/carbon-coverall/carbon-coverall-poc/node_modules/jest-circus/build/run.js:276:40)
    at processTicksAndRejections (node:internal/process/task_queues:95:5)
    at _runTest (/Users/chrisvelgersdyk/Desktop/carbon-coverall/carbon-coverall-poc/node_modules/jest-circus/build/run.js:208:3)
    at _runTestsForDescribeBlock (/Users/chrisvelgersdyk/Desktop/carbon-coverall/carbon-coverall-poc/node_modules/jest-circus/build/run.js:96:9)
    at _runTestsForDescribeBlock (/Users/chrisvelgersdyk/Desktop/carbon-coverall/carbon-coverall-poc/node_modules/jest-circus/build/run.js:90:9)</failure>
    </testcase>
    <testcase classname="@carbon/styles scss/components/fluid-combo-box/_index.scss should be importable" name="@carbon/styles scss/components/fluid-combo-box/_index.scss should be importable" time="0.006">
      <failure>Error: expect(received).resolves.toBeDefined()

Received promise rejected instead of resolved
Rejected to value: [Error: Can&apos;t find stylesheet to import.
  ╷
8 │ @forward &apos;./generated/fluid-spacing&apos;;
  │ ^^^^^^^^^^^^^^^^^^^^^^^^^^^^^^^^^^^^
  ╵
  node_modules/@carbon/layout/scss/_spacing.scss 8:1                          @forward
  packages/styles/scss/_spacing.scss 8:1                                      @use
  packages/styles/scss/components/fluid-combo-box/_fluid-combo-box.scss 13:1  @forward
  packages/styles/scss/components/fluid-combo-box/_index.scss 8:1             @use
  stdin 2:1                                                                   root stylesheet]
    at expect (/Users/chrisvelgersdyk/Desktop/carbon-coverall/carbon-coverall-poc/node_modules/expect/build/index.js:128:15)
    at Object.expect (/Users/chrisvelgersdyk/Desktop/carbon-coverall/carbon-coverall-poc/packages/styles/__tests__/styles-test.js:24:13)
    at Promise.then.completed (/Users/chrisvelgersdyk/Desktop/carbon-coverall/carbon-coverall-poc/node_modules/jest-circus/build/utils.js:333:28)
    at new Promise (&lt;anonymous&gt;)
    at callAsyncCircusFn (/Users/chrisvelgersdyk/Desktop/carbon-coverall/carbon-coverall-poc/node_modules/jest-circus/build/utils.js:259:10)
    at _callCircusTest (/Users/chrisvelgersdyk/Desktop/carbon-coverall/carbon-coverall-poc/node_modules/jest-circus/build/run.js:276:40)
    at processTicksAndRejections (node:internal/process/task_queues:95:5)
    at _runTest (/Users/chrisvelgersdyk/Desktop/carbon-coverall/carbon-coverall-poc/node_modules/jest-circus/build/run.js:208:3)
    at _runTestsForDescribeBlock (/Users/chrisvelgersdyk/Desktop/carbon-coverall/carbon-coverall-poc/node_modules/jest-circus/build/run.js:96:9)
    at _runTestsForDescribeBlock (/Users/chrisvelgersdyk/Desktop/carbon-coverall/carbon-coverall-poc/node_modules/jest-circus/build/run.js:90:9)</failure>
    </testcase>
    <testcase classname="@carbon/styles scss/components/fluid-date-picker/_fluid-date-picker.scss should be importable" name="@carbon/styles scss/components/fluid-date-picker/_fluid-date-picker.scss should be importable" time="0.012">
      <failure>Error: expect(received).resolves.toBeDefined()

Received promise rejected instead of resolved
Rejected to value: [Error: Can&apos;t find stylesheet to import.
  ╷
8 │ @forward &apos;./generated/fluid-spacing&apos;;
  │ ^^^^^^^^^^^^^^^^^^^^^^^^^^^^^^^^^^^^
  ╵
  node_modules/@carbon/layout/scss/_spacing.scss 8:1                              @forward
  packages/styles/scss/_spacing.scss 8:1                                          @use
  packages/styles/scss/components/fluid-date-picker/_fluid-date-picker.scss 13:1  @use
  stdin 2:1                                                                       root stylesheet]
    at expect (/Users/chrisvelgersdyk/Desktop/carbon-coverall/carbon-coverall-poc/node_modules/expect/build/index.js:128:15)
    at Object.expect (/Users/chrisvelgersdyk/Desktop/carbon-coverall/carbon-coverall-poc/packages/styles/__tests__/styles-test.js:24:13)
    at Promise.then.completed (/Users/chrisvelgersdyk/Desktop/carbon-coverall/carbon-coverall-poc/node_modules/jest-circus/build/utils.js:333:28)
    at new Promise (&lt;anonymous&gt;)
    at callAsyncCircusFn (/Users/chrisvelgersdyk/Desktop/carbon-coverall/carbon-coverall-poc/node_modules/jest-circus/build/utils.js:259:10)
    at _callCircusTest (/Users/chrisvelgersdyk/Desktop/carbon-coverall/carbon-coverall-poc/node_modules/jest-circus/build/run.js:276:40)
    at processTicksAndRejections (node:internal/process/task_queues:95:5)
    at _runTest (/Users/chrisvelgersdyk/Desktop/carbon-coverall/carbon-coverall-poc/node_modules/jest-circus/build/run.js:208:3)
    at _runTestsForDescribeBlock (/Users/chrisvelgersdyk/Desktop/carbon-coverall/carbon-coverall-poc/node_modules/jest-circus/build/run.js:96:9)
    at _runTestsForDescribeBlock (/Users/chrisvelgersdyk/Desktop/carbon-coverall/carbon-coverall-poc/node_modules/jest-circus/build/run.js:90:9)</failure>
    </testcase>
    <testcase classname="@carbon/styles scss/components/fluid-date-picker/_index.scss should be importable" name="@carbon/styles scss/components/fluid-date-picker/_index.scss should be importable" time="0.008">
      <failure>Error: expect(received).resolves.toBeDefined()

Received promise rejected instead of resolved
Rejected to value: [Error: Can&apos;t find stylesheet to import.
  ╷
8 │ @forward &apos;./generated/fluid-spacing&apos;;
  │ ^^^^^^^^^^^^^^^^^^^^^^^^^^^^^^^^^^^^
  ╵
  node_modules/@carbon/layout/scss/_spacing.scss 8:1                              @forward
  packages/styles/scss/_spacing.scss 8:1                                          @use
  packages/styles/scss/components/fluid-date-picker/_fluid-date-picker.scss 13:1  @forward
  packages/styles/scss/components/fluid-date-picker/_index.scss 8:1               @use
  stdin 2:1                                                                       root stylesheet]
    at expect (/Users/chrisvelgersdyk/Desktop/carbon-coverall/carbon-coverall-poc/node_modules/expect/build/index.js:128:15)
    at Object.expect (/Users/chrisvelgersdyk/Desktop/carbon-coverall/carbon-coverall-poc/packages/styles/__tests__/styles-test.js:24:13)
    at Promise.then.completed (/Users/chrisvelgersdyk/Desktop/carbon-coverall/carbon-coverall-poc/node_modules/jest-circus/build/utils.js:333:28)
    at new Promise (&lt;anonymous&gt;)
    at callAsyncCircusFn (/Users/chrisvelgersdyk/Desktop/carbon-coverall/carbon-coverall-poc/node_modules/jest-circus/build/utils.js:259:10)
    at _callCircusTest (/Users/chrisvelgersdyk/Desktop/carbon-coverall/carbon-coverall-poc/node_modules/jest-circus/build/run.js:276:40)
    at processTicksAndRejections (node:internal/process/task_queues:95:5)
    at _runTest (/Users/chrisvelgersdyk/Desktop/carbon-coverall/carbon-coverall-poc/node_modules/jest-circus/build/run.js:208:3)
    at _runTestsForDescribeBlock (/Users/chrisvelgersdyk/Desktop/carbon-coverall/carbon-coverall-poc/node_modules/jest-circus/build/run.js:96:9)
    at _runTestsForDescribeBlock (/Users/chrisvelgersdyk/Desktop/carbon-coverall/carbon-coverall-poc/node_modules/jest-circus/build/run.js:90:9)</failure>
    </testcase>
    <testcase classname="@carbon/styles scss/components/fluid-dropdown/_fluid-dropdown.scss should be importable" name="@carbon/styles scss/components/fluid-dropdown/_fluid-dropdown.scss should be importable" time="0.012">
      <failure>Error: expect(received).resolves.toBeDefined()

Received promise rejected instead of resolved
Rejected to value: [Error: Can&apos;t find stylesheet to import.
  ╷
8 │ @forward &apos;./generated/fluid-spacing&apos;;
  │ ^^^^^^^^^^^^^^^^^^^^^^^^^^^^^^^^^^^^
  ╵
  node_modules/@carbon/layout/scss/_spacing.scss 8:1                        @forward
  packages/styles/scss/_spacing.scss 8:1                                    @use
  packages/styles/scss/components/fluid-dropdown/_fluid-dropdown.scss 13:1  @use
  stdin 2:1                                                                 root stylesheet]
    at expect (/Users/chrisvelgersdyk/Desktop/carbon-coverall/carbon-coverall-poc/node_modules/expect/build/index.js:128:15)
    at Object.expect (/Users/chrisvelgersdyk/Desktop/carbon-coverall/carbon-coverall-poc/packages/styles/__tests__/styles-test.js:24:13)
    at Promise.then.completed (/Users/chrisvelgersdyk/Desktop/carbon-coverall/carbon-coverall-poc/node_modules/jest-circus/build/utils.js:333:28)
    at new Promise (&lt;anonymous&gt;)
    at callAsyncCircusFn (/Users/chrisvelgersdyk/Desktop/carbon-coverall/carbon-coverall-poc/node_modules/jest-circus/build/utils.js:259:10)
    at _callCircusTest (/Users/chrisvelgersdyk/Desktop/carbon-coverall/carbon-coverall-poc/node_modules/jest-circus/build/run.js:276:40)
    at processTicksAndRejections (node:internal/process/task_queues:95:5)
    at _runTest (/Users/chrisvelgersdyk/Desktop/carbon-coverall/carbon-coverall-poc/node_modules/jest-circus/build/run.js:208:3)
    at _runTestsForDescribeBlock (/Users/chrisvelgersdyk/Desktop/carbon-coverall/carbon-coverall-poc/node_modules/jest-circus/build/run.js:96:9)
    at _runTestsForDescribeBlock (/Users/chrisvelgersdyk/Desktop/carbon-coverall/carbon-coverall-poc/node_modules/jest-circus/build/run.js:90:9)</failure>
    </testcase>
    <testcase classname="@carbon/styles scss/components/fluid-dropdown/_index.scss should be importable" name="@carbon/styles scss/components/fluid-dropdown/_index.scss should be importable" time="0.012">
      <failure>Error: expect(received).resolves.toBeDefined()

Received promise rejected instead of resolved
Rejected to value: [Error: Can&apos;t find stylesheet to import.
  ╷
8 │ @forward &apos;./generated/fluid-spacing&apos;;
  │ ^^^^^^^^^^^^^^^^^^^^^^^^^^^^^^^^^^^^
  ╵
  node_modules/@carbon/layout/scss/_spacing.scss 8:1                        @forward
  packages/styles/scss/_spacing.scss 8:1                                    @use
  packages/styles/scss/components/fluid-dropdown/_fluid-dropdown.scss 13:1  @forward
  packages/styles/scss/components/fluid-dropdown/_index.scss 8:1            @use
  stdin 2:1                                                                 root stylesheet]
    at expect (/Users/chrisvelgersdyk/Desktop/carbon-coverall/carbon-coverall-poc/node_modules/expect/build/index.js:128:15)
    at Object.expect (/Users/chrisvelgersdyk/Desktop/carbon-coverall/carbon-coverall-poc/packages/styles/__tests__/styles-test.js:24:13)
    at Promise.then.completed (/Users/chrisvelgersdyk/Desktop/carbon-coverall/carbon-coverall-poc/node_modules/jest-circus/build/utils.js:333:28)
    at new Promise (&lt;anonymous&gt;)
    at callAsyncCircusFn (/Users/chrisvelgersdyk/Desktop/carbon-coverall/carbon-coverall-poc/node_modules/jest-circus/build/utils.js:259:10)
    at _callCircusTest (/Users/chrisvelgersdyk/Desktop/carbon-coverall/carbon-coverall-poc/node_modules/jest-circus/build/run.js:276:40)
    at processTicksAndRejections (node:internal/process/task_queues:95:5)
    at _runTest (/Users/chrisvelgersdyk/Desktop/carbon-coverall/carbon-coverall-poc/node_modules/jest-circus/build/run.js:208:3)
    at _runTestsForDescribeBlock (/Users/chrisvelgersdyk/Desktop/carbon-coverall/carbon-coverall-poc/node_modules/jest-circus/build/run.js:96:9)
    at _runTestsForDescribeBlock (/Users/chrisvelgersdyk/Desktop/carbon-coverall/carbon-coverall-poc/node_modules/jest-circus/build/run.js:90:9)</failure>
    </testcase>
    <testcase classname="@carbon/styles scss/components/fluid-list-box/_fluid-list-box.scss should be importable" name="@carbon/styles scss/components/fluid-list-box/_fluid-list-box.scss should be importable" time="0.036">
      <failure>Error: expect(received).resolves.toBeDefined()

Received promise rejected instead of resolved
Rejected to value: [Error: Can&apos;t find stylesheet to import.
  ╷
8 │ @forward &apos;./generated/fluid-spacing&apos;;
  │ ^^^^^^^^^^^^^^^^^^^^^^^^^^^^^^^^^^^^
  ╵
  node_modules/@carbon/layout/scss/_spacing.scss 8:1                        @forward
  packages/styles/scss/_spacing.scss 8:1                                    @use
  packages/styles/scss/components/fluid-list-box/_fluid-list-box.scss 13:1  @use
  stdin 2:1                                                                 root stylesheet]
    at expect (/Users/chrisvelgersdyk/Desktop/carbon-coverall/carbon-coverall-poc/node_modules/expect/build/index.js:128:15)
    at Object.expect (/Users/chrisvelgersdyk/Desktop/carbon-coverall/carbon-coverall-poc/packages/styles/__tests__/styles-test.js:24:13)
    at Promise.then.completed (/Users/chrisvelgersdyk/Desktop/carbon-coverall/carbon-coverall-poc/node_modules/jest-circus/build/utils.js:333:28)
    at new Promise (&lt;anonymous&gt;)
    at callAsyncCircusFn (/Users/chrisvelgersdyk/Desktop/carbon-coverall/carbon-coverall-poc/node_modules/jest-circus/build/utils.js:259:10)
    at _callCircusTest (/Users/chrisvelgersdyk/Desktop/carbon-coverall/carbon-coverall-poc/node_modules/jest-circus/build/run.js:276:40)
    at processTicksAndRejections (node:internal/process/task_queues:95:5)
    at _runTest (/Users/chrisvelgersdyk/Desktop/carbon-coverall/carbon-coverall-poc/node_modules/jest-circus/build/run.js:208:3)
    at _runTestsForDescribeBlock (/Users/chrisvelgersdyk/Desktop/carbon-coverall/carbon-coverall-poc/node_modules/jest-circus/build/run.js:96:9)
    at _runTestsForDescribeBlock (/Users/chrisvelgersdyk/Desktop/carbon-coverall/carbon-coverall-poc/node_modules/jest-circus/build/run.js:90:9)</failure>
    </testcase>
    <testcase classname="@carbon/styles scss/components/fluid-list-box/_index.scss should be importable" name="@carbon/styles scss/components/fluid-list-box/_index.scss should be importable" time="0.026">
      <failure>Error: expect(received).resolves.toBeDefined()

Received promise rejected instead of resolved
Rejected to value: [Error: Can&apos;t find stylesheet to import.
  ╷
8 │ @forward &apos;./generated/fluid-spacing&apos;;
  │ ^^^^^^^^^^^^^^^^^^^^^^^^^^^^^^^^^^^^
  ╵
  node_modules/@carbon/layout/scss/_spacing.scss 8:1                        @forward
  packages/styles/scss/_spacing.scss 8:1                                    @use
  packages/styles/scss/components/fluid-list-box/_fluid-list-box.scss 13:1  @forward
  packages/styles/scss/components/fluid-list-box/_index.scss 8:1            @use
  stdin 2:1                                                                 root stylesheet]
    at expect (/Users/chrisvelgersdyk/Desktop/carbon-coverall/carbon-coverall-poc/node_modules/expect/build/index.js:128:15)
    at Object.expect (/Users/chrisvelgersdyk/Desktop/carbon-coverall/carbon-coverall-poc/packages/styles/__tests__/styles-test.js:24:13)
    at Promise.then.completed (/Users/chrisvelgersdyk/Desktop/carbon-coverall/carbon-coverall-poc/node_modules/jest-circus/build/utils.js:333:28)
    at new Promise (&lt;anonymous&gt;)
    at callAsyncCircusFn (/Users/chrisvelgersdyk/Desktop/carbon-coverall/carbon-coverall-poc/node_modules/jest-circus/build/utils.js:259:10)
    at _callCircusTest (/Users/chrisvelgersdyk/Desktop/carbon-coverall/carbon-coverall-poc/node_modules/jest-circus/build/run.js:276:40)
    at processTicksAndRejections (node:internal/process/task_queues:95:5)
    at _runTest (/Users/chrisvelgersdyk/Desktop/carbon-coverall/carbon-coverall-poc/node_modules/jest-circus/build/run.js:208:3)
    at _runTestsForDescribeBlock (/Users/chrisvelgersdyk/Desktop/carbon-coverall/carbon-coverall-poc/node_modules/jest-circus/build/run.js:96:9)
    at _runTestsForDescribeBlock (/Users/chrisvelgersdyk/Desktop/carbon-coverall/carbon-coverall-poc/node_modules/jest-circus/build/run.js:90:9)</failure>
    </testcase>
    <testcase classname="@carbon/styles scss/components/fluid-multiselect/_fluid-multiselect.scss should be importable" name="@carbon/styles scss/components/fluid-multiselect/_fluid-multiselect.scss should be importable" time="0.028">
      <failure>Error: expect(received).resolves.toBeDefined()

Received promise rejected instead of resolved
Rejected to value: [Error: Can&apos;t find stylesheet to import.
  ╷
8 │ @forward &apos;./generated/fluid-spacing&apos;;
  │ ^^^^^^^^^^^^^^^^^^^^^^^^^^^^^^^^^^^^
  ╵
  node_modules/@carbon/layout/scss/_spacing.scss 8:1                              @forward
  packages/styles/scss/_spacing.scss 8:1                                          @use
  packages/styles/scss/components/fluid-multiselect/_fluid-multiselect.scss 13:1  @use
  stdin 2:1                                                                       root stylesheet]
    at expect (/Users/chrisvelgersdyk/Desktop/carbon-coverall/carbon-coverall-poc/node_modules/expect/build/index.js:128:15)
    at Object.expect (/Users/chrisvelgersdyk/Desktop/carbon-coverall/carbon-coverall-poc/packages/styles/__tests__/styles-test.js:24:13)
    at Promise.then.completed (/Users/chrisvelgersdyk/Desktop/carbon-coverall/carbon-coverall-poc/node_modules/jest-circus/build/utils.js:333:28)
    at new Promise (&lt;anonymous&gt;)
    at callAsyncCircusFn (/Users/chrisvelgersdyk/Desktop/carbon-coverall/carbon-coverall-poc/node_modules/jest-circus/build/utils.js:259:10)
    at _callCircusTest (/Users/chrisvelgersdyk/Desktop/carbon-coverall/carbon-coverall-poc/node_modules/jest-circus/build/run.js:276:40)
    at processTicksAndRejections (node:internal/process/task_queues:95:5)
    at _runTest (/Users/chrisvelgersdyk/Desktop/carbon-coverall/carbon-coverall-poc/node_modules/jest-circus/build/run.js:208:3)
    at _runTestsForDescribeBlock (/Users/chrisvelgersdyk/Desktop/carbon-coverall/carbon-coverall-poc/node_modules/jest-circus/build/run.js:96:9)
    at _runTestsForDescribeBlock (/Users/chrisvelgersdyk/Desktop/carbon-coverall/carbon-coverall-poc/node_modules/jest-circus/build/run.js:90:9)</failure>
    </testcase>
    <testcase classname="@carbon/styles scss/components/fluid-multiselect/_index.scss should be importable" name="@carbon/styles scss/components/fluid-multiselect/_index.scss should be importable" time="0.01">
      <failure>Error: expect(received).resolves.toBeDefined()

Received promise rejected instead of resolved
Rejected to value: [Error: Can&apos;t find stylesheet to import.
  ╷
8 │ @forward &apos;./generated/fluid-spacing&apos;;
  │ ^^^^^^^^^^^^^^^^^^^^^^^^^^^^^^^^^^^^
  ╵
  node_modules/@carbon/layout/scss/_spacing.scss 8:1                              @forward
  packages/styles/scss/_spacing.scss 8:1                                          @use
  packages/styles/scss/components/fluid-multiselect/_fluid-multiselect.scss 13:1  @forward
  packages/styles/scss/components/fluid-multiselect/_index.scss 8:1               @use
  stdin 2:1                                                                       root stylesheet]
    at expect (/Users/chrisvelgersdyk/Desktop/carbon-coverall/carbon-coverall-poc/node_modules/expect/build/index.js:128:15)
    at Object.expect (/Users/chrisvelgersdyk/Desktop/carbon-coverall/carbon-coverall-poc/packages/styles/__tests__/styles-test.js:24:13)
    at Promise.then.completed (/Users/chrisvelgersdyk/Desktop/carbon-coverall/carbon-coverall-poc/node_modules/jest-circus/build/utils.js:333:28)
    at new Promise (&lt;anonymous&gt;)
    at callAsyncCircusFn (/Users/chrisvelgersdyk/Desktop/carbon-coverall/carbon-coverall-poc/node_modules/jest-circus/build/utils.js:259:10)
    at _callCircusTest (/Users/chrisvelgersdyk/Desktop/carbon-coverall/carbon-coverall-poc/node_modules/jest-circus/build/run.js:276:40)
    at processTicksAndRejections (node:internal/process/task_queues:95:5)
    at _runTest (/Users/chrisvelgersdyk/Desktop/carbon-coverall/carbon-coverall-poc/node_modules/jest-circus/build/run.js:208:3)
    at _runTestsForDescribeBlock (/Users/chrisvelgersdyk/Desktop/carbon-coverall/carbon-coverall-poc/node_modules/jest-circus/build/run.js:96:9)
    at _runTestsForDescribeBlock (/Users/chrisvelgersdyk/Desktop/carbon-coverall/carbon-coverall-poc/node_modules/jest-circus/build/run.js:90:9)</failure>
    </testcase>
    <testcase classname="@carbon/styles scss/components/fluid-number-input/_fluid-number-input.scss should be importable" name="@carbon/styles scss/components/fluid-number-input/_fluid-number-input.scss should be importable" time="0.01">
      <failure>Error: expect(received).resolves.toBeDefined()

Received promise rejected instead of resolved
Rejected to value: [Error: Can&apos;t find stylesheet to import.
  ╷
8 │ @forward &apos;./generated/fluid-spacing&apos;;
  │ ^^^^^^^^^^^^^^^^^^^^^^^^^^^^^^^^^^^^
  ╵
  node_modules/@carbon/layout/scss/_spacing.scss 8:1                                @forward
  packages/styles/scss/_spacing.scss 8:1                                            @use
  packages/styles/scss/components/fluid-number-input/_fluid-number-input.scss 13:1  @use
  stdin 2:1                                                                         root stylesheet]
    at expect (/Users/chrisvelgersdyk/Desktop/carbon-coverall/carbon-coverall-poc/node_modules/expect/build/index.js:128:15)
    at Object.expect (/Users/chrisvelgersdyk/Desktop/carbon-coverall/carbon-coverall-poc/packages/styles/__tests__/styles-test.js:24:13)
    at Promise.then.completed (/Users/chrisvelgersdyk/Desktop/carbon-coverall/carbon-coverall-poc/node_modules/jest-circus/build/utils.js:333:28)
    at new Promise (&lt;anonymous&gt;)
    at callAsyncCircusFn (/Users/chrisvelgersdyk/Desktop/carbon-coverall/carbon-coverall-poc/node_modules/jest-circus/build/utils.js:259:10)
    at _callCircusTest (/Users/chrisvelgersdyk/Desktop/carbon-coverall/carbon-coverall-poc/node_modules/jest-circus/build/run.js:276:40)
    at processTicksAndRejections (node:internal/process/task_queues:95:5)
    at _runTest (/Users/chrisvelgersdyk/Desktop/carbon-coverall/carbon-coverall-poc/node_modules/jest-circus/build/run.js:208:3)
    at _runTestsForDescribeBlock (/Users/chrisvelgersdyk/Desktop/carbon-coverall/carbon-coverall-poc/node_modules/jest-circus/build/run.js:96:9)
    at _runTestsForDescribeBlock (/Users/chrisvelgersdyk/Desktop/carbon-coverall/carbon-coverall-poc/node_modules/jest-circus/build/run.js:90:9)</failure>
    </testcase>
    <testcase classname="@carbon/styles scss/components/fluid-number-input/_index.scss should be importable" name="@carbon/styles scss/components/fluid-number-input/_index.scss should be importable" time="0.044">
      <failure>Error: expect(received).resolves.toBeDefined()

Received promise rejected instead of resolved
Rejected to value: [Error: Can&apos;t find stylesheet to import.
  ╷
8 │ @forward &apos;./generated/fluid-spacing&apos;;
  │ ^^^^^^^^^^^^^^^^^^^^^^^^^^^^^^^^^^^^
  ╵
  node_modules/@carbon/layout/scss/_spacing.scss 8:1                                @forward
  packages/styles/scss/_spacing.scss 8:1                                            @use
  packages/styles/scss/components/fluid-number-input/_fluid-number-input.scss 13:1  @forward
  packages/styles/scss/components/fluid-number-input/_index.scss 8:1                @use
  stdin 2:1                                                                         root stylesheet]
    at expect (/Users/chrisvelgersdyk/Desktop/carbon-coverall/carbon-coverall-poc/node_modules/expect/build/index.js:128:15)
    at Object.expect (/Users/chrisvelgersdyk/Desktop/carbon-coverall/carbon-coverall-poc/packages/styles/__tests__/styles-test.js:24:13)
    at Promise.then.completed (/Users/chrisvelgersdyk/Desktop/carbon-coverall/carbon-coverall-poc/node_modules/jest-circus/build/utils.js:333:28)
    at new Promise (&lt;anonymous&gt;)
    at callAsyncCircusFn (/Users/chrisvelgersdyk/Desktop/carbon-coverall/carbon-coverall-poc/node_modules/jest-circus/build/utils.js:259:10)
    at _callCircusTest (/Users/chrisvelgersdyk/Desktop/carbon-coverall/carbon-coverall-poc/node_modules/jest-circus/build/run.js:276:40)
    at processTicksAndRejections (node:internal/process/task_queues:95:5)
    at _runTest (/Users/chrisvelgersdyk/Desktop/carbon-coverall/carbon-coverall-poc/node_modules/jest-circus/build/run.js:208:3)
    at _runTestsForDescribeBlock (/Users/chrisvelgersdyk/Desktop/carbon-coverall/carbon-coverall-poc/node_modules/jest-circus/build/run.js:96:9)
    at _runTestsForDescribeBlock (/Users/chrisvelgersdyk/Desktop/carbon-coverall/carbon-coverall-poc/node_modules/jest-circus/build/run.js:90:9)</failure>
    </testcase>
    <testcase classname="@carbon/styles scss/components/fluid-search/_fluid-search.scss should be importable" name="@carbon/styles scss/components/fluid-search/_fluid-search.scss should be importable" time="0.015">
      <failure>Error: expect(received).resolves.toBeDefined()

Received promise rejected instead of resolved
Rejected to value: [Error: Can&apos;t find stylesheet to import.
  ╷
8 │ @forward &apos;./generated/fluid-spacing&apos;;
  │ ^^^^^^^^^^^^^^^^^^^^^^^^^^^^^^^^^^^^
  ╵
  node_modules/@carbon/layout/scss/_spacing.scss 8:1                    @forward
  packages/styles/scss/_spacing.scss 8:1                                @use
  packages/styles/scss/components/fluid-search/_fluid-search.scss 13:1  @use
  stdin 2:1                                                             root stylesheet]
    at expect (/Users/chrisvelgersdyk/Desktop/carbon-coverall/carbon-coverall-poc/node_modules/expect/build/index.js:128:15)
    at Object.expect (/Users/chrisvelgersdyk/Desktop/carbon-coverall/carbon-coverall-poc/packages/styles/__tests__/styles-test.js:24:13)
    at Promise.then.completed (/Users/chrisvelgersdyk/Desktop/carbon-coverall/carbon-coverall-poc/node_modules/jest-circus/build/utils.js:333:28)
    at new Promise (&lt;anonymous&gt;)
    at callAsyncCircusFn (/Users/chrisvelgersdyk/Desktop/carbon-coverall/carbon-coverall-poc/node_modules/jest-circus/build/utils.js:259:10)
    at _callCircusTest (/Users/chrisvelgersdyk/Desktop/carbon-coverall/carbon-coverall-poc/node_modules/jest-circus/build/run.js:276:40)
    at processTicksAndRejections (node:internal/process/task_queues:95:5)
    at _runTest (/Users/chrisvelgersdyk/Desktop/carbon-coverall/carbon-coverall-poc/node_modules/jest-circus/build/run.js:208:3)
    at _runTestsForDescribeBlock (/Users/chrisvelgersdyk/Desktop/carbon-coverall/carbon-coverall-poc/node_modules/jest-circus/build/run.js:96:9)
    at _runTestsForDescribeBlock (/Users/chrisvelgersdyk/Desktop/carbon-coverall/carbon-coverall-poc/node_modules/jest-circus/build/run.js:90:9)</failure>
    </testcase>
    <testcase classname="@carbon/styles scss/components/fluid-search/_index.scss should be importable" name="@carbon/styles scss/components/fluid-search/_index.scss should be importable" time="0.017">
      <failure>Error: expect(received).resolves.toBeDefined()

Received promise rejected instead of resolved
Rejected to value: [Error: Can&apos;t find stylesheet to import.
  ╷
8 │ @forward &apos;./generated/fluid-spacing&apos;;
  │ ^^^^^^^^^^^^^^^^^^^^^^^^^^^^^^^^^^^^
  ╵
  node_modules/@carbon/layout/scss/_spacing.scss 8:1                    @forward
  packages/styles/scss/_spacing.scss 8:1                                @use
  packages/styles/scss/components/fluid-search/_fluid-search.scss 13:1  @forward
  packages/styles/scss/components/fluid-search/_index.scss 8:1          @use
  stdin 2:1                                                             root stylesheet]
    at expect (/Users/chrisvelgersdyk/Desktop/carbon-coverall/carbon-coverall-poc/node_modules/expect/build/index.js:128:15)
    at Object.expect (/Users/chrisvelgersdyk/Desktop/carbon-coverall/carbon-coverall-poc/packages/styles/__tests__/styles-test.js:24:13)
    at Promise.then.completed (/Users/chrisvelgersdyk/Desktop/carbon-coverall/carbon-coverall-poc/node_modules/jest-circus/build/utils.js:333:28)
    at new Promise (&lt;anonymous&gt;)
    at callAsyncCircusFn (/Users/chrisvelgersdyk/Desktop/carbon-coverall/carbon-coverall-poc/node_modules/jest-circus/build/utils.js:259:10)
    at _callCircusTest (/Users/chrisvelgersdyk/Desktop/carbon-coverall/carbon-coverall-poc/node_modules/jest-circus/build/run.js:276:40)
    at processTicksAndRejections (node:internal/process/task_queues:95:5)
    at _runTest (/Users/chrisvelgersdyk/Desktop/carbon-coverall/carbon-coverall-poc/node_modules/jest-circus/build/run.js:208:3)
    at _runTestsForDescribeBlock (/Users/chrisvelgersdyk/Desktop/carbon-coverall/carbon-coverall-poc/node_modules/jest-circus/build/run.js:96:9)
    at _runTestsForDescribeBlock (/Users/chrisvelgersdyk/Desktop/carbon-coverall/carbon-coverall-poc/node_modules/jest-circus/build/run.js:90:9)</failure>
    </testcase>
    <testcase classname="@carbon/styles scss/components/fluid-select/_fluid-select.scss should be importable" name="@carbon/styles scss/components/fluid-select/_fluid-select.scss should be importable" time="0.033">
      <failure>Error: expect(received).resolves.toBeDefined()

Received promise rejected instead of resolved
Rejected to value: [Error: Can&apos;t find stylesheet to import.
  ╷
8 │ @forward &apos;./generated/fluid-spacing&apos;;
  │ ^^^^^^^^^^^^^^^^^^^^^^^^^^^^^^^^^^^^
  ╵
  node_modules/@carbon/layout/scss/_spacing.scss 8:1                    @forward
  packages/styles/scss/_spacing.scss 8:1                                @use
  packages/styles/scss/components/fluid-select/_fluid-select.scss 13:1  @use
  stdin 2:1                                                             root stylesheet]
    at expect (/Users/chrisvelgersdyk/Desktop/carbon-coverall/carbon-coverall-poc/node_modules/expect/build/index.js:128:15)
    at Object.expect (/Users/chrisvelgersdyk/Desktop/carbon-coverall/carbon-coverall-poc/packages/styles/__tests__/styles-test.js:24:13)
    at Promise.then.completed (/Users/chrisvelgersdyk/Desktop/carbon-coverall/carbon-coverall-poc/node_modules/jest-circus/build/utils.js:333:28)
    at new Promise (&lt;anonymous&gt;)
    at callAsyncCircusFn (/Users/chrisvelgersdyk/Desktop/carbon-coverall/carbon-coverall-poc/node_modules/jest-circus/build/utils.js:259:10)
    at _callCircusTest (/Users/chrisvelgersdyk/Desktop/carbon-coverall/carbon-coverall-poc/node_modules/jest-circus/build/run.js:276:40)
    at processTicksAndRejections (node:internal/process/task_queues:95:5)
    at _runTest (/Users/chrisvelgersdyk/Desktop/carbon-coverall/carbon-coverall-poc/node_modules/jest-circus/build/run.js:208:3)
    at _runTestsForDescribeBlock (/Users/chrisvelgersdyk/Desktop/carbon-coverall/carbon-coverall-poc/node_modules/jest-circus/build/run.js:96:9)
    at _runTestsForDescribeBlock (/Users/chrisvelgersdyk/Desktop/carbon-coverall/carbon-coverall-poc/node_modules/jest-circus/build/run.js:90:9)</failure>
    </testcase>
    <testcase classname="@carbon/styles scss/components/fluid-select/_index.scss should be importable" name="@carbon/styles scss/components/fluid-select/_index.scss should be importable" time="0.021">
      <failure>Error: expect(received).resolves.toBeDefined()

Received promise rejected instead of resolved
Rejected to value: [Error: Can&apos;t find stylesheet to import.
  ╷
8 │ @forward &apos;./generated/fluid-spacing&apos;;
  │ ^^^^^^^^^^^^^^^^^^^^^^^^^^^^^^^^^^^^
  ╵
  node_modules/@carbon/layout/scss/_spacing.scss 8:1                    @forward
  packages/styles/scss/_spacing.scss 8:1                                @use
  packages/styles/scss/components/fluid-select/_fluid-select.scss 13:1  @forward
  packages/styles/scss/components/fluid-select/_index.scss 8:1          @use
  stdin 2:1                                                             root stylesheet]
    at expect (/Users/chrisvelgersdyk/Desktop/carbon-coverall/carbon-coverall-poc/node_modules/expect/build/index.js:128:15)
    at Object.expect (/Users/chrisvelgersdyk/Desktop/carbon-coverall/carbon-coverall-poc/packages/styles/__tests__/styles-test.js:24:13)
    at Promise.then.completed (/Users/chrisvelgersdyk/Desktop/carbon-coverall/carbon-coverall-poc/node_modules/jest-circus/build/utils.js:333:28)
    at new Promise (&lt;anonymous&gt;)
    at callAsyncCircusFn (/Users/chrisvelgersdyk/Desktop/carbon-coverall/carbon-coverall-poc/node_modules/jest-circus/build/utils.js:259:10)
    at _callCircusTest (/Users/chrisvelgersdyk/Desktop/carbon-coverall/carbon-coverall-poc/node_modules/jest-circus/build/run.js:276:40)
    at processTicksAndRejections (node:internal/process/task_queues:95:5)
    at _runTest (/Users/chrisvelgersdyk/Desktop/carbon-coverall/carbon-coverall-poc/node_modules/jest-circus/build/run.js:208:3)
    at _runTestsForDescribeBlock (/Users/chrisvelgersdyk/Desktop/carbon-coverall/carbon-coverall-poc/node_modules/jest-circus/build/run.js:96:9)
    at _runTestsForDescribeBlock (/Users/chrisvelgersdyk/Desktop/carbon-coverall/carbon-coverall-poc/node_modules/jest-circus/build/run.js:90:9)</failure>
    </testcase>
    <testcase classname="@carbon/styles scss/components/fluid-text-area/_fluid-text-area.scss should be importable" name="@carbon/styles scss/components/fluid-text-area/_fluid-text-area.scss should be importable" time="0.009">
      <failure>Error: expect(received).resolves.toBeDefined()

Received promise rejected instead of resolved
Rejected to value: [Error: Can&apos;t find stylesheet to import.
  ╷
8 │ @forward &apos;./generated/fluid-spacing&apos;;
  │ ^^^^^^^^^^^^^^^^^^^^^^^^^^^^^^^^^^^^
  ╵
  node_modules/@carbon/layout/scss/_spacing.scss 8:1                          @forward
  packages/styles/scss/_spacing.scss 8:1                                      @use
  packages/styles/scss/components/form/_form.scss 9:1                         @forward
  packages/styles/scss/components/form/_index.scss 8:1                        @use
  packages/styles/scss/components/text-area/_text-area.scss 8:1               @forward
  packages/styles/scss/components/text-area/_index.scss 8:1                   @use
  packages/styles/scss/components/fluid-text-area/_fluid-text-area.scss 11:1  @use
  stdin 2:1                                                                   root stylesheet]
    at expect (/Users/chrisvelgersdyk/Desktop/carbon-coverall/carbon-coverall-poc/node_modules/expect/build/index.js:128:15)
    at Object.expect (/Users/chrisvelgersdyk/Desktop/carbon-coverall/carbon-coverall-poc/packages/styles/__tests__/styles-test.js:24:13)
    at Promise.then.completed (/Users/chrisvelgersdyk/Desktop/carbon-coverall/carbon-coverall-poc/node_modules/jest-circus/build/utils.js:333:28)
    at new Promise (&lt;anonymous&gt;)
    at callAsyncCircusFn (/Users/chrisvelgersdyk/Desktop/carbon-coverall/carbon-coverall-poc/node_modules/jest-circus/build/utils.js:259:10)
    at _callCircusTest (/Users/chrisvelgersdyk/Desktop/carbon-coverall/carbon-coverall-poc/node_modules/jest-circus/build/run.js:276:40)
    at processTicksAndRejections (node:internal/process/task_queues:95:5)
    at _runTest (/Users/chrisvelgersdyk/Desktop/carbon-coverall/carbon-coverall-poc/node_modules/jest-circus/build/run.js:208:3)
    at _runTestsForDescribeBlock (/Users/chrisvelgersdyk/Desktop/carbon-coverall/carbon-coverall-poc/node_modules/jest-circus/build/run.js:96:9)
    at _runTestsForDescribeBlock (/Users/chrisvelgersdyk/Desktop/carbon-coverall/carbon-coverall-poc/node_modules/jest-circus/build/run.js:90:9)</failure>
    </testcase>
    <testcase classname="@carbon/styles scss/components/fluid-text-area/_index.scss should be importable" name="@carbon/styles scss/components/fluid-text-area/_index.scss should be importable" time="0.055">
      <failure>Error: expect(received).resolves.toBeDefined()

Received promise rejected instead of resolved
Rejected to value: [Error: Can&apos;t find stylesheet to import.
  ╷
8 │ @forward &apos;./generated/fluid-spacing&apos;;
  │ ^^^^^^^^^^^^^^^^^^^^^^^^^^^^^^^^^^^^
  ╵
  node_modules/@carbon/layout/scss/_spacing.scss 8:1                          @forward
  packages/styles/scss/_spacing.scss 8:1                                      @use
  packages/styles/scss/components/form/_form.scss 9:1                         @forward
  packages/styles/scss/components/form/_index.scss 8:1                        @use
  packages/styles/scss/components/text-area/_text-area.scss 8:1               @forward
  packages/styles/scss/components/text-area/_index.scss 8:1                   @use
  packages/styles/scss/components/fluid-text-area/_fluid-text-area.scss 11:1  @forward
  packages/styles/scss/components/fluid-text-area/_index.scss 8:1             @use
  stdin 2:1                                                                   root stylesheet]
    at expect (/Users/chrisvelgersdyk/Desktop/carbon-coverall/carbon-coverall-poc/node_modules/expect/build/index.js:128:15)
    at Object.expect (/Users/chrisvelgersdyk/Desktop/carbon-coverall/carbon-coverall-poc/packages/styles/__tests__/styles-test.js:24:13)
    at Promise.then.completed (/Users/chrisvelgersdyk/Desktop/carbon-coverall/carbon-coverall-poc/node_modules/jest-circus/build/utils.js:333:28)
    at new Promise (&lt;anonymous&gt;)
    at callAsyncCircusFn (/Users/chrisvelgersdyk/Desktop/carbon-coverall/carbon-coverall-poc/node_modules/jest-circus/build/utils.js:259:10)
    at _callCircusTest (/Users/chrisvelgersdyk/Desktop/carbon-coverall/carbon-coverall-poc/node_modules/jest-circus/build/run.js:276:40)
    at processTicksAndRejections (node:internal/process/task_queues:95:5)
    at _runTest (/Users/chrisvelgersdyk/Desktop/carbon-coverall/carbon-coverall-poc/node_modules/jest-circus/build/run.js:208:3)
    at _runTestsForDescribeBlock (/Users/chrisvelgersdyk/Desktop/carbon-coverall/carbon-coverall-poc/node_modules/jest-circus/build/run.js:96:9)
    at _runTestsForDescribeBlock (/Users/chrisvelgersdyk/Desktop/carbon-coverall/carbon-coverall-poc/node_modules/jest-circus/build/run.js:90:9)</failure>
    </testcase>
    <testcase classname="@carbon/styles scss/components/fluid-text-input/_fluid-text-input.scss should be importable" name="@carbon/styles scss/components/fluid-text-input/_fluid-text-input.scss should be importable" time="0.014">
      <failure>Error: expect(received).resolves.toBeDefined()

Received promise rejected instead of resolved
Rejected to value: [Error: Can&apos;t find stylesheet to import.
  ╷
8 │ @forward &apos;./generated/fluid-spacing&apos;;
  │ ^^^^^^^^^^^^^^^^^^^^^^^^^^^^^^^^^^^^
  ╵
  node_modules/@carbon/layout/scss/_spacing.scss 8:1                            @forward
  packages/styles/scss/_spacing.scss 8:1                                        @use
  packages/styles/scss/components/fluid-text-input/_fluid-text-input.scss 13:1  @use
  stdin 2:1                                                                     root stylesheet]
    at expect (/Users/chrisvelgersdyk/Desktop/carbon-coverall/carbon-coverall-poc/node_modules/expect/build/index.js:128:15)
    at Object.expect (/Users/chrisvelgersdyk/Desktop/carbon-coverall/carbon-coverall-poc/packages/styles/__tests__/styles-test.js:24:13)
    at Promise.then.completed (/Users/chrisvelgersdyk/Desktop/carbon-coverall/carbon-coverall-poc/node_modules/jest-circus/build/utils.js:333:28)
    at new Promise (&lt;anonymous&gt;)
    at callAsyncCircusFn (/Users/chrisvelgersdyk/Desktop/carbon-coverall/carbon-coverall-poc/node_modules/jest-circus/build/utils.js:259:10)
    at _callCircusTest (/Users/chrisvelgersdyk/Desktop/carbon-coverall/carbon-coverall-poc/node_modules/jest-circus/build/run.js:276:40)
    at processTicksAndRejections (node:internal/process/task_queues:95:5)
    at _runTest (/Users/chrisvelgersdyk/Desktop/carbon-coverall/carbon-coverall-poc/node_modules/jest-circus/build/run.js:208:3)
    at _runTestsForDescribeBlock (/Users/chrisvelgersdyk/Desktop/carbon-coverall/carbon-coverall-poc/node_modules/jest-circus/build/run.js:96:9)
    at _runTestsForDescribeBlock (/Users/chrisvelgersdyk/Desktop/carbon-coverall/carbon-coverall-poc/node_modules/jest-circus/build/run.js:90:9)</failure>
    </testcase>
    <testcase classname="@carbon/styles scss/components/fluid-text-input/_index.scss should be importable" name="@carbon/styles scss/components/fluid-text-input/_index.scss should be importable" time="0.009">
      <failure>Error: expect(received).resolves.toBeDefined()

Received promise rejected instead of resolved
Rejected to value: [Error: Can&apos;t find stylesheet to import.
  ╷
8 │ @forward &apos;./generated/fluid-spacing&apos;;
  │ ^^^^^^^^^^^^^^^^^^^^^^^^^^^^^^^^^^^^
  ╵
  node_modules/@carbon/layout/scss/_spacing.scss 8:1                            @forward
  packages/styles/scss/_spacing.scss 8:1                                        @use
  packages/styles/scss/components/fluid-text-input/_fluid-text-input.scss 13:1  @forward
  packages/styles/scss/components/fluid-text-input/_index.scss 8:1              @use
  stdin 2:1                                                                     root stylesheet]
    at expect (/Users/chrisvelgersdyk/Desktop/carbon-coverall/carbon-coverall-poc/node_modules/expect/build/index.js:128:15)
    at Object.expect (/Users/chrisvelgersdyk/Desktop/carbon-coverall/carbon-coverall-poc/packages/styles/__tests__/styles-test.js:24:13)
    at Promise.then.completed (/Users/chrisvelgersdyk/Desktop/carbon-coverall/carbon-coverall-poc/node_modules/jest-circus/build/utils.js:333:28)
    at new Promise (&lt;anonymous&gt;)
    at callAsyncCircusFn (/Users/chrisvelgersdyk/Desktop/carbon-coverall/carbon-coverall-poc/node_modules/jest-circus/build/utils.js:259:10)
    at _callCircusTest (/Users/chrisvelgersdyk/Desktop/carbon-coverall/carbon-coverall-poc/node_modules/jest-circus/build/run.js:276:40)
    at processTicksAndRejections (node:internal/process/task_queues:95:5)
    at _runTest (/Users/chrisvelgersdyk/Desktop/carbon-coverall/carbon-coverall-poc/node_modules/jest-circus/build/run.js:208:3)
    at _runTestsForDescribeBlock (/Users/chrisvelgersdyk/Desktop/carbon-coverall/carbon-coverall-poc/node_modules/jest-circus/build/run.js:96:9)
    at _runTestsForDescribeBlock (/Users/chrisvelgersdyk/Desktop/carbon-coverall/carbon-coverall-poc/node_modules/jest-circus/build/run.js:90:9)</failure>
    </testcase>
    <testcase classname="@carbon/styles scss/components/fluid-time-picker/_fluid-time-picker.scss should be importable" name="@carbon/styles scss/components/fluid-time-picker/_fluid-time-picker.scss should be importable" time="0.011">
      <failure>Error: expect(received).resolves.toBeDefined()

Received promise rejected instead of resolved
Rejected to value: [Error: Can&apos;t find stylesheet to import.
  ╷
8 │ @forward &apos;./generated/fluid-spacing&apos;;
  │ ^^^^^^^^^^^^^^^^^^^^^^^^^^^^^^^^^^^^
  ╵
  node_modules/@carbon/layout/scss/_spacing.scss 8:1                              @forward
  packages/styles/scss/_spacing.scss 8:1                                          @use
  packages/styles/scss/components/fluid-time-picker/_fluid-time-picker.scss 13:1  @use
  stdin 2:1                                                                       root stylesheet]
    at expect (/Users/chrisvelgersdyk/Desktop/carbon-coverall/carbon-coverall-poc/node_modules/expect/build/index.js:128:15)
    at Object.expect (/Users/chrisvelgersdyk/Desktop/carbon-coverall/carbon-coverall-poc/packages/styles/__tests__/styles-test.js:24:13)
    at Promise.then.completed (/Users/chrisvelgersdyk/Desktop/carbon-coverall/carbon-coverall-poc/node_modules/jest-circus/build/utils.js:333:28)
    at new Promise (&lt;anonymous&gt;)
    at callAsyncCircusFn (/Users/chrisvelgersdyk/Desktop/carbon-coverall/carbon-coverall-poc/node_modules/jest-circus/build/utils.js:259:10)
    at _callCircusTest (/Users/chrisvelgersdyk/Desktop/carbon-coverall/carbon-coverall-poc/node_modules/jest-circus/build/run.js:276:40)
    at processTicksAndRejections (node:internal/process/task_queues:95:5)
    at _runTest (/Users/chrisvelgersdyk/Desktop/carbon-coverall/carbon-coverall-poc/node_modules/jest-circus/build/run.js:208:3)
    at _runTestsForDescribeBlock (/Users/chrisvelgersdyk/Desktop/carbon-coverall/carbon-coverall-poc/node_modules/jest-circus/build/run.js:96:9)
    at _runTestsForDescribeBlock (/Users/chrisvelgersdyk/Desktop/carbon-coverall/carbon-coverall-poc/node_modules/jest-circus/build/run.js:90:9)</failure>
    </testcase>
    <testcase classname="@carbon/styles scss/components/fluid-time-picker/_index.scss should be importable" name="@carbon/styles scss/components/fluid-time-picker/_index.scss should be importable" time="0.021">
      <failure>Error: expect(received).resolves.toBeDefined()

Received promise rejected instead of resolved
Rejected to value: [Error: Can&apos;t find stylesheet to import.
  ╷
8 │ @forward &apos;./generated/fluid-spacing&apos;;
  │ ^^^^^^^^^^^^^^^^^^^^^^^^^^^^^^^^^^^^
  ╵
  node_modules/@carbon/layout/scss/_spacing.scss 8:1                              @forward
  packages/styles/scss/_spacing.scss 8:1                                          @use
  packages/styles/scss/components/fluid-time-picker/_fluid-time-picker.scss 13:1  @forward
  packages/styles/scss/components/fluid-time-picker/_index.scss 8:1               @use
  stdin 2:1                                                                       root stylesheet]
    at expect (/Users/chrisvelgersdyk/Desktop/carbon-coverall/carbon-coverall-poc/node_modules/expect/build/index.js:128:15)
    at Object.expect (/Users/chrisvelgersdyk/Desktop/carbon-coverall/carbon-coverall-poc/packages/styles/__tests__/styles-test.js:24:13)
    at Promise.then.completed (/Users/chrisvelgersdyk/Desktop/carbon-coverall/carbon-coverall-poc/node_modules/jest-circus/build/utils.js:333:28)
    at new Promise (&lt;anonymous&gt;)
    at callAsyncCircusFn (/Users/chrisvelgersdyk/Desktop/carbon-coverall/carbon-coverall-poc/node_modules/jest-circus/build/utils.js:259:10)
    at _callCircusTest (/Users/chrisvelgersdyk/Desktop/carbon-coverall/carbon-coverall-poc/node_modules/jest-circus/build/run.js:276:40)
    at processTicksAndRejections (node:internal/process/task_queues:95:5)
    at _runTest (/Users/chrisvelgersdyk/Desktop/carbon-coverall/carbon-coverall-poc/node_modules/jest-circus/build/run.js:208:3)
    at _runTestsForDescribeBlock (/Users/chrisvelgersdyk/Desktop/carbon-coverall/carbon-coverall-poc/node_modules/jest-circus/build/run.js:96:9)
    at _runTestsForDescribeBlock (/Users/chrisvelgersdyk/Desktop/carbon-coverall/carbon-coverall-poc/node_modules/jest-circus/build/run.js:90:9)</failure>
    </testcase>
    <testcase classname="@carbon/styles scss/components/icon-indicator/_icon-indicator.scss should be importable" name="@carbon/styles scss/components/icon-indicator/_icon-indicator.scss should be importable" time="0.008">
      <failure>Error: expect(received).resolves.toBeDefined()

Received promise rejected instead of resolved
Rejected to value: [Error: Can&apos;t find stylesheet to import.
  ╷
8 │ @forward &apos;generated/themes&apos;;
  │ ^^^^^^^^^^^^^^^^^^^^^^^^^^^
  ╵
  node_modules/@carbon/themes/scss/compat/_themes.scss 8:1                 @use
  packages/styles/scss/compat/_themes.scss 9:1                             @use
  packages/styles/scss/theme/_theme.scss 12:1                              @forward
  packages/styles/scss/_theme.scss 8:1                                     @use
  packages/styles/scss/components/icon-indicator/_icon-indicator.scss 8:1  @use
  stdin 2:1                                                                root stylesheet]
    at expect (/Users/chrisvelgersdyk/Desktop/carbon-coverall/carbon-coverall-poc/node_modules/expect/build/index.js:128:15)
    at Object.expect (/Users/chrisvelgersdyk/Desktop/carbon-coverall/carbon-coverall-poc/packages/styles/__tests__/styles-test.js:24:13)
    at Promise.then.completed (/Users/chrisvelgersdyk/Desktop/carbon-coverall/carbon-coverall-poc/node_modules/jest-circus/build/utils.js:333:28)
    at new Promise (&lt;anonymous&gt;)
    at callAsyncCircusFn (/Users/chrisvelgersdyk/Desktop/carbon-coverall/carbon-coverall-poc/node_modules/jest-circus/build/utils.js:259:10)
    at _callCircusTest (/Users/chrisvelgersdyk/Desktop/carbon-coverall/carbon-coverall-poc/node_modules/jest-circus/build/run.js:276:40)
    at processTicksAndRejections (node:internal/process/task_queues:95:5)
    at _runTest (/Users/chrisvelgersdyk/Desktop/carbon-coverall/carbon-coverall-poc/node_modules/jest-circus/build/run.js:208:3)
    at _runTestsForDescribeBlock (/Users/chrisvelgersdyk/Desktop/carbon-coverall/carbon-coverall-poc/node_modules/jest-circus/build/run.js:96:9)
    at _runTestsForDescribeBlock (/Users/chrisvelgersdyk/Desktop/carbon-coverall/carbon-coverall-poc/node_modules/jest-circus/build/run.js:90:9)</failure>
    </testcase>
    <testcase classname="@carbon/styles scss/components/icon-indicator/_index.scss should be importable" name="@carbon/styles scss/components/icon-indicator/_index.scss should be importable" time="0.013">
      <failure>Error: expect(received).resolves.toBeDefined()

Received promise rejected instead of resolved
Rejected to value: [Error: Can&apos;t find stylesheet to import.
  ╷
8 │ @forward &apos;generated/themes&apos;;
  │ ^^^^^^^^^^^^^^^^^^^^^^^^^^^
  ╵
  node_modules/@carbon/themes/scss/compat/_themes.scss 8:1                 @use
  packages/styles/scss/compat/_themes.scss 9:1                             @use
  packages/styles/scss/theme/_theme.scss 12:1                              @forward
  packages/styles/scss/_theme.scss 8:1                                     @use
  packages/styles/scss/components/icon-indicator/_icon-indicator.scss 8:1  @forward
  packages/styles/scss/components/icon-indicator/_index.scss 8:1           @use
  stdin 2:1                                                                root stylesheet]
    at expect (/Users/chrisvelgersdyk/Desktop/carbon-coverall/carbon-coverall-poc/node_modules/expect/build/index.js:128:15)
    at Object.expect (/Users/chrisvelgersdyk/Desktop/carbon-coverall/carbon-coverall-poc/packages/styles/__tests__/styles-test.js:24:13)
    at Promise.then.completed (/Users/chrisvelgersdyk/Desktop/carbon-coverall/carbon-coverall-poc/node_modules/jest-circus/build/utils.js:333:28)
    at new Promise (&lt;anonymous&gt;)
    at callAsyncCircusFn (/Users/chrisvelgersdyk/Desktop/carbon-coverall/carbon-coverall-poc/node_modules/jest-circus/build/utils.js:259:10)
    at _callCircusTest (/Users/chrisvelgersdyk/Desktop/carbon-coverall/carbon-coverall-poc/node_modules/jest-circus/build/run.js:276:40)
    at processTicksAndRejections (node:internal/process/task_queues:95:5)
    at _runTest (/Users/chrisvelgersdyk/Desktop/carbon-coverall/carbon-coverall-poc/node_modules/jest-circus/build/run.js:208:3)
    at _runTestsForDescribeBlock (/Users/chrisvelgersdyk/Desktop/carbon-coverall/carbon-coverall-poc/node_modules/jest-circus/build/run.js:96:9)
    at _runTestsForDescribeBlock (/Users/chrisvelgersdyk/Desktop/carbon-coverall/carbon-coverall-poc/node_modules/jest-circus/build/run.js:90:9)</failure>
    </testcase>
    <testcase classname="@carbon/styles scss/components/inline-loading/_index.scss should be importable" name="@carbon/styles scss/components/inline-loading/_index.scss should be importable" time="0.032">
      <failure>Error: expect(received).resolves.toBeDefined()

Received promise rejected instead of resolved
Rejected to value: [Error: Can&apos;t find stylesheet to import.
  ╷
8 │ @forward &apos;generated/themes&apos;;
  │ ^^^^^^^^^^^^^^^^^^^^^^^^^^^
  ╵
  node_modules/@carbon/themes/scss/compat/_themes.scss 8:1                 @use
  packages/styles/scss/compat/_themes.scss 9:1                             @use
  packages/styles/scss/theme/_theme.scss 12:1                              @use
  packages/styles/scss/layer/_layer-sets.scss 9:1                          @forward
  packages/styles/scss/_layer.scss 8:1                                     @use
  packages/styles/scss/components/loading/_loading.scss 12:1               @forward
  packages/styles/scss/components/loading/_index.scss 8:1                  @use
  packages/styles/scss/components/inline-loading/_inline-loading.scss 9:1  @forward
  packages/styles/scss/components/inline-loading/_index.scss 8:1           @use
  stdin 2:1                                                                root stylesheet]
    at expect (/Users/chrisvelgersdyk/Desktop/carbon-coverall/carbon-coverall-poc/node_modules/expect/build/index.js:128:15)
    at Object.expect (/Users/chrisvelgersdyk/Desktop/carbon-coverall/carbon-coverall-poc/packages/styles/__tests__/styles-test.js:24:13)
    at Promise.then.completed (/Users/chrisvelgersdyk/Desktop/carbon-coverall/carbon-coverall-poc/node_modules/jest-circus/build/utils.js:333:28)
    at new Promise (&lt;anonymous&gt;)
    at callAsyncCircusFn (/Users/chrisvelgersdyk/Desktop/carbon-coverall/carbon-coverall-poc/node_modules/jest-circus/build/utils.js:259:10)
    at _callCircusTest (/Users/chrisvelgersdyk/Desktop/carbon-coverall/carbon-coverall-poc/node_modules/jest-circus/build/run.js:276:40)
    at processTicksAndRejections (node:internal/process/task_queues:95:5)
    at _runTest (/Users/chrisvelgersdyk/Desktop/carbon-coverall/carbon-coverall-poc/node_modules/jest-circus/build/run.js:208:3)
    at _runTestsForDescribeBlock (/Users/chrisvelgersdyk/Desktop/carbon-coverall/carbon-coverall-poc/node_modules/jest-circus/build/run.js:96:9)
    at _runTestsForDescribeBlock (/Users/chrisvelgersdyk/Desktop/carbon-coverall/carbon-coverall-poc/node_modules/jest-circus/build/run.js:90:9)</failure>
    </testcase>
    <testcase classname="@carbon/styles scss/components/inline-loading/_inline-loading.scss should be importable" name="@carbon/styles scss/components/inline-loading/_inline-loading.scss should be importable" time="0.028">
      <failure>Error: expect(received).resolves.toBeDefined()

Received promise rejected instead of resolved
Rejected to value: [Error: Can&apos;t find stylesheet to import.
  ╷
8 │ @forward &apos;generated/themes&apos;;
  │ ^^^^^^^^^^^^^^^^^^^^^^^^^^^
  ╵
  node_modules/@carbon/themes/scss/compat/_themes.scss 8:1                 @use
  packages/styles/scss/compat/_themes.scss 9:1                             @use
  packages/styles/scss/theme/_theme.scss 12:1                              @use
  packages/styles/scss/layer/_layer-sets.scss 9:1                          @forward
  packages/styles/scss/_layer.scss 8:1                                     @use
  packages/styles/scss/components/loading/_loading.scss 12:1               @forward
  packages/styles/scss/components/loading/_index.scss 8:1                  @use
  packages/styles/scss/components/inline-loading/_inline-loading.scss 9:1  @use
  stdin 2:1                                                                root stylesheet]
    at expect (/Users/chrisvelgersdyk/Desktop/carbon-coverall/carbon-coverall-poc/node_modules/expect/build/index.js:128:15)
    at Object.expect (/Users/chrisvelgersdyk/Desktop/carbon-coverall/carbon-coverall-poc/packages/styles/__tests__/styles-test.js:24:13)
    at Promise.then.completed (/Users/chrisvelgersdyk/Desktop/carbon-coverall/carbon-coverall-poc/node_modules/jest-circus/build/utils.js:333:28)
    at new Promise (&lt;anonymous&gt;)
    at callAsyncCircusFn (/Users/chrisvelgersdyk/Desktop/carbon-coverall/carbon-coverall-poc/node_modules/jest-circus/build/utils.js:259:10)
    at _callCircusTest (/Users/chrisvelgersdyk/Desktop/carbon-coverall/carbon-coverall-poc/node_modules/jest-circus/build/run.js:276:40)
    at processTicksAndRejections (node:internal/process/task_queues:95:5)
    at _runTest (/Users/chrisvelgersdyk/Desktop/carbon-coverall/carbon-coverall-poc/node_modules/jest-circus/build/run.js:208:3)
    at _runTestsForDescribeBlock (/Users/chrisvelgersdyk/Desktop/carbon-coverall/carbon-coverall-poc/node_modules/jest-circus/build/run.js:96:9)
    at _runTestsForDescribeBlock (/Users/chrisvelgersdyk/Desktop/carbon-coverall/carbon-coverall-poc/node_modules/jest-circus/build/run.js:90:9)</failure>
    </testcase>
    <testcase classname="@carbon/styles scss/components/link/_index.scss should be importable" name="@carbon/styles scss/components/link/_index.scss should be importable" time="0.009">
      <failure>Error: expect(received).resolves.toBeDefined()

Received promise rejected instead of resolved
Rejected to value: [Error: Can&apos;t find stylesheet to import.
  ╷
8 │ @forward &apos;./generated/fluid-spacing&apos;;
  │ ^^^^^^^^^^^^^^^^^^^^^^^^^^^^^^^^^^^^
  ╵
  node_modules/@carbon/layout/scss/_spacing.scss 8:1    @forward
  packages/styles/scss/_spacing.scss 8:1                @use
  packages/styles/scss/components/link/_link.scss 10:1  @forward
  packages/styles/scss/components/link/_index.scss 8:1  @use
  stdin 2:1                                             root stylesheet]
    at expect (/Users/chrisvelgersdyk/Desktop/carbon-coverall/carbon-coverall-poc/node_modules/expect/build/index.js:128:15)
    at Object.expect (/Users/chrisvelgersdyk/Desktop/carbon-coverall/carbon-coverall-poc/packages/styles/__tests__/styles-test.js:24:13)
    at Promise.then.completed (/Users/chrisvelgersdyk/Desktop/carbon-coverall/carbon-coverall-poc/node_modules/jest-circus/build/utils.js:333:28)
    at new Promise (&lt;anonymous&gt;)
    at callAsyncCircusFn (/Users/chrisvelgersdyk/Desktop/carbon-coverall/carbon-coverall-poc/node_modules/jest-circus/build/utils.js:259:10)
    at _callCircusTest (/Users/chrisvelgersdyk/Desktop/carbon-coverall/carbon-coverall-poc/node_modules/jest-circus/build/run.js:276:40)
    at processTicksAndRejections (node:internal/process/task_queues:95:5)
    at _runTest (/Users/chrisvelgersdyk/Desktop/carbon-coverall/carbon-coverall-poc/node_modules/jest-circus/build/run.js:208:3)
    at _runTestsForDescribeBlock (/Users/chrisvelgersdyk/Desktop/carbon-coverall/carbon-coverall-poc/node_modules/jest-circus/build/run.js:96:9)
    at _runTestsForDescribeBlock (/Users/chrisvelgersdyk/Desktop/carbon-coverall/carbon-coverall-poc/node_modules/jest-circus/build/run.js:90:9)</failure>
    </testcase>
    <testcase classname="@carbon/styles scss/components/link/_link.scss should be importable" name="@carbon/styles scss/components/link/_link.scss should be importable" time="0.01">
      <failure>Error: expect(received).resolves.toBeDefined()

Received promise rejected instead of resolved
Rejected to value: [Error: Can&apos;t find stylesheet to import.
  ╷
8 │ @forward &apos;./generated/fluid-spacing&apos;;
  │ ^^^^^^^^^^^^^^^^^^^^^^^^^^^^^^^^^^^^
  ╵
  node_modules/@carbon/layout/scss/_spacing.scss 8:1    @forward
  packages/styles/scss/_spacing.scss 8:1                @use
  packages/styles/scss/components/link/_link.scss 10:1  @use
  stdin 2:1                                             root stylesheet]
    at expect (/Users/chrisvelgersdyk/Desktop/carbon-coverall/carbon-coverall-poc/node_modules/expect/build/index.js:128:15)
    at Object.expect (/Users/chrisvelgersdyk/Desktop/carbon-coverall/carbon-coverall-poc/packages/styles/__tests__/styles-test.js:24:13)
    at Promise.then.completed (/Users/chrisvelgersdyk/Desktop/carbon-coverall/carbon-coverall-poc/node_modules/jest-circus/build/utils.js:333:28)
    at new Promise (&lt;anonymous&gt;)
    at callAsyncCircusFn (/Users/chrisvelgersdyk/Desktop/carbon-coverall/carbon-coverall-poc/node_modules/jest-circus/build/utils.js:259:10)
    at _callCircusTest (/Users/chrisvelgersdyk/Desktop/carbon-coverall/carbon-coverall-poc/node_modules/jest-circus/build/run.js:276:40)
    at processTicksAndRejections (node:internal/process/task_queues:95:5)
    at _runTest (/Users/chrisvelgersdyk/Desktop/carbon-coverall/carbon-coverall-poc/node_modules/jest-circus/build/run.js:208:3)
    at _runTestsForDescribeBlock (/Users/chrisvelgersdyk/Desktop/carbon-coverall/carbon-coverall-poc/node_modules/jest-circus/build/run.js:96:9)
    at _runTestsForDescribeBlock (/Users/chrisvelgersdyk/Desktop/carbon-coverall/carbon-coverall-poc/node_modules/jest-circus/build/run.js:90:9)</failure>
    </testcase>
    <testcase classname="@carbon/styles scss/components/list/_index.scss should be importable" name="@carbon/styles scss/components/list/_index.scss should be importable" time="0.009">
      <failure>Error: expect(received).resolves.toBeDefined()

Received promise rejected instead of resolved
Rejected to value: [Error: Can&apos;t find stylesheet to import.
  ╷
8 │ @forward &apos;./generated/fluid-spacing&apos;;
  │ ^^^^^^^^^^^^^^^^^^^^^^^^^^^^^^^^^^^^
  ╵
  node_modules/@carbon/layout/scss/_spacing.scss 8:1    @forward
  packages/styles/scss/_spacing.scss 8:1                @use
  packages/styles/scss/components/list/_list.scss 13:1  @forward
  packages/styles/scss/components/list/_index.scss 8:1  @use
  stdin 2:1                                             root stylesheet]
    at expect (/Users/chrisvelgersdyk/Desktop/carbon-coverall/carbon-coverall-poc/node_modules/expect/build/index.js:128:15)
    at Object.expect (/Users/chrisvelgersdyk/Desktop/carbon-coverall/carbon-coverall-poc/packages/styles/__tests__/styles-test.js:24:13)
    at Promise.then.completed (/Users/chrisvelgersdyk/Desktop/carbon-coverall/carbon-coverall-poc/node_modules/jest-circus/build/utils.js:333:28)
    at new Promise (&lt;anonymous&gt;)
    at callAsyncCircusFn (/Users/chrisvelgersdyk/Desktop/carbon-coverall/carbon-coverall-poc/node_modules/jest-circus/build/utils.js:259:10)
    at _callCircusTest (/Users/chrisvelgersdyk/Desktop/carbon-coverall/carbon-coverall-poc/node_modules/jest-circus/build/run.js:276:40)
    at processTicksAndRejections (node:internal/process/task_queues:95:5)
    at _runTest (/Users/chrisvelgersdyk/Desktop/carbon-coverall/carbon-coverall-poc/node_modules/jest-circus/build/run.js:208:3)
    at _runTestsForDescribeBlock (/Users/chrisvelgersdyk/Desktop/carbon-coverall/carbon-coverall-poc/node_modules/jest-circus/build/run.js:96:9)
    at _runTestsForDescribeBlock (/Users/chrisvelgersdyk/Desktop/carbon-coverall/carbon-coverall-poc/node_modules/jest-circus/build/run.js:90:9)</failure>
    </testcase>
    <testcase classname="@carbon/styles scss/components/list/_list.scss should be importable" name="@carbon/styles scss/components/list/_list.scss should be importable" time="0.008">
      <failure>Error: expect(received).resolves.toBeDefined()

Received promise rejected instead of resolved
Rejected to value: [Error: Can&apos;t find stylesheet to import.
  ╷
8 │ @forward &apos;./generated/fluid-spacing&apos;;
  │ ^^^^^^^^^^^^^^^^^^^^^^^^^^^^^^^^^^^^
  ╵
  node_modules/@carbon/layout/scss/_spacing.scss 8:1    @forward
  packages/styles/scss/_spacing.scss 8:1                @use
  packages/styles/scss/components/list/_list.scss 13:1  @use
  stdin 2:1                                             root stylesheet]
    at expect (/Users/chrisvelgersdyk/Desktop/carbon-coverall/carbon-coverall-poc/node_modules/expect/build/index.js:128:15)
    at Object.expect (/Users/chrisvelgersdyk/Desktop/carbon-coverall/carbon-coverall-poc/packages/styles/__tests__/styles-test.js:24:13)
    at Promise.then.completed (/Users/chrisvelgersdyk/Desktop/carbon-coverall/carbon-coverall-poc/node_modules/jest-circus/build/utils.js:333:28)
    at new Promise (&lt;anonymous&gt;)
    at callAsyncCircusFn (/Users/chrisvelgersdyk/Desktop/carbon-coverall/carbon-coverall-poc/node_modules/jest-circus/build/utils.js:259:10)
    at _callCircusTest (/Users/chrisvelgersdyk/Desktop/carbon-coverall/carbon-coverall-poc/node_modules/jest-circus/build/run.js:276:40)
    at processTicksAndRejections (node:internal/process/task_queues:95:5)
    at _runTest (/Users/chrisvelgersdyk/Desktop/carbon-coverall/carbon-coverall-poc/node_modules/jest-circus/build/run.js:208:3)
    at _runTestsForDescribeBlock (/Users/chrisvelgersdyk/Desktop/carbon-coverall/carbon-coverall-poc/node_modules/jest-circus/build/run.js:96:9)
    at _runTestsForDescribeBlock (/Users/chrisvelgersdyk/Desktop/carbon-coverall/carbon-coverall-poc/node_modules/jest-circus/build/run.js:90:9)</failure>
    </testcase>
    <testcase classname="@carbon/styles scss/components/list-box/_index.scss should be importable" name="@carbon/styles scss/components/list-box/_index.scss should be importable" time="0.07">
      <failure>Error: expect(received).resolves.toBeDefined()

Received promise rejected instead of resolved
Rejected to value: [Error: Can&apos;t find stylesheet to import.
  ╷
8 │ @forward &apos;generated/themes&apos;;
  │ ^^^^^^^^^^^^^^^^^^^^^^^^^^^
  ╵
  node_modules/@carbon/themes/scss/_themes.scss 8:1            @forward
  packages/styles/scss/_themes.scss 9:1                        @use
  packages/styles/scss/components/button/_tokens.scss 10:1     @use
  packages/styles/scss/components/list-box/_list-box.scss 8:1  @forward
  packages/styles/scss/components/list-box/_index.scss 8:1     @use
  stdin 2:1                                                    root stylesheet]
    at expect (/Users/chrisvelgersdyk/Desktop/carbon-coverall/carbon-coverall-poc/node_modules/expect/build/index.js:128:15)
    at Object.expect (/Users/chrisvelgersdyk/Desktop/carbon-coverall/carbon-coverall-poc/packages/styles/__tests__/styles-test.js:24:13)
    at Promise.then.completed (/Users/chrisvelgersdyk/Desktop/carbon-coverall/carbon-coverall-poc/node_modules/jest-circus/build/utils.js:333:28)
    at new Promise (&lt;anonymous&gt;)
    at callAsyncCircusFn (/Users/chrisvelgersdyk/Desktop/carbon-coverall/carbon-coverall-poc/node_modules/jest-circus/build/utils.js:259:10)
    at _callCircusTest (/Users/chrisvelgersdyk/Desktop/carbon-coverall/carbon-coverall-poc/node_modules/jest-circus/build/run.js:276:40)
    at processTicksAndRejections (node:internal/process/task_queues:95:5)
    at _runTest (/Users/chrisvelgersdyk/Desktop/carbon-coverall/carbon-coverall-poc/node_modules/jest-circus/build/run.js:208:3)
    at _runTestsForDescribeBlock (/Users/chrisvelgersdyk/Desktop/carbon-coverall/carbon-coverall-poc/node_modules/jest-circus/build/run.js:96:9)
    at _runTestsForDescribeBlock (/Users/chrisvelgersdyk/Desktop/carbon-coverall/carbon-coverall-poc/node_modules/jest-circus/build/run.js:90:9)</failure>
    </testcase>
    <testcase classname="@carbon/styles scss/components/list-box/_list-box.scss should be importable" name="@carbon/styles scss/components/list-box/_list-box.scss should be importable" time="0.025">
      <failure>Error: expect(received).resolves.toBeDefined()

Received promise rejected instead of resolved
Rejected to value: [Error: Can&apos;t find stylesheet to import.
  ╷
8 │ @forward &apos;generated/themes&apos;;
  │ ^^^^^^^^^^^^^^^^^^^^^^^^^^^
  ╵
  node_modules/@carbon/themes/scss/_themes.scss 8:1            @forward
  packages/styles/scss/_themes.scss 9:1                        @use
  packages/styles/scss/components/button/_tokens.scss 10:1     @use
  packages/styles/scss/components/list-box/_list-box.scss 8:1  @use
  stdin 2:1                                                    root stylesheet]
    at expect (/Users/chrisvelgersdyk/Desktop/carbon-coverall/carbon-coverall-poc/node_modules/expect/build/index.js:128:15)
    at Object.expect (/Users/chrisvelgersdyk/Desktop/carbon-coverall/carbon-coverall-poc/packages/styles/__tests__/styles-test.js:24:13)
    at Promise.then.completed (/Users/chrisvelgersdyk/Desktop/carbon-coverall/carbon-coverall-poc/node_modules/jest-circus/build/utils.js:333:28)
    at new Promise (&lt;anonymous&gt;)
    at callAsyncCircusFn (/Users/chrisvelgersdyk/Desktop/carbon-coverall/carbon-coverall-poc/node_modules/jest-circus/build/utils.js:259:10)
    at _callCircusTest (/Users/chrisvelgersdyk/Desktop/carbon-coverall/carbon-coverall-poc/node_modules/jest-circus/build/run.js:276:40)
    at processTicksAndRejections (node:internal/process/task_queues:95:5)
    at _runTest (/Users/chrisvelgersdyk/Desktop/carbon-coverall/carbon-coverall-poc/node_modules/jest-circus/build/run.js:208:3)
    at _runTestsForDescribeBlock (/Users/chrisvelgersdyk/Desktop/carbon-coverall/carbon-coverall-poc/node_modules/jest-circus/build/run.js:96:9)
    at _runTestsForDescribeBlock (/Users/chrisvelgersdyk/Desktop/carbon-coverall/carbon-coverall-poc/node_modules/jest-circus/build/run.js:90:9)</failure>
    </testcase>
    <testcase classname="@carbon/styles scss/components/loading/_index.scss should be importable" name="@carbon/styles scss/components/loading/_index.scss should be importable" time="0.012">
      <failure>Error: expect(received).resolves.toBeDefined()

Received promise rejected instead of resolved
Rejected to value: [Error: Can&apos;t find stylesheet to import.
  ╷
8 │ @forward &apos;generated/themes&apos;;
  │ ^^^^^^^^^^^^^^^^^^^^^^^^^^^
  ╵
  node_modules/@carbon/themes/scss/compat/_themes.scss 8:1    @use
  packages/styles/scss/compat/_themes.scss 9:1                @use
  packages/styles/scss/theme/_theme.scss 12:1                 @use
  packages/styles/scss/layer/_layer-sets.scss 9:1             @forward
  packages/styles/scss/_layer.scss 8:1                        @use
  packages/styles/scss/components/loading/_loading.scss 12:1  @forward
  packages/styles/scss/components/loading/_index.scss 8:1     @use
  stdin 2:1                                                   root stylesheet]
    at expect (/Users/chrisvelgersdyk/Desktop/carbon-coverall/carbon-coverall-poc/node_modules/expect/build/index.js:128:15)
    at Object.expect (/Users/chrisvelgersdyk/Desktop/carbon-coverall/carbon-coverall-poc/packages/styles/__tests__/styles-test.js:24:13)
    at Promise.then.completed (/Users/chrisvelgersdyk/Desktop/carbon-coverall/carbon-coverall-poc/node_modules/jest-circus/build/utils.js:333:28)
    at new Promise (&lt;anonymous&gt;)
    at callAsyncCircusFn (/Users/chrisvelgersdyk/Desktop/carbon-coverall/carbon-coverall-poc/node_modules/jest-circus/build/utils.js:259:10)
    at _callCircusTest (/Users/chrisvelgersdyk/Desktop/carbon-coverall/carbon-coverall-poc/node_modules/jest-circus/build/run.js:276:40)
    at processTicksAndRejections (node:internal/process/task_queues:95:5)
    at _runTest (/Users/chrisvelgersdyk/Desktop/carbon-coverall/carbon-coverall-poc/node_modules/jest-circus/build/run.js:208:3)
    at _runTestsForDescribeBlock (/Users/chrisvelgersdyk/Desktop/carbon-coverall/carbon-coverall-poc/node_modules/jest-circus/build/run.js:96:9)
    at _runTestsForDescribeBlock (/Users/chrisvelgersdyk/Desktop/carbon-coverall/carbon-coverall-poc/node_modules/jest-circus/build/run.js:90:9)</failure>
    </testcase>
    <testcase classname="@carbon/styles scss/components/loading/_loading.scss should be importable" name="@carbon/styles scss/components/loading/_loading.scss should be importable" time="0.01">
      <failure>Error: expect(received).resolves.toBeDefined()

Received promise rejected instead of resolved
Rejected to value: [Error: Can&apos;t find stylesheet to import.
  ╷
8 │ @forward &apos;generated/themes&apos;;
  │ ^^^^^^^^^^^^^^^^^^^^^^^^^^^
  ╵
  node_modules/@carbon/themes/scss/compat/_themes.scss 8:1    @use
  packages/styles/scss/compat/_themes.scss 9:1                @use
  packages/styles/scss/theme/_theme.scss 12:1                 @use
  packages/styles/scss/layer/_layer-sets.scss 9:1             @forward
  packages/styles/scss/_layer.scss 8:1                        @use
  packages/styles/scss/components/loading/_loading.scss 12:1  @use
  stdin 2:1                                                   root stylesheet]
    at expect (/Users/chrisvelgersdyk/Desktop/carbon-coverall/carbon-coverall-poc/node_modules/expect/build/index.js:128:15)
    at Object.expect (/Users/chrisvelgersdyk/Desktop/carbon-coverall/carbon-coverall-poc/packages/styles/__tests__/styles-test.js:24:13)
    at Promise.then.completed (/Users/chrisvelgersdyk/Desktop/carbon-coverall/carbon-coverall-poc/node_modules/jest-circus/build/utils.js:333:28)
    at new Promise (&lt;anonymous&gt;)
    at callAsyncCircusFn (/Users/chrisvelgersdyk/Desktop/carbon-coverall/carbon-coverall-poc/node_modules/jest-circus/build/utils.js:259:10)
    at _callCircusTest (/Users/chrisvelgersdyk/Desktop/carbon-coverall/carbon-coverall-poc/node_modules/jest-circus/build/run.js:276:40)
    at processTicksAndRejections (node:internal/process/task_queues:95:5)
    at _runTest (/Users/chrisvelgersdyk/Desktop/carbon-coverall/carbon-coverall-poc/node_modules/jest-circus/build/run.js:208:3)
    at _runTestsForDescribeBlock (/Users/chrisvelgersdyk/Desktop/carbon-coverall/carbon-coverall-poc/node_modules/jest-circus/build/run.js:96:9)
    at _runTestsForDescribeBlock (/Users/chrisvelgersdyk/Desktop/carbon-coverall/carbon-coverall-poc/node_modules/jest-circus/build/run.js:90:9)</failure>
    </testcase>
    <testcase classname="@carbon/styles scss/components/menu/_index.scss should be importable" name="@carbon/styles scss/components/menu/_index.scss should be importable" time="0.011">
      <failure>Error: expect(received).resolves.toBeDefined()

Received promise rejected instead of resolved
Rejected to value: [Error: Can&apos;t find stylesheet to import.
  ╷
8 │ @forward &apos;generated/themes&apos;;
  │ ^^^^^^^^^^^^^^^^^^^^^^^^^^^
  ╵
  node_modules/@carbon/themes/scss/_themes.scss 8:1         @forward
  packages/styles/scss/_themes.scss 9:1                     @use
  packages/styles/scss/components/button/_tokens.scss 10:1  @use
  packages/styles/scss/components/menu/_menu.scss 8:1       @forward
  packages/styles/scss/components/menu/_index.scss 8:1      @use
  stdin 2:1                                                 root stylesheet]
    at expect (/Users/chrisvelgersdyk/Desktop/carbon-coverall/carbon-coverall-poc/node_modules/expect/build/index.js:128:15)
    at Object.expect (/Users/chrisvelgersdyk/Desktop/carbon-coverall/carbon-coverall-poc/packages/styles/__tests__/styles-test.js:24:13)
    at Promise.then.completed (/Users/chrisvelgersdyk/Desktop/carbon-coverall/carbon-coverall-poc/node_modules/jest-circus/build/utils.js:333:28)
    at new Promise (&lt;anonymous&gt;)
    at callAsyncCircusFn (/Users/chrisvelgersdyk/Desktop/carbon-coverall/carbon-coverall-poc/node_modules/jest-circus/build/utils.js:259:10)
    at _callCircusTest (/Users/chrisvelgersdyk/Desktop/carbon-coverall/carbon-coverall-poc/node_modules/jest-circus/build/run.js:276:40)
    at processTicksAndRejections (node:internal/process/task_queues:95:5)
    at _runTest (/Users/chrisvelgersdyk/Desktop/carbon-coverall/carbon-coverall-poc/node_modules/jest-circus/build/run.js:208:3)
    at _runTestsForDescribeBlock (/Users/chrisvelgersdyk/Desktop/carbon-coverall/carbon-coverall-poc/node_modules/jest-circus/build/run.js:96:9)
    at _runTestsForDescribeBlock (/Users/chrisvelgersdyk/Desktop/carbon-coverall/carbon-coverall-poc/node_modules/jest-circus/build/run.js:90:9)</failure>
    </testcase>
    <testcase classname="@carbon/styles scss/components/menu/_menu.scss should be importable" name="@carbon/styles scss/components/menu/_menu.scss should be importable" time="0.019">
      <failure>Error: expect(received).resolves.toBeDefined()

Received promise rejected instead of resolved
Rejected to value: [Error: Can&apos;t find stylesheet to import.
  ╷
8 │ @forward &apos;generated/themes&apos;;
  │ ^^^^^^^^^^^^^^^^^^^^^^^^^^^
  ╵
  node_modules/@carbon/themes/scss/_themes.scss 8:1         @forward
  packages/styles/scss/_themes.scss 9:1                     @use
  packages/styles/scss/components/button/_tokens.scss 10:1  @use
  packages/styles/scss/components/menu/_menu.scss 8:1       @use
  stdin 2:1                                                 root stylesheet]
    at expect (/Users/chrisvelgersdyk/Desktop/carbon-coverall/carbon-coverall-poc/node_modules/expect/build/index.js:128:15)
    at Object.expect (/Users/chrisvelgersdyk/Desktop/carbon-coverall/carbon-coverall-poc/packages/styles/__tests__/styles-test.js:24:13)
    at Promise.then.completed (/Users/chrisvelgersdyk/Desktop/carbon-coverall/carbon-coverall-poc/node_modules/jest-circus/build/utils.js:333:28)
    at new Promise (&lt;anonymous&gt;)
    at callAsyncCircusFn (/Users/chrisvelgersdyk/Desktop/carbon-coverall/carbon-coverall-poc/node_modules/jest-circus/build/utils.js:259:10)
    at _callCircusTest (/Users/chrisvelgersdyk/Desktop/carbon-coverall/carbon-coverall-poc/node_modules/jest-circus/build/run.js:276:40)
    at processTicksAndRejections (node:internal/process/task_queues:95:5)
    at _runTest (/Users/chrisvelgersdyk/Desktop/carbon-coverall/carbon-coverall-poc/node_modules/jest-circus/build/run.js:208:3)
    at _runTestsForDescribeBlock (/Users/chrisvelgersdyk/Desktop/carbon-coverall/carbon-coverall-poc/node_modules/jest-circus/build/run.js:96:9)
    at _runTestsForDescribeBlock (/Users/chrisvelgersdyk/Desktop/carbon-coverall/carbon-coverall-poc/node_modules/jest-circus/build/run.js:90:9)</failure>
    </testcase>
    <testcase classname="@carbon/styles scss/components/modal/_index.scss should be importable" name="@carbon/styles scss/components/modal/_index.scss should be importable" time="0.017">
      <failure>Error: expect(received).resolves.toBeDefined()

Received promise rejected instead of resolved
Rejected to value: [Error: Can&apos;t find stylesheet to import.
  ╷
8 │ @forward &apos;./generated/fluid-spacing&apos;;
  │ ^^^^^^^^^^^^^^^^^^^^^^^^^^^^^^^^^^^^
  ╵
  node_modules/@carbon/layout/scss/_spacing.scss 8:1      @forward
  packages/styles/scss/_spacing.scss 8:1                  @use
  packages/styles/scss/components/button/_vars.scss 8:1   @forward
  packages/styles/scss/components/button/_index.scss 8:1  @use
  packages/styles/scss/components/modal/_modal.scss 8:1   @forward
  packages/styles/scss/components/modal/_index.scss 8:1   @use
  stdin 2:1                                               root stylesheet]
    at expect (/Users/chrisvelgersdyk/Desktop/carbon-coverall/carbon-coverall-poc/node_modules/expect/build/index.js:128:15)
    at Object.expect (/Users/chrisvelgersdyk/Desktop/carbon-coverall/carbon-coverall-poc/packages/styles/__tests__/styles-test.js:24:13)
    at Promise.then.completed (/Users/chrisvelgersdyk/Desktop/carbon-coverall/carbon-coverall-poc/node_modules/jest-circus/build/utils.js:333:28)
    at new Promise (&lt;anonymous&gt;)
    at callAsyncCircusFn (/Users/chrisvelgersdyk/Desktop/carbon-coverall/carbon-coverall-poc/node_modules/jest-circus/build/utils.js:259:10)
    at _callCircusTest (/Users/chrisvelgersdyk/Desktop/carbon-coverall/carbon-coverall-poc/node_modules/jest-circus/build/run.js:276:40)
    at processTicksAndRejections (node:internal/process/task_queues:95:5)
    at _runTest (/Users/chrisvelgersdyk/Desktop/carbon-coverall/carbon-coverall-poc/node_modules/jest-circus/build/run.js:208:3)
    at _runTestsForDescribeBlock (/Users/chrisvelgersdyk/Desktop/carbon-coverall/carbon-coverall-poc/node_modules/jest-circus/build/run.js:96:9)
    at _runTestsForDescribeBlock (/Users/chrisvelgersdyk/Desktop/carbon-coverall/carbon-coverall-poc/node_modules/jest-circus/build/run.js:90:9)</failure>
    </testcase>
    <testcase classname="@carbon/styles scss/components/modal/_modal.scss should be importable" name="@carbon/styles scss/components/modal/_modal.scss should be importable" time="0.015">
      <failure>Error: expect(received).resolves.toBeDefined()

Received promise rejected instead of resolved
Rejected to value: [Error: Can&apos;t find stylesheet to import.
  ╷
8 │ @forward &apos;./generated/fluid-spacing&apos;;
  │ ^^^^^^^^^^^^^^^^^^^^^^^^^^^^^^^^^^^^
  ╵
  node_modules/@carbon/layout/scss/_spacing.scss 8:1      @forward
  packages/styles/scss/_spacing.scss 8:1                  @use
  packages/styles/scss/components/button/_vars.scss 8:1   @forward
  packages/styles/scss/components/button/_index.scss 8:1  @use
  packages/styles/scss/components/modal/_modal.scss 8:1   @use
  stdin 2:1                                               root stylesheet]
    at expect (/Users/chrisvelgersdyk/Desktop/carbon-coverall/carbon-coverall-poc/node_modules/expect/build/index.js:128:15)
    at Object.expect (/Users/chrisvelgersdyk/Desktop/carbon-coverall/carbon-coverall-poc/packages/styles/__tests__/styles-test.js:24:13)
    at Promise.then.completed (/Users/chrisvelgersdyk/Desktop/carbon-coverall/carbon-coverall-poc/node_modules/jest-circus/build/utils.js:333:28)
    at new Promise (&lt;anonymous&gt;)
    at callAsyncCircusFn (/Users/chrisvelgersdyk/Desktop/carbon-coverall/carbon-coverall-poc/node_modules/jest-circus/build/utils.js:259:10)
    at _callCircusTest (/Users/chrisvelgersdyk/Desktop/carbon-coverall/carbon-coverall-poc/node_modules/jest-circus/build/run.js:276:40)
    at processTicksAndRejections (node:internal/process/task_queues:95:5)
    at _runTest (/Users/chrisvelgersdyk/Desktop/carbon-coverall/carbon-coverall-poc/node_modules/jest-circus/build/run.js:208:3)
    at _runTestsForDescribeBlock (/Users/chrisvelgersdyk/Desktop/carbon-coverall/carbon-coverall-poc/node_modules/jest-circus/build/run.js:96:9)
    at _runTestsForDescribeBlock (/Users/chrisvelgersdyk/Desktop/carbon-coverall/carbon-coverall-poc/node_modules/jest-circus/build/run.js:90:9)</failure>
    </testcase>
    <testcase classname="@carbon/styles scss/components/multiselect/_index.scss should be importable" name="@carbon/styles scss/components/multiselect/_index.scss should be importable" time="0.029">
      <failure>Error: expect(received).resolves.toBeDefined()

Received promise rejected instead of resolved
Rejected to value: [Error: Can&apos;t find stylesheet to import.
  ╷
8 │ @forward &apos;./generated/fluid-spacing&apos;;
  │ ^^^^^^^^^^^^^^^^^^^^^^^^^^^^^^^^^^^^
  ╵
  node_modules/@carbon/layout/scss/_spacing.scss 8:1                 @forward
  packages/styles/scss/_spacing.scss 8:1                             @use
  packages/styles/scss/components/form/_form.scss 9:1                @forward
  packages/styles/scss/components/form/_index.scss 8:1               @use
  packages/styles/scss/components/checkbox/_checkbox.scss 8:1        @forward
  packages/styles/scss/components/checkbox/_index.scss 8:1           @use
  packages/styles/scss/components/multiselect/_multiselect.scss 8:1  @forward
  packages/styles/scss/components/multiselect/_index.scss 8:1        @use
  stdin 2:1                                                          root stylesheet]
    at expect (/Users/chrisvelgersdyk/Desktop/carbon-coverall/carbon-coverall-poc/node_modules/expect/build/index.js:128:15)
    at Object.expect (/Users/chrisvelgersdyk/Desktop/carbon-coverall/carbon-coverall-poc/packages/styles/__tests__/styles-test.js:24:13)
    at Promise.then.completed (/Users/chrisvelgersdyk/Desktop/carbon-coverall/carbon-coverall-poc/node_modules/jest-circus/build/utils.js:333:28)
    at new Promise (&lt;anonymous&gt;)
    at callAsyncCircusFn (/Users/chrisvelgersdyk/Desktop/carbon-coverall/carbon-coverall-poc/node_modules/jest-circus/build/utils.js:259:10)
    at _callCircusTest (/Users/chrisvelgersdyk/Desktop/carbon-coverall/carbon-coverall-poc/node_modules/jest-circus/build/run.js:276:40)
    at processTicksAndRejections (node:internal/process/task_queues:95:5)
    at _runTest (/Users/chrisvelgersdyk/Desktop/carbon-coverall/carbon-coverall-poc/node_modules/jest-circus/build/run.js:208:3)
    at _runTestsForDescribeBlock (/Users/chrisvelgersdyk/Desktop/carbon-coverall/carbon-coverall-poc/node_modules/jest-circus/build/run.js:96:9)
    at _runTestsForDescribeBlock (/Users/chrisvelgersdyk/Desktop/carbon-coverall/carbon-coverall-poc/node_modules/jest-circus/build/run.js:90:9)</failure>
    </testcase>
    <testcase classname="@carbon/styles scss/components/multiselect/_multiselect.scss should be importable" name="@carbon/styles scss/components/multiselect/_multiselect.scss should be importable" time="0.012">
      <failure>Error: expect(received).resolves.toBeDefined()

Received promise rejected instead of resolved
Rejected to value: [Error: Can&apos;t find stylesheet to import.
  ╷
8 │ @forward &apos;./generated/fluid-spacing&apos;;
  │ ^^^^^^^^^^^^^^^^^^^^^^^^^^^^^^^^^^^^
  ╵
  node_modules/@carbon/layout/scss/_spacing.scss 8:1                 @forward
  packages/styles/scss/_spacing.scss 8:1                             @use
  packages/styles/scss/components/form/_form.scss 9:1                @forward
  packages/styles/scss/components/form/_index.scss 8:1               @use
  packages/styles/scss/components/checkbox/_checkbox.scss 8:1        @forward
  packages/styles/scss/components/checkbox/_index.scss 8:1           @use
  packages/styles/scss/components/multiselect/_multiselect.scss 8:1  @use
  stdin 2:1                                                          root stylesheet]
    at expect (/Users/chrisvelgersdyk/Desktop/carbon-coverall/carbon-coverall-poc/node_modules/expect/build/index.js:128:15)
    at Object.expect (/Users/chrisvelgersdyk/Desktop/carbon-coverall/carbon-coverall-poc/packages/styles/__tests__/styles-test.js:24:13)
    at Promise.then.completed (/Users/chrisvelgersdyk/Desktop/carbon-coverall/carbon-coverall-poc/node_modules/jest-circus/build/utils.js:333:28)
    at new Promise (&lt;anonymous&gt;)
    at callAsyncCircusFn (/Users/chrisvelgersdyk/Desktop/carbon-coverall/carbon-coverall-poc/node_modules/jest-circus/build/utils.js:259:10)
    at _callCircusTest (/Users/chrisvelgersdyk/Desktop/carbon-coverall/carbon-coverall-poc/node_modules/jest-circus/build/run.js:276:40)
    at processTicksAndRejections (node:internal/process/task_queues:95:5)
    at _runTest (/Users/chrisvelgersdyk/Desktop/carbon-coverall/carbon-coverall-poc/node_modules/jest-circus/build/run.js:208:3)
    at _runTestsForDescribeBlock (/Users/chrisvelgersdyk/Desktop/carbon-coverall/carbon-coverall-poc/node_modules/jest-circus/build/run.js:96:9)
    at _runTestsForDescribeBlock (/Users/chrisvelgersdyk/Desktop/carbon-coverall/carbon-coverall-poc/node_modules/jest-circus/build/run.js:90:9)</failure>
    </testcase>
    <testcase classname="@carbon/styles scss/components/notification/_actionable-notification.scss should be importable" name="@carbon/styles scss/components/notification/_actionable-notification.scss should be importable" time="0.017">
      <failure>Error: expect(received).resolves.toBeDefined()

Received promise rejected instead of resolved
Rejected to value: [Error: Can&apos;t find stylesheet to import.
  ╷
8 │ @forward &apos;./generated/fluid-spacing&apos;;
  │ ^^^^^^^^^^^^^^^^^^^^^^^^^^^^^^^^^^^^
  ╵
  node_modules/@carbon/layout/scss/_spacing.scss 8:1                              @forward
  packages/styles/scss/_spacing.scss 8:1                                          @use
  packages/styles/scss/components/button/_vars.scss 8:1                           @forward
  packages/styles/scss/components/button/_index.scss 8:1                          @use
  packages/styles/scss/components/notification/_actionable-notification.scss 8:1  @use
  stdin 2:1                                                                       root stylesheet]
    at expect (/Users/chrisvelgersdyk/Desktop/carbon-coverall/carbon-coverall-poc/node_modules/expect/build/index.js:128:15)
    at Object.expect (/Users/chrisvelgersdyk/Desktop/carbon-coverall/carbon-coverall-poc/packages/styles/__tests__/styles-test.js:24:13)
    at Promise.then.completed (/Users/chrisvelgersdyk/Desktop/carbon-coverall/carbon-coverall-poc/node_modules/jest-circus/build/utils.js:333:28)
    at new Promise (&lt;anonymous&gt;)
    at callAsyncCircusFn (/Users/chrisvelgersdyk/Desktop/carbon-coverall/carbon-coverall-poc/node_modules/jest-circus/build/utils.js:259:10)
    at _callCircusTest (/Users/chrisvelgersdyk/Desktop/carbon-coverall/carbon-coverall-poc/node_modules/jest-circus/build/run.js:276:40)
    at processTicksAndRejections (node:internal/process/task_queues:95:5)
    at _runTest (/Users/chrisvelgersdyk/Desktop/carbon-coverall/carbon-coverall-poc/node_modules/jest-circus/build/run.js:208:3)
    at _runTestsForDescribeBlock (/Users/chrisvelgersdyk/Desktop/carbon-coverall/carbon-coverall-poc/node_modules/jest-circus/build/run.js:96:9)
    at _runTestsForDescribeBlock (/Users/chrisvelgersdyk/Desktop/carbon-coverall/carbon-coverall-poc/node_modules/jest-circus/build/run.js:90:9)</failure>
    </testcase>
    <testcase classname="@carbon/styles scss/components/notification/_index.scss should be importable" name="@carbon/styles scss/components/notification/_index.scss should be importable" time="0.011">
      <failure>Error: expect(received).resolves.toBeDefined()

Received promise rejected instead of resolved
Rejected to value: [Error: Can&apos;t find stylesheet to import.
  ╷
8 │ @forward &apos;@carbon/colors&apos;;
  │ ^^^^^^^^^^^^^^^^^^^^^^^^^
  ╵
  packages/styles/scss/_colors.scss 8:1                           @use
  packages/styles/scss/components/notification/_tokens.scss 12:1  @forward
  packages/styles/scss/components/notification/_index.scss 8:1    @use
  stdin 2:1                                                       root stylesheet]
    at expect (/Users/chrisvelgersdyk/Desktop/carbon-coverall/carbon-coverall-poc/node_modules/expect/build/index.js:128:15)
    at Object.expect (/Users/chrisvelgersdyk/Desktop/carbon-coverall/carbon-coverall-poc/packages/styles/__tests__/styles-test.js:24:13)
    at Promise.then.completed (/Users/chrisvelgersdyk/Desktop/carbon-coverall/carbon-coverall-poc/node_modules/jest-circus/build/utils.js:333:28)
    at new Promise (&lt;anonymous&gt;)
    at callAsyncCircusFn (/Users/chrisvelgersdyk/Desktop/carbon-coverall/carbon-coverall-poc/node_modules/jest-circus/build/utils.js:259:10)
    at _callCircusTest (/Users/chrisvelgersdyk/Desktop/carbon-coverall/carbon-coverall-poc/node_modules/jest-circus/build/run.js:276:40)
    at processTicksAndRejections (node:internal/process/task_queues:95:5)
    at _runTest (/Users/chrisvelgersdyk/Desktop/carbon-coverall/carbon-coverall-poc/node_modules/jest-circus/build/run.js:208:3)
    at _runTestsForDescribeBlock (/Users/chrisvelgersdyk/Desktop/carbon-coverall/carbon-coverall-poc/node_modules/jest-circus/build/run.js:96:9)
    at _runTestsForDescribeBlock (/Users/chrisvelgersdyk/Desktop/carbon-coverall/carbon-coverall-poc/node_modules/jest-circus/build/run.js:90:9)</failure>
    </testcase>
    <testcase classname="@carbon/styles scss/components/notification/_inline-notification.scss should be importable" name="@carbon/styles scss/components/notification/_inline-notification.scss should be importable" time="0.053">
      <failure>Error: expect(received).resolves.toBeDefined()

Received promise rejected instead of resolved
Rejected to value: [Error: Can&apos;t find stylesheet to import.
  ╷
8 │ @forward &apos;@carbon/colors&apos;;
  │ ^^^^^^^^^^^^^^^^^^^^^^^^^
  ╵
  packages/styles/scss/_colors.scss 8:1                                       @use
  packages/styles/scss/components/notification/_inline-notification.scss 9:1  @use
  stdin 2:1                                                                   root stylesheet]
    at expect (/Users/chrisvelgersdyk/Desktop/carbon-coverall/carbon-coverall-poc/node_modules/expect/build/index.js:128:15)
    at Object.expect (/Users/chrisvelgersdyk/Desktop/carbon-coverall/carbon-coverall-poc/packages/styles/__tests__/styles-test.js:24:13)
    at Promise.then.completed (/Users/chrisvelgersdyk/Desktop/carbon-coverall/carbon-coverall-poc/node_modules/jest-circus/build/utils.js:333:28)
    at new Promise (&lt;anonymous&gt;)
    at callAsyncCircusFn (/Users/chrisvelgersdyk/Desktop/carbon-coverall/carbon-coverall-poc/node_modules/jest-circus/build/utils.js:259:10)
    at _callCircusTest (/Users/chrisvelgersdyk/Desktop/carbon-coverall/carbon-coverall-poc/node_modules/jest-circus/build/run.js:276:40)
    at processTicksAndRejections (node:internal/process/task_queues:95:5)
    at _runTest (/Users/chrisvelgersdyk/Desktop/carbon-coverall/carbon-coverall-poc/node_modules/jest-circus/build/run.js:208:3)
    at _runTestsForDescribeBlock (/Users/chrisvelgersdyk/Desktop/carbon-coverall/carbon-coverall-poc/node_modules/jest-circus/build/run.js:96:9)
    at _runTestsForDescribeBlock (/Users/chrisvelgersdyk/Desktop/carbon-coverall/carbon-coverall-poc/node_modules/jest-circus/build/run.js:90:9)</failure>
    </testcase>
    <testcase classname="@carbon/styles scss/components/notification/_toast-notification.scss should be importable" name="@carbon/styles scss/components/notification/_toast-notification.scss should be importable" time="0.014">
      <failure>Error: expect(received).resolves.toBeDefined()

Received promise rejected instead of resolved
Rejected to value: [Error: Can&apos;t find stylesheet to import.
  ╷
8 │ @forward &apos;@carbon/colors&apos;;
  │ ^^^^^^^^^^^^^^^^^^^^^^^^^
  ╵
  packages/styles/scss/_colors.scss 8:1                                      @use
  packages/styles/scss/components/notification/_tokens.scss 12:1             @use
  packages/styles/scss/components/notification/_toast-notification.scss 9:1  @use
  stdin 2:1                                                                  root stylesheet]
    at expect (/Users/chrisvelgersdyk/Desktop/carbon-coverall/carbon-coverall-poc/node_modules/expect/build/index.js:128:15)
    at Object.expect (/Users/chrisvelgersdyk/Desktop/carbon-coverall/carbon-coverall-poc/packages/styles/__tests__/styles-test.js:24:13)
    at Promise.then.completed (/Users/chrisvelgersdyk/Desktop/carbon-coverall/carbon-coverall-poc/node_modules/jest-circus/build/utils.js:333:28)
    at new Promise (&lt;anonymous&gt;)
    at callAsyncCircusFn (/Users/chrisvelgersdyk/Desktop/carbon-coverall/carbon-coverall-poc/node_modules/jest-circus/build/utils.js:259:10)
    at _callCircusTest (/Users/chrisvelgersdyk/Desktop/carbon-coverall/carbon-coverall-poc/node_modules/jest-circus/build/run.js:276:40)
    at processTicksAndRejections (node:internal/process/task_queues:95:5)
    at _runTest (/Users/chrisvelgersdyk/Desktop/carbon-coverall/carbon-coverall-poc/node_modules/jest-circus/build/run.js:208:3)
    at _runTestsForDescribeBlock (/Users/chrisvelgersdyk/Desktop/carbon-coverall/carbon-coverall-poc/node_modules/jest-circus/build/run.js:96:9)
    at _runTestsForDescribeBlock (/Users/chrisvelgersdyk/Desktop/carbon-coverall/carbon-coverall-poc/node_modules/jest-circus/build/run.js:90:9)</failure>
    </testcase>
    <testcase classname="@carbon/styles scss/components/notification/_tokens.scss should be importable" name="@carbon/styles scss/components/notification/_tokens.scss should be importable" time="0.007">
      <failure>Error: expect(received).resolves.toBeDefined()

Received promise rejected instead of resolved
Rejected to value: [Error: Can&apos;t find stylesheet to import.
  ╷
8 │ @forward &apos;@carbon/colors&apos;;
  │ ^^^^^^^^^^^^^^^^^^^^^^^^^
  ╵
  packages/styles/scss/_colors.scss 8:1                           @use
  packages/styles/scss/components/notification/_tokens.scss 12:1  @use
  stdin 2:1                                                       root stylesheet]
    at expect (/Users/chrisvelgersdyk/Desktop/carbon-coverall/carbon-coverall-poc/node_modules/expect/build/index.js:128:15)
    at Object.expect (/Users/chrisvelgersdyk/Desktop/carbon-coverall/carbon-coverall-poc/packages/styles/__tests__/styles-test.js:24:13)
    at Promise.then.completed (/Users/chrisvelgersdyk/Desktop/carbon-coverall/carbon-coverall-poc/node_modules/jest-circus/build/utils.js:333:28)
    at new Promise (&lt;anonymous&gt;)
    at callAsyncCircusFn (/Users/chrisvelgersdyk/Desktop/carbon-coverall/carbon-coverall-poc/node_modules/jest-circus/build/utils.js:259:10)
    at _callCircusTest (/Users/chrisvelgersdyk/Desktop/carbon-coverall/carbon-coverall-poc/node_modules/jest-circus/build/run.js:276:40)
    at processTicksAndRejections (node:internal/process/task_queues:95:5)
    at _runTest (/Users/chrisvelgersdyk/Desktop/carbon-coverall/carbon-coverall-poc/node_modules/jest-circus/build/run.js:208:3)
    at _runTestsForDescribeBlock (/Users/chrisvelgersdyk/Desktop/carbon-coverall/carbon-coverall-poc/node_modules/jest-circus/build/run.js:96:9)
    at _runTestsForDescribeBlock (/Users/chrisvelgersdyk/Desktop/carbon-coverall/carbon-coverall-poc/node_modules/jest-circus/build/run.js:90:9)</failure>
    </testcase>
    <testcase classname="@carbon/styles scss/components/number-input/_index.scss should be importable" name="@carbon/styles scss/components/number-input/_index.scss should be importable" time="0.029">
      <failure>Error: expect(received).resolves.toBeDefined()

Received promise rejected instead of resolved
Rejected to value: [Error: Can&apos;t find stylesheet to import.
  ╷
8 │ @forward &apos;./generated/fluid-spacing&apos;;
  │ ^^^^^^^^^^^^^^^^^^^^^^^^^^^^^^^^^^^^
  ╵
  node_modules/@carbon/layout/scss/_spacing.scss 8:1                   @forward
  packages/styles/scss/_spacing.scss 8:1                               @use
  packages/styles/scss/components/form/_form.scss 9:1                  @forward
  packages/styles/scss/components/form/_index.scss 8:1                 @use
  packages/styles/scss/components/number-input/_number-input.scss 8:1  @forward
  packages/styles/scss/components/number-input/_index.scss 8:1         @use
  stdin 2:1                                                            root stylesheet]
    at expect (/Users/chrisvelgersdyk/Desktop/carbon-coverall/carbon-coverall-poc/node_modules/expect/build/index.js:128:15)
    at Object.expect (/Users/chrisvelgersdyk/Desktop/carbon-coverall/carbon-coverall-poc/packages/styles/__tests__/styles-test.js:24:13)
    at Promise.then.completed (/Users/chrisvelgersdyk/Desktop/carbon-coverall/carbon-coverall-poc/node_modules/jest-circus/build/utils.js:333:28)
    at new Promise (&lt;anonymous&gt;)
    at callAsyncCircusFn (/Users/chrisvelgersdyk/Desktop/carbon-coverall/carbon-coverall-poc/node_modules/jest-circus/build/utils.js:259:10)
    at _callCircusTest (/Users/chrisvelgersdyk/Desktop/carbon-coverall/carbon-coverall-poc/node_modules/jest-circus/build/run.js:276:40)
    at processTicksAndRejections (node:internal/process/task_queues:95:5)
    at _runTest (/Users/chrisvelgersdyk/Desktop/carbon-coverall/carbon-coverall-poc/node_modules/jest-circus/build/run.js:208:3)
    at _runTestsForDescribeBlock (/Users/chrisvelgersdyk/Desktop/carbon-coverall/carbon-coverall-poc/node_modules/jest-circus/build/run.js:96:9)
    at _runTestsForDescribeBlock (/Users/chrisvelgersdyk/Desktop/carbon-coverall/carbon-coverall-poc/node_modules/jest-circus/build/run.js:90:9)</failure>
    </testcase>
    <testcase classname="@carbon/styles scss/components/number-input/_number-input.scss should be importable" name="@carbon/styles scss/components/number-input/_number-input.scss should be importable" time="0.018">
      <failure>Error: expect(received).resolves.toBeDefined()

Received promise rejected instead of resolved
Rejected to value: [Error: Can&apos;t find stylesheet to import.
  ╷
8 │ @forward &apos;./generated/fluid-spacing&apos;;
  │ ^^^^^^^^^^^^^^^^^^^^^^^^^^^^^^^^^^^^
  ╵
  node_modules/@carbon/layout/scss/_spacing.scss 8:1                   @forward
  packages/styles/scss/_spacing.scss 8:1                               @use
  packages/styles/scss/components/form/_form.scss 9:1                  @forward
  packages/styles/scss/components/form/_index.scss 8:1                 @use
  packages/styles/scss/components/number-input/_number-input.scss 8:1  @use
  stdin 2:1                                                            root stylesheet]
    at expect (/Users/chrisvelgersdyk/Desktop/carbon-coverall/carbon-coverall-poc/node_modules/expect/build/index.js:128:15)
    at Object.expect (/Users/chrisvelgersdyk/Desktop/carbon-coverall/carbon-coverall-poc/packages/styles/__tests__/styles-test.js:24:13)
    at Promise.then.completed (/Users/chrisvelgersdyk/Desktop/carbon-coverall/carbon-coverall-poc/node_modules/jest-circus/build/utils.js:333:28)
    at new Promise (&lt;anonymous&gt;)
    at callAsyncCircusFn (/Users/chrisvelgersdyk/Desktop/carbon-coverall/carbon-coverall-poc/node_modules/jest-circus/build/utils.js:259:10)
    at _callCircusTest (/Users/chrisvelgersdyk/Desktop/carbon-coverall/carbon-coverall-poc/node_modules/jest-circus/build/run.js:276:40)
    at processTicksAndRejections (node:internal/process/task_queues:95:5)
    at _runTest (/Users/chrisvelgersdyk/Desktop/carbon-coverall/carbon-coverall-poc/node_modules/jest-circus/build/run.js:208:3)
    at _runTestsForDescribeBlock (/Users/chrisvelgersdyk/Desktop/carbon-coverall/carbon-coverall-poc/node_modules/jest-circus/build/run.js:96:9)
    at _runTestsForDescribeBlock (/Users/chrisvelgersdyk/Desktop/carbon-coverall/carbon-coverall-poc/node_modules/jest-circus/build/run.js:90:9)</failure>
    </testcase>
    <testcase classname="@carbon/styles scss/components/overflow-menu/_index.scss should be importable" name="@carbon/styles scss/components/overflow-menu/_index.scss should be importable" time="0.017">
      <failure>Error: expect(received).resolves.toBeDefined()

Received promise rejected instead of resolved
Rejected to value: [Error: Can&apos;t find stylesheet to import.
  ╷
8 │ @forward &apos;./generated/fluid-spacing&apos;;
  │ ^^^^^^^^^^^^^^^^^^^^^^^^^^^^^^^^^^^^
  ╵
  node_modules/@carbon/layout/scss/_spacing.scss 8:1                     @forward
  packages/styles/scss/_spacing.scss 8:1                                 @use
  packages/styles/scss/components/button/_vars.scss 8:1                  @forward
  packages/styles/scss/components/button/_index.scss 8:1                 @use
  packages/styles/scss/components/overflow-menu/_overflow-menu.scss 8:1  @forward
  packages/styles/scss/components/overflow-menu/_index.scss 8:1          @use
  stdin 2:1                                                              root stylesheet]
    at expect (/Users/chrisvelgersdyk/Desktop/carbon-coverall/carbon-coverall-poc/node_modules/expect/build/index.js:128:15)
    at Object.expect (/Users/chrisvelgersdyk/Desktop/carbon-coverall/carbon-coverall-poc/packages/styles/__tests__/styles-test.js:24:13)
    at Promise.then.completed (/Users/chrisvelgersdyk/Desktop/carbon-coverall/carbon-coverall-poc/node_modules/jest-circus/build/utils.js:333:28)
    at new Promise (&lt;anonymous&gt;)
    at callAsyncCircusFn (/Users/chrisvelgersdyk/Desktop/carbon-coverall/carbon-coverall-poc/node_modules/jest-circus/build/utils.js:259:10)
    at _callCircusTest (/Users/chrisvelgersdyk/Desktop/carbon-coverall/carbon-coverall-poc/node_modules/jest-circus/build/run.js:276:40)
    at processTicksAndRejections (node:internal/process/task_queues:95:5)
    at _runTest (/Users/chrisvelgersdyk/Desktop/carbon-coverall/carbon-coverall-poc/node_modules/jest-circus/build/run.js:208:3)
    at _runTestsForDescribeBlock (/Users/chrisvelgersdyk/Desktop/carbon-coverall/carbon-coverall-poc/node_modules/jest-circus/build/run.js:96:9)
    at _runTestsForDescribeBlock (/Users/chrisvelgersdyk/Desktop/carbon-coverall/carbon-coverall-poc/node_modules/jest-circus/build/run.js:90:9)</failure>
    </testcase>
    <testcase classname="@carbon/styles scss/components/overflow-menu/_overflow-menu.scss should be importable" name="@carbon/styles scss/components/overflow-menu/_overflow-menu.scss should be importable" time="0.004">
      <failure>Error: expect(received).resolves.toBeDefined()

Received promise rejected instead of resolved
Rejected to value: [Error: Can&apos;t find stylesheet to import.
  ╷
8 │ @forward &apos;./generated/fluid-spacing&apos;;
  │ ^^^^^^^^^^^^^^^^^^^^^^^^^^^^^^^^^^^^
  ╵
  node_modules/@carbon/layout/scss/_spacing.scss 8:1                     @forward
  packages/styles/scss/_spacing.scss 8:1                                 @use
  packages/styles/scss/components/button/_vars.scss 8:1                  @forward
  packages/styles/scss/components/button/_index.scss 8:1                 @use
  packages/styles/scss/components/overflow-menu/_overflow-menu.scss 8:1  @use
  stdin 2:1                                                              root stylesheet]
    at expect (/Users/chrisvelgersdyk/Desktop/carbon-coverall/carbon-coverall-poc/node_modules/expect/build/index.js:128:15)
    at Object.expect (/Users/chrisvelgersdyk/Desktop/carbon-coverall/carbon-coverall-poc/packages/styles/__tests__/styles-test.js:24:13)
    at Promise.then.completed (/Users/chrisvelgersdyk/Desktop/carbon-coverall/carbon-coverall-poc/node_modules/jest-circus/build/utils.js:333:28)
    at new Promise (&lt;anonymous&gt;)
    at callAsyncCircusFn (/Users/chrisvelgersdyk/Desktop/carbon-coverall/carbon-coverall-poc/node_modules/jest-circus/build/utils.js:259:10)
    at _callCircusTest (/Users/chrisvelgersdyk/Desktop/carbon-coverall/carbon-coverall-poc/node_modules/jest-circus/build/run.js:276:40)
    at processTicksAndRejections (node:internal/process/task_queues:95:5)
    at _runTest (/Users/chrisvelgersdyk/Desktop/carbon-coverall/carbon-coverall-poc/node_modules/jest-circus/build/run.js:208:3)
    at _runTestsForDescribeBlock (/Users/chrisvelgersdyk/Desktop/carbon-coverall/carbon-coverall-poc/node_modules/jest-circus/build/run.js:96:9)
    at _runTestsForDescribeBlock (/Users/chrisvelgersdyk/Desktop/carbon-coverall/carbon-coverall-poc/node_modules/jest-circus/build/run.js:90:9)</failure>
    </testcase>
    <testcase classname="@carbon/styles scss/components/pagination/_index.scss should be importable" name="@carbon/styles scss/components/pagination/_index.scss should be importable" time="0.011">
      <failure>Error: expect(received).resolves.toBeDefined()

Received promise rejected instead of resolved
Rejected to value: [Error: Can&apos;t find stylesheet to import.
  ╷
8 │ @forward &apos;./generated/fluid-spacing&apos;;
  │ ^^^^^^^^^^^^^^^^^^^^^^^^^^^^^^^^^^^^
  ╵
  node_modules/@carbon/layout/scss/_spacing.scss 8:1               @forward
  packages/styles/scss/_spacing.scss 8:1                           @use
  packages/styles/scss/components/button/_vars.scss 8:1            @forward
  packages/styles/scss/components/button/_index.scss 8:1           @use
  packages/styles/scss/components/pagination/_pagination.scss 8:1  @forward
  packages/styles/scss/components/pagination/_index.scss 8:1       @use
  stdin 2:1                                                        root stylesheet]
    at expect (/Users/chrisvelgersdyk/Desktop/carbon-coverall/carbon-coverall-poc/node_modules/expect/build/index.js:128:15)
    at Object.expect (/Users/chrisvelgersdyk/Desktop/carbon-coverall/carbon-coverall-poc/packages/styles/__tests__/styles-test.js:24:13)
    at Promise.then.completed (/Users/chrisvelgersdyk/Desktop/carbon-coverall/carbon-coverall-poc/node_modules/jest-circus/build/utils.js:333:28)
    at new Promise (&lt;anonymous&gt;)
    at callAsyncCircusFn (/Users/chrisvelgersdyk/Desktop/carbon-coverall/carbon-coverall-poc/node_modules/jest-circus/build/utils.js:259:10)
    at _callCircusTest (/Users/chrisvelgersdyk/Desktop/carbon-coverall/carbon-coverall-poc/node_modules/jest-circus/build/run.js:276:40)
    at processTicksAndRejections (node:internal/process/task_queues:95:5)
    at _runTest (/Users/chrisvelgersdyk/Desktop/carbon-coverall/carbon-coverall-poc/node_modules/jest-circus/build/run.js:208:3)
    at _runTestsForDescribeBlock (/Users/chrisvelgersdyk/Desktop/carbon-coverall/carbon-coverall-poc/node_modules/jest-circus/build/run.js:96:9)
    at _runTestsForDescribeBlock (/Users/chrisvelgersdyk/Desktop/carbon-coverall/carbon-coverall-poc/node_modules/jest-circus/build/run.js:90:9)</failure>
    </testcase>
    <testcase classname="@carbon/styles scss/components/pagination/_pagination.scss should be importable" name="@carbon/styles scss/components/pagination/_pagination.scss should be importable" time="0.004">
      <failure>Error: expect(received).resolves.toBeDefined()

Received promise rejected instead of resolved
Rejected to value: [Error: Can&apos;t find stylesheet to import.
  ╷
8 │ @forward &apos;./generated/fluid-spacing&apos;;
  │ ^^^^^^^^^^^^^^^^^^^^^^^^^^^^^^^^^^^^
  ╵
  node_modules/@carbon/layout/scss/_spacing.scss 8:1               @forward
  packages/styles/scss/_spacing.scss 8:1                           @use
  packages/styles/scss/components/button/_vars.scss 8:1            @forward
  packages/styles/scss/components/button/_index.scss 8:1           @use
  packages/styles/scss/components/pagination/_pagination.scss 8:1  @use
  stdin 2:1                                                        root stylesheet]
    at expect (/Users/chrisvelgersdyk/Desktop/carbon-coverall/carbon-coverall-poc/node_modules/expect/build/index.js:128:15)
    at Object.expect (/Users/chrisvelgersdyk/Desktop/carbon-coverall/carbon-coverall-poc/packages/styles/__tests__/styles-test.js:24:13)
    at Promise.then.completed (/Users/chrisvelgersdyk/Desktop/carbon-coverall/carbon-coverall-poc/node_modules/jest-circus/build/utils.js:333:28)
    at new Promise (&lt;anonymous&gt;)
    at callAsyncCircusFn (/Users/chrisvelgersdyk/Desktop/carbon-coverall/carbon-coverall-poc/node_modules/jest-circus/build/utils.js:259:10)
    at _callCircusTest (/Users/chrisvelgersdyk/Desktop/carbon-coverall/carbon-coverall-poc/node_modules/jest-circus/build/run.js:276:40)
    at processTicksAndRejections (node:internal/process/task_queues:95:5)
    at _runTest (/Users/chrisvelgersdyk/Desktop/carbon-coverall/carbon-coverall-poc/node_modules/jest-circus/build/run.js:208:3)
    at _runTestsForDescribeBlock (/Users/chrisvelgersdyk/Desktop/carbon-coverall/carbon-coverall-poc/node_modules/jest-circus/build/run.js:96:9)
    at _runTestsForDescribeBlock (/Users/chrisvelgersdyk/Desktop/carbon-coverall/carbon-coverall-poc/node_modules/jest-circus/build/run.js:90:9)</failure>
    </testcase>
    <testcase classname="@carbon/styles scss/components/pagination/_unstable_pagination.scss should be importable" name="@carbon/styles scss/components/pagination/_unstable_pagination.scss should be importable" time="0.016">
      <failure>Error: expect(received).resolves.toBeDefined()

Received promise rejected instead of resolved
Rejected to value: [Error: Can&apos;t find stylesheet to import.
  ╷
8 │ @forward &apos;./generated/fluid-spacing&apos;;
  │ ^^^^^^^^^^^^^^^^^^^^^^^^^^^^^^^^^^^^
  ╵
  node_modules/@carbon/layout/scss/_spacing.scss 8:1                         @forward
  packages/styles/scss/_spacing.scss 8:1                                     @use
  packages/styles/scss/components/pagination/_unstable_pagination.scss 11:1  @use
  stdin 2:1                                                                  root stylesheet]
    at expect (/Users/chrisvelgersdyk/Desktop/carbon-coverall/carbon-coverall-poc/node_modules/expect/build/index.js:128:15)
    at Object.expect (/Users/chrisvelgersdyk/Desktop/carbon-coverall/carbon-coverall-poc/packages/styles/__tests__/styles-test.js:24:13)
    at Promise.then.completed (/Users/chrisvelgersdyk/Desktop/carbon-coverall/carbon-coverall-poc/node_modules/jest-circus/build/utils.js:333:28)
    at new Promise (&lt;anonymous&gt;)
    at callAsyncCircusFn (/Users/chrisvelgersdyk/Desktop/carbon-coverall/carbon-coverall-poc/node_modules/jest-circus/build/utils.js:259:10)
    at _callCircusTest (/Users/chrisvelgersdyk/Desktop/carbon-coverall/carbon-coverall-poc/node_modules/jest-circus/build/run.js:276:40)
    at processTicksAndRejections (node:internal/process/task_queues:95:5)
    at _runTest (/Users/chrisvelgersdyk/Desktop/carbon-coverall/carbon-coverall-poc/node_modules/jest-circus/build/run.js:208:3)
    at _runTestsForDescribeBlock (/Users/chrisvelgersdyk/Desktop/carbon-coverall/carbon-coverall-poc/node_modules/jest-circus/build/run.js:96:9)
    at _runTestsForDescribeBlock (/Users/chrisvelgersdyk/Desktop/carbon-coverall/carbon-coverall-poc/node_modules/jest-circus/build/run.js:90:9)</failure>
    </testcase>
    <testcase classname="@carbon/styles scss/components/pagination-nav/_index.scss should be importable" name="@carbon/styles scss/components/pagination-nav/_index.scss should be importable" time="0.012">
      <failure>Error: expect(received).resolves.toBeDefined()

Received promise rejected instead of resolved
Rejected to value: [Error: Can&apos;t find stylesheet to import.
  ╷
8 │ @forward &apos;./generated/fluid-spacing&apos;;
  │ ^^^^^^^^^^^^^^^^^^^^^^^^^^^^^^^^^^^^
  ╵
  node_modules/@carbon/layout/scss/_spacing.scss 8:1                       @forward
  packages/styles/scss/_spacing.scss 8:1                                   @use
  packages/styles/scss/components/pagination-nav/_mixins.scss 9:1          @use
  packages/styles/scss/components/pagination-nav/_pagination-nav.scss 8:1  @forward
  packages/styles/scss/components/pagination-nav/_index.scss 8:1           @use
  stdin 2:1                                                                root stylesheet]
    at expect (/Users/chrisvelgersdyk/Desktop/carbon-coverall/carbon-coverall-poc/node_modules/expect/build/index.js:128:15)
    at Object.expect (/Users/chrisvelgersdyk/Desktop/carbon-coverall/carbon-coverall-poc/packages/styles/__tests__/styles-test.js:24:13)
    at Promise.then.completed (/Users/chrisvelgersdyk/Desktop/carbon-coverall/carbon-coverall-poc/node_modules/jest-circus/build/utils.js:333:28)
    at new Promise (&lt;anonymous&gt;)
    at callAsyncCircusFn (/Users/chrisvelgersdyk/Desktop/carbon-coverall/carbon-coverall-poc/node_modules/jest-circus/build/utils.js:259:10)
    at _callCircusTest (/Users/chrisvelgersdyk/Desktop/carbon-coverall/carbon-coverall-poc/node_modules/jest-circus/build/run.js:276:40)
    at processTicksAndRejections (node:internal/process/task_queues:95:5)
    at _runTest (/Users/chrisvelgersdyk/Desktop/carbon-coverall/carbon-coverall-poc/node_modules/jest-circus/build/run.js:208:3)
    at _runTestsForDescribeBlock (/Users/chrisvelgersdyk/Desktop/carbon-coverall/carbon-coverall-poc/node_modules/jest-circus/build/run.js:96:9)
    at _runTestsForDescribeBlock (/Users/chrisvelgersdyk/Desktop/carbon-coverall/carbon-coverall-poc/node_modules/jest-circus/build/run.js:90:9)</failure>
    </testcase>
    <testcase classname="@carbon/styles scss/components/pagination-nav/_pagination-nav.scss should be importable" name="@carbon/styles scss/components/pagination-nav/_pagination-nav.scss should be importable" time="0.008">
      <failure>Error: expect(received).resolves.toBeDefined()

Received promise rejected instead of resolved
Rejected to value: [Error: Can&apos;t find stylesheet to import.
  ╷
8 │ @forward &apos;./generated/fluid-spacing&apos;;
  │ ^^^^^^^^^^^^^^^^^^^^^^^^^^^^^^^^^^^^
  ╵
  node_modules/@carbon/layout/scss/_spacing.scss 8:1                       @forward
  packages/styles/scss/_spacing.scss 8:1                                   @use
  packages/styles/scss/components/pagination-nav/_mixins.scss 9:1          @use
  packages/styles/scss/components/pagination-nav/_pagination-nav.scss 8:1  @use
  stdin 2:1                                                                root stylesheet]
    at expect (/Users/chrisvelgersdyk/Desktop/carbon-coverall/carbon-coverall-poc/node_modules/expect/build/index.js:128:15)
    at Object.expect (/Users/chrisvelgersdyk/Desktop/carbon-coverall/carbon-coverall-poc/packages/styles/__tests__/styles-test.js:24:13)
    at Promise.then.completed (/Users/chrisvelgersdyk/Desktop/carbon-coverall/carbon-coverall-poc/node_modules/jest-circus/build/utils.js:333:28)
    at new Promise (&lt;anonymous&gt;)
    at callAsyncCircusFn (/Users/chrisvelgersdyk/Desktop/carbon-coverall/carbon-coverall-poc/node_modules/jest-circus/build/utils.js:259:10)
    at _callCircusTest (/Users/chrisvelgersdyk/Desktop/carbon-coverall/carbon-coverall-poc/node_modules/jest-circus/build/run.js:276:40)
    at processTicksAndRejections (node:internal/process/task_queues:95:5)
    at _runTest (/Users/chrisvelgersdyk/Desktop/carbon-coverall/carbon-coverall-poc/node_modules/jest-circus/build/run.js:208:3)
    at _runTestsForDescribeBlock (/Users/chrisvelgersdyk/Desktop/carbon-coverall/carbon-coverall-poc/node_modules/jest-circus/build/run.js:96:9)
    at _runTestsForDescribeBlock (/Users/chrisvelgersdyk/Desktop/carbon-coverall/carbon-coverall-poc/node_modules/jest-circus/build/run.js:90:9)</failure>
    </testcase>
    <testcase classname="@carbon/styles scss/components/popover/_index.scss should be importable" name="@carbon/styles scss/components/popover/_index.scss should be importable" time="0.013">
      <failure>Error: expect(received).resolves.toBeDefined()

Received promise rejected instead of resolved
Rejected to value: [Error: Can&apos;t find stylesheet to import.
  ╷
8 │ @forward &apos;generated/themes&apos;;
  │ ^^^^^^^^^^^^^^^^^^^^^^^^^^^
  ╵
  node_modules/@carbon/themes/scss/compat/_themes.scss 8:1   @use
  packages/styles/scss/compat/_themes.scss 9:1               @use
  packages/styles/scss/theme/_theme.scss 12:1                @use
  packages/styles/scss/layer/_layer-sets.scss 9:1            @forward
  packages/styles/scss/_layer.scss 8:1                       @use
  packages/styles/scss/components/popover/_popover.scss 9:1  @forward
  packages/styles/scss/components/popover/_index.scss 8:1    @use
  stdin 2:1                                                  root stylesheet]
    at expect (/Users/chrisvelgersdyk/Desktop/carbon-coverall/carbon-coverall-poc/node_modules/expect/build/index.js:128:15)
    at Object.expect (/Users/chrisvelgersdyk/Desktop/carbon-coverall/carbon-coverall-poc/packages/styles/__tests__/styles-test.js:24:13)
    at Promise.then.completed (/Users/chrisvelgersdyk/Desktop/carbon-coverall/carbon-coverall-poc/node_modules/jest-circus/build/utils.js:333:28)
    at new Promise (&lt;anonymous&gt;)
    at callAsyncCircusFn (/Users/chrisvelgersdyk/Desktop/carbon-coverall/carbon-coverall-poc/node_modules/jest-circus/build/utils.js:259:10)
    at _callCircusTest (/Users/chrisvelgersdyk/Desktop/carbon-coverall/carbon-coverall-poc/node_modules/jest-circus/build/run.js:276:40)
    at processTicksAndRejections (node:internal/process/task_queues:95:5)
    at _runTest (/Users/chrisvelgersdyk/Desktop/carbon-coverall/carbon-coverall-poc/node_modules/jest-circus/build/run.js:208:3)
    at _runTestsForDescribeBlock (/Users/chrisvelgersdyk/Desktop/carbon-coverall/carbon-coverall-poc/node_modules/jest-circus/build/run.js:96:9)
    at _runTestsForDescribeBlock (/Users/chrisvelgersdyk/Desktop/carbon-coverall/carbon-coverall-poc/node_modules/jest-circus/build/run.js:90:9)</failure>
    </testcase>
    <testcase classname="@carbon/styles scss/components/popover/_popover.scss should be importable" name="@carbon/styles scss/components/popover/_popover.scss should be importable" time="0.033">
      <failure>Error: expect(received).resolves.toBeDefined()

Received promise rejected instead of resolved
Rejected to value: [Error: Can&apos;t find stylesheet to import.
  ╷
8 │ @forward &apos;generated/themes&apos;;
  │ ^^^^^^^^^^^^^^^^^^^^^^^^^^^
  ╵
  node_modules/@carbon/themes/scss/compat/_themes.scss 8:1   @use
  packages/styles/scss/compat/_themes.scss 9:1               @use
  packages/styles/scss/theme/_theme.scss 12:1                @use
  packages/styles/scss/layer/_layer-sets.scss 9:1            @forward
  packages/styles/scss/_layer.scss 8:1                       @use
  packages/styles/scss/components/popover/_popover.scss 9:1  @use
  stdin 2:1                                                  root stylesheet]
    at expect (/Users/chrisvelgersdyk/Desktop/carbon-coverall/carbon-coverall-poc/node_modules/expect/build/index.js:128:15)
    at Object.expect (/Users/chrisvelgersdyk/Desktop/carbon-coverall/carbon-coverall-poc/packages/styles/__tests__/styles-test.js:24:13)
    at Promise.then.completed (/Users/chrisvelgersdyk/Desktop/carbon-coverall/carbon-coverall-poc/node_modules/jest-circus/build/utils.js:333:28)
    at new Promise (&lt;anonymous&gt;)
    at callAsyncCircusFn (/Users/chrisvelgersdyk/Desktop/carbon-coverall/carbon-coverall-poc/node_modules/jest-circus/build/utils.js:259:10)
    at _callCircusTest (/Users/chrisvelgersdyk/Desktop/carbon-coverall/carbon-coverall-poc/node_modules/jest-circus/build/run.js:276:40)
    at processTicksAndRejections (node:internal/process/task_queues:95:5)
    at _runTest (/Users/chrisvelgersdyk/Desktop/carbon-coverall/carbon-coverall-poc/node_modules/jest-circus/build/run.js:208:3)
    at _runTestsForDescribeBlock (/Users/chrisvelgersdyk/Desktop/carbon-coverall/carbon-coverall-poc/node_modules/jest-circus/build/run.js:96:9)
    at _runTestsForDescribeBlock (/Users/chrisvelgersdyk/Desktop/carbon-coverall/carbon-coverall-poc/node_modules/jest-circus/build/run.js:90:9)</failure>
    </testcase>
    <testcase classname="@carbon/styles scss/components/progress-bar/_index.scss should be importable" name="@carbon/styles scss/components/progress-bar/_index.scss should be importable" time="0.011">
      <failure>Error: expect(received).resolves.toBeDefined()

Received promise rejected instead of resolved
Rejected to value: [Error: Can&apos;t find stylesheet to import.
  ╷
8 │ @forward &apos;generated/themes&apos;;
  │ ^^^^^^^^^^^^^^^^^^^^^^^^^^^
  ╵
  node_modules/@carbon/themes/scss/compat/_themes.scss 8:1             @use
  packages/styles/scss/compat/_themes.scss 9:1                         @use
  packages/styles/scss/theme/_theme.scss 12:1                          @use
  packages/styles/scss/layer/_layer-sets.scss 9:1                      @forward
  packages/styles/scss/_layer.scss 8:1                                 @use
  packages/styles/scss/components/progress-bar/_progress-bar.scss 9:1  @forward
  packages/styles/scss/components/progress-bar/_index.scss 8:1         @use
  stdin 2:1                                                            root stylesheet]
    at expect (/Users/chrisvelgersdyk/Desktop/carbon-coverall/carbon-coverall-poc/node_modules/expect/build/index.js:128:15)
    at Object.expect (/Users/chrisvelgersdyk/Desktop/carbon-coverall/carbon-coverall-poc/packages/styles/__tests__/styles-test.js:24:13)
    at Promise.then.completed (/Users/chrisvelgersdyk/Desktop/carbon-coverall/carbon-coverall-poc/node_modules/jest-circus/build/utils.js:333:28)
    at new Promise (&lt;anonymous&gt;)
    at callAsyncCircusFn (/Users/chrisvelgersdyk/Desktop/carbon-coverall/carbon-coverall-poc/node_modules/jest-circus/build/utils.js:259:10)
    at _callCircusTest (/Users/chrisvelgersdyk/Desktop/carbon-coverall/carbon-coverall-poc/node_modules/jest-circus/build/run.js:276:40)
    at processTicksAndRejections (node:internal/process/task_queues:95:5)
    at _runTest (/Users/chrisvelgersdyk/Desktop/carbon-coverall/carbon-coverall-poc/node_modules/jest-circus/build/run.js:208:3)
    at _runTestsForDescribeBlock (/Users/chrisvelgersdyk/Desktop/carbon-coverall/carbon-coverall-poc/node_modules/jest-circus/build/run.js:96:9)
    at _runTestsForDescribeBlock (/Users/chrisvelgersdyk/Desktop/carbon-coverall/carbon-coverall-poc/node_modules/jest-circus/build/run.js:90:9)</failure>
    </testcase>
    <testcase classname="@carbon/styles scss/components/progress-bar/_progress-bar.scss should be importable" name="@carbon/styles scss/components/progress-bar/_progress-bar.scss should be importable" time="0.006">
      <failure>Error: expect(received).resolves.toBeDefined()

Received promise rejected instead of resolved
Rejected to value: [Error: Can&apos;t find stylesheet to import.
  ╷
8 │ @forward &apos;generated/themes&apos;;
  │ ^^^^^^^^^^^^^^^^^^^^^^^^^^^
  ╵
  node_modules/@carbon/themes/scss/compat/_themes.scss 8:1             @use
  packages/styles/scss/compat/_themes.scss 9:1                         @use
  packages/styles/scss/theme/_theme.scss 12:1                          @use
  packages/styles/scss/layer/_layer-sets.scss 9:1                      @forward
  packages/styles/scss/_layer.scss 8:1                                 @use
  packages/styles/scss/components/progress-bar/_progress-bar.scss 9:1  @use
  stdin 2:1                                                            root stylesheet]
    at expect (/Users/chrisvelgersdyk/Desktop/carbon-coverall/carbon-coverall-poc/node_modules/expect/build/index.js:128:15)
    at Object.expect (/Users/chrisvelgersdyk/Desktop/carbon-coverall/carbon-coverall-poc/packages/styles/__tests__/styles-test.js:24:13)
    at Promise.then.completed (/Users/chrisvelgersdyk/Desktop/carbon-coverall/carbon-coverall-poc/node_modules/jest-circus/build/utils.js:333:28)
    at new Promise (&lt;anonymous&gt;)
    at callAsyncCircusFn (/Users/chrisvelgersdyk/Desktop/carbon-coverall/carbon-coverall-poc/node_modules/jest-circus/build/utils.js:259:10)
    at _callCircusTest (/Users/chrisvelgersdyk/Desktop/carbon-coverall/carbon-coverall-poc/node_modules/jest-circus/build/run.js:276:40)
    at processTicksAndRejections (node:internal/process/task_queues:95:5)
    at _runTest (/Users/chrisvelgersdyk/Desktop/carbon-coverall/carbon-coverall-poc/node_modules/jest-circus/build/run.js:208:3)
    at _runTestsForDescribeBlock (/Users/chrisvelgersdyk/Desktop/carbon-coverall/carbon-coverall-poc/node_modules/jest-circus/build/run.js:96:9)
    at _runTestsForDescribeBlock (/Users/chrisvelgersdyk/Desktop/carbon-coverall/carbon-coverall-poc/node_modules/jest-circus/build/run.js:90:9)</failure>
    </testcase>
    <testcase classname="@carbon/styles scss/components/progress-indicator/_index.scss should be importable" name="@carbon/styles scss/components/progress-indicator/_index.scss should be importable" time="0.008">
      <failure>Error: expect(received).resolves.toBeDefined()

Received promise rejected instead of resolved
Rejected to value: [Error: Can&apos;t find stylesheet to import.
  ╷
8 │ @forward &apos;./generated/fluid-spacing&apos;;
  │ ^^^^^^^^^^^^^^^^^^^^^^^^^^^^^^^^^^^^
  ╵
  node_modules/@carbon/layout/scss/_spacing.scss 8:1                               @forward
  packages/styles/scss/_spacing.scss 8:1                                           @use
  packages/styles/scss/components/button/_vars.scss 8:1                            @forward
  packages/styles/scss/components/button/_index.scss 8:1                           @use
  packages/styles/scss/components/progress-indicator/_progress-indicator.scss 8:1  @forward
  packages/styles/scss/components/progress-indicator/_index.scss 8:1               @use
  stdin 2:1                                                                        root stylesheet]
    at expect (/Users/chrisvelgersdyk/Desktop/carbon-coverall/carbon-coverall-poc/node_modules/expect/build/index.js:128:15)
    at Object.expect (/Users/chrisvelgersdyk/Desktop/carbon-coverall/carbon-coverall-poc/packages/styles/__tests__/styles-test.js:24:13)
    at Promise.then.completed (/Users/chrisvelgersdyk/Desktop/carbon-coverall/carbon-coverall-poc/node_modules/jest-circus/build/utils.js:333:28)
    at new Promise (&lt;anonymous&gt;)
    at callAsyncCircusFn (/Users/chrisvelgersdyk/Desktop/carbon-coverall/carbon-coverall-poc/node_modules/jest-circus/build/utils.js:259:10)
    at _callCircusTest (/Users/chrisvelgersdyk/Desktop/carbon-coverall/carbon-coverall-poc/node_modules/jest-circus/build/run.js:276:40)
    at processTicksAndRejections (node:internal/process/task_queues:95:5)
    at _runTest (/Users/chrisvelgersdyk/Desktop/carbon-coverall/carbon-coverall-poc/node_modules/jest-circus/build/run.js:208:3)
    at _runTestsForDescribeBlock (/Users/chrisvelgersdyk/Desktop/carbon-coverall/carbon-coverall-poc/node_modules/jest-circus/build/run.js:96:9)
    at _runTestsForDescribeBlock (/Users/chrisvelgersdyk/Desktop/carbon-coverall/carbon-coverall-poc/node_modules/jest-circus/build/run.js:90:9)</failure>
    </testcase>
    <testcase classname="@carbon/styles scss/components/progress-indicator/_progress-indicator.scss should be importable" name="@carbon/styles scss/components/progress-indicator/_progress-indicator.scss should be importable" time="0.004">
      <failure>Error: expect(received).resolves.toBeDefined()

Received promise rejected instead of resolved
Rejected to value: [Error: Can&apos;t find stylesheet to import.
  ╷
8 │ @forward &apos;./generated/fluid-spacing&apos;;
  │ ^^^^^^^^^^^^^^^^^^^^^^^^^^^^^^^^^^^^
  ╵
  node_modules/@carbon/layout/scss/_spacing.scss 8:1                               @forward
  packages/styles/scss/_spacing.scss 8:1                                           @use
  packages/styles/scss/components/button/_vars.scss 8:1                            @forward
  packages/styles/scss/components/button/_index.scss 8:1                           @use
  packages/styles/scss/components/progress-indicator/_progress-indicator.scss 8:1  @use
  stdin 2:1                                                                        root stylesheet]
    at expect (/Users/chrisvelgersdyk/Desktop/carbon-coverall/carbon-coverall-poc/node_modules/expect/build/index.js:128:15)
    at Object.expect (/Users/chrisvelgersdyk/Desktop/carbon-coverall/carbon-coverall-poc/packages/styles/__tests__/styles-test.js:24:13)
    at Promise.then.completed (/Users/chrisvelgersdyk/Desktop/carbon-coverall/carbon-coverall-poc/node_modules/jest-circus/build/utils.js:333:28)
    at new Promise (&lt;anonymous&gt;)
    at callAsyncCircusFn (/Users/chrisvelgersdyk/Desktop/carbon-coverall/carbon-coverall-poc/node_modules/jest-circus/build/utils.js:259:10)
    at _callCircusTest (/Users/chrisvelgersdyk/Desktop/carbon-coverall/carbon-coverall-poc/node_modules/jest-circus/build/run.js:276:40)
    at processTicksAndRejections (node:internal/process/task_queues:95:5)
    at _runTest (/Users/chrisvelgersdyk/Desktop/carbon-coverall/carbon-coverall-poc/node_modules/jest-circus/build/run.js:208:3)
    at _runTestsForDescribeBlock (/Users/chrisvelgersdyk/Desktop/carbon-coverall/carbon-coverall-poc/node_modules/jest-circus/build/run.js:96:9)
    at _runTestsForDescribeBlock (/Users/chrisvelgersdyk/Desktop/carbon-coverall/carbon-coverall-poc/node_modules/jest-circus/build/run.js:90:9)</failure>
    </testcase>
    <testcase classname="@carbon/styles scss/components/radio-button/_index.scss should be importable" name="@carbon/styles scss/components/radio-button/_index.scss should be importable" time="0.026">
      <failure>Error: expect(received).resolves.toBeDefined()

Received promise rejected instead of resolved
Rejected to value: [Error: Can&apos;t find stylesheet to import.
  ╷
8 │ @forward &apos;./generated/fluid-spacing&apos;;
  │ ^^^^^^^^^^^^^^^^^^^^^^^^^^^^^^^^^^^^
  ╵
  node_modules/@carbon/layout/scss/_spacing.scss 8:1                    @forward
  packages/styles/scss/_spacing.scss 8:1                                @use
  packages/styles/scss/components/form/_form.scss 9:1                   @forward
  packages/styles/scss/components/form/_index.scss 8:1                  @use
  packages/styles/scss/components/radio-button/_radio-button.scss 12:1  @forward
  packages/styles/scss/components/radio-button/_index.scss 8:1          @use
  stdin 2:1                                                             root stylesheet]
    at expect (/Users/chrisvelgersdyk/Desktop/carbon-coverall/carbon-coverall-poc/node_modules/expect/build/index.js:128:15)
    at Object.expect (/Users/chrisvelgersdyk/Desktop/carbon-coverall/carbon-coverall-poc/packages/styles/__tests__/styles-test.js:24:13)
    at Promise.then.completed (/Users/chrisvelgersdyk/Desktop/carbon-coverall/carbon-coverall-poc/node_modules/jest-circus/build/utils.js:333:28)
    at new Promise (&lt;anonymous&gt;)
    at callAsyncCircusFn (/Users/chrisvelgersdyk/Desktop/carbon-coverall/carbon-coverall-poc/node_modules/jest-circus/build/utils.js:259:10)
    at _callCircusTest (/Users/chrisvelgersdyk/Desktop/carbon-coverall/carbon-coverall-poc/node_modules/jest-circus/build/run.js:276:40)
    at processTicksAndRejections (node:internal/process/task_queues:95:5)
    at _runTest (/Users/chrisvelgersdyk/Desktop/carbon-coverall/carbon-coverall-poc/node_modules/jest-circus/build/run.js:208:3)
    at _runTestsForDescribeBlock (/Users/chrisvelgersdyk/Desktop/carbon-coverall/carbon-coverall-poc/node_modules/jest-circus/build/run.js:96:9)
    at _runTestsForDescribeBlock (/Users/chrisvelgersdyk/Desktop/carbon-coverall/carbon-coverall-poc/node_modules/jest-circus/build/run.js:90:9)</failure>
    </testcase>
    <testcase classname="@carbon/styles scss/components/radio-button/_radio-button.scss should be importable" name="@carbon/styles scss/components/radio-button/_radio-button.scss should be importable" time="0.02">
      <failure>Error: expect(received).resolves.toBeDefined()

Received promise rejected instead of resolved
Rejected to value: [Error: Can&apos;t find stylesheet to import.
  ╷
8 │ @forward &apos;./generated/fluid-spacing&apos;;
  │ ^^^^^^^^^^^^^^^^^^^^^^^^^^^^^^^^^^^^
  ╵
  node_modules/@carbon/layout/scss/_spacing.scss 8:1                    @forward
  packages/styles/scss/_spacing.scss 8:1                                @use
  packages/styles/scss/components/form/_form.scss 9:1                   @forward
  packages/styles/scss/components/form/_index.scss 8:1                  @use
  packages/styles/scss/components/radio-button/_radio-button.scss 12:1  @use
  stdin 2:1                                                             root stylesheet]
    at expect (/Users/chrisvelgersdyk/Desktop/carbon-coverall/carbon-coverall-poc/node_modules/expect/build/index.js:128:15)
    at Object.expect (/Users/chrisvelgersdyk/Desktop/carbon-coverall/carbon-coverall-poc/packages/styles/__tests__/styles-test.js:24:13)
    at Promise.then.completed (/Users/chrisvelgersdyk/Desktop/carbon-coverall/carbon-coverall-poc/node_modules/jest-circus/build/utils.js:333:28)
    at new Promise (&lt;anonymous&gt;)
    at callAsyncCircusFn (/Users/chrisvelgersdyk/Desktop/carbon-coverall/carbon-coverall-poc/node_modules/jest-circus/build/utils.js:259:10)
    at _callCircusTest (/Users/chrisvelgersdyk/Desktop/carbon-coverall/carbon-coverall-poc/node_modules/jest-circus/build/run.js:276:40)
    at processTicksAndRejections (node:internal/process/task_queues:95:5)
    at _runTest (/Users/chrisvelgersdyk/Desktop/carbon-coverall/carbon-coverall-poc/node_modules/jest-circus/build/run.js:208:3)
    at _runTestsForDescribeBlock (/Users/chrisvelgersdyk/Desktop/carbon-coverall/carbon-coverall-poc/node_modules/jest-circus/build/run.js:96:9)
    at _runTestsForDescribeBlock (/Users/chrisvelgersdyk/Desktop/carbon-coverall/carbon-coverall-poc/node_modules/jest-circus/build/run.js:90:9)</failure>
    </testcase>
    <testcase classname="@carbon/styles scss/components/search/_index.scss should be importable" name="@carbon/styles scss/components/search/_index.scss should be importable" time="0.026">
      <failure>Error: expect(received).resolves.toBeDefined()

Received promise rejected instead of resolved
Rejected to value: [Error: Can&apos;t find stylesheet to import.
  ╷
8 │ @forward &apos;./generated/fluid-spacing&apos;;
  │ ^^^^^^^^^^^^^^^^^^^^^^^^^^^^^^^^^^^^
  ╵
  node_modules/@carbon/layout/scss/_spacing.scss 8:1                @forward
  packages/styles/scss/_spacing.scss 8:1                            @use
  packages/styles/scss/components/form/_form.scss 9:1               @forward
  packages/styles/scss/components/form/_index.scss 8:1              @use
  packages/styles/scss/components/text-input/_text-input.scss 11:1  @forward
  packages/styles/scss/components/text-input/_index.scss 8:1        @use
  packages/styles/scss/components/search/_search.scss 12:1          @forward
  packages/styles/scss/components/search/_index.scss 8:1            @use
  stdin 2:1                                                         root stylesheet]
    at expect (/Users/chrisvelgersdyk/Desktop/carbon-coverall/carbon-coverall-poc/node_modules/expect/build/index.js:128:15)
    at Object.expect (/Users/chrisvelgersdyk/Desktop/carbon-coverall/carbon-coverall-poc/packages/styles/__tests__/styles-test.js:24:13)
    at Promise.then.completed (/Users/chrisvelgersdyk/Desktop/carbon-coverall/carbon-coverall-poc/node_modules/jest-circus/build/utils.js:333:28)
    at new Promise (&lt;anonymous&gt;)
    at callAsyncCircusFn (/Users/chrisvelgersdyk/Desktop/carbon-coverall/carbon-coverall-poc/node_modules/jest-circus/build/utils.js:259:10)
    at _callCircusTest (/Users/chrisvelgersdyk/Desktop/carbon-coverall/carbon-coverall-poc/node_modules/jest-circus/build/run.js:276:40)
    at processTicksAndRejections (node:internal/process/task_queues:95:5)
    at _runTest (/Users/chrisvelgersdyk/Desktop/carbon-coverall/carbon-coverall-poc/node_modules/jest-circus/build/run.js:208:3)
    at _runTestsForDescribeBlock (/Users/chrisvelgersdyk/Desktop/carbon-coverall/carbon-coverall-poc/node_modules/jest-circus/build/run.js:96:9)
    at _runTestsForDescribeBlock (/Users/chrisvelgersdyk/Desktop/carbon-coverall/carbon-coverall-poc/node_modules/jest-circus/build/run.js:90:9)</failure>
    </testcase>
    <testcase classname="@carbon/styles scss/components/search/_search.scss should be importable" name="@carbon/styles scss/components/search/_search.scss should be importable" time="0.043">
      <failure>Error: expect(received).resolves.toBeDefined()

Received promise rejected instead of resolved
Rejected to value: [Error: Can&apos;t find stylesheet to import.
  ╷
8 │ @forward &apos;./generated/fluid-spacing&apos;;
  │ ^^^^^^^^^^^^^^^^^^^^^^^^^^^^^^^^^^^^
  ╵
  node_modules/@carbon/layout/scss/_spacing.scss 8:1                @forward
  packages/styles/scss/_spacing.scss 8:1                            @use
  packages/styles/scss/components/form/_form.scss 9:1               @forward
  packages/styles/scss/components/form/_index.scss 8:1              @use
  packages/styles/scss/components/text-input/_text-input.scss 11:1  @forward
  packages/styles/scss/components/text-input/_index.scss 8:1        @use
  packages/styles/scss/components/search/_search.scss 12:1          @use
  stdin 2:1                                                         root stylesheet]
    at expect (/Users/chrisvelgersdyk/Desktop/carbon-coverall/carbon-coverall-poc/node_modules/expect/build/index.js:128:15)
    at Object.expect (/Users/chrisvelgersdyk/Desktop/carbon-coverall/carbon-coverall-poc/packages/styles/__tests__/styles-test.js:24:13)
    at Promise.then.completed (/Users/chrisvelgersdyk/Desktop/carbon-coverall/carbon-coverall-poc/node_modules/jest-circus/build/utils.js:333:28)
    at new Promise (&lt;anonymous&gt;)
    at callAsyncCircusFn (/Users/chrisvelgersdyk/Desktop/carbon-coverall/carbon-coverall-poc/node_modules/jest-circus/build/utils.js:259:10)
    at _callCircusTest (/Users/chrisvelgersdyk/Desktop/carbon-coverall/carbon-coverall-poc/node_modules/jest-circus/build/run.js:276:40)
    at processTicksAndRejections (node:internal/process/task_queues:95:5)
    at _runTest (/Users/chrisvelgersdyk/Desktop/carbon-coverall/carbon-coverall-poc/node_modules/jest-circus/build/run.js:208:3)
    at _runTestsForDescribeBlock (/Users/chrisvelgersdyk/Desktop/carbon-coverall/carbon-coverall-poc/node_modules/jest-circus/build/run.js:96:9)
    at _runTestsForDescribeBlock (/Users/chrisvelgersdyk/Desktop/carbon-coverall/carbon-coverall-poc/node_modules/jest-circus/build/run.js:90:9)</failure>
    </testcase>
    <testcase classname="@carbon/styles scss/components/select/_index.scss should be importable" name="@carbon/styles scss/components/select/_index.scss should be importable" time="0.015">
      <failure>Error: expect(received).resolves.toBeDefined()

Received promise rejected instead of resolved
Rejected to value: [Error: Can&apos;t find stylesheet to import.
  ╷
8 │ @forward &apos;./generated/fluid-spacing&apos;;
  │ ^^^^^^^^^^^^^^^^^^^^^^^^^^^^^^^^^^^^
  ╵
  node_modules/@carbon/layout/scss/_spacing.scss 8:1       @forward
  packages/styles/scss/_spacing.scss 8:1                   @use
  packages/styles/scss/components/form/_form.scss 9:1      @forward
  packages/styles/scss/components/form/_index.scss 8:1     @use
  packages/styles/scss/components/select/_select.scss 8:1  @forward
  packages/styles/scss/components/select/_index.scss 8:1   @use
  stdin 2:1                                                root stylesheet]
    at expect (/Users/chrisvelgersdyk/Desktop/carbon-coverall/carbon-coverall-poc/node_modules/expect/build/index.js:128:15)
    at Object.expect (/Users/chrisvelgersdyk/Desktop/carbon-coverall/carbon-coverall-poc/packages/styles/__tests__/styles-test.js:24:13)
    at Promise.then.completed (/Users/chrisvelgersdyk/Desktop/carbon-coverall/carbon-coverall-poc/node_modules/jest-circus/build/utils.js:333:28)
    at new Promise (&lt;anonymous&gt;)
    at callAsyncCircusFn (/Users/chrisvelgersdyk/Desktop/carbon-coverall/carbon-coverall-poc/node_modules/jest-circus/build/utils.js:259:10)
    at _callCircusTest (/Users/chrisvelgersdyk/Desktop/carbon-coverall/carbon-coverall-poc/node_modules/jest-circus/build/run.js:276:40)
    at processTicksAndRejections (node:internal/process/task_queues:95:5)
    at _runTest (/Users/chrisvelgersdyk/Desktop/carbon-coverall/carbon-coverall-poc/node_modules/jest-circus/build/run.js:208:3)
    at _runTestsForDescribeBlock (/Users/chrisvelgersdyk/Desktop/carbon-coverall/carbon-coverall-poc/node_modules/jest-circus/build/run.js:96:9)
    at _runTestsForDescribeBlock (/Users/chrisvelgersdyk/Desktop/carbon-coverall/carbon-coverall-poc/node_modules/jest-circus/build/run.js:90:9)</failure>
    </testcase>
    <testcase classname="@carbon/styles scss/components/select/_select.scss should be importable" name="@carbon/styles scss/components/select/_select.scss should be importable" time="0.012">
      <failure>Error: expect(received).resolves.toBeDefined()

Received promise rejected instead of resolved
Rejected to value: [Error: Can&apos;t find stylesheet to import.
  ╷
8 │ @forward &apos;./generated/fluid-spacing&apos;;
  │ ^^^^^^^^^^^^^^^^^^^^^^^^^^^^^^^^^^^^
  ╵
  node_modules/@carbon/layout/scss/_spacing.scss 8:1       @forward
  packages/styles/scss/_spacing.scss 8:1                   @use
  packages/styles/scss/components/form/_form.scss 9:1      @forward
  packages/styles/scss/components/form/_index.scss 8:1     @use
  packages/styles/scss/components/select/_select.scss 8:1  @use
  stdin 2:1                                                root stylesheet]
    at expect (/Users/chrisvelgersdyk/Desktop/carbon-coverall/carbon-coverall-poc/node_modules/expect/build/index.js:128:15)
    at Object.expect (/Users/chrisvelgersdyk/Desktop/carbon-coverall/carbon-coverall-poc/packages/styles/__tests__/styles-test.js:24:13)
    at Promise.then.completed (/Users/chrisvelgersdyk/Desktop/carbon-coverall/carbon-coverall-poc/node_modules/jest-circus/build/utils.js:333:28)
    at new Promise (&lt;anonymous&gt;)
    at callAsyncCircusFn (/Users/chrisvelgersdyk/Desktop/carbon-coverall/carbon-coverall-poc/node_modules/jest-circus/build/utils.js:259:10)
    at _callCircusTest (/Users/chrisvelgersdyk/Desktop/carbon-coverall/carbon-coverall-poc/node_modules/jest-circus/build/run.js:276:40)
    at processTicksAndRejections (node:internal/process/task_queues:95:5)
    at _runTest (/Users/chrisvelgersdyk/Desktop/carbon-coverall/carbon-coverall-poc/node_modules/jest-circus/build/run.js:208:3)
    at _runTestsForDescribeBlock (/Users/chrisvelgersdyk/Desktop/carbon-coverall/carbon-coverall-poc/node_modules/jest-circus/build/run.js:96:9)
    at _runTestsForDescribeBlock (/Users/chrisvelgersdyk/Desktop/carbon-coverall/carbon-coverall-poc/node_modules/jest-circus/build/run.js:90:9)</failure>
    </testcase>
    <testcase classname="@carbon/styles scss/components/skeleton-styles/_index.scss should be importable" name="@carbon/styles scss/components/skeleton-styles/_index.scss should be importable" time="0.009">
      <failure>Error: expect(received).resolves.toBeDefined()

Received promise rejected instead of resolved
Rejected to value: [Error: Can&apos;t find stylesheet to import.
  ╷
8 │ @forward &apos;generated/themes&apos;;
  │ ^^^^^^^^^^^^^^^^^^^^^^^^^^^
  ╵
  node_modules/@carbon/themes/scss/compat/_themes.scss 8:1                   @use
  packages/styles/scss/compat/_themes.scss 9:1                               @use
  packages/styles/scss/theme/_theme.scss 12:1                                @forward
  packages/styles/scss/_theme.scss 8:1                                       @use
  packages/styles/scss/utilities/_skeleton.scss 9:1                          @use
  packages/styles/scss/components/skeleton-styles/_skeleton-styles.scss 9:1  @forward
  packages/styles/scss/components/skeleton-styles/_index.scss 8:1            @use
  stdin 2:1                                                                  root stylesheet]
    at expect (/Users/chrisvelgersdyk/Desktop/carbon-coverall/carbon-coverall-poc/node_modules/expect/build/index.js:128:15)
    at Object.expect (/Users/chrisvelgersdyk/Desktop/carbon-coverall/carbon-coverall-poc/packages/styles/__tests__/styles-test.js:24:13)
    at Promise.then.completed (/Users/chrisvelgersdyk/Desktop/carbon-coverall/carbon-coverall-poc/node_modules/jest-circus/build/utils.js:333:28)
    at new Promise (&lt;anonymous&gt;)
    at callAsyncCircusFn (/Users/chrisvelgersdyk/Desktop/carbon-coverall/carbon-coverall-poc/node_modules/jest-circus/build/utils.js:259:10)
    at _callCircusTest (/Users/chrisvelgersdyk/Desktop/carbon-coverall/carbon-coverall-poc/node_modules/jest-circus/build/run.js:276:40)
    at processTicksAndRejections (node:internal/process/task_queues:95:5)
    at _runTest (/Users/chrisvelgersdyk/Desktop/carbon-coverall/carbon-coverall-poc/node_modules/jest-circus/build/run.js:208:3)
    at _runTestsForDescribeBlock (/Users/chrisvelgersdyk/Desktop/carbon-coverall/carbon-coverall-poc/node_modules/jest-circus/build/run.js:96:9)
    at _runTestsForDescribeBlock (/Users/chrisvelgersdyk/Desktop/carbon-coverall/carbon-coverall-poc/node_modules/jest-circus/build/run.js:90:9)</failure>
    </testcase>
    <testcase classname="@carbon/styles scss/components/skeleton-styles/_skeleton-styles.scss should be importable" name="@carbon/styles scss/components/skeleton-styles/_skeleton-styles.scss should be importable" time="0.006">
      <failure>Error: expect(received).resolves.toBeDefined()

Received promise rejected instead of resolved
Rejected to value: [Error: Can&apos;t find stylesheet to import.
  ╷
8 │ @forward &apos;generated/themes&apos;;
  │ ^^^^^^^^^^^^^^^^^^^^^^^^^^^
  ╵
  node_modules/@carbon/themes/scss/compat/_themes.scss 8:1                   @use
  packages/styles/scss/compat/_themes.scss 9:1                               @use
  packages/styles/scss/theme/_theme.scss 12:1                                @forward
  packages/styles/scss/_theme.scss 8:1                                       @use
  packages/styles/scss/utilities/_skeleton.scss 9:1                          @use
  packages/styles/scss/components/skeleton-styles/_skeleton-styles.scss 9:1  @use
  stdin 2:1                                                                  root stylesheet]
    at expect (/Users/chrisvelgersdyk/Desktop/carbon-coverall/carbon-coverall-poc/node_modules/expect/build/index.js:128:15)
    at Object.expect (/Users/chrisvelgersdyk/Desktop/carbon-coverall/carbon-coverall-poc/packages/styles/__tests__/styles-test.js:24:13)
    at Promise.then.completed (/Users/chrisvelgersdyk/Desktop/carbon-coverall/carbon-coverall-poc/node_modules/jest-circus/build/utils.js:333:28)
    at new Promise (&lt;anonymous&gt;)
    at callAsyncCircusFn (/Users/chrisvelgersdyk/Desktop/carbon-coverall/carbon-coverall-poc/node_modules/jest-circus/build/utils.js:259:10)
    at _callCircusTest (/Users/chrisvelgersdyk/Desktop/carbon-coverall/carbon-coverall-poc/node_modules/jest-circus/build/run.js:276:40)
    at processTicksAndRejections (node:internal/process/task_queues:95:5)
    at _runTest (/Users/chrisvelgersdyk/Desktop/carbon-coverall/carbon-coverall-poc/node_modules/jest-circus/build/run.js:208:3)
    at _runTestsForDescribeBlock (/Users/chrisvelgersdyk/Desktop/carbon-coverall/carbon-coverall-poc/node_modules/jest-circus/build/run.js:96:9)
    at _runTestsForDescribeBlock (/Users/chrisvelgersdyk/Desktop/carbon-coverall/carbon-coverall-poc/node_modules/jest-circus/build/run.js:90:9)</failure>
    </testcase>
    <testcase classname="@carbon/styles scss/components/skeleton-styles/_ai-skeleton-styles.scss should be importable" name="@carbon/styles scss/components/skeleton-styles/_ai-skeleton-styles.scss should be importable" time="0.004">
      <failure>Error: expect(received).resolves.toBeDefined()

Received promise rejected instead of resolved
Rejected to value: [Error: Can&apos;t find stylesheet to import.
  ╷
8 │ @forward &apos;generated/themes&apos;;
  │ ^^^^^^^^^^^^^^^^^^^^^^^^^^^
  ╵
  node_modules/@carbon/themes/scss/compat/_themes.scss 8:1                      @use
  packages/styles/scss/compat/_themes.scss 9:1                                  @use
  packages/styles/scss/theme/_theme.scss 12:1                                   @forward
  packages/styles/scss/_theme.scss 8:1                                          @use
  packages/styles/scss/components/skeleton-styles/_ai-skeleton-styles.scss 9:1  @use
  stdin 2:1                                                                     root stylesheet]
    at expect (/Users/chrisvelgersdyk/Desktop/carbon-coverall/carbon-coverall-poc/node_modules/expect/build/index.js:128:15)
    at Object.expect (/Users/chrisvelgersdyk/Desktop/carbon-coverall/carbon-coverall-poc/packages/styles/__tests__/styles-test.js:24:13)
    at Promise.then.completed (/Users/chrisvelgersdyk/Desktop/carbon-coverall/carbon-coverall-poc/node_modules/jest-circus/build/utils.js:333:28)
    at new Promise (&lt;anonymous&gt;)
    at callAsyncCircusFn (/Users/chrisvelgersdyk/Desktop/carbon-coverall/carbon-coverall-poc/node_modules/jest-circus/build/utils.js:259:10)
    at _callCircusTest (/Users/chrisvelgersdyk/Desktop/carbon-coverall/carbon-coverall-poc/node_modules/jest-circus/build/run.js:276:40)
    at processTicksAndRejections (node:internal/process/task_queues:95:5)
    at _runTest (/Users/chrisvelgersdyk/Desktop/carbon-coverall/carbon-coverall-poc/node_modules/jest-circus/build/run.js:208:3)
    at _runTestsForDescribeBlock (/Users/chrisvelgersdyk/Desktop/carbon-coverall/carbon-coverall-poc/node_modules/jest-circus/build/run.js:96:9)
    at _runTestsForDescribeBlock (/Users/chrisvelgersdyk/Desktop/carbon-coverall/carbon-coverall-poc/node_modules/jest-circus/build/run.js:90:9)</failure>
    </testcase>
    <testcase classname="@carbon/styles scss/components/slider/_index.scss should be importable" name="@carbon/styles scss/components/slider/_index.scss should be importable" time="0.048">
      <failure>Error: expect(received).resolves.toBeDefined()

Received promise rejected instead of resolved
Rejected to value: [Error: Can&apos;t find stylesheet to import.
  ╷
8 │ @forward &apos;./generated/fluid-spacing&apos;;
  │ ^^^^^^^^^^^^^^^^^^^^^^^^^^^^^^^^^^^^
  ╵
  node_modules/@carbon/layout/scss/_spacing.scss 8:1        @forward
  packages/styles/scss/_spacing.scss 8:1                    @use
  packages/styles/scss/components/form/_form.scss 9:1       @forward
  packages/styles/scss/components/form/_index.scss 8:1      @use
  packages/styles/scss/components/slider/_slider.scss 12:1  @forward
  packages/styles/scss/components/slider/_index.scss 8:1    @use
  stdin 2:1                                                 root stylesheet]
    at expect (/Users/chrisvelgersdyk/Desktop/carbon-coverall/carbon-coverall-poc/node_modules/expect/build/index.js:128:15)
    at Object.expect (/Users/chrisvelgersdyk/Desktop/carbon-coverall/carbon-coverall-poc/packages/styles/__tests__/styles-test.js:24:13)
    at Promise.then.completed (/Users/chrisvelgersdyk/Desktop/carbon-coverall/carbon-coverall-poc/node_modules/jest-circus/build/utils.js:333:28)
    at new Promise (&lt;anonymous&gt;)
    at callAsyncCircusFn (/Users/chrisvelgersdyk/Desktop/carbon-coverall/carbon-coverall-poc/node_modules/jest-circus/build/utils.js:259:10)
    at _callCircusTest (/Users/chrisvelgersdyk/Desktop/carbon-coverall/carbon-coverall-poc/node_modules/jest-circus/build/run.js:276:40)
    at processTicksAndRejections (node:internal/process/task_queues:95:5)
    at _runTest (/Users/chrisvelgersdyk/Desktop/carbon-coverall/carbon-coverall-poc/node_modules/jest-circus/build/run.js:208:3)
    at _runTestsForDescribeBlock (/Users/chrisvelgersdyk/Desktop/carbon-coverall/carbon-coverall-poc/node_modules/jest-circus/build/run.js:96:9)
    at _runTestsForDescribeBlock (/Users/chrisvelgersdyk/Desktop/carbon-coverall/carbon-coverall-poc/node_modules/jest-circus/build/run.js:90:9)</failure>
    </testcase>
    <testcase classname="@carbon/styles scss/components/slider/_slider.scss should be importable" name="@carbon/styles scss/components/slider/_slider.scss should be importable" time="0.015">
      <failure>Error: expect(received).resolves.toBeDefined()

Received promise rejected instead of resolved
Rejected to value: [Error: Can&apos;t find stylesheet to import.
  ╷
8 │ @forward &apos;./generated/fluid-spacing&apos;;
  │ ^^^^^^^^^^^^^^^^^^^^^^^^^^^^^^^^^^^^
  ╵
  node_modules/@carbon/layout/scss/_spacing.scss 8:1        @forward
  packages/styles/scss/_spacing.scss 8:1                    @use
  packages/styles/scss/components/form/_form.scss 9:1       @forward
  packages/styles/scss/components/form/_index.scss 8:1      @use
  packages/styles/scss/components/slider/_slider.scss 12:1  @use
  stdin 2:1                                                 root stylesheet]
    at expect (/Users/chrisvelgersdyk/Desktop/carbon-coverall/carbon-coverall-poc/node_modules/expect/build/index.js:128:15)
    at Object.expect (/Users/chrisvelgersdyk/Desktop/carbon-coverall/carbon-coverall-poc/packages/styles/__tests__/styles-test.js:24:13)
    at Promise.then.completed (/Users/chrisvelgersdyk/Desktop/carbon-coverall/carbon-coverall-poc/node_modules/jest-circus/build/utils.js:333:28)
    at new Promise (&lt;anonymous&gt;)
    at callAsyncCircusFn (/Users/chrisvelgersdyk/Desktop/carbon-coverall/carbon-coverall-poc/node_modules/jest-circus/build/utils.js:259:10)
    at _callCircusTest (/Users/chrisvelgersdyk/Desktop/carbon-coverall/carbon-coverall-poc/node_modules/jest-circus/build/run.js:276:40)
    at processTicksAndRejections (node:internal/process/task_queues:95:5)
    at _runTest (/Users/chrisvelgersdyk/Desktop/carbon-coverall/carbon-coverall-poc/node_modules/jest-circus/build/run.js:208:3)
    at _runTestsForDescribeBlock (/Users/chrisvelgersdyk/Desktop/carbon-coverall/carbon-coverall-poc/node_modules/jest-circus/build/run.js:96:9)
    at _runTestsForDescribeBlock (/Users/chrisvelgersdyk/Desktop/carbon-coverall/carbon-coverall-poc/node_modules/jest-circus/build/run.js:90:9)</failure>
    </testcase>
    <testcase classname="@carbon/styles scss/components/slug/_index.scss should be importable" name="@carbon/styles scss/components/slug/_index.scss should be importable" time="0.01">
      <failure>Error: expect(received).resolves.toBeDefined()

Received promise rejected instead of resolved
Rejected to value: [Error: Can&apos;t find stylesheet to import.
  ╷
8 │ @forward &apos;@carbon/colors&apos;;
  │ ^^^^^^^^^^^^^^^^^^^^^^^^^
  ╵
  packages/styles/scss/_colors.scss 8:1                 @use
  packages/styles/scss/components/slug/_slug.scss 9:1   @forward
  packages/styles/scss/components/slug/_index.scss 8:1  @use
  stdin 2:1                                             root stylesheet]
    at expect (/Users/chrisvelgersdyk/Desktop/carbon-coverall/carbon-coverall-poc/node_modules/expect/build/index.js:128:15)
    at Object.expect (/Users/chrisvelgersdyk/Desktop/carbon-coverall/carbon-coverall-poc/packages/styles/__tests__/styles-test.js:24:13)
    at Promise.then.completed (/Users/chrisvelgersdyk/Desktop/carbon-coverall/carbon-coverall-poc/node_modules/jest-circus/build/utils.js:333:28)
    at new Promise (&lt;anonymous&gt;)
    at callAsyncCircusFn (/Users/chrisvelgersdyk/Desktop/carbon-coverall/carbon-coverall-poc/node_modules/jest-circus/build/utils.js:259:10)
    at _callCircusTest (/Users/chrisvelgersdyk/Desktop/carbon-coverall/carbon-coverall-poc/node_modules/jest-circus/build/run.js:276:40)
    at processTicksAndRejections (node:internal/process/task_queues:95:5)
    at _runTest (/Users/chrisvelgersdyk/Desktop/carbon-coverall/carbon-coverall-poc/node_modules/jest-circus/build/run.js:208:3)
    at _runTestsForDescribeBlock (/Users/chrisvelgersdyk/Desktop/carbon-coverall/carbon-coverall-poc/node_modules/jest-circus/build/run.js:96:9)
    at _runTestsForDescribeBlock (/Users/chrisvelgersdyk/Desktop/carbon-coverall/carbon-coverall-poc/node_modules/jest-circus/build/run.js:90:9)</failure>
    </testcase>
    <testcase classname="@carbon/styles scss/components/slug/_slug.scss should be importable" name="@carbon/styles scss/components/slug/_slug.scss should be importable" time="0.031">
      <failure>Error: expect(received).resolves.toBeDefined()

Received promise rejected instead of resolved
Rejected to value: [Error: Can&apos;t find stylesheet to import.
  ╷
8 │ @forward &apos;@carbon/colors&apos;;
  │ ^^^^^^^^^^^^^^^^^^^^^^^^^
  ╵
  packages/styles/scss/_colors.scss 8:1                @use
  packages/styles/scss/components/slug/_slug.scss 9:1  @use
  stdin 2:1                                            root stylesheet]
    at expect (/Users/chrisvelgersdyk/Desktop/carbon-coverall/carbon-coverall-poc/node_modules/expect/build/index.js:128:15)
    at Object.expect (/Users/chrisvelgersdyk/Desktop/carbon-coverall/carbon-coverall-poc/packages/styles/__tests__/styles-test.js:24:13)
    at Promise.then.completed (/Users/chrisvelgersdyk/Desktop/carbon-coverall/carbon-coverall-poc/node_modules/jest-circus/build/utils.js:333:28)
    at new Promise (&lt;anonymous&gt;)
    at callAsyncCircusFn (/Users/chrisvelgersdyk/Desktop/carbon-coverall/carbon-coverall-poc/node_modules/jest-circus/build/utils.js:259:10)
    at _callCircusTest (/Users/chrisvelgersdyk/Desktop/carbon-coverall/carbon-coverall-poc/node_modules/jest-circus/build/run.js:276:40)
    at processTicksAndRejections (node:internal/process/task_queues:95:5)
    at _runTest (/Users/chrisvelgersdyk/Desktop/carbon-coverall/carbon-coverall-poc/node_modules/jest-circus/build/run.js:208:3)
    at _runTestsForDescribeBlock (/Users/chrisvelgersdyk/Desktop/carbon-coverall/carbon-coverall-poc/node_modules/jest-circus/build/run.js:96:9)
    at _runTestsForDescribeBlock (/Users/chrisvelgersdyk/Desktop/carbon-coverall/carbon-coverall-poc/node_modules/jest-circus/build/run.js:90:9)</failure>
    </testcase>
    <testcase classname="@carbon/styles scss/components/stack/_index.scss should be importable" name="@carbon/styles scss/components/stack/_index.scss should be importable" time="0.008">
      <failure>Error: expect(received).resolves.toBeDefined()

Received promise rejected instead of resolved
Rejected to value: [Error: Can&apos;t find stylesheet to import.
  ╷
8 │ @forward &apos;./generated/fluid-spacing&apos;;
  │ ^^^^^^^^^^^^^^^^^^^^^^^^^^^^^^^^^^^^
  ╵
  node_modules/@carbon/layout/scss/_spacing.scss 8:1     @forward
  packages/styles/scss/_spacing.scss 8:1                 @use
  packages/styles/scss/components/stack/_stack.scss 9:1  @forward
  packages/styles/scss/components/stack/_index.scss 8:1  @use
  stdin 2:1                                              root stylesheet]
    at expect (/Users/chrisvelgersdyk/Desktop/carbon-coverall/carbon-coverall-poc/node_modules/expect/build/index.js:128:15)
    at Object.expect (/Users/chrisvelgersdyk/Desktop/carbon-coverall/carbon-coverall-poc/packages/styles/__tests__/styles-test.js:24:13)
    at Promise.then.completed (/Users/chrisvelgersdyk/Desktop/carbon-coverall/carbon-coverall-poc/node_modules/jest-circus/build/utils.js:333:28)
    at new Promise (&lt;anonymous&gt;)
    at callAsyncCircusFn (/Users/chrisvelgersdyk/Desktop/carbon-coverall/carbon-coverall-poc/node_modules/jest-circus/build/utils.js:259:10)
    at _callCircusTest (/Users/chrisvelgersdyk/Desktop/carbon-coverall/carbon-coverall-poc/node_modules/jest-circus/build/run.js:276:40)
    at processTicksAndRejections (node:internal/process/task_queues:95:5)
    at _runTest (/Users/chrisvelgersdyk/Desktop/carbon-coverall/carbon-coverall-poc/node_modules/jest-circus/build/run.js:208:3)
    at _runTestsForDescribeBlock (/Users/chrisvelgersdyk/Desktop/carbon-coverall/carbon-coverall-poc/node_modules/jest-circus/build/run.js:96:9)
    at _runTestsForDescribeBlock (/Users/chrisvelgersdyk/Desktop/carbon-coverall/carbon-coverall-poc/node_modules/jest-circus/build/run.js:90:9)</failure>
    </testcase>
    <testcase classname="@carbon/styles scss/components/stack/_stack.scss should be importable" name="@carbon/styles scss/components/stack/_stack.scss should be importable" time="0.004">
      <failure>Error: expect(received).resolves.toBeDefined()

Received promise rejected instead of resolved
Rejected to value: [Error: Can&apos;t find stylesheet to import.
  ╷
8 │ @forward &apos;./generated/fluid-spacing&apos;;
  │ ^^^^^^^^^^^^^^^^^^^^^^^^^^^^^^^^^^^^
  ╵
  node_modules/@carbon/layout/scss/_spacing.scss 8:1     @forward
  packages/styles/scss/_spacing.scss 8:1                 @use
  packages/styles/scss/components/stack/_stack.scss 9:1  @use
  stdin 2:1                                              root stylesheet]
    at expect (/Users/chrisvelgersdyk/Desktop/carbon-coverall/carbon-coverall-poc/node_modules/expect/build/index.js:128:15)
    at Object.expect (/Users/chrisvelgersdyk/Desktop/carbon-coverall/carbon-coverall-poc/packages/styles/__tests__/styles-test.js:24:13)
    at Promise.then.completed (/Users/chrisvelgersdyk/Desktop/carbon-coverall/carbon-coverall-poc/node_modules/jest-circus/build/utils.js:333:28)
    at new Promise (&lt;anonymous&gt;)
    at callAsyncCircusFn (/Users/chrisvelgersdyk/Desktop/carbon-coverall/carbon-coverall-poc/node_modules/jest-circus/build/utils.js:259:10)
    at _callCircusTest (/Users/chrisvelgersdyk/Desktop/carbon-coverall/carbon-coverall-poc/node_modules/jest-circus/build/run.js:276:40)
    at processTicksAndRejections (node:internal/process/task_queues:95:5)
    at _runTest (/Users/chrisvelgersdyk/Desktop/carbon-coverall/carbon-coverall-poc/node_modules/jest-circus/build/run.js:208:3)
    at _runTestsForDescribeBlock (/Users/chrisvelgersdyk/Desktop/carbon-coverall/carbon-coverall-poc/node_modules/jest-circus/build/run.js:96:9)
    at _runTestsForDescribeBlock (/Users/chrisvelgersdyk/Desktop/carbon-coverall/carbon-coverall-poc/node_modules/jest-circus/build/run.js:90:9)</failure>
    </testcase>
    <testcase classname="@carbon/styles scss/components/structured-list/_index.scss should be importable" name="@carbon/styles scss/components/structured-list/_index.scss should be importable" time="0.007">
      <failure>Error: expect(received).resolves.toBeDefined()

Received promise rejected instead of resolved
Rejected to value: [Error: Can&apos;t find stylesheet to import.
  ╷
8 │ @forward &apos;./generated/fluid-spacing&apos;;
  │ ^^^^^^^^^^^^^^^^^^^^^^^^^^^^^^^^^^^^
  ╵
  node_modules/@carbon/layout/scss/_spacing.scss 8:1                         @forward
  packages/styles/scss/_spacing.scss 8:1                                     @use
  packages/styles/scss/components/structured-list/_mixins.scss 8:1           @use
  packages/styles/scss/components/structured-list/_structured-list.scss 8:1  @forward
  packages/styles/scss/components/structured-list/_index.scss 8:1            @use
  stdin 2:1                                                                  root stylesheet]
    at expect (/Users/chrisvelgersdyk/Desktop/carbon-coverall/carbon-coverall-poc/node_modules/expect/build/index.js:128:15)
    at Object.expect (/Users/chrisvelgersdyk/Desktop/carbon-coverall/carbon-coverall-poc/packages/styles/__tests__/styles-test.js:24:13)
    at Promise.then.completed (/Users/chrisvelgersdyk/Desktop/carbon-coverall/carbon-coverall-poc/node_modules/jest-circus/build/utils.js:333:28)
    at new Promise (&lt;anonymous&gt;)
    at callAsyncCircusFn (/Users/chrisvelgersdyk/Desktop/carbon-coverall/carbon-coverall-poc/node_modules/jest-circus/build/utils.js:259:10)
    at _callCircusTest (/Users/chrisvelgersdyk/Desktop/carbon-coverall/carbon-coverall-poc/node_modules/jest-circus/build/run.js:276:40)
    at processTicksAndRejections (node:internal/process/task_queues:95:5)
    at _runTest (/Users/chrisvelgersdyk/Desktop/carbon-coverall/carbon-coverall-poc/node_modules/jest-circus/build/run.js:208:3)
    at _runTestsForDescribeBlock (/Users/chrisvelgersdyk/Desktop/carbon-coverall/carbon-coverall-poc/node_modules/jest-circus/build/run.js:96:9)
    at _runTestsForDescribeBlock (/Users/chrisvelgersdyk/Desktop/carbon-coverall/carbon-coverall-poc/node_modules/jest-circus/build/run.js:90:9)</failure>
    </testcase>
    <testcase classname="@carbon/styles scss/components/structured-list/_structured-list.scss should be importable" name="@carbon/styles scss/components/structured-list/_structured-list.scss should be importable" time="0.008">
      <failure>Error: expect(received).resolves.toBeDefined()

Received promise rejected instead of resolved
Rejected to value: [Error: Can&apos;t find stylesheet to import.
  ╷
8 │ @forward &apos;./generated/fluid-spacing&apos;;
  │ ^^^^^^^^^^^^^^^^^^^^^^^^^^^^^^^^^^^^
  ╵
  node_modules/@carbon/layout/scss/_spacing.scss 8:1                         @forward
  packages/styles/scss/_spacing.scss 8:1                                     @use
  packages/styles/scss/components/structured-list/_mixins.scss 8:1           @use
  packages/styles/scss/components/structured-list/_structured-list.scss 8:1  @use
  stdin 2:1                                                                  root stylesheet]
    at expect (/Users/chrisvelgersdyk/Desktop/carbon-coverall/carbon-coverall-poc/node_modules/expect/build/index.js:128:15)
    at Object.expect (/Users/chrisvelgersdyk/Desktop/carbon-coverall/carbon-coverall-poc/packages/styles/__tests__/styles-test.js:24:13)
    at Promise.then.completed (/Users/chrisvelgersdyk/Desktop/carbon-coverall/carbon-coverall-poc/node_modules/jest-circus/build/utils.js:333:28)
    at new Promise (&lt;anonymous&gt;)
    at callAsyncCircusFn (/Users/chrisvelgersdyk/Desktop/carbon-coverall/carbon-coverall-poc/node_modules/jest-circus/build/utils.js:259:10)
    at _callCircusTest (/Users/chrisvelgersdyk/Desktop/carbon-coverall/carbon-coverall-poc/node_modules/jest-circus/build/run.js:276:40)
    at processTicksAndRejections (node:internal/process/task_queues:95:5)
    at _runTest (/Users/chrisvelgersdyk/Desktop/carbon-coverall/carbon-coverall-poc/node_modules/jest-circus/build/run.js:208:3)
    at _runTestsForDescribeBlock (/Users/chrisvelgersdyk/Desktop/carbon-coverall/carbon-coverall-poc/node_modules/jest-circus/build/run.js:96:9)
    at _runTestsForDescribeBlock (/Users/chrisvelgersdyk/Desktop/carbon-coverall/carbon-coverall-poc/node_modules/jest-circus/build/run.js:90:9)</failure>
    </testcase>
    <testcase classname="@carbon/styles scss/components/tabs/_index.scss should be importable" name="@carbon/styles scss/components/tabs/_index.scss should be importable" time="0.014">
      <failure>Error: expect(received).resolves.toBeDefined()

Received promise rejected instead of resolved
Rejected to value: [Error: Can&apos;t find stylesheet to import.
  ╷
8 │ @forward &apos;generated/themes&apos;;
  │ ^^^^^^^^^^^^^^^^^^^^^^^^^^^
  ╵
  node_modules/@carbon/themes/scss/compat/_themes.scss 8:1  @use
  packages/styles/scss/compat/_themes.scss 9:1              @use
  packages/styles/scss/theme/_theme.scss 12:1               @forward
  packages/styles/scss/_theme.scss 8:1                      @use
  packages/styles/scss/components/tabs/_vars.scss 10:1      @use
  packages/styles/scss/components/tabs/_tabs.scss 12:1      @forward
  packages/styles/scss/components/tabs/_index.scss 8:1      @use
  stdin 2:1                                                 root stylesheet]
    at expect (/Users/chrisvelgersdyk/Desktop/carbon-coverall/carbon-coverall-poc/node_modules/expect/build/index.js:128:15)
    at Object.expect (/Users/chrisvelgersdyk/Desktop/carbon-coverall/carbon-coverall-poc/packages/styles/__tests__/styles-test.js:24:13)
    at Promise.then.completed (/Users/chrisvelgersdyk/Desktop/carbon-coverall/carbon-coverall-poc/node_modules/jest-circus/build/utils.js:333:28)
    at new Promise (&lt;anonymous&gt;)
    at callAsyncCircusFn (/Users/chrisvelgersdyk/Desktop/carbon-coverall/carbon-coverall-poc/node_modules/jest-circus/build/utils.js:259:10)
    at _callCircusTest (/Users/chrisvelgersdyk/Desktop/carbon-coverall/carbon-coverall-poc/node_modules/jest-circus/build/run.js:276:40)
    at processTicksAndRejections (node:internal/process/task_queues:95:5)
    at _runTest (/Users/chrisvelgersdyk/Desktop/carbon-coverall/carbon-coverall-poc/node_modules/jest-circus/build/run.js:208:3)
    at _runTestsForDescribeBlock (/Users/chrisvelgersdyk/Desktop/carbon-coverall/carbon-coverall-poc/node_modules/jest-circus/build/run.js:96:9)
    at _runTestsForDescribeBlock (/Users/chrisvelgersdyk/Desktop/carbon-coverall/carbon-coverall-poc/node_modules/jest-circus/build/run.js:90:9)</failure>
    </testcase>
    <testcase classname="@carbon/styles scss/components/tabs/_tabs.scss should be importable" name="@carbon/styles scss/components/tabs/_tabs.scss should be importable" time="0.033">
      <failure>Error: expect(received).resolves.toBeDefined()

Received promise rejected instead of resolved
Rejected to value: [Error: Can&apos;t find stylesheet to import.
  ╷
8 │ @forward &apos;generated/themes&apos;;
  │ ^^^^^^^^^^^^^^^^^^^^^^^^^^^
  ╵
  node_modules/@carbon/themes/scss/compat/_themes.scss 8:1  @use
  packages/styles/scss/compat/_themes.scss 9:1              @use
  packages/styles/scss/theme/_theme.scss 12:1               @forward
  packages/styles/scss/_theme.scss 8:1                      @use
  packages/styles/scss/components/tabs/_vars.scss 10:1      @use
  packages/styles/scss/components/tabs/_tabs.scss 12:1      @use
  stdin 2:1                                                 root stylesheet]
    at expect (/Users/chrisvelgersdyk/Desktop/carbon-coverall/carbon-coverall-poc/node_modules/expect/build/index.js:128:15)
    at Object.expect (/Users/chrisvelgersdyk/Desktop/carbon-coverall/carbon-coverall-poc/packages/styles/__tests__/styles-test.js:24:13)
    at Promise.then.completed (/Users/chrisvelgersdyk/Desktop/carbon-coverall/carbon-coverall-poc/node_modules/jest-circus/build/utils.js:333:28)
    at new Promise (&lt;anonymous&gt;)
    at callAsyncCircusFn (/Users/chrisvelgersdyk/Desktop/carbon-coverall/carbon-coverall-poc/node_modules/jest-circus/build/utils.js:259:10)
    at _callCircusTest (/Users/chrisvelgersdyk/Desktop/carbon-coverall/carbon-coverall-poc/node_modules/jest-circus/build/run.js:276:40)
    at processTicksAndRejections (node:internal/process/task_queues:95:5)
    at _runTest (/Users/chrisvelgersdyk/Desktop/carbon-coverall/carbon-coverall-poc/node_modules/jest-circus/build/run.js:208:3)
    at _runTestsForDescribeBlock (/Users/chrisvelgersdyk/Desktop/carbon-coverall/carbon-coverall-poc/node_modules/jest-circus/build/run.js:96:9)
    at _runTestsForDescribeBlock (/Users/chrisvelgersdyk/Desktop/carbon-coverall/carbon-coverall-poc/node_modules/jest-circus/build/run.js:90:9)</failure>
    </testcase>
    <testcase classname="@carbon/styles scss/components/tag/_index.scss should be importable" name="@carbon/styles scss/components/tag/_index.scss should be importable" time="0.007">
      <failure>Error: expect(received).resolves.toBeDefined()

Received promise rejected instead of resolved
Rejected to value: [Error: Can&apos;t find stylesheet to import.
  ╷
8 │ @forward &apos;generated/themes&apos;;
  │ ^^^^^^^^^^^^^^^^^^^^^^^^^^^
  ╵
  node_modules/@carbon/themes/scss/compat/_themes.scss 8:1  @use
  packages/styles/scss/compat/_themes.scss 9:1              @use
  packages/styles/scss/theme/_theme.scss 12:1               @forward
  packages/styles/scss/_theme.scss 8:1                      @use
  packages/styles/scss/components/tag/_tag.scss 8:1         @forward
  packages/styles/scss/components/tag/_index.scss 8:1       @use
  stdin 2:1                                                 root stylesheet]
    at expect (/Users/chrisvelgersdyk/Desktop/carbon-coverall/carbon-coverall-poc/node_modules/expect/build/index.js:128:15)
    at Object.expect (/Users/chrisvelgersdyk/Desktop/carbon-coverall/carbon-coverall-poc/packages/styles/__tests__/styles-test.js:24:13)
    at Promise.then.completed (/Users/chrisvelgersdyk/Desktop/carbon-coverall/carbon-coverall-poc/node_modules/jest-circus/build/utils.js:333:28)
    at new Promise (&lt;anonymous&gt;)
    at callAsyncCircusFn (/Users/chrisvelgersdyk/Desktop/carbon-coverall/carbon-coverall-poc/node_modules/jest-circus/build/utils.js:259:10)
    at _callCircusTest (/Users/chrisvelgersdyk/Desktop/carbon-coverall/carbon-coverall-poc/node_modules/jest-circus/build/run.js:276:40)
    at processTicksAndRejections (node:internal/process/task_queues:95:5)
    at _runTest (/Users/chrisvelgersdyk/Desktop/carbon-coverall/carbon-coverall-poc/node_modules/jest-circus/build/run.js:208:3)
    at _runTestsForDescribeBlock (/Users/chrisvelgersdyk/Desktop/carbon-coverall/carbon-coverall-poc/node_modules/jest-circus/build/run.js:96:9)
    at _runTestsForDescribeBlock (/Users/chrisvelgersdyk/Desktop/carbon-coverall/carbon-coverall-poc/node_modules/jest-circus/build/run.js:90:9)</failure>
    </testcase>
    <testcase classname="@carbon/styles scss/components/tag/_tag.scss should be importable" name="@carbon/styles scss/components/tag/_tag.scss should be importable" time="0.006">
      <failure>Error: expect(received).resolves.toBeDefined()

Received promise rejected instead of resolved
Rejected to value: [Error: Can&apos;t find stylesheet to import.
  ╷
8 │ @forward &apos;generated/themes&apos;;
  │ ^^^^^^^^^^^^^^^^^^^^^^^^^^^
  ╵
  node_modules/@carbon/themes/scss/compat/_themes.scss 8:1  @use
  packages/styles/scss/compat/_themes.scss 9:1              @use
  packages/styles/scss/theme/_theme.scss 12:1               @forward
  packages/styles/scss/_theme.scss 8:1                      @use
  packages/styles/scss/components/tag/_tag.scss 8:1         @use
  stdin 2:1                                                 root stylesheet]
    at expect (/Users/chrisvelgersdyk/Desktop/carbon-coverall/carbon-coverall-poc/node_modules/expect/build/index.js:128:15)
    at Object.expect (/Users/chrisvelgersdyk/Desktop/carbon-coverall/carbon-coverall-poc/packages/styles/__tests__/styles-test.js:24:13)
    at Promise.then.completed (/Users/chrisvelgersdyk/Desktop/carbon-coverall/carbon-coverall-poc/node_modules/jest-circus/build/utils.js:333:28)
    at new Promise (&lt;anonymous&gt;)
    at callAsyncCircusFn (/Users/chrisvelgersdyk/Desktop/carbon-coverall/carbon-coverall-poc/node_modules/jest-circus/build/utils.js:259:10)
    at _callCircusTest (/Users/chrisvelgersdyk/Desktop/carbon-coverall/carbon-coverall-poc/node_modules/jest-circus/build/run.js:276:40)
    at processTicksAndRejections (node:internal/process/task_queues:95:5)
    at _runTest (/Users/chrisvelgersdyk/Desktop/carbon-coverall/carbon-coverall-poc/node_modules/jest-circus/build/run.js:208:3)
    at _runTestsForDescribeBlock (/Users/chrisvelgersdyk/Desktop/carbon-coverall/carbon-coverall-poc/node_modules/jest-circus/build/run.js:96:9)
    at _runTestsForDescribeBlock (/Users/chrisvelgersdyk/Desktop/carbon-coverall/carbon-coverall-poc/node_modules/jest-circus/build/run.js:90:9)</failure>
    </testcase>
    <testcase classname="@carbon/styles scss/components/tag/_tokens.scss should be importable" name="@carbon/styles scss/components/tag/_tokens.scss should be importable" time="0.007">
      <failure>Error: expect(received).resolves.toBeDefined()

Received promise rejected instead of resolved
Rejected to value: [Error: Can&apos;t find stylesheet to import.
  ╷
8 │ @forward &apos;@carbon/colors&apos;;
  │ ^^^^^^^^^^^^^^^^^^^^^^^^^
  ╵
  packages/styles/scss/_colors.scss 8:1                  @use
  packages/styles/scss/components/tag/_tokens.scss 11:1  @use
  stdin 2:1                                              root stylesheet]
    at expect (/Users/chrisvelgersdyk/Desktop/carbon-coverall/carbon-coverall-poc/node_modules/expect/build/index.js:128:15)
    at Object.expect (/Users/chrisvelgersdyk/Desktop/carbon-coverall/carbon-coverall-poc/packages/styles/__tests__/styles-test.js:24:13)
    at Promise.then.completed (/Users/chrisvelgersdyk/Desktop/carbon-coverall/carbon-coverall-poc/node_modules/jest-circus/build/utils.js:333:28)
    at new Promise (&lt;anonymous&gt;)
    at callAsyncCircusFn (/Users/chrisvelgersdyk/Desktop/carbon-coverall/carbon-coverall-poc/node_modules/jest-circus/build/utils.js:259:10)
    at _callCircusTest (/Users/chrisvelgersdyk/Desktop/carbon-coverall/carbon-coverall-poc/node_modules/jest-circus/build/run.js:276:40)
    at processTicksAndRejections (node:internal/process/task_queues:95:5)
    at _runTest (/Users/chrisvelgersdyk/Desktop/carbon-coverall/carbon-coverall-poc/node_modules/jest-circus/build/run.js:208:3)
    at _runTestsForDescribeBlock (/Users/chrisvelgersdyk/Desktop/carbon-coverall/carbon-coverall-poc/node_modules/jest-circus/build/run.js:96:9)
    at _runTestsForDescribeBlock (/Users/chrisvelgersdyk/Desktop/carbon-coverall/carbon-coverall-poc/node_modules/jest-circus/build/run.js:90:9)</failure>
    </testcase>
    <testcase classname="@carbon/styles scss/components/text-area/_index.scss should be importable" name="@carbon/styles scss/components/text-area/_index.scss should be importable" time="0.015">
      <failure>Error: expect(received).resolves.toBeDefined()

Received promise rejected instead of resolved
Rejected to value: [Error: Can&apos;t find stylesheet to import.
  ╷
8 │ @forward &apos;./generated/fluid-spacing&apos;;
  │ ^^^^^^^^^^^^^^^^^^^^^^^^^^^^^^^^^^^^
  ╵
  node_modules/@carbon/layout/scss/_spacing.scss 8:1             @forward
  packages/styles/scss/_spacing.scss 8:1                         @use
  packages/styles/scss/components/form/_form.scss 9:1            @forward
  packages/styles/scss/components/form/_index.scss 8:1           @use
  packages/styles/scss/components/text-area/_text-area.scss 8:1  @forward
  packages/styles/scss/components/text-area/_index.scss 8:1      @use
  stdin 2:1                                                      root stylesheet]
    at expect (/Users/chrisvelgersdyk/Desktop/carbon-coverall/carbon-coverall-poc/node_modules/expect/build/index.js:128:15)
    at Object.expect (/Users/chrisvelgersdyk/Desktop/carbon-coverall/carbon-coverall-poc/packages/styles/__tests__/styles-test.js:24:13)
    at Promise.then.completed (/Users/chrisvelgersdyk/Desktop/carbon-coverall/carbon-coverall-poc/node_modules/jest-circus/build/utils.js:333:28)
    at new Promise (&lt;anonymous&gt;)
    at callAsyncCircusFn (/Users/chrisvelgersdyk/Desktop/carbon-coverall/carbon-coverall-poc/node_modules/jest-circus/build/utils.js:259:10)
    at _callCircusTest (/Users/chrisvelgersdyk/Desktop/carbon-coverall/carbon-coverall-poc/node_modules/jest-circus/build/run.js:276:40)
    at processTicksAndRejections (node:internal/process/task_queues:95:5)
    at _runTest (/Users/chrisvelgersdyk/Desktop/carbon-coverall/carbon-coverall-poc/node_modules/jest-circus/build/run.js:208:3)
    at _runTestsForDescribeBlock (/Users/chrisvelgersdyk/Desktop/carbon-coverall/carbon-coverall-poc/node_modules/jest-circus/build/run.js:96:9)
    at _runTestsForDescribeBlock (/Users/chrisvelgersdyk/Desktop/carbon-coverall/carbon-coverall-poc/node_modules/jest-circus/build/run.js:90:9)</failure>
    </testcase>
    <testcase classname="@carbon/styles scss/components/text-area/_text-area.scss should be importable" name="@carbon/styles scss/components/text-area/_text-area.scss should be importable" time="0.006">
      <failure>Error: expect(received).resolves.toBeDefined()

Received promise rejected instead of resolved
Rejected to value: [Error: Can&apos;t find stylesheet to import.
  ╷
8 │ @forward &apos;./generated/fluid-spacing&apos;;
  │ ^^^^^^^^^^^^^^^^^^^^^^^^^^^^^^^^^^^^
  ╵
  node_modules/@carbon/layout/scss/_spacing.scss 8:1             @forward
  packages/styles/scss/_spacing.scss 8:1                         @use
  packages/styles/scss/components/form/_form.scss 9:1            @forward
  packages/styles/scss/components/form/_index.scss 8:1           @use
  packages/styles/scss/components/text-area/_text-area.scss 8:1  @use
  stdin 2:1                                                      root stylesheet]
    at expect (/Users/chrisvelgersdyk/Desktop/carbon-coverall/carbon-coverall-poc/node_modules/expect/build/index.js:128:15)
    at Object.expect (/Users/chrisvelgersdyk/Desktop/carbon-coverall/carbon-coverall-poc/packages/styles/__tests__/styles-test.js:24:13)
    at Promise.then.completed (/Users/chrisvelgersdyk/Desktop/carbon-coverall/carbon-coverall-poc/node_modules/jest-circus/build/utils.js:333:28)
    at new Promise (&lt;anonymous&gt;)
    at callAsyncCircusFn (/Users/chrisvelgersdyk/Desktop/carbon-coverall/carbon-coverall-poc/node_modules/jest-circus/build/utils.js:259:10)
    at _callCircusTest (/Users/chrisvelgersdyk/Desktop/carbon-coverall/carbon-coverall-poc/node_modules/jest-circus/build/run.js:276:40)
    at processTicksAndRejections (node:internal/process/task_queues:95:5)
    at _runTest (/Users/chrisvelgersdyk/Desktop/carbon-coverall/carbon-coverall-poc/node_modules/jest-circus/build/run.js:208:3)
    at _runTestsForDescribeBlock (/Users/chrisvelgersdyk/Desktop/carbon-coverall/carbon-coverall-poc/node_modules/jest-circus/build/run.js:96:9)
    at _runTestsForDescribeBlock (/Users/chrisvelgersdyk/Desktop/carbon-coverall/carbon-coverall-poc/node_modules/jest-circus/build/run.js:90:9)</failure>
    </testcase>
    <testcase classname="@carbon/styles scss/components/text-input/_index.scss should be importable" name="@carbon/styles scss/components/text-input/_index.scss should be importable" time="0.009">
      <failure>Error: expect(received).resolves.toBeDefined()

Received promise rejected instead of resolved
Rejected to value: [Error: Can&apos;t find stylesheet to import.
  ╷
8 │ @forward &apos;./generated/fluid-spacing&apos;;
  │ ^^^^^^^^^^^^^^^^^^^^^^^^^^^^^^^^^^^^
  ╵
  node_modules/@carbon/layout/scss/_spacing.scss 8:1                @forward
  packages/styles/scss/_spacing.scss 8:1                            @use
  packages/styles/scss/components/form/_form.scss 9:1               @forward
  packages/styles/scss/components/form/_index.scss 8:1              @use
  packages/styles/scss/components/text-input/_text-input.scss 11:1  @forward
  packages/styles/scss/components/text-input/_index.scss 8:1        @use
  stdin 2:1                                                         root stylesheet]
    at expect (/Users/chrisvelgersdyk/Desktop/carbon-coverall/carbon-coverall-poc/node_modules/expect/build/index.js:128:15)
    at Object.expect (/Users/chrisvelgersdyk/Desktop/carbon-coverall/carbon-coverall-poc/packages/styles/__tests__/styles-test.js:24:13)
    at Promise.then.completed (/Users/chrisvelgersdyk/Desktop/carbon-coverall/carbon-coverall-poc/node_modules/jest-circus/build/utils.js:333:28)
    at new Promise (&lt;anonymous&gt;)
    at callAsyncCircusFn (/Users/chrisvelgersdyk/Desktop/carbon-coverall/carbon-coverall-poc/node_modules/jest-circus/build/utils.js:259:10)
    at _callCircusTest (/Users/chrisvelgersdyk/Desktop/carbon-coverall/carbon-coverall-poc/node_modules/jest-circus/build/run.js:276:40)
    at processTicksAndRejections (node:internal/process/task_queues:95:5)
    at _runTest (/Users/chrisvelgersdyk/Desktop/carbon-coverall/carbon-coverall-poc/node_modules/jest-circus/build/run.js:208:3)
    at _runTestsForDescribeBlock (/Users/chrisvelgersdyk/Desktop/carbon-coverall/carbon-coverall-poc/node_modules/jest-circus/build/run.js:96:9)
    at _runTestsForDescribeBlock (/Users/chrisvelgersdyk/Desktop/carbon-coverall/carbon-coverall-poc/node_modules/jest-circus/build/run.js:90:9)</failure>
    </testcase>
    <testcase classname="@carbon/styles scss/components/text-input/_text-input.scss should be importable" name="@carbon/styles scss/components/text-input/_text-input.scss should be importable" time="0.008">
      <failure>Error: expect(received).resolves.toBeDefined()

Received promise rejected instead of resolved
Rejected to value: [Error: Can&apos;t find stylesheet to import.
  ╷
8 │ @forward &apos;./generated/fluid-spacing&apos;;
  │ ^^^^^^^^^^^^^^^^^^^^^^^^^^^^^^^^^^^^
  ╵
  node_modules/@carbon/layout/scss/_spacing.scss 8:1                @forward
  packages/styles/scss/_spacing.scss 8:1                            @use
  packages/styles/scss/components/form/_form.scss 9:1               @forward
  packages/styles/scss/components/form/_index.scss 8:1              @use
  packages/styles/scss/components/text-input/_text-input.scss 11:1  @use
  stdin 2:1                                                         root stylesheet]
    at expect (/Users/chrisvelgersdyk/Desktop/carbon-coverall/carbon-coverall-poc/node_modules/expect/build/index.js:128:15)
    at Object.expect (/Users/chrisvelgersdyk/Desktop/carbon-coverall/carbon-coverall-poc/packages/styles/__tests__/styles-test.js:24:13)
    at Promise.then.completed (/Users/chrisvelgersdyk/Desktop/carbon-coverall/carbon-coverall-poc/node_modules/jest-circus/build/utils.js:333:28)
    at new Promise (&lt;anonymous&gt;)
    at callAsyncCircusFn (/Users/chrisvelgersdyk/Desktop/carbon-coverall/carbon-coverall-poc/node_modules/jest-circus/build/utils.js:259:10)
    at _callCircusTest (/Users/chrisvelgersdyk/Desktop/carbon-coverall/carbon-coverall-poc/node_modules/jest-circus/build/run.js:276:40)
    at processTicksAndRejections (node:internal/process/task_queues:95:5)
    at _runTest (/Users/chrisvelgersdyk/Desktop/carbon-coverall/carbon-coverall-poc/node_modules/jest-circus/build/run.js:208:3)
    at _runTestsForDescribeBlock (/Users/chrisvelgersdyk/Desktop/carbon-coverall/carbon-coverall-poc/node_modules/jest-circus/build/run.js:96:9)
    at _runTestsForDescribeBlock (/Users/chrisvelgersdyk/Desktop/carbon-coverall/carbon-coverall-poc/node_modules/jest-circus/build/run.js:90:9)</failure>
    </testcase>
    <testcase classname="@carbon/styles scss/components/tile/_index.scss should be importable" name="@carbon/styles scss/components/tile/_index.scss should be importable" time="0.027">
      <failure>Error: expect(received).resolves.toBeDefined()

Received promise rejected instead of resolved
Rejected to value: [Error: Can&apos;t find stylesheet to import.
  ╷
8 │ @forward &apos;generated/themes&apos;;
  │ ^^^^^^^^^^^^^^^^^^^^^^^^^^^
  ╵
  node_modules/@carbon/themes/scss/_themes.scss 8:1         @forward
  packages/styles/scss/_themes.scss 9:1                     @use
  packages/styles/scss/components/button/_tokens.scss 10:1  @use
  packages/styles/scss/components/tile/_tile.scss 8:1       @forward
  packages/styles/scss/components/tile/_index.scss 8:1      @use
  stdin 2:1                                                 root stylesheet]
    at expect (/Users/chrisvelgersdyk/Desktop/carbon-coverall/carbon-coverall-poc/node_modules/expect/build/index.js:128:15)
    at Object.expect (/Users/chrisvelgersdyk/Desktop/carbon-coverall/carbon-coverall-poc/packages/styles/__tests__/styles-test.js:24:13)
    at Promise.then.completed (/Users/chrisvelgersdyk/Desktop/carbon-coverall/carbon-coverall-poc/node_modules/jest-circus/build/utils.js:333:28)
    at new Promise (&lt;anonymous&gt;)
    at callAsyncCircusFn (/Users/chrisvelgersdyk/Desktop/carbon-coverall/carbon-coverall-poc/node_modules/jest-circus/build/utils.js:259:10)
    at _callCircusTest (/Users/chrisvelgersdyk/Desktop/carbon-coverall/carbon-coverall-poc/node_modules/jest-circus/build/run.js:276:40)
    at processTicksAndRejections (node:internal/process/task_queues:95:5)
    at _runTest (/Users/chrisvelgersdyk/Desktop/carbon-coverall/carbon-coverall-poc/node_modules/jest-circus/build/run.js:208:3)
    at _runTestsForDescribeBlock (/Users/chrisvelgersdyk/Desktop/carbon-coverall/carbon-coverall-poc/node_modules/jest-circus/build/run.js:96:9)
    at _runTestsForDescribeBlock (/Users/chrisvelgersdyk/Desktop/carbon-coverall/carbon-coverall-poc/node_modules/jest-circus/build/run.js:90:9)</failure>
    </testcase>
    <testcase classname="@carbon/styles scss/components/tile/_tile.scss should be importable" name="@carbon/styles scss/components/tile/_tile.scss should be importable" time="0.019">
      <failure>Error: expect(received).resolves.toBeDefined()

Received promise rejected instead of resolved
Rejected to value: [Error: Can&apos;t find stylesheet to import.
  ╷
8 │ @forward &apos;generated/themes&apos;;
  │ ^^^^^^^^^^^^^^^^^^^^^^^^^^^
  ╵
  node_modules/@carbon/themes/scss/_themes.scss 8:1         @forward
  packages/styles/scss/_themes.scss 9:1                     @use
  packages/styles/scss/components/button/_tokens.scss 10:1  @use
  packages/styles/scss/components/tile/_tile.scss 8:1       @use
  stdin 2:1                                                 root stylesheet]
    at expect (/Users/chrisvelgersdyk/Desktop/carbon-coverall/carbon-coverall-poc/node_modules/expect/build/index.js:128:15)
    at Object.expect (/Users/chrisvelgersdyk/Desktop/carbon-coverall/carbon-coverall-poc/packages/styles/__tests__/styles-test.js:24:13)
    at Promise.then.completed (/Users/chrisvelgersdyk/Desktop/carbon-coverall/carbon-coverall-poc/node_modules/jest-circus/build/utils.js:333:28)
    at new Promise (&lt;anonymous&gt;)
    at callAsyncCircusFn (/Users/chrisvelgersdyk/Desktop/carbon-coverall/carbon-coverall-poc/node_modules/jest-circus/build/utils.js:259:10)
    at _callCircusTest (/Users/chrisvelgersdyk/Desktop/carbon-coverall/carbon-coverall-poc/node_modules/jest-circus/build/run.js:276:40)
    at processTicksAndRejections (node:internal/process/task_queues:95:5)
    at _runTest (/Users/chrisvelgersdyk/Desktop/carbon-coverall/carbon-coverall-poc/node_modules/jest-circus/build/run.js:208:3)
    at _runTestsForDescribeBlock (/Users/chrisvelgersdyk/Desktop/carbon-coverall/carbon-coverall-poc/node_modules/jest-circus/build/run.js:96:9)
    at _runTestsForDescribeBlock (/Users/chrisvelgersdyk/Desktop/carbon-coverall/carbon-coverall-poc/node_modules/jest-circus/build/run.js:90:9)</failure>
    </testcase>
    <testcase classname="@carbon/styles scss/components/time-picker/_index.scss should be importable" name="@carbon/styles scss/components/time-picker/_index.scss should be importable" time="0.015">
      <failure>Error: expect(received).resolves.toBeDefined()

Received promise rejected instead of resolved
Rejected to value: [Error: Can&apos;t find stylesheet to import.
  ╷
8 │ @forward &apos;./generated/fluid-spacing&apos;;
  │ ^^^^^^^^^^^^^^^^^^^^^^^^^^^^^^^^^^^^
  ╵
  node_modules/@carbon/layout/scss/_spacing.scss 8:1                 @forward
  packages/styles/scss/_spacing.scss 8:1                             @use
  packages/styles/scss/components/form/_form.scss 9:1                @forward
  packages/styles/scss/components/form/_index.scss 8:1               @use
  packages/styles/scss/components/text-input/_text-input.scss 11:1   @forward
  packages/styles/scss/components/text-input/_index.scss 8:1         @use
  packages/styles/scss/components/time-picker/_time-picker.scss 8:1  @forward
  packages/styles/scss/components/time-picker/_index.scss 8:1        @use
  stdin 2:1                                                          root stylesheet]
    at expect (/Users/chrisvelgersdyk/Desktop/carbon-coverall/carbon-coverall-poc/node_modules/expect/build/index.js:128:15)
    at Object.expect (/Users/chrisvelgersdyk/Desktop/carbon-coverall/carbon-coverall-poc/packages/styles/__tests__/styles-test.js:24:13)
    at Promise.then.completed (/Users/chrisvelgersdyk/Desktop/carbon-coverall/carbon-coverall-poc/node_modules/jest-circus/build/utils.js:333:28)
    at new Promise (&lt;anonymous&gt;)
    at callAsyncCircusFn (/Users/chrisvelgersdyk/Desktop/carbon-coverall/carbon-coverall-poc/node_modules/jest-circus/build/utils.js:259:10)
    at _callCircusTest (/Users/chrisvelgersdyk/Desktop/carbon-coverall/carbon-coverall-poc/node_modules/jest-circus/build/run.js:276:40)
    at processTicksAndRejections (node:internal/process/task_queues:95:5)
    at _runTest (/Users/chrisvelgersdyk/Desktop/carbon-coverall/carbon-coverall-poc/node_modules/jest-circus/build/run.js:208:3)
    at _runTestsForDescribeBlock (/Users/chrisvelgersdyk/Desktop/carbon-coverall/carbon-coverall-poc/node_modules/jest-circus/build/run.js:96:9)
    at _runTestsForDescribeBlock (/Users/chrisvelgersdyk/Desktop/carbon-coverall/carbon-coverall-poc/node_modules/jest-circus/build/run.js:90:9)</failure>
    </testcase>
    <testcase classname="@carbon/styles scss/components/time-picker/_time-picker.scss should be importable" name="@carbon/styles scss/components/time-picker/_time-picker.scss should be importable" time="0.024">
      <failure>Error: expect(received).resolves.toBeDefined()

Received promise rejected instead of resolved
Rejected to value: [Error: Can&apos;t find stylesheet to import.
  ╷
8 │ @forward &apos;./generated/fluid-spacing&apos;;
  │ ^^^^^^^^^^^^^^^^^^^^^^^^^^^^^^^^^^^^
  ╵
  node_modules/@carbon/layout/scss/_spacing.scss 8:1                 @forward
  packages/styles/scss/_spacing.scss 8:1                             @use
  packages/styles/scss/components/form/_form.scss 9:1                @forward
  packages/styles/scss/components/form/_index.scss 8:1               @use
  packages/styles/scss/components/text-input/_text-input.scss 11:1   @forward
  packages/styles/scss/components/text-input/_index.scss 8:1         @use
  packages/styles/scss/components/time-picker/_time-picker.scss 8:1  @use
  stdin 2:1                                                          root stylesheet]
    at expect (/Users/chrisvelgersdyk/Desktop/carbon-coverall/carbon-coverall-poc/node_modules/expect/build/index.js:128:15)
    at Object.expect (/Users/chrisvelgersdyk/Desktop/carbon-coverall/carbon-coverall-poc/packages/styles/__tests__/styles-test.js:24:13)
    at Promise.then.completed (/Users/chrisvelgersdyk/Desktop/carbon-coverall/carbon-coverall-poc/node_modules/jest-circus/build/utils.js:333:28)
    at new Promise (&lt;anonymous&gt;)
    at callAsyncCircusFn (/Users/chrisvelgersdyk/Desktop/carbon-coverall/carbon-coverall-poc/node_modules/jest-circus/build/utils.js:259:10)
    at _callCircusTest (/Users/chrisvelgersdyk/Desktop/carbon-coverall/carbon-coverall-poc/node_modules/jest-circus/build/run.js:276:40)
    at processTicksAndRejections (node:internal/process/task_queues:95:5)
    at _runTest (/Users/chrisvelgersdyk/Desktop/carbon-coverall/carbon-coverall-poc/node_modules/jest-circus/build/run.js:208:3)
    at _runTestsForDescribeBlock (/Users/chrisvelgersdyk/Desktop/carbon-coverall/carbon-coverall-poc/node_modules/jest-circus/build/run.js:96:9)
    at _runTestsForDescribeBlock (/Users/chrisvelgersdyk/Desktop/carbon-coverall/carbon-coverall-poc/node_modules/jest-circus/build/run.js:90:9)</failure>
    </testcase>
    <testcase classname="@carbon/styles scss/components/toggle/_index.scss should be importable" name="@carbon/styles scss/components/toggle/_index.scss should be importable" time="0.042">
      <failure>Error: expect(received).resolves.toBeDefined()

Received promise rejected instead of resolved
Rejected to value: [Error: Can&apos;t find stylesheet to import.
  ╷
8 │ @forward &apos;./generated/fluid-spacing&apos;;
  │ ^^^^^^^^^^^^^^^^^^^^^^^^^^^^^^^^^^^^
  ╵
  node_modules/@carbon/layout/scss/_spacing.scss 8:1        @forward
  packages/styles/scss/_spacing.scss 8:1                    @use
  packages/styles/scss/components/toggle/_toggle.scss 10:1  @forward
  packages/styles/scss/components/toggle/_index.scss 8:1    @use
  stdin 2:1                                                 root stylesheet]
    at expect (/Users/chrisvelgersdyk/Desktop/carbon-coverall/carbon-coverall-poc/node_modules/expect/build/index.js:128:15)
    at Object.expect (/Users/chrisvelgersdyk/Desktop/carbon-coverall/carbon-coverall-poc/packages/styles/__tests__/styles-test.js:24:13)
    at Promise.then.completed (/Users/chrisvelgersdyk/Desktop/carbon-coverall/carbon-coverall-poc/node_modules/jest-circus/build/utils.js:333:28)
    at new Promise (&lt;anonymous&gt;)
    at callAsyncCircusFn (/Users/chrisvelgersdyk/Desktop/carbon-coverall/carbon-coverall-poc/node_modules/jest-circus/build/utils.js:259:10)
    at _callCircusTest (/Users/chrisvelgersdyk/Desktop/carbon-coverall/carbon-coverall-poc/node_modules/jest-circus/build/run.js:276:40)
    at processTicksAndRejections (node:internal/process/task_queues:95:5)
    at _runTest (/Users/chrisvelgersdyk/Desktop/carbon-coverall/carbon-coverall-poc/node_modules/jest-circus/build/run.js:208:3)
    at _runTestsForDescribeBlock (/Users/chrisvelgersdyk/Desktop/carbon-coverall/carbon-coverall-poc/node_modules/jest-circus/build/run.js:96:9)
    at _runTestsForDescribeBlock (/Users/chrisvelgersdyk/Desktop/carbon-coverall/carbon-coverall-poc/node_modules/jest-circus/build/run.js:90:9)</failure>
    </testcase>
    <testcase classname="@carbon/styles scss/components/toggle/_toggle.scss should be importable" name="@carbon/styles scss/components/toggle/_toggle.scss should be importable" time="0.006">
      <failure>Error: expect(received).resolves.toBeDefined()

Received promise rejected instead of resolved
Rejected to value: [Error: Can&apos;t find stylesheet to import.
  ╷
8 │ @forward &apos;./generated/fluid-spacing&apos;;
  │ ^^^^^^^^^^^^^^^^^^^^^^^^^^^^^^^^^^^^
  ╵
  node_modules/@carbon/layout/scss/_spacing.scss 8:1        @forward
  packages/styles/scss/_spacing.scss 8:1                    @use
  packages/styles/scss/components/toggle/_toggle.scss 10:1  @use
  stdin 2:1                                                 root stylesheet]
    at expect (/Users/chrisvelgersdyk/Desktop/carbon-coverall/carbon-coverall-poc/node_modules/expect/build/index.js:128:15)
    at Object.expect (/Users/chrisvelgersdyk/Desktop/carbon-coverall/carbon-coverall-poc/packages/styles/__tests__/styles-test.js:24:13)
    at Promise.then.completed (/Users/chrisvelgersdyk/Desktop/carbon-coverall/carbon-coverall-poc/node_modules/jest-circus/build/utils.js:333:28)
    at new Promise (&lt;anonymous&gt;)
    at callAsyncCircusFn (/Users/chrisvelgersdyk/Desktop/carbon-coverall/carbon-coverall-poc/node_modules/jest-circus/build/utils.js:259:10)
    at _callCircusTest (/Users/chrisvelgersdyk/Desktop/carbon-coverall/carbon-coverall-poc/node_modules/jest-circus/build/run.js:276:40)
    at processTicksAndRejections (node:internal/process/task_queues:95:5)
    at _runTest (/Users/chrisvelgersdyk/Desktop/carbon-coverall/carbon-coverall-poc/node_modules/jest-circus/build/run.js:208:3)
    at _runTestsForDescribeBlock (/Users/chrisvelgersdyk/Desktop/carbon-coverall/carbon-coverall-poc/node_modules/jest-circus/build/run.js:96:9)
    at _runTestsForDescribeBlock (/Users/chrisvelgersdyk/Desktop/carbon-coverall/carbon-coverall-poc/node_modules/jest-circus/build/run.js:90:9)</failure>
    </testcase>
    <testcase classname="@carbon/styles scss/components/toggletip/_index.scss should be importable" name="@carbon/styles scss/components/toggletip/_index.scss should be importable" time="0.003">
      <failure>Error: expect(received).resolves.toBeDefined()

Received promise rejected instead of resolved
Rejected to value: [Error: Can&apos;t find stylesheet to import.
  ╷
8 │ @forward &apos;./generated/fluid-spacing&apos;;
  │ ^^^^^^^^^^^^^^^^^^^^^^^^^^^^^^^^^^^^
  ╵
  node_modules/@carbon/layout/scss/_spacing.scss 8:1             @forward
  packages/styles/scss/_spacing.scss 8:1                         @use
  packages/styles/scss/components/button/_vars.scss 8:1          @forward
  packages/styles/scss/components/button/_index.scss 8:1         @use
  packages/styles/scss/components/toggletip/_toggletip.scss 8:1  @forward
  packages/styles/scss/components/toggletip/_index.scss 8:1      @use
  stdin 2:1                                                      root stylesheet]
    at expect (/Users/chrisvelgersdyk/Desktop/carbon-coverall/carbon-coverall-poc/node_modules/expect/build/index.js:128:15)
    at Object.expect (/Users/chrisvelgersdyk/Desktop/carbon-coverall/carbon-coverall-poc/packages/styles/__tests__/styles-test.js:24:13)
    at Promise.then.completed (/Users/chrisvelgersdyk/Desktop/carbon-coverall/carbon-coverall-poc/node_modules/jest-circus/build/utils.js:333:28)
    at new Promise (&lt;anonymous&gt;)
    at callAsyncCircusFn (/Users/chrisvelgersdyk/Desktop/carbon-coverall/carbon-coverall-poc/node_modules/jest-circus/build/utils.js:259:10)
    at _callCircusTest (/Users/chrisvelgersdyk/Desktop/carbon-coverall/carbon-coverall-poc/node_modules/jest-circus/build/run.js:276:40)
    at processTicksAndRejections (node:internal/process/task_queues:95:5)
    at _runTest (/Users/chrisvelgersdyk/Desktop/carbon-coverall/carbon-coverall-poc/node_modules/jest-circus/build/run.js:208:3)
    at _runTestsForDescribeBlock (/Users/chrisvelgersdyk/Desktop/carbon-coverall/carbon-coverall-poc/node_modules/jest-circus/build/run.js:96:9)
    at _runTestsForDescribeBlock (/Users/chrisvelgersdyk/Desktop/carbon-coverall/carbon-coverall-poc/node_modules/jest-circus/build/run.js:90:9)</failure>
    </testcase>
    <testcase classname="@carbon/styles scss/components/toggletip/_toggletip.scss should be importable" name="@carbon/styles scss/components/toggletip/_toggletip.scss should be importable" time="0.002">
      <failure>Error: expect(received).resolves.toBeDefined()

Received promise rejected instead of resolved
Rejected to value: [Error: Can&apos;t find stylesheet to import.
  ╷
8 │ @forward &apos;./generated/fluid-spacing&apos;;
  │ ^^^^^^^^^^^^^^^^^^^^^^^^^^^^^^^^^^^^
  ╵
  node_modules/@carbon/layout/scss/_spacing.scss 8:1             @forward
  packages/styles/scss/_spacing.scss 8:1                         @use
  packages/styles/scss/components/button/_vars.scss 8:1          @forward
  packages/styles/scss/components/button/_index.scss 8:1         @use
  packages/styles/scss/components/toggletip/_toggletip.scss 8:1  @use
  stdin 2:1                                                      root stylesheet]
    at expect (/Users/chrisvelgersdyk/Desktop/carbon-coverall/carbon-coverall-poc/node_modules/expect/build/index.js:128:15)
    at Object.expect (/Users/chrisvelgersdyk/Desktop/carbon-coverall/carbon-coverall-poc/packages/styles/__tests__/styles-test.js:24:13)
    at Promise.then.completed (/Users/chrisvelgersdyk/Desktop/carbon-coverall/carbon-coverall-poc/node_modules/jest-circus/build/utils.js:333:28)
    at new Promise (&lt;anonymous&gt;)
    at callAsyncCircusFn (/Users/chrisvelgersdyk/Desktop/carbon-coverall/carbon-coverall-poc/node_modules/jest-circus/build/utils.js:259:10)
    at _callCircusTest (/Users/chrisvelgersdyk/Desktop/carbon-coverall/carbon-coverall-poc/node_modules/jest-circus/build/run.js:276:40)
    at processTicksAndRejections (node:internal/process/task_queues:95:5)
    at _runTest (/Users/chrisvelgersdyk/Desktop/carbon-coverall/carbon-coverall-poc/node_modules/jest-circus/build/run.js:208:3)
    at _runTestsForDescribeBlock (/Users/chrisvelgersdyk/Desktop/carbon-coverall/carbon-coverall-poc/node_modules/jest-circus/build/run.js:96:9)
    at _runTestsForDescribeBlock (/Users/chrisvelgersdyk/Desktop/carbon-coverall/carbon-coverall-poc/node_modules/jest-circus/build/run.js:90:9)</failure>
    </testcase>
    <testcase classname="@carbon/styles scss/components/tooltip/_index.scss should be importable" name="@carbon/styles scss/components/tooltip/_index.scss should be importable" time="0.018">
      <failure>Error: expect(received).resolves.toBeDefined()

Received promise rejected instead of resolved
Rejected to value: [Error: Can&apos;t find stylesheet to import.
  ╷
8 │ @forward &apos;generated/themes&apos;;
  │ ^^^^^^^^^^^^^^^^^^^^^^^^^^^
  ╵
  node_modules/@carbon/themes/scss/compat/_themes.scss 8:1   @use
  packages/styles/scss/compat/_themes.scss 9:1               @use
  packages/styles/scss/theme/_theme.scss 12:1                @use
  packages/styles/scss/layer/_layer-sets.scss 9:1            @forward
  packages/styles/scss/_layer.scss 8:1                       @use
  packages/styles/scss/components/popover/_popover.scss 9:1  @forward
  packages/styles/scss/components/popover/_index.scss 8:1    @use
  packages/styles/scss/components/tooltip/_tooltip.scss 8:1  @forward
  packages/styles/scss/components/tooltip/_index.scss 8:1    @use
  stdin 2:1                                                  root stylesheet]
    at expect (/Users/chrisvelgersdyk/Desktop/carbon-coverall/carbon-coverall-poc/node_modules/expect/build/index.js:128:15)
    at Object.expect (/Users/chrisvelgersdyk/Desktop/carbon-coverall/carbon-coverall-poc/packages/styles/__tests__/styles-test.js:24:13)
    at Promise.then.completed (/Users/chrisvelgersdyk/Desktop/carbon-coverall/carbon-coverall-poc/node_modules/jest-circus/build/utils.js:333:28)
    at new Promise (&lt;anonymous&gt;)
    at callAsyncCircusFn (/Users/chrisvelgersdyk/Desktop/carbon-coverall/carbon-coverall-poc/node_modules/jest-circus/build/utils.js:259:10)
    at _callCircusTest (/Users/chrisvelgersdyk/Desktop/carbon-coverall/carbon-coverall-poc/node_modules/jest-circus/build/run.js:276:40)
    at processTicksAndRejections (node:internal/process/task_queues:95:5)
    at _runTest (/Users/chrisvelgersdyk/Desktop/carbon-coverall/carbon-coverall-poc/node_modules/jest-circus/build/run.js:208:3)
    at _runTestsForDescribeBlock (/Users/chrisvelgersdyk/Desktop/carbon-coverall/carbon-coverall-poc/node_modules/jest-circus/build/run.js:96:9)
    at _runTestsForDescribeBlock (/Users/chrisvelgersdyk/Desktop/carbon-coverall/carbon-coverall-poc/node_modules/jest-circus/build/run.js:90:9)</failure>
    </testcase>
    <testcase classname="@carbon/styles scss/components/tooltip/_tooltip.scss should be importable" name="@carbon/styles scss/components/tooltip/_tooltip.scss should be importable" time="0.02">
      <failure>Error: expect(received).resolves.toBeDefined()

Received promise rejected instead of resolved
Rejected to value: [Error: Can&apos;t find stylesheet to import.
  ╷
8 │ @forward &apos;generated/themes&apos;;
  │ ^^^^^^^^^^^^^^^^^^^^^^^^^^^
  ╵
  node_modules/@carbon/themes/scss/compat/_themes.scss 8:1   @use
  packages/styles/scss/compat/_themes.scss 9:1               @use
  packages/styles/scss/theme/_theme.scss 12:1                @use
  packages/styles/scss/layer/_layer-sets.scss 9:1            @forward
  packages/styles/scss/_layer.scss 8:1                       @use
  packages/styles/scss/components/popover/_popover.scss 9:1  @forward
  packages/styles/scss/components/popover/_index.scss 8:1    @use
  packages/styles/scss/components/tooltip/_tooltip.scss 8:1  @use
  stdin 2:1                                                  root stylesheet]
    at expect (/Users/chrisvelgersdyk/Desktop/carbon-coverall/carbon-coverall-poc/node_modules/expect/build/index.js:128:15)
    at Object.expect (/Users/chrisvelgersdyk/Desktop/carbon-coverall/carbon-coverall-poc/packages/styles/__tests__/styles-test.js:24:13)
    at Promise.then.completed (/Users/chrisvelgersdyk/Desktop/carbon-coverall/carbon-coverall-poc/node_modules/jest-circus/build/utils.js:333:28)
    at new Promise (&lt;anonymous&gt;)
    at callAsyncCircusFn (/Users/chrisvelgersdyk/Desktop/carbon-coverall/carbon-coverall-poc/node_modules/jest-circus/build/utils.js:259:10)
    at _callCircusTest (/Users/chrisvelgersdyk/Desktop/carbon-coverall/carbon-coverall-poc/node_modules/jest-circus/build/run.js:276:40)
    at processTicksAndRejections (node:internal/process/task_queues:95:5)
    at _runTest (/Users/chrisvelgersdyk/Desktop/carbon-coverall/carbon-coverall-poc/node_modules/jest-circus/build/run.js:208:3)
    at _runTestsForDescribeBlock (/Users/chrisvelgersdyk/Desktop/carbon-coverall/carbon-coverall-poc/node_modules/jest-circus/build/run.js:96:9)
    at _runTestsForDescribeBlock (/Users/chrisvelgersdyk/Desktop/carbon-coverall/carbon-coverall-poc/node_modules/jest-circus/build/run.js:90:9)</failure>
    </testcase>
    <testcase classname="@carbon/styles scss/components/treeview/_index.scss should be importable" name="@carbon/styles scss/components/treeview/_index.scss should be importable" time="0.009">
      <failure>Error: expect(received).resolves.toBeDefined()

Received promise rejected instead of resolved
Rejected to value: [Error: Can&apos;t find stylesheet to import.
  ╷
8 │ @forward &apos;./generated/fluid-spacing&apos;;
  │ ^^^^^^^^^^^^^^^^^^^^^^^^^^^^^^^^^^^^
  ╵
  node_modules/@carbon/layout/scss/_spacing.scss 8:1           @forward
  packages/styles/scss/_spacing.scss 8:1                       @use
  packages/styles/scss/components/form/_form.scss 9:1          @forward
  packages/styles/scss/components/form/_index.scss 8:1         @use
  packages/styles/scss/components/treeview/_treeview.scss 8:1  @forward
  packages/styles/scss/components/treeview/_index.scss 8:1     @use
  stdin 2:1                                                    root stylesheet]
    at expect (/Users/chrisvelgersdyk/Desktop/carbon-coverall/carbon-coverall-poc/node_modules/expect/build/index.js:128:15)
    at Object.expect (/Users/chrisvelgersdyk/Desktop/carbon-coverall/carbon-coverall-poc/packages/styles/__tests__/styles-test.js:24:13)
    at Promise.then.completed (/Users/chrisvelgersdyk/Desktop/carbon-coverall/carbon-coverall-poc/node_modules/jest-circus/build/utils.js:333:28)
    at new Promise (&lt;anonymous&gt;)
    at callAsyncCircusFn (/Users/chrisvelgersdyk/Desktop/carbon-coverall/carbon-coverall-poc/node_modules/jest-circus/build/utils.js:259:10)
    at _callCircusTest (/Users/chrisvelgersdyk/Desktop/carbon-coverall/carbon-coverall-poc/node_modules/jest-circus/build/run.js:276:40)
    at processTicksAndRejections (node:internal/process/task_queues:95:5)
    at _runTest (/Users/chrisvelgersdyk/Desktop/carbon-coverall/carbon-coverall-poc/node_modules/jest-circus/build/run.js:208:3)
    at _runTestsForDescribeBlock (/Users/chrisvelgersdyk/Desktop/carbon-coverall/carbon-coverall-poc/node_modules/jest-circus/build/run.js:96:9)
    at _runTestsForDescribeBlock (/Users/chrisvelgersdyk/Desktop/carbon-coverall/carbon-coverall-poc/node_modules/jest-circus/build/run.js:90:9)</failure>
    </testcase>
    <testcase classname="@carbon/styles scss/components/treeview/_treeview.scss should be importable" name="@carbon/styles scss/components/treeview/_treeview.scss should be importable" time="0.008">
      <failure>Error: expect(received).resolves.toBeDefined()

Received promise rejected instead of resolved
Rejected to value: [Error: Can&apos;t find stylesheet to import.
  ╷
8 │ @forward &apos;./generated/fluid-spacing&apos;;
  │ ^^^^^^^^^^^^^^^^^^^^^^^^^^^^^^^^^^^^
  ╵
  node_modules/@carbon/layout/scss/_spacing.scss 8:1           @forward
  packages/styles/scss/_spacing.scss 8:1                       @use
  packages/styles/scss/components/form/_form.scss 9:1          @forward
  packages/styles/scss/components/form/_index.scss 8:1         @use
  packages/styles/scss/components/treeview/_treeview.scss 8:1  @use
  stdin 2:1                                                    root stylesheet]
    at expect (/Users/chrisvelgersdyk/Desktop/carbon-coverall/carbon-coverall-poc/node_modules/expect/build/index.js:128:15)
    at Object.expect (/Users/chrisvelgersdyk/Desktop/carbon-coverall/carbon-coverall-poc/packages/styles/__tests__/styles-test.js:24:13)
    at Promise.then.completed (/Users/chrisvelgersdyk/Desktop/carbon-coverall/carbon-coverall-poc/node_modules/jest-circus/build/utils.js:333:28)
    at new Promise (&lt;anonymous&gt;)
    at callAsyncCircusFn (/Users/chrisvelgersdyk/Desktop/carbon-coverall/carbon-coverall-poc/node_modules/jest-circus/build/utils.js:259:10)
    at _callCircusTest (/Users/chrisvelgersdyk/Desktop/carbon-coverall/carbon-coverall-poc/node_modules/jest-circus/build/run.js:276:40)
    at processTicksAndRejections (node:internal/process/task_queues:95:5)
    at _runTest (/Users/chrisvelgersdyk/Desktop/carbon-coverall/carbon-coverall-poc/node_modules/jest-circus/build/run.js:208:3)
    at _runTestsForDescribeBlock (/Users/chrisvelgersdyk/Desktop/carbon-coverall/carbon-coverall-poc/node_modules/jest-circus/build/run.js:96:9)
    at _runTestsForDescribeBlock (/Users/chrisvelgersdyk/Desktop/carbon-coverall/carbon-coverall-poc/node_modules/jest-circus/build/run.js:90:9)</failure>
    </testcase>
    <testcase classname="@carbon/styles scss/components/ui-shell/_index.scss should be importable" name="@carbon/styles scss/components/ui-shell/_index.scss should be importable" time="0.005">
      <failure>Error: expect(received).resolves.toBeDefined()

Received promise rejected instead of resolved
Rejected to value: [Error: Can&apos;t find stylesheet to import.
  ╷
8 │ @forward &apos;generated/themes&apos;;
  │ ^^^^^^^^^^^^^^^^^^^^^^^^^^^
  ╵
  node_modules/@carbon/themes/scss/compat/_themes.scss 8:1             @use
  packages/styles/scss/compat/_themes.scss 9:1                         @use
  packages/styles/scss/theme/_theme.scss 12:1                          @forward
  packages/styles/scss/_theme.scss 8:1                                 @use
  packages/styles/scss/components/ui-shell/content/_content.scss 10:1  @forward
  packages/styles/scss/components/ui-shell/content/_index.scss 8:1     @use
  packages/styles/scss/components/ui-shell/_ui-shell.scss 8:1          @forward
  packages/styles/scss/components/ui-shell/_index.scss 8:1             @use
  stdin 2:1                                                            root stylesheet]
    at expect (/Users/chrisvelgersdyk/Desktop/carbon-coverall/carbon-coverall-poc/node_modules/expect/build/index.js:128:15)
    at Object.expect (/Users/chrisvelgersdyk/Desktop/carbon-coverall/carbon-coverall-poc/packages/styles/__tests__/styles-test.js:24:13)
    at Promise.then.completed (/Users/chrisvelgersdyk/Desktop/carbon-coverall/carbon-coverall-poc/node_modules/jest-circus/build/utils.js:333:28)
    at new Promise (&lt;anonymous&gt;)
    at callAsyncCircusFn (/Users/chrisvelgersdyk/Desktop/carbon-coverall/carbon-coverall-poc/node_modules/jest-circus/build/utils.js:259:10)
    at _callCircusTest (/Users/chrisvelgersdyk/Desktop/carbon-coverall/carbon-coverall-poc/node_modules/jest-circus/build/run.js:276:40)
    at processTicksAndRejections (node:internal/process/task_queues:95:5)
    at _runTest (/Users/chrisvelgersdyk/Desktop/carbon-coverall/carbon-coverall-poc/node_modules/jest-circus/build/run.js:208:3)
    at _runTestsForDescribeBlock (/Users/chrisvelgersdyk/Desktop/carbon-coverall/carbon-coverall-poc/node_modules/jest-circus/build/run.js:96:9)
    at _runTestsForDescribeBlock (/Users/chrisvelgersdyk/Desktop/carbon-coverall/carbon-coverall-poc/node_modules/jest-circus/build/run.js:90:9)</failure>
    </testcase>
    <testcase classname="@carbon/styles scss/components/ui-shell/_ui-shell.scss should be importable" name="@carbon/styles scss/components/ui-shell/_ui-shell.scss should be importable" time="0.014">
      <failure>Error: expect(received).resolves.toBeDefined()

Received promise rejected instead of resolved
Rejected to value: [Error: Can&apos;t find stylesheet to import.
  ╷
8 │ @forward &apos;generated/themes&apos;;
  │ ^^^^^^^^^^^^^^^^^^^^^^^^^^^
  ╵
  node_modules/@carbon/themes/scss/compat/_themes.scss 8:1             @use
  packages/styles/scss/compat/_themes.scss 9:1                         @use
  packages/styles/scss/theme/_theme.scss 12:1                          @forward
  packages/styles/scss/_theme.scss 8:1                                 @use
  packages/styles/scss/components/ui-shell/content/_content.scss 10:1  @forward
  packages/styles/scss/components/ui-shell/content/_index.scss 8:1     @use
  packages/styles/scss/components/ui-shell/_ui-shell.scss 8:1          @use
  stdin 2:1                                                            root stylesheet]
    at expect (/Users/chrisvelgersdyk/Desktop/carbon-coverall/carbon-coverall-poc/node_modules/expect/build/index.js:128:15)
    at Object.expect (/Users/chrisvelgersdyk/Desktop/carbon-coverall/carbon-coverall-poc/packages/styles/__tests__/styles-test.js:24:13)
    at Promise.then.completed (/Users/chrisvelgersdyk/Desktop/carbon-coverall/carbon-coverall-poc/node_modules/jest-circus/build/utils.js:333:28)
    at new Promise (&lt;anonymous&gt;)
    at callAsyncCircusFn (/Users/chrisvelgersdyk/Desktop/carbon-coverall/carbon-coverall-poc/node_modules/jest-circus/build/utils.js:259:10)
    at _callCircusTest (/Users/chrisvelgersdyk/Desktop/carbon-coverall/carbon-coverall-poc/node_modules/jest-circus/build/run.js:276:40)
    at processTicksAndRejections (node:internal/process/task_queues:95:5)
    at _runTest (/Users/chrisvelgersdyk/Desktop/carbon-coverall/carbon-coverall-poc/node_modules/jest-circus/build/run.js:208:3)
    at _runTestsForDescribeBlock (/Users/chrisvelgersdyk/Desktop/carbon-coverall/carbon-coverall-poc/node_modules/jest-circus/build/run.js:96:9)
    at _runTestsForDescribeBlock (/Users/chrisvelgersdyk/Desktop/carbon-coverall/carbon-coverall-poc/node_modules/jest-circus/build/run.js:90:9)</failure>
    </testcase>
    <testcase classname="@carbon/styles scss/components/ui-shell/content/_content.scss should be importable" name="@carbon/styles scss/components/ui-shell/content/_content.scss should be importable" time="0.004">
      <failure>Error: expect(received).resolves.toBeDefined()

Received promise rejected instead of resolved
Rejected to value: [Error: Can&apos;t find stylesheet to import.
  ╷
8 │ @forward &apos;generated/themes&apos;;
  │ ^^^^^^^^^^^^^^^^^^^^^^^^^^^
  ╵
  node_modules/@carbon/themes/scss/compat/_themes.scss 8:1             @use
  packages/styles/scss/compat/_themes.scss 9:1                         @use
  packages/styles/scss/theme/_theme.scss 12:1                          @forward
  packages/styles/scss/_theme.scss 8:1                                 @use
  packages/styles/scss/components/ui-shell/content/_content.scss 10:1  @use
  stdin 2:1                                                            root stylesheet]
    at expect (/Users/chrisvelgersdyk/Desktop/carbon-coverall/carbon-coverall-poc/node_modules/expect/build/index.js:128:15)
    at Object.expect (/Users/chrisvelgersdyk/Desktop/carbon-coverall/carbon-coverall-poc/packages/styles/__tests__/styles-test.js:24:13)
    at Promise.then.completed (/Users/chrisvelgersdyk/Desktop/carbon-coverall/carbon-coverall-poc/node_modules/jest-circus/build/utils.js:333:28)
    at new Promise (&lt;anonymous&gt;)
    at callAsyncCircusFn (/Users/chrisvelgersdyk/Desktop/carbon-coverall/carbon-coverall-poc/node_modules/jest-circus/build/utils.js:259:10)
    at _callCircusTest (/Users/chrisvelgersdyk/Desktop/carbon-coverall/carbon-coverall-poc/node_modules/jest-circus/build/run.js:276:40)
    at processTicksAndRejections (node:internal/process/task_queues:95:5)
    at _runTest (/Users/chrisvelgersdyk/Desktop/carbon-coverall/carbon-coverall-poc/node_modules/jest-circus/build/run.js:208:3)
    at _runTestsForDescribeBlock (/Users/chrisvelgersdyk/Desktop/carbon-coverall/carbon-coverall-poc/node_modules/jest-circus/build/run.js:96:9)
    at _runTestsForDescribeBlock (/Users/chrisvelgersdyk/Desktop/carbon-coverall/carbon-coverall-poc/node_modules/jest-circus/build/run.js:90:9)</failure>
    </testcase>
    <testcase classname="@carbon/styles scss/components/ui-shell/content/_index.scss should be importable" name="@carbon/styles scss/components/ui-shell/content/_index.scss should be importable" time="0.004">
      <failure>Error: expect(received).resolves.toBeDefined()

Received promise rejected instead of resolved
Rejected to value: [Error: Can&apos;t find stylesheet to import.
  ╷
8 │ @forward &apos;generated/themes&apos;;
  │ ^^^^^^^^^^^^^^^^^^^^^^^^^^^
  ╵
  node_modules/@carbon/themes/scss/compat/_themes.scss 8:1             @use
  packages/styles/scss/compat/_themes.scss 9:1                         @use
  packages/styles/scss/theme/_theme.scss 12:1                          @forward
  packages/styles/scss/_theme.scss 8:1                                 @use
  packages/styles/scss/components/ui-shell/content/_content.scss 10:1  @forward
  packages/styles/scss/components/ui-shell/content/_index.scss 8:1     @use
  stdin 2:1                                                            root stylesheet]
    at expect (/Users/chrisvelgersdyk/Desktop/carbon-coverall/carbon-coverall-poc/node_modules/expect/build/index.js:128:15)
    at Object.expect (/Users/chrisvelgersdyk/Desktop/carbon-coverall/carbon-coverall-poc/packages/styles/__tests__/styles-test.js:24:13)
    at Promise.then.completed (/Users/chrisvelgersdyk/Desktop/carbon-coverall/carbon-coverall-poc/node_modules/jest-circus/build/utils.js:333:28)
    at new Promise (&lt;anonymous&gt;)
    at callAsyncCircusFn (/Users/chrisvelgersdyk/Desktop/carbon-coverall/carbon-coverall-poc/node_modules/jest-circus/build/utils.js:259:10)
    at _callCircusTest (/Users/chrisvelgersdyk/Desktop/carbon-coverall/carbon-coverall-poc/node_modules/jest-circus/build/run.js:276:40)
    at processTicksAndRejections (node:internal/process/task_queues:95:5)
    at _runTest (/Users/chrisvelgersdyk/Desktop/carbon-coverall/carbon-coverall-poc/node_modules/jest-circus/build/run.js:208:3)
    at _runTestsForDescribeBlock (/Users/chrisvelgersdyk/Desktop/carbon-coverall/carbon-coverall-poc/node_modules/jest-circus/build/run.js:96:9)
    at _runTestsForDescribeBlock (/Users/chrisvelgersdyk/Desktop/carbon-coverall/carbon-coverall-poc/node_modules/jest-circus/build/run.js:90:9)</failure>
    </testcase>
    <testcase classname="@carbon/styles scss/components/ui-shell/header/_header.scss should be importable" name="@carbon/styles scss/components/ui-shell/header/_header.scss should be importable" time="0.055">
      <failure>Error: expect(received).resolves.toBeDefined()

Received promise rejected instead of resolved
Rejected to value: [Error: Can&apos;t find stylesheet to import.
  ╷
8 │ @forward &apos;./generated/fluid-spacing&apos;;
  │ ^^^^^^^^^^^^^^^^^^^^^^^^^^^^^^^^^^^^
  ╵
  node_modules/@carbon/layout/scss/_spacing.scss 8:1                @forward
  packages/styles/scss/_spacing.scss 8:1                            @use
  packages/styles/scss/components/button/_vars.scss 8:1             @forward
  packages/styles/scss/components/button/_index.scss 8:1            @use
  packages/styles/scss/components/ui-shell/header/_header.scss 8:1  @use
  stdin 2:1                                                         root stylesheet]
    at expect (/Users/chrisvelgersdyk/Desktop/carbon-coverall/carbon-coverall-poc/node_modules/expect/build/index.js:128:15)
    at Object.expect (/Users/chrisvelgersdyk/Desktop/carbon-coverall/carbon-coverall-poc/packages/styles/__tests__/styles-test.js:24:13)
    at Promise.then.completed (/Users/chrisvelgersdyk/Desktop/carbon-coverall/carbon-coverall-poc/node_modules/jest-circus/build/utils.js:333:28)
    at new Promise (&lt;anonymous&gt;)
    at callAsyncCircusFn (/Users/chrisvelgersdyk/Desktop/carbon-coverall/carbon-coverall-poc/node_modules/jest-circus/build/utils.js:259:10)
    at _callCircusTest (/Users/chrisvelgersdyk/Desktop/carbon-coverall/carbon-coverall-poc/node_modules/jest-circus/build/run.js:276:40)
    at processTicksAndRejections (node:internal/process/task_queues:95:5)
    at _runTest (/Users/chrisvelgersdyk/Desktop/carbon-coverall/carbon-coverall-poc/node_modules/jest-circus/build/run.js:208:3)
    at _runTestsForDescribeBlock (/Users/chrisvelgersdyk/Desktop/carbon-coverall/carbon-coverall-poc/node_modules/jest-circus/build/run.js:96:9)
    at _runTestsForDescribeBlock (/Users/chrisvelgersdyk/Desktop/carbon-coverall/carbon-coverall-poc/node_modules/jest-circus/build/run.js:90:9)</failure>
    </testcase>
    <testcase classname="@carbon/styles scss/components/ui-shell/header/_index.scss should be importable" name="@carbon/styles scss/components/ui-shell/header/_index.scss should be importable" time="0.005">
      <failure>Error: expect(received).resolves.toBeDefined()

Received promise rejected instead of resolved
Rejected to value: [Error: Can&apos;t find stylesheet to import.
  ╷
8 │ @forward &apos;./generated/fluid-spacing&apos;;
  │ ^^^^^^^^^^^^^^^^^^^^^^^^^^^^^^^^^^^^
  ╵
  node_modules/@carbon/layout/scss/_spacing.scss 8:1                @forward
  packages/styles/scss/_spacing.scss 8:1                            @use
  packages/styles/scss/components/button/_vars.scss 8:1             @forward
  packages/styles/scss/components/button/_index.scss 8:1            @use
  packages/styles/scss/components/ui-shell/header/_header.scss 8:1  @forward
  packages/styles/scss/components/ui-shell/header/_index.scss 8:1   @use
  stdin 2:1                                                         root stylesheet]
    at expect (/Users/chrisvelgersdyk/Desktop/carbon-coverall/carbon-coverall-poc/node_modules/expect/build/index.js:128:15)
    at Object.expect (/Users/chrisvelgersdyk/Desktop/carbon-coverall/carbon-coverall-poc/packages/styles/__tests__/styles-test.js:24:13)
    at Promise.then.completed (/Users/chrisvelgersdyk/Desktop/carbon-coverall/carbon-coverall-poc/node_modules/jest-circus/build/utils.js:333:28)
    at new Promise (&lt;anonymous&gt;)
    at callAsyncCircusFn (/Users/chrisvelgersdyk/Desktop/carbon-coverall/carbon-coverall-poc/node_modules/jest-circus/build/utils.js:259:10)
    at _callCircusTest (/Users/chrisvelgersdyk/Desktop/carbon-coverall/carbon-coverall-poc/node_modules/jest-circus/build/run.js:276:40)
    at processTicksAndRejections (node:internal/process/task_queues:95:5)
    at _runTest (/Users/chrisvelgersdyk/Desktop/carbon-coverall/carbon-coverall-poc/node_modules/jest-circus/build/run.js:208:3)
    at _runTestsForDescribeBlock (/Users/chrisvelgersdyk/Desktop/carbon-coverall/carbon-coverall-poc/node_modules/jest-circus/build/run.js:96:9)
    at _runTestsForDescribeBlock (/Users/chrisvelgersdyk/Desktop/carbon-coverall/carbon-coverall-poc/node_modules/jest-circus/build/run.js:90:9)</failure>
    </testcase>
    <testcase classname="@carbon/styles scss/components/ui-shell/header-panel/_header-panel.scss should be importable" name="@carbon/styles scss/components/ui-shell/header-panel/_header-panel.scss should be importable" time="0.012">
      <failure>Error: expect(received).resolves.toBeDefined()

Received promise rejected instead of resolved
Rejected to value: [Error: Can&apos;t find stylesheet to import.
  ╷
8 │ @forward &apos;generated/themes&apos;;
  │ ^^^^^^^^^^^^^^^^^^^^^^^^^^^
  ╵
  node_modules/@carbon/themes/scss/compat/_themes.scss 8:1                       @use
  packages/styles/scss/compat/_themes.scss 9:1                                   @use
  packages/styles/scss/theme/_theme.scss 12:1                                    @use
  packages/styles/scss/layer/_layer-sets.scss 9:1                                @forward
  packages/styles/scss/_layer.scss 8:1                                           @use
  packages/styles/scss/components/ui-shell/header-panel/_header-panel.scss 10:1  @use
  stdin 2:1                                                                      root stylesheet]
    at expect (/Users/chrisvelgersdyk/Desktop/carbon-coverall/carbon-coverall-poc/node_modules/expect/build/index.js:128:15)
    at Object.expect (/Users/chrisvelgersdyk/Desktop/carbon-coverall/carbon-coverall-poc/packages/styles/__tests__/styles-test.js:24:13)
    at Promise.then.completed (/Users/chrisvelgersdyk/Desktop/carbon-coverall/carbon-coverall-poc/node_modules/jest-circus/build/utils.js:333:28)
    at new Promise (&lt;anonymous&gt;)
    at callAsyncCircusFn (/Users/chrisvelgersdyk/Desktop/carbon-coverall/carbon-coverall-poc/node_modules/jest-circus/build/utils.js:259:10)
    at _callCircusTest (/Users/chrisvelgersdyk/Desktop/carbon-coverall/carbon-coverall-poc/node_modules/jest-circus/build/run.js:276:40)
    at processTicksAndRejections (node:internal/process/task_queues:95:5)
    at _runTest (/Users/chrisvelgersdyk/Desktop/carbon-coverall/carbon-coverall-poc/node_modules/jest-circus/build/run.js:208:3)
    at _runTestsForDescribeBlock (/Users/chrisvelgersdyk/Desktop/carbon-coverall/carbon-coverall-poc/node_modules/jest-circus/build/run.js:96:9)
    at _runTestsForDescribeBlock (/Users/chrisvelgersdyk/Desktop/carbon-coverall/carbon-coverall-poc/node_modules/jest-circus/build/run.js:90:9)</failure>
    </testcase>
    <testcase classname="@carbon/styles scss/components/ui-shell/header-panel/_index.scss should be importable" name="@carbon/styles scss/components/ui-shell/header-panel/_index.scss should be importable" time="0.021">
      <failure>Error: expect(received).resolves.toBeDefined()

Received promise rejected instead of resolved
Rejected to value: [Error: Can&apos;t find stylesheet to import.
  ╷
8 │ @forward &apos;generated/themes&apos;;
  │ ^^^^^^^^^^^^^^^^^^^^^^^^^^^
  ╵
  node_modules/@carbon/themes/scss/compat/_themes.scss 8:1                       @use
  packages/styles/scss/compat/_themes.scss 9:1                                   @use
  packages/styles/scss/theme/_theme.scss 12:1                                    @use
  packages/styles/scss/layer/_layer-sets.scss 9:1                                @forward
  packages/styles/scss/_layer.scss 8:1                                           @use
  packages/styles/scss/components/ui-shell/header-panel/_header-panel.scss 10:1  @forward
  packages/styles/scss/components/ui-shell/header-panel/_index.scss 8:1          @use
  stdin 2:1                                                                      root stylesheet]
    at expect (/Users/chrisvelgersdyk/Desktop/carbon-coverall/carbon-coverall-poc/node_modules/expect/build/index.js:128:15)
    at Object.expect (/Users/chrisvelgersdyk/Desktop/carbon-coverall/carbon-coverall-poc/packages/styles/__tests__/styles-test.js:24:13)
    at Promise.then.completed (/Users/chrisvelgersdyk/Desktop/carbon-coverall/carbon-coverall-poc/node_modules/jest-circus/build/utils.js:333:28)
    at new Promise (&lt;anonymous&gt;)
    at callAsyncCircusFn (/Users/chrisvelgersdyk/Desktop/carbon-coverall/carbon-coverall-poc/node_modules/jest-circus/build/utils.js:259:10)
    at _callCircusTest (/Users/chrisvelgersdyk/Desktop/carbon-coverall/carbon-coverall-poc/node_modules/jest-circus/build/run.js:276:40)
    at processTicksAndRejections (node:internal/process/task_queues:95:5)
    at _runTest (/Users/chrisvelgersdyk/Desktop/carbon-coverall/carbon-coverall-poc/node_modules/jest-circus/build/run.js:208:3)
    at _runTestsForDescribeBlock (/Users/chrisvelgersdyk/Desktop/carbon-coverall/carbon-coverall-poc/node_modules/jest-circus/build/run.js:96:9)
    at _runTestsForDescribeBlock (/Users/chrisvelgersdyk/Desktop/carbon-coverall/carbon-coverall-poc/node_modules/jest-circus/build/run.js:90:9)</failure>
    </testcase>
    <testcase classname="@carbon/styles scss/components/ui-shell/side-nav/_index.scss should be importable" name="@carbon/styles scss/components/ui-shell/side-nav/_index.scss should be importable" time="0.039">
      <failure>Error: expect(received).resolves.toBeDefined()

Received promise rejected instead of resolved
Rejected to value: [Error: Can&apos;t find stylesheet to import.
  ╷
8 │ @forward &apos;generated/themes&apos;;
  │ ^^^^^^^^^^^^^^^^^^^^^^^^^^^
  ╵
  node_modules/@carbon/themes/scss/compat/_themes.scss 8:1               @use
  packages/styles/scss/compat/_themes.scss 9:1                           @use
  packages/styles/scss/theme/_theme.scss 12:1                            @use
  packages/styles/scss/layer/_layer-sets.scss 9:1                        @forward
  packages/styles/scss/_layer.scss 8:1                                   @use
  packages/styles/scss/components/ui-shell/side-nav/_side-nav.scss 12:1  @forward
  packages/styles/scss/components/ui-shell/side-nav/_index.scss 8:1      @use
  stdin 2:1                                                              root stylesheet]
    at expect (/Users/chrisvelgersdyk/Desktop/carbon-coverall/carbon-coverall-poc/node_modules/expect/build/index.js:128:15)
    at Object.expect (/Users/chrisvelgersdyk/Desktop/carbon-coverall/carbon-coverall-poc/packages/styles/__tests__/styles-test.js:24:13)
    at Promise.then.completed (/Users/chrisvelgersdyk/Desktop/carbon-coverall/carbon-coverall-poc/node_modules/jest-circus/build/utils.js:333:28)
    at new Promise (&lt;anonymous&gt;)
    at callAsyncCircusFn (/Users/chrisvelgersdyk/Desktop/carbon-coverall/carbon-coverall-poc/node_modules/jest-circus/build/utils.js:259:10)
    at _callCircusTest (/Users/chrisvelgersdyk/Desktop/carbon-coverall/carbon-coverall-poc/node_modules/jest-circus/build/run.js:276:40)
    at processTicksAndRejections (node:internal/process/task_queues:95:5)
    at _runTest (/Users/chrisvelgersdyk/Desktop/carbon-coverall/carbon-coverall-poc/node_modules/jest-circus/build/run.js:208:3)
    at _runTestsForDescribeBlock (/Users/chrisvelgersdyk/Desktop/carbon-coverall/carbon-coverall-poc/node_modules/jest-circus/build/run.js:96:9)
    at _runTestsForDescribeBlock (/Users/chrisvelgersdyk/Desktop/carbon-coverall/carbon-coverall-poc/node_modules/jest-circus/build/run.js:90:9)</failure>
    </testcase>
    <testcase classname="@carbon/styles scss/components/ui-shell/side-nav/_side-nav.scss should be importable" name="@carbon/styles scss/components/ui-shell/side-nav/_side-nav.scss should be importable" time="0.025">
      <failure>Error: expect(received).resolves.toBeDefined()

Received promise rejected instead of resolved
Rejected to value: [Error: Can&apos;t find stylesheet to import.
  ╷
8 │ @forward &apos;generated/themes&apos;;
  │ ^^^^^^^^^^^^^^^^^^^^^^^^^^^
  ╵
  node_modules/@carbon/themes/scss/compat/_themes.scss 8:1               @use
  packages/styles/scss/compat/_themes.scss 9:1                           @use
  packages/styles/scss/theme/_theme.scss 12:1                            @use
  packages/styles/scss/layer/_layer-sets.scss 9:1                        @forward
  packages/styles/scss/_layer.scss 8:1                                   @use
  packages/styles/scss/components/ui-shell/side-nav/_side-nav.scss 12:1  @use
  stdin 2:1                                                              root stylesheet]
    at expect (/Users/chrisvelgersdyk/Desktop/carbon-coverall/carbon-coverall-poc/node_modules/expect/build/index.js:128:15)
    at Object.expect (/Users/chrisvelgersdyk/Desktop/carbon-coverall/carbon-coverall-poc/packages/styles/__tests__/styles-test.js:24:13)
    at Promise.then.completed (/Users/chrisvelgersdyk/Desktop/carbon-coverall/carbon-coverall-poc/node_modules/jest-circus/build/utils.js:333:28)
    at new Promise (&lt;anonymous&gt;)
    at callAsyncCircusFn (/Users/chrisvelgersdyk/Desktop/carbon-coverall/carbon-coverall-poc/node_modules/jest-circus/build/utils.js:259:10)
    at _callCircusTest (/Users/chrisvelgersdyk/Desktop/carbon-coverall/carbon-coverall-poc/node_modules/jest-circus/build/run.js:276:40)
    at processTicksAndRejections (node:internal/process/task_queues:95:5)
    at _runTest (/Users/chrisvelgersdyk/Desktop/carbon-coverall/carbon-coverall-poc/node_modules/jest-circus/build/run.js:208:3)
    at _runTestsForDescribeBlock (/Users/chrisvelgersdyk/Desktop/carbon-coverall/carbon-coverall-poc/node_modules/jest-circus/build/run.js:96:9)
    at _runTestsForDescribeBlock (/Users/chrisvelgersdyk/Desktop/carbon-coverall/carbon-coverall-poc/node_modules/jest-circus/build/run.js:90:9)</failure>
    </testcase>
    <testcase classname="@carbon/styles scss/components/ui-shell/switcher/_index.scss should be importable" name="@carbon/styles scss/components/ui-shell/switcher/_index.scss should be importable" time="0.004">
      <failure>Error: expect(received).resolves.toBeDefined()

Received promise rejected instead of resolved
Rejected to value: [Error: Can&apos;t find stylesheet to import.
  ╷
8 │ @forward &apos;./generated/fluid-spacing&apos;;
  │ ^^^^^^^^^^^^^^^^^^^^^^^^^^^^^^^^^^^^
  ╵
  node_modules/@carbon/layout/scss/_spacing.scss 8:1                    @forward
  packages/styles/scss/_spacing.scss 8:1                                @use
  packages/styles/scss/components/ui-shell/switcher/_switcher.scss 9:1  @forward
  packages/styles/scss/components/ui-shell/switcher/_index.scss 8:1     @use
  stdin 2:1                                                             root stylesheet]
    at expect (/Users/chrisvelgersdyk/Desktop/carbon-coverall/carbon-coverall-poc/node_modules/expect/build/index.js:128:15)
    at Object.expect (/Users/chrisvelgersdyk/Desktop/carbon-coverall/carbon-coverall-poc/packages/styles/__tests__/styles-test.js:24:13)
    at Promise.then.completed (/Users/chrisvelgersdyk/Desktop/carbon-coverall/carbon-coverall-poc/node_modules/jest-circus/build/utils.js:333:28)
    at new Promise (&lt;anonymous&gt;)
    at callAsyncCircusFn (/Users/chrisvelgersdyk/Desktop/carbon-coverall/carbon-coverall-poc/node_modules/jest-circus/build/utils.js:259:10)
    at _callCircusTest (/Users/chrisvelgersdyk/Desktop/carbon-coverall/carbon-coverall-poc/node_modules/jest-circus/build/run.js:276:40)
    at processTicksAndRejections (node:internal/process/task_queues:95:5)
    at _runTest (/Users/chrisvelgersdyk/Desktop/carbon-coverall/carbon-coverall-poc/node_modules/jest-circus/build/run.js:208:3)
    at _runTestsForDescribeBlock (/Users/chrisvelgersdyk/Desktop/carbon-coverall/carbon-coverall-poc/node_modules/jest-circus/build/run.js:96:9)
    at _runTestsForDescribeBlock (/Users/chrisvelgersdyk/Desktop/carbon-coverall/carbon-coverall-poc/node_modules/jest-circus/build/run.js:90:9)</failure>
    </testcase>
    <testcase classname="@carbon/styles scss/components/ui-shell/switcher/_switcher.scss should be importable" name="@carbon/styles scss/components/ui-shell/switcher/_switcher.scss should be importable" time="0.003">
      <failure>Error: expect(received).resolves.toBeDefined()

Received promise rejected instead of resolved
Rejected to value: [Error: Can&apos;t find stylesheet to import.
  ╷
8 │ @forward &apos;./generated/fluid-spacing&apos;;
  │ ^^^^^^^^^^^^^^^^^^^^^^^^^^^^^^^^^^^^
  ╵
  node_modules/@carbon/layout/scss/_spacing.scss 8:1                    @forward
  packages/styles/scss/_spacing.scss 8:1                                @use
  packages/styles/scss/components/ui-shell/switcher/_switcher.scss 9:1  @use
  stdin 2:1                                                             root stylesheet]
    at expect (/Users/chrisvelgersdyk/Desktop/carbon-coverall/carbon-coverall-poc/node_modules/expect/build/index.js:128:15)
    at Object.expect (/Users/chrisvelgersdyk/Desktop/carbon-coverall/carbon-coverall-poc/packages/styles/__tests__/styles-test.js:24:13)
    at Promise.then.completed (/Users/chrisvelgersdyk/Desktop/carbon-coverall/carbon-coverall-poc/node_modules/jest-circus/build/utils.js:333:28)
    at new Promise (&lt;anonymous&gt;)
    at callAsyncCircusFn (/Users/chrisvelgersdyk/Desktop/carbon-coverall/carbon-coverall-poc/node_modules/jest-circus/build/utils.js:259:10)
    at _callCircusTest (/Users/chrisvelgersdyk/Desktop/carbon-coverall/carbon-coverall-poc/node_modules/jest-circus/build/run.js:276:40)
    at processTicksAndRejections (node:internal/process/task_queues:95:5)
    at _runTest (/Users/chrisvelgersdyk/Desktop/carbon-coverall/carbon-coverall-poc/node_modules/jest-circus/build/run.js:208:3)
    at _runTestsForDescribeBlock (/Users/chrisvelgersdyk/Desktop/carbon-coverall/carbon-coverall-poc/node_modules/jest-circus/build/run.js:96:9)
    at _runTestsForDescribeBlock (/Users/chrisvelgersdyk/Desktop/carbon-coverall/carbon-coverall-poc/node_modules/jest-circus/build/run.js:90:9)</failure>
    </testcase>
    <testcase classname="@carbon/styles scss/fonts/_index.scss should be importable" name="@carbon/styles scss/fonts/_index.scss should be importable" time="0.136">
    </testcase>
    <testcase classname="@carbon/styles scss/fonts/_mono.scss should be importable" name="@carbon/styles scss/fonts/_mono.scss should be importable" time="0.009">
    </testcase>
    <testcase classname="@carbon/styles scss/fonts/_sans-arabic.scss should be importable" name="@carbon/styles scss/fonts/_sans-arabic.scss should be importable" time="0.004">
    </testcase>
    <testcase classname="@carbon/styles scss/fonts/_sans-devanagari.scss should be importable" name="@carbon/styles scss/fonts/_sans-devanagari.scss should be importable" time="0.019">
    </testcase>
    <testcase classname="@carbon/styles scss/fonts/_sans-hebrew.scss should be importable" name="@carbon/styles scss/fonts/_sans-hebrew.scss should be importable" time="0.005">
    </testcase>
    <testcase classname="@carbon/styles scss/fonts/_sans-thai-looped.scss should be importable" name="@carbon/styles scss/fonts/_sans-thai-looped.scss should be importable" time="0.01">
    </testcase>
    <testcase classname="@carbon/styles scss/fonts/_sans-thai.scss should be importable" name="@carbon/styles scss/fonts/_sans-thai.scss should be importable" time="0.024">
    </testcase>
    <testcase classname="@carbon/styles scss/fonts/_sans.scss should be importable" name="@carbon/styles scss/fonts/_sans.scss should be importable" time="0.008">
    </testcase>
    <testcase classname="@carbon/styles scss/fonts/_serif.scss should be importable" name="@carbon/styles scss/fonts/_serif.scss should be importable" time="0.02">
    </testcase>
    <testcase classname="@carbon/styles scss/fonts/_src.scss should be importable" name="@carbon/styles scss/fonts/_src.scss should be importable" time="0.003">
    </testcase>
    <testcase classname="@carbon/styles scss/grid/_css-grid.scss should be importable" name="@carbon/styles scss/grid/_css-grid.scss should be importable" time="0.153">
    </testcase>
    <testcase classname="@carbon/styles scss/grid/_flexbox.scss should be importable" name="@carbon/styles scss/grid/_flexbox.scss should be importable" time="0.131">
    </testcase>
    <testcase classname="@carbon/styles scss/grid/_mixins.scss should be importable" name="@carbon/styles scss/grid/_mixins.scss should be importable" time="0.042">
    </testcase>
    <testcase classname="@carbon/styles scss/grid/_index.scss should be importable" name="@carbon/styles scss/grid/_index.scss should be importable" time="0.229">
    </testcase>
    <testcase classname="@carbon/styles scss/type/_index.scss should be importable" name="@carbon/styles scss/type/_index.scss should be importable" time="0.005">
      <failure>Error: expect(received).resolves.toBeDefined()

Received promise rejected instead of resolved
Rejected to value: [Error: Can&apos;t find stylesheet to import.
  ╷
9 │ @use &apos;scss/generated/feature-flags&apos;;
  │ ^^^^^^^^^^^^^^^^^^^^^^^^^^^^^^^^^^^
  ╵
  node_modules/@carbon/feature-flags/index.scss 9:1  @forward
  packages/styles/scss/_feature-flags.scss 8:1       @use
  packages/styles/scss/type/_index.scss 8:1          @use
  stdin 2:1                                          root stylesheet]
    at expect (/Users/chrisvelgersdyk/Desktop/carbon-coverall/carbon-coverall-poc/node_modules/expect/build/index.js:128:15)
    at Object.expect (/Users/chrisvelgersdyk/Desktop/carbon-coverall/carbon-coverall-poc/packages/styles/__tests__/styles-test.js:24:13)
    at Promise.then.completed (/Users/chrisvelgersdyk/Desktop/carbon-coverall/carbon-coverall-poc/node_modules/jest-circus/build/utils.js:333:28)
    at new Promise (&lt;anonymous&gt;)
    at callAsyncCircusFn (/Users/chrisvelgersdyk/Desktop/carbon-coverall/carbon-coverall-poc/node_modules/jest-circus/build/utils.js:259:10)
    at _callCircusTest (/Users/chrisvelgersdyk/Desktop/carbon-coverall/carbon-coverall-poc/node_modules/jest-circus/build/run.js:276:40)
    at processTicksAndRejections (node:internal/process/task_queues:95:5)
    at _runTest (/Users/chrisvelgersdyk/Desktop/carbon-coverall/carbon-coverall-poc/node_modules/jest-circus/build/run.js:208:3)
    at _runTestsForDescribeBlock (/Users/chrisvelgersdyk/Desktop/carbon-coverall/carbon-coverall-poc/node_modules/jest-circus/build/run.js:96:9)
    at _runTestsForDescribeBlock (/Users/chrisvelgersdyk/Desktop/carbon-coverall/carbon-coverall-poc/node_modules/jest-circus/build/run.js:90:9)</failure>
    </testcase>
    <testcase classname="@carbon/styles scss/type/_reset.scss should be importable" name="@carbon/styles scss/type/_reset.scss should be importable" time="0.002">
      <failure>Error: expect(received).resolves.toBeDefined()

Received promise rejected instead of resolved
Rejected to value: [Error: Can&apos;t find stylesheet to import.
  ╷
8 │ @forward &apos;./generated/fluid-spacing&apos;;
  │ ^^^^^^^^^^^^^^^^^^^^^^^^^^^^^^^^^^^^
  ╵
  node_modules/@carbon/layout/scss/_spacing.scss 8:1  @forward
  node_modules/@carbon/layout/index.scss 9:1          @use
  node_modules/@carbon/type/scss/_reset.scss 10:1     @forward
  packages/styles/scss/type/_reset.scss 8:1           @use
  stdin 2:1                                           root stylesheet]
    at expect (/Users/chrisvelgersdyk/Desktop/carbon-coverall/carbon-coverall-poc/node_modules/expect/build/index.js:128:15)
    at Object.expect (/Users/chrisvelgersdyk/Desktop/carbon-coverall/carbon-coverall-poc/packages/styles/__tests__/styles-test.js:24:13)
    at Promise.then.completed (/Users/chrisvelgersdyk/Desktop/carbon-coverall/carbon-coverall-poc/node_modules/jest-circus/build/utils.js:333:28)
    at new Promise (&lt;anonymous&gt;)
    at callAsyncCircusFn (/Users/chrisvelgersdyk/Desktop/carbon-coverall/carbon-coverall-poc/node_modules/jest-circus/build/utils.js:259:10)
    at _callCircusTest (/Users/chrisvelgersdyk/Desktop/carbon-coverall/carbon-coverall-poc/node_modules/jest-circus/build/run.js:276:40)
    at processTicksAndRejections (node:internal/process/task_queues:95:5)
    at _runTest (/Users/chrisvelgersdyk/Desktop/carbon-coverall/carbon-coverall-poc/node_modules/jest-circus/build/run.js:208:3)
    at _runTestsForDescribeBlock (/Users/chrisvelgersdyk/Desktop/carbon-coverall/carbon-coverall-poc/node_modules/jest-circus/build/run.js:96:9)
    at _runTestsForDescribeBlock (/Users/chrisvelgersdyk/Desktop/carbon-coverall/carbon-coverall-poc/node_modules/jest-circus/build/run.js:90:9)</failure>
    </testcase>
    <testcase classname="@carbon/styles scss/utilities/_ai-gradient.scss should be importable" name="@carbon/styles scss/utilities/_ai-gradient.scss should be importable" time="0.011">
      <failure>Error: expect(received).resolves.toBeDefined()

Received promise rejected instead of resolved
Rejected to value: [Error: Can&apos;t find stylesheet to import.
  ╷
8 │ @forward &apos;generated/themes&apos;;
  │ ^^^^^^^^^^^^^^^^^^^^^^^^^^^
  ╵
  node_modules/@carbon/themes/scss/compat/_themes.scss 8:1  @use
  packages/styles/scss/compat/_themes.scss 9:1              @use
  packages/styles/scss/theme/_theme.scss 12:1               @forward
  packages/styles/scss/_theme.scss 8:1                      @use
  packages/styles/scss/utilities/_ai-gradient.scss 8:1      @use
  stdin 2:1                                                 root stylesheet]
    at expect (/Users/chrisvelgersdyk/Desktop/carbon-coverall/carbon-coverall-poc/node_modules/expect/build/index.js:128:15)
    at Object.expect (/Users/chrisvelgersdyk/Desktop/carbon-coverall/carbon-coverall-poc/packages/styles/__tests__/styles-test.js:24:13)
    at Promise.then.completed (/Users/chrisvelgersdyk/Desktop/carbon-coverall/carbon-coverall-poc/node_modules/jest-circus/build/utils.js:333:28)
    at new Promise (&lt;anonymous&gt;)
    at callAsyncCircusFn (/Users/chrisvelgersdyk/Desktop/carbon-coverall/carbon-coverall-poc/node_modules/jest-circus/build/utils.js:259:10)
    at _callCircusTest (/Users/chrisvelgersdyk/Desktop/carbon-coverall/carbon-coverall-poc/node_modules/jest-circus/build/run.js:276:40)
    at processTicksAndRejections (node:internal/process/task_queues:95:5)
    at _runTest (/Users/chrisvelgersdyk/Desktop/carbon-coverall/carbon-coverall-poc/node_modules/jest-circus/build/run.js:208:3)
    at _runTestsForDescribeBlock (/Users/chrisvelgersdyk/Desktop/carbon-coverall/carbon-coverall-poc/node_modules/jest-circus/build/run.js:96:9)
    at _runTestsForDescribeBlock (/Users/chrisvelgersdyk/Desktop/carbon-coverall/carbon-coverall-poc/node_modules/jest-circus/build/run.js:90:9)</failure>
    </testcase>
    <testcase classname="@carbon/styles scss/utilities/_box-shadow.scss should be importable" name="@carbon/styles scss/utilities/_box-shadow.scss should be importable" time="0.03">
      <failure>Error: expect(received).resolves.toBeDefined()

Received promise rejected instead of resolved
Rejected to value: [Error: Can&apos;t find stylesheet to import.
  ╷
8 │ @forward &apos;generated/themes&apos;;
  │ ^^^^^^^^^^^^^^^^^^^^^^^^^^^
  ╵
  node_modules/@carbon/themes/scss/compat/_themes.scss 8:1  @use
  packages/styles/scss/compat/_themes.scss 9:1              @use
  packages/styles/scss/theme/_theme.scss 12:1               @forward
  packages/styles/scss/_theme.scss 8:1                      @use
  packages/styles/scss/utilities/_box-shadow.scss 8:1       @use
  stdin 2:1                                                 root stylesheet]
    at expect (/Users/chrisvelgersdyk/Desktop/carbon-coverall/carbon-coverall-poc/node_modules/expect/build/index.js:128:15)
    at Object.expect (/Users/chrisvelgersdyk/Desktop/carbon-coverall/carbon-coverall-poc/packages/styles/__tests__/styles-test.js:24:13)
    at Promise.then.completed (/Users/chrisvelgersdyk/Desktop/carbon-coverall/carbon-coverall-poc/node_modules/jest-circus/build/utils.js:333:28)
    at new Promise (&lt;anonymous&gt;)
    at callAsyncCircusFn (/Users/chrisvelgersdyk/Desktop/carbon-coverall/carbon-coverall-poc/node_modules/jest-circus/build/utils.js:259:10)
    at _callCircusTest (/Users/chrisvelgersdyk/Desktop/carbon-coverall/carbon-coverall-poc/node_modules/jest-circus/build/run.js:276:40)
    at processTicksAndRejections (node:internal/process/task_queues:95:5)
    at _runTest (/Users/chrisvelgersdyk/Desktop/carbon-coverall/carbon-coverall-poc/node_modules/jest-circus/build/run.js:208:3)
    at _runTestsForDescribeBlock (/Users/chrisvelgersdyk/Desktop/carbon-coverall/carbon-coverall-poc/node_modules/jest-circus/build/run.js:96:9)
    at _runTestsForDescribeBlock (/Users/chrisvelgersdyk/Desktop/carbon-coverall/carbon-coverall-poc/node_modules/jest-circus/build/run.js:90:9)</failure>
    </testcase>
    <testcase classname="@carbon/styles scss/utilities/_button-reset.scss should be importable" name="@carbon/styles scss/utilities/_button-reset.scss should be importable" time="0.001">
    </testcase>
    <testcase classname="@carbon/styles scss/utilities/_component-reset.scss should be importable" name="@carbon/styles scss/utilities/_component-reset.scss should be importable" time="0.001">
    </testcase>
    <testcase classname="@carbon/styles scss/utilities/_component-tokens.scss should be importable" name="@carbon/styles scss/utilities/_component-tokens.scss should be importable" time="0.005">
      <failure>Error: expect(received).resolves.toBeDefined()

Received promise rejected instead of resolved
Rejected to value: [Error: Can&apos;t find stylesheet to import.
  ╷
8 │ @forward &apos;generated/themes&apos;;
  │ ^^^^^^^^^^^^^^^^^^^^^^^^^^^
  ╵
  node_modules/@carbon/themes/scss/_themes.scss 8:1           @forward
  packages/styles/scss/_themes.scss 9:1                       @use
  packages/styles/scss/utilities/_component-tokens.scss 12:1  @use
  stdin 2:1                                                   root stylesheet]
    at expect (/Users/chrisvelgersdyk/Desktop/carbon-coverall/carbon-coverall-poc/node_modules/expect/build/index.js:128:15)
    at Object.expect (/Users/chrisvelgersdyk/Desktop/carbon-coverall/carbon-coverall-poc/packages/styles/__tests__/styles-test.js:24:13)
    at Promise.then.completed (/Users/chrisvelgersdyk/Desktop/carbon-coverall/carbon-coverall-poc/node_modules/jest-circus/build/utils.js:333:28)
    at new Promise (&lt;anonymous&gt;)
    at callAsyncCircusFn (/Users/chrisvelgersdyk/Desktop/carbon-coverall/carbon-coverall-poc/node_modules/jest-circus/build/utils.js:259:10)
    at _callCircusTest (/Users/chrisvelgersdyk/Desktop/carbon-coverall/carbon-coverall-poc/node_modules/jest-circus/build/run.js:276:40)
    at processTicksAndRejections (node:internal/process/task_queues:95:5)
    at _runTest (/Users/chrisvelgersdyk/Desktop/carbon-coverall/carbon-coverall-poc/node_modules/jest-circus/build/run.js:208:3)
    at _runTestsForDescribeBlock (/Users/chrisvelgersdyk/Desktop/carbon-coverall/carbon-coverall-poc/node_modules/jest-circus/build/run.js:96:9)
    at _runTestsForDescribeBlock (/Users/chrisvelgersdyk/Desktop/carbon-coverall/carbon-coverall-poc/node_modules/jest-circus/build/run.js:90:9)</failure>
    </testcase>
    <testcase classname="@carbon/styles scss/utilities/_convert.scss should be importable" name="@carbon/styles scss/utilities/_convert.scss should be importable" time="0.001">
    </testcase>
    <testcase classname="@carbon/styles scss/utilities/_custom-property.scss should be importable" name="@carbon/styles scss/utilities/_custom-property.scss should be importable" time="0.002">
    </testcase>
    <testcase classname="@carbon/styles scss/utilities/_focus-outline.scss should be importable" name="@carbon/styles scss/utilities/_focus-outline.scss should be importable" time="0.006">
      <failure>Error: expect(received).resolves.toBeDefined()

Received promise rejected instead of resolved
Rejected to value: [Error: Can&apos;t find stylesheet to import.
  ╷
8 │ @forward &apos;generated/themes&apos;;
  │ ^^^^^^^^^^^^^^^^^^^^^^^^^^^
  ╵
  node_modules/@carbon/themes/scss/compat/_themes.scss 8:1  @use
  packages/styles/scss/compat/_themes.scss 9:1              @use
  packages/styles/scss/theme/_theme.scss 12:1               @forward
  packages/styles/scss/_theme.scss 8:1                      @use
  packages/styles/scss/utilities/_focus-outline.scss 8:1    @use
  stdin 2:1                                                 root stylesheet]
    at expect (/Users/chrisvelgersdyk/Desktop/carbon-coverall/carbon-coverall-poc/node_modules/expect/build/index.js:128:15)
    at Object.expect (/Users/chrisvelgersdyk/Desktop/carbon-coverall/carbon-coverall-poc/packages/styles/__tests__/styles-test.js:24:13)
    at Promise.then.completed (/Users/chrisvelgersdyk/Desktop/carbon-coverall/carbon-coverall-poc/node_modules/jest-circus/build/utils.js:333:28)
    at new Promise (&lt;anonymous&gt;)
    at callAsyncCircusFn (/Users/chrisvelgersdyk/Desktop/carbon-coverall/carbon-coverall-poc/node_modules/jest-circus/build/utils.js:259:10)
    at _callCircusTest (/Users/chrisvelgersdyk/Desktop/carbon-coverall/carbon-coverall-poc/node_modules/jest-circus/build/run.js:276:40)
    at processTicksAndRejections (node:internal/process/task_queues:95:5)
    at _runTest (/Users/chrisvelgersdyk/Desktop/carbon-coverall/carbon-coverall-poc/node_modules/jest-circus/build/run.js:208:3)
    at _runTestsForDescribeBlock (/Users/chrisvelgersdyk/Desktop/carbon-coverall/carbon-coverall-poc/node_modules/jest-circus/build/run.js:96:9)
    at _runTestsForDescribeBlock (/Users/chrisvelgersdyk/Desktop/carbon-coverall/carbon-coverall-poc/node_modules/jest-circus/build/run.js:90:9)</failure>
    </testcase>
    <testcase classname="@carbon/styles scss/utilities/_hide-at-breakpoint.scss should be importable" name="@carbon/styles scss/utilities/_hide-at-breakpoint.scss should be importable" time="0.011">
    </testcase>
    <testcase classname="@carbon/styles scss/utilities/_high-contrast-mode.scss should be importable" name="@carbon/styles scss/utilities/_high-contrast-mode.scss should be importable" time="0.002">
    </testcase>
    <testcase classname="@carbon/styles scss/utilities/_index.scss should be importable" name="@carbon/styles scss/utilities/_index.scss should be importable" time="0.01">
      <failure>Error: expect(received).resolves.toBeDefined()

Received promise rejected instead of resolved
Rejected to value: [Error: Can&apos;t find stylesheet to import.
  ╷
8 │ @forward &apos;generated/themes&apos;;
  │ ^^^^^^^^^^^^^^^^^^^^^^^^^^^
  ╵
  node_modules/@carbon/themes/scss/compat/_themes.scss 8:1  @use
  packages/styles/scss/compat/_themes.scss 9:1              @use
  packages/styles/scss/theme/_theme.scss 12:1               @forward
  packages/styles/scss/_theme.scss 8:1                      @use
  packages/styles/scss/utilities/_ai-gradient.scss 8:1      @forward
  packages/styles/scss/utilities/_index.scss 8:1            @use
  stdin 2:1                                                 root stylesheet]
    at expect (/Users/chrisvelgersdyk/Desktop/carbon-coverall/carbon-coverall-poc/node_modules/expect/build/index.js:128:15)
    at Object.expect (/Users/chrisvelgersdyk/Desktop/carbon-coverall/carbon-coverall-poc/packages/styles/__tests__/styles-test.js:24:13)
    at Promise.then.completed (/Users/chrisvelgersdyk/Desktop/carbon-coverall/carbon-coverall-poc/node_modules/jest-circus/build/utils.js:333:28)
    at new Promise (&lt;anonymous&gt;)
    at callAsyncCircusFn (/Users/chrisvelgersdyk/Desktop/carbon-coverall/carbon-coverall-poc/node_modules/jest-circus/build/utils.js:259:10)
    at _callCircusTest (/Users/chrisvelgersdyk/Desktop/carbon-coverall/carbon-coverall-poc/node_modules/jest-circus/build/run.js:276:40)
    at processTicksAndRejections (node:internal/process/task_queues:95:5)
    at _runTest (/Users/chrisvelgersdyk/Desktop/carbon-coverall/carbon-coverall-poc/node_modules/jest-circus/build/run.js:208:3)
    at _runTestsForDescribeBlock (/Users/chrisvelgersdyk/Desktop/carbon-coverall/carbon-coverall-poc/node_modules/jest-circus/build/run.js:96:9)
    at _runTestsForDescribeBlock (/Users/chrisvelgersdyk/Desktop/carbon-coverall/carbon-coverall-poc/node_modules/jest-circus/build/run.js:90:9)</failure>
    </testcase>
    <testcase classname="@carbon/styles scss/utilities/_keyframes.scss should be importable" name="@carbon/styles scss/utilities/_keyframes.scss should be importable" time="0.01">
    </testcase>
    <testcase classname="@carbon/styles scss/utilities/_layout.scss should be importable" name="@carbon/styles scss/utilities/_layout.scss should be importable" time="0.039">
      <failure>Error: expect(received).resolves.toBeDefined()

Received promise rejected instead of resolved
Rejected to value: [Error: Can&apos;t find stylesheet to import.
  ╷
8 │ @forward &apos;./generated/fluid-spacing&apos;;
  │ ^^^^^^^^^^^^^^^^^^^^^^^^^^^^^^^^^^^^
  ╵
  node_modules/@carbon/layout/scss/_spacing.scss 8:1  @forward
  packages/styles/scss/_spacing.scss 8:1              @use
  packages/styles/scss/_layout.scss 14:1              @use
  packages/styles/scss/utilities/_layout.scss 11:1    @use
  stdin 2:1                                           root stylesheet]
    at expect (/Users/chrisvelgersdyk/Desktop/carbon-coverall/carbon-coverall-poc/node_modules/expect/build/index.js:128:15)
    at Object.expect (/Users/chrisvelgersdyk/Desktop/carbon-coverall/carbon-coverall-poc/packages/styles/__tests__/styles-test.js:24:13)
    at Promise.then.completed (/Users/chrisvelgersdyk/Desktop/carbon-coverall/carbon-coverall-poc/node_modules/jest-circus/build/utils.js:333:28)
    at new Promise (&lt;anonymous&gt;)
    at callAsyncCircusFn (/Users/chrisvelgersdyk/Desktop/carbon-coverall/carbon-coverall-poc/node_modules/jest-circus/build/utils.js:259:10)
    at _callCircusTest (/Users/chrisvelgersdyk/Desktop/carbon-coverall/carbon-coverall-poc/node_modules/jest-circus/build/run.js:276:40)
    at processTicksAndRejections (node:internal/process/task_queues:95:5)
    at _runTest (/Users/chrisvelgersdyk/Desktop/carbon-coverall/carbon-coverall-poc/node_modules/jest-circus/build/run.js:208:3)
    at _runTestsForDescribeBlock (/Users/chrisvelgersdyk/Desktop/carbon-coverall/carbon-coverall-poc/node_modules/jest-circus/build/run.js:96:9)
    at _runTestsForDescribeBlock (/Users/chrisvelgersdyk/Desktop/carbon-coverall/carbon-coverall-poc/node_modules/jest-circus/build/run.js:90:9)</failure>
    </testcase>
    <testcase classname="@carbon/styles scss/utilities/_placeholder-colors.scss should be importable" name="@carbon/styles scss/utilities/_placeholder-colors.scss should be importable" time="0.011">
      <failure>Error: expect(received).resolves.toBeDefined()

Received promise rejected instead of resolved
Rejected to value: [Error: Can&apos;t find stylesheet to import.
  ╷
8 │ @forward &apos;generated/themes&apos;;
  │ ^^^^^^^^^^^^^^^^^^^^^^^^^^^
  ╵
  node_modules/@carbon/themes/scss/compat/_themes.scss 8:1     @use
  packages/styles/scss/compat/_themes.scss 9:1                 @use
  packages/styles/scss/theme/_theme.scss 12:1                  @forward
  packages/styles/scss/_theme.scss 8:1                         @use
  packages/styles/scss/utilities/_placeholder-colors.scss 8:1  @use
  stdin 2:1                                                    root stylesheet]
    at expect (/Users/chrisvelgersdyk/Desktop/carbon-coverall/carbon-coverall-poc/node_modules/expect/build/index.js:128:15)
    at Object.expect (/Users/chrisvelgersdyk/Desktop/carbon-coverall/carbon-coverall-poc/packages/styles/__tests__/styles-test.js:24:13)
    at Promise.then.completed (/Users/chrisvelgersdyk/Desktop/carbon-coverall/carbon-coverall-poc/node_modules/jest-circus/build/utils.js:333:28)
    at new Promise (&lt;anonymous&gt;)
    at callAsyncCircusFn (/Users/chrisvelgersdyk/Desktop/carbon-coverall/carbon-coverall-poc/node_modules/jest-circus/build/utils.js:259:10)
    at _callCircusTest (/Users/chrisvelgersdyk/Desktop/carbon-coverall/carbon-coverall-poc/node_modules/jest-circus/build/run.js:276:40)
    at processTicksAndRejections (node:internal/process/task_queues:95:5)
    at _runTest (/Users/chrisvelgersdyk/Desktop/carbon-coverall/carbon-coverall-poc/node_modules/jest-circus/build/run.js:208:3)
    at _runTestsForDescribeBlock (/Users/chrisvelgersdyk/Desktop/carbon-coverall/carbon-coverall-poc/node_modules/jest-circus/build/run.js:96:9)
    at _runTestsForDescribeBlock (/Users/chrisvelgersdyk/Desktop/carbon-coverall/carbon-coverall-poc/node_modules/jest-circus/build/run.js:90:9)</failure>
    </testcase>
    <testcase classname="@carbon/styles scss/utilities/_rotate.scss should be importable" name="@carbon/styles scss/utilities/_rotate.scss should be importable" time="0.001">
    </testcase>
    <testcase classname="@carbon/styles scss/utilities/_skeleton.scss should be importable" name="@carbon/styles scss/utilities/_skeleton.scss should be importable" time="0.008">
      <failure>Error: expect(received).resolves.toBeDefined()

Received promise rejected instead of resolved
Rejected to value: [Error: Can&apos;t find stylesheet to import.
  ╷
8 │ @forward &apos;generated/themes&apos;;
  │ ^^^^^^^^^^^^^^^^^^^^^^^^^^^
  ╵
  node_modules/@carbon/themes/scss/compat/_themes.scss 8:1  @use
  packages/styles/scss/compat/_themes.scss 9:1              @use
  packages/styles/scss/theme/_theme.scss 12:1               @forward
  packages/styles/scss/_theme.scss 8:1                      @use
  packages/styles/scss/utilities/_skeleton.scss 9:1         @use
  stdin 2:1                                                 root stylesheet]
    at expect (/Users/chrisvelgersdyk/Desktop/carbon-coverall/carbon-coverall-poc/node_modules/expect/build/index.js:128:15)
    at Object.expect (/Users/chrisvelgersdyk/Desktop/carbon-coverall/carbon-coverall-poc/packages/styles/__tests__/styles-test.js:24:13)
    at Promise.then.completed (/Users/chrisvelgersdyk/Desktop/carbon-coverall/carbon-coverall-poc/node_modules/jest-circus/build/utils.js:333:28)
    at new Promise (&lt;anonymous&gt;)
    at callAsyncCircusFn (/Users/chrisvelgersdyk/Desktop/carbon-coverall/carbon-coverall-poc/node_modules/jest-circus/build/utils.js:259:10)
    at _callCircusTest (/Users/chrisvelgersdyk/Desktop/carbon-coverall/carbon-coverall-poc/node_modules/jest-circus/build/run.js:276:40)
    at processTicksAndRejections (node:internal/process/task_queues:95:5)
    at _runTest (/Users/chrisvelgersdyk/Desktop/carbon-coverall/carbon-coverall-poc/node_modules/jest-circus/build/run.js:208:3)
    at _runTestsForDescribeBlock (/Users/chrisvelgersdyk/Desktop/carbon-coverall/carbon-coverall-poc/node_modules/jest-circus/build/run.js:96:9)
    at _runTestsForDescribeBlock (/Users/chrisvelgersdyk/Desktop/carbon-coverall/carbon-coverall-poc/node_modules/jest-circus/build/run.js:90:9)</failure>
    </testcase>
    <testcase classname="@carbon/styles scss/utilities/_text-overflow.scss should be importable" name="@carbon/styles scss/utilities/_text-overflow.scss should be importable" time="0">
    </testcase>
    <testcase classname="@carbon/styles scss/utilities/_text-truncate.scss should be importable" name="@carbon/styles scss/utilities/_text-truncate.scss should be importable" time="0">
    </testcase>
    <testcase classname="@carbon/styles scss/utilities/_visually-hidden.scss should be importable" name="@carbon/styles scss/utilities/_visually-hidden.scss should be importable" time="0.003">
    </testcase>
    <testcase classname="@carbon/styles scss/utilities/_z-index.scss should be importable" name="@carbon/styles scss/utilities/_z-index.scss should be importable" time="0.003">
    </testcase>
    <testcase classname="@carbon/styles should have stable public scss entrypoints" name="@carbon/styles should have stable public scss entrypoints" time="0.003">
    </testcase>
    <testcase classname="@carbon/styles scss/config config overrides" name="@carbon/styles scss/config config overrides" time="0.02">
    </testcase>
    <testcase classname="@carbon/styles import order should support bringing in stylesheets independently" name="@carbon/styles import order should support bringing in stylesheets independently" time="0.02">
      <failure>Error: expect(received).resolves.not.toThrow()

Received promise rejected instead of resolved
Rejected to value: [Error: Can&apos;t find stylesheet to import.
  ╷
9 │ @use &apos;scss/generated/feature-flags&apos;;
  │ ^^^^^^^^^^^^^^^^^^^^^^^^^^^^^^^^^^^
  ╵
  node_modules/@carbon/feature-flags/index.scss 9:1  @forward
  packages/styles/scss/_feature-flags.scss 8:1       @use
  packages/styles/scss/type/_index.scss 8:1          @use
  packages/styles/scss/_reset.scss 9:1               @use
  stdin 3:11                                         root stylesheet]
    at expect (/Users/chrisvelgersdyk/Desktop/carbon-coverall/carbon-coverall-poc/node_modules/expect/build/index.js:128:15)
    at Object.expect (/Users/chrisvelgersdyk/Desktop/carbon-coverall/carbon-coverall-poc/packages/styles/__tests__/styles-test.js:58:13)
    at Promise.then.completed (/Users/chrisvelgersdyk/Desktop/carbon-coverall/carbon-coverall-poc/node_modules/jest-circus/build/utils.js:333:28)
    at new Promise (&lt;anonymous&gt;)
    at callAsyncCircusFn (/Users/chrisvelgersdyk/Desktop/carbon-coverall/carbon-coverall-poc/node_modules/jest-circus/build/utils.js:259:10)
    at _callCircusTest (/Users/chrisvelgersdyk/Desktop/carbon-coverall/carbon-coverall-poc/node_modules/jest-circus/build/run.js:276:40)
    at processTicksAndRejections (node:internal/process/task_queues:95:5)
    at _runTest (/Users/chrisvelgersdyk/Desktop/carbon-coverall/carbon-coverall-poc/node_modules/jest-circus/build/run.js:208:3)
    at _runTestsForDescribeBlock (/Users/chrisvelgersdyk/Desktop/carbon-coverall/carbon-coverall-poc/node_modules/jest-circus/build/run.js:96:9)
    at _runTestsForDescribeBlock (/Users/chrisvelgersdyk/Desktop/carbon-coverall/carbon-coverall-poc/node_modules/jest-circus/build/run.js:90:9)</failure>
    </testcase>
  </testsuite>
  <testsuite name="scss/components/slider" errors="0" failures="1" skipped="0" timestamp="2025-04-09T19:39:56" time="0.182" tests="1">
    <testcase classname="scss/components/slider Public API" name="scss/components/slider Public API" time="0.044">
      <failure>Error: Can&apos;t find stylesheet to import.
  ╷
8 │ @forward &apos;./generated/fluid-spacing&apos;;
  │ ^^^^^^^^^^^^^^^^^^^^^^^^^^^^^^^^^^^^
  ╵
  node_modules/@carbon/layout/scss/_spacing.scss 8:1        @forward
  packages/styles/scss/_spacing.scss 8:1                    @use
  packages/styles/scss/components/form/_form.scss 9:1       @forward
  packages/styles/scss/components/form/_index.scss 8:1      @use
  packages/styles/scss/components/slider/_slider.scss 12:1  @forward
  packages/styles/scss/components/slider/_index.scss 8:1    @use
  stdin 4:7                                                 root stylesheet
    at Object.wrapException (/Users/chrisvelgersdyk/Desktop/carbon-coverall/carbon-coverall-poc/node_modules/sass/sass.dart.js:2161:43)
    at _EvaluateVisitor1._evaluate0$_loadStylesheet$4$baseUrl$forImport (/Users/chrisvelgersdyk/Desktop/carbon-coverall/carbon-coverall-poc/node_modules/sass/sass.dart.js:95086:19)
    at _EvaluateVisitor1._evaluate0$_loadStylesheet$3$baseUrl (/Users/chrisvelgersdyk/Desktop/carbon-coverall/carbon-coverall-poc/node_modules/sass/sass.dart.js:95112:19)
    at _EvaluateVisitor__loadModule_closure4.call$0 (/Users/chrisvelgersdyk/Desktop/carbon-coverall/carbon-coverall-poc/node_modules/sass/sass.dart.js:97026:19)
    at _EvaluateVisitor1._evaluate0$_withStackFrame$1$3 (/Users/chrisvelgersdyk/Desktop/carbon-coverall/carbon-coverall-poc/node_modules/sass/sass.dart.js:96565:25)
    at _EvaluateVisitor1._evaluate0$_withStackFrame$3 (/Users/chrisvelgersdyk/Desktop/carbon-coverall/carbon-coverall-poc/node_modules/sass/sass.dart.js:96571:19)
    at _EvaluateVisitor1._evaluate0$_loadModule$7$baseUrl$configuration$namesInErrors (/Users/chrisvelgersdyk/Desktop/carbon-coverall/carbon-coverall-poc/node_modules/sass/sass.dart.js:94481:13)
    at _EvaluateVisitor1._evaluate0$_loadModule$4 (/Users/chrisvelgersdyk/Desktop/carbon-coverall/carbon-coverall-poc/node_modules/sass/sass.dart.js:94487:19)
    at _EvaluateVisitor1.visitForwardRule$1 (/Users/chrisvelgersdyk/Desktop/carbon-coverall/carbon-coverall-poc/node_modules/sass/sass.dart.js:94899:15)
    at ForwardRule0.accept$1$1 (/Users/chrisvelgersdyk/Desktop/carbon-coverall/carbon-coverall-poc/node_modules/sass/sass.dart.js:99949:22)</failure>
    </testcase>
  </testsuite>
  <testsuite name="scss/components/number-input" errors="0" failures="1" skipped="0" timestamp="2025-04-09T19:39:56" time="0.256" tests="1">
    <testcase classname="scss/components/number-input Public API" name="scss/components/number-input Public API" time="0.081">
      <failure>Error: Can&apos;t find stylesheet to import.
  ╷
8 │ @forward &apos;./generated/fluid-spacing&apos;;
  │ ^^^^^^^^^^^^^^^^^^^^^^^^^^^^^^^^^^^^
  ╵
  node_modules/@carbon/layout/scss/_spacing.scss 8:1                   @forward
  packages/styles/scss/_spacing.scss 8:1                               @use
  packages/styles/scss/components/form/_form.scss 9:1                  @forward
  packages/styles/scss/components/form/_index.scss 8:1                 @use
  packages/styles/scss/components/number-input/_number-input.scss 8:1  @forward
  packages/styles/scss/components/number-input/_index.scss 8:1         @use
  stdin 5:8                                                            root stylesheet
    at Object.wrapException (/Users/chrisvelgersdyk/Desktop/carbon-coverall/carbon-coverall-poc/node_modules/sass/sass.dart.js:2161:43)
    at _EvaluateVisitor1._evaluate0$_loadStylesheet$4$baseUrl$forImport (/Users/chrisvelgersdyk/Desktop/carbon-coverall/carbon-coverall-poc/node_modules/sass/sass.dart.js:95086:19)
    at _EvaluateVisitor1._evaluate0$_loadStylesheet$3$baseUrl (/Users/chrisvelgersdyk/Desktop/carbon-coverall/carbon-coverall-poc/node_modules/sass/sass.dart.js:95112:19)
    at _EvaluateVisitor__loadModule_closure4.call$0 (/Users/chrisvelgersdyk/Desktop/carbon-coverall/carbon-coverall-poc/node_modules/sass/sass.dart.js:97026:19)
    at _EvaluateVisitor1._evaluate0$_withStackFrame$1$3 (/Users/chrisvelgersdyk/Desktop/carbon-coverall/carbon-coverall-poc/node_modules/sass/sass.dart.js:96565:25)
    at _EvaluateVisitor1._evaluate0$_withStackFrame$3 (/Users/chrisvelgersdyk/Desktop/carbon-coverall/carbon-coverall-poc/node_modules/sass/sass.dart.js:96571:19)
    at _EvaluateVisitor1._evaluate0$_loadModule$7$baseUrl$configuration$namesInErrors (/Users/chrisvelgersdyk/Desktop/carbon-coverall/carbon-coverall-poc/node_modules/sass/sass.dart.js:94481:13)
    at _EvaluateVisitor1._evaluate0$_loadModule$4 (/Users/chrisvelgersdyk/Desktop/carbon-coverall/carbon-coverall-poc/node_modules/sass/sass.dart.js:94487:19)
    at _EvaluateVisitor1.visitForwardRule$1 (/Users/chrisvelgersdyk/Desktop/carbon-coverall/carbon-coverall-poc/node_modules/sass/sass.dart.js:94899:15)
    at ForwardRule0.accept$1$1 (/Users/chrisvelgersdyk/Desktop/carbon-coverall/carbon-coverall-poc/node_modules/sass/sass.dart.js:99949:22)</failure>
    </testcase>
  </testsuite>
  <testsuite name="scss/components/overflow-menu" errors="0" failures="1" skipped="0" timestamp="2025-04-09T19:39:56" time="0.227" tests="1">
    <testcase classname="scss/components/overflow-menu Public API" name="scss/components/overflow-menu Public API" time="0.049">
      <failure>Error: Can&apos;t find stylesheet to import.
  ╷
8 │ @forward &apos;./generated/fluid-spacing&apos;;
  │ ^^^^^^^^^^^^^^^^^^^^^^^^^^^^^^^^^^^^
  ╵
  node_modules/@carbon/layout/scss/_spacing.scss 8:1                     @forward
  packages/styles/scss/_spacing.scss 8:1                                 @use
  packages/styles/scss/components/button/_vars.scss 8:1                  @forward
  packages/styles/scss/components/button/_index.scss 8:1                 @use
  packages/styles/scss/components/overflow-menu/_overflow-menu.scss 8:1  @forward
  packages/styles/scss/components/overflow-menu/_index.scss 8:1          @use
  stdin 5:8                                                              root stylesheet
    at Object.wrapException (/Users/chrisvelgersdyk/Desktop/carbon-coverall/carbon-coverall-poc/node_modules/sass/sass.dart.js:2161:43)
    at _EvaluateVisitor1._evaluate0$_loadStylesheet$4$baseUrl$forImport (/Users/chrisvelgersdyk/Desktop/carbon-coverall/carbon-coverall-poc/node_modules/sass/sass.dart.js:95086:19)
    at _EvaluateVisitor1._evaluate0$_loadStylesheet$3$baseUrl (/Users/chrisvelgersdyk/Desktop/carbon-coverall/carbon-coverall-poc/node_modules/sass/sass.dart.js:95112:19)
    at _EvaluateVisitor__loadModule_closure4.call$0 (/Users/chrisvelgersdyk/Desktop/carbon-coverall/carbon-coverall-poc/node_modules/sass/sass.dart.js:97026:19)
    at _EvaluateVisitor1._evaluate0$_withStackFrame$1$3 (/Users/chrisvelgersdyk/Desktop/carbon-coverall/carbon-coverall-poc/node_modules/sass/sass.dart.js:96565:25)
    at _EvaluateVisitor1._evaluate0$_withStackFrame$3 (/Users/chrisvelgersdyk/Desktop/carbon-coverall/carbon-coverall-poc/node_modules/sass/sass.dart.js:96571:19)
    at _EvaluateVisitor1._evaluate0$_loadModule$7$baseUrl$configuration$namesInErrors (/Users/chrisvelgersdyk/Desktop/carbon-coverall/carbon-coverall-poc/node_modules/sass/sass.dart.js:94481:13)
    at _EvaluateVisitor1._evaluate0$_loadModule$4 (/Users/chrisvelgersdyk/Desktop/carbon-coverall/carbon-coverall-poc/node_modules/sass/sass.dart.js:94487:19)
    at _EvaluateVisitor1.visitForwardRule$1 (/Users/chrisvelgersdyk/Desktop/carbon-coverall/carbon-coverall-poc/node_modules/sass/sass.dart.js:94899:15)
    at ForwardRule0.accept$1$1 (/Users/chrisvelgersdyk/Desktop/carbon-coverall/carbon-coverall-poc/node_modules/sass/sass.dart.js:99949:22)</failure>
    </testcase>
  </testsuite>
  <testsuite name="scss/components/fluid-time-picker" errors="0" failures="1" skipped="0" timestamp="2025-04-09T19:39:56" time="0.228" tests="1">
    <testcase classname="scss/components/fluid-time-picker Public API" name="scss/components/fluid-time-picker Public API" time="0.084">
      <failure>Error: Can&apos;t find stylesheet to import.
  ╷
8 │ @forward &apos;./generated/fluid-spacing&apos;;
  │ ^^^^^^^^^^^^^^^^^^^^^^^^^^^^^^^^^^^^
  ╵
  node_modules/@carbon/layout/scss/_spacing.scss 8:1                              @forward
  packages/styles/scss/_spacing.scss 8:1                                          @use
  packages/styles/scss/components/fluid-time-picker/_fluid-time-picker.scss 13:1  @forward
  packages/styles/scss/components/fluid-time-picker/_index.scss 8:1               @use
  stdin 5:7                                                                       root stylesheet
    at Object.wrapException (/Users/chrisvelgersdyk/Desktop/carbon-coverall/carbon-coverall-poc/node_modules/sass/sass.dart.js:2161:43)
    at _EvaluateVisitor1._evaluate0$_loadStylesheet$4$baseUrl$forImport (/Users/chrisvelgersdyk/Desktop/carbon-coverall/carbon-coverall-poc/node_modules/sass/sass.dart.js:95086:19)
    at _EvaluateVisitor1._evaluate0$_loadStylesheet$3$baseUrl (/Users/chrisvelgersdyk/Desktop/carbon-coverall/carbon-coverall-poc/node_modules/sass/sass.dart.js:95112:19)
    at _EvaluateVisitor__loadModule_closure4.call$0 (/Users/chrisvelgersdyk/Desktop/carbon-coverall/carbon-coverall-poc/node_modules/sass/sass.dart.js:97026:19)
    at _EvaluateVisitor1._evaluate0$_withStackFrame$1$3 (/Users/chrisvelgersdyk/Desktop/carbon-coverall/carbon-coverall-poc/node_modules/sass/sass.dart.js:96565:25)
    at _EvaluateVisitor1._evaluate0$_withStackFrame$3 (/Users/chrisvelgersdyk/Desktop/carbon-coverall/carbon-coverall-poc/node_modules/sass/sass.dart.js:96571:19)
    at _EvaluateVisitor1._evaluate0$_loadModule$7$baseUrl$configuration$namesInErrors (/Users/chrisvelgersdyk/Desktop/carbon-coverall/carbon-coverall-poc/node_modules/sass/sass.dart.js:94481:13)
    at _EvaluateVisitor1._evaluate0$_loadModule$4 (/Users/chrisvelgersdyk/Desktop/carbon-coverall/carbon-coverall-poc/node_modules/sass/sass.dart.js:94487:19)
    at _EvaluateVisitor1.visitForwardRule$1 (/Users/chrisvelgersdyk/Desktop/carbon-coverall/carbon-coverall-poc/node_modules/sass/sass.dart.js:94899:15)
    at ForwardRule0.accept$1$1 (/Users/chrisvelgersdyk/Desktop/carbon-coverall/carbon-coverall-poc/node_modules/sass/sass.dart.js:99949:22)</failure>
    </testcase>
  </testsuite>
  <testsuite name="@carbon/feature-flags" errors="0" failures="5" skipped="0" timestamp="2025-04-09T19:39:56" time="0.261" tests="5">
    <testcase classname="@carbon/feature-flags add should add the given flag and set whether its enabled" name="@carbon/feature-flags add should add the given flag and set whether its enabled" time="0.045">
      <failure>Error: Can&apos;t find stylesheet to import.
  ╷
9 │ @use &apos;scss/generated/feature-flags&apos;;
  │ ^^^^^^^^^^^^^^^^^^^^^^^^^^^^^^^^^^^
  ╵
  packages/feature-flags/index.scss 9:1  @use
  stdin 3:9                              root stylesheet
    at Object.wrapException (/Users/chrisvelgersdyk/Desktop/carbon-coverall/carbon-coverall-poc/node_modules/sass/sass.dart.js:2161:43)
    at _EvaluateVisitor1._evaluate0$_loadStylesheet$4$baseUrl$forImport (/Users/chrisvelgersdyk/Desktop/carbon-coverall/carbon-coverall-poc/node_modules/sass/sass.dart.js:95086:19)
    at _EvaluateVisitor1._evaluate0$_loadStylesheet$3$baseUrl (/Users/chrisvelgersdyk/Desktop/carbon-coverall/carbon-coverall-poc/node_modules/sass/sass.dart.js:95112:19)
    at _EvaluateVisitor__loadModule_closure4.call$0 (/Users/chrisvelgersdyk/Desktop/carbon-coverall/carbon-coverall-poc/node_modules/sass/sass.dart.js:97026:19)
    at _EvaluateVisitor1._evaluate0$_withStackFrame$1$3 (/Users/chrisvelgersdyk/Desktop/carbon-coverall/carbon-coverall-poc/node_modules/sass/sass.dart.js:96565:25)
    at _EvaluateVisitor1._evaluate0$_withStackFrame$3 (/Users/chrisvelgersdyk/Desktop/carbon-coverall/carbon-coverall-poc/node_modules/sass/sass.dart.js:96571:19)
    at _EvaluateVisitor1._evaluate0$_loadModule$7$baseUrl$configuration$namesInErrors (/Users/chrisvelgersdyk/Desktop/carbon-coverall/carbon-coverall-poc/node_modules/sass/sass.dart.js:94481:13)
    at _EvaluateVisitor1._evaluate0$_loadModule$5$configuration (/Users/chrisvelgersdyk/Desktop/carbon-coverall/carbon-coverall-poc/node_modules/sass/sass.dart.js:94484:19)
    at _EvaluateVisitor1.visitUseRule$1 (/Users/chrisvelgersdyk/Desktop/carbon-coverall/carbon-coverall-poc/node_modules/sass/sass.dart.js:95457:13)
    at UseRule0.accept$1$1 (/Users/chrisvelgersdyk/Desktop/carbon-coverall/carbon-coverall-poc/node_modules/sass/sass.dart.js:115346:22)</failure>
    </testcase>
    <testcase classname="@carbon/feature-flags enable should enable the given feature flag" name="@carbon/feature-flags enable should enable the given feature flag" time="0.003">
      <failure>Error: Can&apos;t find stylesheet to import.
  ╷
9 │ @use &apos;scss/generated/feature-flags&apos;;
  │ ^^^^^^^^^^^^^^^^^^^^^^^^^^^^^^^^^^^
  ╵
  packages/feature-flags/index.scss 9:1  @use
  stdin 3:9                              root stylesheet
    at Object.wrapException (/Users/chrisvelgersdyk/Desktop/carbon-coverall/carbon-coverall-poc/node_modules/sass/sass.dart.js:2161:43)
    at _EvaluateVisitor1._evaluate0$_loadStylesheet$4$baseUrl$forImport (/Users/chrisvelgersdyk/Desktop/carbon-coverall/carbon-coverall-poc/node_modules/sass/sass.dart.js:95086:19)
    at _EvaluateVisitor1._evaluate0$_loadStylesheet$3$baseUrl (/Users/chrisvelgersdyk/Desktop/carbon-coverall/carbon-coverall-poc/node_modules/sass/sass.dart.js:95112:19)
    at _EvaluateVisitor__loadModule_closure4.call$0 (/Users/chrisvelgersdyk/Desktop/carbon-coverall/carbon-coverall-poc/node_modules/sass/sass.dart.js:97026:19)
    at _EvaluateVisitor1._evaluate0$_withStackFrame$1$3 (/Users/chrisvelgersdyk/Desktop/carbon-coverall/carbon-coverall-poc/node_modules/sass/sass.dart.js:96565:25)
    at _EvaluateVisitor1._evaluate0$_withStackFrame$3 (/Users/chrisvelgersdyk/Desktop/carbon-coverall/carbon-coverall-poc/node_modules/sass/sass.dart.js:96571:19)
    at _EvaluateVisitor1._evaluate0$_loadModule$7$baseUrl$configuration$namesInErrors (/Users/chrisvelgersdyk/Desktop/carbon-coverall/carbon-coverall-poc/node_modules/sass/sass.dart.js:94481:13)
    at _EvaluateVisitor1._evaluate0$_loadModule$5$configuration (/Users/chrisvelgersdyk/Desktop/carbon-coverall/carbon-coverall-poc/node_modules/sass/sass.dart.js:94484:19)
    at _EvaluateVisitor1.visitUseRule$1 (/Users/chrisvelgersdyk/Desktop/carbon-coverall/carbon-coverall-poc/node_modules/sass/sass.dart.js:95457:13)
    at UseRule0.accept$1$1 (/Users/chrisvelgersdyk/Desktop/carbon-coverall/carbon-coverall-poc/node_modules/sass/sass.dart.js:115346:22)</failure>
    </testcase>
    <testcase classname="@carbon/feature-flags disable should disable the given feature flag" name="@carbon/feature-flags disable should disable the given feature flag" time="0.022">
      <failure>Error: Can&apos;t find stylesheet to import.
  ╷
9 │ @use &apos;scss/generated/feature-flags&apos;;
  │ ^^^^^^^^^^^^^^^^^^^^^^^^^^^^^^^^^^^
  ╵
  packages/feature-flags/index.scss 9:1  @use
  stdin 3:9                              root stylesheet
    at Object.wrapException (/Users/chrisvelgersdyk/Desktop/carbon-coverall/carbon-coverall-poc/node_modules/sass/sass.dart.js:2161:43)
    at _EvaluateVisitor1._evaluate0$_loadStylesheet$4$baseUrl$forImport (/Users/chrisvelgersdyk/Desktop/carbon-coverall/carbon-coverall-poc/node_modules/sass/sass.dart.js:95086:19)
    at _EvaluateVisitor1._evaluate0$_loadStylesheet$3$baseUrl (/Users/chrisvelgersdyk/Desktop/carbon-coverall/carbon-coverall-poc/node_modules/sass/sass.dart.js:95112:19)
    at _EvaluateVisitor__loadModule_closure4.call$0 (/Users/chrisvelgersdyk/Desktop/carbon-coverall/carbon-coverall-poc/node_modules/sass/sass.dart.js:97026:19)
    at _EvaluateVisitor1._evaluate0$_withStackFrame$1$3 (/Users/chrisvelgersdyk/Desktop/carbon-coverall/carbon-coverall-poc/node_modules/sass/sass.dart.js:96565:25)
    at _EvaluateVisitor1._evaluate0$_withStackFrame$3 (/Users/chrisvelgersdyk/Desktop/carbon-coverall/carbon-coverall-poc/node_modules/sass/sass.dart.js:96571:19)
    at _EvaluateVisitor1._evaluate0$_loadModule$7$baseUrl$configuration$namesInErrors (/Users/chrisvelgersdyk/Desktop/carbon-coverall/carbon-coverall-poc/node_modules/sass/sass.dart.js:94481:13)
    at _EvaluateVisitor1._evaluate0$_loadModule$5$configuration (/Users/chrisvelgersdyk/Desktop/carbon-coverall/carbon-coverall-poc/node_modules/sass/sass.dart.js:94484:19)
    at _EvaluateVisitor1.visitUseRule$1 (/Users/chrisvelgersdyk/Desktop/carbon-coverall/carbon-coverall-poc/node_modules/sass/sass.dart.js:95457:13)
    at UseRule0.accept$1$1 (/Users/chrisvelgersdyk/Desktop/carbon-coverall/carbon-coverall-poc/node_modules/sass/sass.dart.js:115346:22)</failure>
    </testcase>
    <testcase classname="@carbon/feature-flags enabled should return whether a flag is enabled or disabled" name="@carbon/feature-flags enabled should return whether a flag is enabled or disabled" time="0.011">
      <failure>Error: Can&apos;t find stylesheet to import.
  ╷
9 │ @use &apos;scss/generated/feature-flags&apos;;
  │ ^^^^^^^^^^^^^^^^^^^^^^^^^^^^^^^^^^^
  ╵
  packages/feature-flags/index.scss 9:1  @use
  stdin 3:9                              root stylesheet
    at Object.wrapException (/Users/chrisvelgersdyk/Desktop/carbon-coverall/carbon-coverall-poc/node_modules/sass/sass.dart.js:2161:43)
    at _EvaluateVisitor1._evaluate0$_loadStylesheet$4$baseUrl$forImport (/Users/chrisvelgersdyk/Desktop/carbon-coverall/carbon-coverall-poc/node_modules/sass/sass.dart.js:95086:19)
    at _EvaluateVisitor1._evaluate0$_loadStylesheet$3$baseUrl (/Users/chrisvelgersdyk/Desktop/carbon-coverall/carbon-coverall-poc/node_modules/sass/sass.dart.js:95112:19)
    at _EvaluateVisitor__loadModule_closure4.call$0 (/Users/chrisvelgersdyk/Desktop/carbon-coverall/carbon-coverall-poc/node_modules/sass/sass.dart.js:97026:19)
    at _EvaluateVisitor1._evaluate0$_withStackFrame$1$3 (/Users/chrisvelgersdyk/Desktop/carbon-coverall/carbon-coverall-poc/node_modules/sass/sass.dart.js:96565:25)
    at _EvaluateVisitor1._evaluate0$_withStackFrame$3 (/Users/chrisvelgersdyk/Desktop/carbon-coverall/carbon-coverall-poc/node_modules/sass/sass.dart.js:96571:19)
    at _EvaluateVisitor1._evaluate0$_loadModule$7$baseUrl$configuration$namesInErrors (/Users/chrisvelgersdyk/Desktop/carbon-coverall/carbon-coverall-poc/node_modules/sass/sass.dart.js:94481:13)
    at _EvaluateVisitor1._evaluate0$_loadModule$5$configuration (/Users/chrisvelgersdyk/Desktop/carbon-coverall/carbon-coverall-poc/node_modules/sass/sass.dart.js:94484:19)
    at _EvaluateVisitor1.visitUseRule$1 (/Users/chrisvelgersdyk/Desktop/carbon-coverall/carbon-coverall-poc/node_modules/sass/sass.dart.js:95457:13)
    at UseRule0.accept$1$1 (/Users/chrisvelgersdyk/Desktop/carbon-coverall/carbon-coverall-poc/node_modules/sass/sass.dart.js:115346:22)</failure>
    </testcase>
    <testcase classname="@carbon/feature-flags merge should set each feature flag given" name="@carbon/feature-flags merge should set each feature flag given" time="0.006">
      <failure>Error: Can&apos;t find stylesheet to import.
  ╷
9 │ @use &apos;scss/generated/feature-flags&apos;;
  │ ^^^^^^^^^^^^^^^^^^^^^^^^^^^^^^^^^^^
  ╵
  packages/feature-flags/index.scss 9:1  @use
  stdin 3:9                              root stylesheet
    at Object.wrapException (/Users/chrisvelgersdyk/Desktop/carbon-coverall/carbon-coverall-poc/node_modules/sass/sass.dart.js:2161:43)
    at _EvaluateVisitor1._evaluate0$_loadStylesheet$4$baseUrl$forImport (/Users/chrisvelgersdyk/Desktop/carbon-coverall/carbon-coverall-poc/node_modules/sass/sass.dart.js:95086:19)
    at _EvaluateVisitor1._evaluate0$_loadStylesheet$3$baseUrl (/Users/chrisvelgersdyk/Desktop/carbon-coverall/carbon-coverall-poc/node_modules/sass/sass.dart.js:95112:19)
    at _EvaluateVisitor__loadModule_closure4.call$0 (/Users/chrisvelgersdyk/Desktop/carbon-coverall/carbon-coverall-poc/node_modules/sass/sass.dart.js:97026:19)
    at _EvaluateVisitor1._evaluate0$_withStackFrame$1$3 (/Users/chrisvelgersdyk/Desktop/carbon-coverall/carbon-coverall-poc/node_modules/sass/sass.dart.js:96565:25)
    at _EvaluateVisitor1._evaluate0$_withStackFrame$3 (/Users/chrisvelgersdyk/Desktop/carbon-coverall/carbon-coverall-poc/node_modules/sass/sass.dart.js:96571:19)
    at _EvaluateVisitor1._evaluate0$_loadModule$7$baseUrl$configuration$namesInErrors (/Users/chrisvelgersdyk/Desktop/carbon-coverall/carbon-coverall-poc/node_modules/sass/sass.dart.js:94481:13)
    at _EvaluateVisitor1._evaluate0$_loadModule$5$configuration (/Users/chrisvelgersdyk/Desktop/carbon-coverall/carbon-coverall-poc/node_modules/sass/sass.dart.js:94484:19)
    at _EvaluateVisitor1.visitUseRule$1 (/Users/chrisvelgersdyk/Desktop/carbon-coverall/carbon-coverall-poc/node_modules/sass/sass.dart.js:95457:13)
    at UseRule0.accept$1$1 (/Users/chrisvelgersdyk/Desktop/carbon-coverall/carbon-coverall-poc/node_modules/sass/sass.dart.js:115346:22)</failure>
    </testcase>
  </testsuite>
  <testsuite name="@carbon/styles/scss/theme" errors="0" failures="1" skipped="0" timestamp="2025-04-09T19:39:57" time="0.188" tests="1">
    <testcase classname="@carbon/styles/scss/theme Public API" name="@carbon/styles/scss/theme Public API" time="0.042">
      <failure>Error: Can&apos;t find stylesheet to import.
  ╷
8 │ @forward &apos;generated/themes&apos;;
  │ ^^^^^^^^^^^^^^^^^^^^^^^^^^^
  ╵
  node_modules/@carbon/themes/scss/compat/_themes.scss 8:1  @use
  packages/styles/scss/compat/_themes.scss 9:1              @use
  packages/styles/scss/theme/_theme.scss 12:1               @forward
  packages/styles/scss/_theme.scss 8:1                      @use
  stdin 5:7                                                 root stylesheet
    at Object.wrapException (/Users/chrisvelgersdyk/Desktop/carbon-coverall/carbon-coverall-poc/node_modules/sass/sass.dart.js:2161:43)
    at _EvaluateVisitor1._evaluate0$_loadStylesheet$4$baseUrl$forImport (/Users/chrisvelgersdyk/Desktop/carbon-coverall/carbon-coverall-poc/node_modules/sass/sass.dart.js:95086:19)
    at _EvaluateVisitor1._evaluate0$_loadStylesheet$3$baseUrl (/Users/chrisvelgersdyk/Desktop/carbon-coverall/carbon-coverall-poc/node_modules/sass/sass.dart.js:95112:19)
    at _EvaluateVisitor__loadModule_closure4.call$0 (/Users/chrisvelgersdyk/Desktop/carbon-coverall/carbon-coverall-poc/node_modules/sass/sass.dart.js:97026:19)
    at _EvaluateVisitor1._evaluate0$_withStackFrame$1$3 (/Users/chrisvelgersdyk/Desktop/carbon-coverall/carbon-coverall-poc/node_modules/sass/sass.dart.js:96565:25)
    at _EvaluateVisitor1._evaluate0$_withStackFrame$3 (/Users/chrisvelgersdyk/Desktop/carbon-coverall/carbon-coverall-poc/node_modules/sass/sass.dart.js:96571:19)
    at _EvaluateVisitor1._evaluate0$_loadModule$7$baseUrl$configuration$namesInErrors (/Users/chrisvelgersdyk/Desktop/carbon-coverall/carbon-coverall-poc/node_modules/sass/sass.dart.js:94481:13)
    at _EvaluateVisitor1._evaluate0$_loadModule$4 (/Users/chrisvelgersdyk/Desktop/carbon-coverall/carbon-coverall-poc/node_modules/sass/sass.dart.js:94487:19)
    at _EvaluateVisitor1.visitForwardRule$1 (/Users/chrisvelgersdyk/Desktop/carbon-coverall/carbon-coverall-poc/node_modules/sass/sass.dart.js:94899:15)
    at ForwardRule0.accept$1$1 (/Users/chrisvelgersdyk/Desktop/carbon-coverall/carbon-coverall-poc/node_modules/sass/sass.dart.js:99949:22)</failure>
    </testcase>
  </testsuite>
  <testsuite name="scss/components/list" errors="0" failures="1" skipped="0" timestamp="2025-04-09T19:39:57" time="0.223" tests="1">
    <testcase classname="scss/components/list Public API" name="scss/components/list Public API" time="0.08">
      <failure>Error: Can&apos;t find stylesheet to import.
  ╷
8 │ @forward &apos;./generated/fluid-spacing&apos;;
  │ ^^^^^^^^^^^^^^^^^^^^^^^^^^^^^^^^^^^^
  ╵
  node_modules/@carbon/layout/scss/_spacing.scss 8:1    @forward
  packages/styles/scss/_spacing.scss 8:1                @use
  packages/styles/scss/components/list/_list.scss 13:1  @forward
  packages/styles/scss/components/list/_index.scss 8:1  @use
  stdin 4:7                                             root stylesheet
    at Object.wrapException (/Users/chrisvelgersdyk/Desktop/carbon-coverall/carbon-coverall-poc/node_modules/sass/sass.dart.js:2161:43)
    at _EvaluateVisitor1._evaluate0$_loadStylesheet$4$baseUrl$forImport (/Users/chrisvelgersdyk/Desktop/carbon-coverall/carbon-coverall-poc/node_modules/sass/sass.dart.js:95086:19)
    at _EvaluateVisitor1._evaluate0$_loadStylesheet$3$baseUrl (/Users/chrisvelgersdyk/Desktop/carbon-coverall/carbon-coverall-poc/node_modules/sass/sass.dart.js:95112:19)
    at _EvaluateVisitor__loadModule_closure4.call$0 (/Users/chrisvelgersdyk/Desktop/carbon-coverall/carbon-coverall-poc/node_modules/sass/sass.dart.js:97026:19)
    at _EvaluateVisitor1._evaluate0$_withStackFrame$1$3 (/Users/chrisvelgersdyk/Desktop/carbon-coverall/carbon-coverall-poc/node_modules/sass/sass.dart.js:96565:25)
    at _EvaluateVisitor1._evaluate0$_withStackFrame$3 (/Users/chrisvelgersdyk/Desktop/carbon-coverall/carbon-coverall-poc/node_modules/sass/sass.dart.js:96571:19)
    at _EvaluateVisitor1._evaluate0$_loadModule$7$baseUrl$configuration$namesInErrors (/Users/chrisvelgersdyk/Desktop/carbon-coverall/carbon-coverall-poc/node_modules/sass/sass.dart.js:94481:13)
    at _EvaluateVisitor1._evaluate0$_loadModule$4 (/Users/chrisvelgersdyk/Desktop/carbon-coverall/carbon-coverall-poc/node_modules/sass/sass.dart.js:94487:19)
    at _EvaluateVisitor1.visitForwardRule$1 (/Users/chrisvelgersdyk/Desktop/carbon-coverall/carbon-coverall-poc/node_modules/sass/sass.dart.js:94899:15)
    at ForwardRule0.accept$1$1 (/Users/chrisvelgersdyk/Desktop/carbon-coverall/carbon-coverall-poc/node_modules/sass/sass.dart.js:99949:22)</failure>
    </testcase>
  </testsuite>
  <testsuite name="scss/components/pagination" errors="0" failures="1" skipped="0" timestamp="2025-04-09T19:39:57" time="0.155" tests="1">
    <testcase classname="scss/components/pagination Public API" name="scss/components/pagination Public API" time="0.045">
      <failure>Error: Can&apos;t find stylesheet to import.
  ╷
8 │ @forward &apos;./generated/fluid-spacing&apos;;
  │ ^^^^^^^^^^^^^^^^^^^^^^^^^^^^^^^^^^^^
  ╵
  node_modules/@carbon/layout/scss/_spacing.scss 8:1               @forward
  packages/styles/scss/_spacing.scss 8:1                           @use
  packages/styles/scss/components/button/_vars.scss 8:1            @forward
  packages/styles/scss/components/button/_index.scss 8:1           @use
  packages/styles/scss/components/pagination/_pagination.scss 8:1  @forward
  packages/styles/scss/components/pagination/_index.scss 8:1       @use
  stdin 4:7                                                        root stylesheet
    at Object.wrapException (/Users/chrisvelgersdyk/Desktop/carbon-coverall/carbon-coverall-poc/node_modules/sass/sass.dart.js:2161:43)
    at _EvaluateVisitor1._evaluate0$_loadStylesheet$4$baseUrl$forImport (/Users/chrisvelgersdyk/Desktop/carbon-coverall/carbon-coverall-poc/node_modules/sass/sass.dart.js:95086:19)
    at _EvaluateVisitor1._evaluate0$_loadStylesheet$3$baseUrl (/Users/chrisvelgersdyk/Desktop/carbon-coverall/carbon-coverall-poc/node_modules/sass/sass.dart.js:95112:19)
    at _EvaluateVisitor__loadModule_closure4.call$0 (/Users/chrisvelgersdyk/Desktop/carbon-coverall/carbon-coverall-poc/node_modules/sass/sass.dart.js:97026:19)
    at _EvaluateVisitor1._evaluate0$_withStackFrame$1$3 (/Users/chrisvelgersdyk/Desktop/carbon-coverall/carbon-coverall-poc/node_modules/sass/sass.dart.js:96565:25)
    at _EvaluateVisitor1._evaluate0$_withStackFrame$3 (/Users/chrisvelgersdyk/Desktop/carbon-coverall/carbon-coverall-poc/node_modules/sass/sass.dart.js:96571:19)
    at _EvaluateVisitor1._evaluate0$_loadModule$7$baseUrl$configuration$namesInErrors (/Users/chrisvelgersdyk/Desktop/carbon-coverall/carbon-coverall-poc/node_modules/sass/sass.dart.js:94481:13)
    at _EvaluateVisitor1._evaluate0$_loadModule$4 (/Users/chrisvelgersdyk/Desktop/carbon-coverall/carbon-coverall-poc/node_modules/sass/sass.dart.js:94487:19)
    at _EvaluateVisitor1.visitForwardRule$1 (/Users/chrisvelgersdyk/Desktop/carbon-coverall/carbon-coverall-poc/node_modules/sass/sass.dart.js:94899:15)
    at ForwardRule0.accept$1$1 (/Users/chrisvelgersdyk/Desktop/carbon-coverall/carbon-coverall-poc/node_modules/sass/sass.dart.js:99949:22)</failure>
    </testcase>
  </testsuite>
  <testsuite name="scss/components/menu" errors="0" failures="1" skipped="0" timestamp="2025-04-09T19:39:57" time="0.228" tests="1">
    <testcase classname="scss/components/menu Public API" name="scss/components/menu Public API" time="0.071">
      <failure>Error: Can&apos;t find stylesheet to import.
  ╷
8 │ @forward &apos;generated/themes&apos;;
  │ ^^^^^^^^^^^^^^^^^^^^^^^^^^^
  ╵
  node_modules/@carbon/themes/scss/_themes.scss 8:1         @forward
  packages/styles/scss/_themes.scss 9:1                     @use
  packages/styles/scss/components/button/_tokens.scss 10:1  @use
  packages/styles/scss/components/menu/_menu.scss 8:1       @forward
  packages/styles/scss/components/menu/_index.scss 8:1      @use
  stdin 5:8                                                 root stylesheet
    at Object.wrapException (/Users/chrisvelgersdyk/Desktop/carbon-coverall/carbon-coverall-poc/node_modules/sass/sass.dart.js:2161:43)
    at _EvaluateVisitor1._evaluate0$_loadStylesheet$4$baseUrl$forImport (/Users/chrisvelgersdyk/Desktop/carbon-coverall/carbon-coverall-poc/node_modules/sass/sass.dart.js:95086:19)
    at _EvaluateVisitor1._evaluate0$_loadStylesheet$3$baseUrl (/Users/chrisvelgersdyk/Desktop/carbon-coverall/carbon-coverall-poc/node_modules/sass/sass.dart.js:95112:19)
    at _EvaluateVisitor__loadModule_closure4.call$0 (/Users/chrisvelgersdyk/Desktop/carbon-coverall/carbon-coverall-poc/node_modules/sass/sass.dart.js:97026:19)
    at _EvaluateVisitor1._evaluate0$_withStackFrame$1$3 (/Users/chrisvelgersdyk/Desktop/carbon-coverall/carbon-coverall-poc/node_modules/sass/sass.dart.js:96565:25)
    at _EvaluateVisitor1._evaluate0$_withStackFrame$3 (/Users/chrisvelgersdyk/Desktop/carbon-coverall/carbon-coverall-poc/node_modules/sass/sass.dart.js:96571:19)
    at _EvaluateVisitor1._evaluate0$_loadModule$7$baseUrl$configuration$namesInErrors (/Users/chrisvelgersdyk/Desktop/carbon-coverall/carbon-coverall-poc/node_modules/sass/sass.dart.js:94481:13)
    at _EvaluateVisitor1._evaluate0$_loadModule$4 (/Users/chrisvelgersdyk/Desktop/carbon-coverall/carbon-coverall-poc/node_modules/sass/sass.dart.js:94487:19)
    at _EvaluateVisitor1.visitForwardRule$1 (/Users/chrisvelgersdyk/Desktop/carbon-coverall/carbon-coverall-poc/node_modules/sass/sass.dart.js:94899:15)
    at ForwardRule0.accept$1$1 (/Users/chrisvelgersdyk/Desktop/carbon-coverall/carbon-coverall-poc/node_modules/sass/sass.dart.js:99949:22)</failure>
    </testcase>
  </testsuite>
  <testsuite name="scss/components/fluid-date-picker" errors="0" failures="1" skipped="0" timestamp="2025-04-09T19:39:57" time="0.189" tests="1">
    <testcase classname="scss/components/fluid-date-picker Public API" name="scss/components/fluid-date-picker Public API" time="0.059">
      <failure>Error: Can&apos;t find stylesheet to import.
  ╷
8 │ @forward &apos;./generated/fluid-spacing&apos;;
  │ ^^^^^^^^^^^^^^^^^^^^^^^^^^^^^^^^^^^^
  ╵
  node_modules/@carbon/layout/scss/_spacing.scss 8:1                              @forward
  packages/styles/scss/_spacing.scss 8:1                                          @use
  packages/styles/scss/components/fluid-date-picker/_fluid-date-picker.scss 13:1  @forward
  packages/styles/scss/components/fluid-date-picker/_index.scss 8:1               @use
  stdin 5:7                                                                       root stylesheet
    at Object.wrapException (/Users/chrisvelgersdyk/Desktop/carbon-coverall/carbon-coverall-poc/node_modules/sass/sass.dart.js:2161:43)
    at _EvaluateVisitor1._evaluate0$_loadStylesheet$4$baseUrl$forImport (/Users/chrisvelgersdyk/Desktop/carbon-coverall/carbon-coverall-poc/node_modules/sass/sass.dart.js:95086:19)
    at _EvaluateVisitor1._evaluate0$_loadStylesheet$3$baseUrl (/Users/chrisvelgersdyk/Desktop/carbon-coverall/carbon-coverall-poc/node_modules/sass/sass.dart.js:95112:19)
    at _EvaluateVisitor__loadModule_closure4.call$0 (/Users/chrisvelgersdyk/Desktop/carbon-coverall/carbon-coverall-poc/node_modules/sass/sass.dart.js:97026:19)
    at _EvaluateVisitor1._evaluate0$_withStackFrame$1$3 (/Users/chrisvelgersdyk/Desktop/carbon-coverall/carbon-coverall-poc/node_modules/sass/sass.dart.js:96565:25)
    at _EvaluateVisitor1._evaluate0$_withStackFrame$3 (/Users/chrisvelgersdyk/Desktop/carbon-coverall/carbon-coverall-poc/node_modules/sass/sass.dart.js:96571:19)
    at _EvaluateVisitor1._evaluate0$_loadModule$7$baseUrl$configuration$namesInErrors (/Users/chrisvelgersdyk/Desktop/carbon-coverall/carbon-coverall-poc/node_modules/sass/sass.dart.js:94481:13)
    at _EvaluateVisitor1._evaluate0$_loadModule$4 (/Users/chrisvelgersdyk/Desktop/carbon-coverall/carbon-coverall-poc/node_modules/sass/sass.dart.js:94487:19)
    at _EvaluateVisitor1.visitForwardRule$1 (/Users/chrisvelgersdyk/Desktop/carbon-coverall/carbon-coverall-poc/node_modules/sass/sass.dart.js:94899:15)
    at ForwardRule0.accept$1$1 (/Users/chrisvelgersdyk/Desktop/carbon-coverall/carbon-coverall-poc/node_modules/sass/sass.dart.js:99949:22)</failure>
    </testcase>
  </testsuite>
  <testsuite name="scss/components/breadcrumb" errors="0" failures="1" skipped="0" timestamp="2025-04-09T19:39:57" time="0.213" tests="1">
    <testcase classname="scss/components/breadcrumb Public API" name="scss/components/breadcrumb Public API" time="0.076">
      <failure>Error: Can&apos;t find stylesheet to import.
  ╷
8 │ @forward &apos;./generated/fluid-spacing&apos;;
  │ ^^^^^^^^^^^^^^^^^^^^^^^^^^^^^^^^^^^^
  ╵
  node_modules/@carbon/layout/scss/_spacing.scss 8:1                     @forward
  packages/styles/scss/_spacing.scss 8:1                                 @use
  packages/styles/scss/components/button/_vars.scss 8:1                  @forward
  packages/styles/scss/components/button/_index.scss 8:1                 @use
  packages/styles/scss/components/overflow-menu/_overflow-menu.scss 8:1  @forward
  packages/styles/scss/components/overflow-menu/_index.scss 8:1          @use
  packages/styles/scss/components/breadcrumb/_breadcrumb.scss 8:1        @forward
  packages/styles/scss/components/breadcrumb/_index.scss 8:1             @use
  stdin 5:7                                                              root stylesheet
    at Object.wrapException (/Users/chrisvelgersdyk/Desktop/carbon-coverall/carbon-coverall-poc/node_modules/sass/sass.dart.js:2161:43)
    at _EvaluateVisitor1._evaluate0$_loadStylesheet$4$baseUrl$forImport (/Users/chrisvelgersdyk/Desktop/carbon-coverall/carbon-coverall-poc/node_modules/sass/sass.dart.js:95086:19)
    at _EvaluateVisitor1._evaluate0$_loadStylesheet$3$baseUrl (/Users/chrisvelgersdyk/Desktop/carbon-coverall/carbon-coverall-poc/node_modules/sass/sass.dart.js:95112:19)
    at _EvaluateVisitor__loadModule_closure4.call$0 (/Users/chrisvelgersdyk/Desktop/carbon-coverall/carbon-coverall-poc/node_modules/sass/sass.dart.js:97026:19)
    at _EvaluateVisitor1._evaluate0$_withStackFrame$1$3 (/Users/chrisvelgersdyk/Desktop/carbon-coverall/carbon-coverall-poc/node_modules/sass/sass.dart.js:96565:25)
    at _EvaluateVisitor1._evaluate0$_withStackFrame$3 (/Users/chrisvelgersdyk/Desktop/carbon-coverall/carbon-coverall-poc/node_modules/sass/sass.dart.js:96571:19)
    at _EvaluateVisitor1._evaluate0$_loadModule$7$baseUrl$configuration$namesInErrors (/Users/chrisvelgersdyk/Desktop/carbon-coverall/carbon-coverall-poc/node_modules/sass/sass.dart.js:94481:13)
    at _EvaluateVisitor1._evaluate0$_loadModule$4 (/Users/chrisvelgersdyk/Desktop/carbon-coverall/carbon-coverall-poc/node_modules/sass/sass.dart.js:94487:19)
    at _EvaluateVisitor1.visitForwardRule$1 (/Users/chrisvelgersdyk/Desktop/carbon-coverall/carbon-coverall-poc/node_modules/sass/sass.dart.js:94899:15)
    at ForwardRule0.accept$1$1 (/Users/chrisvelgersdyk/Desktop/carbon-coverall/carbon-coverall-poc/node_modules/sass/sass.dart.js:99949:22)</failure>
    </testcase>
  </testsuite>
  <testsuite name="scss/components/content-switcher" errors="0" failures="1" skipped="0" timestamp="2025-04-09T19:39:57" time="0.194" tests="1">
    <testcase classname="scss/components/content-switcher Public API" name="scss/components/content-switcher Public API" time="0.059">
      <failure>Error: Can&apos;t find stylesheet to import.
  ╷
8 │ @forward &apos;./generated/fluid-spacing&apos;;
  │ ^^^^^^^^^^^^^^^^^^^^^^^^^^^^^^^^^^^^
  ╵
  node_modules/@carbon/layout/scss/_spacing.scss 8:1                           @forward
  packages/styles/scss/_spacing.scss 8:1                                       @use
  packages/styles/scss/components/button/_vars.scss 8:1                        @forward
  packages/styles/scss/components/button/_index.scss 8:1                       @use
  packages/styles/scss/components/content-switcher/_content-switcher.scss 8:1  @forward
  packages/styles/scss/components/content-switcher/_index.scss 8:1             @use
  stdin 5:7                                                                    root stylesheet
    at Object.wrapException (/Users/chrisvelgersdyk/Desktop/carbon-coverall/carbon-coverall-poc/node_modules/sass/sass.dart.js:2161:43)
    at _EvaluateVisitor1._evaluate0$_loadStylesheet$4$baseUrl$forImport (/Users/chrisvelgersdyk/Desktop/carbon-coverall/carbon-coverall-poc/node_modules/sass/sass.dart.js:95086:19)
    at _EvaluateVisitor1._evaluate0$_loadStylesheet$3$baseUrl (/Users/chrisvelgersdyk/Desktop/carbon-coverall/carbon-coverall-poc/node_modules/sass/sass.dart.js:95112:19)
    at _EvaluateVisitor__loadModule_closure4.call$0 (/Users/chrisvelgersdyk/Desktop/carbon-coverall/carbon-coverall-poc/node_modules/sass/sass.dart.js:97026:19)
    at _EvaluateVisitor1._evaluate0$_withStackFrame$1$3 (/Users/chrisvelgersdyk/Desktop/carbon-coverall/carbon-coverall-poc/node_modules/sass/sass.dart.js:96565:25)
    at _EvaluateVisitor1._evaluate0$_withStackFrame$3 (/Users/chrisvelgersdyk/Desktop/carbon-coverall/carbon-coverall-poc/node_modules/sass/sass.dart.js:96571:19)
    at _EvaluateVisitor1._evaluate0$_loadModule$7$baseUrl$configuration$namesInErrors (/Users/chrisvelgersdyk/Desktop/carbon-coverall/carbon-coverall-poc/node_modules/sass/sass.dart.js:94481:13)
    at _EvaluateVisitor1._evaluate0$_loadModule$4 (/Users/chrisvelgersdyk/Desktop/carbon-coverall/carbon-coverall-poc/node_modules/sass/sass.dart.js:94487:19)
    at _EvaluateVisitor1.visitForwardRule$1 (/Users/chrisvelgersdyk/Desktop/carbon-coverall/carbon-coverall-poc/node_modules/sass/sass.dart.js:94899:15)
    at ForwardRule0.accept$1$1 (/Users/chrisvelgersdyk/Desktop/carbon-coverall/carbon-coverall-poc/node_modules/sass/sass.dart.js:99949:22)</failure>
    </testcase>
  </testsuite>
  <testsuite name="scss/components/ui-shell" errors="0" failures="1" skipped="0" timestamp="2025-04-09T19:39:57" time="0.229" tests="1">
    <testcase classname="scss/components/ui-shell Public API" name="scss/components/ui-shell Public API" time="0.047">
      <failure>Error: Can&apos;t find stylesheet to import.
  ╷
8 │ @forward &apos;generated/themes&apos;;
  │ ^^^^^^^^^^^^^^^^^^^^^^^^^^^
  ╵
  node_modules/@carbon/themes/scss/compat/_themes.scss 8:1             @use
  packages/styles/scss/compat/_themes.scss 9:1                         @use
  packages/styles/scss/theme/_theme.scss 12:1                          @forward
  packages/styles/scss/_theme.scss 8:1                                 @use
  packages/styles/scss/components/ui-shell/content/_content.scss 10:1  @forward
  packages/styles/scss/components/ui-shell/content/_index.scss 8:1     @use
  packages/styles/scss/components/ui-shell/_ui-shell.scss 8:1          @forward
  packages/styles/scss/components/ui-shell/_index.scss 8:1             @use
  stdin 5:8                                                            root stylesheet
    at Object.wrapException (/Users/chrisvelgersdyk/Desktop/carbon-coverall/carbon-coverall-poc/node_modules/sass/sass.dart.js:2161:43)
    at _EvaluateVisitor1._evaluate0$_loadStylesheet$4$baseUrl$forImport (/Users/chrisvelgersdyk/Desktop/carbon-coverall/carbon-coverall-poc/node_modules/sass/sass.dart.js:95086:19)
    at _EvaluateVisitor1._evaluate0$_loadStylesheet$3$baseUrl (/Users/chrisvelgersdyk/Desktop/carbon-coverall/carbon-coverall-poc/node_modules/sass/sass.dart.js:95112:19)
    at _EvaluateVisitor__loadModule_closure4.call$0 (/Users/chrisvelgersdyk/Desktop/carbon-coverall/carbon-coverall-poc/node_modules/sass/sass.dart.js:97026:19)
    at _EvaluateVisitor1._evaluate0$_withStackFrame$1$3 (/Users/chrisvelgersdyk/Desktop/carbon-coverall/carbon-coverall-poc/node_modules/sass/sass.dart.js:96565:25)
    at _EvaluateVisitor1._evaluate0$_withStackFrame$3 (/Users/chrisvelgersdyk/Desktop/carbon-coverall/carbon-coverall-poc/node_modules/sass/sass.dart.js:96571:19)
    at _EvaluateVisitor1._evaluate0$_loadModule$7$baseUrl$configuration$namesInErrors (/Users/chrisvelgersdyk/Desktop/carbon-coverall/carbon-coverall-poc/node_modules/sass/sass.dart.js:94481:13)
    at _EvaluateVisitor1._evaluate0$_loadModule$4 (/Users/chrisvelgersdyk/Desktop/carbon-coverall/carbon-coverall-poc/node_modules/sass/sass.dart.js:94487:19)
    at _EvaluateVisitor1.visitForwardRule$1 (/Users/chrisvelgersdyk/Desktop/carbon-coverall/carbon-coverall-poc/node_modules/sass/sass.dart.js:94899:15)
    at ForwardRule0.accept$1$1 (/Users/chrisvelgersdyk/Desktop/carbon-coverall/carbon-coverall-poc/node_modules/sass/sass.dart.js:99949:22)</failure>
    </testcase>
  </testsuite>
  <testsuite name="scss/components/progress-indicator" errors="0" failures="1" skipped="0" timestamp="2025-04-09T19:39:57" time="0.192" tests="1">
    <testcase classname="scss/components/progress-indicator Public API" name="scss/components/progress-indicator Public API" time="0.048">
      <failure>Error: Can&apos;t find stylesheet to import.
  ╷
8 │ @forward &apos;./generated/fluid-spacing&apos;;
  │ ^^^^^^^^^^^^^^^^^^^^^^^^^^^^^^^^^^^^
  ╵
  node_modules/@carbon/layout/scss/_spacing.scss 8:1                               @forward
  packages/styles/scss/_spacing.scss 8:1                                           @use
  packages/styles/scss/components/button/_vars.scss 8:1                            @forward
  packages/styles/scss/components/button/_index.scss 8:1                           @use
  packages/styles/scss/components/progress-indicator/_progress-indicator.scss 8:1  @forward
  packages/styles/scss/components/progress-indicator/_index.scss 8:1               @use
  stdin 4:7                                                                        root stylesheet
    at Object.wrapException (/Users/chrisvelgersdyk/Desktop/carbon-coverall/carbon-coverall-poc/node_modules/sass/sass.dart.js:2161:43)
    at _EvaluateVisitor1._evaluate0$_loadStylesheet$4$baseUrl$forImport (/Users/chrisvelgersdyk/Desktop/carbon-coverall/carbon-coverall-poc/node_modules/sass/sass.dart.js:95086:19)
    at _EvaluateVisitor1._evaluate0$_loadStylesheet$3$baseUrl (/Users/chrisvelgersdyk/Desktop/carbon-coverall/carbon-coverall-poc/node_modules/sass/sass.dart.js:95112:19)
    at _EvaluateVisitor__loadModule_closure4.call$0 (/Users/chrisvelgersdyk/Desktop/carbon-coverall/carbon-coverall-poc/node_modules/sass/sass.dart.js:97026:19)
    at _EvaluateVisitor1._evaluate0$_withStackFrame$1$3 (/Users/chrisvelgersdyk/Desktop/carbon-coverall/carbon-coverall-poc/node_modules/sass/sass.dart.js:96565:25)
    at _EvaluateVisitor1._evaluate0$_withStackFrame$3 (/Users/chrisvelgersdyk/Desktop/carbon-coverall/carbon-coverall-poc/node_modules/sass/sass.dart.js:96571:19)
    at _EvaluateVisitor1._evaluate0$_loadModule$7$baseUrl$configuration$namesInErrors (/Users/chrisvelgersdyk/Desktop/carbon-coverall/carbon-coverall-poc/node_modules/sass/sass.dart.js:94481:13)
    at _EvaluateVisitor1._evaluate0$_loadModule$4 (/Users/chrisvelgersdyk/Desktop/carbon-coverall/carbon-coverall-poc/node_modules/sass/sass.dart.js:94487:19)
    at _EvaluateVisitor1.visitForwardRule$1 (/Users/chrisvelgersdyk/Desktop/carbon-coverall/carbon-coverall-poc/node_modules/sass/sass.dart.js:94899:15)
    at ForwardRule0.accept$1$1 (/Users/chrisvelgersdyk/Desktop/carbon-coverall/carbon-coverall-poc/node_modules/sass/sass.dart.js:99949:22)</failure>
    </testcase>
  </testsuite>
  <testsuite name="scss/components/fluid-number-input" errors="0" failures="1" skipped="0" timestamp="2025-04-09T19:39:57" time="0.214" tests="1">
    <testcase classname="scss/components/fluid-number-input Public API" name="scss/components/fluid-number-input Public API" time="0.062">
      <failure>Error: Can&apos;t find stylesheet to import.
  ╷
8 │ @forward &apos;./generated/fluid-spacing&apos;;
  │ ^^^^^^^^^^^^^^^^^^^^^^^^^^^^^^^^^^^^
  ╵
  node_modules/@carbon/layout/scss/_spacing.scss 8:1                                @forward
  packages/styles/scss/_spacing.scss 8:1                                            @use
  packages/styles/scss/components/fluid-number-input/_fluid-number-input.scss 13:1  @forward
  packages/styles/scss/components/fluid-number-input/_index.scss 8:1                @use
  stdin 5:7                                                                         root stylesheet
    at Object.wrapException (/Users/chrisvelgersdyk/Desktop/carbon-coverall/carbon-coverall-poc/node_modules/sass/sass.dart.js:2161:43)
    at _EvaluateVisitor1._evaluate0$_loadStylesheet$4$baseUrl$forImport (/Users/chrisvelgersdyk/Desktop/carbon-coverall/carbon-coverall-poc/node_modules/sass/sass.dart.js:95086:19)
    at _EvaluateVisitor1._evaluate0$_loadStylesheet$3$baseUrl (/Users/chrisvelgersdyk/Desktop/carbon-coverall/carbon-coverall-poc/node_modules/sass/sass.dart.js:95112:19)
    at _EvaluateVisitor__loadModule_closure4.call$0 (/Users/chrisvelgersdyk/Desktop/carbon-coverall/carbon-coverall-poc/node_modules/sass/sass.dart.js:97026:19)
    at _EvaluateVisitor1._evaluate0$_withStackFrame$1$3 (/Users/chrisvelgersdyk/Desktop/carbon-coverall/carbon-coverall-poc/node_modules/sass/sass.dart.js:96565:25)
    at _EvaluateVisitor1._evaluate0$_withStackFrame$3 (/Users/chrisvelgersdyk/Desktop/carbon-coverall/carbon-coverall-poc/node_modules/sass/sass.dart.js:96571:19)
    at _EvaluateVisitor1._evaluate0$_loadModule$7$baseUrl$configuration$namesInErrors (/Users/chrisvelgersdyk/Desktop/carbon-coverall/carbon-coverall-poc/node_modules/sass/sass.dart.js:94481:13)
    at _EvaluateVisitor1._evaluate0$_loadModule$4 (/Users/chrisvelgersdyk/Desktop/carbon-coverall/carbon-coverall-poc/node_modules/sass/sass.dart.js:94487:19)
    at _EvaluateVisitor1.visitForwardRule$1 (/Users/chrisvelgersdyk/Desktop/carbon-coverall/carbon-coverall-poc/node_modules/sass/sass.dart.js:94899:15)
    at ForwardRule0.accept$1$1 (/Users/chrisvelgersdyk/Desktop/carbon-coverall/carbon-coverall-poc/node_modules/sass/sass.dart.js:99949:22)</failure>
    </testcase>
  </testsuite>
  <testsuite name="scss/components/pagination-nav" errors="0" failures="1" skipped="0" timestamp="2025-04-09T19:39:57" time="0.245" tests="1">
    <testcase classname="scss/components/pagination-nav Public API" name="scss/components/pagination-nav Public API" time="0.08">
      <failure>Error: Can&apos;t find stylesheet to import.
  ╷
8 │ @forward &apos;./generated/fluid-spacing&apos;;
  │ ^^^^^^^^^^^^^^^^^^^^^^^^^^^^^^^^^^^^
  ╵
  node_modules/@carbon/layout/scss/_spacing.scss 8:1                       @forward
  packages/styles/scss/_spacing.scss 8:1                                   @use
  packages/styles/scss/components/pagination-nav/_mixins.scss 9:1          @use
  packages/styles/scss/components/pagination-nav/_pagination-nav.scss 8:1  @forward
  packages/styles/scss/components/pagination-nav/_index.scss 8:1           @use
  stdin 4:8                                                                root stylesheet
    at Object.wrapException (/Users/chrisvelgersdyk/Desktop/carbon-coverall/carbon-coverall-poc/node_modules/sass/sass.dart.js:2161:43)
    at _EvaluateVisitor1._evaluate0$_loadStylesheet$4$baseUrl$forImport (/Users/chrisvelgersdyk/Desktop/carbon-coverall/carbon-coverall-poc/node_modules/sass/sass.dart.js:95086:19)
    at _EvaluateVisitor1._evaluate0$_loadStylesheet$3$baseUrl (/Users/chrisvelgersdyk/Desktop/carbon-coverall/carbon-coverall-poc/node_modules/sass/sass.dart.js:95112:19)
    at _EvaluateVisitor__loadModule_closure4.call$0 (/Users/chrisvelgersdyk/Desktop/carbon-coverall/carbon-coverall-poc/node_modules/sass/sass.dart.js:97026:19)
    at _EvaluateVisitor1._evaluate0$_withStackFrame$1$3 (/Users/chrisvelgersdyk/Desktop/carbon-coverall/carbon-coverall-poc/node_modules/sass/sass.dart.js:96565:25)
    at _EvaluateVisitor1._evaluate0$_withStackFrame$3 (/Users/chrisvelgersdyk/Desktop/carbon-coverall/carbon-coverall-poc/node_modules/sass/sass.dart.js:96571:19)
    at _EvaluateVisitor1._evaluate0$_loadModule$7$baseUrl$configuration$namesInErrors (/Users/chrisvelgersdyk/Desktop/carbon-coverall/carbon-coverall-poc/node_modules/sass/sass.dart.js:94481:13)
    at _EvaluateVisitor1._evaluate0$_loadModule$4 (/Users/chrisvelgersdyk/Desktop/carbon-coverall/carbon-coverall-poc/node_modules/sass/sass.dart.js:94487:19)
    at _EvaluateVisitor1.visitForwardRule$1 (/Users/chrisvelgersdyk/Desktop/carbon-coverall/carbon-coverall-poc/node_modules/sass/sass.dart.js:94899:15)
    at ForwardRule0.accept$1$1 (/Users/chrisvelgersdyk/Desktop/carbon-coverall/carbon-coverall-poc/node_modules/sass/sass.dart.js:99949:22)</failure>
    </testcase>
  </testsuite>
  <testsuite name="scss/components/toggle" errors="0" failures="1" skipped="0" timestamp="2025-04-09T19:39:57" time="0.27" tests="1">
    <testcase classname="scss/components/toggle Public API" name="scss/components/toggle Public API" time="0.089">
      <failure>Error: Can&apos;t find stylesheet to import.
  ╷
8 │ @forward &apos;./generated/fluid-spacing&apos;;
  │ ^^^^^^^^^^^^^^^^^^^^^^^^^^^^^^^^^^^^
  ╵
  node_modules/@carbon/layout/scss/_spacing.scss 8:1        @forward
  packages/styles/scss/_spacing.scss 8:1                    @use
  packages/styles/scss/components/toggle/_toggle.scss 10:1  @forward
  packages/styles/scss/components/toggle/_index.scss 8:1    @use
  stdin 5:8                                                 root stylesheet
    at Object.wrapException (/Users/chrisvelgersdyk/Desktop/carbon-coverall/carbon-coverall-poc/node_modules/sass/sass.dart.js:2161:43)
    at _EvaluateVisitor1._evaluate0$_loadStylesheet$4$baseUrl$forImport (/Users/chrisvelgersdyk/Desktop/carbon-coverall/carbon-coverall-poc/node_modules/sass/sass.dart.js:95086:19)
    at _EvaluateVisitor1._evaluate0$_loadStylesheet$3$baseUrl (/Users/chrisvelgersdyk/Desktop/carbon-coverall/carbon-coverall-poc/node_modules/sass/sass.dart.js:95112:19)
    at _EvaluateVisitor__loadModule_closure4.call$0 (/Users/chrisvelgersdyk/Desktop/carbon-coverall/carbon-coverall-poc/node_modules/sass/sass.dart.js:97026:19)
    at _EvaluateVisitor1._evaluate0$_withStackFrame$1$3 (/Users/chrisvelgersdyk/Desktop/carbon-coverall/carbon-coverall-poc/node_modules/sass/sass.dart.js:96565:25)
    at _EvaluateVisitor1._evaluate0$_withStackFrame$3 (/Users/chrisvelgersdyk/Desktop/carbon-coverall/carbon-coverall-poc/node_modules/sass/sass.dart.js:96571:19)
    at _EvaluateVisitor1._evaluate0$_loadModule$7$baseUrl$configuration$namesInErrors (/Users/chrisvelgersdyk/Desktop/carbon-coverall/carbon-coverall-poc/node_modules/sass/sass.dart.js:94481:13)
    at _EvaluateVisitor1._evaluate0$_loadModule$4 (/Users/chrisvelgersdyk/Desktop/carbon-coverall/carbon-coverall-poc/node_modules/sass/sass.dart.js:94487:19)
    at _EvaluateVisitor1.visitForwardRule$1 (/Users/chrisvelgersdyk/Desktop/carbon-coverall/carbon-coverall-poc/node_modules/sass/sass.dart.js:94899:15)
    at ForwardRule0.accept$1$1 (/Users/chrisvelgersdyk/Desktop/carbon-coverall/carbon-coverall-poc/node_modules/sass/sass.dart.js:99949:22)</failure>
    </testcase>
  </testsuite>
  <testsuite name="scss/components/tag" errors="0" failures="1" skipped="0" timestamp="2025-04-09T19:39:57" time="0.221" tests="1">
    <testcase classname="scss/components/tag Public API" name="scss/components/tag Public API" time="0.132">
      <failure>Error: Can&apos;t find stylesheet to import.
  ╷
8 │ @forward &apos;generated/themes&apos;;
  │ ^^^^^^^^^^^^^^^^^^^^^^^^^^^
  ╵
  node_modules/@carbon/themes/scss/compat/_themes.scss 8:1  @use
  packages/styles/scss/compat/_themes.scss 9:1              @use
  packages/styles/scss/theme/_theme.scss 12:1               @forward
  packages/styles/scss/_theme.scss 8:1                      @use
  packages/styles/scss/components/tag/_tag.scss 8:1         @use
  stdin 4:7                                                 root stylesheet
    at Object.wrapException (/Users/chrisvelgersdyk/Desktop/carbon-coverall/carbon-coverall-poc/node_modules/sass/sass.dart.js:2161:43)
    at _EvaluateVisitor1._evaluate0$_loadStylesheet$4$baseUrl$forImport (/Users/chrisvelgersdyk/Desktop/carbon-coverall/carbon-coverall-poc/node_modules/sass/sass.dart.js:95086:19)
    at _EvaluateVisitor1._evaluate0$_loadStylesheet$3$baseUrl (/Users/chrisvelgersdyk/Desktop/carbon-coverall/carbon-coverall-poc/node_modules/sass/sass.dart.js:95112:19)
    at _EvaluateVisitor__loadModule_closure4.call$0 (/Users/chrisvelgersdyk/Desktop/carbon-coverall/carbon-coverall-poc/node_modules/sass/sass.dart.js:97026:19)
    at _EvaluateVisitor1._evaluate0$_withStackFrame$1$3 (/Users/chrisvelgersdyk/Desktop/carbon-coverall/carbon-coverall-poc/node_modules/sass/sass.dart.js:96565:25)
    at _EvaluateVisitor1._evaluate0$_withStackFrame$3 (/Users/chrisvelgersdyk/Desktop/carbon-coverall/carbon-coverall-poc/node_modules/sass/sass.dart.js:96571:19)
    at _EvaluateVisitor1._evaluate0$_loadModule$7$baseUrl$configuration$namesInErrors (/Users/chrisvelgersdyk/Desktop/carbon-coverall/carbon-coverall-poc/node_modules/sass/sass.dart.js:94481:13)
    at _EvaluateVisitor1._evaluate0$_loadModule$4 (/Users/chrisvelgersdyk/Desktop/carbon-coverall/carbon-coverall-poc/node_modules/sass/sass.dart.js:94487:19)
    at _EvaluateVisitor1.visitForwardRule$1 (/Users/chrisvelgersdyk/Desktop/carbon-coverall/carbon-coverall-poc/node_modules/sass/sass.dart.js:94899:15)
    at ForwardRule0.accept$1$1 (/Users/chrisvelgersdyk/Desktop/carbon-coverall/carbon-coverall-poc/node_modules/sass/sass.dart.js:99949:22)</failure>
    </testcase>
  </testsuite>
  <testsuite name="scss/components/structured-list" errors="0" failures="1" skipped="0" timestamp="2025-04-09T19:39:57" time="0.331" tests="1">
    <testcase classname="scss/components/structured-list Public API" name="scss/components/structured-list Public API" time="0.169">
      <failure>Error: Can&apos;t find stylesheet to import.
  ╷
8 │ @forward &apos;./generated/fluid-spacing&apos;;
  │ ^^^^^^^^^^^^^^^^^^^^^^^^^^^^^^^^^^^^
  ╵
  node_modules/@carbon/layout/scss/_spacing.scss 8:1                         @forward
  packages/styles/scss/_spacing.scss 8:1                                     @use
  packages/styles/scss/components/structured-list/_mixins.scss 8:1           @use
  packages/styles/scss/components/structured-list/_structured-list.scss 8:1  @forward
  packages/styles/scss/components/structured-list/_index.scss 8:1            @use
  stdin 5:9                                                                  root stylesheet
    at Object.wrapException (/Users/chrisvelgersdyk/Desktop/carbon-coverall/carbon-coverall-poc/node_modules/sass/sass.dart.js:2161:43)
    at _EvaluateVisitor1._evaluate0$_loadStylesheet$4$baseUrl$forImport (/Users/chrisvelgersdyk/Desktop/carbon-coverall/carbon-coverall-poc/node_modules/sass/sass.dart.js:95086:19)
    at _EvaluateVisitor1._evaluate0$_loadStylesheet$3$baseUrl (/Users/chrisvelgersdyk/Desktop/carbon-coverall/carbon-coverall-poc/node_modules/sass/sass.dart.js:95112:19)
    at _EvaluateVisitor__loadModule_closure4.call$0 (/Users/chrisvelgersdyk/Desktop/carbon-coverall/carbon-coverall-poc/node_modules/sass/sass.dart.js:97026:19)
    at _EvaluateVisitor1._evaluate0$_withStackFrame$1$3 (/Users/chrisvelgersdyk/Desktop/carbon-coverall/carbon-coverall-poc/node_modules/sass/sass.dart.js:96565:25)
    at _EvaluateVisitor1._evaluate0$_withStackFrame$3 (/Users/chrisvelgersdyk/Desktop/carbon-coverall/carbon-coverall-poc/node_modules/sass/sass.dart.js:96571:19)
    at _EvaluateVisitor1._evaluate0$_loadModule$7$baseUrl$configuration$namesInErrors (/Users/chrisvelgersdyk/Desktop/carbon-coverall/carbon-coverall-poc/node_modules/sass/sass.dart.js:94481:13)
    at _EvaluateVisitor1._evaluate0$_loadModule$4 (/Users/chrisvelgersdyk/Desktop/carbon-coverall/carbon-coverall-poc/node_modules/sass/sass.dart.js:94487:19)
    at _EvaluateVisitor1.visitForwardRule$1 (/Users/chrisvelgersdyk/Desktop/carbon-coverall/carbon-coverall-poc/node_modules/sass/sass.dart.js:94899:15)
    at ForwardRule0.accept$1$1 (/Users/chrisvelgersdyk/Desktop/carbon-coverall/carbon-coverall-poc/node_modules/sass/sass.dart.js:99949:22)</failure>
    </testcase>
  </testsuite>
  <testsuite name="scss/components/treeview" errors="0" failures="1" skipped="0" timestamp="2025-04-09T19:39:57" time="0.223" tests="1">
    <testcase classname="scss/components/treeview Public API" name="scss/components/treeview Public API" time="0.104">
      <failure>Error: Can&apos;t find stylesheet to import.
  ╷
8 │ @forward &apos;./generated/fluid-spacing&apos;;
  │ ^^^^^^^^^^^^^^^^^^^^^^^^^^^^^^^^^^^^
  ╵
  node_modules/@carbon/layout/scss/_spacing.scss 8:1           @forward
  packages/styles/scss/_spacing.scss 8:1                       @use
  packages/styles/scss/components/form/_form.scss 9:1          @forward
  packages/styles/scss/components/form/_index.scss 8:1         @use
  packages/styles/scss/components/treeview/_treeview.scss 8:1  @forward
  packages/styles/scss/components/treeview/_index.scss 8:1     @use
  stdin 4:8                                                    root stylesheet
    at Object.wrapException (/Users/chrisvelgersdyk/Desktop/carbon-coverall/carbon-coverall-poc/node_modules/sass/sass.dart.js:2161:43)
    at _EvaluateVisitor1._evaluate0$_loadStylesheet$4$baseUrl$forImport (/Users/chrisvelgersdyk/Desktop/carbon-coverall/carbon-coverall-poc/node_modules/sass/sass.dart.js:95086:19)
    at _EvaluateVisitor1._evaluate0$_loadStylesheet$3$baseUrl (/Users/chrisvelgersdyk/Desktop/carbon-coverall/carbon-coverall-poc/node_modules/sass/sass.dart.js:95112:19)
    at _EvaluateVisitor__loadModule_closure4.call$0 (/Users/chrisvelgersdyk/Desktop/carbon-coverall/carbon-coverall-poc/node_modules/sass/sass.dart.js:97026:19)
    at _EvaluateVisitor1._evaluate0$_withStackFrame$1$3 (/Users/chrisvelgersdyk/Desktop/carbon-coverall/carbon-coverall-poc/node_modules/sass/sass.dart.js:96565:25)
    at _EvaluateVisitor1._evaluate0$_withStackFrame$3 (/Users/chrisvelgersdyk/Desktop/carbon-coverall/carbon-coverall-poc/node_modules/sass/sass.dart.js:96571:19)
    at _EvaluateVisitor1._evaluate0$_loadModule$7$baseUrl$configuration$namesInErrors (/Users/chrisvelgersdyk/Desktop/carbon-coverall/carbon-coverall-poc/node_modules/sass/sass.dart.js:94481:13)
    at _EvaluateVisitor1._evaluate0$_loadModule$4 (/Users/chrisvelgersdyk/Desktop/carbon-coverall/carbon-coverall-poc/node_modules/sass/sass.dart.js:94487:19)
    at _EvaluateVisitor1.visitForwardRule$1 (/Users/chrisvelgersdyk/Desktop/carbon-coverall/carbon-coverall-poc/node_modules/sass/sass.dart.js:94899:15)
    at ForwardRule0.accept$1$1 (/Users/chrisvelgersdyk/Desktop/carbon-coverall/carbon-coverall-poc/node_modules/sass/sass.dart.js:99949:22)</failure>
    </testcase>
  </testsuite>
  <testsuite name="@carbon/styles/scss/spacing" errors="0" failures="1" skipped="0" timestamp="2025-04-09T19:39:57" time="0.164" tests="1">
    <testcase classname="@carbon/styles/scss/spacing Public API" name="@carbon/styles/scss/spacing Public API" time="0.029">
      <failure>Error: Can&apos;t find stylesheet to import.
  ╷
8 │ @forward &apos;./generated/fluid-spacing&apos;;
  │ ^^^^^^^^^^^^^^^^^^^^^^^^^^^^^^^^^^^^
  ╵
  node_modules/@carbon/layout/scss/_spacing.scss 8:1  @forward
  packages/styles/scss/_spacing.scss 8:1              @use
  stdin 4:7                                           root stylesheet
    at Object.wrapException (/Users/chrisvelgersdyk/Desktop/carbon-coverall/carbon-coverall-poc/node_modules/sass/sass.dart.js:2161:43)
    at _EvaluateVisitor1._evaluate0$_loadStylesheet$4$baseUrl$forImport (/Users/chrisvelgersdyk/Desktop/carbon-coverall/carbon-coverall-poc/node_modules/sass/sass.dart.js:95086:19)
    at _EvaluateVisitor1._evaluate0$_loadStylesheet$3$baseUrl (/Users/chrisvelgersdyk/Desktop/carbon-coverall/carbon-coverall-poc/node_modules/sass/sass.dart.js:95112:19)
    at _EvaluateVisitor__loadModule_closure4.call$0 (/Users/chrisvelgersdyk/Desktop/carbon-coverall/carbon-coverall-poc/node_modules/sass/sass.dart.js:97026:19)
    at _EvaluateVisitor1._evaluate0$_withStackFrame$1$3 (/Users/chrisvelgersdyk/Desktop/carbon-coverall/carbon-coverall-poc/node_modules/sass/sass.dart.js:96565:25)
    at _EvaluateVisitor1._evaluate0$_withStackFrame$3 (/Users/chrisvelgersdyk/Desktop/carbon-coverall/carbon-coverall-poc/node_modules/sass/sass.dart.js:96571:19)
    at _EvaluateVisitor1._evaluate0$_loadModule$7$baseUrl$configuration$namesInErrors (/Users/chrisvelgersdyk/Desktop/carbon-coverall/carbon-coverall-poc/node_modules/sass/sass.dart.js:94481:13)
    at _EvaluateVisitor1._evaluate0$_loadModule$4 (/Users/chrisvelgersdyk/Desktop/carbon-coverall/carbon-coverall-poc/node_modules/sass/sass.dart.js:94487:19)
    at _EvaluateVisitor1.visitForwardRule$1 (/Users/chrisvelgersdyk/Desktop/carbon-coverall/carbon-coverall-poc/node_modules/sass/sass.dart.js:94899:15)
    at ForwardRule0.accept$1$1 (/Users/chrisvelgersdyk/Desktop/carbon-coverall/carbon-coverall-poc/node_modules/sass/sass.dart.js:99949:22)</failure>
    </testcase>
  </testsuite>
  <testsuite name="@carbon/styles/scss/themes" errors="0" failures="1" skipped="0" timestamp="2025-04-09T19:39:57" time="0.203" tests="1">
    <testcase classname="@carbon/styles/scss/themes Public API" name="@carbon/styles/scss/themes Public API" time="0.03">
      <failure>Error: Can&apos;t find stylesheet to import.
  ╷
8 │ @forward &apos;generated/themes&apos;;
  │ ^^^^^^^^^^^^^^^^^^^^^^^^^^^
  ╵
  node_modules/@carbon/themes/scss/_themes.scss 8:1  @forward
  packages/styles/scss/_themes.scss 9:1              @use
  stdin 5:7                                          root stylesheet
    at Object.wrapException (/Users/chrisvelgersdyk/Desktop/carbon-coverall/carbon-coverall-poc/node_modules/sass/sass.dart.js:2161:43)
    at _EvaluateVisitor1._evaluate0$_loadStylesheet$4$baseUrl$forImport (/Users/chrisvelgersdyk/Desktop/carbon-coverall/carbon-coverall-poc/node_modules/sass/sass.dart.js:95086:19)
    at _EvaluateVisitor1._evaluate0$_loadStylesheet$3$baseUrl (/Users/chrisvelgersdyk/Desktop/carbon-coverall/carbon-coverall-poc/node_modules/sass/sass.dart.js:95112:19)
    at _EvaluateVisitor__loadModule_closure4.call$0 (/Users/chrisvelgersdyk/Desktop/carbon-coverall/carbon-coverall-poc/node_modules/sass/sass.dart.js:97026:19)
    at _EvaluateVisitor1._evaluate0$_withStackFrame$1$3 (/Users/chrisvelgersdyk/Desktop/carbon-coverall/carbon-coverall-poc/node_modules/sass/sass.dart.js:96565:25)
    at _EvaluateVisitor1._evaluate0$_withStackFrame$3 (/Users/chrisvelgersdyk/Desktop/carbon-coverall/carbon-coverall-poc/node_modules/sass/sass.dart.js:96571:19)
    at _EvaluateVisitor1._evaluate0$_loadModule$7$baseUrl$configuration$namesInErrors (/Users/chrisvelgersdyk/Desktop/carbon-coverall/carbon-coverall-poc/node_modules/sass/sass.dart.js:94481:13)
    at _EvaluateVisitor1._evaluate0$_loadModule$4 (/Users/chrisvelgersdyk/Desktop/carbon-coverall/carbon-coverall-poc/node_modules/sass/sass.dart.js:94487:19)
    at _EvaluateVisitor1.visitForwardRule$1 (/Users/chrisvelgersdyk/Desktop/carbon-coverall/carbon-coverall-poc/node_modules/sass/sass.dart.js:94899:15)
    at ForwardRule0.accept$1$1 (/Users/chrisvelgersdyk/Desktop/carbon-coverall/carbon-coverall-poc/node_modules/sass/sass.dart.js:99949:22)</failure>
    </testcase>
  </testsuite>
  <testsuite name="scss/components/link" errors="0" failures="1" skipped="0" timestamp="2025-04-09T19:39:57" time="0.27" tests="1">
    <testcase classname="scss/components/link Public API" name="scss/components/link Public API" time="0.062">
      <failure>Error: Can&apos;t find stylesheet to import.
  ╷
8 │ @forward &apos;./generated/fluid-spacing&apos;;
  │ ^^^^^^^^^^^^^^^^^^^^^^^^^^^^^^^^^^^^
  ╵
  node_modules/@carbon/layout/scss/_spacing.scss 8:1    @forward
  packages/styles/scss/_spacing.scss 8:1                @use
  packages/styles/scss/components/link/_link.scss 10:1  @forward
  packages/styles/scss/components/link/_index.scss 8:1  @use
  stdin 4:7                                             root stylesheet
    at Object.wrapException (/Users/chrisvelgersdyk/Desktop/carbon-coverall/carbon-coverall-poc/node_modules/sass/sass.dart.js:2161:43)
    at _EvaluateVisitor1._evaluate0$_loadStylesheet$4$baseUrl$forImport (/Users/chrisvelgersdyk/Desktop/carbon-coverall/carbon-coverall-poc/node_modules/sass/sass.dart.js:95086:19)
    at _EvaluateVisitor1._evaluate0$_loadStylesheet$3$baseUrl (/Users/chrisvelgersdyk/Desktop/carbon-coverall/carbon-coverall-poc/node_modules/sass/sass.dart.js:95112:19)
    at _EvaluateVisitor__loadModule_closure4.call$0 (/Users/chrisvelgersdyk/Desktop/carbon-coverall/carbon-coverall-poc/node_modules/sass/sass.dart.js:97026:19)
    at _EvaluateVisitor1._evaluate0$_withStackFrame$1$3 (/Users/chrisvelgersdyk/Desktop/carbon-coverall/carbon-coverall-poc/node_modules/sass/sass.dart.js:96565:25)
    at _EvaluateVisitor1._evaluate0$_withStackFrame$3 (/Users/chrisvelgersdyk/Desktop/carbon-coverall/carbon-coverall-poc/node_modules/sass/sass.dart.js:96571:19)
    at _EvaluateVisitor1._evaluate0$_loadModule$7$baseUrl$configuration$namesInErrors (/Users/chrisvelgersdyk/Desktop/carbon-coverall/carbon-coverall-poc/node_modules/sass/sass.dart.js:94481:13)
    at _EvaluateVisitor1._evaluate0$_loadModule$4 (/Users/chrisvelgersdyk/Desktop/carbon-coverall/carbon-coverall-poc/node_modules/sass/sass.dart.js:94487:19)
    at _EvaluateVisitor1.visitForwardRule$1 (/Users/chrisvelgersdyk/Desktop/carbon-coverall/carbon-coverall-poc/node_modules/sass/sass.dart.js:94899:15)
    at ForwardRule0.accept$1$1 (/Users/chrisvelgersdyk/Desktop/carbon-coverall/carbon-coverall-poc/node_modules/sass/sass.dart.js:99949:22)</failure>
    </testcase>
  </testsuite>
  <testsuite name="scss/components/skeleton-styles" errors="0" failures="1" skipped="0" timestamp="2025-04-09T19:39:57" time="0.169" tests="1">
    <testcase classname="scss/components/skeleton-styles Public API" name="scss/components/skeleton-styles Public API" time="0.059">
      <failure>Error: Can&apos;t find stylesheet to import.
  ╷
8 │ @forward &apos;generated/themes&apos;;
  │ ^^^^^^^^^^^^^^^^^^^^^^^^^^^
  ╵
  node_modules/@carbon/themes/scss/compat/_themes.scss 8:1                   @use
  packages/styles/scss/compat/_themes.scss 9:1                               @use
  packages/styles/scss/theme/_theme.scss 12:1                                @forward
  packages/styles/scss/_theme.scss 8:1                                       @use
  packages/styles/scss/utilities/_skeleton.scss 9:1                          @use
  packages/styles/scss/components/skeleton-styles/_skeleton-styles.scss 9:1  @forward
  packages/styles/scss/components/skeleton-styles/_index.scss 8:1            @use
  stdin 4:7                                                                  root stylesheet
    at Object.wrapException (/Users/chrisvelgersdyk/Desktop/carbon-coverall/carbon-coverall-poc/node_modules/sass/sass.dart.js:2161:43)
    at _EvaluateVisitor1._evaluate0$_loadStylesheet$4$baseUrl$forImport (/Users/chrisvelgersdyk/Desktop/carbon-coverall/carbon-coverall-poc/node_modules/sass/sass.dart.js:95086:19)
    at _EvaluateVisitor1._evaluate0$_loadStylesheet$3$baseUrl (/Users/chrisvelgersdyk/Desktop/carbon-coverall/carbon-coverall-poc/node_modules/sass/sass.dart.js:95112:19)
    at _EvaluateVisitor__loadModule_closure4.call$0 (/Users/chrisvelgersdyk/Desktop/carbon-coverall/carbon-coverall-poc/node_modules/sass/sass.dart.js:97026:19)
    at _EvaluateVisitor1._evaluate0$_withStackFrame$1$3 (/Users/chrisvelgersdyk/Desktop/carbon-coverall/carbon-coverall-poc/node_modules/sass/sass.dart.js:96565:25)
    at _EvaluateVisitor1._evaluate0$_withStackFrame$3 (/Users/chrisvelgersdyk/Desktop/carbon-coverall/carbon-coverall-poc/node_modules/sass/sass.dart.js:96571:19)
    at _EvaluateVisitor1._evaluate0$_loadModule$7$baseUrl$configuration$namesInErrors (/Users/chrisvelgersdyk/Desktop/carbon-coverall/carbon-coverall-poc/node_modules/sass/sass.dart.js:94481:13)
    at _EvaluateVisitor1._evaluate0$_loadModule$4 (/Users/chrisvelgersdyk/Desktop/carbon-coverall/carbon-coverall-poc/node_modules/sass/sass.dart.js:94487:19)
    at _EvaluateVisitor1.visitForwardRule$1 (/Users/chrisvelgersdyk/Desktop/carbon-coverall/carbon-coverall-poc/node_modules/sass/sass.dart.js:94899:15)
    at ForwardRule0.accept$1$1 (/Users/chrisvelgersdyk/Desktop/carbon-coverall/carbon-coverall-poc/node_modules/sass/sass.dart.js:99949:22)</failure>
    </testcase>
  </testsuite>
  <testsuite name="scss/components/date-picker" errors="0" failures="1" skipped="0" timestamp="2025-04-09T19:39:57" time="0.278" tests="1">
    <testcase classname="scss/components/date-picker Public API" name="scss/components/date-picker Public API" time="0.078">
      <failure>Error: Can&apos;t find stylesheet to import.
  ╷
8 │ @forward &apos;generated/themes&apos;;
  │ ^^^^^^^^^^^^^^^^^^^^^^^^^^^
  ╵
  node_modules/@carbon/themes/scss/compat/_themes.scss 8:1           @use
  packages/styles/scss/compat/_themes.scss 9:1                       @use
  packages/styles/scss/theme/_theme.scss 12:1                        @forward
  packages/styles/scss/_theme.scss 8:1                               @use
  packages/styles/scss/components/date-picker/_flatpickr.scss 9:1    @use
  packages/styles/scss/components/date-picker/_date-picker.scss 8:1  @forward
  packages/styles/scss/components/date-picker/_index.scss 8:1        @use
  stdin 4:7                                                          root stylesheet
    at Object.wrapException (/Users/chrisvelgersdyk/Desktop/carbon-coverall/carbon-coverall-poc/node_modules/sass/sass.dart.js:2161:43)
    at _EvaluateVisitor1._evaluate0$_loadStylesheet$4$baseUrl$forImport (/Users/chrisvelgersdyk/Desktop/carbon-coverall/carbon-coverall-poc/node_modules/sass/sass.dart.js:95086:19)
    at _EvaluateVisitor1._evaluate0$_loadStylesheet$3$baseUrl (/Users/chrisvelgersdyk/Desktop/carbon-coverall/carbon-coverall-poc/node_modules/sass/sass.dart.js:95112:19)
    at _EvaluateVisitor__loadModule_closure4.call$0 (/Users/chrisvelgersdyk/Desktop/carbon-coverall/carbon-coverall-poc/node_modules/sass/sass.dart.js:97026:19)
    at _EvaluateVisitor1._evaluate0$_withStackFrame$1$3 (/Users/chrisvelgersdyk/Desktop/carbon-coverall/carbon-coverall-poc/node_modules/sass/sass.dart.js:96565:25)
    at _EvaluateVisitor1._evaluate0$_withStackFrame$3 (/Users/chrisvelgersdyk/Desktop/carbon-coverall/carbon-coverall-poc/node_modules/sass/sass.dart.js:96571:19)
    at _EvaluateVisitor1._evaluate0$_loadModule$7$baseUrl$configuration$namesInErrors (/Users/chrisvelgersdyk/Desktop/carbon-coverall/carbon-coverall-poc/node_modules/sass/sass.dart.js:94481:13)
    at _EvaluateVisitor1._evaluate0$_loadModule$4 (/Users/chrisvelgersdyk/Desktop/carbon-coverall/carbon-coverall-poc/node_modules/sass/sass.dart.js:94487:19)
    at _EvaluateVisitor1.visitForwardRule$1 (/Users/chrisvelgersdyk/Desktop/carbon-coverall/carbon-coverall-poc/node_modules/sass/sass.dart.js:94899:15)
    at ForwardRule0.accept$1$1 (/Users/chrisvelgersdyk/Desktop/carbon-coverall/carbon-coverall-poc/node_modules/sass/sass.dart.js:99949:22)</failure>
    </testcase>
  </testsuite>
  <testsuite name="scss/components/checkbox" errors="0" failures="1" skipped="0" timestamp="2025-04-09T19:39:57" time="0.257" tests="1">
    <testcase classname="scss/components/checkbox Public API" name="scss/components/checkbox Public API" time="0.074">
      <failure>Error: Can&apos;t find stylesheet to import.
  ╷
8 │ @forward &apos;./generated/fluid-spacing&apos;;
  │ ^^^^^^^^^^^^^^^^^^^^^^^^^^^^^^^^^^^^
  ╵
  node_modules/@carbon/layout/scss/_spacing.scss 8:1           @forward
  packages/styles/scss/_spacing.scss 8:1                       @use
  packages/styles/scss/components/form/_form.scss 9:1          @forward
  packages/styles/scss/components/form/_index.scss 8:1         @use
  packages/styles/scss/components/checkbox/_checkbox.scss 8:1  @forward
  packages/styles/scss/components/checkbox/_index.scss 8:1     @use
  stdin 5:7                                                    root stylesheet
    at Object.wrapException (/Users/chrisvelgersdyk/Desktop/carbon-coverall/carbon-coverall-poc/node_modules/sass/sass.dart.js:2161:43)
    at _EvaluateVisitor1._evaluate0$_loadStylesheet$4$baseUrl$forImport (/Users/chrisvelgersdyk/Desktop/carbon-coverall/carbon-coverall-poc/node_modules/sass/sass.dart.js:95086:19)
    at _EvaluateVisitor1._evaluate0$_loadStylesheet$3$baseUrl (/Users/chrisvelgersdyk/Desktop/carbon-coverall/carbon-coverall-poc/node_modules/sass/sass.dart.js:95112:19)
    at _EvaluateVisitor__loadModule_closure4.call$0 (/Users/chrisvelgersdyk/Desktop/carbon-coverall/carbon-coverall-poc/node_modules/sass/sass.dart.js:97026:19)
    at _EvaluateVisitor1._evaluate0$_withStackFrame$1$3 (/Users/chrisvelgersdyk/Desktop/carbon-coverall/carbon-coverall-poc/node_modules/sass/sass.dart.js:96565:25)
    at _EvaluateVisitor1._evaluate0$_withStackFrame$3 (/Users/chrisvelgersdyk/Desktop/carbon-coverall/carbon-coverall-poc/node_modules/sass/sass.dart.js:96571:19)
    at _EvaluateVisitor1._evaluate0$_loadModule$7$baseUrl$configuration$namesInErrors (/Users/chrisvelgersdyk/Desktop/carbon-coverall/carbon-coverall-poc/node_modules/sass/sass.dart.js:94481:13)
    at _EvaluateVisitor1._evaluate0$_loadModule$4 (/Users/chrisvelgersdyk/Desktop/carbon-coverall/carbon-coverall-poc/node_modules/sass/sass.dart.js:94487:19)
    at _EvaluateVisitor1.visitForwardRule$1 (/Users/chrisvelgersdyk/Desktop/carbon-coverall/carbon-coverall-poc/node_modules/sass/sass.dart.js:94899:15)
    at ForwardRule0.accept$1$1 (/Users/chrisvelgersdyk/Desktop/carbon-coverall/carbon-coverall-poc/node_modules/sass/sass.dart.js:99949:22)</failure>
    </testcase>
  </testsuite>
  <testsuite name="scss/components/fluid-list-box" errors="0" failures="1" skipped="0" timestamp="2025-04-09T19:39:57" time="0.246" tests="1">
    <testcase classname="scss/components/fluid-list-box Public API" name="scss/components/fluid-list-box Public API" time="0.083">
      <failure>Error: Can&apos;t find stylesheet to import.
  ╷
8 │ @forward &apos;./generated/fluid-spacing&apos;;
  │ ^^^^^^^^^^^^^^^^^^^^^^^^^^^^^^^^^^^^
  ╵
  node_modules/@carbon/layout/scss/_spacing.scss 8:1                        @forward
  packages/styles/scss/_spacing.scss 8:1                                    @use
  packages/styles/scss/components/fluid-list-box/_fluid-list-box.scss 13:1  @forward
  packages/styles/scss/components/fluid-list-box/_index.scss 8:1            @use
  stdin 5:7                                                                 root stylesheet
    at Object.wrapException (/Users/chrisvelgersdyk/Desktop/carbon-coverall/carbon-coverall-poc/node_modules/sass/sass.dart.js:2161:43)
    at _EvaluateVisitor1._evaluate0$_loadStylesheet$4$baseUrl$forImport (/Users/chrisvelgersdyk/Desktop/carbon-coverall/carbon-coverall-poc/node_modules/sass/sass.dart.js:95086:19)
    at _EvaluateVisitor1._evaluate0$_loadStylesheet$3$baseUrl (/Users/chrisvelgersdyk/Desktop/carbon-coverall/carbon-coverall-poc/node_modules/sass/sass.dart.js:95112:19)
    at _EvaluateVisitor__loadModule_closure4.call$0 (/Users/chrisvelgersdyk/Desktop/carbon-coverall/carbon-coverall-poc/node_modules/sass/sass.dart.js:97026:19)
    at _EvaluateVisitor1._evaluate0$_withStackFrame$1$3 (/Users/chrisvelgersdyk/Desktop/carbon-coverall/carbon-coverall-poc/node_modules/sass/sass.dart.js:96565:25)
    at _EvaluateVisitor1._evaluate0$_withStackFrame$3 (/Users/chrisvelgersdyk/Desktop/carbon-coverall/carbon-coverall-poc/node_modules/sass/sass.dart.js:96571:19)
    at _EvaluateVisitor1._evaluate0$_loadModule$7$baseUrl$configuration$namesInErrors (/Users/chrisvelgersdyk/Desktop/carbon-coverall/carbon-coverall-poc/node_modules/sass/sass.dart.js:94481:13)
    at _EvaluateVisitor1._evaluate0$_loadModule$4 (/Users/chrisvelgersdyk/Desktop/carbon-coverall/carbon-coverall-poc/node_modules/sass/sass.dart.js:94487:19)
    at _EvaluateVisitor1.visitForwardRule$1 (/Users/chrisvelgersdyk/Desktop/carbon-coverall/carbon-coverall-poc/node_modules/sass/sass.dart.js:94899:15)
    at ForwardRule0.accept$1$1 (/Users/chrisvelgersdyk/Desktop/carbon-coverall/carbon-coverall-poc/node_modules/sass/sass.dart.js:99949:22)</failure>
    </testcase>
  </testsuite>
  <testsuite name="scss/components/tile" errors="0" failures="1" skipped="0" timestamp="2025-04-09T19:39:57" time="0.239" tests="1">
    <testcase classname="scss/components/tile Public API" name="scss/components/tile Public API" time="0.099">
      <failure>Error: Can&apos;t find stylesheet to import.
  ╷
8 │ @forward &apos;generated/themes&apos;;
  │ ^^^^^^^^^^^^^^^^^^^^^^^^^^^
  ╵
  node_modules/@carbon/themes/scss/_themes.scss 8:1         @forward
  packages/styles/scss/_themes.scss 9:1                     @use
  packages/styles/scss/components/button/_tokens.scss 10:1  @use
  packages/styles/scss/components/tile/_tile.scss 8:1       @forward
  packages/styles/scss/components/tile/_index.scss 8:1      @use
  stdin 4:8                                                 root stylesheet
    at Object.wrapException (/Users/chrisvelgersdyk/Desktop/carbon-coverall/carbon-coverall-poc/node_modules/sass/sass.dart.js:2161:43)
    at _EvaluateVisitor1._evaluate0$_loadStylesheet$4$baseUrl$forImport (/Users/chrisvelgersdyk/Desktop/carbon-coverall/carbon-coverall-poc/node_modules/sass/sass.dart.js:95086:19)
    at _EvaluateVisitor1._evaluate0$_loadStylesheet$3$baseUrl (/Users/chrisvelgersdyk/Desktop/carbon-coverall/carbon-coverall-poc/node_modules/sass/sass.dart.js:95112:19)
    at _EvaluateVisitor__loadModule_closure4.call$0 (/Users/chrisvelgersdyk/Desktop/carbon-coverall/carbon-coverall-poc/node_modules/sass/sass.dart.js:97026:19)
    at _EvaluateVisitor1._evaluate0$_withStackFrame$1$3 (/Users/chrisvelgersdyk/Desktop/carbon-coverall/carbon-coverall-poc/node_modules/sass/sass.dart.js:96565:25)
    at _EvaluateVisitor1._evaluate0$_withStackFrame$3 (/Users/chrisvelgersdyk/Desktop/carbon-coverall/carbon-coverall-poc/node_modules/sass/sass.dart.js:96571:19)
    at _EvaluateVisitor1._evaluate0$_loadModule$7$baseUrl$configuration$namesInErrors (/Users/chrisvelgersdyk/Desktop/carbon-coverall/carbon-coverall-poc/node_modules/sass/sass.dart.js:94481:13)
    at _EvaluateVisitor1._evaluate0$_loadModule$4 (/Users/chrisvelgersdyk/Desktop/carbon-coverall/carbon-coverall-poc/node_modules/sass/sass.dart.js:94487:19)
    at _EvaluateVisitor1.visitForwardRule$1 (/Users/chrisvelgersdyk/Desktop/carbon-coverall/carbon-coverall-poc/node_modules/sass/sass.dart.js:94899:15)
    at ForwardRule0.accept$1$1 (/Users/chrisvelgersdyk/Desktop/carbon-coverall/carbon-coverall-poc/node_modules/sass/sass.dart.js:99949:22)</failure>
    </testcase>
  </testsuite>
  <testsuite name="@carbon/styles/scss/type" errors="0" failures="4" skipped="0" timestamp="2025-04-09T19:39:57" time="0.296" tests="4">
    <testcase classname="@carbon/styles/scss/type Public API" name="@carbon/styles/scss/type Public API" time="0.052">
      <failure>Error: Can&apos;t find stylesheet to import.
  ╷
9 │ @use &apos;scss/generated/feature-flags&apos;;
  │ ^^^^^^^^^^^^^^^^^^^^^^^^^^^^^^^^^^^
  ╵
  node_modules/@carbon/feature-flags/index.scss 9:1  @forward
  packages/styles/scss/_feature-flags.scss 8:1       @use
  packages/styles/scss/type/_index.scss 8:1          @use
  stdin 5:7                                          root stylesheet
    at Object.wrapException (/Users/chrisvelgersdyk/Desktop/carbon-coverall/carbon-coverall-poc/node_modules/sass/sass.dart.js:2161:43)
    at _EvaluateVisitor1._evaluate0$_loadStylesheet$4$baseUrl$forImport (/Users/chrisvelgersdyk/Desktop/carbon-coverall/carbon-coverall-poc/node_modules/sass/sass.dart.js:95086:19)
    at _EvaluateVisitor1._evaluate0$_loadStylesheet$3$baseUrl (/Users/chrisvelgersdyk/Desktop/carbon-coverall/carbon-coverall-poc/node_modules/sass/sass.dart.js:95112:19)
    at _EvaluateVisitor__loadModule_closure4.call$0 (/Users/chrisvelgersdyk/Desktop/carbon-coverall/carbon-coverall-poc/node_modules/sass/sass.dart.js:97026:19)
    at _EvaluateVisitor1._evaluate0$_withStackFrame$1$3 (/Users/chrisvelgersdyk/Desktop/carbon-coverall/carbon-coverall-poc/node_modules/sass/sass.dart.js:96565:25)
    at _EvaluateVisitor1._evaluate0$_withStackFrame$3 (/Users/chrisvelgersdyk/Desktop/carbon-coverall/carbon-coverall-poc/node_modules/sass/sass.dart.js:96571:19)
    at _EvaluateVisitor1._evaluate0$_loadModule$7$baseUrl$configuration$namesInErrors (/Users/chrisvelgersdyk/Desktop/carbon-coverall/carbon-coverall-poc/node_modules/sass/sass.dart.js:94481:13)
    at _EvaluateVisitor1._evaluate0$_loadModule$5$configuration (/Users/chrisvelgersdyk/Desktop/carbon-coverall/carbon-coverall-poc/node_modules/sass/sass.dart.js:94484:19)
    at _EvaluateVisitor1.visitUseRule$1 (/Users/chrisvelgersdyk/Desktop/carbon-coverall/carbon-coverall-poc/node_modules/sass/sass.dart.js:95457:13)
    at UseRule0.accept$1$1 (/Users/chrisvelgersdyk/Desktop/carbon-coverall/carbon-coverall-poc/node_modules/sass/sass.dart.js:115346:22)</failure>
    </testcase>
    <testcase classname="@carbon/styles/scss/type prefix" name="@carbon/styles/scss/type prefix" time="0.05">
      <failure>Error: Can&apos;t find stylesheet to import.
  ╷
9 │ @use &apos;scss/generated/feature-flags&apos;;
  │ ^^^^^^^^^^^^^^^^^^^^^^^^^^^^^^^^^^^
  ╵
  node_modules/@carbon/feature-flags/index.scss 9:1  @forward
  packages/styles/scss/_feature-flags.scss 8:1       @use
  packages/styles/scss/type/_index.scss 8:1          @use
  stdin 6:7                                          root stylesheet
    at Object.wrapException (/Users/chrisvelgersdyk/Desktop/carbon-coverall/carbon-coverall-poc/node_modules/sass/sass.dart.js:2161:43)
    at _EvaluateVisitor1._evaluate0$_loadStylesheet$4$baseUrl$forImport (/Users/chrisvelgersdyk/Desktop/carbon-coverall/carbon-coverall-poc/node_modules/sass/sass.dart.js:95086:19)
    at _EvaluateVisitor1._evaluate0$_loadStylesheet$3$baseUrl (/Users/chrisvelgersdyk/Desktop/carbon-coverall/carbon-coverall-poc/node_modules/sass/sass.dart.js:95112:19)
    at _EvaluateVisitor__loadModule_closure4.call$0 (/Users/chrisvelgersdyk/Desktop/carbon-coverall/carbon-coverall-poc/node_modules/sass/sass.dart.js:97026:19)
    at _EvaluateVisitor1._evaluate0$_withStackFrame$1$3 (/Users/chrisvelgersdyk/Desktop/carbon-coverall/carbon-coverall-poc/node_modules/sass/sass.dart.js:96565:25)
    at _EvaluateVisitor1._evaluate0$_withStackFrame$3 (/Users/chrisvelgersdyk/Desktop/carbon-coverall/carbon-coverall-poc/node_modules/sass/sass.dart.js:96571:19)
    at _EvaluateVisitor1._evaluate0$_loadModule$7$baseUrl$configuration$namesInErrors (/Users/chrisvelgersdyk/Desktop/carbon-coverall/carbon-coverall-poc/node_modules/sass/sass.dart.js:94481:13)
    at _EvaluateVisitor1._evaluate0$_loadModule$5$configuration (/Users/chrisvelgersdyk/Desktop/carbon-coverall/carbon-coverall-poc/node_modules/sass/sass.dart.js:94484:19)
    at _EvaluateVisitor1.visitUseRule$1 (/Users/chrisvelgersdyk/Desktop/carbon-coverall/carbon-coverall-poc/node_modules/sass/sass.dart.js:95457:13)
    at UseRule0.accept$1$1 (/Users/chrisvelgersdyk/Desktop/carbon-coverall/carbon-coverall-poc/node_modules/sass/sass.dart.js:115346:22)</failure>
    </testcase>
    <testcase classname="@carbon/styles/scss/type type-classes mixin" name="@carbon/styles/scss/type type-classes mixin" time="0.021">
      <failure>Error: Can&apos;t find stylesheet to import.
  ╷
9 │ @use &apos;scss/generated/feature-flags&apos;;
  │ ^^^^^^^^^^^^^^^^^^^^^^^^^^^^^^^^^^^
  ╵
  node_modules/@carbon/feature-flags/index.scss 9:1  @forward
  packages/styles/scss/_feature-flags.scss 8:1       @use
  packages/styles/scss/type/_index.scss 8:1          @use
  stdin 3:7                                          root stylesheet
    at Object.wrapException (/Users/chrisvelgersdyk/Desktop/carbon-coverall/carbon-coverall-poc/node_modules/sass/sass.dart.js:2161:43)
    at _EvaluateVisitor1._evaluate0$_loadStylesheet$4$baseUrl$forImport (/Users/chrisvelgersdyk/Desktop/carbon-coverall/carbon-coverall-poc/node_modules/sass/sass.dart.js:95086:19)
    at _EvaluateVisitor1._evaluate0$_loadStylesheet$3$baseUrl (/Users/chrisvelgersdyk/Desktop/carbon-coverall/carbon-coverall-poc/node_modules/sass/sass.dart.js:95112:19)
    at _EvaluateVisitor__loadModule_closure4.call$0 (/Users/chrisvelgersdyk/Desktop/carbon-coverall/carbon-coverall-poc/node_modules/sass/sass.dart.js:97026:19)
    at _EvaluateVisitor1._evaluate0$_withStackFrame$1$3 (/Users/chrisvelgersdyk/Desktop/carbon-coverall/carbon-coverall-poc/node_modules/sass/sass.dart.js:96565:25)
    at _EvaluateVisitor1._evaluate0$_withStackFrame$3 (/Users/chrisvelgersdyk/Desktop/carbon-coverall/carbon-coverall-poc/node_modules/sass/sass.dart.js:96571:19)
    at _EvaluateVisitor1._evaluate0$_loadModule$7$baseUrl$configuration$namesInErrors (/Users/chrisvelgersdyk/Desktop/carbon-coverall/carbon-coverall-poc/node_modules/sass/sass.dart.js:94481:13)
    at _EvaluateVisitor1._evaluate0$_loadModule$5$configuration (/Users/chrisvelgersdyk/Desktop/carbon-coverall/carbon-coverall-poc/node_modules/sass/sass.dart.js:94484:19)
    at _EvaluateVisitor1.visitUseRule$1 (/Users/chrisvelgersdyk/Desktop/carbon-coverall/carbon-coverall-poc/node_modules/sass/sass.dart.js:95457:13)
    at UseRule0.accept$1$1 (/Users/chrisvelgersdyk/Desktop/carbon-coverall/carbon-coverall-poc/node_modules/sass/sass.dart.js:115346:22)</failure>
    </testcase>
    <testcase classname="type custom properties should emit the css Custom properties for non-fluid typography" name="type custom properties should emit the css Custom properties for non-fluid typography" time="0.004">
      <failure>Error: Can&apos;t find stylesheet to import.
  ╷
9 │ @use &apos;scss/generated/feature-flags&apos;;
  │ ^^^^^^^^^^^^^^^^^^^^^^^^^^^^^^^^^^^
  ╵
  node_modules/@carbon/feature-flags/index.scss 9:1  @forward
  packages/styles/scss/_feature-flags.scss 8:1       @use
  packages/styles/scss/type/_index.scss 8:1          @use
  stdin 3:9                                          root stylesheet
    at Object.wrapException (/Users/chrisvelgersdyk/Desktop/carbon-coverall/carbon-coverall-poc/node_modules/sass/sass.dart.js:2161:43)
    at _EvaluateVisitor1._evaluate0$_loadStylesheet$4$baseUrl$forImport (/Users/chrisvelgersdyk/Desktop/carbon-coverall/carbon-coverall-poc/node_modules/sass/sass.dart.js:95086:19)
    at _EvaluateVisitor1._evaluate0$_loadStylesheet$3$baseUrl (/Users/chrisvelgersdyk/Desktop/carbon-coverall/carbon-coverall-poc/node_modules/sass/sass.dart.js:95112:19)
    at _EvaluateVisitor__loadModule_closure4.call$0 (/Users/chrisvelgersdyk/Desktop/carbon-coverall/carbon-coverall-poc/node_modules/sass/sass.dart.js:97026:19)
    at _EvaluateVisitor1._evaluate0$_withStackFrame$1$3 (/Users/chrisvelgersdyk/Desktop/carbon-coverall/carbon-coverall-poc/node_modules/sass/sass.dart.js:96565:25)
    at _EvaluateVisitor1._evaluate0$_withStackFrame$3 (/Users/chrisvelgersdyk/Desktop/carbon-coverall/carbon-coverall-poc/node_modules/sass/sass.dart.js:96571:19)
    at _EvaluateVisitor1._evaluate0$_loadModule$7$baseUrl$configuration$namesInErrors (/Users/chrisvelgersdyk/Desktop/carbon-coverall/carbon-coverall-poc/node_modules/sass/sass.dart.js:94481:13)
    at _EvaluateVisitor1._evaluate0$_loadModule$5$configuration (/Users/chrisvelgersdyk/Desktop/carbon-coverall/carbon-coverall-poc/node_modules/sass/sass.dart.js:94484:19)
    at _EvaluateVisitor1.visitUseRule$1 (/Users/chrisvelgersdyk/Desktop/carbon-coverall/carbon-coverall-poc/node_modules/sass/sass.dart.js:95457:13)
    at UseRule0.accept$1$1 (/Users/chrisvelgersdyk/Desktop/carbon-coverall/carbon-coverall-poc/node_modules/sass/sass.dart.js:115346:22)</failure>
    </testcase>
  </testsuite>
  <testsuite name="scss/components/fluid-multiselect" errors="0" failures="1" skipped="0" timestamp="2025-04-09T19:39:57" time="0.246" tests="1">
    <testcase classname="scss/components/fluid-multiselect Public API" name="scss/components/fluid-multiselect Public API" time="0.05">
      <failure>Error: Can&apos;t find stylesheet to import.
  ╷
8 │ @forward &apos;./generated/fluid-spacing&apos;;
  │ ^^^^^^^^^^^^^^^^^^^^^^^^^^^^^^^^^^^^
  ╵
  node_modules/@carbon/layout/scss/_spacing.scss 8:1                              @forward
  packages/styles/scss/_spacing.scss 8:1                                          @use
  packages/styles/scss/components/fluid-multiselect/_fluid-multiselect.scss 13:1  @forward
  packages/styles/scss/components/fluid-multiselect/_index.scss 8:1               @use
  stdin 5:7                                                                       root stylesheet
    at Object.wrapException (/Users/chrisvelgersdyk/Desktop/carbon-coverall/carbon-coverall-poc/node_modules/sass/sass.dart.js:2161:43)
    at _EvaluateVisitor1._evaluate0$_loadStylesheet$4$baseUrl$forImport (/Users/chrisvelgersdyk/Desktop/carbon-coverall/carbon-coverall-poc/node_modules/sass/sass.dart.js:95086:19)
    at _EvaluateVisitor1._evaluate0$_loadStylesheet$3$baseUrl (/Users/chrisvelgersdyk/Desktop/carbon-coverall/carbon-coverall-poc/node_modules/sass/sass.dart.js:95112:19)
    at _EvaluateVisitor__loadModule_closure4.call$0 (/Users/chrisvelgersdyk/Desktop/carbon-coverall/carbon-coverall-poc/node_modules/sass/sass.dart.js:97026:19)
    at _EvaluateVisitor1._evaluate0$_withStackFrame$1$3 (/Users/chrisvelgersdyk/Desktop/carbon-coverall/carbon-coverall-poc/node_modules/sass/sass.dart.js:96565:25)
    at _EvaluateVisitor1._evaluate0$_withStackFrame$3 (/Users/chrisvelgersdyk/Desktop/carbon-coverall/carbon-coverall-poc/node_modules/sass/sass.dart.js:96571:19)
    at _EvaluateVisitor1._evaluate0$_loadModule$7$baseUrl$configuration$namesInErrors (/Users/chrisvelgersdyk/Desktop/carbon-coverall/carbon-coverall-poc/node_modules/sass/sass.dart.js:94481:13)
    at _EvaluateVisitor1._evaluate0$_loadModule$4 (/Users/chrisvelgersdyk/Desktop/carbon-coverall/carbon-coverall-poc/node_modules/sass/sass.dart.js:94487:19)
    at _EvaluateVisitor1.visitForwardRule$1 (/Users/chrisvelgersdyk/Desktop/carbon-coverall/carbon-coverall-poc/node_modules/sass/sass.dart.js:94899:15)
    at ForwardRule0.accept$1$1 (/Users/chrisvelgersdyk/Desktop/carbon-coverall/carbon-coverall-poc/node_modules/sass/sass.dart.js:99949:22)</failure>
    </testcase>
  </testsuite>
  <testsuite name="scss/components/time-picker" errors="0" failures="1" skipped="0" timestamp="2025-04-09T19:39:57" time="0.282" tests="1">
    <testcase classname="scss/components/time-picker Public API" name="scss/components/time-picker Public API" time="0.102">
      <failure>Error: Can&apos;t find stylesheet to import.
  ╷
8 │ @forward &apos;./generated/fluid-spacing&apos;;
  │ ^^^^^^^^^^^^^^^^^^^^^^^^^^^^^^^^^^^^
  ╵
  node_modules/@carbon/layout/scss/_spacing.scss 8:1                 @forward
  packages/styles/scss/_spacing.scss 8:1                             @use
  packages/styles/scss/components/form/_form.scss 9:1                @forward
  packages/styles/scss/components/form/_index.scss 8:1               @use
  packages/styles/scss/components/text-input/_text-input.scss 11:1   @forward
  packages/styles/scss/components/text-input/_index.scss 8:1         @use
  packages/styles/scss/components/time-picker/_time-picker.scss 8:1  @forward
  packages/styles/scss/components/time-picker/_index.scss 8:1        @use
  stdin 4:8                                                          root stylesheet
    at Object.wrapException (/Users/chrisvelgersdyk/Desktop/carbon-coverall/carbon-coverall-poc/node_modules/sass/sass.dart.js:2161:43)
    at _EvaluateVisitor1._evaluate0$_loadStylesheet$4$baseUrl$forImport (/Users/chrisvelgersdyk/Desktop/carbon-coverall/carbon-coverall-poc/node_modules/sass/sass.dart.js:95086:19)
    at _EvaluateVisitor1._evaluate0$_loadStylesheet$3$baseUrl (/Users/chrisvelgersdyk/Desktop/carbon-coverall/carbon-coverall-poc/node_modules/sass/sass.dart.js:95112:19)
    at _EvaluateVisitor__loadModule_closure4.call$0 (/Users/chrisvelgersdyk/Desktop/carbon-coverall/carbon-coverall-poc/node_modules/sass/sass.dart.js:97026:19)
    at _EvaluateVisitor1._evaluate0$_withStackFrame$1$3 (/Users/chrisvelgersdyk/Desktop/carbon-coverall/carbon-coverall-poc/node_modules/sass/sass.dart.js:96565:25)
    at _EvaluateVisitor1._evaluate0$_withStackFrame$3 (/Users/chrisvelgersdyk/Desktop/carbon-coverall/carbon-coverall-poc/node_modules/sass/sass.dart.js:96571:19)
    at _EvaluateVisitor1._evaluate0$_loadModule$7$baseUrl$configuration$namesInErrors (/Users/chrisvelgersdyk/Desktop/carbon-coverall/carbon-coverall-poc/node_modules/sass/sass.dart.js:94481:13)
    at _EvaluateVisitor1._evaluate0$_loadModule$4 (/Users/chrisvelgersdyk/Desktop/carbon-coverall/carbon-coverall-poc/node_modules/sass/sass.dart.js:94487:19)
    at _EvaluateVisitor1.visitForwardRule$1 (/Users/chrisvelgersdyk/Desktop/carbon-coverall/carbon-coverall-poc/node_modules/sass/sass.dart.js:94899:15)
    at ForwardRule0.accept$1$1 (/Users/chrisvelgersdyk/Desktop/carbon-coverall/carbon-coverall-poc/node_modules/sass/sass.dart.js:99949:22)</failure>
    </testcase>
  </testsuite>
  <testsuite name="scss/components/fluid-select" errors="0" failures="1" skipped="0" timestamp="2025-04-09T19:39:57" time="0.33" tests="1">
    <testcase classname="scss/components/fluid-select Public API" name="scss/components/fluid-select Public API" time="0.15">
      <failure>Error: Can&apos;t find stylesheet to import.
  ╷
8 │ @forward &apos;./generated/fluid-spacing&apos;;
  │ ^^^^^^^^^^^^^^^^^^^^^^^^^^^^^^^^^^^^
  ╵
  node_modules/@carbon/layout/scss/_spacing.scss 8:1                    @forward
  packages/styles/scss/_spacing.scss 8:1                                @use
  packages/styles/scss/components/fluid-select/_fluid-select.scss 13:1  @forward
  packages/styles/scss/components/fluid-select/_index.scss 8:1          @use
  stdin 5:7                                                             root stylesheet
    at Object.wrapException (/Users/chrisvelgersdyk/Desktop/carbon-coverall/carbon-coverall-poc/node_modules/sass/sass.dart.js:2161:43)
    at _EvaluateVisitor1._evaluate0$_loadStylesheet$4$baseUrl$forImport (/Users/chrisvelgersdyk/Desktop/carbon-coverall/carbon-coverall-poc/node_modules/sass/sass.dart.js:95086:19)
    at _EvaluateVisitor1._evaluate0$_loadStylesheet$3$baseUrl (/Users/chrisvelgersdyk/Desktop/carbon-coverall/carbon-coverall-poc/node_modules/sass/sass.dart.js:95112:19)
    at _EvaluateVisitor__loadModule_closure4.call$0 (/Users/chrisvelgersdyk/Desktop/carbon-coverall/carbon-coverall-poc/node_modules/sass/sass.dart.js:97026:19)
    at _EvaluateVisitor1._evaluate0$_withStackFrame$1$3 (/Users/chrisvelgersdyk/Desktop/carbon-coverall/carbon-coverall-poc/node_modules/sass/sass.dart.js:96565:25)
    at _EvaluateVisitor1._evaluate0$_withStackFrame$3 (/Users/chrisvelgersdyk/Desktop/carbon-coverall/carbon-coverall-poc/node_modules/sass/sass.dart.js:96571:19)
    at _EvaluateVisitor1._evaluate0$_loadModule$7$baseUrl$configuration$namesInErrors (/Users/chrisvelgersdyk/Desktop/carbon-coverall/carbon-coverall-poc/node_modules/sass/sass.dart.js:94481:13)
    at _EvaluateVisitor1._evaluate0$_loadModule$4 (/Users/chrisvelgersdyk/Desktop/carbon-coverall/carbon-coverall-poc/node_modules/sass/sass.dart.js:94487:19)
    at _EvaluateVisitor1.visitForwardRule$1 (/Users/chrisvelgersdyk/Desktop/carbon-coverall/carbon-coverall-poc/node_modules/sass/sass.dart.js:94899:15)
    at ForwardRule0.accept$1$1 (/Users/chrisvelgersdyk/Desktop/carbon-coverall/carbon-coverall-poc/node_modules/sass/sass.dart.js:99949:22)</failure>
    </testcase>
  </testsuite>
  <testsuite name="undefined" errors="0" failures="1" skipped="0" timestamp="2025-04-09T19:39:57" time="0.205" tests="1">
    <testcase classname=" should load" name=" should load" time="0.008">
      <failure>Error: expect(received).not.toThrow()

Error name:    &quot;Error&quot;
Error message: &quot;Cannot find module &apos;../lib&apos; from &apos;packages/react/__tests__/ssr-test.js&apos;&quot;

       9 |
      10 | test(&apos;should load&apos;, () =&gt; {
    &gt; 11 |   expect(() =&gt; require(&apos;../lib&apos;)).not.toThrow();
         |                ^
      12 | });
      13 |

      at Resolver._throwModNotFoundError (node_modules/jest-resolve/build/resolver.js:491:11)
      at require (packages/react/__tests__/ssr-test.js:11:16)
      at Object.&lt;anonymous&gt; (node_modules/expect/build/toThrowMatchers.js:83:11)
      at Object.throwingMatcher [as toThrow] (node_modules/expect/build/index.js:342:21)
      at Object.toThrow (packages/react/__tests__/ssr-test.js:11:39)
    at Object.toThrow (/Users/chrisvelgersdyk/Desktop/carbon-coverall/carbon-coverall-poc/packages/react/__tests__/ssr-test.js:11:39)
    at Promise.then.completed (/Users/chrisvelgersdyk/Desktop/carbon-coverall/carbon-coverall-poc/node_modules/jest-circus/build/utils.js:333:28)
    at new Promise (&lt;anonymous&gt;)
    at callAsyncCircusFn (/Users/chrisvelgersdyk/Desktop/carbon-coverall/carbon-coverall-poc/node_modules/jest-circus/build/utils.js:259:10)
    at _callCircusTest (/Users/chrisvelgersdyk/Desktop/carbon-coverall/carbon-coverall-poc/node_modules/jest-circus/build/run.js:276:40)
    at processTicksAndRejections (node:internal/process/task_queues:95:5)
    at _runTest (/Users/chrisvelgersdyk/Desktop/carbon-coverall/carbon-coverall-poc/node_modules/jest-circus/build/run.js:208:3)
    at _runTestsForDescribeBlock (/Users/chrisvelgersdyk/Desktop/carbon-coverall/carbon-coverall-poc/node_modules/jest-circus/build/run.js:96:9)
    at run (/Users/chrisvelgersdyk/Desktop/carbon-coverall/carbon-coverall-poc/node_modules/jest-circus/build/run.js:31:3)
    at runAndTransformResultsToJestFormat (/Users/chrisvelgersdyk/Desktop/carbon-coverall/carbon-coverall-poc/node_modules/jest-circus/build/legacy-code-todo-rewrite/jestAdapterInit.js:135:21)</failure>
    </testcase>
  </testsuite>
  <testsuite name="@carbon/icons-vue" errors="0" failures="2" skipped="0" timestamp="2025-04-09T19:39:51" time="6.712" tests="2">
    <testcase classname="@carbon/icons-vue should export each SVG asset" name="@carbon/icons-vue should export each SVG asset" time="0.006">
      <failure>Error: Cannot find module &apos;@carbon/icons-vue&apos; from &apos;e2e/icons-vue/components-test.js&apos;
    at Resolver._throwModNotFoundError (/Users/chrisvelgersdyk/Desktop/carbon-coverall/carbon-coverall-poc/node_modules/jest-resolve/build/resolver.js:491:11)
    at Resolver.resolveModule (/Users/chrisvelgersdyk/Desktop/carbon-coverall/carbon-coverall-poc/node_modules/jest-resolve/build/resolver.js:413:10)
    at Resolver._getVirtualMockPath (/Users/chrisvelgersdyk/Desktop/carbon-coverall/carbon-coverall-poc/node_modules/jest-resolve/build/resolver.js:733:14)
    at Resolver._getAbsolutePath (/Users/chrisvelgersdyk/Desktop/carbon-coverall/carbon-coverall-poc/node_modules/jest-resolve/build/resolver.js:690:14)
    at Resolver.getModuleID (/Users/chrisvelgersdyk/Desktop/carbon-coverall/carbon-coverall-poc/node_modules/jest-resolve/build/resolver.js:617:31)
    at Runtime._shouldMockCjs (/Users/chrisvelgersdyk/Desktop/carbon-coverall/carbon-coverall-poc/node_modules/jest-runtime/build/index.js:1962:37)
    at Runtime.requireModuleOrMock (/Users/chrisvelgersdyk/Desktop/carbon-coverall/carbon-coverall-poc/node_modules/jest-runtime/build/index.js:1241:14)
    at Object.require (/Users/chrisvelgersdyk/Desktop/carbon-coverall/carbon-coverall-poc/e2e/icons-vue/components-test.js:47:36)
    at Promise.then.completed (/Users/chrisvelgersdyk/Desktop/carbon-coverall/carbon-coverall-poc/node_modules/jest-circus/build/utils.js:333:28)
    at new Promise (&lt;anonymous&gt;)
    at callAsyncCircusFn (/Users/chrisvelgersdyk/Desktop/carbon-coverall/carbon-coverall-poc/node_modules/jest-circus/build/utils.js:259:10)
    at _callCircusTest (/Users/chrisvelgersdyk/Desktop/carbon-coverall/carbon-coverall-poc/node_modules/jest-circus/build/run.js:276:40)
    at _runTest (/Users/chrisvelgersdyk/Desktop/carbon-coverall/carbon-coverall-poc/node_modules/jest-circus/build/run.js:208:3)
    at _runTestsForDescribeBlock (/Users/chrisvelgersdyk/Desktop/carbon-coverall/carbon-coverall-poc/node_modules/jest-circus/build/run.js:96:9)
    at _runTestsForDescribeBlock (/Users/chrisvelgersdyk/Desktop/carbon-coverall/carbon-coverall-poc/node_modules/jest-circus/build/run.js:90:9)
    at run (/Users/chrisvelgersdyk/Desktop/carbon-coverall/carbon-coverall-poc/node_modules/jest-circus/build/run.js:31:3)
    at runAndTransformResultsToJestFormat (/Users/chrisvelgersdyk/Desktop/carbon-coverall/carbon-coverall-poc/node_modules/jest-circus/build/legacy-code-todo-rewrite/jestAdapterInit.js:135:21)
    at jestAdapter (/Users/chrisvelgersdyk/Desktop/carbon-coverall/carbon-coverall-poc/node_modules/jest-circus/build/legacy-code-todo-rewrite/jestAdapter.js:92:19)
    at runTestInternal (/Users/chrisvelgersdyk/Desktop/carbon-coverall/carbon-coverall-poc/node_modules/jest-runner/build/runTest.js:411:16)
    at runTest (/Users/chrisvelgersdyk/Desktop/carbon-coverall/carbon-coverall-poc/node_modules/jest-runner/build/runTest.js:499:34)
    at Object.worker (/Users/chrisvelgersdyk/Desktop/carbon-coverall/carbon-coverall-poc/node_modules/jest-runner/build/testWorker.js:133:12)</failure>
    </testcase>
    <testcase classname="@carbon/icons-vue should export each SVG asset as a direct path" name="@carbon/icons-vue should export each SVG asset as a direct path" time="0.116">
      <failure>Error: expect(received).not.toThrow()

Error name:    &quot;Error&quot;
Error message: &quot;Cannot find module &apos;/Users/chrisvelgersdyk/Desktop/carbon-coverall/carbon-coverall-poc/packages/icons-vue/lib/watson-health/3D-Cursor/32.js&apos; from &apos;e2e/icons-vue/components-test.js&apos;&quot;

      64 |
      65 |         expect(() =&gt; {
    &gt; 66 |           require(commonjs);
         |           ^
      67 |         }).not.toThrow();
      68 |         await expect(import(esm)).resolves.toBeDefined();
      69 |       }

      at Resolver._throwModNotFoundError (node_modules/jest-resolve/build/resolver.js:491:11)
      at require (e2e/icons-vue/components-test.js:66:11)
      at Object.&lt;anonymous&gt; (node_modules/expect/build/toThrowMatchers.js:83:11)
      at Object.throwingMatcher [as toThrow] (node_modules/expect/build/index.js:342:21)
      at Object.toThrow (e2e/icons-vue/components-test.js:67:16)
    at Object.toThrow (/Users/chrisvelgersdyk/Desktop/carbon-coverall/carbon-coverall-poc/e2e/icons-vue/components-test.js:67:16)
    at Promise.then.completed (/Users/chrisvelgersdyk/Desktop/carbon-coverall/carbon-coverall-poc/node_modules/jest-circus/build/utils.js:333:28)
    at new Promise (&lt;anonymous&gt;)
    at callAsyncCircusFn (/Users/chrisvelgersdyk/Desktop/carbon-coverall/carbon-coverall-poc/node_modules/jest-circus/build/utils.js:259:10)
    at _callCircusTest (/Users/chrisvelgersdyk/Desktop/carbon-coverall/carbon-coverall-poc/node_modules/jest-circus/build/run.js:276:40)
    at _runTest (/Users/chrisvelgersdyk/Desktop/carbon-coverall/carbon-coverall-poc/node_modules/jest-circus/build/run.js:208:3)
    at _runTestsForDescribeBlock (/Users/chrisvelgersdyk/Desktop/carbon-coverall/carbon-coverall-poc/node_modules/jest-circus/build/run.js:96:9)
    at _runTestsForDescribeBlock (/Users/chrisvelgersdyk/Desktop/carbon-coverall/carbon-coverall-poc/node_modules/jest-circus/build/run.js:90:9)
    at run (/Users/chrisvelgersdyk/Desktop/carbon-coverall/carbon-coverall-poc/node_modules/jest-circus/build/run.js:31:3)
    at runAndTransformResultsToJestFormat (/Users/chrisvelgersdyk/Desktop/carbon-coverall/carbon-coverall-poc/node_modules/jest-circus/build/legacy-code-todo-rewrite/jestAdapterInit.js:135:21)</failure>
    </testcase>
  </testsuite>
  <testsuite name="@carbon/colors" errors="0" failures="1" skipped="0" timestamp="2025-04-09T19:39:57" time="0.259" tests="1">
    <testcase classname="@carbon/colors Public API" name="@carbon/colors Public API" time="0.019">
      <failure>Error: Can&apos;t find stylesheet to import.
  ╷
4 │       @use &apos;../index.scss&apos; as colors;
  │       ^^^^^^^^^^^^^^^^^^^^^^^^^^^^^^
  ╵
  stdin 4:7  root stylesheet
    at Object.wrapException (/Users/chrisvelgersdyk/Desktop/carbon-coverall/carbon-coverall-poc/node_modules/sass/sass.dart.js:2161:43)
    at _EvaluateVisitor1._evaluate0$_loadStylesheet$4$baseUrl$forImport (/Users/chrisvelgersdyk/Desktop/carbon-coverall/carbon-coverall-poc/node_modules/sass/sass.dart.js:95086:19)
    at _EvaluateVisitor1._evaluate0$_loadStylesheet$3$baseUrl (/Users/chrisvelgersdyk/Desktop/carbon-coverall/carbon-coverall-poc/node_modules/sass/sass.dart.js:95112:19)
    at _EvaluateVisitor__loadModule_closure4.call$0 (/Users/chrisvelgersdyk/Desktop/carbon-coverall/carbon-coverall-poc/node_modules/sass/sass.dart.js:97026:19)
    at _EvaluateVisitor1._evaluate0$_withStackFrame$1$3 (/Users/chrisvelgersdyk/Desktop/carbon-coverall/carbon-coverall-poc/node_modules/sass/sass.dart.js:96565:25)
    at _EvaluateVisitor1._evaluate0$_withStackFrame$3 (/Users/chrisvelgersdyk/Desktop/carbon-coverall/carbon-coverall-poc/node_modules/sass/sass.dart.js:96571:19)
    at _EvaluateVisitor1._evaluate0$_loadModule$7$baseUrl$configuration$namesInErrors (/Users/chrisvelgersdyk/Desktop/carbon-coverall/carbon-coverall-poc/node_modules/sass/sass.dart.js:94481:13)
    at _EvaluateVisitor1._evaluate0$_loadModule$5$configuration (/Users/chrisvelgersdyk/Desktop/carbon-coverall/carbon-coverall-poc/node_modules/sass/sass.dart.js:94484:19)
    at _EvaluateVisitor1.visitUseRule$1 (/Users/chrisvelgersdyk/Desktop/carbon-coverall/carbon-coverall-poc/node_modules/sass/sass.dart.js:95457:13)
    at UseRule0.accept$1$1 (/Users/chrisvelgersdyk/Desktop/carbon-coverall/carbon-coverall-poc/node_modules/sass/sass.dart.js:115346:22)</failure>
    </testcase>
  </testsuite>
  <testsuite name="undefined" errors="0" failures="1" skipped="0" timestamp="2025-04-09T19:39:58" time="0.119" tests="1">
    <testcase classname=" Public API should only change with a semver change" name=" Public API should only change with a semver change" time="0.007">
      <failure>Error: Cannot find module &apos;@carbon/feature-flags&apos; from &apos;packages/react/src/feature-flags.js&apos;

Require stack:
  packages/react/src/feature-flags.js
  packages/react/src/index.ts
  packages/react/__tests__/PublicAPI-test.js

    at Resolver._throwModNotFoundError (/Users/chrisvelgersdyk/Desktop/carbon-coverall/carbon-coverall-poc/node_modules/jest-resolve/build/resolver.js:491:11)
    at Resolver.resolveModule (/Users/chrisvelgersdyk/Desktop/carbon-coverall/carbon-coverall-poc/node_modules/jest-resolve/build/resolver.js:413:10)
    at Resolver._getVirtualMockPath (/Users/chrisvelgersdyk/Desktop/carbon-coverall/carbon-coverall-poc/node_modules/jest-resolve/build/resolver.js:733:14)
    at Resolver._getAbsolutePath (/Users/chrisvelgersdyk/Desktop/carbon-coverall/carbon-coverall-poc/node_modules/jest-resolve/build/resolver.js:690:14)
    at Resolver.getModuleID (/Users/chrisvelgersdyk/Desktop/carbon-coverall/carbon-coverall-poc/node_modules/jest-resolve/build/resolver.js:617:31)
    at Runtime._shouldMockCjs (/Users/chrisvelgersdyk/Desktop/carbon-coverall/carbon-coverall-poc/node_modules/jest-runtime/build/index.js:1962:37)
    at Runtime.requireModuleOrMock (/Users/chrisvelgersdyk/Desktop/carbon-coverall/carbon-coverall-poc/node_modules/jest-runtime/build/index.js:1241:14)
    at Object.require (/Users/chrisvelgersdyk/Desktop/carbon-coverall/carbon-coverall-poc/packages/react/src/feature-flags.js:8:1)
    at Runtime._execModule (/Users/chrisvelgersdyk/Desktop/carbon-coverall/carbon-coverall-poc/node_modules/jest-runtime/build/index.js:1691:24)
    at Runtime._loadModule (/Users/chrisvelgersdyk/Desktop/carbon-coverall/carbon-coverall-poc/node_modules/jest-runtime/build/index.js:1222:12)
    at Runtime.requireModule (/Users/chrisvelgersdyk/Desktop/carbon-coverall/carbon-coverall-poc/node_modules/jest-runtime/build/index.js:1046:12)
    at Runtime.requireModuleOrMock (/Users/chrisvelgersdyk/Desktop/carbon-coverall/carbon-coverall-poc/node_modules/jest-runtime/build/index.js:1247:21)
    at Object.require (/Users/chrisvelgersdyk/Desktop/carbon-coverall/carbon-coverall-poc/packages/react/src/index.ts:8:1)
    at Runtime._execModule (/Users/chrisvelgersdyk/Desktop/carbon-coverall/carbon-coverall-poc/node_modules/jest-runtime/build/index.js:1691:24)
    at Runtime._loadModule (/Users/chrisvelgersdyk/Desktop/carbon-coverall/carbon-coverall-poc/node_modules/jest-runtime/build/index.js:1222:12)
    at Runtime.requireModule (/Users/chrisvelgersdyk/Desktop/carbon-coverall/carbon-coverall-poc/node_modules/jest-runtime/build/index.js:1046:12)
    at Runtime.requireModuleOrMock (/Users/chrisvelgersdyk/Desktop/carbon-coverall/carbon-coverall-poc/node_modules/jest-runtime/build/index.js:1247:21)
    at Object.require (/Users/chrisvelgersdyk/Desktop/carbon-coverall/carbon-coverall-poc/packages/react/__tests__/PublicAPI-test.js:129:23)
    at Promise.then.completed (/Users/chrisvelgersdyk/Desktop/carbon-coverall/carbon-coverall-poc/node_modules/jest-circus/build/utils.js:333:28)
    at new Promise (&lt;anonymous&gt;)
    at callAsyncCircusFn (/Users/chrisvelgersdyk/Desktop/carbon-coverall/carbon-coverall-poc/node_modules/jest-circus/build/utils.js:259:10)
    at _callCircusTest (/Users/chrisvelgersdyk/Desktop/carbon-coverall/carbon-coverall-poc/node_modules/jest-circus/build/run.js:276:40)
    at processTicksAndRejections (node:internal/process/task_queues:95:5)
    at _runTest (/Users/chrisvelgersdyk/Desktop/carbon-coverall/carbon-coverall-poc/node_modules/jest-circus/build/run.js:208:3)
    at _runTestsForDescribeBlock (/Users/chrisvelgersdyk/Desktop/carbon-coverall/carbon-coverall-poc/node_modules/jest-circus/build/run.js:96:9)
    at run (/Users/chrisvelgersdyk/Desktop/carbon-coverall/carbon-coverall-poc/node_modules/jest-circus/build/run.js:31:3)
    at runAndTransformResultsToJestFormat (/Users/chrisvelgersdyk/Desktop/carbon-coverall/carbon-coverall-poc/node_modules/jest-circus/build/legacy-code-todo-rewrite/jestAdapterInit.js:135:21)
    at jestAdapter (/Users/chrisvelgersdyk/Desktop/carbon-coverall/carbon-coverall-poc/node_modules/jest-circus/build/legacy-code-todo-rewrite/jestAdapter.js:92:19)
    at runTestInternal (/Users/chrisvelgersdyk/Desktop/carbon-coverall/carbon-coverall-poc/node_modules/jest-runner/build/runTest.js:411:16)
    at runTest (/Users/chrisvelgersdyk/Desktop/carbon-coverall/carbon-coverall-poc/node_modules/jest-runner/build/runTest.js:499:34)
    at Object.worker (/Users/chrisvelgersdyk/Desktop/carbon-coverall/carbon-coverall-poc/node_modules/jest-runner/build/testWorker.js:133:12)</failure>
    </testcase>
  </testsuite>
  <testsuite name="scss/layer" errors="0" failures="1" skipped="0" timestamp="2025-04-09T19:39:57" time="0.314" tests="1">
    <testcase classname="scss/layer should map layer set values to scoped $prefix--layer selectors" name="scss/layer should map layer set values to scoped $prefix--layer selectors" time="0.063">
      <failure>Error: Can&apos;t find stylesheet to import.
  ╷
8 │ @forward &apos;generated/themes&apos;;
  │ ^^^^^^^^^^^^^^^^^^^^^^^^^^^
  ╵
  node_modules/@carbon/themes/scss/compat/_themes.scss 8:1  @use
  packages/styles/scss/compat/_themes.scss 9:1              @use
  packages/styles/scss/theme/_theme.scss 12:1               @use
  packages/styles/scss/layer/_layer-sets.scss 9:1           @forward
  packages/styles/scss/_layer.scss 8:1                      @use
  stdin 6:7                                                 root stylesheet
    at Object.wrapException (/Users/chrisvelgersdyk/Desktop/carbon-coverall/carbon-coverall-poc/node_modules/sass/sass.dart.js:2161:43)
    at _EvaluateVisitor1._evaluate0$_loadStylesheet$4$baseUrl$forImport (/Users/chrisvelgersdyk/Desktop/carbon-coverall/carbon-coverall-poc/node_modules/sass/sass.dart.js:95086:19)
    at _EvaluateVisitor1._evaluate0$_loadStylesheet$3$baseUrl (/Users/chrisvelgersdyk/Desktop/carbon-coverall/carbon-coverall-poc/node_modules/sass/sass.dart.js:95112:19)
    at _EvaluateVisitor__loadModule_closure4.call$0 (/Users/chrisvelgersdyk/Desktop/carbon-coverall/carbon-coverall-poc/node_modules/sass/sass.dart.js:97026:19)
    at _EvaluateVisitor1._evaluate0$_withStackFrame$1$3 (/Users/chrisvelgersdyk/Desktop/carbon-coverall/carbon-coverall-poc/node_modules/sass/sass.dart.js:96565:25)
    at _EvaluateVisitor1._evaluate0$_withStackFrame$3 (/Users/chrisvelgersdyk/Desktop/carbon-coverall/carbon-coverall-poc/node_modules/sass/sass.dart.js:96571:19)
    at _EvaluateVisitor1._evaluate0$_loadModule$7$baseUrl$configuration$namesInErrors (/Users/chrisvelgersdyk/Desktop/carbon-coverall/carbon-coverall-poc/node_modules/sass/sass.dart.js:94481:13)
    at _EvaluateVisitor1._evaluate0$_loadModule$4 (/Users/chrisvelgersdyk/Desktop/carbon-coverall/carbon-coverall-poc/node_modules/sass/sass.dart.js:94487:19)
    at _EvaluateVisitor1.visitForwardRule$1 (/Users/chrisvelgersdyk/Desktop/carbon-coverall/carbon-coverall-poc/node_modules/sass/sass.dart.js:94899:15)
    at ForwardRule0.accept$1$1 (/Users/chrisvelgersdyk/Desktop/carbon-coverall/carbon-coverall-poc/node_modules/sass/sass.dart.js:99949:22)</failure>
    </testcase>
  </testsuite>
  <testsuite name="@carbon/icons" errors="0" failures="2" skipped="0" timestamp="2025-04-09T19:39:51" time="6.984" tests="2">
    <testcase classname="@carbon/icons should export each SVG asset" name="@carbon/icons should export each SVG asset" time="0.011">
      <failure>Error: Cannot find module &apos;@carbon/icons&apos; from &apos;e2e/icons/components-test.js&apos;
    at Resolver._throwModNotFoundError (/Users/chrisvelgersdyk/Desktop/carbon-coverall/carbon-coverall-poc/node_modules/jest-resolve/build/resolver.js:491:11)
    at Resolver.resolveModule (/Users/chrisvelgersdyk/Desktop/carbon-coverall/carbon-coverall-poc/node_modules/jest-resolve/build/resolver.js:413:10)
    at Resolver._getVirtualMockPath (/Users/chrisvelgersdyk/Desktop/carbon-coverall/carbon-coverall-poc/node_modules/jest-resolve/build/resolver.js:733:14)
    at Resolver._getAbsolutePath (/Users/chrisvelgersdyk/Desktop/carbon-coverall/carbon-coverall-poc/node_modules/jest-resolve/build/resolver.js:690:14)
    at Resolver.getModuleID (/Users/chrisvelgersdyk/Desktop/carbon-coverall/carbon-coverall-poc/node_modules/jest-resolve/build/resolver.js:617:31)
    at Runtime._shouldMockCjs (/Users/chrisvelgersdyk/Desktop/carbon-coverall/carbon-coverall-poc/node_modules/jest-runtime/build/index.js:1962:37)
    at Runtime.requireModuleOrMock (/Users/chrisvelgersdyk/Desktop/carbon-coverall/carbon-coverall-poc/node_modules/jest-runtime/build/index.js:1241:14)
    at Object.require (/Users/chrisvelgersdyk/Desktop/carbon-coverall/carbon-coverall-poc/e2e/icons/components-test.js:46:33)
    at Promise.then.completed (/Users/chrisvelgersdyk/Desktop/carbon-coverall/carbon-coverall-poc/node_modules/jest-circus/build/utils.js:333:28)
    at new Promise (&lt;anonymous&gt;)
    at callAsyncCircusFn (/Users/chrisvelgersdyk/Desktop/carbon-coverall/carbon-coverall-poc/node_modules/jest-circus/build/utils.js:259:10)
    at _callCircusTest (/Users/chrisvelgersdyk/Desktop/carbon-coverall/carbon-coverall-poc/node_modules/jest-circus/build/run.js:276:40)
    at _runTest (/Users/chrisvelgersdyk/Desktop/carbon-coverall/carbon-coverall-poc/node_modules/jest-circus/build/run.js:208:3)
    at _runTestsForDescribeBlock (/Users/chrisvelgersdyk/Desktop/carbon-coverall/carbon-coverall-poc/node_modules/jest-circus/build/run.js:96:9)
    at _runTestsForDescribeBlock (/Users/chrisvelgersdyk/Desktop/carbon-coverall/carbon-coverall-poc/node_modules/jest-circus/build/run.js:90:9)
    at run (/Users/chrisvelgersdyk/Desktop/carbon-coverall/carbon-coverall-poc/node_modules/jest-circus/build/run.js:31:3)
    at runAndTransformResultsToJestFormat (/Users/chrisvelgersdyk/Desktop/carbon-coverall/carbon-coverall-poc/node_modules/jest-circus/build/legacy-code-todo-rewrite/jestAdapterInit.js:135:21)
    at jestAdapter (/Users/chrisvelgersdyk/Desktop/carbon-coverall/carbon-coverall-poc/node_modules/jest-circus/build/legacy-code-todo-rewrite/jestAdapter.js:92:19)
    at runTestInternal (/Users/chrisvelgersdyk/Desktop/carbon-coverall/carbon-coverall-poc/node_modules/jest-runner/build/runTest.js:411:16)
    at runTest (/Users/chrisvelgersdyk/Desktop/carbon-coverall/carbon-coverall-poc/node_modules/jest-runner/build/runTest.js:499:34)
    at Object.worker (/Users/chrisvelgersdyk/Desktop/carbon-coverall/carbon-coverall-poc/node_modules/jest-runner/build/testWorker.js:133:12)</failure>
    </testcase>
    <testcase classname="@carbon/icons should export each SVG asset as a direct path" name="@carbon/icons should export each SVG asset as a direct path" time="0.012">
      <failure>Error: expect(received).not.toThrow()

Error name:    &quot;Error&quot;
Error message: &quot;Cannot find module &apos;/Users/chrisvelgersdyk/Desktop/carbon-coverall/carbon-coverall-poc/packages/icons/lib/watson-health/3D-Cursor/32.js&apos; from &apos;e2e/icons/components-test.js&apos;&quot;

      63 |
      64 |         expect(() =&gt; {
    &gt; 65 |           require(commonjs);
         |           ^
      66 |         }).not.toThrow();
      67 |         await expect(import(esm)).resolves.toBeDefined();
      68 |       }

      at Resolver._throwModNotFoundError (node_modules/jest-resolve/build/resolver.js:491:11)
      at require (e2e/icons/components-test.js:65:11)
      at Object.&lt;anonymous&gt; (node_modules/expect/build/toThrowMatchers.js:83:11)
      at Object.throwingMatcher [as toThrow] (node_modules/expect/build/index.js:342:21)
      at Object.toThrow (e2e/icons/components-test.js:66:16)
    at Object.toThrow (/Users/chrisvelgersdyk/Desktop/carbon-coverall/carbon-coverall-poc/e2e/icons/components-test.js:66:16)
    at Promise.then.completed (/Users/chrisvelgersdyk/Desktop/carbon-coverall/carbon-coverall-poc/node_modules/jest-circus/build/utils.js:333:28)
    at new Promise (&lt;anonymous&gt;)
    at callAsyncCircusFn (/Users/chrisvelgersdyk/Desktop/carbon-coverall/carbon-coverall-poc/node_modules/jest-circus/build/utils.js:259:10)
    at _callCircusTest (/Users/chrisvelgersdyk/Desktop/carbon-coverall/carbon-coverall-poc/node_modules/jest-circus/build/run.js:276:40)
    at _runTest (/Users/chrisvelgersdyk/Desktop/carbon-coverall/carbon-coverall-poc/node_modules/jest-circus/build/run.js:208:3)
    at _runTestsForDescribeBlock (/Users/chrisvelgersdyk/Desktop/carbon-coverall/carbon-coverall-poc/node_modules/jest-circus/build/run.js:96:9)
    at _runTestsForDescribeBlock (/Users/chrisvelgersdyk/Desktop/carbon-coverall/carbon-coverall-poc/node_modules/jest-circus/build/run.js:90:9)
    at run (/Users/chrisvelgersdyk/Desktop/carbon-coverall/carbon-coverall-poc/node_modules/jest-circus/build/run.js:31:3)
    at runAndTransformResultsToJestFormat (/Users/chrisvelgersdyk/Desktop/carbon-coverall/carbon-coverall-poc/node_modules/jest-circus/build/legacy-code-todo-rewrite/jestAdapterInit.js:135:21)</failure>
    </testcase>
  </testsuite>
  <testsuite name="categories" errors="0" failures="0" skipped="0" timestamp="2025-04-09T19:39:58" time="0.238" tests="4">
    <testcase classname="categories should throw an error if an icon is in the registry but has no category information" name="categories should throw an error if an icon is in the registry but has no category information" time="0.121">
    </testcase>
    <testcase classname="categories should throw an error if an icon is in the registry but has no subcategory information" name="categories should throw an error if an icon is in the registry but has no subcategory information" time="0.013">
    </testcase>
    <testcase classname="categories should throw an error if an icon has category information but is not in the registry" name="categories should throw an error if an icon has category information but is not in the registry" time="0.012">
    </testcase>
    <testcase classname="categories should throw an error if an icon has subcategory information but is not in the registry" name="categories should throw an error if an icon has subcategory information but is not in the registry" time="0.005">
    </testcase>
  </testsuite>
  <testsuite name="@carbon/styles/scss/grid" errors="0" failures="0" skipped="0" timestamp="2025-04-09T19:39:58" time="0.418" tests="1">
    <testcase classname="@carbon/styles/scss/grid Public API" name="@carbon/styles/scss/grid Public API" time="0.24">
    </testcase>
  </testsuite>
  <testsuite name="icons" errors="0" failures="0" skipped="0" timestamp="2025-04-09T19:39:58" time="0.238" tests="4">
    <testcase classname="icons should throw an error if an icon is in the registry that is not in metadata" name="icons should throw an error if an icon is in the registry that is not in metadata" time="0.14">
    </testcase>
    <testcase classname="icons should throw an error if an icon is in metadata that is not in the registry" name="icons should throw an error if an icon is in metadata that is not in the registry" time="0.005">
    </testcase>
    <testcase classname="icons should throw an error if there is a missing size in the metadata" name="icons should throw an error if there is a missing size in the metadata" time="0.003">
    </testcase>
    <testcase classname="icons should throw an error if there is size in metadata not in the registry" name="icons should throw an error if there is size in metadata not in the registry" time="0.003">
    </testcase>
  </testsuite>
  <testsuite name="HeaderPanel" errors="0" failures="0" skipped="0" timestamp="2025-04-09T19:39:58" time="0.572" tests="11">
    <testcase classname="HeaderPanel renders as expected - Component API should spread extra props onto outermost element" name="HeaderPanel renders as expected - Component API should spread extra props onto outermost element" time="0.007">
    </testcase>
    <testcase classname="HeaderPanel renders as expected - Component API should respect aria-label prop" name="HeaderPanel renders as expected - Component API should respect aria-label prop" time="0.001">
    </testcase>
    <testcase classname="HeaderPanel renders as expected - Component API should respect aria-labelledby prop" name="HeaderPanel renders as expected - Component API should respect aria-labelledby prop" time="0.001">
    </testcase>
    <testcase classname="HeaderPanel renders as expected - Component API should support a custom `className` prop on the outermost element" name="HeaderPanel renders as expected - Component API should support a custom `className` prop on the outermost element" time="0.005">
    </testcase>
    <testcase classname="HeaderPanel renders as expected - Component API should respect expanded prop" name="HeaderPanel renders as expected - Component API should respect expanded prop" time="0.018">
    </testcase>
    <testcase classname="HeaderPanel renders as expected - Component API should render children as expected" name="HeaderPanel renders as expected - Component API should render children as expected" time="0.013">
    </testcase>
    <testcase classname="HeaderPanel renders as expected - Component API should call `onHeaderPanelFocus` callback, when defined" name="HeaderPanel renders as expected - Component API should call `onHeaderPanelFocus` callback, when defined" time="0.055">
    </testcase>
    <testcase classname="HeaderPanel renders as expected - Component API should not error when `onHeaderPanelFocus` is not defined" name="HeaderPanel renders as expected - Component API should not error when `onHeaderPanelFocus` is not defined" time="0.009">
    </testcase>
    <testcase classname="HeaderPanel renders as expected - Component API should handle click" name="HeaderPanel renders as expected - Component API should handle click" time="0.026">
    </testcase>
    <testcase classname="HeaderPanel renders as expected - Component API should handle onKeyDown" name="HeaderPanel renders as expected - Component API should handle onKeyDown" time="0.017">
    </testcase>
    <testcase classname="HeaderPanel renders as expected - Component API should handle onBlur" name="HeaderPanel renders as expected - Component API should handle onBlur" time="0.006">
    </testcase>
  </testsuite>
  <testsuite name="@carbon/styles/scss/fonts" errors="0" failures="0" skipped="0" timestamp="2025-04-09T19:39:58" time="0.901" tests="12">
    <testcase classname="@carbon/styles/scss/fonts should emit default fonts, weights, and styles" name="@carbon/styles/scss/fonts should emit default fonts, weights, and styles" time="0.241">
    </testcase>
    <testcase classname="@carbon/styles/scss/fonts should emit src from akamai cdn if $use-akamai-cdn is true" name="@carbon/styles/scss/fonts should emit src from akamai cdn if $use-akamai-cdn is true" time="0.131">
    </testcase>
    <testcase classname="@carbon/styles/scss/fonts should emit no @font-face blocks if $css--font-face is false" name="@carbon/styles/scss/fonts should emit no @font-face blocks if $css--font-face is false" time="0.069">
    </testcase>
    <testcase classname="@carbon/styles/scss/fonts should not emit fonts set to false" name="@carbon/styles/scss/fonts should not emit fonts set to false" time="0.045">
    </testcase>
    <testcase classname="@carbon/styles/scss/fonts scss/fonts/_mono.scss should export all font weights as mixins" name="@carbon/styles/scss/fonts scss/fonts/_mono.scss should export all font weights as mixins" time="0.018">
    </testcase>
    <testcase classname="@carbon/styles/scss/fonts scss/fonts/_sans-arabic.scss should export all font weights as mixins" name="@carbon/styles/scss/fonts scss/fonts/_sans-arabic.scss should export all font weights as mixins" time="0.018">
    </testcase>
    <testcase classname="@carbon/styles/scss/fonts scss/fonts/_sans-devanagari.scss should export all font weights as mixins" name="@carbon/styles/scss/fonts scss/fonts/_sans-devanagari.scss should export all font weights as mixins" time="0.014">
    </testcase>
    <testcase classname="@carbon/styles/scss/fonts scss/fonts/_sans-hebrew.scss should export all font weights as mixins" name="@carbon/styles/scss/fonts scss/fonts/_sans-hebrew.scss should export all font weights as mixins" time="0.013">
    </testcase>
    <testcase classname="@carbon/styles/scss/fonts scss/fonts/_sans-thai-looped.scss should export all font weights as mixins" name="@carbon/styles/scss/fonts scss/fonts/_sans-thai-looped.scss should export all font weights as mixins" time="0.044">
    </testcase>
    <testcase classname="@carbon/styles/scss/fonts scss/fonts/_sans-thai.scss should export all font weights as mixins" name="@carbon/styles/scss/fonts scss/fonts/_sans-thai.scss should export all font weights as mixins" time="0.011">
    </testcase>
    <testcase classname="@carbon/styles/scss/fonts scss/fonts/_sans.scss should export all font weights as mixins" name="@carbon/styles/scss/fonts scss/fonts/_sans.scss should export all font weights as mixins" time="0.006">
    </testcase>
    <testcase classname="@carbon/styles/scss/fonts scss/fonts/_serif.scss should export all font weights as mixins" name="@carbon/styles/scss/fonts scss/fonts/_serif.scss should export all font weights as mixins" time="0.015">
    </testcase>
  </testsuite>
  <testsuite name="enable-v12-overflowmenu" errors="0" failures="0" skipped="0" timestamp="2025-04-09T19:39:58" time="0.2" tests="2">
    <testcase classname="enable-v12-overflowmenu transforms correctly using &quot;enable-v12-overflowmenu&quot; data" name="enable-v12-overflowmenu transforms correctly using &quot;enable-v12-overflowmenu&quot; data" time="0.097">
    </testcase>
    <testcase classname="enable-v12-overflowmenu transforms correctly using &quot;enable-v12-overflowmenu-nowrap&quot; data" name="enable-v12-overflowmenu transforms correctly using &quot;enable-v12-overflowmenu-nowrap&quot; data" time="0.015">
    </testcase>
  </testsuite>
  <testsuite name="Toggle" errors="0" failures="0" skipped="0" timestamp="2025-04-09T19:39:58" time="0.576" tests="13">
    <testcase classname="Toggle renders as expected button and label ids should match" name="Toggle renders as expected button and label ids should match" time="0.039">
    </testcase>
    <testcase classname="Toggle renders as expected renders labelA when unchecked" name="Toggle renders as expected renders labelA when unchecked" time="0.004">
    </testcase>
    <testcase classname="Toggle renders as expected renders labelB when checked" name="Toggle renders as expected renders labelB when checked" time="0.002">
    </testcase>
    <testcase classname="Toggle renders as expected supports additional css class names" name="Toggle renders as expected supports additional css class names" time="0.039">
    </testcase>
    <testcase classname="Toggle renders as expected supports sm size" name="Toggle renders as expected supports sm size" time="0.017">
    </testcase>
    <testcase classname="Toggle renders as expected supports to use top label as side label" name="Toggle renders as expected supports to use top label as side label" time="0.006">
    </testcase>
    <testcase classname="Toggle renders as expected doesn&apos;t render sideLabel if props.hideLabel and no props.labelText is provided" name="Toggle renders as expected doesn&apos;t render sideLabel if props.hideLabel and no props.labelText is provided" time="0.016">
    </testcase>
    <testcase classname="Toggle behaves as expected supports to be disabled" name="Toggle behaves as expected supports to be disabled" time="0.01">
    </testcase>
    <testcase classname="Toggle behaves as expected can be controlled with props.toggled" name="Toggle behaves as expected can be controlled with props.toggled" time="0.021">
    </testcase>
    <testcase classname="Toggle behaves as expected does not change value when disabled" name="Toggle behaves as expected does not change value when disabled" time="0.04">
    </testcase>
    <testcase classname="Toggle behaves as expected does not change value when readonly" name="Toggle behaves as expected does not change value when readonly" time="0.021">
    </testcase>
    <testcase classname="Toggle emits events as expected passes along props.onClick to button" name="Toggle emits events as expected passes along props.onClick to button" time="0.017">
    </testcase>
    <testcase classname="Toggle emits events as expected emits props.onToggle when toggled and passes current state" name="Toggle emits events as expected emits props.onToggle when toggled and passes current state" time="0.041">
    </testcase>
  </testsuite>
  <testsuite name="output" errors="0" failures="0" skipped="0" timestamp="2025-04-09T19:39:58" time="0.442" tests="3">
    <testcase classname="output should decorate the metadata with an output field with downsized assets" name="output should decorate the metadata with an output field with downsized assets" time="0.309">
    </testcase>
    <testcase classname="output should not downsample an asset if there is a bespoke size asset available" name="output should not downsample an asset if there is a bespoke size asset available" time="0.039">
    </testcase>
    <testcase classname="output should support the pictogram target for assets without sizes" name="output should support the pictogram target for assets without sizes" time="0.008">
    </testcase>
  </testsuite>
  <testsuite name="useControllableState" errors="0" failures="0" skipped="0" timestamp="2025-04-09T19:39:58" time="0.639" tests="8">
    <testcase classname="useControllableState uncontrolled" name="useControllableState uncontrolled" time="0.098">
    </testcase>
    <testcase classname="useControllableState controlled" name="useControllableState controlled" time="0.032">
    </testcase>
    <testcase classname="useControllableState controlled to uncontrolled" name="useControllableState controlled to uncontrolled" time="0.073">
    </testcase>
    <testcase classname="useControllableState uncontrolled to controlled" name="useControllableState uncontrolled to controlled" time="0.016">
    </testcase>
    <testcase classname="useControllableState should handle functional updater correctly" name="useControllableState should handle functional updater correctly" time="0.035">
    </testcase>
    <testcase classname="useControllableState should call `onChange` with cumulative values for each character typed (uncontrolled)" name="useControllableState should call `onChange` with cumulative values for each character typed (uncontrolled)" time="0.104">
    </testcase>
    <testcase classname="useControllableState should maintain `defaultValue` after re-render (uncontrolled)" name="useControllableState should maintain `defaultValue` after re-render (uncontrolled)" time="0.003">
    </testcase>
    <testcase classname="useControllableState should work without `onChange` callback" name="useControllableState should work without `onChange` callback" time="0.024">
    </testcase>
  </testsuite>
  <testsuite name="Switcher" errors="0" failures="0" skipped="0" timestamp="2025-04-09T19:39:58" time="0.642" tests="14">
    <testcase classname="Switcher renders as expected - Component API should respect aria-label prop" name="Switcher renders as expected - Component API should respect aria-label prop" time="0.04">
    </testcase>
    <testcase classname="Switcher renders as expected - Component API should respect aria-labelledby prop" name="Switcher renders as expected - Component API should respect aria-labelledby prop" time="0.005">
    </testcase>
    <testcase classname="Switcher renders as expected - Component API should render children as expected" name="Switcher renders as expected - Component API should render children as expected" time="0.032">
    </testcase>
    <testcase classname="Switcher renders as expected - Component API should support a custom `className` prop on the outermost element" name="Switcher renders as expected - Component API should support a custom `className` prop on the outermost element" time="0.002">
    </testcase>
    <testcase classname="Switcher renders as expected - Component API should correctly merge refs" name="Switcher renders as expected - Component API should correctly merge refs" time="0.001">
    </testcase>
    <testcase classname="Switcher renders as expected - Component API should apply aria attributes correctly" name="Switcher renders as expected - Component API should apply aria attributes correctly" time="0.026">
    </testcase>
    <testcase classname="Switcher Switcher navigation and focus management should focus the next valid index when moving forward" name="Switcher Switcher navigation and focus management should focus the next valid index when moving forward" time="0.05">
    </testcase>
    <testcase classname="Switcher Switcher navigation and focus management should focus the next valid index when moving backward" name="Switcher Switcher navigation and focus management should focus the next valid index when moving backward" time="0.034">
    </testcase>
    <testcase classname="Switcher Switcher navigation and focus management should focus next SwitcherItem when pressing ArrowDown from first item" name="Switcher Switcher navigation and focus management should focus next SwitcherItem when pressing ArrowDown from first item" time="0.025">
    </testcase>
    <testcase classname="Switcher Switcher navigation and focus management should focus previous SwitcherItem when pressing ArrowUp from last item" name="Switcher Switcher navigation and focus management should focus previous SwitcherItem when pressing ArrowUp from last item" time="0.01">
    </testcase>
    <testcase classname="Switcher Switcher navigation and focus management should wrap to first item when pressing ArrowDown from last SwitcherItem" name="Switcher Switcher navigation and focus management should wrap to first item when pressing ArrowDown from last SwitcherItem" time="0.021">
    </testcase>
    <testcase classname="Switcher Switcher navigation and focus management should wrap to last item when pressing ArrowUp from first SwitcherItem" name="Switcher Switcher navigation and focus management should wrap to last item when pressing ArrowUp from first SwitcherItem" time="0.018">
    </testcase>
    <testcase classname="Switcher Switcher navigation and focus management should skip non SwitcherItem elements" name="Switcher Switcher navigation and focus management should skip non SwitcherItem elements" time="0.029">
    </testcase>
    <testcase classname="Switcher Switcher navigation and focus management should handle keyboard navigation with mixed child types" name="Switcher Switcher navigation and focus management should handle keyboard navigation with mixed child types" time="0.011">
    </testcase>
  </testsuite>
  <testsuite name="@carbon/scss" errors="0" failures="0" skipped="0" timestamp="2025-04-09T19:39:58" time="0.396" tests="32">
    <testcase classname="@carbon/scss assignments boolean" name="@carbon/scss assignments boolean" time="0.067">
    </testcase>
    <testcase classname="@carbon/scss assignments list" name="@carbon/scss assignments list" time="0.021">
    </testcase>
    <testcase classname="@carbon/scss assignments map" name="@carbon/scss assignments map" time="0.007">
    </testcase>
    <testcase classname="@carbon/scss assignments number" name="@carbon/scss assignments number" time="0.002">
    </testcase>
    <testcase classname="@carbon/scss assignments string" name="@carbon/scss assignments string" time="0.001">
    </testcase>
    <testcase classname="@carbon/scss assignments flags" name="@carbon/scss assignments flags" time="0.002">
    </testcase>
    <testcase classname="@carbon/scss rules selector" name="@carbon/scss rules selector" time="0.006">
    </testcase>
    <testcase classname="@carbon/scss rules multiple declarations" name="@carbon/scss rules multiple declarations" time="0.002">
    </testcase>
    <testcase classname="@carbon/scss rules selectors" name="@carbon/scss rules selectors" time="0.005">
    </testcase>
    <testcase classname="@carbon/scss function no arguments, no body" name="@carbon/scss function no arguments, no body" time="0.002">
    </testcase>
    <testcase classname="@carbon/scss function no arguments" name="@carbon/scss function no arguments" time="0.012">
    </testcase>
    <testcase classname="@carbon/scss function argument" name="@carbon/scss function argument" time="0.01">
    </testcase>
    <testcase classname="@carbon/scss function arguments" name="@carbon/scss function arguments" time="0.006">
    </testcase>
    <testcase classname="@carbon/scss function default argument" name="@carbon/scss function default argument" time="0.012">
    </testcase>
    <testcase classname="@carbon/scss function rest argument" name="@carbon/scss function rest argument" time="0.01">
    </testcase>
    <testcase classname="@carbon/scss mixin no arguments, no body" name="@carbon/scss mixin no arguments, no body" time="0.006">
    </testcase>
    <testcase classname="@carbon/scss mixin no arguments" name="@carbon/scss mixin no arguments" time="0.005">
    </testcase>
    <testcase classname="@carbon/scss mixin argument" name="@carbon/scss mixin argument" time="0.004">
    </testcase>
    <testcase classname="@carbon/scss mixin arguments" name="@carbon/scss mixin arguments" time="0.004">
    </testcase>
    <testcase classname="@carbon/scss mixin default argument" name="@carbon/scss mixin default argument" time="0.011">
    </testcase>
    <testcase classname="@carbon/scss mixin rest argument" name="@carbon/scss mixin rest argument" time="0.007">
    </testcase>
    <testcase classname="@carbon/scss calls mixin" name="@carbon/scss calls mixin" time="0.004">
    </testcase>
    <testcase classname="@carbon/scss calls mixin with args" name="@carbon/scss calls mixin with args" time="0.004">
    </testcase>
    <testcase classname="@carbon/scss calls mixin with body" name="@carbon/scss calls mixin with body" time="0.006">
    </testcase>
    <testcase classname="@carbon/scss calls function in assignment" name="@carbon/scss calls function in assignment" time="0.005">
    </testcase>
    <testcase classname="@carbon/scss Control structures if statement" name="@carbon/scss Control structures if statement" time="0.002">
    </testcase>
    <testcase classname="@carbon/scss Control structures if else" name="@carbon/scss Control structures if else" time="0.001">
    </testcase>
    <testcase classname="@carbon/scss Control structures if &gt; else if &gt; else" name="@carbon/scss Control structures if &gt; else if &gt; else" time="0.002">
    </testcase>
    <testcase classname="@carbon/scss Expressions no arguments" name="@carbon/scss Expressions no arguments" time="0.003">
    </testcase>
    <testcase classname="@carbon/scss Expressions single arguments" name="@carbon/scss Expressions single arguments" time="0.002">
    </testcase>
    <testcase classname="@carbon/scss Expressions multiple arguments" name="@carbon/scss Expressions multiple arguments" time="0.002">
    </testcase>
    <testcase classname="@carbon/scss formatting newline" name="@carbon/scss formatting newline" time="0.002">
    </testcase>
  </testsuite>
  <testsuite name="TokenSet" errors="0" failures="0" skipped="0" timestamp="2025-04-09T19:39:59" time="0.165" tests="5">
    <testcase classname="TokenSet iterator should support Symbol.iterator" name="TokenSet iterator should support Symbol.iterator" time="0.001">
    </testcase>
    <testcase classname="TokenSet getTokenSets should return a single element array if no nested token sets exist" name="TokenSet getTokenSets should return a single element array if no nested token sets exist" time="0.001">
    </testcase>
    <testcase classname="TokenSet getTokenSets should return each child token set in the parent set" name="TokenSet getTokenSets should return each child token set in the parent set" time="0.001">
    </testcase>
    <testcase classname="TokenSet getTokenSet should return a specific set, or null if it does not exist" name="TokenSet getTokenSet should return a specific set, or null if it does not exist" time="0">
    </testcase>
    <testcase classname="TokenSet hasToken should return a boolean indicating if the token is in the set, or a child set" name="TokenSet hasToken should return a boolean indicating if the token is in the set, or a child set" time="0.001">
    </testcase>
  </testsuite>
  <testsuite name="@carbon/styles/scss/breakpoint" errors="0" failures="0" skipped="0" timestamp="2025-04-09T19:39:59" time="0.228" tests="1">
    <testcase classname="@carbon/styles/scss/breakpoint Public API" name="@carbon/styles/scss/breakpoint Public API" time="0.056">
    </testcase>
  </testsuite>
  <testsuite name="IdPrefix" errors="0" failures="0" skipped="0" timestamp="2025-04-09T19:39:59" time="0.159" tests="1">
    <testcase classname="IdPrefix should set the prefix value used by usePrefix" name="IdPrefix should set the prefix value used by usePrefix" time="0.002">
    </testcase>
  </testsuite>
  <testsuite name="@carbon/styles/scss/config" errors="0" failures="0" skipped="0" timestamp="2025-04-09T19:39:59" time="0.211" tests="2">
    <testcase classname="@carbon/styles/scss/config Public API" name="@carbon/styles/scss/config Public API" time="0.073">
    </testcase>
    <testcase classname="@carbon/styles/scss/config overrides" name="@carbon/styles/scss/config overrides" time="0.013">
    </testcase>
  </testsuite>
  <testsuite name="enable-v12-structured-list-visible-icons" errors="0" failures="0" skipped="0" timestamp="2025-04-09T19:39:59" time="0.174" tests="1">
    <testcase classname="enable-v12-structured-list-visible-icons transforms correctly" name="enable-v12-structured-list-visible-icons transforms correctly" time="0.069">
    </testcase>
  </testsuite>
  <testsuite name="OverflowMenuItem - RTL" errors="0" failures="0" skipped="0" timestamp="2025-04-09T19:39:58" time="0.675" tests="18">
    <testcase classname="OverflowMenuItem - RTL renders as expected should support a className on the button node" name="OverflowMenuItem - RTL renders as expected should support a className on the button node" time="0.141">
    </testcase>
    <testcase classname="OverflowMenuItem - RTL renders as expected should support a className on the outermost node" name="OverflowMenuItem - RTL renders as expected should support a className on the outermost node" time="0.016">
    </testcase>
    <testcase classname="OverflowMenuItem - RTL renders as expected should spread extra props on the button node" name="OverflowMenuItem - RTL renders as expected should spread extra props on the button node" time="0.021">
    </testcase>
    <testcase classname="OverflowMenuItem - RTL renders as expected should support a className on the anchor node" name="OverflowMenuItem - RTL renders as expected should support a className on the anchor node" time="0.013">
    </testcase>
    <testcase classname="OverflowMenuItem - RTL renders as expected should spread extra props on the anchor node" name="OverflowMenuItem - RTL renders as expected should spread extra props on the anchor node" time="0.007">
    </testcase>
    <testcase classname="OverflowMenuItem - RTL renders as expected should call closeMenu on click" name="OverflowMenuItem - RTL renders as expected should call closeMenu on click" time="0.034">
    </testcase>
    <testcase classname="OverflowMenuItem - RTL renders as expected should be disabled" name="OverflowMenuItem - RTL renders as expected should be disabled" time="0.002">
    </testcase>
    <testcase classname="OverflowMenuItem - RTL renders as expected should have divider" name="OverflowMenuItem - RTL renders as expected should have divider" time="0.002">
    </testcase>
    <testcase classname="OverflowMenuItem - RTL renders as expected should be delete button" name="OverflowMenuItem - RTL renders as expected should be delete button" time="0.001">
    </testcase>
    <testcase classname="OverflowMenuItem - RTL renders as expected should render itemText" name="OverflowMenuItem - RTL renders as expected should render itemText" time="0.006">
    </testcase>
    <testcase classname="OverflowMenuItem - RTL renders as expected should call onClick" name="OverflowMenuItem - RTL renders as expected should call onClick" time="0.014">
    </testcase>
    <testcase classname="OverflowMenuItem - RTL renders as expected should call onMouseDown" name="OverflowMenuItem - RTL renders as expected should call onMouseDown" time="0.018">
    </testcase>
    <testcase classname="OverflowMenuItem - RTL renders as expected should call onMouseEnter" name="OverflowMenuItem - RTL renders as expected should call onMouseEnter" time="0.024">
    </testcase>
    <testcase classname="OverflowMenuItem - RTL renders as expected should call onMouseUp" name="OverflowMenuItem - RTL renders as expected should call onMouseUp" time="0.019">
    </testcase>
    <testcase classname="OverflowMenuItem - RTL renders as expected should call onFocus" name="OverflowMenuItem - RTL renders as expected should call onFocus" time="0.015">
    </testcase>
    <testcase classname="OverflowMenuItem - RTL renders as expected should call onKeyDown" name="OverflowMenuItem - RTL renders as expected should call onKeyDown" time="0.021">
    </testcase>
    <testcase classname="OverflowMenuItem - RTL renders as expected should call onKeyUp" name="OverflowMenuItem - RTL renders as expected should call onKeyUp" time="0.016">
    </testcase>
    <testcase classname="OverflowMenuItem - RTL renders as expected should have title" name="OverflowMenuItem - RTL renders as expected should have title" time="0.006">
    </testcase>
  </testsuite>
  <testsuite name="Switch" errors="0" failures="0" skipped="0" timestamp="2025-04-09T19:39:59" time="0.237" tests="7">
    <testcase classname="Switch renders as expected - Component API should spread extra props onto outermost element" name="Switch renders as expected - Component API should spread extra props onto outermost element" time="0.006">
    </testcase>
    <testcase classname="Switch renders as expected - Component API should support a custom `className` prop on the outermost element" name="Switch renders as expected - Component API should support a custom `className` prop on the outermost element" time="0.009">
    </testcase>
    <testcase classname="Switch renders as expected - Component API should respect disabled prop" name="Switch renders as expected - Component API should respect disabled prop" time="0.023">
    </testcase>
    <testcase classname="Switch renders as expected - Component API should call onClick when expected" name="Switch renders as expected - Component API should call onClick when expected" time="0.021">
    </testcase>
    <testcase classname="Switch renders as expected - Component API should call onKeyDown when expected" name="Switch renders as expected - Component API should call onKeyDown when expected" time="0.028">
    </testcase>
    <testcase classname="Switch renders as expected - Component API should respect selected prop" name="Switch renders as expected - Component API should respect selected prop" time="0.015">
    </testcase>
    <testcase classname="Switch renders as expected - Component API should respect text prop" name="Switch renders as expected - Component API should respect text prop" time="0.002">
    </testcase>
  </testsuite>
  <testsuite name="useAnnouncer" errors="0" failures="0" skipped="0" timestamp="2025-04-09T19:39:59" time="0.101" tests="4">
    <testcase classname="useAnnouncer should emit announcement for characters" name="useAnnouncer should emit announcement for characters" time="0.002">
    </testcase>
    <testcase classname="useAnnouncer should emit announcement for words" name="useAnnouncer should emit announcement for words" time="0">
    </testcase>
    <testcase classname="useAnnouncer should emit announcement for maximum words reached" name="useAnnouncer should emit announcement for maximum words reached" time="0.001">
    </testcase>
    <testcase classname="useAnnouncer should emit announcement for maximum characters reached" name="useAnnouncer should emit announcement for maximum characters reached" time="0">
    </testcase>
  </testsuite>
  <testsuite name="Selection" errors="0" failures="0" skipped="0" timestamp="2025-04-09T19:39:59" time="0.298" tests="5">
    <testcase classname="Selection renders as expected - Component API should render" name="Selection renders as expected - Component API should render" time="0.002">
    </testcase>
    <testcase classname="Selection behaves as expected should be able to add or remove an item from the callback props" name="Selection behaves as expected should be able to add or remove an item from the callback props" time="0.079">
    </testcase>
    <testcase classname="Selection behaves as expected should give a list of all selected items from the callback props" name="Selection behaves as expected should give a list of all selected items from the callback props" time="0.031">
    </testcase>
    <testcase classname="Selection behaves as expected should be able to clear the selection from the callback props" name="Selection behaves as expected should be able to clear the selection from the callback props" time="0.039">
    </testcase>
    <testcase classname="Selection should disallow selection when disabled" name="Selection should disallow selection when disabled" time="0.021">
    </testcase>
  </testsuite>
  <testsuite name="InlineCheckbox" errors="0" failures="0" skipped="0" timestamp="2025-04-09T19:39:59" time="0.185" tests="2">
    <testcase classname="InlineCheckbox should render" name="InlineCheckbox should render" time="0.011">
    </testcase>
    <testcase classname="InlineCheckbox should only propagate click events from the input" name="InlineCheckbox should only propagate click events from the input" time="0.028">
    </testcase>
  </testsuite>
  <testsuite name="useDisclosure" errors="0" failures="0" skipped="0" timestamp="2025-04-09T19:39:59" time="0.417" tests="5">
    <testcase classname="useDisclosure should toggle visibility when the button is clicked" name="useDisclosure should toggle visibility when the button is clicked" time="0.112">
    </testcase>
    <testcase classname="useDisclosure should toggle visibility when the button is focused and Enter or Space is pressed" name="useDisclosure should toggle visibility when the button is focused and Enter or Space is pressed" time="0.028">
    </testcase>
    <testcase classname="useDisclosure should set `aria-expanded` to match the visibility of the content" name="useDisclosure should set `aria-expanded` to match the visibility of the content" time="0.02">
    </testcase>
    <testcase classname="useDisclosure should set `aria-controls` to match the id of the content" name="useDisclosure should set `aria-controls` to match the id of the content" time="0.002">
    </testcase>
    <testcase classname="useDisclosure should set `id` on the content" name="useDisclosure should set `id` on the content" time="0.001">
    </testcase>
  </testsuite>
  <testsuite name="@carbon/grid" errors="0" failures="0" skipped="0" timestamp="2025-04-09T19:39:59" time="0.231" tests="1">
    <testcase classname="@carbon/grid Public API" name="@carbon/grid Public API" time="0.076">
    </testcase>
  </testsuite>
  <testsuite name="createOverflowHandler (width)" errors="0" failures="0" skipped="0" timestamp="2025-04-09T19:39:59" time="0.142" tests="18">
    <testcase classname="createOverflowHandler (width) Equal sized items (40px each) When container width is 500px, expect 10 visible and 0 hidden" name="createOverflowHandler (width) Equal sized items (40px each) When container width is 500px, expect 10 visible and 0 hidden" time="0.002">
    </testcase>
    <testcase classname="createOverflowHandler (width) Equal sized items (40px each) When container width is 400px, expect 10 visible and 0 hidden" name="createOverflowHandler (width) Equal sized items (40px each) When container width is 400px, expect 10 visible and 0 hidden" time="0.001">
    </testcase>
    <testcase classname="createOverflowHandler (width) Equal sized items (40px each) When container width is 200px, expect 5 visible and 5 hidden" name="createOverflowHandler (width) Equal sized items (40px each) When container width is 200px, expect 5 visible and 5 hidden" time="0.001">
    </testcase>
    <testcase classname="createOverflowHandler (width) Equal sized items (40px each) When container width is 80px, expect 2 visible and 8 hidden" name="createOverflowHandler (width) Equal sized items (40px each) When container width is 80px, expect 2 visible and 8 hidden" time="0.004">
    </testcase>
    <testcase classname="createOverflowHandler (width) Equal sized items (40px each) When container width is 0px, expect 0 visible and 10 hidden" name="createOverflowHandler (width) Equal sized items (40px each) When container width is 0px, expect 0 visible and 10 hidden" time="0">
    </testcase>
    <testcase classname="createOverflowHandler (width) Equal sized items (40px each) Respects maxVisibleItems option" name="createOverflowHandler (width) Equal sized items (40px each) Respects maxVisibleItems option" time="0.001">
    </testcase>
    <testcase classname="createOverflowHandler (width) Varying sized items (40-60px) When container width is 500px, expect 10 visible and 0 hidden" name="createOverflowHandler (width) Varying sized items (40-60px) When container width is 500px, expect 10 visible and 0 hidden" time="0">
    </testcase>
    <testcase classname="createOverflowHandler (width) Varying sized items (40-60px) When container width is 400px, expect 8 visible and 2 hidden" name="createOverflowHandler (width) Varying sized items (40-60px) When container width is 400px, expect 8 visible and 2 hidden" time="0.011">
    </testcase>
    <testcase classname="createOverflowHandler (width) Varying sized items (40-60px) When container width is 200px, expect 4 visible and 6 hidden" name="createOverflowHandler (width) Varying sized items (40-60px) When container width is 200px, expect 4 visible and 6 hidden" time="0.002">
    </testcase>
    <testcase classname="createOverflowHandler (width) Varying sized items (40-60px) When container width is 80px, expect 2 visible and 8 hidden" name="createOverflowHandler (width) Varying sized items (40-60px) When container width is 80px, expect 2 visible and 8 hidden" time="0.002">
    </testcase>
    <testcase classname="createOverflowHandler (width) Varying sized items (40-60px) When container width is 0px, expect 0 visible and 10 hidden" name="createOverflowHandler (width) Varying sized items (40-60px) When container width is 0px, expect 0 visible and 10 hidden" time="0.002">
    </testcase>
    <testcase classname="createOverflowHandler (width) Varying sized items (40-60px) Respects maxVisibleItems option" name="createOverflowHandler (width) Varying sized items (40-60px) Respects maxVisibleItems option" time="0.001">
    </testcase>
    <testcase classname="createOverflowHandler (height) Varying sized items (40-60px) When container height is 500px, expect 10 visible and 0 hidden" name="createOverflowHandler (height) Varying sized items (40-60px) When container height is 500px, expect 10 visible and 0 hidden" time="0.001">
    </testcase>
    <testcase classname="createOverflowHandler (height) Varying sized items (40-60px) When container height is 400px, expect 8 visible and 2 hidden" name="createOverflowHandler (height) Varying sized items (40-60px) When container height is 400px, expect 8 visible and 2 hidden" time="0.002">
    </testcase>
    <testcase classname="createOverflowHandler (height) Varying sized items (40-60px) When container height is 200px, expect 4 visible and 6 hidden" name="createOverflowHandler (height) Varying sized items (40-60px) When container height is 200px, expect 4 visible and 6 hidden" time="0.003">
    </testcase>
    <testcase classname="createOverflowHandler (height) Varying sized items (40-60px) When container height is 80px, expect 2 visible and 8 hidden" name="createOverflowHandler (height) Varying sized items (40-60px) When container height is 80px, expect 2 visible and 8 hidden" time="0.001">
    </testcase>
    <testcase classname="createOverflowHandler (height) Varying sized items (40-60px) When container height is 0px, expect 0 visible and 10 hidden" name="createOverflowHandler (height) Varying sized items (40-60px) When container height is 0px, expect 0 visible and 10 hidden" time="0.001">
    </testcase>
    <testcase classname="createOverflowHandler (height) Varying sized items (40-60px) Respects maxVisibleItems option with height dimension" name="createOverflowHandler (height) Varying sized items (40-60px) Respects maxVisibleItems option with height dimension" time="0.001">
    </testcase>
  </testsuite>
  <testsuite name="deprecated" errors="0" failures="0" skipped="0" timestamp="2025-04-09T19:39:59" time="0.375" tests="1">
    <testcase classname="deprecated should throw an error if a deprecated icon is not in the registry" name="deprecated should throw an error if a deprecated icon is not in the registry" time="0.293">
    </testcase>
  </testsuite>
  <testsuite name="size-prop-update" errors="0" failures="0" skipped="0" timestamp="2025-04-09T19:39:59" time="0.336" tests="1">
    <testcase classname="size-prop-update transforms correctly" name="size-prop-update transforms correctly" time="0.193">
    </testcase>
  </testsuite>
  <testsuite name="SwitcherItem" errors="0" failures="0" skipped="0" timestamp="2025-04-09T19:39:59" time="0.462" tests="14">
    <testcase classname="SwitcherItem renders as expected - Component API should spread extra props onto Link element" name="SwitcherItem renders as expected - Component API should spread extra props onto Link element" time="0.067">
    </testcase>
    <testcase classname="SwitcherItem renders as expected - Component API should respect aria-label prop" name="SwitcherItem renders as expected - Component API should respect aria-label prop" time="0.01">
    </testcase>
    <testcase classname="SwitcherItem renders as expected - Component API should respect aria-labelledby prop" name="SwitcherItem renders as expected - Component API should respect aria-labelledby prop" time="0.008">
    </testcase>
    <testcase classname="SwitcherItem renders as expected - Component API should render children as expected" name="SwitcherItem renders as expected - Component API should render children as expected" time="0.008">
    </testcase>
    <testcase classname="SwitcherItem renders as expected - Component API should support a custom `className` prop on the outermost element" name="SwitcherItem renders as expected - Component API should support a custom `className` prop on the outermost element" time="0.015">
    </testcase>
    <testcase classname="SwitcherItem renders as expected - Component API should respect tabIndex prop" name="SwitcherItem renders as expected - Component API should respect tabIndex prop" time="0.011">
    </testcase>
    <testcase classname="SwitcherItem renders as expected - Component API should handle onClick event" name="SwitcherItem renders as expected - Component API should handle onClick event" time="0.023">
    </testcase>
    <testcase classname="SwitcherItem renders as expected - Component API should handle onKeyDown event" name="SwitcherItem renders as expected - Component API should handle onKeyDown event" time="0.009">
    </testcase>
    <testcase classname="SwitcherItem renders as expected - Component API should handle keyboard navigation with ArrowUp and ArrowDown keys" name="SwitcherItem renders as expected - Component API should handle keyboard navigation with ArrowUp and ArrowDown keys" time="0.014">
    </testcase>
    <testcase classname="SwitcherItem renders as expected - Component API should apply selected class when isSelected prop is true" name="SwitcherItem renders as expected - Component API should apply selected class when isSelected prop is true" time="0.007">
    </testcase>
    <testcase classname="SwitcherItem renders as expected - Component API should have tabIndex 0 when expanded is true" name="SwitcherItem renders as expected - Component API should have tabIndex 0 when expanded is true" time="0.007">
    </testcase>
    <testcase classname="SwitcherItem renders as expected - Component API should have tabIndex -1 when expanded is false" name="SwitcherItem renders as expected - Component API should have tabIndex -1 when expanded is false" time="0.002">
    </testcase>
    <testcase classname="SwitcherItem renders as expected - Component API should not call handleSwitcherItemFocus when not provided" name="SwitcherItem renders as expected - Component API should not call handleSwitcherItemFocus when not provided" time="0.008">
    </testcase>
    <testcase classname="SwitcherItem renders as expected - Component API should not throw an error when onClick is not provided" name="SwitcherItem renders as expected - Component API should not throw an error when onClick is not provided" time="0.001">
    </testcase>
  </testsuite>
  <testsuite name="FluidForm" errors="0" failures="0" skipped="0" timestamp="2025-04-09T19:39:59" time="0.157" tests="5">
    <testcase classname="FluidForm renders as expected - Component API should render children as expected" name="FluidForm renders as expected - Component API should render children as expected" time="0.012">
    </testcase>
    <testcase classname="FluidForm renders as expected - Component API should be a fluid form" name="FluidForm renders as expected - Component API should be a fluid form" time="0.003">
    </testcase>
    <testcase classname="FluidForm renders as expected - Component API should spread extra props onto outermost container" name="FluidForm renders as expected - Component API should spread extra props onto outermost container" time="0.002">
    </testcase>
    <testcase classname="FluidForm renders as expected - Component API should support a custom `className` prop on the outermost element" name="FluidForm renders as expected - Component API should support a custom `className` prop on the outermost element" time="0.002">
    </testcase>
    <testcase classname="FluidForm renders as expected - Component API should handle submit events" name="FluidForm renders as expected - Component API should handle submit events" time="0.013">
    </testcase>
  </testsuite>
  <testsuite name="commands/upgrade" errors="0" failures="0" skipped="0" timestamp="2025-04-09T19:39:59" time="0.29" tests="9">
    <testcase classname="commands/upgrade no workspace" name="commands/upgrade no workspace" time="0.057">
    </testcase>
    <testcase classname="commands/upgrade single workspace with no upgrades available" name="commands/upgrade single workspace with no upgrades available" time="0.004">
    </testcase>
    <testcase classname="commands/upgrade single workspace with upgrade available" name="commands/upgrade single workspace with upgrade available" time="0.011">
    </testcase>
    <testcase classname="commands/upgrade single workspace with upgrades available" name="commands/upgrade single workspace with upgrades available" time="0.006">
    </testcase>
    <testcase classname="commands/upgrade multiple workspaces, select one with no upgrades available" name="commands/upgrade multiple workspaces, select one with no upgrades available" time="0.009">
    </testcase>
    <testcase classname="commands/upgrade multiple workspaces, select one with upgrades available" name="commands/upgrade multiple workspaces, select one with upgrades available" time="0.022">
    </testcase>
    <testcase classname="commands/upgrade changes install" name="commands/upgrade changes install" time="0.004">
    </testcase>
    <testcase classname="commands/upgrade changes uninstall" name="commands/upgrade changes uninstall" time="0.01">
    </testcase>
    <testcase classname="commands/upgrade changes update" name="commands/upgrade changes update" time="0.016">
    </testcase>
  </testsuite>
  <testsuite name="scss/utilities/custom-property" errors="0" failures="0" skipped="0" timestamp="2025-04-09T19:39:59" time="0.244" tests="2">
    <testcase classname="scss/utilities/custom-property should support getting the property name from a value" name="scss/utilities/custom-property should support getting the property name from a value" time="0.048">
    </testcase>
    <testcase classname="scss/utilities/custom-property should support emitting a declaration for a CSS Custom Property" name="scss/utilities/custom-property should support emitting a declaration for a CSS Custom Property" time="0.012">
    </testcase>
  </testsuite>
  <testsuite name="ErrorBoundary" errors="0" failures="0" skipped="0" timestamp="2025-04-09T19:39:59" time="0.263" tests="3">
    <testcase classname="ErrorBoundary should render children and not a fallback if no error is caught" name="ErrorBoundary should render children and not a fallback if no error is caught" time="0.004">
    </testcase>
    <testcase classname="ErrorBoundary should render a fallback if an error is caught" name="ErrorBoundary should render a fallback if an error is caught" time="0.028">
    </testcase>
    <testcase classname="ErrorBoundary should reset from fallback if children have changed" name="ErrorBoundary should reset from fallback if children have changed" time="0.048">
    </testcase>
  </testsuite>
  <testsuite name="Metadata" errors="0" failures="0" skipped="0" timestamp="2025-04-09T19:39:59" time="0.213" tests="3">
    <testcase classname="Metadata check should validate the given extensions with the registry of assets and extension data" name="Metadata check should validate the given extensions with the registry of assets and extension data" time="0.111">
    </testcase>
    <testcase classname="Metadata load should load the given extensions with the given adapter and asset path" name="Metadata load should load the given extensions with the given adapter and asset path" time="0.001">
    </testcase>
    <testcase classname="Metadata build should output the generated metadata for the given extensions" name="Metadata build should output the generated metadata for the given extensions" time="0.01">
    </testcase>
  </testsuite>
  <testsuite name="icons-react-size-prop" errors="0" failures="0" skipped="0" timestamp="2025-04-09T19:39:59" time="0.248" tests="3">
    <testcase classname="icons-react-size-prop icons-react-size-prop transforms correctly using &quot;icons-react-size-prop-rename&quot; data" name="icons-react-size-prop icons-react-size-prop transforms correctly using &quot;icons-react-size-prop-rename&quot; data" time="0.105">
    </testcase>
    <testcase classname="icons-react-size-prop icons-react-size-prop transforms correctly using &quot;icons-react-size-prop-with-prop&quot; data" name="icons-react-size-prop icons-react-size-prop transforms correctly using &quot;icons-react-size-prop-with-prop&quot; data" time="0.01">
    </testcase>
    <testcase classname="icons-react-size-prop icons-react-size-prop transforms correctly using &quot;icons-react-size-prop-object-key&quot; data" name="icons-react-size-prop icons-react-size-prop transforms correctly using &quot;icons-react-size-prop-object-key&quot; data" time="0.007">
    </testcase>
  </testsuite>
  <testsuite name="SideNavIcon" errors="0" failures="0" skipped="0" timestamp="2025-04-09T19:39:59" time="0.233" tests="2">
    <testcase classname="SideNavIcon should set the small class when `small` is passed" name="SideNavIcon should set the small class when `small` is passed" time="0.025">
    </testcase>
    <testcase classname="SideNavIcon should support a custom `className` prop on the outermost element" name="SideNavIcon should support a custom `className` prop on the outermost element" time="0.018">
    </testcase>
  </testsuite>
  <testsuite name="OrderedList" errors="0" failures="0" skipped="0" timestamp="2025-04-09T19:39:59" time="0.202" tests="6">
    <testcase classname="OrderedList Renders as expected should be an ol element" name="OrderedList Renders as expected should be an ol element" time="0.009">
    </testcase>
    <testcase classname="OrderedList Renders as expected should render with the appropriate classes" name="OrderedList Renders as expected should render with the appropriate classes" time="0.003">
    </testcase>
    <testcase classname="OrderedList Renders as expected should render children as expected" name="OrderedList Renders as expected should render children as expected" time="0.003">
    </testcase>
    <testcase classname="OrderedList Renders as expected should render nested lists" name="OrderedList Renders as expected should render nested lists" time="0.001">
    </testcase>
    <testcase classname="OrderedList Renders as expected should render native lists" name="OrderedList Renders as expected should render native lists" time="0.007">
    </testcase>
    <testcase classname="OrderedList Renders as expected should render expressive lists" name="OrderedList Renders as expected should render expressive lists" time="0.001">
    </testcase>
  </testsuite>
  <testsuite name="FluidComboBoxSkeleton" errors="0" failures="0" skipped="0" timestamp="2025-04-09T19:39:59" time="0.151" tests="2">
    <testcase classname="FluidComboBoxSkeleton should render with fluid classes" name="FluidComboBoxSkeleton should render with fluid classes" time="0.004">
    </testcase>
    <testcase classname="FluidComboBoxSkeleton should support a custom `className` prop on the outermost element" name="FluidComboBoxSkeleton should support a custom `className` prop on the outermost element" time="0.001">
    </testcase>
  </testsuite>
  <testsuite name="useContextMenu" errors="0" failures="0" skipped="0" timestamp="2025-04-09T19:40:00" time="0.138" tests="2">
    <testcase classname="useContextMenu should open the context menu on right-click" name="useContextMenu should open the context menu on right-click" time="0.009">
    </testcase>
    <testcase classname="useContextMenu should close context menu when calling onClose" name="useContextMenu should close context menu when calling onClose" time="0.004">
    </testcase>
  </testsuite>
  <testsuite name="Storage" errors="0" failures="0" skipped="0" timestamp="2025-04-09T19:40:00" time="0.127" tests="2">
    <testcase classname="Storage Storage#load should load all extensions with data stored in files from a directory" name="Storage Storage#load should load all extensions with data stored in files from a directory" time="0.021">
    </testcase>
    <testcase classname="Storage Storage#write should write all extensions with data to files in the given directory" name="Storage Storage#write should write all extensions with data to files in the given directory" time="0.007">
    </testcase>
  </testsuite>
  <testsuite name="DOM test helpers" errors="0" failures="0" skipped="0" timestamp="2025-04-09T19:39:59" time="0.213" tests="9">
    <testcase classname="DOM test helpers getByText should get the matching node for the given text input" name="DOM test helpers getByText should get the matching node for the given text input" time="0.002">
    </testcase>
    <testcase classname="DOM test helpers getByText should return null if no matches are found" name="DOM test helpers getByText should return null if no matches are found" time="0">
    </testcase>
    <testcase classname="DOM test helpers getByLabel should get the matching node based on aria-label" name="DOM test helpers getByLabel should get the matching node based on aria-label" time="0.001">
    </testcase>
    <testcase classname="DOM test helpers getByLabel should get the matching node based on aria-labelledby" name="DOM test helpers getByLabel should get the matching node based on aria-labelledby" time="0.002">
    </testcase>
    <testcase classname="DOM test helpers getByLabel should support matching based on text if label is in an interactive node" name="DOM test helpers getByLabel should support matching based on text if label is in an interactive node" time="0">
    </testcase>
    <testcase classname="DOM test helpers getByLabel should return null if no matches are found" name="DOM test helpers getByLabel should return null if no matches are found" time="0">
    </testcase>
    <testcase classname="DOM test helpers isElementVisible should detect if an element is visible" name="DOM test helpers isElementVisible should detect if an element is visible" time="0.002">
    </testcase>
    <testcase classname="DOM test helpers isElementVisible should detect if an element is not visible" name="DOM test helpers isElementVisible should detect if an element is not visible" time="0.002">
    </testcase>
    <testcase classname="DOM test helpers isElementVisible should detect if an element has a parent that is not visible" name="DOM test helpers isElementVisible should detect if an element has a parent that is not visible" time="0">
    </testcase>
  </testsuite>
  <testsuite name="DataTableSkeleton" errors="0" failures="0" skipped="0" timestamp="2025-04-09T19:39:59" time="0.288" tests="10">
    <testcase classname="DataTableSkeleton renders as expected - Component API should render the correct classname" name="DataTableSkeleton renders as expected - Component API should render the correct classname" time="0.05">
    </testcase>
    <testcase classname="DataTableSkeleton renders as expected - Component API should spread extra props on the outermost element" name="DataTableSkeleton renders as expected - Component API should spread extra props on the outermost element" time="0.012">
    </testcase>
    <testcase classname="DataTableSkeleton renders as expected - Component API should support a custom `className` prop on the outermost element" name="DataTableSkeleton renders as expected - Component API should support a custom `className` prop on the outermost element" time="0.004">
    </testcase>
    <testcase classname="DataTableSkeleton renders as expected - Component API should respect the columnCount prop" name="DataTableSkeleton renders as expected - Component API should respect the columnCount prop" time="0.018">
    </testcase>
    <testcase classname="DataTableSkeleton renders as expected - Component API should respect the compact prop" name="DataTableSkeleton renders as expected - Component API should respect the compact prop" time="0.01">
    </testcase>
    <testcase classname="DataTableSkeleton renders as expected - Component API should respect the headers prop" name="DataTableSkeleton renders as expected - Component API should respect the headers prop" time="0.007">
    </testcase>
    <testcase classname="DataTableSkeleton renders as expected - Component API should respect the rowCount prop" name="DataTableSkeleton renders as expected - Component API should respect the rowCount prop" time="0.017">
    </testcase>
    <testcase classname="DataTableSkeleton renders as expected - Component API should respect the showHeader prop" name="DataTableSkeleton renders as expected - Component API should respect the showHeader prop" time="0.01">
    </testcase>
    <testcase classname="DataTableSkeleton renders as expected - Component API should respect the showToolbar prop" name="DataTableSkeleton renders as expected - Component API should respect the showToolbar prop" time="0.003">
    </testcase>
    <testcase classname="DataTableSkeleton renders as expected - Component API should respect the zebra prop" name="DataTableSkeleton renders as expected - Component API should respect the zebra prop" time="0.01">
    </testcase>
  </testsuite>
  <testsuite name="enable-v12-tile-default-icons" errors="0" failures="0" skipped="0" timestamp="2025-04-09T19:39:59" time="0.233" tests="1">
    <testcase classname="enable-v12-tile-default-icons transforms correctly" name="enable-v12-tile-default-icons transforms correctly" time="0.122">
    </testcase>
  </testsuite>
  <testsuite name="ibm-products-update-userprofileimage" errors="0" failures="0" skipped="0" timestamp="2025-04-09T19:40:00" time="0.149" tests="1">
    <testcase classname="ibm-products-update-userprofileimage transforms correctly" name="ibm-products-update-userprofileimage transforms correctly" time="0.05">
    </testcase>
  </testsuite>
  <testsuite name="useLayer" errors="0" failures="0" skipped="0" timestamp="2025-04-09T19:40:00" time="0.106" tests="2">
    <testcase classname="useLayer default value" name="useLayer default value" time="0.003">
    </testcase>
    <testcase classname="useLayer nesting" name="useLayer nesting" time="0.003">
    </testcase>
  </testsuite>
  <testsuite name="LayoutDirection" errors="0" failures="0" skipped="0" timestamp="2025-04-09T19:40:00" time="0.138" tests="2">
    <testcase classname="LayoutDirection should render its children in a node that has a `dir` attribute" name="LayoutDirection should render its children in a node that has a `dir` attribute" time="0.013">
    </testcase>
    <testcase classname="LayoutDirection should support customizing the outermost node through the `as` prop" name="LayoutDirection should support customizing the outermost node through the `as` prop" time="0.004">
    </testcase>
  </testsuite>
  <testsuite name="FormLabel" errors="0" failures="0" skipped="0" timestamp="2025-04-09T19:40:00" time="0.143" tests="3">
    <testcase classname="FormLabel should support a custom `className` prop on the outermost element" name="FormLabel should support a custom `className` prop on the outermost element" time="0.003">
    </testcase>
    <testcase classname="FormLabel should spread extra props on the outermost element" name="FormLabel should spread extra props on the outermost element" time="0.002">
    </testcase>
    <testcase classname="FormLabel should support a unique id prop on the outermost element" name="FormLabel should support a unique id prop on the outermost element" time="0.002">
    </testcase>
  </testsuite>
  <testsuite name="Link" errors="0" failures="0" skipped="0" timestamp="2025-04-09T19:39:58" time="1.85" tests="15">
    <testcase classname="Link should render an &lt;a&gt; element" name="Link should render an &lt;a&gt; element" time="0.057">
    </testcase>
    <testcase classname="Link should inherit the href property" name="Link should inherit the href property" time="0.006">
    </testcase>
    <testcase classname="Link should include child content" name="Link should include child content" time="0.001">
    </testcase>
    <testcase classname="Link should support a custom class on the element with a link role" name="Link should support a custom class on the element with a link role" time="0.025">
    </testcase>
    <testcase classname="Link should support being disabled" name="Link should support being disabled" time="0.017">
    </testcase>
    <testcase classname="Link should support the inline link variant" name="Link should support the inline link variant" time="0.017">
    </testcase>
    <testcase classname="Link should support the sm size variant" name="Link should support the sm size variant" time="0.007">
    </testcase>
    <testcase classname="Link should support the md size variant" name="Link should support the md size variant" time="0.008">
    </testcase>
    <testcase classname="Link should support the lg size variant" name="Link should support the lg size variant" time="0.002">
    </testcase>
    <testcase classname="Link should add rel=&quot;noopener&quot; automatically if target=&quot;_blank&quot;" name="Link should add rel=&quot;noopener&quot; automatically if target=&quot;_blank&quot;" time="0.009">
    </testcase>
    <testcase classname="Link should receive keyboard focus" name="Link should receive keyboard focus" time="0.029">
    </testcase>
    <testcase classname="Link should not receive keyboard focus when disabled" name="Link should not receive keyboard focus when disabled" time="0.008">
    </testcase>
    <testcase classname="Link automated verification testing should have no aXe violations" name="Link automated verification testing should have no aXe violations" time="0.033">
    </testcase>
    <testcase classname="Link automated verification testing should have no Accessibility Checker violations" name="Link automated verification testing should have no Accessibility Checker violations" time="1.389">
    </testcase>
    <testcase classname="Link Component API should support a `ref` on the element with role of link" name="Link Component API should support a `ref` on the element with role of link" time="0.004">
    </testcase>
  </testsuite>
  <testsuite name="Workspace" errors="0" failures="0" skipped="0" timestamp="2025-04-09T19:40:00" time="0.199" tests="2">
    <testcase classname="Workspace should load a single directory with a `package.json`" name="Workspace should load a single directory with a `package.json`" time="0.059">
    </testcase>
    <testcase classname="Workspace should load a workspace" name="Workspace should load a workspace" time="0.044">
    </testcase>
  </testsuite>
  <testsuite name="UnorderedList" errors="0" failures="0" skipped="0" timestamp="2025-04-09T19:40:00" time="0.15" tests="3">
    <testcase classname="UnorderedList should render children as expected" name="UnorderedList should render children as expected" time="0.006">
    </testcase>
    <testcase classname="UnorderedList should render nested lists" name="UnorderedList should render nested lists" time="0.005">
    </testcase>
    <testcase classname="UnorderedList should add custom className given via className prop" name="UnorderedList should add custom className given via className prop" time="0.007">
    </testcase>
  </testsuite>
  <testsuite name="TokenGroup" errors="0" failures="0" skipped="0" timestamp="2025-04-09T19:40:00" time="0.157" tests="5">
    <testcase classname="TokenGroup getToken should return a token if it exists, otherwise return null" name="TokenGroup getToken should return a token if it exists, otherwise return null" time="0.001">
    </testcase>
    <testcase classname="TokenGroup getTokens should return a flat list of tokens with context" name="TokenGroup getTokens should return a flat list of tokens with context" time="0.004">
    </testcase>
    <testcase classname="TokenGroup getTokenGroups should return an array of all token groups" name="TokenGroup getTokenGroups should return an array of all token groups" time="0">
    </testcase>
    <testcase classname="TokenGroup getTokenProperties should return an array of all properties in the groups or tokens" name="TokenGroup getTokenProperties should return an array of all properties in the groups or tokens" time="0.001">
    </testcase>
    <testcase classname="TokenGroup getTokenStates should return an array of states in the tokens of the group" name="TokenGroup getTokenStates should return an array of states in the tokens of the group" time="0">
    </testcase>
  </testsuite>
  <testsuite name="@carbon/styles/scss/motion" errors="0" failures="0" skipped="0" timestamp="2025-04-09T19:40:00" time="0.227" tests="1">
    <testcase classname="@carbon/styles/scss/motion Public API" name="@carbon/styles/scss/motion Public API" time="0.031">
    </testcase>
  </testsuite>
  <testsuite name="featureflag-deprecate-flags-prop" errors="0" failures="0" skipped="0" timestamp="2025-04-09T19:40:00" time="0.246" tests="1">
    <testcase classname="featureflag-deprecate-flags-prop transforms correctly" name="featureflag-deprecate-flags-prop transforms correctly" time="0.14">
    </testcase>
  </testsuite>
  <testsuite name="match" errors="0" failures="0" skipped="0" timestamp="2025-04-09T19:40:00" time="0.15" tests="16">
    <testcase classname="match should match when using ArrowDown" name="match should match when using ArrowDown" time="0.003">
    </testcase>
    <testcase classname="match should match when using ArrowLeft" name="match should match when using ArrowLeft" time="0.001">
    </testcase>
    <testcase classname="match should match when using ArrowRight" name="match should match when using ArrowRight" time="0">
    </testcase>
    <testcase classname="match should match when using ArrowUp" name="match should match when using ArrowUp" time="0.001">
    </testcase>
    <testcase classname="match should match when using Delete" name="match should match when using Delete" time="0">
    </testcase>
    <testcase classname="match should match when using End" name="match should match when using End" time="0.001">
    </testcase>
    <testcase classname="match should match when using Enter" name="match should match when using Enter" time="0.01">
    </testcase>
    <testcase classname="match should match when using Escape" name="match should match when using Escape" time="0.001">
    </testcase>
    <testcase classname="match should match when using Home" name="match should match when using Home" time="0">
    </testcase>
    <testcase classname="match should match when using PageDown" name="match should match when using PageDown" time="0.001">
    </testcase>
    <testcase classname="match should match when using PageUp" name="match should match when using PageUp" time="0.004">
    </testcase>
    <testcase classname="match should match when using Space" name="match should match when using Space" time="0.001">
    </testcase>
    <testcase classname="match should match when using Tab" name="match should match when using Tab" time="0">
    </testcase>
    <testcase classname="match should not match if no key code provided matches the event" name="match should not match if no key code provided matches the event" time="0.001">
    </testcase>
    <testcase classname="match should match the first valid key code given" name="match should match the first valid key code given" time="0.001">
    </testcase>
    <testcase classname="match should support multiple options for the `key` field" name="match should support multiple options for the `key` field" time="0.002">
    </testcase>
  </testsuite>
  <testsuite name="ibm-products-update-http-errors" errors="0" failures="0" skipped="0" timestamp="2025-04-09T19:40:00" time="0.212" tests="1">
    <testcase classname="ibm-products-update-http-errors transforms correctly" name="ibm-products-update-http-errors transforms correctly" time="0.124">
    </testcase>
  </testsuite>
  <testsuite name="en-US" errors="0" failures="0" skipped="0" timestamp="2025-04-09T19:40:00" time="0.212" tests="75">
    <testcase classname="en-US long -30 seconds → now" name="en-US long -30 seconds → now" time="0">
    </testcase>
    <testcase classname="en-US long -1 minutes → 1 minute ago" name="en-US long -1 minutes → 1 minute ago" time="0">
    </testcase>
    <testcase classname="en-US long +1 minutes → in 1 minute" name="en-US long +1 minutes → in 1 minute" time="0">
    </testcase>
    <testcase classname="en-US long -59 minutes → 59 minutes ago" name="en-US long -59 minutes → 59 minutes ago" time="0">
    </testcase>
    <testcase classname="en-US long +59 minutes → in 59 minutes" name="en-US long +59 minutes → in 59 minutes" time="0.001">
    </testcase>
    <testcase classname="en-US long -1 hours → 1 hour ago" name="en-US long -1 hours → 1 hour ago" time="0">
    </testcase>
    <testcase classname="en-US long +1 hours → in 1 hour" name="en-US long +1 hours → in 1 hour" time="0">
    </testcase>
    <testcase classname="en-US long -23 hours → 23 hours ago" name="en-US long -23 hours → 23 hours ago" time="0">
    </testcase>
    <testcase classname="en-US long +23 hours → in 23 hours" name="en-US long +23 hours → in 23 hours" time="0">
    </testcase>
    <testcase classname="en-US long -1 days → 1 day ago" name="en-US long -1 days → 1 day ago" time="0">
    </testcase>
    <testcase classname="en-US long +1 days → in 1 day" name="en-US long +1 days → in 1 day" time="0.004">
    </testcase>
    <testcase classname="en-US long -6 days → 6 days ago" name="en-US long -6 days → 6 days ago" time="0.001">
    </testcase>
    <testcase classname="en-US long +6 days → in 6 days" name="en-US long +6 days → in 6 days" time="0.001">
    </testcase>
    <testcase classname="en-US long -1 weeks → 1 week ago" name="en-US long -1 weeks → 1 week ago" time="0">
    </testcase>
    <testcase classname="en-US long +1 weeks → in 1 week" name="en-US long +1 weeks → in 1 week" time="0.001">
    </testcase>
    <testcase classname="en-US long -3 weeks → 3 weeks ago" name="en-US long -3 weeks → 3 weeks ago" time="0">
    </testcase>
    <testcase classname="en-US long +3 weeks → in 3 weeks" name="en-US long +3 weeks → in 3 weeks" time="0">
    </testcase>
    <testcase classname="en-US long -1 months → 1 month ago" name="en-US long -1 months → 1 month ago" time="0">
    </testcase>
    <testcase classname="en-US long +1 months → in 1 month" name="en-US long +1 months → in 1 month" time="0.001">
    </testcase>
    <testcase classname="en-US long -12 months → 12 months ago" name="en-US long -12 months → 12 months ago" time="0">
    </testcase>
    <testcase classname="en-US long +12 months → in 12 months" name="en-US long +12 months → in 12 months" time="0">
    </testcase>
    <testcase classname="en-US long -1 years → 1 year ago" name="en-US long -1 years → 1 year ago" time="0">
    </testcase>
    <testcase classname="en-US long +1 years → in 1 year" name="en-US long +1 years → in 1 year" time="0">
    </testcase>
    <testcase classname="en-US long -2 years → 2 years ago" name="en-US long -2 years → 2 years ago" time="0">
    </testcase>
    <testcase classname="en-US long +2 years → in 2 years" name="en-US long +2 years → in 2 years" time="0">
    </testcase>
    <testcase classname="en-US short -30 seconds → now" name="en-US short -30 seconds → now" time="0">
    </testcase>
    <testcase classname="en-US short -1 minutes → 1 min. ago" name="en-US short -1 minutes → 1 min. ago" time="0">
    </testcase>
    <testcase classname="en-US short +1 minutes → in 1 min." name="en-US short +1 minutes → in 1 min." time="0.001">
    </testcase>
    <testcase classname="en-US short -59 minutes → 59 min. ago" name="en-US short -59 minutes → 59 min. ago" time="0">
    </testcase>
    <testcase classname="en-US short +59 minutes → in 59 min." name="en-US short +59 minutes → in 59 min." time="0">
    </testcase>
    <testcase classname="en-US short -1 hours → 1 hr. ago" name="en-US short -1 hours → 1 hr. ago" time="0">
    </testcase>
    <testcase classname="en-US short +1 hours → in 1 hr." name="en-US short +1 hours → in 1 hr." time="0">
    </testcase>
    <testcase classname="en-US short -23 hours → 23 hr. ago" name="en-US short -23 hours → 23 hr. ago" time="0">
    </testcase>
    <testcase classname="en-US short +23 hours → in 23 hr." name="en-US short +23 hours → in 23 hr." time="0">
    </testcase>
    <testcase classname="en-US short -1 days → 1 day ago" name="en-US short -1 days → 1 day ago" time="0">
    </testcase>
    <testcase classname="en-US short +1 days → in 1 day" name="en-US short +1 days → in 1 day" time="0">
    </testcase>
    <testcase classname="en-US short -6 days → 6 days ago" name="en-US short -6 days → 6 days ago" time="0.001">
    </testcase>
    <testcase classname="en-US short +6 days → in 6 days" name="en-US short +6 days → in 6 days" time="0">
    </testcase>
    <testcase classname="en-US short -1 weeks → 1 wk. ago" name="en-US short -1 weeks → 1 wk. ago" time="0">
    </testcase>
    <testcase classname="en-US short +1 weeks → in 1 wk." name="en-US short +1 weeks → in 1 wk." time="0">
    </testcase>
    <testcase classname="en-US short -3 weeks → 3 wk. ago" name="en-US short -3 weeks → 3 wk. ago" time="0">
    </testcase>
    <testcase classname="en-US short +3 weeks → in 3 wk." name="en-US short +3 weeks → in 3 wk." time="0.001">
    </testcase>
    <testcase classname="en-US short -1 months → 1 mo. ago" name="en-US short -1 months → 1 mo. ago" time="0">
    </testcase>
    <testcase classname="en-US short +1 months → in 1 mo." name="en-US short +1 months → in 1 mo." time="0">
    </testcase>
    <testcase classname="en-US short -12 months → 12 mo. ago" name="en-US short -12 months → 12 mo. ago" time="0.001">
    </testcase>
    <testcase classname="en-US short +12 months → in 12 mo." name="en-US short +12 months → in 12 mo." time="0">
    </testcase>
    <testcase classname="en-US short -1 years → 1 yr. ago" name="en-US short -1 years → 1 yr. ago" time="0">
    </testcase>
    <testcase classname="en-US short +1 years → in 1 yr." name="en-US short +1 years → in 1 yr." time="0.001">
    </testcase>
    <testcase classname="en-US short -2 years → 2 yr. ago" name="en-US short -2 years → 2 yr. ago" time="0">
    </testcase>
    <testcase classname="en-US short +2 years → in 2 yr." name="en-US short +2 years → in 2 yr." time="0">
    </testcase>
    <testcase classname="en-US narrow -30 seconds → now" name="en-US narrow -30 seconds → now" time="0">
    </testcase>
    <testcase classname="en-US narrow -1 minutes → 1m ago" name="en-US narrow -1 minutes → 1m ago" time="0.001">
    </testcase>
    <testcase classname="en-US narrow +1 minutes → in 1m" name="en-US narrow +1 minutes → in 1m" time="0">
    </testcase>
    <testcase classname="en-US narrow -59 minutes → 59m ago" name="en-US narrow -59 minutes → 59m ago" time="0">
    </testcase>
    <testcase classname="en-US narrow +59 minutes → in 59m" name="en-US narrow +59 minutes → in 59m" time="0">
    </testcase>
    <testcase classname="en-US narrow -1 hours → 1h ago" name="en-US narrow -1 hours → 1h ago" time="0">
    </testcase>
    <testcase classname="en-US narrow +1 hours → in 1h" name="en-US narrow +1 hours → in 1h" time="0">
    </testcase>
    <testcase classname="en-US narrow -23 hours → 23h ago" name="en-US narrow -23 hours → 23h ago" time="0">
    </testcase>
    <testcase classname="en-US narrow +23 hours → in 23h" name="en-US narrow +23 hours → in 23h" time="0">
    </testcase>
    <testcase classname="en-US narrow -1 days → 1d ago" name="en-US narrow -1 days → 1d ago" time="0">
    </testcase>
    <testcase classname="en-US narrow +1 days → in 1d" name="en-US narrow +1 days → in 1d" time="0">
    </testcase>
    <testcase classname="en-US narrow -6 days → 6d ago" name="en-US narrow -6 days → 6d ago" time="0">
    </testcase>
    <testcase classname="en-US narrow +6 days → in 6d" name="en-US narrow +6 days → in 6d" time="0">
    </testcase>
    <testcase classname="en-US narrow -1 weeks → 1w ago" name="en-US narrow -1 weeks → 1w ago" time="0.002">
    </testcase>
    <testcase classname="en-US narrow +1 weeks → in 1w" name="en-US narrow +1 weeks → in 1w" time="0.004">
    </testcase>
    <testcase classname="en-US narrow -3 weeks → 3w ago" name="en-US narrow -3 weeks → 3w ago" time="0.004">
    </testcase>
    <testcase classname="en-US narrow +3 weeks → in 3w" name="en-US narrow +3 weeks → in 3w" time="0.005">
    </testcase>
    <testcase classname="en-US narrow -1 months → 1mo ago" name="en-US narrow -1 months → 1mo ago" time="0">
    </testcase>
    <testcase classname="en-US narrow +1 months → in 1mo" name="en-US narrow +1 months → in 1mo" time="0">
    </testcase>
    <testcase classname="en-US narrow -12 months → 12mo ago" name="en-US narrow -12 months → 12mo ago" time="0.008">
    </testcase>
    <testcase classname="en-US narrow +12 months → in 12mo" name="en-US narrow +12 months → in 12mo" time="0.001">
    </testcase>
    <testcase classname="en-US narrow -1 years → 1y ago" name="en-US narrow -1 years → 1y ago" time="0.003">
    </testcase>
    <testcase classname="en-US narrow +1 years → in 1y" name="en-US narrow +1 years → in 1y" time="0.001">
    </testcase>
    <testcase classname="en-US narrow -2 years → 2y ago" name="en-US narrow -2 years → 2y ago" time="0">
    </testcase>
    <testcase classname="en-US narrow +2 years → in 2y" name="en-US narrow +2 years → in 2y" time="0.001">
    </testcase>
  </testsuite>
  <testsuite name="Loading" errors="0" failures="0" skipped="0" timestamp="2025-04-09T19:40:00" time="0.162" tests="8">
    <testcase classname="Loading renders as expected - Component API should change classes based on active" name="Loading renders as expected - Component API should change classes based on active" time="0.007">
    </testcase>
    <testcase classname="Loading renders as expected - Component API should support a custom `className` prop on the outermost element" name="Loading renders as expected - Component API should support a custom `className` prop on the outermost element" time="0.002">
    </testcase>
    <testcase classname="Loading renders as expected - Component API should spread extra props on the outermost element" name="Loading renders as expected - Component API should spread extra props on the outermost element" time="0.001">
    </testcase>
    <testcase classname="Loading renders as expected - Component API should specify a description based on prop" name="Loading renders as expected - Component API should specify a description based on prop" time="0.002">
    </testcase>
    <testcase classname="Loading renders as expected - Component API should respect small prop" name="Loading renders as expected - Component API should respect small prop" time="0.003">
    </testcase>
    <testcase classname="Loading renders as expected - Component API should respect withOverlay prop" name="Loading renders as expected - Component API should respect withOverlay prop" time="0.004">
    </testcase>
    <testcase classname="Loading with a screenreader should have a label on the live region" name="Loading with a screenreader should have a label on the live region" time="0.003">
    </testcase>
    <testcase classname="Loading with a screenreader should announce a loading status" name="Loading with a screenreader should announce a loading status" time="0.003">
    </testcase>
  </testsuite>
  <testsuite name="en-US" errors="0" failures="0" skipped="0" timestamp="2025-04-09T19:40:00" time="0.14" tests="69">
    <testcase classname="en-US formatTime full → 1:12:47 PM Mountain Daylight Time" name="en-US formatTime full → 1:12:47 PM Mountain Daylight Time" time="0.001">
    </testcase>
    <testcase classname="en-US formatTime long → 1:12:47 PM MDT" name="en-US formatTime long → 1:12:47 PM MDT" time="0">
    </testcase>
    <testcase classname="en-US formatTime medium → 1:12:47 PM" name="en-US formatTime medium → 1:12:47 PM" time="0">
    </testcase>
    <testcase classname="en-US formatTime short → 1:12 PM" name="en-US formatTime short → 1:12 PM" time="0">
    </testcase>
    <testcase classname="en-US formatDate full → Thursday, April 28, 2016" name="en-US formatDate full → Thursday, April 28, 2016" time="0">
    </testcase>
    <testcase classname="en-US formatDate long → April 28, 2016" name="en-US formatDate long → April 28, 2016" time="0.001">
    </testcase>
    <testcase classname="en-US formatDate medium → Apr 28, 2016" name="en-US formatDate medium → Apr 28, 2016" time="0">
    </testcase>
    <testcase classname="en-US formatDate short → 4/28/16" name="en-US formatDate short → 4/28/16" time="0.004">
    </testcase>
    <testcase classname="en-US format full → Thursday, April 28, 2016 at 1:12:47 PM Mountain Daylight Time" name="en-US format full → Thursday, April 28, 2016 at 1:12:47 PM Mountain Daylight Time" time="0">
    </testcase>
    <testcase classname="en-US format manual time: full, date: full → Thursday, April 28, 2016 at 1:12:47 PM Mountain Daylight Time" name="en-US format manual time: full, date: full → Thursday, April 28, 2016 at 1:12:47 PM Mountain Daylight Time" time="0">
    </testcase>
    <testcase classname="en-US format manual time: full, date: long → April 28, 2016 at 1:12:47 PM Mountain Daylight Time" name="en-US format manual time: full, date: long → April 28, 2016 at 1:12:47 PM Mountain Daylight Time" time="0.001">
    </testcase>
    <testcase classname="en-US format manual time: full, date: medium → Apr 28, 2016, 1:12:47 PM Mountain Daylight Time" name="en-US format manual time: full, date: medium → Apr 28, 2016, 1:12:47 PM Mountain Daylight Time" time="0">
    </testcase>
    <testcase classname="en-US format manual time: full, date: short → 4/28/16, 1:12:47 PM Mountain Daylight Time" name="en-US format manual time: full, date: short → 4/28/16, 1:12:47 PM Mountain Daylight Time" time="0">
    </testcase>
    <testcase classname="en-US format long → April 28, 2016 at 1:12:47 PM MDT" name="en-US format long → April 28, 2016 at 1:12:47 PM MDT" time="0">
    </testcase>
    <testcase classname="en-US format manual time: long, date: full → Thursday, April 28, 2016 at 1:12:47 PM MDT" name="en-US format manual time: long, date: full → Thursday, April 28, 2016 at 1:12:47 PM MDT" time="0">
    </testcase>
    <testcase classname="en-US format manual time: long, date: long → April 28, 2016 at 1:12:47 PM MDT" name="en-US format manual time: long, date: long → April 28, 2016 at 1:12:47 PM MDT" time="0">
    </testcase>
    <testcase classname="en-US format manual time: long, date: medium → Apr 28, 2016, 1:12:47 PM MDT" name="en-US format manual time: long, date: medium → Apr 28, 2016, 1:12:47 PM MDT" time="0">
    </testcase>
    <testcase classname="en-US format manual time: long, date: short → 4/28/16, 1:12:47 PM MDT" name="en-US format manual time: long, date: short → 4/28/16, 1:12:47 PM MDT" time="0">
    </testcase>
    <testcase classname="en-US format medium → Apr 28, 2016, 1:12:47 PM" name="en-US format medium → Apr 28, 2016, 1:12:47 PM" time="0.001">
    </testcase>
    <testcase classname="en-US format manual time: medium, date: full → Thursday, April 28, 2016 at 1:12:47 PM" name="en-US format manual time: medium, date: full → Thursday, April 28, 2016 at 1:12:47 PM" time="0">
    </testcase>
    <testcase classname="en-US format manual time: medium, date: long → April 28, 2016 at 1:12:47 PM" name="en-US format manual time: medium, date: long → April 28, 2016 at 1:12:47 PM" time="0">
    </testcase>
    <testcase classname="en-US format manual time: medium, date: medium → Apr 28, 2016, 1:12:47 PM" name="en-US format manual time: medium, date: medium → Apr 28, 2016, 1:12:47 PM" time="0">
    </testcase>
    <testcase classname="en-US format manual time: medium, date: short → 4/28/16, 1:12:47 PM" name="en-US format manual time: medium, date: short → 4/28/16, 1:12:47 PM" time="0.001">
    </testcase>
    <testcase classname="en-US format short → 4/28/16, 1:12 PM" name="en-US format short → 4/28/16, 1:12 PM" time="0">
    </testcase>
    <testcase classname="en-US format manual time: short, date: full → Thursday, April 28, 2016 at 1:12 PM" name="en-US format manual time: short, date: full → Thursday, April 28, 2016 at 1:12 PM" time="0">
    </testcase>
    <testcase classname="en-US format manual time: short, date: long → April 28, 2016 at 1:12 PM" name="en-US format manual time: short, date: long → April 28, 2016 at 1:12 PM" time="0">
    </testcase>
    <testcase classname="en-US format manual time: short, date: medium → Apr 28, 2016, 1:12 PM" name="en-US format manual time: short, date: medium → Apr 28, 2016, 1:12 PM" time="0">
    </testcase>
    <testcase classname="en-US format manual time: short, date: short → 4/28/16, 1:12 PM" name="en-US format manual time: short, date: short → 4/28/16, 1:12 PM" time="0">
    </testcase>
    <testcase classname="en-US format tooltip → Thursday, April 28, 2016 at 1:12:47 PM MDT" name="en-US format tooltip → Thursday, April 28, 2016 at 1:12:47 PM MDT" time="0.001">
    </testcase>
    <testcase classname="en-US formatRange full → Thursday, April 28, 2016 at 1:12:47 PM Mountain Daylight Time – Sunday, July 1, 2018 at 3:00:02 AM Mountain Daylight Time" name="en-US formatRange full → Thursday, April 28, 2016 at 1:12:47 PM Mountain Daylight Time – Sunday, July 1, 2018 at 3:00:02 AM Mountain Daylight Time" time="0">
    </testcase>
    <testcase classname="en-US formatRange manual time: full, date: full → Thursday, April 28, 2016 at 1:12:47 PM Mountain Daylight Time – Sunday, July 1, 2018 at 3:00:02 AM Mountain Daylight Time" name="en-US formatRange manual time: full, date: full → Thursday, April 28, 2016 at 1:12:47 PM Mountain Daylight Time – Sunday, July 1, 2018 at 3:00:02 AM Mountain Daylight Time" time="0">
    </testcase>
    <testcase classname="en-US formatRange manual time: long, date: full → Thursday, April 28, 2016 at 1:12:47 PM MDT – Sunday, July 1, 2018 at 3:00:02 AM MDT" name="en-US formatRange manual time: long, date: full → Thursday, April 28, 2016 at 1:12:47 PM MDT – Sunday, July 1, 2018 at 3:00:02 AM MDT" time="0">
    </testcase>
    <testcase classname="en-US formatRange manual time: medium, date: full → Thursday, April 28, 2016 at 1:12:47 PM – Sunday, July 1, 2018 at 3:00:02 AM" name="en-US formatRange manual time: medium, date: full → Thursday, April 28, 2016 at 1:12:47 PM – Sunday, July 1, 2018 at 3:00:02 AM" time="0.001">
    </testcase>
    <testcase classname="en-US formatRange manual time: short, date: full → Thursday, April 28, 2016 at 1:12 PM – Sunday, July 1, 2018 at 3:00 AM" name="en-US formatRange manual time: short, date: full → Thursday, April 28, 2016 at 1:12 PM – Sunday, July 1, 2018 at 3:00 AM" time="0">
    </testcase>
    <testcase classname="en-US formatRange manual time: null, date: full → Thursday, April 28, 2016 – Sunday, July 1, 2018" name="en-US formatRange manual time: null, date: full → Thursday, April 28, 2016 – Sunday, July 1, 2018" time="0">
    </testcase>
    <testcase classname="en-US formatRange manual time: full, date: null → 1:12:47 PM Mountain Daylight Time – 3:04:30 PM Mountain Daylight Time" name="en-US formatRange manual time: full, date: null → 1:12:47 PM Mountain Daylight Time – 3:04:30 PM Mountain Daylight Time" time="0">
    </testcase>
    <testcase classname="en-US formatRange manual time: long, date: null → 1:12:47 PM MDT – 3:04:30 PM MDT" name="en-US formatRange manual time: long, date: null → 1:12:47 PM MDT – 3:04:30 PM MDT" time="0">
    </testcase>
    <testcase classname="en-US formatRange manual time: medium, date: null → 1:12:47 PM – 3:04:30 PM" name="en-US formatRange manual time: medium, date: null → 1:12:47 PM – 3:04:30 PM" time="0">
    </testcase>
    <testcase classname="en-US formatRange manual time: short, date: null → 1:12 – 3:04 PM" name="en-US formatRange manual time: short, date: null → 1:12 – 3:04 PM" time="0.001">
    </testcase>
    <testcase classname="en-US formatRange long → April 28, 2016 at 1:12:47 PM MDT – July 1, 2018 at 3:00:02 AM MDT" name="en-US formatRange long → April 28, 2016 at 1:12:47 PM MDT – July 1, 2018 at 3:00:02 AM MDT" time="0">
    </testcase>
    <testcase classname="en-US formatRange manual time: full, date: long → April 28, 2016 at 1:12:47 PM Mountain Daylight Time – July 1, 2018 at 3:00:02 AM Mountain Daylight Time" name="en-US formatRange manual time: full, date: long → April 28, 2016 at 1:12:47 PM Mountain Daylight Time – July 1, 2018 at 3:00:02 AM Mountain Daylight Time" time="0">
    </testcase>
    <testcase classname="en-US formatRange manual time: long, date: long → April 28, 2016 at 1:12:47 PM MDT – July 1, 2018 at 3:00:02 AM MDT" name="en-US formatRange manual time: long, date: long → April 28, 2016 at 1:12:47 PM MDT – July 1, 2018 at 3:00:02 AM MDT" time="0">
    </testcase>
    <testcase classname="en-US formatRange manual time: medium, date: long → April 28, 2016 at 1:12:47 PM – July 1, 2018 at 3:00:02 AM" name="en-US formatRange manual time: medium, date: long → April 28, 2016 at 1:12:47 PM – July 1, 2018 at 3:00:02 AM" time="0">
    </testcase>
    <testcase classname="en-US formatRange manual time: short, date: long → April 28, 2016 at 1:12 PM – July 1, 2018 at 3:00 AM" name="en-US formatRange manual time: short, date: long → April 28, 2016 at 1:12 PM – July 1, 2018 at 3:00 AM" time="0">
    </testcase>
    <testcase classname="en-US formatRange manual time: null, date: long → April 28, 2016 – July 1, 2018" name="en-US formatRange manual time: null, date: long → April 28, 2016 – July 1, 2018" time="0">
    </testcase>
    <testcase classname="en-US formatRange manual time: full, date: null → 1:12:47 PM Mountain Daylight Time – 3:04:30 PM Mountain Daylight Time" name="en-US formatRange manual time: full, date: null → 1:12:47 PM Mountain Daylight Time – 3:04:30 PM Mountain Daylight Time" time="0">
    </testcase>
    <testcase classname="en-US formatRange manual time: long, date: null → 1:12:47 PM MDT – 3:04:30 PM MDT" name="en-US formatRange manual time: long, date: null → 1:12:47 PM MDT – 3:04:30 PM MDT" time="0">
    </testcase>
    <testcase classname="en-US formatRange manual time: medium, date: null → 1:12:47 PM – 3:04:30 PM" name="en-US formatRange manual time: medium, date: null → 1:12:47 PM – 3:04:30 PM" time="0">
    </testcase>
    <testcase classname="en-US formatRange manual time: short, date: null → 1:12 – 3:04 PM" name="en-US formatRange manual time: short, date: null → 1:12 – 3:04 PM" time="0">
    </testcase>
    <testcase classname="en-US formatRange medium → Apr 28, 2016, 1:12:47 PM – Jul 1, 2018, 3:00:02 AM" name="en-US formatRange medium → Apr 28, 2016, 1:12:47 PM – Jul 1, 2018, 3:00:02 AM" time="0.001">
    </testcase>
    <testcase classname="en-US formatRange manual time: full, date: medium → Apr 28, 2016, 1:12:47 PM Mountain Daylight Time – Jul 1, 2018, 3:00:02 AM Mountain Daylight Time" name="en-US formatRange manual time: full, date: medium → Apr 28, 2016, 1:12:47 PM Mountain Daylight Time – Jul 1, 2018, 3:00:02 AM Mountain Daylight Time" time="0">
    </testcase>
    <testcase classname="en-US formatRange manual time: long, date: medium → Apr 28, 2016, 1:12:47 PM MDT – Jul 1, 2018, 3:00:02 AM MDT" name="en-US formatRange manual time: long, date: medium → Apr 28, 2016, 1:12:47 PM MDT – Jul 1, 2018, 3:00:02 AM MDT" time="0">
    </testcase>
    <testcase classname="en-US formatRange manual time: medium, date: medium → Apr 28, 2016, 1:12:47 PM – Jul 1, 2018, 3:00:02 AM" name="en-US formatRange manual time: medium, date: medium → Apr 28, 2016, 1:12:47 PM – Jul 1, 2018, 3:00:02 AM" time="0">
    </testcase>
    <testcase classname="en-US formatRange manual time: short, date: medium → Apr 28, 2016, 1:12 PM – Jul 1, 2018, 3:00 AM" name="en-US formatRange manual time: short, date: medium → Apr 28, 2016, 1:12 PM – Jul 1, 2018, 3:00 AM" time="0">
    </testcase>
    <testcase classname="en-US formatRange manual time: null, date: medium → Apr 28, 2016 – Jul 1, 2018" name="en-US formatRange manual time: null, date: medium → Apr 28, 2016 – Jul 1, 2018" time="0">
    </testcase>
    <testcase classname="en-US formatRange manual time: full, date: null → 1:12:47 PM Mountain Daylight Time – 3:04:30 PM Mountain Daylight Time" name="en-US formatRange manual time: full, date: null → 1:12:47 PM Mountain Daylight Time – 3:04:30 PM Mountain Daylight Time" time="0.001">
    </testcase>
    <testcase classname="en-US formatRange manual time: long, date: null → 1:12:47 PM MDT – 3:04:30 PM MDT" name="en-US formatRange manual time: long, date: null → 1:12:47 PM MDT – 3:04:30 PM MDT" time="0">
    </testcase>
    <testcase classname="en-US formatRange manual time: medium, date: null → 1:12:47 PM – 3:04:30 PM" name="en-US formatRange manual time: medium, date: null → 1:12:47 PM – 3:04:30 PM" time="0">
    </testcase>
    <testcase classname="en-US formatRange manual time: short, date: null → 1:12 – 3:04 PM" name="en-US formatRange manual time: short, date: null → 1:12 – 3:04 PM" time="0">
    </testcase>
    <testcase classname="en-US formatRange short → 4/28/16, 1:12 PM – 7/1/18, 3:00 AM" name="en-US formatRange short → 4/28/16, 1:12 PM – 7/1/18, 3:00 AM" time="0">
    </testcase>
    <testcase classname="en-US formatRange manual time: full, date: short → 4/28/16, 1:12:47 PM Mountain Daylight Time – 7/1/18, 3:00:02 AM Mountain Daylight Time" name="en-US formatRange manual time: full, date: short → 4/28/16, 1:12:47 PM Mountain Daylight Time – 7/1/18, 3:00:02 AM Mountain Daylight Time" time="0">
    </testcase>
    <testcase classname="en-US formatRange manual time: long, date: short → 4/28/16, 1:12:47 PM MDT – 7/1/18, 3:00:02 AM MDT" name="en-US formatRange manual time: long, date: short → 4/28/16, 1:12:47 PM MDT – 7/1/18, 3:00:02 AM MDT" time="0.001">
    </testcase>
    <testcase classname="en-US formatRange manual time: medium, date: short → 4/28/16, 1:12:47 PM – 7/1/18, 3:00:02 AM" name="en-US formatRange manual time: medium, date: short → 4/28/16, 1:12:47 PM – 7/1/18, 3:00:02 AM" time="0">
    </testcase>
    <testcase classname="en-US formatRange manual time: short, date: short → 4/28/16, 1:12 PM – 7/1/18, 3:00 AM" name="en-US formatRange manual time: short, date: short → 4/28/16, 1:12 PM – 7/1/18, 3:00 AM" time="0">
    </testcase>
    <testcase classname="en-US formatRange manual time: null, date: short → 4/28/16 – 7/1/18" name="en-US formatRange manual time: null, date: short → 4/28/16 – 7/1/18" time="0.001">
    </testcase>
    <testcase classname="en-US formatRange manual time: full, date: null → 1:12:47 PM Mountain Daylight Time – 3:04:30 PM Mountain Daylight Time" name="en-US formatRange manual time: full, date: null → 1:12:47 PM Mountain Daylight Time – 3:04:30 PM Mountain Daylight Time" time="0">
    </testcase>
    <testcase classname="en-US formatRange manual time: long, date: null → 1:12:47 PM MDT – 3:04:30 PM MDT" name="en-US formatRange manual time: long, date: null → 1:12:47 PM MDT – 3:04:30 PM MDT" time="0">
    </testcase>
    <testcase classname="en-US formatRange manual time: medium, date: null → 1:12:47 PM – 3:04:30 PM" name="en-US formatRange manual time: medium, date: null → 1:12:47 PM – 3:04:30 PM" time="0">
    </testcase>
    <testcase classname="en-US formatRange manual time: short, date: null → 1:12 – 3:04 PM" name="en-US formatRange manual time: short, date: null → 1:12 – 3:04 PM" time="0">
    </testcase>
  </testsuite>
  <testsuite name="FluidMultiSelectSkeleton" errors="0" failures="0" skipped="0" timestamp="2025-04-09T19:40:00" time="0.137" tests="2">
    <testcase classname="FluidMultiSelectSkeleton should render with fluid classes" name="FluidMultiSelectSkeleton should render with fluid classes" time="0.002">
    </testcase>
    <testcase classname="FluidMultiSelectSkeleton should support a custom `className` prop on the outermost element" name="FluidMultiSelectSkeleton should support a custom `className` prop on the outermost element" time="0">
    </testcase>
  </testsuite>
  <testsuite name="ToggleSmallSkeleton" errors="0" failures="0" skipped="0" timestamp="2025-04-09T19:40:00" time="0.161" tests="3">
    <testcase classname="ToggleSmallSkeleton should support a custom `className` prop on the outermost element" name="ToggleSmallSkeleton should support a custom `className` prop on the outermost element" time="0.036">
    </testcase>
    <testcase classname="ToggleSmallSkeleton should spread additional props on the outermost element" name="ToggleSmallSkeleton should spread additional props on the outermost element" time="0.003">
    </testcase>
    <testcase classname="ToggleSmallSkeleton should render the `labelText` prop correctly" name="ToggleSmallSkeleton should render the `labelText` prop correctly" time="0.02">
    </testcase>
  </testsuite>
  <testsuite name="SideNavLinkText" errors="0" failures="0" skipped="0" timestamp="2025-04-09T19:40:00" time="0.156" tests="2">
    <testcase classname="SideNavLinkText should support a custom `className` prop on the outermost element" name="SideNavLinkText should support a custom `className` prop on the outermost element" time="0.034">
    </testcase>
    <testcase classname="SideNavLinkText should spread extra props on the outermost element" name="SideNavLinkText should spread extra props on the outermost element" time="0.007">
    </testcase>
  </testsuite>
  <testsuite name="CheckboxSkeleton" errors="0" failures="0" skipped="0" timestamp="2025-04-09T19:40:00" time="0.102" tests="2">
    <testcase classname="CheckboxSkeleton should support a custom className on the outermost element" name="CheckboxSkeleton should support a custom className on the outermost element" time="0.003">
    </testcase>
    <testcase classname="CheckboxSkeleton should spread props onto the outermost element" name="CheckboxSkeleton should spread props onto the outermost element" time="0.006">
    </testcase>
  </testsuite>
  <testsuite name="PaginationSkeleton" errors="0" failures="0" skipped="0" timestamp="2025-04-09T19:40:00" time="0.133" tests="2">
    <testcase classname="PaginationSkeleton should support a custom `className` prop on the outermost element" name="PaginationSkeleton should support a custom `className` prop on the outermost element" time="0.004">
    </testcase>
    <testcase classname="PaginationSkeleton should spread additional props on the outermost element" name="PaginationSkeleton should spread additional props on the outermost element" time="0.003">
    </testcase>
  </testsuite>
  <testsuite name="slug-prop-to-decorator-prop" errors="0" failures="0" skipped="0" timestamp="2025-04-09T19:40:00" time="0.147" tests="1">
    <testcase classname="slug-prop-to-decorator-prop transforms correctly" name="slug-prop-to-decorator-prop transforms correctly" time="0.057">
    </testcase>
  </testsuite>
  <testsuite name="@carbon/motion" errors="0" failures="0" skipped="0" timestamp="2025-04-09T19:40:00" time="0.146" tests="2">
    <testcase classname="@carbon/motion Public API" name="@carbon/motion Public API" time="0">
    </testcase>
    <testcase classname="@carbon/motion @carbon/motion/scss/motion.scss" name="@carbon/motion @carbon/motion/scss/motion.scss" time="0.023">
    </testcase>
  </testsuite>
  <testsuite name="SideNavHeader" errors="0" failures="0" skipped="0" timestamp="2025-04-09T19:40:00" time="0.148" tests="3">
    <testcase classname="SideNavHeader should render a &lt;header&gt; element" name="SideNavHeader should render a &lt;header&gt; element" time="0.004">
    </testcase>
    <testcase classname="SideNavHeader should support a custom icon through `renderIcon`" name="SideNavHeader should support a custom icon through `renderIcon`" time="0.003">
    </testcase>
    <testcase classname="SideNavHeader should support a custom `className` prop on the outermost element" name="SideNavHeader should support a custom `className` prop on the outermost element" time="0.002">
    </testcase>
  </testsuite>
  <testsuite name="ToggleSkeleton" errors="0" failures="0" skipped="0" timestamp="2025-04-09T19:40:00" time="0.167" tests="2">
    <testcase classname="ToggleSkeleton should support a custom className on the outermost element" name="ToggleSkeleton should support a custom className on the outermost element" time="0.008">
    </testcase>
    <testcase classname="ToggleSkeleton should spread props onto the outermost element" name="ToggleSkeleton should spread props onto the outermost element" time="0.003">
    </testcase>
  </testsuite>
  <testsuite name="useLayoutDirection" errors="0" failures="0" skipped="0" timestamp="2025-04-09T19:40:00" time="0.151" tests="2">
    <testcase classname="useLayoutDirection should provide a default value" name="useLayoutDirection should provide a default value" time="0.005">
    </testcase>
    <testcase classname="useLayoutDirection should provide the current direction from context" name="useLayoutDirection should provide the current direction from context" time="0.003">
    </testcase>
  </testsuite>
  <testsuite name="useId" errors="0" failures="0" skipped="0" timestamp="2025-04-09T19:40:00" time="0.087" tests="3">
    <testcase classname="useId should generate a unique id that is stable across renders" name="useId should generate a unique id that is stable across renders" time="0.006">
    </testcase>
    <testcase classname="useId should generate a unique id when using the useFallbackId empty" name="useId should generate a unique id when using the useFallbackId empty" time="0.001">
    </testcase>
    <testcase classname="useId should received a unique id by passing a string on params when using useFallbackId" name="useId should received a unique id by passing a string on params when using useFallbackId" time="0.001">
    </testcase>
  </testsuite>
  <testsuite name="ListItem" errors="0" failures="0" skipped="0" timestamp="2025-04-09T19:40:00" time="0.189" tests="3">
    <testcase classname="ListItem Renders as expected should be an li element" name="ListItem Renders as expected should be an li element" time="0.058">
    </testcase>
    <testcase classname="ListItem Renders as expected should render with the appropriate classes" name="ListItem Renders as expected should render with the appropriate classes" time="0.01">
    </testcase>
    <testcase classname="ListItem Renders as expected should render children as expected" name="ListItem Renders as expected should render children as expected" time="0.007">
    </testcase>
  </testsuite>
  <testsuite name="useNoInteractiveChildren" errors="0" failures="0" skipped="0" timestamp="2025-04-09T19:40:00" time="0.118" tests="2">
    <testcase classname="useNoInteractiveChildren should render without errors if no interactive content is found" name="useNoInteractiveChildren should render without errors if no interactive content is found" time="0.001">
    </testcase>
    <testcase classname="useNoInteractiveChildren should throw an error if interactive content is found" name="useNoInteractiveChildren should throw an error if interactive content is found" time="0.018">
    </testcase>
  </testsuite>
  <testsuite name="enable-v12-tile-radio-icons" errors="0" failures="0" skipped="0" timestamp="2025-04-09T19:40:00" time="0.266" tests="1">
    <testcase classname="enable-v12-tile-radio-icons transforms correctly" name="enable-v12-tile-radio-icons transforms correctly" time="0.177">
    </testcase>
  </testsuite>
  <testsuite name="BadgeIndicator" errors="0" failures="0" skipped="0" timestamp="2025-04-09T19:40:00" time="0.132" tests="4">
    <testcase classname="BadgeIndicator should set a count" name="BadgeIndicator should set a count" time="0.002">
    </testcase>
    <testcase classname="BadgeIndicator should truncate the count over 999" name="BadgeIndicator should truncate the count over 999" time="0.001">
    </testcase>
    <testcase classname="BadgeIndicator should support a custom class name on the outermost element" name="BadgeIndicator should support a custom class name on the outermost element" time="0">
    </testcase>
    <testcase classname="BadgeIndicator should support a ref on the outermost element" name="BadgeIndicator should support a ref on the outermost element" time="0.003">
    </testcase>
  </testsuite>
  <testsuite name="yml" errors="0" failures="0" skipped="0" timestamp="2025-04-09T19:40:00" time="0.178" tests="4">
    <testcase classname="yml should read a filepath and return its content as a value" name="yml should read a filepath and return its content as a value" time="0.033">
    </testcase>
    <testcase classname="yml should write the given data as yml to the given filepath" name="yml should write the given data as yml to the given filepath" time="0.014">
    </testcase>
    <testcase classname="yml should throw if the file its trying to read from does not exist" name="yml should throw if the file its trying to read from does not exist" time="0.005">
    </testcase>
    <testcase classname="yml should throw if the given data is invalid yml" name="yml should throw if the given data is invalid yml" time="0.011">
    </testcase>
  </testsuite>
  <testsuite name="SkipToContent" errors="0" failures="0" skipped="0" timestamp="2025-04-09T19:40:00" time="0.102" tests="4">
    <testcase classname="SkipToContent should support setting the `href` of the underlying &lt;a&gt; element" name="SkipToContent should support setting the `href` of the underlying &lt;a&gt; element" time="0.017">
    </testcase>
    <testcase classname="SkipToContent should support setting the `tabIndex` of the underlying &lt;a&gt; element" name="SkipToContent should support setting the `tabIndex` of the underlying &lt;a&gt; element" time="0.003">
    </testcase>
    <testcase classname="SkipToContent should support a custom `className` prop on the outermost element" name="SkipToContent should support a custom `className` prop on the outermost element" time="0.001">
    </testcase>
    <testcase classname="SkipToContent should spread extra props on the outermost element" name="SkipToContent should spread extra props on the outermost element" time="0">
    </testcase>
  </testsuite>
  <testsuite name="SassRenderer" errors="0" failures="0" skipped="0" timestamp="2025-04-09T19:40:00" time="0.174" tests="2">
    <testcase classname="SassRenderer should compile sass and return the result" name="SassRenderer should compile sass and return the result" time="0.02">
    </testcase>
    <testcase classname="SassRenderer should retrieve values from sass with get-value" name="SassRenderer should retrieve values from sass with get-value" time="0.003">
    </testcase>
  </testsuite>
  <testsuite name="useDelayedState" errors="0" failures="0" skipped="0" timestamp="2025-04-09T19:40:00" time="0.225" tests="3">
    <testcase classname="useDelayedState should update the state after the given delayMs" name="useDelayedState should update the state after the given delayMs" time="0.053">
    </testcase>
    <testcase classname="useDelayedState should cancel any pending state updates if called before delayMs has passed" name="useDelayedState should cancel any pending state updates if called before delayMs has passed" time="0.013">
    </testcase>
    <testcase classname="useDelayedState should immediately call setState if no delay is given" name="useDelayedState should immediately call setState if no delay is given" time="0.016">
    </testcase>
  </testsuite>
  <testsuite name="SideNavDivider" errors="0" failures="0" skipped="0" timestamp="2025-04-09T19:40:00" time="0.134" tests="1">
    <testcase classname="SideNavDivider renders as expected - Component API should support a custom `className` prop on the outermost element" name="SideNavDivider renders as expected - Component API should support a custom `className` prop on the outermost element" time="0.001">
    </testcase>
  </testsuite>
  <testsuite name="Theme" errors="0" failures="0" skipped="0" timestamp="2025-04-09T19:40:00" time="0.183" tests="8">
    <testcase classname="Theme should render the children passed in as a prop" name="Theme should render the children passed in as a prop" time="0.006">
    </testcase>
    <testcase classname="Theme should set the theme in context" name="Theme should set the theme in context" time="0.002">
    </testcase>
    <testcase classname="usePrefersDarkScheme should set see white as light" name="usePrefersDarkScheme should set see white as light" time="0.002">
    </testcase>
    <testcase classname="usePrefersDarkScheme should set see g10 as light" name="usePrefersDarkScheme should set see g10 as light" time="0.003">
    </testcase>
    <testcase classname="usePrefersDarkScheme should set see g90 as light" name="usePrefersDarkScheme should set see g90 as light" time="0.003">
    </testcase>
    <testcase classname="usePrefersDarkScheme should set see g100 as light" name="usePrefersDarkScheme should set see g100 as light" time="0.004">
    </testcase>
    <testcase classname="usePrefersDarkScheme should call usePrefersDarkScheme" name="usePrefersDarkScheme should call usePrefersDarkScheme" time="0.001">
    </testcase>
    <testcase classname="GlobalTheme should set the theme globally" name="GlobalTheme should set the theme globally" time="0.005">
    </testcase>
  </testsuite>
  <testsuite name="v11" errors="0" failures="0" skipped="0" timestamp="2025-04-09T19:40:00" time="0.122" tests="11">
    <testcase classname="v11 v11 token group" name="v11 v11 token group" time="0.002">
    </testcase>
    <testcase classname="v11 background token group" name="v11 background token group" time="0.001">
    </testcase>
    <testcase classname="v11 layer token group" name="v11 layer token group" time="0">
    </testcase>
    <testcase classname="v11 field token group" name="v11 field token group" time="0.001">
    </testcase>
    <testcase classname="v11 border token group" name="v11 border token group" time="0">
    </testcase>
    <testcase classname="v11 text token group" name="v11 text token group" time="0">
    </testcase>
    <testcase classname="v11 link token group" name="v11 link token group" time="0">
    </testcase>
    <testcase classname="v11 icon token group" name="v11 icon token group" time="0">
    </testcase>
    <testcase classname="v11 support token group" name="v11 support token group" time="0.001">
    </testcase>
    <testcase classname="v11 focus token group" name="v11 focus token group" time="0">
    </testcase>
    <testcase classname="v11 skeleton token group" name="v11 skeleton token group" time="0.001">
    </testcase>
  </testsuite>
  <testsuite name="toSVG" errors="0" failures="0" skipped="0" timestamp="2025-04-09T19:40:00" time="0.096" tests="1">
    <testcase classname="toSVG should convert a given descriptor to a valid DOM node" name="toSVG should convert a given descriptor to a valid DOM node" time="0.004">
    </testcase>
  </testsuite>
  <testsuite name="TokenFormat" errors="0" failures="0" skipped="0" timestamp="2025-04-09T19:40:00" time="0.109" tests="4">
    <testcase classname="TokenFormat should return the given name if no formatting is required" name="TokenFormat should return the given name if no formatting is required" time="0">
    </testcase>
    <testcase classname="TokenFormat formats.js token-name should be formatted to tokenName" name="TokenFormat formats.js token-name should be formatted to tokenName" time="0">
    </testcase>
    <testcase classname="TokenFormat formats.js test-ui should be formatted to testUI" name="TokenFormat formats.js test-ui should be formatted to testUI" time="0">
    </testcase>
    <testcase classname="TokenFormat formats.js token-01 should be formatted to token01" name="TokenFormat formats.js token-01 should be formatted to token01" time="0">
    </testcase>
  </testsuite>
  <testsuite name="RadioButtonSkeleton" errors="0" failures="0" skipped="0" timestamp="2025-04-09T19:40:00" time="0.111" tests="2">
    <testcase classname="RadioButtonSkeleton should support `className` on the outermost element" name="RadioButtonSkeleton should support `className` on the outermost element" time="0.002">
    </testcase>
    <testcase classname="RadioButtonSkeleton should spread props on the outermost element" name="RadioButtonSkeleton should spread props on the outermost element" time="0.001">
    </testcase>
  </testsuite>
  <testsuite name="FluidTextAreaSkeleton" errors="0" failures="0" skipped="0" timestamp="2025-04-09T19:40:00" time="0.105" tests="2">
    <testcase classname="FluidTextAreaSkeleton should render with fluid classes" name="FluidTextAreaSkeleton should render with fluid classes" time="0.003">
    </testcase>
    <testcase classname="FluidTextAreaSkeleton should support a custom `className` prop on the outermost element" name="FluidTextAreaSkeleton should support a custom `className` prop on the outermost element" time="0.002">
    </testcase>
  </testsuite>
  <testsuite name="Heading" errors="0" failures="0" skipped="0" timestamp="2025-04-09T19:40:00" time="0.165" tests="7">
    <testcase classname="Heading should begin with an &lt;h1&gt; tag" name="Heading should begin with an &lt;h1&gt; tag" time="0.005">
    </testcase>
    <testcase classname="Heading should increment heading levels as you nest sections" name="Heading should increment heading levels as you nest sections" time="0.011">
    </testcase>
    <testcase classname="Heading should override heading levels when specifying the level of a section" name="Heading should override heading levels when specifying the level of a section" time="0.015">
    </testcase>
    <testcase classname="Heading should stop increment heading levels past level 6" name="Heading should stop increment heading levels past level 6" time="0.011">
    </testcase>
    <testcase classname="Heading Component API should pass through all props for &lt;Section&gt;" name="Heading Component API should pass through all props for &lt;Section&gt;" time="0.002">
    </testcase>
    <testcase classname="Heading Component API should use the `as` prop to change the element in &lt;Section&gt;" name="Heading Component API should use the `as` prop to change the element in &lt;Section&gt;" time="0.002">
    </testcase>
    <testcase classname="Heading Component API should pass through all props for &lt;Heading&gt;" name="Heading Component API should pass through all props for &lt;Heading&gt;" time="0.003">
    </testcase>
  </testsuite>
  <testsuite name="Layout" errors="0" failures="0" skipped="0" timestamp="2025-04-09T19:40:00" time="0.197" tests="10">
    <testcase classname="Layout should render a custom element when &quot;as&quot; prop is provided" name="Layout should render a custom element when &quot;as&quot; prop is provided" time="0.002">
    </testcase>
    <testcase classname="Layout should apply the correct size class for Layout" name="Layout should apply the correct size class for Layout" time="0.001">
    </testcase>
    <testcase classname="Layout should apply the correct density class for Layout" name="Layout should apply the correct density class for Layout" time="0">
    </testcase>
    <testcase classname="Layout should apply custom class name to Layout" name="Layout should apply custom class name to Layout" time="0.001">
    </testcase>
    <testcase classname="Layout should render children inside Layout" name="Layout should render children inside Layout" time="0.001">
    </testcase>
    <testcase classname="LayoutConstraint should render a custom element when &quot;as&quot; prop is provided for LayoutConstraint" name="LayoutConstraint should render a custom element when &quot;as&quot; prop is provided for LayoutConstraint" time="0">
    </testcase>
    <testcase classname="LayoutConstraint should apply correct size constraints for LayoutConstraint" name="LayoutConstraint should apply correct size constraints for LayoutConstraint" time="0.001">
    </testcase>
    <testcase classname="LayoutConstraint should apply correct density constraints for LayoutConstraint" name="LayoutConstraint should apply correct density constraints for LayoutConstraint" time="0.001">
    </testcase>
    <testcase classname="LayoutConstraint should apply custom class name to LayoutConstraint" name="LayoutConstraint should apply custom class name to LayoutConstraint" time="0">
    </testcase>
    <testcase classname="LayoutConstraint should render children inside LayoutConstraint" name="LayoutConstraint should render children inside LayoutConstraint" time="0.002">
    </testcase>
  </testsuite>
  <testsuite name="Token" errors="0" failures="0" skipped="0" timestamp="2025-04-09T19:40:00" time="0.134" tests="4">
    <testcase classname="Token should build a token with a string or object" name="Token should build a token with a string or object" time="0.001">
    </testcase>
    <testcase classname="Token should have a name property" name="Token should have a name property" time="0">
    </testcase>
    <testcase classname="Token should have a properties property if one is provided" name="Token should have a properties property if one is provided" time="0">
    </testcase>
    <testcase classname="Token should have a state property if one is provided" name="Token should have a state property if one is provided" time="0.001">
    </testcase>
  </testsuite>
  <testsuite name="ButtonSet" errors="0" failures="0" skipped="0" timestamp="2025-04-09T19:40:00" time="0.232" tests="5">
    <testcase classname="ButtonSet should support rendering elements through the `children` prop" name="ButtonSet should support rendering elements through the `children` prop" time="0.03">
    </testcase>
    <testcase classname="ButtonSet should support a custom className on the outermost element" name="ButtonSet should support a custom className on the outermost element" time="0.003">
    </testcase>
    <testcase classname="ButtonSet should spread props onto the outermost element" name="ButtonSet should spread props onto the outermost element" time="0.001">
    </testcase>
    <testcase classname="ButtonSet should support a `ref` that is placed on the outermost element" name="ButtonSet should support a `ref` that is placed on the outermost element" time="0.003">
    </testcase>
    <testcase classname="ButtonSet stacked should set the stacked class when stacked is provided" name="ButtonSet stacked should set the stacked class when stacked is provided" time="0.001">
    </testcase>
  </testsuite>
  <testsuite name="IconSkeleton" errors="0" failures="0" skipped="0" timestamp="2025-04-09T19:40:00" time="0.155" tests="1">
    <testcase classname="IconSkeleton should pass in an extra className when one is given" name="IconSkeleton should pass in an extra className when one is given" time="0.002">
    </testcase>
  </testsuite>
  <testsuite name="FluidDropdownSkeleton" errors="0" failures="0" skipped="0" timestamp="2025-04-09T19:40:00" time="0.146" tests="2">
    <testcase classname="FluidDropdownSkeleton should render with fluid classes" name="FluidDropdownSkeleton should render with fluid classes" time="0.003">
    </testcase>
    <testcase classname="FluidDropdownSkeleton should support a custom `className` prop on the outermost element" name="FluidDropdownSkeleton should support a custom `className` prop on the outermost element" time="0.002">
    </testcase>
  </testsuite>
  <testsuite name="Link" errors="0" failures="0" skipped="0" timestamp="2025-04-09T19:40:00" time="0.154" tests="4">
    <testcase classname="Link should render an element with role=&quot;link&quot;" name="Link should render an element with role=&quot;link&quot;" time="0.014">
    </testcase>
    <testcase classname="Link should support a custom `className` prop on the outermost element" name="Link should support a custom `className` prop on the outermost element" time="0.002">
    </testcase>
    <testcase classname="Link should spread extra props on the outermost element" name="Link should spread extra props on the outermost element" time="0.001">
    </testcase>
    <testcase classname="Link should support a `ref` that is placed on the outermost element" name="Link should support a `ref` that is placed on the outermost element" time="0.004">
    </testcase>
  </testsuite>
  <testsuite name="undefined" errors="0" failures="0" skipped="0" timestamp="2025-04-09T19:40:01" time="0.117" tests="2">
    <testcase classname=" colors" name=" colors" time="0.001">
    </testcase>
    <testcase classname=" hoverColors" name=" hoverColors" time="0.001">
    </testcase>
  </testsuite>
  <testsuite name="Text" errors="0" failures="0" skipped="0" timestamp="2025-04-09T19:40:01" time="0.162" tests="5">
    <testcase classname="Text should support specifying direction with the `dir` prop" name="Text should support specifying direction with the `dir` prop" time="0.003">
    </testcase>
    <testcase classname="Text should support custom elements with the `as` prop" name="Text should support custom elements with the `as` prop" time="0.001">
    </testcase>
    <testcase classname="Text should support spreading props onto the outermost node" name="Text should support spreading props onto the outermost node" time="0">
    </testcase>
    <testcase classname="Text should not use redundant `dir` attributes on text nodes" name="Text should not use redundant `dir` attributes on text nodes" time="0.004">
    </testcase>
    <testcase classname="Text should support overriding `dir` with `getTextDirection`" name="Text should support overriding `dir` with `getTextDirection`" time="0.003">
    </testcase>
  </testsuite>
  <testsuite name="AspectRatio" errors="0" failures="0" skipped="0" timestamp="2025-04-09T19:40:00" time="0.206" tests="5">
    <testcase classname="AspectRatio renders as expected - Component API should spread extra props onto outermost element" name="AspectRatio renders as expected - Component API should spread extra props onto outermost element" time="0.002">
    </testcase>
    <testcase classname="AspectRatio renders as expected - Component API should respect as prop" name="AspectRatio renders as expected - Component API should respect as prop" time="0.011">
    </testcase>
    <testcase classname="AspectRatio renders as expected - Component API should render children as expected" name="AspectRatio renders as expected - Component API should render children as expected" time="0.002">
    </testcase>
    <testcase classname="AspectRatio renders as expected - Component API should support a custom `className` prop on the outermost element" name="AspectRatio renders as expected - Component API should support a custom `className` prop on the outermost element" time="0.002">
    </testcase>
    <testcase classname="AspectRatio renders as expected - Component API should respect ratio prop" name="AspectRatio renders as expected - Component API should respect ratio prop" time="0.026">
    </testcase>
  </testsuite>
  <testsuite name="useId SSR" errors="0" failures="0" skipped="0" timestamp="2025-04-09T19:40:01" time="0.118" tests="1">
    <testcase classname="useId SSR should generate an id on the server" name="useId SSR should generate an id on the server" time="0.005">
    </testcase>
  </testsuite>
  <testsuite name="undefined" errors="0" failures="0" skipped="0" timestamp="2025-04-09T19:40:01" time="0.128" tests="1">
    <testcase classname=" metadata" name=" metadata" time="0.009">
    </testcase>
  </testsuite>
  <testsuite name="SideNavItem" errors="0" failures="0" skipped="0" timestamp="2025-04-09T19:40:01" time="0.117" tests="2">
    <testcase classname="SideNavItem should set the large class when `large` is true" name="SideNavItem should set the large class when `large` is true" time="0.002">
    </testcase>
    <testcase classname="SideNavItem should support a custom `className` prop on the outermost element" name="SideNavItem should support a custom `className` prop on the outermost element" time="0.001">
    </testcase>
  </testsuite>
  <testsuite name="events tools" errors="0" failures="0" skipped="0" timestamp="2025-04-09T19:40:01" time="0.168" tests="2">
    <testcase classname="events tools composeEventHandlers should call all handlers if the event has not been prevented" name="events tools composeEventHandlers should call all handlers if the event has not been prevented" time="0.002">
    </testcase>
    <testcase classname="events tools composeEventHandlers should stop if a handler calls `preventDefault`" name="events tools composeEventHandlers should stop if a handler calls `preventDefault`" time="0.005">
    </testcase>
  </testsuite>
  <testsuite name="SkeletonText" errors="0" failures="0" skipped="0" timestamp="2025-04-09T19:40:01" time="0.148" tests="2">
    <testcase classname="SkeletonText should pass in an extra className when one is given" name="SkeletonText should pass in an extra className when one is given" time="0.005">
    </testcase>
    <testcase classname="SkeletonText Heading should add heading classNames when the heading prop is passed in" name="SkeletonText Heading should add heading classNames when the heading prop is passed in" time="0.001">
    </testcase>
  </testsuite>
  <testsuite name="childrenOfType" errors="0" failures="0" skipped="0" timestamp="2025-04-09T19:40:01" time="0.162" tests="7">
    <testcase classname="childrenOfType should validate children of a given element type" name="childrenOfType should validate children of a given element type" time="0">
    </testcase>
    <testcase classname="childrenOfType should warn with an invalid prop type for an invalid element child type" name="childrenOfType should warn with an invalid prop type for an invalid element child type" time="0.015">
    </testcase>
    <testcase classname="childrenOfType should validate children of a given stateless functional component type" name="childrenOfType should validate children of a given stateless functional component type" time="0">
    </testcase>
    <testcase classname="childrenOfType should warn with an invalid prop type for an invalid SFC child type" name="childrenOfType should warn with an invalid prop type for an invalid SFC child type" time="0.002">
    </testcase>
    <testcase classname="childrenOfType should validate children of a given class component type" name="childrenOfType should validate children of a given class component type" time="0.001">
    </testcase>
    <testcase classname="childrenOfType should warn with an invalid prop type for an invalid class component child type" name="childrenOfType should warn with an invalid prop type for an invalid class component child type" time="0.006">
    </testcase>
    <testcase classname="childrenOfType should work with `isRequired`" name="childrenOfType should work with `isRequired`" time="0.001">
    </testcase>
  </testsuite>
  <testsuite name="update-carbon-icons-react-import-to-carbon-react" errors="0" failures="0" skipped="0" timestamp="2025-04-09T19:40:01" time="0.149" tests="1">
    <testcase classname="update-carbon-icons-react-import-to-carbon-react transforms correctly" name="update-carbon-icons-react-import-to-carbon-react transforms correctly" time="0.016">
    </testcase>
  </testsuite>
  <testsuite name="refactor-light-to-layer" errors="0" failures="0" skipped="0" timestamp="2025-04-09T19:40:01" time="0.127" tests="1">
    <testcase classname="refactor-light-to-layer transforms correctly" name="refactor-light-to-layer transforms correctly" time="0.037">
    </testcase>
  </testsuite>
  <testsuite name="HeaderSideNavItems" errors="0" failures="0" skipped="0" timestamp="2025-04-09T19:40:01" time="0.125" tests="3">
    <testcase classname="HeaderSideNavItems renders as expected - Component API should render children as expected" name="HeaderSideNavItems renders as expected - Component API should render children as expected" time="0.009">
    </testcase>
    <testcase classname="HeaderSideNavItems renders as expected - Component API should support a custom `className` prop on the outermost element" name="HeaderSideNavItems renders as expected - Component API should support a custom `className` prop on the outermost element" time="0.003">
    </testcase>
    <testcase classname="HeaderSideNavItems renders as expected - Component API should respect hasDivider prop" name="HeaderSideNavItems renders as expected - Component API should respect hasDivider prop" time="0.001">
    </testcase>
  </testsuite>
  <testsuite name="SideNavMenuItem" errors="0" failures="0" skipped="0" timestamp="2025-04-09T19:40:01" time="0.223" tests="4">
    <testcase classname="SideNavMenuItem should set the current class when `isActive` is true" name="SideNavMenuItem should set the current class when `isActive` is true" time="0.004">
    </testcase>
    <testcase classname="SideNavMenuItem should support a custom `className` prop on the outermost element" name="SideNavMenuItem should support a custom `className` prop on the outermost element" time="0.002">
    </testcase>
    <testcase classname="SideNavMenuItem should spread extra props on the &lt;a&gt; element" name="SideNavMenuItem should spread extra props on the &lt;a&gt; element" time="0.03">
    </testcase>
    <testcase classname="SideNavMenuItem should support a `ref` on the &lt;a&gt; element" name="SideNavMenuItem should support a `ref` on the &lt;a&gt; element" time="0.029">
    </testcase>
  </testsuite>
  <testsuite name="SkeletonIcon" errors="0" failures="0" skipped="0" timestamp="2025-04-09T19:40:01" time="0.172" tests="1">
    <testcase classname="SkeletonIcon should pass in an extra className when one is given" name="SkeletonIcon should pass in an extra className when one is given" time="0.003">
    </testcase>
  </testsuite>
  <testsuite name="TableToolbar" errors="0" failures="0" skipped="0" timestamp="2025-04-09T19:40:01" time="0.129" tests="5">
    <testcase classname="TableToolbar renders as expected - Component API should render" name="TableToolbar renders as expected - Component API should render" time="0.004">
    </testcase>
    <testcase classname="TableToolbar renders as expected - Component API should spread extra props onto outermost element" name="TableToolbar renders as expected - Component API should spread extra props onto outermost element" time="0.004">
    </testcase>
    <testcase classname="TableToolbar renders as expected - Component API should respect aria-label prop" name="TableToolbar renders as expected - Component API should respect aria-label prop" time="0.004">
    </testcase>
    <testcase classname="TableToolbar renders as expected - Component API should render children as expected" name="TableToolbar renders as expected - Component API should render children as expected" time="0.002">
    </testcase>
    <testcase classname="TableToolbar renders as expected - Component API should respect size prop" name="TableToolbar renders as expected - Component API should respect size prop" time="0.001">
    </testcase>
  </testsuite>
  <testsuite name="sorting state" errors="0" failures="0" skipped="0" timestamp="2025-04-09T19:40:01" time="0.124" tests="7">
    <testcase classname="sorting state sortStates should describe the available sort states" name="sorting state sortStates should describe the available sort states" time="0.005">
    </testcase>
    <testcase classname="sorting state initialSortState should set the initial sort state to NONE" name="sorting state initialSortState should set the initial sort state to NONE" time="0.001">
    </testcase>
    <testcase classname="sorting state getNextSortDirection should default to ASC" name="sorting state getNextSortDirection should default to ASC" time="0">
    </testcase>
    <testcase classname="sorting state getNextSortDirection should transition from ASC -&gt; DESC -&gt; NONE" name="sorting state getNextSortDirection should transition from ASC -&gt; DESC -&gt; NONE" time="0.001">
    </testcase>
    <testcase classname="sorting state getNextSortDirection should reset to ASC if the header changes" name="sorting state getNextSortDirection should reset to ASC if the header changes" time="0.004">
    </testcase>
    <testcase classname="sorting state getNextSortState should initialize in ASC order for the first header called" name="sorting state getNextSortState should initialize in ASC order for the first header called" time="0">
    </testcase>
    <testcase classname="sorting state getNextSortState should iterate through the sort order for the same header key" name="sorting state getNextSortState should iterate through the sort order for the same header key" time="0">
    </testcase>
  </testsuite>
  <testsuite name="TextInputSkeleton" errors="0" failures="0" skipped="0" timestamp="2025-04-09T19:40:01" time="0.192" tests="5">
    <testcase classname="TextInputSkeleton should render the skeleton input with the default classes" name="TextInputSkeleton should render the skeleton input with the default classes" time="0.007">
    </testcase>
    <testcase classname="TextInputSkeleton should render the label skeleton by default" name="TextInputSkeleton should render the label skeleton by default" time="0.008">
    </testcase>
    <testcase classname="TextInputSkeleton should not render the label skeleton if hideLabel is true" name="TextInputSkeleton should not render the label skeleton if hideLabel is true" time="0.01">
    </testcase>
    <testcase classname="TextInputSkeleton should apply custom class names to the form item wrapper" name="TextInputSkeleton should apply custom class names to the form item wrapper" time="0.001">
    </testcase>
    <testcase classname="TextInputSkeleton should spread additional props onto the root element" name="TextInputSkeleton should spread additional props onto the root element" time="0.005">
    </testcase>
  </testsuite>
  <testsuite name="SwitcherDivider" errors="0" failures="0" skipped="0" timestamp="2025-04-09T19:40:01" time="0.149" tests="2">
    <testcase classname="SwitcherDivider renders as expected - Component API should spread extra props onto outermost element" name="SwitcherDivider renders as expected - Component API should spread extra props onto outermost element" time="0.003">
    </testcase>
    <testcase classname="SwitcherDivider renders as expected - Component API should support a custom `className` prop on the outermost element" name="SwitcherDivider renders as expected - Component API should support a custom `className` prop on the outermost element" time="0.001">
    </testcase>
  </testsuite>
  <testsuite name="StructuredListSkeleton" errors="0" failures="0" skipped="0" timestamp="2025-04-09T19:40:01" time="0.132" tests="2">
    <testcase classname="StructuredListSkeleton should support a custom `className` prop on the outermost element" name="StructuredListSkeleton should support a custom `className` prop on the outermost element" time="0.005">
    </testcase>
    <testcase classname="StructuredListSkeleton should spread additional props on the outermost element" name="StructuredListSkeleton should spread additional props on the outermost element" time="0.004">
    </testcase>
  </testsuite>
  <testsuite name="memory" errors="0" failures="0" skipped="0" timestamp="2025-04-09T19:40:01" time="0.094" tests="3">
    <testcase classname="memory should read a filepath and return its content as a value" name="memory should read a filepath and return its content as a value" time="0.001">
    </testcase>
    <testcase classname="memory should write the given data as yml to the given filepath" name="memory should write the given data as yml to the given filepath" time="0.001">
    </testcase>
    <testcase classname="memory should throw if the file its trying to read from does not exist" name="memory should throw if the file its trying to read from does not exist" time="0">
    </testcase>
  </testsuite>
  <testsuite name="ButtonSkeleton" errors="0" failures="0" skipped="0" timestamp="2025-04-09T19:40:01" time="0.128" tests="8">
    <testcase classname="ButtonSkeleton should set the expected classes for the size: `sm`" name="ButtonSkeleton should set the expected classes for the size: `sm`" time="0.006">
    </testcase>
    <testcase classname="ButtonSkeleton should set the expected classes for the size: `md`" name="ButtonSkeleton should set the expected classes for the size: `md`" time="0.001">
    </testcase>
    <testcase classname="ButtonSkeleton should set the expected classes for the size: `lg`" name="ButtonSkeleton should set the expected classes for the size: `lg`" time="0">
    </testcase>
    <testcase classname="ButtonSkeleton should set the expected classes for the size: `xl`" name="ButtonSkeleton should set the expected classes for the size: `xl`" time="0.001">
    </testcase>
    <testcase classname="ButtonSkeleton should set the expected classes for the size: `2xl`" name="ButtonSkeleton should set the expected classes for the size: `2xl`" time="0">
    </testcase>
    <testcase classname="ButtonSkeleton link variant should render an &lt;a&gt; when `href` is passed as a prop" name="ButtonSkeleton link variant should render an &lt;a&gt; when `href` is passed as a prop" time="0.003">
    </testcase>
    <testcase classname="ButtonSkeleton link variant should render with [role=&quot;button&quot;]" name="ButtonSkeleton link variant should render with [role=&quot;button&quot;]" time="0.003">
    </testcase>
    <testcase classname="ButtonSkeleton deprecated should set the small class name when the small prop is set" name="ButtonSkeleton deprecated should set the small class name when the small prop is set" time="0.001">
    </testcase>
  </testsuite>
  <testsuite name="Layer" errors="0" failures="0" skipped="0" timestamp="2025-04-09T19:40:01" time="0.151" tests="3">
    <testcase classname="Layer should render the children passed in as a prop" name="Layer should render the children passed in as a prop" time="0.007">
    </testcase>
    <testcase classname="Layer should spread any additional props onto the top-level element" name="Layer should spread any additional props onto the top-level element" time="0.002">
    </testcase>
    <testcase classname="Layer should accept a custom class name" name="Layer should accept a custom class name" time="0.001">
    </testcase>
  </testsuite>
  <testsuite name="FluidSelectSkeleton" errors="0" failures="0" skipped="0" timestamp="2025-04-09T19:40:01" time="0.154" tests="2">
    <testcase classname="FluidSelectSkeleton should render with fluid classes" name="FluidSelectSkeleton should render with fluid classes" time="0.004">
    </testcase>
    <testcase classname="FluidSelectSkeleton should support a custom `className` prop on the outermost element" name="FluidSelectSkeleton should support a custom `className` prop on the outermost element" time="0.002">
    </testcase>
  </testsuite>
  <testsuite name="refactor-to-callout" errors="0" failures="0" skipped="0" timestamp="2025-04-09T19:40:01" time="0.135" tests="4">
    <testcase classname="refactor-to-callout transforms correctly" name="refactor-to-callout transforms correctly" time="0.04">
    </testcase>
    <testcase classname="refactor-to-callout transforms correctly using &quot;refactor-to-callout2&quot; data" name="refactor-to-callout transforms correctly using &quot;refactor-to-callout2&quot; data" time="0.002">
    </testcase>
    <testcase classname="refactor-to-callout transforms correctly using &quot;refactor-to-callout3&quot; data" name="refactor-to-callout transforms correctly using &quot;refactor-to-callout3&quot; data" time="0.002">
    </testcase>
    <testcase classname="refactor-to-callout transforms correctly using &quot;refactor-to-callout4&quot; data" name="refactor-to-callout transforms correctly using &quot;refactor-to-callout4&quot; data" time="0.001">
    </testcase>
  </testsuite>
  <testsuite name="ClassPrefix" errors="0" failures="0" skipped="0" timestamp="2025-04-09T19:40:01" time="0.186" tests="1">
    <testcase classname="ClassPrefix should set the prefix value used by usePrefix" name="ClassPrefix should set the prefix value used by usePrefix" time="0.003">
    </testcase>
  </testsuite>
  <testsuite name="warning" errors="0" failures="0" skipped="0" timestamp="2025-04-09T19:40:01" time="0.116" tests="3">
    <testcase classname="warning calls console.warn() when the condition is false" name="warning calls console.warn() when the condition is false" time="0.001">
    </testcase>
    <testcase classname="warning does not call console.warn() when the condition is true" name="warning does not call console.warn() when the condition is true" time="0">
    </testcase>
    <testcase classname="warning throws an error when no message is provided" name="warning throws an error when no message is provided" time="0.005">
    </testcase>
  </testsuite>
  <testsuite name="FluidSearchSkeleton" errors="0" failures="0" skipped="0" timestamp="2025-04-09T19:40:01" time="0.134" tests="3">
    <testcase classname="FluidSearchSkeleton should render as expected" name="FluidSearchSkeleton should render as expected" time="0.003">
    </testcase>
    <testcase classname="FluidSearchSkeleton should apply additional custom class names if provided" name="FluidSearchSkeleton should apply additional custom class names if provided" time="0.001">
    </testcase>
    <testcase classname="FluidSearchSkeleton provides &quot;isFluid&quot; context value as true" name="FluidSearchSkeleton provides &quot;isFluid&quot; context value as true" time="0.001">
    </testcase>
  </testsuite>
  <testsuite name="wrapComponent" errors="0" failures="0" skipped="0" timestamp="2025-04-09T19:40:01" time="0.133" tests="5">
    <testcase classname="wrapComponent should render the outermost element as the given type" name="wrapComponent should render the outermost element as the given type" time="0.003">
    </testcase>
    <testcase classname="wrapComponent should set the `displayName` for a component" name="wrapComponent should set the `displayName` for a component" time="0">
    </testcase>
    <testcase classname="wrapComponent should support static class names with `className`" name="wrapComponent should support static class names with `className`" time="0">
    </testcase>
    <testcase classname="wrapComponent should support prefix class names with `className`" name="wrapComponent should support prefix class names with `className`" time="0.001">
    </testcase>
    <testcase classname="wrapComponent should spread additional props on the outermost node" name="wrapComponent should spread additional props on the outermost node" time="0.001">
    </testcase>
  </testsuite>
  <testsuite name="TabContent" errors="0" failures="0" skipped="0" timestamp="2025-04-09T19:40:01" time="0.19" tests="4">
    <testcase classname="TabContent renders as expected renders children as expected" name="TabContent renders as expected renders children as expected" time="0.011">
    </testcase>
    <testcase classname="TabContent renders as expected sets selected and hidden props with opposite boolean values" name="TabContent renders as expected sets selected and hidden props with opposite boolean values" time="0.012">
    </testcase>
    <testcase classname="TabContent renders as expected includes the content container in the tabbable index when no tab contents are provided" name="TabContent renders as expected includes the content container in the tabbable index when no tab contents are provided" time="0.017">
    </testcase>
    <testcase classname="TabContent renders as expected does not include the content container in the tabbable index when tab contents are provided" name="TabContent renders as expected does not include the content container in the tabbable index when tab contents are provided" time="0.003">
    </testcase>
  </testsuite>
  <testsuite name="ButtonSkeleton" errors="0" failures="0" skipped="0" timestamp="2025-04-09T19:40:01" time="0.151" tests="5">
    <testcase classname="ButtonSkeleton should set the expected classes for the size: `sm`" name="ButtonSkeleton should set the expected classes for the size: `sm`" time="0.006">
    </testcase>
    <testcase classname="ButtonSkeleton should set the expected classes for the size: `md`" name="ButtonSkeleton should set the expected classes for the size: `md`" time="0.002">
    </testcase>
    <testcase classname="ButtonSkeleton should set the expected classes for the size: `lg`" name="ButtonSkeleton should set the expected classes for the size: `lg`" time="0.001">
    </testcase>
    <testcase classname="ButtonSkeleton should support a custom className on the outermost element" name="ButtonSkeleton should support a custom className on the outermost element" time="0.002">
    </testcase>
    <testcase classname="ButtonSkeleton should spread props onto the outermost element" name="ButtonSkeleton should spread props onto the outermost element" time="0.001">
    </testcase>
  </testsuite>
  <testsuite name="useNoInteractiveChildren" errors="0" failures="0" skipped="0" timestamp="2025-04-09T19:40:01" time="0.16" tests="2">
    <testcase classname="useNoInteractiveChildren should render without errors if no interactive content is found" name="useNoInteractiveChildren should render without errors if no interactive content is found" time="0.002">
    </testcase>
    <testcase classname="useNoInteractiveChildren should throw an error if interactive content is found" name="useNoInteractiveChildren should throw an error if interactive content is found" time="0.031">
    </testcase>
  </testsuite>
  <testsuite name="FormItem" errors="0" failures="0" skipped="0" timestamp="2025-04-09T19:40:01" time="0.16" tests="2">
    <testcase classname="FormItem should support a custom `className` prop on the outermost element" name="FormItem should support a custom `className` prop on the outermost element" time="0.006">
    </testcase>
    <testcase classname="FormItem should spread extra props on the outermost element" name="FormItem should spread extra props on the outermost element" time="0.004">
    </testcase>
  </testsuite>
  <testsuite name="wrapFocus" errors="0" failures="0" skipped="0" timestamp="2025-04-09T19:40:01" time="0.237" tests="7">
    <testcase classname="wrapFocus runs forward focus-wrap when following outer node is focused on" name="wrapFocus runs forward focus-wrap when following outer node is focused on" time="0.007">
    </testcase>
    <testcase classname="wrapFocus runs forward focus-wrap when following focus sentinel is focused on" name="wrapFocus runs forward focus-wrap when following focus sentinel is focused on" time="0.005">
    </testcase>
    <testcase classname="wrapFocus runs reverse focus-wrap when preceding outer node is focused on" name="wrapFocus runs reverse focus-wrap when preceding outer node is focused on" time="0.007">
    </testcase>
    <testcase classname="wrapFocus runs reverse focus-wrap when preceding focus sentinel is focused on" name="wrapFocus runs reverse focus-wrap when preceding focus sentinel is focused on" time="0.012">
    </testcase>
    <testcase classname="wrapFocus does not run focus-wrap when a floating menu is focused on" name="wrapFocus does not run focus-wrap when a floating menu is focused on" time="0.006">
    </testcase>
    <testcase classname="wrapFocus uses inner modal node as a escape hatch for focusing for forward focus-wrap" name="wrapFocus uses inner modal node as a escape hatch for focusing for forward focus-wrap" time="0.006">
    </testcase>
    <testcase classname="wrapFocus uses inner modal node as a escape hatch for focusing for reverse focus-wrap" name="wrapFocus uses inner modal node as a escape hatch for focusing for reverse focus-wrap" time="0.003">
    </testcase>
  </testsuite>
  <testsuite name="TableToolbarContent" errors="0" failures="0" skipped="0" timestamp="2025-04-09T19:40:01" time="0.168" tests="3">
    <testcase classname="TableToolbarContent renders as expected - Component API should render" name="TableToolbarContent renders as expected - Component API should render" time="0.005">
    </testcase>
    <testcase classname="TableToolbarContent renders as expected - Component API should spread extra props onto outermost element" name="TableToolbarContent renders as expected - Component API should spread extra props onto outermost element" time="0.008">
    </testcase>
    <testcase classname="TableToolbarContent renders as expected - Component API should support a custom `className` prop on the outermost element" name="TableToolbarContent renders as expected - Component API should support a custom `className` prop on the outermost element" time="0.003">
    </testcase>
  </testsuite>
  <testsuite name="FluidNumberInputSkeleton" errors="0" failures="0" skipped="0" timestamp="2025-04-09T19:40:01" time="0.174" tests="3">
    <testcase classname="FluidNumberInputSkeleton should render with the appropriate skeleton classes" name="FluidNumberInputSkeleton should render with the appropriate skeleton classes" time="0.003">
    </testcase>
    <testcase classname="FluidNumberInputSkeleton should apply custom className to the outermost element" name="FluidNumberInputSkeleton should apply custom className to the outermost element" time="0.001">
    </testcase>
    <testcase classname="FluidNumberInputSkeleton should spread extra props onto the outermost element" name="FluidNumberInputSkeleton should spread extra props onto the outermost element" time="0">
    </testcase>
  </testsuite>
  <testsuite name="update-carbon-components-react-import-to-scoped" errors="0" failures="0" skipped="0" timestamp="2025-04-09T19:40:01" time="0.147" tests="1">
    <testcase classname="update-carbon-components-react-import-to-scoped transforms correctly" name="update-carbon-components-react-import-to-scoped transforms correctly" time="0.024">
    </testcase>
  </testsuite>
  <testsuite name="TextDirection" errors="0" failures="0" skipped="0" timestamp="2025-04-09T19:40:01" time="0.174" tests="1">
    <testcase classname="TextDirection should set the direction in context" name="TextDirection should set the direction in context" time="0.003">
    </testcase>
  </testsuite>
  <testsuite name="registry" errors="0" failures="0" skipped="0" timestamp="2025-04-09T19:40:01" time="0.189" tests="3">
    <testcase classname="registry should register each asset from a directory" name="registry should register each asset from a directory" time="0.059">
    </testcase>
    <testcase classname="registry should register each asset in nested directories" name="registry should register each asset in nested directories" time="0.003">
    </testcase>
    <testcase classname="registry should register assets with the same name under the same icon" name="registry should register assets with the same name under the same icon" time="0.004">
    </testcase>
  </testsuite>
  <testsuite name="sort-prop-types" errors="0" failures="0" skipped="0" timestamp="2025-04-09T19:40:01" time="0.181" tests="2">
    <testcase classname="sort-prop-types transforms correctly" name="sort-prop-types transforms correctly" time="0.06">
    </testcase>
    <testcase classname="sort-prop-types transforms correctly using &quot;sort-prop-types2&quot; data" name="sort-prop-types transforms correctly using &quot;sort-prop-types2&quot; data" time="0.01">
    </testcase>
  </testsuite>
  <testsuite name="undefined" errors="0" failures="0" skipped="0" timestamp="2025-04-09T19:40:01" time="0.095" tests="4">
    <testcase classname=" increments the index forward" name=" increments the index forward" time="0">
    </testcase>
    <testcase classname=" increments the index backward" name=" increments the index backward" time="0">
    </testcase>
    <testcase classname=" loops last index to first" name=" loops last index to first" time="0">
    </testcase>
    <testcase classname=" loops first index to last" name=" loops first index to last" time="0.001">
    </testcase>
  </testsuite>
  <testsuite name="SliderSkeleton" errors="0" failures="0" skipped="0" timestamp="2025-04-09T19:40:01" time="0.231" tests="5">
    <testcase classname="SliderSkeleton behaves as expected - Component API should apply the expected classes" name="SliderSkeleton behaves as expected - Component API should apply the expected classes" time="0.004">
    </testcase>
    <testcase classname="SliderSkeleton behaves as expected - Component API should pass custom class via className" name="SliderSkeleton behaves as expected - Component API should pass custom class via className" time="0.004">
    </testcase>
    <testcase classname="SliderSkeleton behaves as expected - Component API renders without label when hideLabel is true" name="SliderSkeleton behaves as expected - Component API renders without label when hideLabel is true" time="0.005">
    </testcase>
    <testcase classname="SliderSkeleton behaves as expected - Component API Accessibility labels applies default aria labels" name="SliderSkeleton behaves as expected - Component API Accessibility labels applies default aria labels" time="0.018">
    </testcase>
    <testcase classname="SliderSkeleton behaves as expected - Component API Accessibility labels allows custom aria labels" name="SliderSkeleton behaves as expected - Component API Accessibility labels allows custom aria labels" time="0.015">
    </testcase>
  </testsuite>
  <testsuite name="NumberInputSkeleton" errors="0" failures="0" skipped="0" timestamp="2025-04-09T19:40:01" time="0.155" tests="3">
    <testcase classname="NumberInputSkeleton should place className on the outermost element" name="NumberInputSkeleton should place className on the outermost element" time="0.002">
    </testcase>
    <testcase classname="NumberInputSkeleton should spread additional props on the outermost element" name="NumberInputSkeleton should spread additional props on the outermost element" time="0.001">
    </testcase>
    <testcase classname="NumberInputSkeleton should support hiding the label through `hideLabel`" name="NumberInputSkeleton should support hiding the label through `hideLabel`" time="0.001">
    </testcase>
  </testsuite>
  <testsuite name="HeaderNavigation" errors="0" failures="0" skipped="0" timestamp="2025-04-09T19:40:01" time="0.149" tests="5">
    <testcase classname="HeaderNavigation should render children that are passed to the component" name="HeaderNavigation should render children that are passed to the component" time="0.023">
    </testcase>
    <testcase classname="HeaderNavigation should add an accessibility label to the &lt;nav&gt;" name="HeaderNavigation should add an accessibility label to the &lt;nav&gt;" time="0.006">
    </testcase>
    <testcase classname="HeaderNavigation should add an accessibility label to the &lt;nav&gt; when rendered with a label" name="HeaderNavigation should add an accessibility label to the &lt;nav&gt; when rendered with a label" time="0.003">
    </testcase>
    <testcase classname="HeaderNavigation should support a custom className" name="HeaderNavigation should support a custom className" time="0.002">
    </testcase>
    <testcase classname="HeaderNavigation should pass additional props to the outermost element" name="HeaderNavigation should pass additional props to the outermost element" time="0.001">
    </testcase>
  </testsuite>
  <testsuite name="SelectItem" errors="0" failures="0" skipped="0" timestamp="2025-04-09T19:40:01" time="0.128" tests="7">
    <testcase classname="SelectItem renders as expected - Component API should spread extra props onto outermost element" name="SelectItem renders as expected - Component API should spread extra props onto outermost element" time="0.005">
    </testcase>
    <testcase classname="SelectItem renders as expected - Component API Has the expected classes" name="SelectItem renders as expected - Component API Has the expected classes" time="0">
    </testcase>
    <testcase classname="SelectItem renders as expected - Component API should support a custom `className` prop on the outermost element" name="SelectItem renders as expected - Component API should support a custom `className` prop on the outermost element" time="0.001">
    </testcase>
    <testcase classname="SelectItem renders as expected - Component API should respect disabled prop" name="SelectItem renders as expected - Component API should respect disabled prop" time="0.002">
    </testcase>
    <testcase classname="SelectItem renders as expected - Component API Should not be disabled by default" name="SelectItem renders as expected - Component API Should not be disabled by default" time="0.002">
    </testcase>
    <testcase classname="SelectItem renders as expected - Component API should respect hidden prop" name="SelectItem renders as expected - Component API should respect hidden prop" time="0.002">
    </testcase>
    <testcase classname="SelectItem renders as expected - Component API should respect value prop" name="SelectItem renders as expected - Component API should respect value prop" time="0.001">
    </testcase>
  </testsuite>
  <testsuite name="uniqueId" errors="0" failures="0" skipped="0" timestamp="2025-04-09T19:40:01" time="0.088" tests="2">
    <testcase classname="uniqueId increments unique id as expected" name="uniqueId increments unique id as expected" time="0">
    </testcase>
    <testcase classname="uniqueId accepts a custom prefix" name="uniqueId accepts a custom prefix" time="0">
    </testcase>
  </testsuite>
  <testsuite name="Portal" errors="0" failures="0" skipped="0" timestamp="2025-04-09T19:40:01" time="0.178" tests="2">
    <testcase classname="Portal should render its children in the document" name="Portal should render its children in the document" time="0.008">
    </testcase>
    <testcase classname="Portal should support rendering in a custom container" name="Portal should support rendering in a custom container" time="0.002">
    </testcase>
  </testsuite>
  <testsuite name="FormGroup" errors="0" failures="0" skipped="0" timestamp="2025-04-09T19:40:01" time="0.15" tests="6">
    <testcase classname="FormGroup should support a custom `className` prop on the outermost element" name="FormGroup should support a custom `className` prop on the outermost element" time="0.006">
    </testcase>
    <testcase classname="FormGroup should be set data-invalid when invalid prop is true" name="FormGroup should be set data-invalid when invalid prop is true" time="0.002">
    </testcase>
    <testcase classname="FormGroup should render legendText" name="FormGroup should render legendText" time="0.005">
    </testcase>
    <testcase classname="FormGroup should set the id for legend based on legendId" name="FormGroup should set the id for legend based on legendId" time="0.002">
    </testcase>
    <testcase classname="FormGroup should display messageText if message is true" name="FormGroup should display messageText if message is true" time="0.003">
    </testcase>
    <testcase classname="FormGroup should not display the messageText if message is false" name="FormGroup should not display the messageText if message is false" time="0">
    </testcase>
  </testsuite>
  <testsuite name="FluidTextInputSkeleton" errors="0" failures="0" skipped="0" timestamp="2025-04-09T19:40:01" time="0.116" tests="2">
    <testcase classname="FluidTextInputSkeleton should render with fluid classes" name="FluidTextInputSkeleton should render with fluid classes" time="0.003">
    </testcase>
    <testcase classname="FluidTextInputSkeleton should support a custom `className` prop on the outermost element" name="FluidTextInputSkeleton should support a custom `className` prop on the outermost element" time="0.001">
    </testcase>
  </testsuite>
  <testsuite name="SideNavDetails" errors="0" failures="0" skipped="0" timestamp="2025-04-09T19:40:01" time="0.123" tests="2">
    <testcase classname="SideNavDetails should support rendering a title through `title`" name="SideNavDetails should support rendering a title through `title`" time="0.005">
    </testcase>
    <testcase classname="SideNavDetails should support a custom `className` prop on the outermost element" name="SideNavDetails should support a custom `className` prop on the outermost element" time="0.002">
    </testcase>
  </testsuite>
  <testsuite name="SkeletonPlaceholder" errors="0" failures="0" skipped="0" timestamp="2025-04-09T19:40:01" time="0.13" tests="1">
    <testcase classname="SkeletonPlaceholder should pass in an extra className when one is given" name="SkeletonPlaceholder should pass in an extra className when one is given" time="0.014">
    </testcase>
  </testsuite>
  <testsuite name="usePrefix" errors="0" failures="0" skipped="0" timestamp="2025-04-09T19:40:01" time="0.14" tests="2">
    <testcase classname="usePrefix should emit the default prefix without context" name="usePrefix should emit the default prefix without context" time="0.008">
    </testcase>
    <testcase classname="usePrefix should emit the prefix in context" name="usePrefix should emit the prefix in context" time="0.003">
    </testcase>
  </testsuite>
  <testsuite name="Extension" errors="0" failures="0" skipped="0" timestamp="2025-04-09T19:40:01" time="0.119" tests="5">
    <testcase classname="Extension should load the given extensions" name="Extension should load the given extensions" time="0">
    </testcase>
    <testcase classname="Extension should support loading an extension with options" name="Extension should support loading an extension with options" time="0">
    </testcase>
    <testcase classname="Extension should load extensions listed under `before` before the extension" name="Extension should load extensions listed under `before` before the extension" time="0">
    </testcase>
    <testcase classname="Extension should not load an extension twice if it has already been loaded" name="Extension should not load an extension twice if it has already been loaded" time="0">
    </testcase>
    <testcase classname="Extension should throw if an invalid extension is provided" name="Extension should throw if an invalid extension is provided" time="0">
    </testcase>
  </testsuite>
  <testsuite name="getDisplayName" errors="0" failures="0" skipped="0" timestamp="2025-04-09T19:40:01" time="0.141" tests="3">
    <testcase classname="getDisplayName should get the name from a React element" name="getDisplayName should get the name from a React element" time="0.004">
    </testcase>
    <testcase classname="getDisplayName should get the name from a Stateless Functional Component" name="getDisplayName should get the name from a Stateless Functional Component" time="0">
    </testcase>
    <testcase classname="getDisplayName should get the displayName from a class Component" name="getDisplayName should get the displayName from a class Component" time="0.001">
    </testcase>
  </testsuite>
  <testsuite name="normalize" errors="0" failures="0" skipped="0" timestamp="2025-04-09T19:40:01" time="0.11" tests="4">
    <testcase classname="normalize should return an object with normalized fields" name="normalize should return an object with normalized fields" time="0">
    </testcase>
    <testcase classname="normalize should return an array of the row ids" name="normalize should return an array of the row ids" time="0.001">
    </testcase>
    <testcase classname="normalize should return a normalized map of rows by id" name="normalize should return a normalized map of rows by id" time="0">
    </testcase>
    <testcase classname="normalize should return a normalized map of cells by id" name="normalize should return a normalized map of cells by id" time="0">
    </testcase>
  </testsuite>
  <testsuite name="sortRow" errors="0" failures="0" skipped="0" timestamp="2025-04-09T19:40:01" time="0.114" tests="5">
    <testcase classname="sortRow should sort data in ascending order" name="sortRow should sort data in ascending order" time="0.008">
    </testcase>
    <testcase classname="sortRow should sort data in descending order" name="sortRow should sort data in descending order" time="0">
    </testcase>
    <testcase classname="sortRow should return unsorted data if cells not found" name="sortRow should return unsorted data if cells not found" time="0">
    </testcase>
    <testcase classname="defaultSortRow should sort data in ascending order" name="defaultSortRow should sort data in ascending order" time="0.001">
    </testcase>
    <testcase classname="defaultSortRow should sort data in descending order" name="defaultSortRow should sort data in descending order" time="0">
    </testcase>
  </testsuite>
  <testsuite name="Form - RTL" errors="0" failures="0" skipped="0" timestamp="2025-04-09T19:40:02" time="0.119" tests="2">
    <testcase classname="Form - RTL should support a custom `className` prop on the outermost element" name="Form - RTL should support a custom `className` prop on the outermost element" time="0.004">
    </testcase>
    <testcase classname="Form - RTL should spread extra props on the outermost element" name="Form - RTL should spread extra props on the outermost element" time="0.001">
    </testcase>
  </testsuite>
  <testsuite name="fontFamily" errors="0" failures="0" skipped="0" timestamp="2025-04-09T19:40:02" time="0.12" tests="4">
    <testcase classname="fontFamily should export the supported font families" name="fontFamily should export the supported font families" time="0.001">
    </testcase>
    <testcase classname="fontFamily should support getting the quoted string for a font family" name="fontFamily should support getting the quoted string for a font family" time="0.002">
    </testcase>
    <testcase classname="fontFamily should error out if trying to get a font that does not exist" name="fontFamily should error out if trying to get a font that does not exist" time="0.003">
    </testcase>
    <testcase classname="fontFamily should be printable" name="fontFamily should be printable" time="0.001">
    </testcase>
  </testsuite>
  <testsuite name="usePrefix" errors="0" failures="0" skipped="0" timestamp="2025-04-09T19:40:02" time="0.117" tests="2">
    <testcase classname="usePrefix should emit the default prefix without context" name="usePrefix should emit the default prefix without context" time="0.002">
    </testcase>
    <testcase classname="usePrefix should emit the prefix in context" name="usePrefix should emit the prefix in context" time="0.001">
    </testcase>
  </testsuite>
  <testsuite name="small-to-size-prop" errors="0" failures="0" skipped="0" timestamp="2025-04-09T19:40:01" time="0.177" tests="1">
    <testcase classname="small-to-size-prop transforms correctly" name="small-to-size-prop transforms correctly" time="0.048">
    </testcase>
  </testsuite>
  <testsuite name="getDerivedStateFromProps" errors="0" failures="0" skipped="0" timestamp="2025-04-09T19:40:02" time="0.142" tests="5">
    <testcase classname="getDerivedStateFromProps uses prevState if available" name="getDerivedStateFromProps uses prevState if available" time="0.002">
    </testcase>
    <testcase classname="getDerivedStateFromProps has default values if prevState is not available" name="getDerivedStateFromProps has default values if prevState is not available" time="0">
    </testcase>
    <testcase classname="getDerivedStateFromProps with previous state should preserve the previous sort state" name="getDerivedStateFromProps with previous state should preserve the previous sort state" time="0.008">
    </testcase>
    <testcase classname="getDerivedStateFromProps with previous state should preserve the previous filter state" name="getDerivedStateFromProps with previous state should preserve the previous filter state" time="0.001">
    </testcase>
    <testcase classname="getDerivedStateFromProps with previous state should preserve the previous batch action state" name="getDerivedStateFromProps with previous state should preserve the previous batch action state" time="0.002">
    </testcase>
  </testsuite>
  <testsuite name="mergeRefs" errors="0" failures="0" skipped="0" timestamp="2025-04-09T19:40:02" time="0.104" tests="2">
    <testcase classname="mergeRefs supports forwardRef as well as ref callback" name="mergeRefs supports forwardRef as well as ref callback" time="0.001">
    </testcase>
    <testcase classname="mergeRefs skips empty ref" name="mergeRefs skips empty ref" time="0">
    </testcase>
  </testsuite>
  <testsuite name="deprecate" errors="0" failures="0" skipped="0" timestamp="2025-04-09T19:40:02" time="0.099" tests="2">
    <testcase classname="deprecate should call warning and prop type checker if the prop type is called" name="deprecate should call warning and prop type checker if the prop type is called" time="0.001">
    </testcase>
    <testcase classname="deprecate should not call warning more than once for a component and prop name" name="deprecate should not call warning more than once for a component and prop name" time="0.003">
    </testcase>
  </testsuite>
  <testsuite name="toString" errors="0" failures="0" skipped="0" timestamp="2025-04-09T19:40:02" time="0.122" tests="1">
    <testcase classname="toString should convert a given descriptor to a string" name="toString should convert a given descriptor to a string" time="0.004">
    </testcase>
  </testsuite>
  <testsuite name="@carbon/icons-react" errors="0" failures="2" skipped="0" timestamp="2025-04-09T19:39:51" time="10.771" tests="2">
    <testcase classname="@carbon/icons-react should export each SVG asset" name="@carbon/icons-react should export each SVG asset" time="0.023">
      <failure>Error: Cannot find module &apos;@carbon/icons-react&apos; from &apos;e2e/icons-react/components-test.js&apos;
    at Resolver._throwModNotFoundError (/Users/chrisvelgersdyk/Desktop/carbon-coverall/carbon-coverall-poc/node_modules/jest-resolve/build/resolver.js:491:11)
    at Resolver.resolveModule (/Users/chrisvelgersdyk/Desktop/carbon-coverall/carbon-coverall-poc/node_modules/jest-resolve/build/resolver.js:413:10)
    at Resolver._getVirtualMockPath (/Users/chrisvelgersdyk/Desktop/carbon-coverall/carbon-coverall-poc/node_modules/jest-resolve/build/resolver.js:733:14)
    at Resolver._getAbsolutePath (/Users/chrisvelgersdyk/Desktop/carbon-coverall/carbon-coverall-poc/node_modules/jest-resolve/build/resolver.js:690:14)
    at Resolver.getModuleID (/Users/chrisvelgersdyk/Desktop/carbon-coverall/carbon-coverall-poc/node_modules/jest-resolve/build/resolver.js:617:31)
    at Runtime._shouldMockCjs (/Users/chrisvelgersdyk/Desktop/carbon-coverall/carbon-coverall-poc/node_modules/jest-runtime/build/index.js:1962:37)
    at Runtime.requireModuleOrMock (/Users/chrisvelgersdyk/Desktop/carbon-coverall/carbon-coverall-poc/node_modules/jest-runtime/build/index.js:1241:14)
    at Object.require (/Users/chrisvelgersdyk/Desktop/carbon-coverall/carbon-coverall-poc/e2e/icons-react/components-test.js:48:38)
    at Promise.then.completed (/Users/chrisvelgersdyk/Desktop/carbon-coverall/carbon-coverall-poc/node_modules/jest-circus/build/utils.js:333:28)
    at new Promise (&lt;anonymous&gt;)
    at callAsyncCircusFn (/Users/chrisvelgersdyk/Desktop/carbon-coverall/carbon-coverall-poc/node_modules/jest-circus/build/utils.js:259:10)
    at _callCircusTest (/Users/chrisvelgersdyk/Desktop/carbon-coverall/carbon-coverall-poc/node_modules/jest-circus/build/run.js:276:40)
    at _runTest (/Users/chrisvelgersdyk/Desktop/carbon-coverall/carbon-coverall-poc/node_modules/jest-circus/build/run.js:208:3)
    at _runTestsForDescribeBlock (/Users/chrisvelgersdyk/Desktop/carbon-coverall/carbon-coverall-poc/node_modules/jest-circus/build/run.js:96:9)
    at _runTestsForDescribeBlock (/Users/chrisvelgersdyk/Desktop/carbon-coverall/carbon-coverall-poc/node_modules/jest-circus/build/run.js:90:9)
    at run (/Users/chrisvelgersdyk/Desktop/carbon-coverall/carbon-coverall-poc/node_modules/jest-circus/build/run.js:31:3)
    at runAndTransformResultsToJestFormat (/Users/chrisvelgersdyk/Desktop/carbon-coverall/carbon-coverall-poc/node_modules/jest-circus/build/legacy-code-todo-rewrite/jestAdapterInit.js:135:21)
    at jestAdapter (/Users/chrisvelgersdyk/Desktop/carbon-coverall/carbon-coverall-poc/node_modules/jest-circus/build/legacy-code-todo-rewrite/jestAdapter.js:92:19)
    at runTestInternal (/Users/chrisvelgersdyk/Desktop/carbon-coverall/carbon-coverall-poc/node_modules/jest-runner/build/runTest.js:411:16)
    at runTest (/Users/chrisvelgersdyk/Desktop/carbon-coverall/carbon-coverall-poc/node_modules/jest-runner/build/runTest.js:499:34)
    at Object.worker (/Users/chrisvelgersdyk/Desktop/carbon-coverall/carbon-coverall-poc/node_modules/jest-runner/build/testWorker.js:133:12)</failure>
    </testcase>
    <testcase classname="@carbon/icons-react should export each SVG asset as a direct path" name="@carbon/icons-react should export each SVG asset as a direct path" time="0.017">
      <failure>Error: expect(received).not.toThrow()

Error name:    &quot;Error&quot;
Error message: &quot;Cannot find module &apos;/Users/chrisvelgersdyk/Desktop/carbon-coverall/carbon-coverall-poc/packages/icons-react/lib/watson-health/3DCursor.js&apos; from &apos;e2e/icons-react/components-test.js&apos;&quot;

      61 |
      62 |       expect(() =&gt; {
    &gt; 63 |         require(commonjs);
         |         ^
      64 |       }).not.toThrow();
      65 |       await expect(import(esm)).resolves.toBeDefined();
      66 |     }

      at Resolver._throwModNotFoundError (node_modules/jest-resolve/build/resolver.js:491:11)
      at require (e2e/icons-react/components-test.js:63:9)
      at Object.&lt;anonymous&gt; (node_modules/expect/build/toThrowMatchers.js:83:11)
      at Object.throwingMatcher [as toThrow] (node_modules/expect/build/index.js:342:21)
      at Object.toThrow (e2e/icons-react/components-test.js:64:14)
    at Object.toThrow (/Users/chrisvelgersdyk/Desktop/carbon-coverall/carbon-coverall-poc/e2e/icons-react/components-test.js:64:14)
    at Promise.then.completed (/Users/chrisvelgersdyk/Desktop/carbon-coverall/carbon-coverall-poc/node_modules/jest-circus/build/utils.js:333:28)
    at new Promise (&lt;anonymous&gt;)
    at callAsyncCircusFn (/Users/chrisvelgersdyk/Desktop/carbon-coverall/carbon-coverall-poc/node_modules/jest-circus/build/utils.js:259:10)
    at _callCircusTest (/Users/chrisvelgersdyk/Desktop/carbon-coverall/carbon-coverall-poc/node_modules/jest-circus/build/run.js:276:40)
    at _runTest (/Users/chrisvelgersdyk/Desktop/carbon-coverall/carbon-coverall-poc/node_modules/jest-circus/build/run.js:208:3)
    at _runTestsForDescribeBlock (/Users/chrisvelgersdyk/Desktop/carbon-coverall/carbon-coverall-poc/node_modules/jest-circus/build/run.js:96:9)
    at _runTestsForDescribeBlock (/Users/chrisvelgersdyk/Desktop/carbon-coverall/carbon-coverall-poc/node_modules/jest-circus/build/run.js:90:9)
    at run (/Users/chrisvelgersdyk/Desktop/carbon-coverall/carbon-coverall-poc/node_modules/jest-circus/build/run.js:31:3)
    at runAndTransformResultsToJestFormat (/Users/chrisvelgersdyk/Desktop/carbon-coverall/carbon-coverall-poc/node_modules/jest-circus/build/legacy-code-todo-rewrite/jestAdapterInit.js:135:21)</failure>
    </testcase>
  </testsuite>
  <testsuite name="cells tools" errors="0" failures="0" skipped="0" timestamp="2025-04-09T19:40:02" time="0.124" tests="1">
    <testcase classname="cells tools getCellId should return a string for the given rowId and header" name="cells tools getCellId should return a string for the given rowId and header" time="0">
    </testcase>
  </testsuite>
  <testsuite name="getAttributes" errors="0" failures="0" skipped="0" timestamp="2025-04-09T19:40:02" time="0.118" tests="11">
    <testcase classname="getAttributes should default `aria-hidden=&quot;true&quot;` and `focusable=&quot;false&quot;` for SVGs" name="getAttributes should default `aria-hidden=&quot;true&quot;` and `focusable=&quot;false&quot;` for SVGs" time="0.001">
    </testcase>
    <testcase classname="getAttributes should set `focusable=&quot;false&quot;` when using only tabindex" name="getAttributes should set `focusable=&quot;false&quot;` when using only tabindex" time="0.001">
    </testcase>
    <testcase classname="getAttributes should set `focusable=&quot;true&quot;` when using aria-label and tabindex" name="getAttributes should set `focusable=&quot;true&quot;` when using aria-label and tabindex" time="0">
    </testcase>
    <testcase classname="getAttributes should set `focusable=&quot;false&quot;` when using only aria-label" name="getAttributes should set `focusable=&quot;false&quot;` when using only aria-label" time="0">
    </testcase>
    <testcase classname="getAttributes should set `focusable=&quot;true&quot;` when using aria-labelledby and tabindex" name="getAttributes should set `focusable=&quot;true&quot;` when using aria-labelledby and tabindex" time="0">
    </testcase>
    <testcase classname="getAttributes should set `focusable=&quot;false&quot;` when using only aria-labelledby" name="getAttributes should set `focusable=&quot;false&quot;` when using only aria-labelledby" time="0">
    </testcase>
    <testcase classname="getAttributes should set `focusable=&quot;true&quot;` when using title and tabindex" name="getAttributes should set `focusable=&quot;true&quot;` when using title and tabindex" time="0">
    </testcase>
    <testcase classname="getAttributes should set `focusable=&quot;false&quot;` when using only title" name="getAttributes should set `focusable=&quot;false&quot;` when using only title" time="0">
    </testcase>
    <testcase classname="getAttributes should set role and remove aria-hidden if `aria-label` is set" name="getAttributes should set role and remove aria-hidden if `aria-label` is set" time="0.001">
    </testcase>
    <testcase classname="getAttributes should set role and remove aria-hidden if `aria-labelledby` is set" name="getAttributes should set role and remove aria-hidden if `aria-labelledby` is set" time="0">
    </testcase>
    <testcase classname="getAttributes should set role and remove aria-hidden if `title` is set" name="getAttributes should set role and remove aria-hidden if `title` is set" time="0.001">
    </testcase>
  </testsuite>
  <testsuite name="@carbon/layout tokens" errors="0" failures="0" skipped="0" timestamp="2025-04-09T19:40:02" time="0.156" tests="37">
    <testcase classname="@carbon/layout tokens spacing01 should be exported" name="@carbon/layout tokens spacing01 should be exported" time="0.005">
    </testcase>
    <testcase classname="@carbon/layout tokens spacing02 should be exported" name="@carbon/layout tokens spacing02 should be exported" time="0">
    </testcase>
    <testcase classname="@carbon/layout tokens spacing03 should be exported" name="@carbon/layout tokens spacing03 should be exported" time="0">
    </testcase>
    <testcase classname="@carbon/layout tokens spacing04 should be exported" name="@carbon/layout tokens spacing04 should be exported" time="0">
    </testcase>
    <testcase classname="@carbon/layout tokens spacing05 should be exported" name="@carbon/layout tokens spacing05 should be exported" time="0">
    </testcase>
    <testcase classname="@carbon/layout tokens spacing06 should be exported" name="@carbon/layout tokens spacing06 should be exported" time="0.001">
    </testcase>
    <testcase classname="@carbon/layout tokens spacing07 should be exported" name="@carbon/layout tokens spacing07 should be exported" time="0">
    </testcase>
    <testcase classname="@carbon/layout tokens spacing08 should be exported" name="@carbon/layout tokens spacing08 should be exported" time="0">
    </testcase>
    <testcase classname="@carbon/layout tokens spacing09 should be exported" name="@carbon/layout tokens spacing09 should be exported" time="0">
    </testcase>
    <testcase classname="@carbon/layout tokens spacing10 should be exported" name="@carbon/layout tokens spacing10 should be exported" time="0">
    </testcase>
    <testcase classname="@carbon/layout tokens spacing11 should be exported" name="@carbon/layout tokens spacing11 should be exported" time="0">
    </testcase>
    <testcase classname="@carbon/layout tokens spacing12 should be exported" name="@carbon/layout tokens spacing12 should be exported" time="0">
    </testcase>
    <testcase classname="@carbon/layout tokens spacing13 should be exported" name="@carbon/layout tokens spacing13 should be exported" time="0">
    </testcase>
    <testcase classname="@carbon/layout tokens fluidSpacing01 should be exported" name="@carbon/layout tokens fluidSpacing01 should be exported" time="0">
    </testcase>
    <testcase classname="@carbon/layout tokens fluidSpacing02 should be exported" name="@carbon/layout tokens fluidSpacing02 should be exported" time="0">
    </testcase>
    <testcase classname="@carbon/layout tokens fluidSpacing03 should be exported" name="@carbon/layout tokens fluidSpacing03 should be exported" time="0">
    </testcase>
    <testcase classname="@carbon/layout tokens fluidSpacing04 should be exported" name="@carbon/layout tokens fluidSpacing04 should be exported" time="0">
    </testcase>
    <testcase classname="@carbon/layout tokens container01 should be exported" name="@carbon/layout tokens container01 should be exported" time="0.001">
    </testcase>
    <testcase classname="@carbon/layout tokens container02 should be exported" name="@carbon/layout tokens container02 should be exported" time="0">
    </testcase>
    <testcase classname="@carbon/layout tokens container03 should be exported" name="@carbon/layout tokens container03 should be exported" time="0">
    </testcase>
    <testcase classname="@carbon/layout tokens container04 should be exported" name="@carbon/layout tokens container04 should be exported" time="0">
    </testcase>
    <testcase classname="@carbon/layout tokens container05 should be exported" name="@carbon/layout tokens container05 should be exported" time="0">
    </testcase>
    <testcase classname="@carbon/layout tokens sizeXSmall should be exported" name="@carbon/layout tokens sizeXSmall should be exported" time="0">
    </testcase>
    <testcase classname="@carbon/layout tokens sizeSmall should be exported" name="@carbon/layout tokens sizeSmall should be exported" time="0">
    </testcase>
    <testcase classname="@carbon/layout tokens sizeMedium should be exported" name="@carbon/layout tokens sizeMedium should be exported" time="0">
    </testcase>
    <testcase classname="@carbon/layout tokens sizeLarge should be exported" name="@carbon/layout tokens sizeLarge should be exported" time="0">
    </testcase>
    <testcase classname="@carbon/layout tokens sizeXLarge should be exported" name="@carbon/layout tokens sizeXLarge should be exported" time="0">
    </testcase>
    <testcase classname="@carbon/layout tokens size2XLarge should be exported" name="@carbon/layout tokens size2XLarge should be exported" time="0">
    </testcase>
    <testcase classname="@carbon/layout tokens iconSize01 should be exported" name="@carbon/layout tokens iconSize01 should be exported" time="0">
    </testcase>
    <testcase classname="@carbon/layout tokens iconSize02 should be exported" name="@carbon/layout tokens iconSize02 should be exported" time="0">
    </testcase>
    <testcase classname="@carbon/layout tokens layout01 should be exported" name="@carbon/layout tokens layout01 should be exported" time="0">
    </testcase>
    <testcase classname="@carbon/layout tokens layout02 should be exported" name="@carbon/layout tokens layout02 should be exported" time="0.003">
    </testcase>
    <testcase classname="@carbon/layout tokens layout03 should be exported" name="@carbon/layout tokens layout03 should be exported" time="0">
    </testcase>
    <testcase classname="@carbon/layout tokens layout04 should be exported" name="@carbon/layout tokens layout04 should be exported" time="0">
    </testcase>
    <testcase classname="@carbon/layout tokens layout05 should be exported" name="@carbon/layout tokens layout05 should be exported" time="0">
    </testcase>
    <testcase classname="@carbon/layout tokens layout06 should be exported" name="@carbon/layout tokens layout06 should be exported" time="0.001">
    </testcase>
    <testcase classname="@carbon/layout tokens layout07 should be exported" name="@carbon/layout tokens layout07 should be exported" time="0">
    </testcase>
  </testsuite>
  <testsuite name="SelectItemGroup" errors="0" failures="0" skipped="0" timestamp="2025-04-09T19:40:02" time="0.16" tests="7">
    <testcase classname="SelectItemGroup renders as expected - Component API should spread extra props onto outermost element" name="SelectItemGroup renders as expected - Component API should spread extra props onto outermost element" time="0.005">
    </testcase>
    <testcase classname="SelectItemGroup renders as expected - Component API should render children as expected" name="SelectItemGroup renders as expected - Component API should render children as expected" time="0.001">
    </testcase>
    <testcase classname="SelectItemGroup renders as expected - Component API should have the expected classes" name="SelectItemGroup renders as expected - Component API should have the expected classes" time="0.001">
    </testcase>
    <testcase classname="SelectItemGroup renders as expected - Component API should support a custom `className` prop on the outermost element" name="SelectItemGroup renders as expected - Component API should support a custom `className` prop on the outermost element" time="0.001">
    </testcase>
    <testcase classname="SelectItemGroup renders as expected - Component API Should not be disabled by default" name="SelectItemGroup renders as expected - Component API Should not be disabled by default" time="0">
    </testcase>
    <testcase classname="SelectItemGroup renders as expected - Component API should set disabled as expected" name="SelectItemGroup renders as expected - Component API should set disabled as expected" time="0.001">
    </testcase>
    <testcase classname="SelectItemGroup renders as expected - Component API should respect label prop" name="SelectItemGroup renders as expected - Component API should respect label prop" time="0.001">
    </testcase>
  </testsuite>
  <testsuite name="useMatchMedia" errors="0" failures="0" skipped="0" timestamp="2025-04-09T19:40:02" time="0.161" tests="3">
    <testcase classname="useMatchMedia should return true if mediaQueryList matches" name="useMatchMedia should return true if mediaQueryList matches" time="0.002">
    </testcase>
    <testcase classname="useMatchMedia should keep state in sync when mediaQueryString is changed" name="useMatchMedia should keep state in sync when mediaQueryString is changed" time="0.001">
    </testcase>
    <testcase classname="useMatchMedia should update the match value if the query no longer applies" name="useMatchMedia should update the match value if the query no longer applies" time="0.001">
    </testcase>
  </testsuite>
  <testsuite name="scale" errors="0" failures="0" skipped="0" timestamp="2025-04-09T19:40:02" time="0.121" tests="3">
    <testcase classname="scale should export the type scale" name="scale should export the type scale" time="0">
    </testcase>
    <testcase classname="scale getTypeSize should return the base font for steps &lt;= 1" name="scale getTypeSize should return the base font for steps &lt;= 1" time="0.001">
    </testcase>
    <testcase classname="scale getTypeSize should support steps greater than 1" name="scale getTypeSize should support steps greater than 1" time="0">
    </testcase>
  </testsuite>
  <testsuite name="undefined" errors="0" failures="0" skipped="0" timestamp="2025-04-09T19:40:02" time="0.14" tests="7">
    <testcase classname=" without size" name=" without size" time="0.002">
    </testcase>
    <testcase classname=" with size" name=" with size" time="0.003">
    </testcase>
    <testcase classname=" with namespace" name=" with namespace" time="0.002">
    </testcase>
    <testcase classname=" with kebab-case" name=" with kebab-case" time="0">
    </testcase>
    <testcase classname=" with variant" name=" with variant" time="0">
    </testcase>
    <testcase classname=" with invalid identifier as first character" name=" with invalid identifier as first character" time="0">
    </testcase>
    <testcase classname=" with glyph" name=" with glyph" time="0">
    </testcase>
  </testsuite>
  <testsuite name="defaultSortItems" errors="0" failures="0" skipped="0" timestamp="2025-04-09T19:40:02" time="0.134" tests="8">
    <testcase classname="defaultSortItems should sort un-selected options alphabetically" name="defaultSortItems should sort un-selected options alphabetically" time="0.007">
    </testcase>
    <testcase classname="defaultSortItems should sort un-selected numbers in increasing order" name="defaultSortItems should sort un-selected numbers in increasing order" time="0">
    </testcase>
    <testcase classname="defaultSortItems should sort un-selected alpha-numeric sequences with increasing order" name="defaultSortItems should sort un-selected alpha-numeric sequences with increasing order" time="0">
    </testcase>
    <testcase classname="defaultSortItems should order a selected item before all other options" name="defaultSortItems should order a selected item before all other options" time="0.001">
    </testcase>
    <testcase classname="defaultSortItems should sort selected items and order them before all other options" name="defaultSortItems should sort selected items and order them before all other options" time="0">
    </testcase>
    <testcase classname="defaultCompareItems should return a negative number if the first string comes before the second" name="defaultCompareItems should return a negative number if the first string comes before the second" time="0">
    </testcase>
    <testcase classname="defaultCompareItems should return a positive number if the first string comes after the second" name="defaultCompareItems should return a positive number if the first string comes after the second" time="0">
    </testcase>
    <testcase classname="defaultCompareItems should return 0 if both strings are equal" name="defaultCompareItems should return 0 if both strings are equal" time="0">
    </testcase>
  </testsuite>
  <testsuite name="TabsSkeleton" errors="0" failures="0" skipped="0" timestamp="2025-04-09T19:40:02" time="0.145" tests="2">
    <testcase classname="TabsSkeleton should support a custom `className` prop on the outermost element" name="TabsSkeleton should support a custom `className` prop on the outermost element" time="0.017">
    </testcase>
    <testcase classname="TabsSkeleton should spread additional props on the outermost element" name="TabsSkeleton should spread additional props on the outermost element" time="0.003">
    </testcase>
  </testsuite>
  <testsuite name="fontWeight" errors="0" failures="0" skipped="0" timestamp="2025-04-09T19:40:02" time="0.137" tests="4">
    <testcase classname="fontWeight should export the supported font weights" name="fontWeight should export the supported font weights" time="0.001">
    </testcase>
    <testcase classname="fontWeight should support getting the quoted string for a font weight" name="fontWeight should support getting the quoted string for a font weight" time="0">
    </testcase>
    <testcase classname="fontWeight should error out if trying to get a font weight that does not exist" name="fontWeight should error out if trying to get a font weight that does not exist" time="0.004">
    </testcase>
    <testcase classname="fontWeight should be printable" name="fontWeight should be printable" time="0.001">
    </testcase>
  </testsuite>
</testsuites>